The following modules were not unloaded:
  (Use "module --force purge" to unload all):

  1) CCconfig        6)  ucx/1.14.1         11) flexiblas/3.3.1
  2) gentoo/2023     7)  libfabric/1.18.0   12) imkl/2023.2.0
  3) gcccore/.12.3   8)  pmix/4.2.4         13) StdEnv/2023
  4) gcc/12.3        9)  ucc/1.2.0
  5) hwloc/2.9.1     10) openmpi/4.1.5
/project/6070520/tkleinkn/Vanilla-GAM/main_cifar.py:187: UserWarning: You have chosen a specific GPU. This will completely disable data parallelism.
  warnings.warn('You have chosen a specific GPU. This will completely '
model name space ['resnet101_c', 'resnet152_c', 'resnet18_c', 'resnet34_c', 'resnet50_c']
Use GPU: 0 for training
=> creating model 'resnet18_c'
Files already downloaded and verified
Files already downloaded and verified
tensorboard dir ./results/CIFAR100/GAMNonAccelerated
Using non-accelerated GAM
/home/tkleinkn/GAMtest/lib/python3.11/site-packages/torch/autograd/graph.py:744: UserWarning: Using backward() with create_graph=True will create a reference cycle between the parameter and its gradient which can cause a memory leak. We recommend using autograd.grad when creating the graph to avoid this. If you have to use this function, make sure to reset the .grad fields of your parameters to None after use to break the cycle and avoid the leak. (Triggered internally at /home/coulombc/wheels_builder/tmp.2617/python-3.11/torch/torch/csrc/autograd/engine.cpp:1203.)
  return Variable._execution_engine.run_backward(  # Calls into the C++ engine to run the backward pass
Batch 100, Loss: 3.6598
Batch 200, Loss: 3.3092
Batch 300, Loss: 3.2066
Epoch 1 learning rate: 0.09999383162408304
Epoch 1 time: 245.462473154068 seconds
Epoch 1 accuracy: 13.42%
Batch 100, Loss: 3.0094
Batch 200, Loss: 2.9054
Batch 300, Loss: 2.8131
Epoch 2 learning rate: 0.09997532801828658
Epoch 2 time: 236.35422372817993 seconds
Epoch 2 accuracy: 21.01%
Batch 100, Loss: 2.6373
Batch 200, Loss: 2.5844
Batch 300, Loss: 2.4943
Epoch 3 learning rate: 0.09994449374809851
Epoch 3 time: 236.7227005958557 seconds
Epoch 3 accuracy: 29.9%
Batch 100, Loss: 2.3296
Batch 200, Loss: 2.2480
Batch 300, Loss: 2.1641
Epoch 4 learning rate: 0.09990133642141359
Epoch 4 time: 236.31075882911682 seconds
Epoch 4 accuracy: 36.17%
Batch 100, Loss: 2.0255
Batch 200, Loss: 1.9723
Batch 300, Loss: 1.9533
Epoch 5 learning rate: 0.09984586668665642
Epoch 5 time: 236.16114354133606 seconds
Epoch 5 accuracy: 40.71%
Batch 100, Loss: 1.8132
Batch 200, Loss: 1.7868
Batch 300, Loss: 1.7493
Epoch 6 learning rate: 0.09977809823015402
Epoch 6 time: 236.04882788658142 seconds
Epoch 6 accuracy: 45.64%
Batch 100, Loss: 1.6391
Batch 200, Loss: 1.6385
Batch 300, Loss: 1.6252
Epoch 7 learning rate: 0.09969804777275901
Epoch 7 time: 235.91991257667542 seconds
Epoch 7 accuracy: 49.32%
Batch 100, Loss: 1.5309
Batch 200, Loss: 1.5370
Batch 300, Loss: 1.5111
Epoch 8 learning rate: 0.09960573506572391
Epoch 8 time: 236.11210298538208 seconds
Epoch 8 accuracy: 50.73%
Batch 100, Loss: 1.4566
Batch 200, Loss: 1.4656
Batch 300, Loss: 1.4580
Epoch 9 learning rate: 0.09950118288582789
Epoch 9 time: 235.97740054130554 seconds
Epoch 9 accuracy: 52.96%
Batch 100, Loss: 1.3889
Batch 200, Loss: 1.3917
Batch 300, Loss: 1.4124
Epoch 10 learning rate: 0.09938441702975691
Epoch 10 time: 235.9993851184845 seconds
Epoch 10 accuracy: 55.16%
Batch 100, Loss: 1.3143
Batch 200, Loss: 1.3575
Batch 300, Loss: 1.3706
Epoch 11 learning rate: 0.09925546630773871
Epoch 11 time: 236.08873224258423 seconds
Epoch 11 accuracy: 54.71%
Batch 100, Loss: 1.2814
Batch 200, Loss: 1.3188
Batch 300, Loss: 1.3005
Epoch 12 learning rate: 0.09911436253643445
Epoch 12 time: 236.16673040390015 seconds
Epoch 12 accuracy: 54.5%
Batch 100, Loss: 1.2613
Batch 200, Loss: 1.2634
Batch 300, Loss: 1.2683
Epoch 13 learning rate: 0.0989611405310883
Epoch 13 time: 235.95202493667603 seconds
Epoch 13 accuracy: 53.46%
Batch 100, Loss: 1.2093
Batch 200, Loss: 1.2544
Batch 300, Loss: 1.2580
Epoch 14 learning rate: 0.09879583809693739
Epoch 14 time: 236.25183725357056 seconds
Epoch 14 accuracy: 54.5%
Batch 100, Loss: 1.1896
Batch 200, Loss: 1.1971
Batch 300, Loss: 1.2329
Epoch 15 learning rate: 0.09861849601988384
Epoch 15 time: 236.0387589931488 seconds
Epoch 15 accuracy: 57.14%
Batch 100, Loss: 1.1540
Batch 200, Loss: 1.1885
Batch 300, Loss: 1.2137
Epoch 16 learning rate: 0.09842915805643157
Epoch 16 time: 235.89871215820312 seconds
Epoch 16 accuracy: 57.32%
Batch 100, Loss: 1.1224
Batch 200, Loss: 1.1679
Batch 300, Loss: 1.1877
Epoch 17 learning rate: 0.09822787092288993
Epoch 17 time: 236.11220335960388 seconds
Epoch 17 accuracy: 57.31%
Batch 100, Loss: 1.1279
Batch 200, Loss: 1.1559
Batch 300, Loss: 1.1642
Epoch 18 learning rate: 0.09801468428384717
Epoch 18 time: 236.2064254283905 seconds
Epoch 18 accuracy: 56.93%
Batch 100, Loss: 1.1069
Batch 200, Loss: 1.1170
Batch 300, Loss: 1.1511
Epoch 19 learning rate: 0.09778965073991652
Epoch 19 time: 236.1321656703949 seconds
Epoch 19 accuracy: 56.38%
Batch 100, Loss: 1.0658
Batch 200, Loss: 1.1070
Batch 300, Loss: 1.1178
Epoch 20 learning rate: 0.0975528258147577
Epoch 20 time: 236.17688512802124 seconds
Epoch 20 accuracy: 56.02%
Batch 100, Loss: 1.0784
Batch 200, Loss: 1.0923
Batch 300, Loss: 1.1327
Epoch 21 learning rate: 0.09730426794137728
Epoch 21 time: 236.08913397789001 seconds
Epoch 21 accuracy: 56.37%
Batch 100, Loss: 1.0550
Batch 200, Loss: 1.0705
Batch 300, Loss: 1.1079
Epoch 22 learning rate: 0.09704403844771128
Epoch 22 time: 236.16314792633057 seconds
Epoch 22 accuracy: 58.82%
Batch 100, Loss: 1.0427
Batch 200, Loss: 1.0656
Batch 300, Loss: 1.1033
Epoch 23 learning rate: 0.09677220154149338
Epoch 23 time: 236.22499012947083 seconds
Epoch 23 accuracy: 59.91%
Batch 100, Loss: 1.0248
Batch 200, Loss: 1.0664
Batch 300, Loss: 1.1061
Epoch 24 learning rate: 0.09648882429441258
Epoch 24 time: 236.0472767353058 seconds
Epoch 24 accuracy: 60.16%
Batch 100, Loss: 1.0068
Batch 200, Loss: 1.0419
Batch 300, Loss: 1.0787
Epoch 25 learning rate: 0.09619397662556435
Epoch 25 time: 236.09849977493286 seconds
Epoch 25 accuracy: 61.93%
Batch 100, Loss: 0.9896
Batch 200, Loss: 1.0273
Batch 300, Loss: 1.0559
Epoch 26 learning rate: 0.09588773128419906
Epoch 26 time: 236.18997502326965 seconds
Epoch 26 accuracy: 58.74%
Batch 100, Loss: 1.0136
Batch 200, Loss: 1.0165
Batch 300, Loss: 1.0418
Epoch 27 learning rate: 0.09557016383177226
Epoch 27 time: 236.05288696289062 seconds
Epoch 27 accuracy: 59.51%
Batch 100, Loss: 0.9811
Batch 200, Loss: 1.0219
Batch 300, Loss: 1.0476
Epoch 28 learning rate: 0.09524135262330098
Epoch 28 time: 236.21055912971497 seconds
Epoch 28 accuracy: 60.53%
Batch 100, Loss: 0.9666
Batch 200, Loss: 1.0213
Batch 300, Loss: 1.0201
Epoch 29 learning rate: 0.09490137878803079
Epoch 29 time: 236.05997323989868 seconds
Epoch 29 accuracy: 60.11%
Batch 100, Loss: 0.9774
Batch 200, Loss: 1.0131
Batch 300, Loss: 1.0279
Epoch 30 learning rate: 0.0945503262094184
Epoch 30 time: 236.23081851005554 seconds
Epoch 30 accuracy: 60.22%
Batch 100, Loss: 0.9447
Batch 200, Loss: 1.0007
Batch 300, Loss: 1.0148
Epoch 31 learning rate: 0.0941882815044347
Epoch 31 time: 236.15143823623657 seconds
Epoch 31 accuracy: 62.85%
Batch 100, Loss: 0.9504
Batch 200, Loss: 0.9923
Batch 300, Loss: 1.0020
Epoch 32 learning rate: 0.09381533400219319
Epoch 32 time: 236.1376280784607 seconds
Epoch 32 accuracy: 61.68%
Batch 100, Loss: 0.9304
Batch 200, Loss: 0.9944
Batch 300, Loss: 1.0076
Epoch 33 learning rate: 0.09343157572190958
Epoch 33 time: 236.07274293899536 seconds
Epoch 33 accuracy: 61.11%
Batch 100, Loss: 0.9405
Batch 200, Loss: 0.9890
Batch 300, Loss: 0.9898
Epoch 34 learning rate: 0.0930371013501972
Epoch 34 time: 235.97542595863342 seconds
Epoch 34 accuracy: 62.5%
Batch 100, Loss: 0.9175
Batch 200, Loss: 0.9645
Batch 300, Loss: 0.9886
Epoch 35 learning rate: 0.09263200821770463
Epoch 35 time: 236.03443336486816 seconds
Epoch 35 accuracy: 61.42%
Batch 100, Loss: 0.9089
Batch 200, Loss: 0.9513
Batch 300, Loss: 0.9818
Epoch 36 learning rate: 0.09221639627510078
Epoch 36 time: 236.10034728050232 seconds
Epoch 36 accuracy: 60.45%
Batch 100, Loss: 0.9068
Batch 200, Loss: 0.9619
Batch 300, Loss: 0.9788
Epoch 37 learning rate: 0.09179036806841355
Epoch 37 time: 236.03125667572021 seconds
Epoch 37 accuracy: 61.59%
Batch 100, Loss: 0.9050
Batch 200, Loss: 0.9438
Batch 300, Loss: 0.9738
Epoch 38 learning rate: 0.09135402871372812
Epoch 38 time: 235.97558569908142 seconds
Epoch 38 accuracy: 62.32%
Batch 100, Loss: 0.8988
Batch 200, Loss: 0.9262
Batch 300, Loss: 0.9876
Epoch 39 learning rate: 0.0909074858712512
Epoch 39 time: 236.03093647956848 seconds
Epoch 39 accuracy: 60.25%
Batch 100, Loss: 0.8796
Batch 200, Loss: 0.9381
Batch 300, Loss: 0.9722
Epoch 40 learning rate: 0.09045084971874741
Epoch 40 time: 236.242018699646 seconds
Epoch 40 accuracy: 61.87%
Batch 100, Loss: 0.8648
Batch 200, Loss: 0.9217
Batch 300, Loss: 0.9607
Epoch 41 learning rate: 0.08998423292435458
Epoch 41 time: 236.08696103096008 seconds
Epoch 41 accuracy: 61.93%
Batch 100, Loss: 0.8849
Batch 200, Loss: 0.9099
Batch 300, Loss: 0.9389
Epoch 42 learning rate: 0.08950775061878455
Epoch 42 time: 236.06994366645813 seconds
Epoch 42 accuracy: 60.72%
Batch 100, Loss: 0.8668
Batch 200, Loss: 0.9042
Batch 300, Loss: 0.9603
Epoch 43 learning rate: 0.08902152036691653
Epoch 43 time: 236.11554837226868 seconds
Epoch 43 accuracy: 61.5%
Batch 100, Loss: 0.8694
Batch 200, Loss: 0.9116
Batch 300, Loss: 0.9161
Epoch 44 learning rate: 0.08852566213878951
Epoch 44 time: 236.06291103363037 seconds
Epoch 44 accuracy: 63.12%
Batch 100, Loss: 0.8768
Batch 200, Loss: 0.8998
Batch 300, Loss: 0.9281
Epoch 45 learning rate: 0.0880202982800016
Epoch 45 time: 236.14590072631836 seconds
Epoch 45 accuracy: 63.13%
Batch 100, Loss: 0.8447
Batch 200, Loss: 0.8979
Batch 300, Loss: 0.9295
Epoch 46 learning rate: 0.08750555348152303
Epoch 46 time: 236.19911909103394 seconds
Epoch 46 accuracy: 63.8%
Batch 100, Loss: 0.8175
Batch 200, Loss: 0.8965
Batch 300, Loss: 0.9040
Epoch 47 learning rate: 0.08698155474893052
Epoch 47 time: 235.94709086418152 seconds
Epoch 47 accuracy: 59.81%
Batch 100, Loss: 0.8300
Batch 200, Loss: 0.8896
Batch 300, Loss: 0.9110
Epoch 48 learning rate: 0.08644843137107061
Epoch 48 time: 236.1187252998352 seconds
Epoch 48 accuracy: 62.35%
Batch 100, Loss: 0.8320
Batch 200, Loss: 0.8750
Batch 300, Loss: 0.9204
Epoch 49 learning rate: 0.08590631488815947
Epoch 49 time: 236.08992791175842 seconds
Epoch 49 accuracy: 64.15%
Batch 100, Loss: 0.8327
Batch 200, Loss: 0.8767
Batch 300, Loss: 0.8932
Epoch 50 learning rate: 0.0853553390593274
Epoch 50 time: 236.26344919204712 seconds
Epoch 50 accuracy: 64.02%
Batch 100, Loss: 0.8121
Batch 200, Loss: 0.8654
Batch 300, Loss: 0.9010
Epoch 51 learning rate: 0.08479563982961574
Epoch 51 time: 236.05193209648132 seconds
Epoch 51 accuracy: 63.88%
Batch 100, Loss: 0.8217
Batch 200, Loss: 0.8530
Batch 300, Loss: 0.8793
Epoch 52 learning rate: 0.08422735529643446
Epoch 52 time: 236.01181936264038 seconds
Epoch 52 accuracy: 65.18%
Batch 100, Loss: 0.8041
Batch 200, Loss: 0.8595
Batch 300, Loss: 0.8849
Epoch 53 learning rate: 0.08365062567548869
Epoch 53 time: 236.0353488922119 seconds
Epoch 53 accuracy: 62.23%
Batch 100, Loss: 0.8242
Batch 200, Loss: 0.8375
Batch 300, Loss: 0.8839
Epoch 54 learning rate: 0.08306559326618261
Epoch 54 time: 235.9873445034027 seconds
Epoch 54 accuracy: 65.57%
Batch 100, Loss: 0.7879
Batch 200, Loss: 0.8308
Batch 300, Loss: 0.8734
Epoch 55 learning rate: 0.0824724024165092
Epoch 55 time: 235.86627984046936 seconds
Epoch 55 accuracy: 61.94%
Batch 100, Loss: 0.7894
Batch 200, Loss: 0.8348
Batch 300, Loss: 0.8580
Epoch 56 learning rate: 0.0818711994874345
Epoch 56 time: 235.96218967437744 seconds
Epoch 56 accuracy: 62.74%
Batch 100, Loss: 0.7875
Batch 200, Loss: 0.8348
Batch 300, Loss: 0.8528
Epoch 57 learning rate: 0.08126213281678528
Epoch 57 time: 235.95914030075073 seconds
Epoch 57 accuracy: 63.79%
Batch 100, Loss: 0.7751
Batch 200, Loss: 0.8197
Batch 300, Loss: 0.8371
Epoch 58 learning rate: 0.08064535268264884
Epoch 58 time: 236.1430675983429 seconds
Epoch 58 accuracy: 64.41%
Batch 100, Loss: 0.7775
Batch 200, Loss: 0.8084
Batch 300, Loss: 0.8507
Epoch 59 learning rate: 0.08002101126629421
Epoch 59 time: 236.60764050483704 seconds
Epoch 59 accuracy: 64.36%
Batch 100, Loss: 0.7660
Batch 200, Loss: 0.8130
Batch 300, Loss: 0.8137
Epoch 60 learning rate: 0.07938926261462367
Epoch 60 time: 235.91955614089966 seconds
Epoch 60 accuracy: 64.28%
Batch 100, Loss: 0.7736
Batch 200, Loss: 0.8069
Batch 300, Loss: 0.8382
Epoch 61 learning rate: 0.07875026260216395
Epoch 61 time: 235.85128450393677 seconds
Epoch 61 accuracy: 63.68%
Batch 100, Loss: 0.7387
Batch 200, Loss: 0.7972
Batch 300, Loss: 0.8334
Epoch 62 learning rate: 0.07810416889260656
Epoch 62 time: 235.9669418334961 seconds
Epoch 62 accuracy: 65.01%
Batch 100, Loss: 0.7408
Batch 200, Loss: 0.8091
Batch 300, Loss: 0.8330
Epoch 63 learning rate: 0.07745114089990661
Epoch 63 time: 235.9208676815033 seconds
Epoch 63 accuracy: 65.45%
Batch 100, Loss: 0.7448
Batch 200, Loss: 0.7895
Batch 300, Loss: 0.8251
Epoch 64 learning rate: 0.07679133974894985
Epoch 64 time: 235.8619430065155 seconds
Epoch 64 accuracy: 64.21%
Batch 100, Loss: 0.7614
Batch 200, Loss: 0.7867
Batch 300, Loss: 0.8052
Epoch 65 learning rate: 0.07612492823579746
Epoch 65 time: 236.7573802471161 seconds
Epoch 65 accuracy: 64.38%
Batch 100, Loss: 0.7246
Batch 200, Loss: 0.7753
Batch 300, Loss: 0.7944
Epoch 66 learning rate: 0.07545207078751859
Epoch 66 time: 236.11813759803772 seconds
Epoch 66 accuracy: 62.23%
Batch 100, Loss: 0.7348
Batch 200, Loss: 0.7725
Batch 300, Loss: 0.7974
Epoch 67 learning rate: 0.0747729334216204
Epoch 67 time: 236.09595441818237 seconds
Epoch 67 accuracy: 64.11%
Batch 100, Loss: 0.7313
Batch 200, Loss: 0.7636
Batch 300, Loss: 0.7881
Epoch 68 learning rate: 0.07408768370508578
Epoch 68 time: 236.04738545417786 seconds
Epoch 68 accuracy: 63.44%
Batch 100, Loss: 0.6893
Batch 200, Loss: 0.7446
Batch 300, Loss: 0.7863
Epoch 69 learning rate: 0.0733964907130287
Epoch 69 time: 236.13043689727783 seconds
Epoch 69 accuracy: 64.84%
Batch 100, Loss: 0.6985
Batch 200, Loss: 0.7546
Batch 300, Loss: 0.7761
Epoch 70 learning rate: 0.07269952498697736
Epoch 70 time: 235.88773155212402 seconds
Epoch 70 accuracy: 63.99%
Batch 100, Loss: 0.6992
Batch 200, Loss: 0.7409
Batch 300, Loss: 0.7636
Epoch 71 learning rate: 0.07199695849279578
Epoch 71 time: 235.99823260307312 seconds
Epoch 71 accuracy: 66.16%
Batch 100, Loss: 0.6827
Batch 200, Loss: 0.7557
Batch 300, Loss: 0.7680
Epoch 72 learning rate: 0.07128896457825366
Epoch 72 time: 236.01023936271667 seconds
Epoch 72 accuracy: 65.21%
Batch 100, Loss: 0.6961
Batch 200, Loss: 0.7058
Batch 300, Loss: 0.7493
Epoch 73 learning rate: 0.07057571793025548
Epoch 73 time: 235.9156949520111 seconds
Epoch 73 accuracy: 64.34%
Batch 100, Loss: 0.6707
Batch 200, Loss: 0.7257
Batch 300, Loss: 0.7537
Epoch 74 learning rate: 0.06985739453173906
Epoch 74 time: 236.00782775878906 seconds
Epoch 74 accuracy: 65.4%
Batch 100, Loss: 0.6612
Batch 200, Loss: 0.7197
Batch 300, Loss: 0.7317
Epoch 75 learning rate: 0.06913417161825453
Epoch 75 time: 236.08677697181702 seconds
Epoch 75 accuracy: 64.71%
Batch 100, Loss: 0.6490
Batch 200, Loss: 0.7071
Batch 300, Loss: 0.7352
Epoch 76 learning rate: 0.06840622763423394
Epoch 76 time: 236.13971734046936 seconds
Epoch 76 accuracy: 63.0%
Batch 100, Loss: 0.6751
Batch 200, Loss: 0.6956
Batch 300, Loss: 0.7457
Epoch 77 learning rate: 0.0676737421889629
Epoch 77 time: 236.17031478881836 seconds
Epoch 77 accuracy: 65.13%
Batch 100, Loss: 0.6424
Batch 200, Loss: 0.6904
Batch 300, Loss: 0.7155
Epoch 78 learning rate: 0.06693689601226462
Epoch 78 time: 236.0158178806305 seconds
Epoch 78 accuracy: 67.45%
Batch 100, Loss: 0.6329
Batch 200, Loss: 0.6965
Batch 300, Loss: 0.7288
Epoch 79 learning rate: 0.06619587090990751
Epoch 79 time: 236.21877598762512 seconds
Epoch 79 accuracy: 68.02%
Batch 100, Loss: 0.6331
Batch 200, Loss: 0.6672
Batch 300, Loss: 0.7102
Epoch 80 learning rate: 0.06545084971874741
Epoch 80 time: 235.97335410118103 seconds
Epoch 80 accuracy: 66.79%
Batch 100, Loss: 0.6374
Batch 200, Loss: 0.6742
Batch 300, Loss: 0.7036
Epoch 81 learning rate: 0.06470201626161524
Epoch 81 time: 236.1127986907959 seconds
Epoch 81 accuracy: 67.54%
Batch 100, Loss: 0.6236
Batch 200, Loss: 0.6704
Batch 300, Loss: 0.6792
Epoch 82 learning rate: 0.06394955530196152
Epoch 82 time: 236.08454012870789 seconds
Epoch 82 accuracy: 65.25%
Batch 100, Loss: 0.6294
Batch 200, Loss: 0.6480
Batch 300, Loss: 0.6684
Epoch 83 learning rate: 0.06319365249826868
Epoch 83 time: 235.95635271072388 seconds
Epoch 83 accuracy: 66.81%
Batch 100, Loss: 0.6172
Batch 200, Loss: 0.6387
Batch 300, Loss: 0.6824
Epoch 84 learning rate: 0.06243449435824277
Epoch 84 time: 236.15035820007324 seconds
Epoch 84 accuracy: 66.92%
Batch 100, Loss: 0.6004
Batch 200, Loss: 0.6435
Batch 300, Loss: 0.6863
Epoch 85 learning rate: 0.06167226819279532
Epoch 85 time: 235.92734146118164 seconds
Epoch 85 accuracy: 66.31%
Batch 100, Loss: 0.6063
Batch 200, Loss: 0.6209
Batch 300, Loss: 0.6608
Epoch 86 learning rate: 0.06090716206982718
Epoch 86 time: 235.9868185520172 seconds
Epoch 86 accuracy: 67.06%
Batch 100, Loss: 0.6079
Batch 200, Loss: 0.6140
Batch 300, Loss: 0.6605
Epoch 87 learning rate: 0.06013936476782568
Epoch 87 time: 236.02172803878784 seconds
Epoch 87 accuracy: 66.65%
Batch 100, Loss: 0.5888
Batch 200, Loss: 0.6208
Batch 300, Loss: 0.6470
Epoch 88 learning rate: 0.05936906572928629
Epoch 88 time: 236.23492169380188 seconds
Epoch 88 accuracy: 67.88%
Batch 100, Loss: 0.5719
Batch 200, Loss: 0.6105
Batch 300, Loss: 0.6349
Epoch 89 learning rate: 0.05859645501397052
Epoch 89 time: 236.00030636787415 seconds
Epoch 89 accuracy: 67.49%
Batch 100, Loss: 0.5623
Batch 200, Loss: 0.5776
Batch 300, Loss: 0.6288
Epoch 90 learning rate: 0.05782172325201159
Epoch 90 time: 236.0644896030426 seconds
Epoch 90 accuracy: 67.68%
Batch 100, Loss: 0.5614
Batch 200, Loss: 0.5947
Batch 300, Loss: 0.6230
Epoch 91 learning rate: 0.057045061596879186
Epoch 91 time: 236.09316062927246 seconds
Epoch 91 accuracy: 69.14%
Batch 100, Loss: 0.5529
Batch 200, Loss: 0.5741
Batch 300, Loss: 0.6028
Epoch 92 learning rate: 0.056266661678215264
Epoch 92 time: 236.064710855484 seconds
Epoch 92 accuracy: 68.0%
Batch 100, Loss: 0.5409
Batch 200, Loss: 0.5820
Batch 300, Loss: 0.6059
Epoch 93 learning rate: 0.055486715554552306
Epoch 93 time: 236.02494955062866 seconds
Epoch 93 accuracy: 69.32%
Batch 100, Loss: 0.5341
Batch 200, Loss: 0.5570
Batch 300, Loss: 0.6083
Epoch 94 learning rate: 0.05470541566592575
Epoch 94 time: 236.19850182533264 seconds
Epoch 94 accuracy: 67.53%
Batch 100, Loss: 0.5159
Batch 200, Loss: 0.5794
Batch 300, Loss: 0.5932
Epoch 95 learning rate: 0.05392295478639229
Epoch 95 time: 236.00306916236877 seconds
Epoch 95 accuracy: 66.73%
Batch 100, Loss: 0.5079
Batch 200, Loss: 0.5570
Batch 300, Loss: 0.5902
Epoch 96 learning rate: 0.05313952597646571
Epoch 96 time: 236.0993149280548 seconds
Epoch 96 accuracy: 67.56%
Batch 100, Loss: 0.5010
Batch 200, Loss: 0.5343
Batch 300, Loss: 0.5645
Epoch 97 learning rate: 0.05235532253548216
Epoch 97 time: 236.11528635025024 seconds
Epoch 97 accuracy: 67.94%
Batch 100, Loss: 0.5045
Batch 200, Loss: 0.5362
Batch 300, Loss: 0.5564
Epoch 98 learning rate: 0.051570537953906447
Epoch 98 time: 236.1170139312744 seconds
Epoch 98 accuracy: 68.36%
Batch 100, Loss: 0.4971
Batch 200, Loss: 0.5237
Batch 300, Loss: 0.5441
Epoch 99 learning rate: 0.05078536586559106
Epoch 99 time: 236.07259154319763 seconds
Epoch 99 accuracy: 68.71%
Batch 100, Loss: 0.4882
Batch 200, Loss: 0.5050
Batch 300, Loss: 0.5488
Epoch 100 learning rate: 0.050000000000000024
Epoch 100 time: 236.08025002479553 seconds
Epoch 100 accuracy: 69.14%
Batch 100, Loss: 0.4702
Batch 200, Loss: 0.5008
Batch 300, Loss: 0.5277
Epoch 101 learning rate: 0.049214634134409
Epoch 101 time: 236.21908235549927 seconds
Epoch 101 accuracy: 68.44%
Batch 100, Loss: 0.4657
Batch 200, Loss: 0.5038
Batch 300, Loss: 0.5322
Epoch 102 learning rate: 0.04842946204609361
Epoch 102 time: 235.9472107887268 seconds
Epoch 102 accuracy: 69.09%
Batch 100, Loss: 0.4728
Batch 200, Loss: 0.4904
Batch 300, Loss: 0.5229
Epoch 103 learning rate: 0.04764467746451789
Epoch 103 time: 236.0581250190735 seconds
Epoch 103 accuracy: 68.4%
Batch 100, Loss: 0.4365
Batch 200, Loss: 0.4640
Batch 300, Loss: 0.5093
Epoch 104 learning rate: 0.046860474023534354
Epoch 104 time: 236.08895206451416 seconds
Epoch 104 accuracy: 67.35%
Batch 100, Loss: 0.4694
Batch 200, Loss: 0.4606
Batch 300, Loss: 0.5096
Epoch 105 learning rate: 0.04607704521360778
Epoch 105 time: 236.11225843429565 seconds
Epoch 105 accuracy: 69.99%
Batch 100, Loss: 0.4467
Batch 200, Loss: 0.4587
Batch 300, Loss: 0.4925
Epoch 106 learning rate: 0.04529458433407431
Epoch 106 time: 236.0889868736267 seconds
Epoch 106 accuracy: 68.75%
Batch 100, Loss: 0.4351
Batch 200, Loss: 0.4543
Batch 300, Loss: 0.4853
Epoch 107 learning rate: 0.04451328444544776
Epoch 107 time: 235.95698475837708 seconds
Epoch 107 accuracy: 69.17%
Batch 100, Loss: 0.4149
Batch 200, Loss: 0.4372
Batch 300, Loss: 0.4627
Epoch 108 learning rate: 0.04373333832178482
Epoch 108 time: 236.0448408126831 seconds
Epoch 108 accuracy: 70.7%
Batch 100, Loss: 0.4094
Batch 200, Loss: 0.4310
Batch 300, Loss: 0.4632
Epoch 109 learning rate: 0.0429549384031209
Epoch 109 time: 235.8595073223114 seconds
Epoch 109 accuracy: 68.88%
Batch 100, Loss: 0.4034
Batch 200, Loss: 0.4160
Batch 300, Loss: 0.4626
Epoch 110 learning rate: 0.042178276747988484
Epoch 110 time: 236.03031826019287 seconds
Epoch 110 accuracy: 69.81%
Batch 100, Loss: 0.3997
Batch 200, Loss: 0.4101
Batch 300, Loss: 0.4539
Epoch 111 learning rate: 0.04140354498602954
Epoch 111 time: 235.98269128799438 seconds
Epoch 111 accuracy: 70.38%
Batch 100, Loss: 0.3796
Batch 200, Loss: 0.4141
Batch 300, Loss: 0.4288
Epoch 112 learning rate: 0.0406309342707138
Epoch 112 time: 236.07616686820984 seconds
Epoch 112 accuracy: 71.2%
Batch 100, Loss: 0.3712
Batch 200, Loss: 0.3975
Batch 300, Loss: 0.4244
Epoch 113 learning rate: 0.03986063523217441
Epoch 113 time: 235.97956562042236 seconds
Epoch 113 accuracy: 70.71%
Batch 100, Loss: 0.3689
Batch 200, Loss: 0.3830
Batch 300, Loss: 0.4140
Epoch 114 learning rate: 0.039092837930172916
Epoch 114 time: 235.99253344535828 seconds
Epoch 114 accuracy: 70.27%
Batch 100, Loss: 0.3517
Batch 200, Loss: 0.3862
Batch 300, Loss: 0.4010
Epoch 115 learning rate: 0.03832773180720475
Epoch 115 time: 235.90677213668823 seconds
Epoch 115 accuracy: 70.43%
Batch 100, Loss: 0.3580
Batch 200, Loss: 0.3775
Batch 300, Loss: 0.3905
Epoch 116 learning rate: 0.037565505641757285
Epoch 116 time: 236.1263301372528 seconds
Epoch 116 accuracy: 70.98%
Batch 100, Loss: 0.3354
Batch 200, Loss: 0.3494
Batch 300, Loss: 0.3841
Epoch 117 learning rate: 0.03680634750173138
Epoch 117 time: 235.96365475654602 seconds
Epoch 117 accuracy: 71.31%
Batch 100, Loss: 0.3479
Batch 200, Loss: 0.3593
Batch 300, Loss: 0.3789
Epoch 118 learning rate: 0.036050444698038565
Epoch 118 time: 236.14731216430664 seconds
Epoch 118 accuracy: 70.75%
Batch 100, Loss: 0.3246
Batch 200, Loss: 0.3430
Batch 300, Loss: 0.3718
Epoch 119 learning rate: 0.03529798373838483
Epoch 119 time: 236.05222415924072 seconds
Epoch 119 accuracy: 70.55%
Batch 100, Loss: 0.3259
Batch 200, Loss: 0.3333
Batch 300, Loss: 0.3601
Epoch 120 learning rate: 0.03454915028125267
Epoch 120 time: 236.10426378250122 seconds
Epoch 120 accuracy: 71.85%
Batch 100, Loss: 0.3103
Batch 200, Loss: 0.3268
Batch 300, Loss: 0.3506
Epoch 121 learning rate: 0.03380412909009255
Epoch 121 time: 235.91365504264832 seconds
Epoch 121 accuracy: 72.59%
Batch 100, Loss: 0.2976
Batch 200, Loss: 0.3169
Batch 300, Loss: 0.3375
Epoch 122 learning rate: 0.03306310398773545
Epoch 122 time: 236.14028644561768 seconds
Epoch 122 accuracy: 71.51%
Batch 100, Loss: 0.3063
Batch 200, Loss: 0.3031
Batch 300, Loss: 0.3302
Epoch 123 learning rate: 0.03232625781103717
Epoch 123 time: 236.1013057231903 seconds
Epoch 123 accuracy: 70.28%
Batch 100, Loss: 0.2960
Batch 200, Loss: 0.2974
Batch 300, Loss: 0.3169
Epoch 124 learning rate: 0.03159377236576613
Epoch 124 time: 236.06488609313965 seconds
Epoch 124 accuracy: 71.49%
Batch 100, Loss: 0.2865
Batch 200, Loss: 0.2808
Batch 300, Loss: 0.3148
Epoch 125 learning rate: 0.030865828381745543
Epoch 125 time: 236.1521098613739 seconds
Epoch 125 accuracy: 72.29%
Batch 100, Loss: 0.2752
Batch 200, Loss: 0.2866
Batch 300, Loss: 0.3022
Epoch 126 learning rate: 0.03014260546826098
Epoch 126 time: 236.07513976097107 seconds
Epoch 126 accuracy: 71.75%
Batch 100, Loss: 0.2706
Batch 200, Loss: 0.2706
Batch 300, Loss: 0.3006
Epoch 127 learning rate: 0.02942428206974458
Epoch 127 time: 235.92931413650513 seconds
Epoch 127 accuracy: 71.79%
Batch 100, Loss: 0.2539
Batch 200, Loss: 0.2588
Batch 300, Loss: 0.2920
Epoch 128 learning rate: 0.028711035421746387
Epoch 128 time: 235.95914244651794 seconds
Epoch 128 accuracy: 72.45%
Batch 100, Loss: 0.2476
Batch 200, Loss: 0.2564
Batch 300, Loss: 0.2696
Epoch 129 learning rate: 0.02800304150720426
Epoch 129 time: 236.06580805778503 seconds
Epoch 129 accuracy: 70.73%
Batch 100, Loss: 0.2332
Batch 200, Loss: 0.2387
Batch 300, Loss: 0.2570
Epoch 130 learning rate: 0.02730047501302268
Epoch 130 time: 236.0023593902588 seconds
Epoch 130 accuracy: 73.32%
Batch 100, Loss: 0.2360
Batch 200, Loss: 0.2456
Batch 300, Loss: 0.2481
Epoch 131 learning rate: 0.026603509286971357
Epoch 131 time: 236.0499608516693 seconds
Epoch 131 accuracy: 73.21%
Batch 100, Loss: 0.2279
Batch 200, Loss: 0.2362
Batch 300, Loss: 0.2451
Epoch 132 learning rate: 0.025912316294914244
Epoch 132 time: 236.11980819702148 seconds
Epoch 132 accuracy: 73.32%
Batch 100, Loss: 0.2157
Batch 200, Loss: 0.2188
Batch 300, Loss: 0.2429
Epoch 133 learning rate: 0.025227066578379632
Epoch 133 time: 236.13656902313232 seconds
Epoch 133 accuracy: 72.89%
Batch 100, Loss: 0.2137
Batch 200, Loss: 0.2153
Batch 300, Loss: 0.2193
Epoch 134 learning rate: 0.024547929212481445
Epoch 134 time: 236.16775560379028 seconds
Epoch 134 accuracy: 73.43%
Batch 100, Loss: 0.2052
Batch 200, Loss: 0.2050
Batch 300, Loss: 0.2219
Epoch 135 learning rate: 0.02387507176420257
Epoch 135 time: 236.0903835296631 seconds
Epoch 135 accuracy: 74.26%
Batch 100, Loss: 0.1881
Batch 200, Loss: 0.1981
Batch 300, Loss: 0.2130
Epoch 136 learning rate: 0.023208660251050166
Epoch 136 time: 235.9670329093933 seconds
Epoch 136 accuracy: 73.25%
Batch 100, Loss: 0.1952
Batch 200, Loss: 0.2008
Batch 300, Loss: 0.2172
Epoch 137 learning rate: 0.022548859100093414
Epoch 137 time: 236.05641794204712 seconds
Epoch 137 accuracy: 74.0%
Batch 100, Loss: 0.1845
Batch 200, Loss: 0.1932
Batch 300, Loss: 0.1992
Epoch 138 learning rate: 0.021895831107393474
Epoch 138 time: 235.93571639060974 seconds
Epoch 138 accuracy: 73.63%
Batch 100, Loss: 0.1725
Batch 200, Loss: 0.1747
Batch 300, Loss: 0.1928
Epoch 139 learning rate: 0.02124973739783608
Epoch 139 time: 235.988272190094 seconds
Epoch 139 accuracy: 74.81%
Batch 100, Loss: 0.1613
Batch 200, Loss: 0.1655
Batch 300, Loss: 0.1760
Epoch 140 learning rate: 0.02061073738537636
Epoch 140 time: 235.96198105812073 seconds
Epoch 140 accuracy: 73.86%
Batch 100, Loss: 0.1685
Batch 200, Loss: 0.1671
Batch 300, Loss: 0.1770
Epoch 141 learning rate: 0.019978988733705814
Epoch 141 time: 236.13593530654907 seconds
Epoch 141 accuracy: 73.9%
Batch 100, Loss: 0.1664
Batch 200, Loss: 0.1589
Batch 300, Loss: 0.1681
Epoch 142 learning rate: 0.01935464731735118
Epoch 142 time: 236.34342908859253 seconds
Epoch 142 accuracy: 74.61%
Batch 100, Loss: 0.1432
Batch 200, Loss: 0.1538
Batch 300, Loss: 0.1634
Epoch 143 learning rate: 0.018737867183214747
Epoch 143 time: 236.29816579818726 seconds
Epoch 143 accuracy: 74.56%
Batch 100, Loss: 0.1423
Batch 200, Loss: 0.1403
Batch 300, Loss: 0.1491
Epoch 144 learning rate: 0.01812880051256552
Epoch 144 time: 236.1990466117859 seconds
Epoch 144 accuracy: 75.09%
Batch 100, Loss: 0.1401
Batch 200, Loss: 0.1338
Batch 300, Loss: 0.1461
Epoch 145 learning rate: 0.017527597583490827
Epoch 145 time: 236.13048386573792 seconds
Epoch 145 accuracy: 75.15%
Batch 100, Loss: 0.1290
Batch 200, Loss: 0.1310
Batch 300, Loss: 0.1346
Epoch 146 learning rate: 0.01693440673381742
Epoch 146 time: 235.90946745872498 seconds
Epoch 146 accuracy: 75.22%
Batch 100, Loss: 0.1299
Batch 200, Loss: 0.1288
Batch 300, Loss: 0.1344
Epoch 147 learning rate: 0.016349374324511334
Epoch 147 time: 236.2359654903412 seconds
Epoch 147 accuracy: 75.88%
Batch 100, Loss: 0.1251
Batch 200, Loss: 0.1193
Batch 300, Loss: 0.1258
Epoch 148 learning rate: 0.01577264470356557
Epoch 148 time: 236.2171196937561 seconds
Epoch 148 accuracy: 75.84%
Batch 100, Loss: 0.1170
Batch 200, Loss: 0.1165
Batch 300, Loss: 0.1227
Epoch 149 learning rate: 0.01520436017038429
Epoch 149 time: 236.16357421875 seconds
Epoch 149 accuracy: 76.11%
Batch 100, Loss: 0.1114
Batch 200, Loss: 0.1078
Batch 300, Loss: 0.1162
Epoch 150 learning rate: 0.014644660940672632
Epoch 150 time: 236.3850235939026 seconds
Epoch 150 accuracy: 76.62%
Batch 100, Loss: 0.1051
Batch 200, Loss: 0.1092
Batch 300, Loss: 0.1080
Epoch 151 learning rate: 0.01409368511184057
Epoch 151 time: 236.27934741973877 seconds
Epoch 151 accuracy: 76.62%
Batch 100, Loss: 0.1021
Batch 200, Loss: 0.0999
Batch 300, Loss: 0.1075
Epoch 152 learning rate: 0.013551568628929438
Epoch 152 time: 236.24418330192566 seconds
Epoch 152 accuracy: 77.24%
Batch 100, Loss: 0.0930
Batch 200, Loss: 0.0944
Batch 300, Loss: 0.0988
Epoch 153 learning rate: 0.013018445251069516
Epoch 153 time: 236.070463180542 seconds
Epoch 153 accuracy: 77.2%
Batch 100, Loss: 0.0903
Batch 200, Loss: 0.0918
Batch 300, Loss: 0.0936
Epoch 154 learning rate: 0.012494446518477026
Epoch 154 time: 236.3656826019287 seconds
Epoch 154 accuracy: 77.24%
Batch 100, Loss: 0.0892
Batch 200, Loss: 0.0868
Batch 300, Loss: 0.0889
Epoch 155 learning rate: 0.011979701719998459
Epoch 155 time: 236.18857622146606 seconds
Epoch 155 accuracy: 76.86%
Batch 100, Loss: 0.0816
Batch 200, Loss: 0.0825
Batch 300, Loss: 0.0854
Epoch 156 learning rate: 0.011474337861210548
Epoch 156 time: 236.22643113136292 seconds
Epoch 156 accuracy: 77.78%
Batch 100, Loss: 0.0788
Batch 200, Loss: 0.0812
Batch 300, Loss: 0.0813
Epoch 157 learning rate: 0.010978479633083526
Epoch 157 time: 236.0993263721466 seconds
Epoch 157 accuracy: 77.55%
Batch 100, Loss: 0.0780
Batch 200, Loss: 0.0790
Batch 300, Loss: 0.0768
Epoch 158 learning rate: 0.010492249381215483
Epoch 158 time: 236.1091468334198 seconds
Epoch 158 accuracy: 78.14%
Batch 100, Loss: 0.0710
Batch 200, Loss: 0.0724
Batch 300, Loss: 0.0760
Epoch 159 learning rate: 0.010015767075645474
Epoch 159 time: 236.13101768493652 seconds
Epoch 159 accuracy: 77.98%
Batch 100, Loss: 0.0685
Batch 200, Loss: 0.0708
Batch 300, Loss: 0.0699
Epoch 160 learning rate: 0.009549150281252637
Epoch 160 time: 236.18845009803772 seconds
Epoch 160 accuracy: 78.55%
Batch 100, Loss: 0.0656
Batch 200, Loss: 0.0671
Batch 300, Loss: 0.0658
Epoch 161 learning rate: 0.00909251412874884
Epoch 161 time: 236.11607670783997 seconds
Epoch 161 accuracy: 78.22%
Batch 100, Loss: 0.0613
Batch 200, Loss: 0.0626
Batch 300, Loss: 0.0673
Epoch 162 learning rate: 0.008645971286271918
Epoch 162 time: 236.28712439537048 seconds
Epoch 162 accuracy: 78.65%
Batch 100, Loss: 0.0609
Batch 200, Loss: 0.0629
Batch 300, Loss: 0.0620
Epoch 163 learning rate: 0.008209631931586501
Epoch 163 time: 236.48003220558167 seconds
Epoch 163 accuracy: 78.36%
Batch 100, Loss: 0.0580
Batch 200, Loss: 0.0604
Batch 300, Loss: 0.0607
Epoch 164 learning rate: 0.0077836037248992605
Epoch 164 time: 236.013977766037 seconds
Epoch 164 accuracy: 78.78%
Batch 100, Loss: 0.0571
Batch 200, Loss: 0.0565
Batch 300, Loss: 0.0555
Epoch 165 learning rate: 0.0073679917822954055
Epoch 165 time: 236.20966911315918 seconds
Epoch 165 accuracy: 79.13%
Batch 100, Loss: 0.0524
Batch 200, Loss: 0.0538
Batch 300, Loss: 0.0553
Epoch 166 learning rate: 0.006962898649802815
Epoch 166 time: 236.11011743545532 seconds
Epoch 166 accuracy: 79.12%
Batch 100, Loss: 0.0532
Batch 200, Loss: 0.0505
Batch 300, Loss: 0.0513
Epoch 167 learning rate: 0.006568424278090438
Epoch 167 time: 236.31784081459045 seconds
Epoch 167 accuracy: 78.88%
Batch 100, Loss: 0.0465
Batch 200, Loss: 0.0494
Batch 300, Loss: 0.0485
Epoch 168 learning rate: 0.006184665997806824
Epoch 168 time: 236.46295738220215 seconds
Epoch 168 accuracy: 79.05%
Batch 100, Loss: 0.0483
Batch 200, Loss: 0.0479
Batch 300, Loss: 0.0465
Epoch 169 learning rate: 0.00581171849556533
Epoch 169 time: 236.45993542671204 seconds
Epoch 169 accuracy: 79.45%
Batch 100, Loss: 0.0463
Batch 200, Loss: 0.0453
Batch 300, Loss: 0.0476
Epoch 170 learning rate: 0.0054496737905816136
Epoch 170 time: 236.36932802200317 seconds
Epoch 170 accuracy: 79.63%
Batch 100, Loss: 0.0433
Batch 200, Loss: 0.0432
Batch 300, Loss: 0.0446
Epoch 171 learning rate: 0.005098621211969226
Epoch 171 time: 236.3087546825409 seconds
Epoch 171 accuracy: 79.45%
Batch 100, Loss: 0.0426
Batch 200, Loss: 0.0415
Batch 300, Loss: 0.0432
Epoch 172 learning rate: 0.004758647376699035
Epoch 172 time: 235.9739751815796 seconds
Epoch 172 accuracy: 79.42%
Batch 100, Loss: 0.0418
Batch 200, Loss: 0.0412
Batch 300, Loss: 0.0437
Epoch 173 learning rate: 0.00442983616822775
Epoch 173 time: 236.05987977981567 seconds
Epoch 173 accuracy: 79.45%
Batch 100, Loss: 0.0411
Batch 200, Loss: 0.0401
Batch 300, Loss: 0.0401
Epoch 174 learning rate: 0.004112268715800957
Epoch 174 time: 236.10645270347595 seconds
Epoch 174 accuracy: 79.73%
Batch 100, Loss: 0.0402
Batch 200, Loss: 0.0392
Batch 300, Loss: 0.0392
Epoch 175 learning rate: 0.003806023374435677
Epoch 175 time: 236.22006845474243 seconds
Epoch 175 accuracy: 79.78%
Batch 100, Loss: 0.0370
Batch 200, Loss: 0.0393
Batch 300, Loss: 0.0402
Epoch 176 learning rate: 0.003511175705587435
Epoch 176 time: 236.19541907310486 seconds
Epoch 176 accuracy: 80.11%
Batch 100, Loss: 0.0350
Batch 200, Loss: 0.0368
Batch 300, Loss: 0.0373
Epoch 177 learning rate: 0.0032277984585066333
Epoch 177 time: 236.20683002471924 seconds
Epoch 177 accuracy: 79.94%
Batch 100, Loss: 0.0361
Batch 200, Loss: 0.0366
Batch 300, Loss: 0.0361
Epoch 178 learning rate: 0.002955961552288729
Epoch 178 time: 236.35350394248962 seconds
Epoch 178 accuracy: 79.89%
Batch 100, Loss: 0.0356
Batch 200, Loss: 0.0357
Batch 300, Loss: 0.0361
Epoch 179 learning rate: 0.0026957320586227366
Epoch 179 time: 236.2282497882843 seconds
Epoch 179 accuracy: 79.8%
Batch 100, Loss: 0.0354
Batch 200, Loss: 0.0342
Batch 300, Loss: 0.0345
Epoch 180 learning rate: 0.002447174185242325
Epoch 180 time: 236.00838565826416 seconds
Epoch 180 accuracy: 80.05%
Batch 100, Loss: 0.0341
Batch 200, Loss: 0.0340
Batch 300, Loss: 0.0342
Epoch 181 learning rate: 0.0022103492600834954
Epoch 181 time: 236.24051189422607 seconds
Epoch 181 accuracy: 80.22%
Batch 100, Loss: 0.0323
Batch 200, Loss: 0.0329
Batch 300, Loss: 0.0338
Epoch 182 learning rate: 0.0019853157161528537
Epoch 182 time: 235.97512030601501 seconds
Epoch 182 accuracy: 80.14%
Batch 100, Loss: 0.0324
Batch 200, Loss: 0.0327
Batch 300, Loss: 0.0325
Epoch 183 learning rate: 0.001772129077110103
Epoch 183 time: 236.34737300872803 seconds
Epoch 183 accuracy: 80.19%
Batch 100, Loss: 0.0326
Batch 200, Loss: 0.0313
Batch 300, Loss: 0.0330
Epoch 184 learning rate: 0.0015708419435684529
Epoch 184 time: 236.2817041873932 seconds
Epoch 184 accuracy: 79.98%
Batch 100, Loss: 0.0314
Batch 200, Loss: 0.0322
Batch 300, Loss: 0.0322
Epoch 185 learning rate: 0.0013815039801161732
Epoch 185 time: 236.15779185295105 seconds
Epoch 185 accuracy: 80.16%
Batch 100, Loss: 0.0303
Batch 200, Loss: 0.0309
Batch 300, Loss: 0.0315
Epoch 186 learning rate: 0.0012041619030626347
Epoch 186 time: 236.38668012619019 seconds
Epoch 186 accuracy: 80.15%
Batch 100, Loss: 0.0311
Batch 200, Loss: 0.0309
Batch 300, Loss: 0.0302
Epoch 187 learning rate: 0.0010388594689117077
Epoch 187 time: 236.12398028373718 seconds
Epoch 187 accuracy: 80.21%
Batch 100, Loss: 0.0305
Batch 200, Loss: 0.0303
Batch 300, Loss: 0.0308
Epoch 188 learning rate: 0.0008856374635655645
Epoch 188 time: 235.96434926986694 seconds
Epoch 188 accuracy: 80.43%
Batch 100, Loss: 0.0293
Batch 200, Loss: 0.0295
Batch 300, Loss: 0.0294
Epoch 189 learning rate: 0.000744533692261307
Epoch 189 time: 236.15605521202087 seconds
Epoch 189 accuracy: 80.34%
Batch 100, Loss: 0.0301
Batch 200, Loss: 0.0298
Batch 300, Loss: 0.0282
Epoch 190 learning rate: 0.0006155829702431174
Epoch 190 time: 236.0846722126007 seconds
Epoch 190 accuracy: 80.39%
Batch 100, Loss: 0.0295
Batch 200, Loss: 0.0300
Batch 300, Loss: 0.0299
Epoch 191 learning rate: 0.0004988171141721235
Epoch 191 time: 236.30299997329712 seconds
Epoch 191 accuracy: 80.41%
Batch 100, Loss: 0.0283
Batch 200, Loss: 0.0297
Batch 300, Loss: 0.0290
Epoch 192 learning rate: 0.00039426493427611206
Epoch 192 time: 236.05972528457642 seconds
Epoch 192 accuracy: 80.43%
Batch 100, Loss: 0.0291
Batch 200, Loss: 0.0291
Batch 300, Loss: 0.0283
Epoch 193 learning rate: 0.00030195222724102046
Epoch 193 time: 236.4801435470581 seconds
Epoch 193 accuracy: 80.27%
Batch 100, Loss: 0.0285
Batch 200, Loss: 0.0279
Batch 300, Loss: 0.0290
Epoch 194 learning rate: 0.00022190176984600036
Epoch 194 time: 236.33945751190186 seconds
Epoch 194 accuracy: 80.47%
Batch 100, Loss: 0.0287
Batch 200, Loss: 0.0282
Batch 300, Loss: 0.0285
Epoch 195 learning rate: 0.00015413331334360192
Epoch 195 time: 236.2018597126007 seconds
Epoch 195 accuracy: 80.34%
Batch 100, Loss: 0.0279
Batch 200, Loss: 0.0280
Batch 300, Loss: 0.0286
Epoch 196 learning rate: 9.866357858642213e-05
Epoch 196 time: 236.22112727165222 seconds
Epoch 196 accuracy: 80.29%
Batch 100, Loss: 0.0288
Batch 200, Loss: 0.0290
Batch 300, Loss: 0.0285
Epoch 197 learning rate: 5.5506251901504864e-05
Epoch 197 time: 236.30551505088806 seconds
Epoch 197 accuracy: 80.46%
Batch 100, Loss: 0.0277
Batch 200, Loss: 0.0293
Batch 300, Loss: 0.0274
Epoch 198 learning rate: 2.4671981713420017e-05
Epoch 198 time: 236.0991849899292 seconds
Epoch 198 accuracy: 80.63%
Batch 100, Loss: 0.0286
Batch 200, Loss: 0.0283
Batch 300, Loss: 0.0281
Epoch 199 learning rate: 6.168375916970619e-06
Epoch 199 time: 236.0864326953888 seconds
Epoch 199 accuracy: 80.61%
Batch 100, Loss: 0.0287
Batch 200, Loss: 0.0282
Batch 300, Loss: 0.0286
Epoch 200 learning rate: 0.0
Epoch 200 time: 236.1783902645111 seconds
Epoch 200 accuracy: 80.49%
Total training time: 47232.60115599632 seconds
