The following modules were not unloaded:
  (Use "module --force purge" to unload all):

  1) CCconfig        6)  ucx/1.14.1         11) flexiblas/3.3.1
  2) gentoo/2023     7)  libfabric/1.18.0   12) imkl/2023.2.0
  3) gcccore/.12.3   8)  pmix/4.2.4         13) StdEnv/2023
  4) gcc/12.3        9)  ucc/1.2.0
  5) hwloc/2.9.1     10) openmpi/4.1.5
/project/6070520/tkleinkn/Vanilla-GAM/main_cifar.py:187: UserWarning: You have chosen a specific GPU. This will completely disable data parallelism.
  warnings.warn('You have chosen a specific GPU. This will completely '
model name space ['resnet101_c', 'resnet152_c', 'resnet18_c', 'resnet34_c', 'resnet50_c']
Use GPU: 0 for training
=> creating model 'resnet18_c'
Files already downloaded and verified
Files already downloaded and verified
tensorboard dir ./results/CIFAR100/GAMNonAccelerated
Using non-accelerated GAM
/home/tkleinkn/GAMtest/lib/python3.11/site-packages/torch/autograd/graph.py:744: UserWarning: Using backward() with create_graph=True will create a reference cycle between the parameter and its gradient which can cause a memory leak. We recommend using autograd.grad when creating the graph to avoid this. If you have to use this function, make sure to reset the .grad fields of your parameters to None after use to break the cycle and avoid the leak. (Triggered internally at /home/coulombc/wheels_builder/tmp.2617/python-3.11/torch/torch/csrc/autograd/engine.cpp:1203.)
  return Variable._execution_engine.run_backward(  # Calls into the C++ engine to run the backward pass
Batch 100, Loss: 3.8740
Batch 200, Loss: 3.6045
Batch 300, Loss: 3.5222
Epoch 1 learning rate: 0.09999383162408304
Epoch 1 time: 245.1622838973999 seconds
Epoch 1 accuracy: 9.01%
Batch 100, Loss: 3.4183
Batch 200, Loss: 3.3674
Batch 300, Loss: 3.3249
Epoch 2 learning rate: 0.09997532801828658
Epoch 2 time: 236.34569334983826 seconds
Epoch 2 accuracy: 15.02%
Batch 100, Loss: 3.1928
Batch 200, Loss: 3.1430
Batch 300, Loss: 3.0659
Epoch 3 learning rate: 0.09994449374809851
Epoch 3 time: 236.22425985336304 seconds
Epoch 3 accuracy: 19.13%
Batch 100, Loss: 2.9240
Batch 200, Loss: 2.8409
Batch 300, Loss: 2.7699
Epoch 4 learning rate: 0.09990133642141359
Epoch 4 time: 236.20511031150818 seconds
Epoch 4 accuracy: 28.38%
Batch 100, Loss: 2.6322
Batch 200, Loss: 2.5702
Batch 300, Loss: 2.5136
Epoch 5 learning rate: 0.09984586668665642
Epoch 5 time: 236.05421710014343 seconds
Epoch 5 accuracy: 30.69%
Batch 100, Loss: 2.3857
Batch 200, Loss: 2.3518
Batch 300, Loss: 2.2821
Epoch 6 learning rate: 0.09977809823015402
Epoch 6 time: 236.0436806678772 seconds
Epoch 6 accuracy: 36.88%
Batch 100, Loss: 2.2156
Batch 200, Loss: 2.1984
Batch 300, Loss: 2.1627
Epoch 7 learning rate: 0.09969804777275901
Epoch 7 time: 235.9332799911499 seconds
Epoch 7 accuracy: 42.26%
Batch 100, Loss: 2.0724
Batch 200, Loss: 2.0771
Batch 300, Loss: 2.0543
Epoch 8 learning rate: 0.09960573506572391
Epoch 8 time: 235.95562982559204 seconds
Epoch 8 accuracy: 43.98%
Batch 100, Loss: 2.0134
Batch 200, Loss: 1.9750
Batch 300, Loss: 1.9701
Epoch 9 learning rate: 0.09950118288582789
Epoch 9 time: 236.04590392112732 seconds
Epoch 9 accuracy: 46.32%
Batch 100, Loss: 1.9101
Batch 200, Loss: 1.9112
Batch 300, Loss: 1.9185
Epoch 10 learning rate: 0.09938441702975691
Epoch 10 time: 235.89594316482544 seconds
Epoch 10 accuracy: 49.23%
Batch 100, Loss: 1.8541
Batch 200, Loss: 1.8707
Batch 300, Loss: 1.8480
Epoch 11 learning rate: 0.09925546630773871
Epoch 11 time: 235.9210467338562 seconds
Epoch 11 accuracy: 51.11%
Batch 100, Loss: 1.8171
Batch 200, Loss: 1.8181
Batch 300, Loss: 1.8151
Epoch 12 learning rate: 0.09911436253643445
Epoch 12 time: 236.0527138710022 seconds
Epoch 12 accuracy: 49.9%
Batch 100, Loss: 1.7653
Batch 200, Loss: 1.7880
Batch 300, Loss: 1.7841
Epoch 13 learning rate: 0.0989611405310883
Epoch 13 time: 235.90958094596863 seconds
Epoch 13 accuracy: 53.08%
Batch 100, Loss: 1.7090
Batch 200, Loss: 1.7092
Batch 300, Loss: 1.7454
Epoch 14 learning rate: 0.09879583809693739
Epoch 14 time: 235.9626021385193 seconds
Epoch 14 accuracy: 52.48%
Batch 100, Loss: 1.7212
Batch 200, Loss: 1.7363
Batch 300, Loss: 1.6977
Epoch 15 learning rate: 0.09861849601988384
Epoch 15 time: 235.8554790019989 seconds
Epoch 15 accuracy: 52.2%
Batch 100, Loss: 1.6832
Batch 200, Loss: 1.6954
Batch 300, Loss: 1.6925
Epoch 16 learning rate: 0.09842915805643157
Epoch 16 time: 236.10121631622314 seconds
Epoch 16 accuracy: 54.41%
Batch 100, Loss: 1.6572
Batch 200, Loss: 1.6700
Batch 300, Loss: 1.6737
Epoch 17 learning rate: 0.09822787092288993
Epoch 17 time: 235.87465524673462 seconds
Epoch 17 accuracy: 53.96%
Batch 100, Loss: 1.6217
Batch 200, Loss: 1.6198
Batch 300, Loss: 1.6677
Epoch 18 learning rate: 0.09801468428384717
Epoch 18 time: 235.91801476478577 seconds
Epoch 18 accuracy: 53.6%
Batch 100, Loss: 1.6126
Batch 200, Loss: 1.6387
Batch 300, Loss: 1.6329
Epoch 19 learning rate: 0.09778965073991652
Epoch 19 time: 235.92162704467773 seconds
Epoch 19 accuracy: 54.66%
Batch 100, Loss: 1.5815
Batch 200, Loss: 1.6267
Batch 300, Loss: 1.6020
Epoch 20 learning rate: 0.0975528258147577
Epoch 20 time: 235.90833449363708 seconds
Epoch 20 accuracy: 55.47%
Batch 100, Loss: 1.5886
Batch 200, Loss: 1.6056
Batch 300, Loss: 1.6266
Epoch 21 learning rate: 0.09730426794137728
Epoch 21 time: 235.94332575798035 seconds
Epoch 21 accuracy: 55.85%
Batch 100, Loss: 1.5441
Batch 200, Loss: 1.5749
Batch 300, Loss: 1.6305
Epoch 22 learning rate: 0.09704403844771128
Epoch 22 time: 236.02215909957886 seconds
Epoch 22 accuracy: 52.21%
Batch 100, Loss: 1.5405
Batch 200, Loss: 1.5852
Batch 300, Loss: 1.5892
Epoch 23 learning rate: 0.09677220154149338
Epoch 23 time: 236.06973266601562 seconds
Epoch 23 accuracy: 54.09%
Batch 100, Loss: 1.5457
Batch 200, Loss: 1.5781
Batch 300, Loss: 1.5713
Epoch 24 learning rate: 0.09648882429441258
Epoch 24 time: 236.0740339756012 seconds
Epoch 24 accuracy: 57.75%
Batch 100, Loss: 1.5163
Batch 200, Loss: 1.5655
Batch 300, Loss: 1.5819
Epoch 25 learning rate: 0.09619397662556435
Epoch 25 time: 235.94813752174377 seconds
Epoch 25 accuracy: 58.5%
Batch 100, Loss: 1.5051
Batch 200, Loss: 1.5413
Batch 300, Loss: 1.5832
Epoch 26 learning rate: 0.09588773128419906
Epoch 26 time: 235.94011998176575 seconds
Epoch 26 accuracy: 54.81%
Batch 100, Loss: 1.5000
Batch 200, Loss: 1.5516
Batch 300, Loss: 1.5407
Epoch 27 learning rate: 0.09557016383177226
Epoch 27 time: 235.80468273162842 seconds
Epoch 27 accuracy: 59.3%
Batch 100, Loss: 1.5003
Batch 200, Loss: 1.5239
Batch 300, Loss: 1.5362
Epoch 28 learning rate: 0.09524135262330098
Epoch 28 time: 236.02977228164673 seconds
Epoch 28 accuracy: 59.33%
Batch 100, Loss: 1.5030
Batch 200, Loss: 1.5254
Batch 300, Loss: 1.5516
Epoch 29 learning rate: 0.09490137878803079
Epoch 29 time: 235.905264377594 seconds
Epoch 29 accuracy: 57.87%
Batch 100, Loss: 1.4731
Batch 200, Loss: 1.5246
Batch 300, Loss: 1.5072
Epoch 30 learning rate: 0.0945503262094184
Epoch 30 time: 235.88518953323364 seconds
Epoch 30 accuracy: 58.1%
Batch 100, Loss: 1.4657
Batch 200, Loss: 1.4981
Batch 300, Loss: 1.5118
Epoch 31 learning rate: 0.0941882815044347
Epoch 31 time: 235.91159415245056 seconds
Epoch 31 accuracy: 55.46%
Batch 100, Loss: 1.4853
Batch 200, Loss: 1.4813
Batch 300, Loss: 1.5064
Epoch 32 learning rate: 0.09381533400219319
Epoch 32 time: 235.9489722251892 seconds
Epoch 32 accuracy: 58.13%
Batch 100, Loss: 1.4703
Batch 200, Loss: 1.4929
Batch 300, Loss: 1.5083
Epoch 33 learning rate: 0.09343157572190958
Epoch 33 time: 235.9126284122467 seconds
Epoch 33 accuracy: 60.05%
Batch 100, Loss: 1.4628
Batch 200, Loss: 1.4861
Batch 300, Loss: 1.4827
Epoch 34 learning rate: 0.0930371013501972
Epoch 34 time: 235.99669861793518 seconds
Epoch 34 accuracy: 58.16%
Batch 100, Loss: 1.4594
Batch 200, Loss: 1.4715
Batch 300, Loss: 1.4882
Epoch 35 learning rate: 0.09263200821770463
Epoch 35 time: 235.96346855163574 seconds
Epoch 35 accuracy: 61.18%
Batch 100, Loss: 1.4326
Batch 200, Loss: 1.4788
Batch 300, Loss: 1.4857
Epoch 36 learning rate: 0.09221639627510078
Epoch 36 time: 236.0201609134674 seconds
Epoch 36 accuracy: 59.31%
Batch 100, Loss: 1.4346
Batch 200, Loss: 1.4689
Batch 300, Loss: 1.5015
Epoch 37 learning rate: 0.09179036806841355
Epoch 37 time: 236.0291452407837 seconds
Epoch 37 accuracy: 58.95%
Batch 100, Loss: 1.4413
Batch 200, Loss: 1.4629
Batch 300, Loss: 1.4653
Epoch 38 learning rate: 0.09135402871372812
Epoch 38 time: 235.90262055397034 seconds
Epoch 38 accuracy: 60.96%
Batch 100, Loss: 1.3998
Batch 200, Loss: 1.4484
Batch 300, Loss: 1.4688
Epoch 39 learning rate: 0.0909074858712512
Epoch 39 time: 235.92030930519104 seconds
Epoch 39 accuracy: 61.14%
Batch 100, Loss: 1.4116
Batch 200, Loss: 1.4391
Batch 300, Loss: 1.4440
Epoch 40 learning rate: 0.09045084971874741
Epoch 40 time: 235.9561207294464 seconds
Epoch 40 accuracy: 61.18%
Batch 100, Loss: 1.4006
Batch 200, Loss: 1.4147
Batch 300, Loss: 1.4408
Epoch 41 learning rate: 0.08998423292435458
Epoch 41 time: 235.90309357643127 seconds
Epoch 41 accuracy: 60.49%
Batch 100, Loss: 1.3943
Batch 200, Loss: 1.4376
Batch 300, Loss: 1.4680
Epoch 42 learning rate: 0.08950775061878455
Epoch 42 time: 235.98931241035461 seconds
Epoch 42 accuracy: 59.45%
Batch 100, Loss: 1.3991
Batch 200, Loss: 1.4257
Batch 300, Loss: 1.4281
Epoch 43 learning rate: 0.08902152036691653
Epoch 43 time: 235.9342005252838 seconds
Epoch 43 accuracy: 61.65%
Batch 100, Loss: 1.3947
Batch 200, Loss: 1.4052
Batch 300, Loss: 1.4346
Epoch 44 learning rate: 0.08852566213878951
Epoch 44 time: 235.97513461112976 seconds
Epoch 44 accuracy: 57.51%
Batch 100, Loss: 1.3922
Batch 200, Loss: 1.3999
Batch 300, Loss: 1.4229
Epoch 45 learning rate: 0.0880202982800016
Epoch 45 time: 235.97357892990112 seconds
Epoch 45 accuracy: 61.47%
Batch 100, Loss: 1.3673
Batch 200, Loss: 1.4178
Batch 300, Loss: 1.4307
Epoch 46 learning rate: 0.08750555348152303
Epoch 46 time: 235.85602068901062 seconds
Epoch 46 accuracy: 61.48%
Batch 100, Loss: 1.3637
Batch 200, Loss: 1.4144
Batch 300, Loss: 1.4117
Epoch 47 learning rate: 0.08698155474893052
Epoch 47 time: 236.07359290122986 seconds
Epoch 47 accuracy: 60.48%
Batch 100, Loss: 1.3743
Batch 200, Loss: 1.3930
Batch 300, Loss: 1.4122
Epoch 48 learning rate: 0.08644843137107061
Epoch 48 time: 236.09396481513977 seconds
Epoch 48 accuracy: 61.21%
Batch 100, Loss: 1.3626
Batch 200, Loss: 1.3988
Batch 300, Loss: 1.4275
Epoch 49 learning rate: 0.08590631488815947
Epoch 49 time: 235.97495222091675 seconds
Epoch 49 accuracy: 62.33%
Batch 100, Loss: 1.3691
Batch 200, Loss: 1.3748
Batch 300, Loss: 1.3947
Epoch 50 learning rate: 0.0853553390593274
Epoch 50 time: 236.0355749130249 seconds
Epoch 50 accuracy: 60.33%
Batch 100, Loss: 1.3489
Batch 200, Loss: 1.3726
Batch 300, Loss: 1.3998
Epoch 51 learning rate: 0.08479563982961574
Epoch 51 time: 236.0577700138092 seconds
Epoch 51 accuracy: 58.06%
Batch 100, Loss: 1.3509
Batch 200, Loss: 1.3770
Batch 300, Loss: 1.3965
Epoch 52 learning rate: 0.08422735529643446
Epoch 52 time: 235.95178508758545 seconds
Epoch 52 accuracy: 61.69%
Batch 100, Loss: 1.3361
Batch 200, Loss: 1.3699
Batch 300, Loss: 1.3693
Epoch 53 learning rate: 0.08365062567548869
Epoch 53 time: 236.0006549358368 seconds
Epoch 53 accuracy: 61.99%
Batch 100, Loss: 1.3226
Batch 200, Loss: 1.3750
Batch 300, Loss: 1.3833
Epoch 54 learning rate: 0.08306559326618261
Epoch 54 time: 235.96988105773926 seconds
Epoch 54 accuracy: 61.32%
Batch 100, Loss: 1.3302
Batch 200, Loss: 1.3435
Batch 300, Loss: 1.3816
Epoch 55 learning rate: 0.0824724024165092
Epoch 55 time: 235.89413809776306 seconds
Epoch 55 accuracy: 60.56%
Batch 100, Loss: 1.3287
Batch 200, Loss: 1.3510
Batch 300, Loss: 1.3703
Epoch 56 learning rate: 0.0818711994874345
Epoch 56 time: 235.8999147415161 seconds
Epoch 56 accuracy: 62.2%
Batch 100, Loss: 1.3166
Batch 200, Loss: 1.3488
Batch 300, Loss: 1.3761
Epoch 57 learning rate: 0.08126213281678528
Epoch 57 time: 235.9626545906067 seconds
Epoch 57 accuracy: 61.37%
Batch 100, Loss: 1.3175
Batch 200, Loss: 1.3626
Batch 300, Loss: 1.3719
Epoch 58 learning rate: 0.08064535268264884
Epoch 58 time: 236.01917147636414 seconds
Epoch 58 accuracy: 62.88%
Batch 100, Loss: 1.3085
Batch 200, Loss: 1.3495
Batch 300, Loss: 1.3435
Epoch 59 learning rate: 0.08002101126629421
Epoch 59 time: 236.17345118522644 seconds
Epoch 59 accuracy: 58.82%
Batch 100, Loss: 1.3156
Batch 200, Loss: 1.3308
Batch 300, Loss: 1.3442
Epoch 60 learning rate: 0.07938926261462367
Epoch 60 time: 235.96068000793457 seconds
Epoch 60 accuracy: 59.53%
Batch 100, Loss: 1.3213
Batch 200, Loss: 1.3286
Batch 300, Loss: 1.3522
Epoch 61 learning rate: 0.07875026260216395
Epoch 61 time: 235.96862506866455 seconds
Epoch 61 accuracy: 62.28%
Batch 100, Loss: 1.2932
Batch 200, Loss: 1.3240
Batch 300, Loss: 1.3427
Epoch 62 learning rate: 0.07810416889260656
Epoch 62 time: 235.95378804206848 seconds
Epoch 62 accuracy: 60.18%
Batch 100, Loss: 1.2784
Batch 200, Loss: 1.2920
Batch 300, Loss: 1.3197
Epoch 63 learning rate: 0.07745114089990661
Epoch 63 time: 235.8801109790802 seconds
Epoch 63 accuracy: 61.51%
Batch 100, Loss: 1.2939
Batch 200, Loss: 1.2955
Batch 300, Loss: 1.3050
Epoch 64 learning rate: 0.07679133974894985
Epoch 64 time: 235.89572739601135 seconds
Epoch 64 accuracy: 58.87%
Batch 100, Loss: 1.2846
Batch 200, Loss: 1.2936
Batch 300, Loss: 1.3232
Epoch 65 learning rate: 0.07612492823579746
Epoch 65 time: 235.8691008090973 seconds
Epoch 65 accuracy: 63.34%
Batch 100, Loss: 1.2654
Batch 200, Loss: 1.3237
Batch 300, Loss: 1.3087
Epoch 66 learning rate: 0.07545207078751859
Epoch 66 time: 235.90526866912842 seconds
Epoch 66 accuracy: 62.64%
Batch 100, Loss: 1.2739
Batch 200, Loss: 1.2995
Batch 300, Loss: 1.3108
Epoch 67 learning rate: 0.0747729334216204
Epoch 67 time: 236.01698184013367 seconds
Epoch 67 accuracy: 62.52%
Batch 100, Loss: 1.2568
Batch 200, Loss: 1.2770
Batch 300, Loss: 1.3229
Epoch 68 learning rate: 0.07408768370508578
Epoch 68 time: 235.97695183753967 seconds
Epoch 68 accuracy: 63.69%
Batch 100, Loss: 1.2517
Batch 200, Loss: 1.2590
Batch 300, Loss: 1.3142
Epoch 69 learning rate: 0.0733964907130287
Epoch 69 time: 235.89965271949768 seconds
Epoch 69 accuracy: 63.78%
Batch 100, Loss: 1.2649
Batch 200, Loss: 1.2943
Batch 300, Loss: 1.2709
Epoch 70 learning rate: 0.07269952498697736
Epoch 70 time: 235.88610792160034 seconds
Epoch 70 accuracy: 65.05%
Batch 100, Loss: 1.2466
Batch 200, Loss: 1.2616
Batch 300, Loss: 1.2943
Epoch 71 learning rate: 0.07199695849279578
Epoch 71 time: 235.7686152458191 seconds
Epoch 71 accuracy: 62.19%
Batch 100, Loss: 1.2358
Batch 200, Loss: 1.2672
Batch 300, Loss: 1.2837
Epoch 72 learning rate: 0.07128896457825366
Epoch 72 time: 235.85318088531494 seconds
Epoch 72 accuracy: 64.02%
Batch 100, Loss: 1.2183
Batch 200, Loss: 1.2716
Batch 300, Loss: 1.2878
Epoch 73 learning rate: 0.07057571793025548
Epoch 73 time: 235.93559861183167 seconds
Epoch 73 accuracy: 64.85%
Batch 100, Loss: 1.2385
Batch 200, Loss: 1.2587
Batch 300, Loss: 1.2543
Epoch 74 learning rate: 0.06985739453173906
Epoch 74 time: 235.9640073776245 seconds
Epoch 74 accuracy: 64.38%
Batch 100, Loss: 1.2105
Batch 200, Loss: 1.2558
Batch 300, Loss: 1.2750
Epoch 75 learning rate: 0.06913417161825453
Epoch 75 time: 235.79531121253967 seconds
Epoch 75 accuracy: 65.5%
Batch 100, Loss: 1.2173
Batch 200, Loss: 1.2324
Batch 300, Loss: 1.2732
Epoch 76 learning rate: 0.06840622763423394
Epoch 76 time: 235.99408531188965 seconds
Epoch 76 accuracy: 64.59%
Batch 100, Loss: 1.2222
Batch 200, Loss: 1.2083
Batch 300, Loss: 1.2546
Epoch 77 learning rate: 0.0676737421889629
Epoch 77 time: 235.77342343330383 seconds
Epoch 77 accuracy: 64.87%
Batch 100, Loss: 1.1862
Batch 200, Loss: 1.2300
Batch 300, Loss: 1.2557
Epoch 78 learning rate: 0.06693689601226462
Epoch 78 time: 235.93958616256714 seconds
Epoch 78 accuracy: 65.72%
Batch 100, Loss: 1.1938
Batch 200, Loss: 1.2348
Batch 300, Loss: 1.2328
Epoch 79 learning rate: 0.06619587090990751
Epoch 79 time: 236.03159856796265 seconds
Epoch 79 accuracy: 65.81%
Batch 100, Loss: 1.1934
Batch 200, Loss: 1.2254
Batch 300, Loss: 1.2519
Epoch 80 learning rate: 0.06545084971874741
Epoch 80 time: 235.86960816383362 seconds
Epoch 80 accuracy: 64.24%
Batch 100, Loss: 1.1783
Batch 200, Loss: 1.2187
Batch 300, Loss: 1.2054
Epoch 81 learning rate: 0.06470201626161524
Epoch 81 time: 235.97022151947021 seconds
Epoch 81 accuracy: 64.61%
Batch 100, Loss: 1.1864
Batch 200, Loss: 1.2025
Batch 300, Loss: 1.2331
Epoch 82 learning rate: 0.06394955530196152
Epoch 82 time: 236.01801919937134 seconds
Epoch 82 accuracy: 66.54%
Batch 100, Loss: 1.1814
Batch 200, Loss: 1.1930
Batch 300, Loss: 1.2233
Epoch 83 learning rate: 0.06319365249826868
Epoch 83 time: 235.84753608703613 seconds
Epoch 83 accuracy: 64.58%
Batch 100, Loss: 1.1523
Batch 200, Loss: 1.2249
Batch 300, Loss: 1.1987
Epoch 84 learning rate: 0.06243449435824277
Epoch 84 time: 235.95063877105713 seconds
Epoch 84 accuracy: 66.81%
Batch 100, Loss: 1.1642
Batch 200, Loss: 1.1861
Batch 300, Loss: 1.1830
Epoch 85 learning rate: 0.06167226819279532
Epoch 85 time: 235.98835277557373 seconds
Epoch 85 accuracy: 65.68%
Batch 100, Loss: 1.1563
Batch 200, Loss: 1.1964
Batch 300, Loss: 1.1980
Epoch 86 learning rate: 0.06090716206982718
Epoch 86 time: 235.9478452205658 seconds
Epoch 86 accuracy: 67.91%
Batch 100, Loss: 1.1467
Batch 200, Loss: 1.1764
Batch 300, Loss: 1.1722
Epoch 87 learning rate: 0.06013936476782568
Epoch 87 time: 235.89493012428284 seconds
Epoch 87 accuracy: 65.44%
Batch 100, Loss: 1.1277
Batch 200, Loss: 1.1639
Batch 300, Loss: 1.1995
Epoch 88 learning rate: 0.05936906572928629
Epoch 88 time: 235.8927903175354 seconds
Epoch 88 accuracy: 65.21%
Batch 100, Loss: 1.1454
Batch 200, Loss: 1.1663
Batch 300, Loss: 1.1618
Epoch 89 learning rate: 0.05859645501397052
Epoch 89 time: 235.9775528907776 seconds
Epoch 89 accuracy: 66.07%
Batch 100, Loss: 1.1007
Batch 200, Loss: 1.1520
Batch 300, Loss: 1.1746
Epoch 90 learning rate: 0.05782172325201159
Epoch 90 time: 236.03802156448364 seconds
Epoch 90 accuracy: 66.63%
Batch 100, Loss: 1.1109
Batch 200, Loss: 1.1308
Batch 300, Loss: 1.1466
Epoch 91 learning rate: 0.057045061596879186
Epoch 91 time: 235.81345510482788 seconds
Epoch 91 accuracy: 67.36%
Batch 100, Loss: 1.1114
Batch 200, Loss: 1.1077
Batch 300, Loss: 1.1818
Epoch 92 learning rate: 0.056266661678215264
Epoch 92 time: 236.06217217445374 seconds
Epoch 92 accuracy: 67.4%
Batch 100, Loss: 1.1033
Batch 200, Loss: 1.1235
Batch 300, Loss: 1.1396
Epoch 93 learning rate: 0.055486715554552306
Epoch 93 time: 235.87296319007874 seconds
Epoch 93 accuracy: 66.34%
Batch 100, Loss: 1.1044
Batch 200, Loss: 1.1138
Batch 300, Loss: 1.1315
Epoch 94 learning rate: 0.05470541566592575
Epoch 94 time: 235.86129665374756 seconds
Epoch 94 accuracy: 66.64%
Batch 100, Loss: 1.0797
Batch 200, Loss: 1.1225
Batch 300, Loss: 1.1348
Epoch 95 learning rate: 0.05392295478639229
Epoch 95 time: 235.8115096092224 seconds
Epoch 95 accuracy: 67.57%
Batch 100, Loss: 1.0866
Batch 200, Loss: 1.1036
Batch 300, Loss: 1.1228
Epoch 96 learning rate: 0.05313952597646571
Epoch 96 time: 235.8592004776001 seconds
Epoch 96 accuracy: 67.0%
Batch 100, Loss: 1.0771
Batch 200, Loss: 1.0878
Batch 300, Loss: 1.1206
Epoch 97 learning rate: 0.05235532253548216
Epoch 97 time: 236.68163657188416 seconds
Epoch 97 accuracy: 68.95%
Batch 100, Loss: 1.0585
Batch 200, Loss: 1.0756
Batch 300, Loss: 1.1049
Epoch 98 learning rate: 0.051570537953906447
Epoch 98 time: 236.01942253112793 seconds
Epoch 98 accuracy: 67.22%
Batch 100, Loss: 1.0665
Batch 200, Loss: 1.0859
Batch 300, Loss: 1.0917
Epoch 99 learning rate: 0.05078536586559106
Epoch 99 time: 235.9705286026001 seconds
Epoch 99 accuracy: 68.57%
Batch 100, Loss: 1.0519
Batch 200, Loss: 1.0823
Batch 300, Loss: 1.0844
Epoch 100 learning rate: 0.050000000000000024
Epoch 100 time: 235.91017985343933 seconds
Epoch 100 accuracy: 67.71%
Batch 100, Loss: 1.0631
Batch 200, Loss: 1.0471
Batch 300, Loss: 1.0989
Epoch 101 learning rate: 0.049214634134409
Epoch 101 time: 235.9774670600891 seconds
Epoch 101 accuracy: 69.3%
Batch 100, Loss: 1.0380
Batch 200, Loss: 1.0559
Batch 300, Loss: 1.0693
Epoch 102 learning rate: 0.04842946204609361
Epoch 102 time: 235.91885089874268 seconds
Epoch 102 accuracy: 70.21%
Batch 100, Loss: 1.0244
Batch 200, Loss: 1.0435
Batch 300, Loss: 1.0817
Epoch 103 learning rate: 0.04764467746451789
Epoch 103 time: 235.9561288356781 seconds
Epoch 103 accuracy: 68.99%
Batch 100, Loss: 1.0146
Batch 200, Loss: 1.0415
Batch 300, Loss: 1.0441
Epoch 104 learning rate: 0.046860474023534354
Epoch 104 time: 236.06437754631042 seconds
Epoch 104 accuracy: 68.97%
Batch 100, Loss: 1.0335
Batch 200, Loss: 1.0206
Batch 300, Loss: 1.0652
Epoch 105 learning rate: 0.04607704521360778
Epoch 105 time: 235.99361515045166 seconds
Epoch 105 accuracy: 66.4%
Batch 100, Loss: 1.0184
Batch 200, Loss: 1.0137
Batch 300, Loss: 1.0497
Epoch 106 learning rate: 0.04529458433407431
Epoch 106 time: 235.9485638141632 seconds
Epoch 106 accuracy: 68.75%
Batch 100, Loss: 0.9889
Batch 200, Loss: 1.0080
Batch 300, Loss: 1.0321
Epoch 107 learning rate: 0.04451328444544776
Epoch 107 time: 235.89002132415771 seconds
Epoch 107 accuracy: 68.61%
Batch 100, Loss: 0.9711
Batch 200, Loss: 1.0120
Batch 300, Loss: 1.0226
Epoch 108 learning rate: 0.04373333832178482
Epoch 108 time: 235.96230363845825 seconds
Epoch 108 accuracy: 69.43%
Batch 100, Loss: 0.9766
Batch 200, Loss: 1.0227
Batch 300, Loss: 1.0141
Epoch 109 learning rate: 0.0429549384031209
Epoch 109 time: 235.9393072128296 seconds
Epoch 109 accuracy: 68.8%
Batch 100, Loss: 0.9720
Batch 200, Loss: 1.0011
Batch 300, Loss: 1.0154
Epoch 110 learning rate: 0.042178276747988484
Epoch 110 time: 235.94350457191467 seconds
Epoch 110 accuracy: 70.49%
Batch 100, Loss: 0.9679
Batch 200, Loss: 0.9992
Batch 300, Loss: 0.9894
Epoch 111 learning rate: 0.04140354498602954
Epoch 111 time: 235.90315866470337 seconds
Epoch 111 accuracy: 69.32%
Batch 100, Loss: 0.9507
Batch 200, Loss: 0.9975
Batch 300, Loss: 0.9824
Epoch 112 learning rate: 0.0406309342707138
Epoch 112 time: 236.02832674980164 seconds
Epoch 112 accuracy: 69.41%
Batch 100, Loss: 0.9467
Batch 200, Loss: 0.9608
Batch 300, Loss: 0.9894
Epoch 113 learning rate: 0.03986063523217441
Epoch 113 time: 235.99637579917908 seconds
Epoch 113 accuracy: 69.52%
Batch 100, Loss: 0.9269
Batch 200, Loss: 0.9654
Batch 300, Loss: 0.9887
Epoch 114 learning rate: 0.039092837930172916
Epoch 114 time: 235.766108751297 seconds
Epoch 114 accuracy: 70.65%
Batch 100, Loss: 0.9152
Batch 200, Loss: 0.9691
Batch 300, Loss: 0.9844
Epoch 115 learning rate: 0.03832773180720475
Epoch 115 time: 235.89528918266296 seconds
Epoch 115 accuracy: 71.84%
Batch 100, Loss: 0.9203
Batch 200, Loss: 0.9353
Batch 300, Loss: 0.9545
Epoch 116 learning rate: 0.037565505641757285
Epoch 116 time: 235.87967610359192 seconds
Epoch 116 accuracy: 71.4%
Batch 100, Loss: 0.8944
Batch 200, Loss: 0.9133
Batch 300, Loss: 0.9598
Epoch 117 learning rate: 0.03680634750173138
Epoch 117 time: 235.90774369239807 seconds
Epoch 117 accuracy: 71.03%
Batch 100, Loss: 0.8977
Batch 200, Loss: 0.8929
Batch 300, Loss: 0.9338
Epoch 118 learning rate: 0.036050444698038565
Epoch 118 time: 236.0414855480194 seconds
Epoch 118 accuracy: 71.62%
Batch 100, Loss: 0.8933
Batch 200, Loss: 0.9219
Batch 300, Loss: 0.9357
Epoch 119 learning rate: 0.03529798373838483
Epoch 119 time: 236.0030562877655 seconds
Epoch 119 accuracy: 71.85%
Batch 100, Loss: 0.8759
Batch 200, Loss: 0.9006
Batch 300, Loss: 0.9406
Epoch 120 learning rate: 0.03454915028125267
Epoch 120 time: 235.96153330802917 seconds
Epoch 120 accuracy: 71.02%
Batch 100, Loss: 0.8458
Batch 200, Loss: 0.9005
Batch 300, Loss: 0.9334
Epoch 121 learning rate: 0.03380412909009255
Epoch 121 time: 236.0115122795105 seconds
Epoch 121 accuracy: 71.03%
Batch 100, Loss: 0.8834
Batch 200, Loss: 0.8732
Batch 300, Loss: 0.9046
Epoch 122 learning rate: 0.03306310398773545
Epoch 122 time: 236.05216598510742 seconds
Epoch 122 accuracy: 70.4%
Batch 100, Loss: 0.8531
Batch 200, Loss: 0.8646
Batch 300, Loss: 0.8835
Epoch 123 learning rate: 0.03232625781103717
Epoch 123 time: 236.02459812164307 seconds
Epoch 123 accuracy: 71.63%
Batch 100, Loss: 0.8408
Batch 200, Loss: 0.8729
Batch 300, Loss: 0.8906
Epoch 124 learning rate: 0.03159377236576613
Epoch 124 time: 235.98145937919617 seconds
Epoch 124 accuracy: 71.71%
Batch 100, Loss: 0.8287
Batch 200, Loss: 0.8536
Batch 300, Loss: 0.8761
Epoch 125 learning rate: 0.030865828381745543
Epoch 125 time: 236.00498056411743 seconds
Epoch 125 accuracy: 72.46%
Batch 100, Loss: 0.8050
Batch 200, Loss: 0.8444
Batch 300, Loss: 0.8661
Epoch 126 learning rate: 0.03014260546826098
Epoch 126 time: 236.07252407073975 seconds
Epoch 126 accuracy: 71.32%
Batch 100, Loss: 0.8100
Batch 200, Loss: 0.8308
Batch 300, Loss: 0.8473
Epoch 127 learning rate: 0.02942428206974458
Epoch 127 time: 236.02428150177002 seconds
Epoch 127 accuracy: 71.98%
Batch 100, Loss: 0.8152
Batch 200, Loss: 0.8041
Batch 300, Loss: 0.8422
Epoch 128 learning rate: 0.028711035421746387
Epoch 128 time: 235.91709184646606 seconds
Epoch 128 accuracy: 72.97%
Batch 100, Loss: 0.8109
Batch 200, Loss: 0.8129
Batch 300, Loss: 0.8143
Epoch 129 learning rate: 0.02800304150720426
Epoch 129 time: 235.9124457836151 seconds
Epoch 129 accuracy: 71.72%
Batch 100, Loss: 0.7702
Batch 200, Loss: 0.7952
Batch 300, Loss: 0.8089
Epoch 130 learning rate: 0.02730047501302268
Epoch 130 time: 236.0674388408661 seconds
Epoch 130 accuracy: 73.06%
Batch 100, Loss: 0.7825
Batch 200, Loss: 0.7782
Batch 300, Loss: 0.8071
Epoch 131 learning rate: 0.026603509286971357
Epoch 131 time: 236.0282380580902 seconds
Epoch 131 accuracy: 72.43%
Batch 100, Loss: 0.7467
Batch 200, Loss: 0.7786
Batch 300, Loss: 0.8034
Epoch 132 learning rate: 0.025912316294914244
Epoch 132 time: 236.00437951087952 seconds
Epoch 132 accuracy: 73.16%
Batch 100, Loss: 0.7473
Batch 200, Loss: 0.7695
Batch 300, Loss: 0.7832
Epoch 133 learning rate: 0.025227066578379632
Epoch 133 time: 236.0353183746338 seconds
Epoch 133 accuracy: 72.03%
Batch 100, Loss: 0.7588
Batch 200, Loss: 0.7604
Batch 300, Loss: 0.7461
Epoch 134 learning rate: 0.024547929212481445
Epoch 134 time: 236.03964018821716 seconds
Epoch 134 accuracy: 73.99%
Batch 100, Loss: 0.7376
Batch 200, Loss: 0.7424
Batch 300, Loss: 0.7597
Epoch 135 learning rate: 0.02387507176420257
Epoch 135 time: 239.56921911239624 seconds
Epoch 135 accuracy: 73.33%
Batch 100, Loss: 0.7323
Batch 200, Loss: 0.7310
Batch 300, Loss: 0.7518
Epoch 136 learning rate: 0.023208660251050166
Epoch 136 time: 236.031911611557 seconds
Epoch 136 accuracy: 73.39%
Batch 100, Loss: 0.6959
Batch 200, Loss: 0.7203
Batch 300, Loss: 0.7406
Epoch 137 learning rate: 0.022548859100093414
Epoch 137 time: 236.06164026260376 seconds
Epoch 137 accuracy: 74.25%
Batch 100, Loss: 0.7116
Batch 200, Loss: 0.7079
Batch 300, Loss: 0.7305
Epoch 138 learning rate: 0.021895831107393474
Epoch 138 time: 236.09621334075928 seconds
Epoch 138 accuracy: 74.45%
Batch 100, Loss: 0.6937
Batch 200, Loss: 0.6874
Batch 300, Loss: 0.7294
Epoch 139 learning rate: 0.02124973739783608
Epoch 139 time: 236.11121320724487 seconds
Epoch 139 accuracy: 74.08%
Batch 100, Loss: 0.6853
Batch 200, Loss: 0.7130
Batch 300, Loss: 0.7082
Epoch 140 learning rate: 0.02061073738537636
Epoch 140 time: 236.77235960960388 seconds
Epoch 140 accuracy: 73.18%
Batch 100, Loss: 0.6620
Batch 200, Loss: 0.6757
Batch 300, Loss: 0.6898
Epoch 141 learning rate: 0.019978988733705814
Epoch 141 time: 235.9604721069336 seconds
Epoch 141 accuracy: 74.28%
Batch 100, Loss: 0.6539
Batch 200, Loss: 0.6725
Batch 300, Loss: 0.6766
Epoch 142 learning rate: 0.01935464731735118
Epoch 142 time: 235.95860195159912 seconds
Epoch 142 accuracy: 75.0%
Batch 100, Loss: 0.6407
Batch 200, Loss: 0.6624
Batch 300, Loss: 0.6689
Epoch 143 learning rate: 0.018737867183214747
Epoch 143 time: 236.06284999847412 seconds
Epoch 143 accuracy: 74.38%
Batch 100, Loss: 0.6450
Batch 200, Loss: 0.6489
Batch 300, Loss: 0.6603
Epoch 144 learning rate: 0.01812880051256552
Epoch 144 time: 236.0379593372345 seconds
Epoch 144 accuracy: 75.3%
Batch 100, Loss: 0.6149
Batch 200, Loss: 0.6232
Batch 300, Loss: 0.6526
Epoch 145 learning rate: 0.017527597583490827
Epoch 145 time: 236.04972672462463 seconds
Epoch 145 accuracy: 75.08%
Batch 100, Loss: 0.6230
Batch 200, Loss: 0.6269
Batch 300, Loss: 0.6397
Epoch 146 learning rate: 0.01693440673381742
Epoch 146 time: 236.03505420684814 seconds
Epoch 146 accuracy: 75.27%
Batch 100, Loss: 0.6013
Batch 200, Loss: 0.5860
Batch 300, Loss: 0.6177
Epoch 147 learning rate: 0.016349374324511334
Epoch 147 time: 236.00570917129517 seconds
Epoch 147 accuracy: 75.39%
Batch 100, Loss: 0.5854
Batch 200, Loss: 0.6022
Batch 300, Loss: 0.6175
Epoch 148 learning rate: 0.01577264470356557
Epoch 148 time: 235.93977999687195 seconds
Epoch 148 accuracy: 76.17%
Batch 100, Loss: 0.5736
Batch 200, Loss: 0.5886
Batch 300, Loss: 0.5999
Epoch 149 learning rate: 0.01520436017038429
Epoch 149 time: 236.11965990066528 seconds
Epoch 149 accuracy: 75.68%
Batch 100, Loss: 0.5589
Batch 200, Loss: 0.5797
Batch 300, Loss: 0.5725
Epoch 150 learning rate: 0.014644660940672632
Epoch 150 time: 236.0225100517273 seconds
Epoch 150 accuracy: 75.75%
Batch 100, Loss: 0.5552
Batch 200, Loss: 0.5613
Batch 300, Loss: 0.5572
Epoch 151 learning rate: 0.01409368511184057
Epoch 151 time: 236.1809434890747 seconds
Epoch 151 accuracy: 76.21%
Batch 100, Loss: 0.5541
Batch 200, Loss: 0.5393
Batch 300, Loss: 0.5689
Epoch 152 learning rate: 0.013551568628929438
Epoch 152 time: 236.08413434028625 seconds
Epoch 152 accuracy: 75.85%
Batch 100, Loss: 0.5276
Batch 200, Loss: 0.5381
Batch 300, Loss: 0.5528
Epoch 153 learning rate: 0.013018445251069516
Epoch 153 time: 236.06082272529602 seconds
Epoch 153 accuracy: 76.15%
Batch 100, Loss: 0.5283
Batch 200, Loss: 0.5391
Batch 300, Loss: 0.5494
Epoch 154 learning rate: 0.012494446518477026
Epoch 154 time: 236.04929447174072 seconds
Epoch 154 accuracy: 76.58%
Batch 100, Loss: 0.4957
Batch 200, Loss: 0.5244
Batch 300, Loss: 0.5327
Epoch 155 learning rate: 0.011979701719998459
Epoch 155 time: 236.03019046783447 seconds
Epoch 155 accuracy: 76.55%
Batch 100, Loss: 0.4973
Batch 200, Loss: 0.4917
Batch 300, Loss: 0.5275
Epoch 156 learning rate: 0.011474337861210548
Epoch 156 time: 235.99960851669312 seconds
Epoch 156 accuracy: 76.77%
Batch 100, Loss: 0.4805
Batch 200, Loss: 0.4827
Batch 300, Loss: 0.5038
Epoch 157 learning rate: 0.010978479633083526
Epoch 157 time: 236.07897233963013 seconds
Epoch 157 accuracy: 76.67%
Batch 100, Loss: 0.4823
Batch 200, Loss: 0.4772
Batch 300, Loss: 0.5008
Epoch 158 learning rate: 0.010492249381215483
Epoch 158 time: 236.1127860546112 seconds
Epoch 158 accuracy: 77.65%
Batch 100, Loss: 0.4664
Batch 200, Loss: 0.4893
Batch 300, Loss: 0.4689
Epoch 159 learning rate: 0.010015767075645474
Epoch 159 time: 236.225444316864 seconds
Epoch 159 accuracy: 76.9%
Batch 100, Loss: 0.4602
Batch 200, Loss: 0.4662
Batch 300, Loss: 0.4669
Epoch 160 learning rate: 0.009549150281252637
Epoch 160 time: 236.04144620895386 seconds
Epoch 160 accuracy: 77.54%
Batch 100, Loss: 0.4420
Batch 200, Loss: 0.4455
Batch 300, Loss: 0.4712
Epoch 161 learning rate: 0.00909251412874884
Epoch 161 time: 236.0488486289978 seconds
Epoch 161 accuracy: 77.57%
Batch 100, Loss: 0.4309
Batch 200, Loss: 0.4348
Batch 300, Loss: 0.4517
Epoch 162 learning rate: 0.008645971286271918
Epoch 162 time: 236.10593223571777 seconds
Epoch 162 accuracy: 77.28%
Batch 100, Loss: 0.4254
Batch 200, Loss: 0.4350
Batch 300, Loss: 0.4437
Epoch 163 learning rate: 0.008209631931586501
Epoch 163 time: 236.06539297103882 seconds
Epoch 163 accuracy: 77.94%
Batch 100, Loss: 0.4169
Batch 200, Loss: 0.4216
Batch 300, Loss: 0.4126
Epoch 164 learning rate: 0.0077836037248992605
Epoch 164 time: 235.94230842590332 seconds
Epoch 164 accuracy: 77.84%
Batch 100, Loss: 0.4138
Batch 200, Loss: 0.4094
Batch 300, Loss: 0.4170
Epoch 165 learning rate: 0.0073679917822954055
Epoch 165 time: 236.0036268234253 seconds
Epoch 165 accuracy: 78.27%
Batch 100, Loss: 0.4084
Batch 200, Loss: 0.4031
Batch 300, Loss: 0.4013
Epoch 166 learning rate: 0.006962898649802815
Epoch 166 time: 236.0943329334259 seconds
Epoch 166 accuracy: 78.1%
Batch 100, Loss: 0.3845
Batch 200, Loss: 0.3896
Batch 300, Loss: 0.3934
Epoch 167 learning rate: 0.006568424278090438
Epoch 167 time: 236.0530230998993 seconds
Epoch 167 accuracy: 78.01%
Batch 100, Loss: 0.3684
Batch 200, Loss: 0.3792
Batch 300, Loss: 0.3945
Epoch 168 learning rate: 0.006184665997806824
Epoch 168 time: 236.0839912891388 seconds
Epoch 168 accuracy: 78.29%
Batch 100, Loss: 0.3601
Batch 200, Loss: 0.3707
Batch 300, Loss: 0.3798
Epoch 169 learning rate: 0.00581171849556533
Epoch 169 time: 236.03697156906128 seconds
Epoch 169 accuracy: 78.56%
Batch 100, Loss: 0.3627
Batch 200, Loss: 0.3607
Batch 300, Loss: 0.3620
Epoch 170 learning rate: 0.0054496737905816136
Epoch 170 time: 236.10218477249146 seconds
Epoch 170 accuracy: 79.03%
Batch 100, Loss: 0.3472
Batch 200, Loss: 0.3638
Batch 300, Loss: 0.3612
Epoch 171 learning rate: 0.005098621211969226
Epoch 171 time: 236.06798100471497 seconds
Epoch 171 accuracy: 78.42%
Batch 100, Loss: 0.3460
Batch 200, Loss: 0.3362
Batch 300, Loss: 0.3347
Epoch 172 learning rate: 0.004758647376699035
Epoch 172 time: 236.12229442596436 seconds
Epoch 172 accuracy: 79.04%
Batch 100, Loss: 0.3395
Batch 200, Loss: 0.3363
Batch 300, Loss: 0.3354
Epoch 173 learning rate: 0.00442983616822775
Epoch 173 time: 236.12127113342285 seconds
Epoch 173 accuracy: 79.27%
Batch 100, Loss: 0.3349
Batch 200, Loss: 0.3289
Batch 300, Loss: 0.3338
Epoch 174 learning rate: 0.004112268715800957
Epoch 174 time: 235.9925651550293 seconds
Epoch 174 accuracy: 79.72%
Batch 100, Loss: 0.3205
Batch 200, Loss: 0.3276
Batch 300, Loss: 0.3236
Epoch 175 learning rate: 0.003806023374435677
Epoch 175 time: 235.9699351787567 seconds
Epoch 175 accuracy: 79.93%
Batch 100, Loss: 0.3181
Batch 200, Loss: 0.3249
Batch 300, Loss: 0.3150
Epoch 176 learning rate: 0.003511175705587435
Epoch 176 time: 236.04042530059814 seconds
Epoch 176 accuracy: 79.76%
Batch 100, Loss: 0.3046
Batch 200, Loss: 0.3052
Batch 300, Loss: 0.3092
Epoch 177 learning rate: 0.0032277984585066333
Epoch 177 time: 235.96388792991638 seconds
Epoch 177 accuracy: 79.89%
Batch 100, Loss: 0.3014
Batch 200, Loss: 0.3070
Batch 300, Loss: 0.3048
Epoch 178 learning rate: 0.002955961552288729
Epoch 178 time: 236.0679247379303 seconds
Epoch 178 accuracy: 79.35%
Batch 100, Loss: 0.2989
Batch 200, Loss: 0.3096
Batch 300, Loss: 0.2979
Epoch 179 learning rate: 0.0026957320586227366
Epoch 179 time: 236.0082447528839 seconds
Epoch 179 accuracy: 80.12%
Batch 100, Loss: 0.2949
Batch 200, Loss: 0.3014
Batch 300, Loss: 0.2892
Epoch 180 learning rate: 0.002447174185242325
Epoch 180 time: 236.00492572784424 seconds
Epoch 180 accuracy: 79.72%
Batch 100, Loss: 0.2884
Batch 200, Loss: 0.2966
Batch 300, Loss: 0.2845
Epoch 181 learning rate: 0.0022103492600834954
Epoch 181 time: 236.0828549861908 seconds
Epoch 181 accuracy: 80.32%
Batch 100, Loss: 0.2818
Batch 200, Loss: 0.2900
Batch 300, Loss: 0.2867
Epoch 182 learning rate: 0.0019853157161528537
Epoch 182 time: 243.72016549110413 seconds
Epoch 182 accuracy: 80.17%
Batch 100, Loss: 0.2777
Batch 200, Loss: 0.2738
Batch 300, Loss: 0.2906
Epoch 183 learning rate: 0.001772129077110103
Epoch 183 time: 236.02186822891235 seconds
Epoch 183 accuracy: 80.48%
Batch 100, Loss: 0.2738
Batch 200, Loss: 0.2711
Batch 300, Loss: 0.2746
Epoch 184 learning rate: 0.0015708419435684529
Epoch 184 time: 236.15859746932983 seconds
Epoch 184 accuracy: 80.51%
Batch 100, Loss: 0.2752
Batch 200, Loss: 0.2623
Batch 300, Loss: 0.2834
Epoch 185 learning rate: 0.0013815039801161732
Epoch 185 time: 236.08228850364685 seconds
Epoch 185 accuracy: 80.78%
Batch 100, Loss: 0.2630
Batch 200, Loss: 0.2681
Batch 300, Loss: 0.2680
Epoch 186 learning rate: 0.0012041619030626347
Epoch 186 time: 236.02103114128113 seconds
Epoch 186 accuracy: 80.58%
Batch 100, Loss: 0.2621
Batch 200, Loss: 0.2633
Batch 300, Loss: 0.2602
Epoch 187 learning rate: 0.0010388594689117077
Epoch 187 time: 236.04921054840088 seconds
Epoch 187 accuracy: 80.85%
Batch 100, Loss: 0.2565
Batch 200, Loss: 0.2715
Batch 300, Loss: 0.2586
Epoch 188 learning rate: 0.0008856374635655645
Epoch 188 time: 236.08291101455688 seconds
Epoch 188 accuracy: 80.74%
Batch 100, Loss: 0.2644
Batch 200, Loss: 0.2674
Batch 300, Loss: 0.2646
Epoch 189 learning rate: 0.000744533692261307
Epoch 189 time: 235.96438145637512 seconds
Epoch 189 accuracy: 80.74%
Batch 100, Loss: 0.2541
Batch 200, Loss: 0.2485
Batch 300, Loss: 0.2499
Epoch 190 learning rate: 0.0006155829702431174
Epoch 190 time: 235.9772183895111 seconds
Epoch 190 accuracy: 80.76%
Batch 100, Loss: 0.2567
Batch 200, Loss: 0.2564
Batch 300, Loss: 0.2519
Epoch 191 learning rate: 0.0004988171141721235
Epoch 191 time: 236.14297771453857 seconds
Epoch 191 accuracy: 80.81%
Batch 100, Loss: 0.2504
Batch 200, Loss: 0.2533
Batch 300, Loss: 0.2513
Epoch 192 learning rate: 0.00039426493427611206
Epoch 192 time: 236.11406540870667 seconds
Epoch 192 accuracy: 80.71%
Batch 100, Loss: 0.2567
Batch 200, Loss: 0.2498
Batch 300, Loss: 0.2428
Epoch 193 learning rate: 0.00030195222724102046
Epoch 193 time: 236.06085872650146 seconds
Epoch 193 accuracy: 80.71%
Batch 100, Loss: 0.2584
Batch 200, Loss: 0.2432
Batch 300, Loss: 0.2467
Epoch 194 learning rate: 0.00022190176984600036
Epoch 194 time: 236.14440655708313 seconds
Epoch 194 accuracy: 80.89%
Batch 100, Loss: 0.2435
Batch 200, Loss: 0.2479
Batch 300, Loss: 0.2500
Epoch 195 learning rate: 0.00015413331334360192
Epoch 195 time: 236.0676507949829 seconds
Epoch 195 accuracy: 80.94%
Batch 100, Loss: 0.2510
Batch 200, Loss: 0.2470
Batch 300, Loss: 0.2505
Epoch 196 learning rate: 9.866357858642213e-05
Epoch 196 time: 236.09591484069824 seconds
Epoch 196 accuracy: 80.98%
Batch 100, Loss: 0.2516
Batch 200, Loss: 0.2389
Batch 300, Loss: 0.2451
Epoch 197 learning rate: 5.5506251901504864e-05
Epoch 197 time: 236.0199704170227 seconds
Epoch 197 accuracy: 80.88%
Batch 100, Loss: 0.2478
Batch 200, Loss: 0.2402
Batch 300, Loss: 0.2504
Epoch 198 learning rate: 2.4671981713420017e-05
Epoch 198 time: 235.98995423316956 seconds
Epoch 198 accuracy: 80.92%
Batch 100, Loss: 0.2430
Batch 200, Loss: 0.2356
Batch 300, Loss: 0.2497
Epoch 199 learning rate: 6.168375916970619e-06
Epoch 199 time: 236.08894300460815 seconds
Epoch 199 accuracy: 80.84%
Batch 100, Loss: 0.2405
Batch 200, Loss: 0.2437
Batch 300, Loss: 0.2506
Epoch 200 learning rate: 0.0
Epoch 200 time: 236.0376660823822 seconds
Epoch 200 accuracy: 80.88%
Total training time: 47220.55710244179 seconds
