The following modules were not unloaded:
  (Use "module --force purge" to unload all):

  1) CCconfig        6)  ucx/1.14.1         11) flexiblas/3.3.1
  2) gentoo/2023     7)  libfabric/1.18.0   12) imkl/2023.2.0
  3) gcccore/.12.3   8)  pmix/4.2.4         13) StdEnv/2023
  4) gcc/12.3        9)  ucc/1.2.0
  5) hwloc/2.9.1     10) openmpi/4.1.5
/project/6070520/tkleinkn/Vanilla-GAM/main_cifar.py:187: UserWarning: You have chosen a specific GPU. This will completely disable data parallelism.
  warnings.warn('You have chosen a specific GPU. This will completely '
model name space ['resnet101_c', 'resnet152_c', 'resnet18_c', 'resnet34_c', 'resnet50_c']
Use GPU: 0 for training
=> creating model 'resnet18_c'
Files already downloaded and verified
Files already downloaded and verified
tensorboard dir ./results/CIFAR100/GAMNonAccelerated
Using non-accelerated GAM
/home/tkleinkn/GAMtest/lib/python3.11/site-packages/torch/autograd/graph.py:744: UserWarning: Using backward() with create_graph=True will create a reference cycle between the parameter and its gradient which can cause a memory leak. We recommend using autograd.grad when creating the graph to avoid this. If you have to use this function, make sure to reset the .grad fields of your parameters to None after use to break the cycle and avoid the leak. (Triggered internally at /home/coulombc/wheels_builder/tmp.2617/python-3.11/torch/torch/csrc/autograd/engine.cpp:1203.)
  return Variable._execution_engine.run_backward(  # Calls into the C++ engine to run the backward pass
Batch 100, Loss: 3.8455
Batch 200, Loss: 3.5924
Batch 300, Loss: 3.5089
Epoch 1 learning rate: 0.09999383162408304
Epoch 1 time: 248.0294210910797 seconds
Epoch 1 accuracy: 9.7%
Batch 100, Loss: 3.4068
Batch 200, Loss: 3.3572
Batch 300, Loss: 3.2929
Epoch 2 learning rate: 0.09997532801828658
Epoch 2 time: 236.27711176872253 seconds
Epoch 2 accuracy: 15.57%
Batch 100, Loss: 3.1701
Batch 200, Loss: 3.0973
Batch 300, Loss: 3.0550
Epoch 3 learning rate: 0.09994449374809851
Epoch 3 time: 236.27351188659668 seconds
Epoch 3 accuracy: 21.33%
Batch 100, Loss: 2.9071
Batch 200, Loss: 2.8467
Batch 300, Loss: 2.7569
Epoch 4 learning rate: 0.09990133642141359
Epoch 4 time: 236.24678683280945 seconds
Epoch 4 accuracy: 28.84%
Batch 100, Loss: 2.6159
Batch 200, Loss: 2.5382
Batch 300, Loss: 2.5158
Epoch 5 learning rate: 0.09984586668665642
Epoch 5 time: 236.3686592578888 seconds
Epoch 5 accuracy: 31.88%
Batch 100, Loss: 2.3838
Batch 200, Loss: 2.3565
Batch 300, Loss: 2.3121
Epoch 6 learning rate: 0.09977809823015402
Epoch 6 time: 236.1315484046936 seconds
Epoch 6 accuracy: 37.51%
Batch 100, Loss: 2.2367
Batch 200, Loss: 2.1826
Batch 300, Loss: 2.1796
Epoch 7 learning rate: 0.09969804777275901
Epoch 7 time: 235.9982190132141 seconds
Epoch 7 accuracy: 41.92%
Batch 100, Loss: 2.1033
Batch 200, Loss: 2.0697
Batch 300, Loss: 2.0652
Epoch 8 learning rate: 0.09960573506572391
Epoch 8 time: 235.84972620010376 seconds
Epoch 8 accuracy: 41.92%
Batch 100, Loss: 1.9954
Batch 200, Loss: 1.9860
Batch 300, Loss: 1.9763
Epoch 9 learning rate: 0.09950118288582789
Epoch 9 time: 236.06776094436646 seconds
Epoch 9 accuracy: 45.92%
Batch 100, Loss: 1.9264
Batch 200, Loss: 1.9233
Batch 300, Loss: 1.8960
Epoch 10 learning rate: 0.09938441702975691
Epoch 10 time: 236.1614487171173 seconds
Epoch 10 accuracy: 47.53%
Batch 100, Loss: 1.8571
Batch 200, Loss: 1.8680
Batch 300, Loss: 1.8650
Epoch 11 learning rate: 0.09925546630773871
Epoch 11 time: 236.15397262573242 seconds
Epoch 11 accuracy: 49.89%
Batch 100, Loss: 1.8137
Batch 200, Loss: 1.8366
Batch 300, Loss: 1.8072
Epoch 12 learning rate: 0.09911436253643445
Epoch 12 time: 236.06026339530945 seconds
Epoch 12 accuracy: 49.53%
Batch 100, Loss: 1.7717
Batch 200, Loss: 1.7743
Batch 300, Loss: 1.7578
Epoch 13 learning rate: 0.0989611405310883
Epoch 13 time: 236.01016497612 seconds
Epoch 13 accuracy: 52.11%
Batch 100, Loss: 1.7129
Batch 200, Loss: 1.7510
Batch 300, Loss: 1.7280
Epoch 14 learning rate: 0.09879583809693739
Epoch 14 time: 236.26676273345947 seconds
Epoch 14 accuracy: 52.07%
Batch 100, Loss: 1.7003
Batch 200, Loss: 1.7327
Batch 300, Loss: 1.7299
Epoch 15 learning rate: 0.09861849601988384
Epoch 15 time: 235.99830389022827 seconds
Epoch 15 accuracy: 50.87%
Batch 100, Loss: 1.6668
Batch 200, Loss: 1.7184
Batch 300, Loss: 1.7090
Epoch 16 learning rate: 0.09842915805643157
Epoch 16 time: 236.10646843910217 seconds
Epoch 16 accuracy: 52.02%
Batch 100, Loss: 1.6493
Batch 200, Loss: 1.6555
Batch 300, Loss: 1.6697
Epoch 17 learning rate: 0.09822787092288993
Epoch 17 time: 236.13127636909485 seconds
Epoch 17 accuracy: 53.22%
Batch 100, Loss: 1.6402
Batch 200, Loss: 1.6469
Batch 300, Loss: 1.6722
Epoch 18 learning rate: 0.09801468428384717
Epoch 18 time: 236.15731477737427 seconds
Epoch 18 accuracy: 55.99%
Batch 100, Loss: 1.6056
Batch 200, Loss: 1.6326
Batch 300, Loss: 1.6478
Epoch 19 learning rate: 0.09778965073991652
Epoch 19 time: 235.9904282093048 seconds
Epoch 19 accuracy: 56.16%
Batch 100, Loss: 1.5887
Batch 200, Loss: 1.6206
Batch 300, Loss: 1.6227
Epoch 20 learning rate: 0.0975528258147577
Epoch 20 time: 236.0214922428131 seconds
Epoch 20 accuracy: 54.35%
Batch 100, Loss: 1.5791
Batch 200, Loss: 1.5996
Batch 300, Loss: 1.6300
Epoch 21 learning rate: 0.09730426794137728
Epoch 21 time: 236.05812287330627 seconds
Epoch 21 accuracy: 54.04%
Batch 100, Loss: 1.5527
Batch 200, Loss: 1.5927
Batch 300, Loss: 1.5848
Epoch 22 learning rate: 0.09704403844771128
Epoch 22 time: 235.91796779632568 seconds
Epoch 22 accuracy: 57.22%
Batch 100, Loss: 1.5500
Batch 200, Loss: 1.5836
Batch 300, Loss: 1.5865
Epoch 23 learning rate: 0.09677220154149338
Epoch 23 time: 235.8435833454132 seconds
Epoch 23 accuracy: 55.74%
Batch 100, Loss: 1.5450
Batch 200, Loss: 1.5654
Batch 300, Loss: 1.5481
Epoch 24 learning rate: 0.09648882429441258
Epoch 24 time: 236.27836346626282 seconds
Epoch 24 accuracy: 58.08%
Batch 100, Loss: 1.5404
Batch 200, Loss: 1.5453
Batch 300, Loss: 1.5528
Epoch 25 learning rate: 0.09619397662556435
Epoch 25 time: 236.10410928726196 seconds
Epoch 25 accuracy: 57.77%
Batch 100, Loss: 1.5210
Batch 200, Loss: 1.5239
Batch 300, Loss: 1.5502
Epoch 26 learning rate: 0.09588773128419906
Epoch 26 time: 236.06381607055664 seconds
Epoch 26 accuracy: 57.11%
Batch 100, Loss: 1.5096
Batch 200, Loss: 1.5336
Batch 300, Loss: 1.5477
Epoch 27 learning rate: 0.09557016383177226
Epoch 27 time: 235.97351789474487 seconds
Epoch 27 accuracy: 52.11%
Batch 100, Loss: 1.5140
Batch 200, Loss: 1.5336
Batch 300, Loss: 1.5271
Epoch 28 learning rate: 0.09524135262330098
Epoch 28 time: 236.3147177696228 seconds
Epoch 28 accuracy: 57.67%
Batch 100, Loss: 1.5022
Batch 200, Loss: 1.5079
Batch 300, Loss: 1.5316
Epoch 29 learning rate: 0.09490137878803079
Epoch 29 time: 236.16020941734314 seconds
Epoch 29 accuracy: 56.18%
Batch 100, Loss: 1.4569
Batch 200, Loss: 1.5050
Batch 300, Loss: 1.5178
Epoch 30 learning rate: 0.0945503262094184
Epoch 30 time: 235.9819791316986 seconds
Epoch 30 accuracy: 56.59%
Batch 100, Loss: 1.4601
Batch 200, Loss: 1.5076
Batch 300, Loss: 1.5080
Epoch 31 learning rate: 0.0941882815044347
Epoch 31 time: 235.97958040237427 seconds
Epoch 31 accuracy: 57.32%
Batch 100, Loss: 1.4781
Batch 200, Loss: 1.4829
Batch 300, Loss: 1.5072
Epoch 32 learning rate: 0.09381533400219319
Epoch 32 time: 236.16887784004211 seconds
Epoch 32 accuracy: 58.82%
Batch 100, Loss: 1.4635
Batch 200, Loss: 1.4947
Batch 300, Loss: 1.4933
Epoch 33 learning rate: 0.09343157572190958
Epoch 33 time: 236.08396005630493 seconds
Epoch 33 accuracy: 58.77%
Batch 100, Loss: 1.4641
Batch 200, Loss: 1.4834
Batch 300, Loss: 1.4642
Epoch 34 learning rate: 0.0930371013501972
Epoch 34 time: 235.77154922485352 seconds
Epoch 34 accuracy: 52.88%
Batch 100, Loss: 1.4559
Batch 200, Loss: 1.4928
Batch 300, Loss: 1.4822
Epoch 35 learning rate: 0.09263200821770463
Epoch 35 time: 235.89546513557434 seconds
Epoch 35 accuracy: 58.69%
Batch 100, Loss: 1.4103
Batch 200, Loss: 1.4714
Batch 300, Loss: 1.4897
Epoch 36 learning rate: 0.09221639627510078
Epoch 36 time: 236.16043329238892 seconds
Epoch 36 accuracy: 59.48%
Batch 100, Loss: 1.4358
Batch 200, Loss: 1.4492
Batch 300, Loss: 1.4679
Epoch 37 learning rate: 0.09179036806841355
Epoch 37 time: 236.25271010398865 seconds
Epoch 37 accuracy: 59.05%
Batch 100, Loss: 1.4257
Batch 200, Loss: 1.4464
Batch 300, Loss: 1.4661
Epoch 38 learning rate: 0.09135402871372812
Epoch 38 time: 236.0029900074005 seconds
Epoch 38 accuracy: 62.34%
Batch 100, Loss: 1.4245
Batch 200, Loss: 1.4233
Batch 300, Loss: 1.4576
Epoch 39 learning rate: 0.0909074858712512
Epoch 39 time: 236.14565300941467 seconds
Epoch 39 accuracy: 56.66%
Batch 100, Loss: 1.4175
Batch 200, Loss: 1.4350
Batch 300, Loss: 1.4632
Epoch 40 learning rate: 0.09045084971874741
Epoch 40 time: 236.0166313648224 seconds
Epoch 40 accuracy: 61.52%
Batch 100, Loss: 1.3909
Batch 200, Loss: 1.4425
Batch 300, Loss: 1.4335
Epoch 41 learning rate: 0.08998423292435458
Epoch 41 time: 236.207172870636 seconds
Epoch 41 accuracy: 56.73%
Batch 100, Loss: 1.4211
Batch 200, Loss: 1.4480
Batch 300, Loss: 1.4426
Epoch 42 learning rate: 0.08950775061878455
Epoch 42 time: 235.97375202178955 seconds
Epoch 42 accuracy: 59.78%
Batch 100, Loss: 1.4177
Batch 200, Loss: 1.4084
Batch 300, Loss: 1.4291
Epoch 43 learning rate: 0.08902152036691653
Epoch 43 time: 236.03511142730713 seconds
Epoch 43 accuracy: 58.68%
Batch 100, Loss: 1.3924
Batch 200, Loss: 1.4295
Batch 300, Loss: 1.4185
Epoch 44 learning rate: 0.08852566213878951
Epoch 44 time: 236.08075761795044 seconds
Epoch 44 accuracy: 60.06%
Batch 100, Loss: 1.3909
Batch 200, Loss: 1.4122
Batch 300, Loss: 1.4429
Epoch 45 learning rate: 0.0880202982800016
Epoch 45 time: 236.23917651176453 seconds
Epoch 45 accuracy: 59.33%
Batch 100, Loss: 1.4142
Batch 200, Loss: 1.4074
Batch 300, Loss: 1.4214
Epoch 46 learning rate: 0.08750555348152303
Epoch 46 time: 236.122252702713 seconds
Epoch 46 accuracy: 61.06%
Batch 100, Loss: 1.3730
Batch 200, Loss: 1.3961
Batch 300, Loss: 1.4075
Epoch 47 learning rate: 0.08698155474893052
Epoch 47 time: 236.0602355003357 seconds
Epoch 47 accuracy: 61.15%
Batch 100, Loss: 1.3632
Batch 200, Loss: 1.3692
Batch 300, Loss: 1.4186
Epoch 48 learning rate: 0.08644843137107061
Epoch 48 time: 236.1718692779541 seconds
Epoch 48 accuracy: 61.35%
Batch 100, Loss: 1.3605
Batch 200, Loss: 1.3785
Batch 300, Loss: 1.3847
Epoch 49 learning rate: 0.08590631488815947
Epoch 49 time: 236.1815505027771 seconds
Epoch 49 accuracy: 61.77%
Batch 100, Loss: 1.3616
Batch 200, Loss: 1.3738
Batch 300, Loss: 1.3972
Epoch 50 learning rate: 0.0853553390593274
Epoch 50 time: 235.86881065368652 seconds
Epoch 50 accuracy: 60.84%
Batch 100, Loss: 1.3636
Batch 200, Loss: 1.3657
Batch 300, Loss: 1.4078
Epoch 51 learning rate: 0.08479563982961574
Epoch 51 time: 236.33648204803467 seconds
Epoch 51 accuracy: 58.84%
Batch 100, Loss: 1.3407
Batch 200, Loss: 1.3780
Batch 300, Loss: 1.3843
Epoch 52 learning rate: 0.08422735529643446
Epoch 52 time: 236.31151342391968 seconds
Epoch 52 accuracy: 59.71%
Batch 100, Loss: 1.3257
Batch 200, Loss: 1.3803
Batch 300, Loss: 1.3867
Epoch 53 learning rate: 0.08365062567548869
Epoch 53 time: 236.03979802131653 seconds
Epoch 53 accuracy: 60.71%
Batch 100, Loss: 1.3441
Batch 200, Loss: 1.3408
Batch 300, Loss: 1.3766
Epoch 54 learning rate: 0.08306559326618261
Epoch 54 time: 236.22838306427002 seconds
Epoch 54 accuracy: 61.13%
Batch 100, Loss: 1.3434
Batch 200, Loss: 1.3498
Batch 300, Loss: 1.3667
Epoch 55 learning rate: 0.0824724024165092
Epoch 55 time: 236.15267324447632 seconds
Epoch 55 accuracy: 60.93%
Batch 100, Loss: 1.3145
Batch 200, Loss: 1.3544
Batch 300, Loss: 1.3565
Epoch 56 learning rate: 0.0818711994874345
Epoch 56 time: 236.11879467964172 seconds
Epoch 56 accuracy: 62.47%
Batch 100, Loss: 1.3042
Batch 200, Loss: 1.3409
Batch 300, Loss: 1.3564
Epoch 57 learning rate: 0.08126213281678528
Epoch 57 time: 236.15339350700378 seconds
Epoch 57 accuracy: 61.43%
Batch 100, Loss: 1.3199
Batch 200, Loss: 1.3483
Batch 300, Loss: 1.3658
Epoch 58 learning rate: 0.08064535268264884
Epoch 58 time: 236.07473039627075 seconds
Epoch 58 accuracy: 63.05%
Batch 100, Loss: 1.3011
Batch 200, Loss: 1.3638
Batch 300, Loss: 1.3554
Epoch 59 learning rate: 0.08002101126629421
Epoch 59 time: 236.54236936569214 seconds
Epoch 59 accuracy: 62.1%
Batch 100, Loss: 1.3256
Batch 200, Loss: 1.3180
Batch 300, Loss: 1.3383
Epoch 60 learning rate: 0.07938926261462367
Epoch 60 time: 236.15556716918945 seconds
Epoch 60 accuracy: 62.85%
Batch 100, Loss: 1.2973
Batch 200, Loss: 1.3218
Batch 300, Loss: 1.3458
Epoch 61 learning rate: 0.07875026260216395
Epoch 61 time: 236.1157443523407 seconds
Epoch 61 accuracy: 62.75%
Batch 100, Loss: 1.3002
Batch 200, Loss: 1.3165
Batch 300, Loss: 1.3475
Epoch 62 learning rate: 0.07810416889260656
Epoch 62 time: 236.1183533668518 seconds
Epoch 62 accuracy: 62.8%
Batch 100, Loss: 1.2850
Batch 200, Loss: 1.3173
Batch 300, Loss: 1.3351
Epoch 63 learning rate: 0.07745114089990661
Epoch 63 time: 236.10711646080017 seconds
Epoch 63 accuracy: 62.97%
Batch 100, Loss: 1.2772
Batch 200, Loss: 1.3258
Batch 300, Loss: 1.2974
Epoch 64 learning rate: 0.07679133974894985
Epoch 64 time: 236.0977499485016 seconds
Epoch 64 accuracy: 61.74%
Batch 100, Loss: 1.2565
Batch 200, Loss: 1.3225
Batch 300, Loss: 1.3262
Epoch 65 learning rate: 0.07612492823579746
Epoch 65 time: 236.1961691379547 seconds
Epoch 65 accuracy: 63.04%
Batch 100, Loss: 1.2510
Batch 200, Loss: 1.3020
Batch 300, Loss: 1.3070
Epoch 66 learning rate: 0.07545207078751859
Epoch 66 time: 236.04040336608887 seconds
Epoch 66 accuracy: 64.09%
Batch 100, Loss: 1.2634
Batch 200, Loss: 1.2826
Batch 300, Loss: 1.3062
Epoch 67 learning rate: 0.0747729334216204
Epoch 67 time: 236.27949261665344 seconds
Epoch 67 accuracy: 63.35%
Batch 100, Loss: 1.2349
Batch 200, Loss: 1.2741
Batch 300, Loss: 1.3119
Epoch 68 learning rate: 0.07408768370508578
Epoch 68 time: 236.1385805606842 seconds
Epoch 68 accuracy: 63.46%
Batch 100, Loss: 1.2649
Batch 200, Loss: 1.2710
Batch 300, Loss: 1.2869
Epoch 69 learning rate: 0.0733964907130287
Epoch 69 time: 236.15982246398926 seconds
Epoch 69 accuracy: 63.21%
Batch 100, Loss: 1.2281
Batch 200, Loss: 1.2732
Batch 300, Loss: 1.2646
Epoch 70 learning rate: 0.07269952498697736
Epoch 70 time: 235.94425320625305 seconds
Epoch 70 accuracy: 64.72%
Batch 100, Loss: 1.2289
Batch 200, Loss: 1.2361
Batch 300, Loss: 1.2896
Epoch 71 learning rate: 0.07199695849279578
Epoch 71 time: 236.0139536857605 seconds
Epoch 71 accuracy: 63.04%
Batch 100, Loss: 1.2546
Batch 200, Loss: 1.2599
Batch 300, Loss: 1.2915
Epoch 72 learning rate: 0.07128896457825366
Epoch 72 time: 235.93883323669434 seconds
Epoch 72 accuracy: 63.79%
Batch 100, Loss: 1.2063
Batch 200, Loss: 1.2580
Batch 300, Loss: 1.2660
Epoch 73 learning rate: 0.07057571793025548
Epoch 73 time: 236.00492930412292 seconds
Epoch 73 accuracy: 62.64%
Batch 100, Loss: 1.2213
Batch 200, Loss: 1.2289
Batch 300, Loss: 1.2619
Epoch 74 learning rate: 0.06985739453173906
Epoch 74 time: 236.18843126296997 seconds
Epoch 74 accuracy: 65.03%
Batch 100, Loss: 1.2090
Batch 200, Loss: 1.2431
Batch 300, Loss: 1.2329
Epoch 75 learning rate: 0.06913417161825453
Epoch 75 time: 236.2340760231018 seconds
Epoch 75 accuracy: 63.87%
Batch 100, Loss: 1.2264
Batch 200, Loss: 1.2328
Batch 300, Loss: 1.2566
Epoch 76 learning rate: 0.06840622763423394
Epoch 76 time: 236.025817155838 seconds
Epoch 76 accuracy: 64.77%
Batch 100, Loss: 1.1971
Batch 200, Loss: 1.2301
Batch 300, Loss: 1.2461
Epoch 77 learning rate: 0.0676737421889629
Epoch 77 time: 236.10851335525513 seconds
Epoch 77 accuracy: 63.55%
Batch 100, Loss: 1.1975
Batch 200, Loss: 1.2303
Batch 300, Loss: 1.2398
Epoch 78 learning rate: 0.06693689601226462
Epoch 78 time: 236.3961968421936 seconds
Epoch 78 accuracy: 66.3%
Batch 100, Loss: 1.1833
Batch 200, Loss: 1.2178
Batch 300, Loss: 1.2307
Epoch 79 learning rate: 0.06619587090990751
Epoch 79 time: 236.0997965335846 seconds
Epoch 79 accuracy: 64.8%
Batch 100, Loss: 1.1839
Batch 200, Loss: 1.2305
Batch 300, Loss: 1.2328
Epoch 80 learning rate: 0.06545084971874741
Epoch 80 time: 236.08967685699463 seconds
Epoch 80 accuracy: 65.43%
Batch 100, Loss: 1.1903
Batch 200, Loss: 1.2017
Batch 300, Loss: 1.2154
Epoch 81 learning rate: 0.06470201626161524
Epoch 81 time: 236.2152955532074 seconds
Epoch 81 accuracy: 65.7%
Batch 100, Loss: 1.1671
Batch 200, Loss: 1.1984
Batch 300, Loss: 1.2145
Epoch 82 learning rate: 0.06394955530196152
Epoch 82 time: 236.13175916671753 seconds
Epoch 82 accuracy: 64.24%
Batch 100, Loss: 1.1599
Batch 200, Loss: 1.1789
Batch 300, Loss: 1.2232
Epoch 83 learning rate: 0.06319365249826868
Epoch 83 time: 236.09812951087952 seconds
Epoch 83 accuracy: 65.59%
Batch 100, Loss: 1.1742
Batch 200, Loss: 1.1817
Batch 300, Loss: 1.2003
Epoch 84 learning rate: 0.06243449435824277
Epoch 84 time: 235.98014903068542 seconds
Epoch 84 accuracy: 65.49%
Batch 100, Loss: 1.1564
Batch 200, Loss: 1.1804
Batch 300, Loss: 1.2014
Epoch 85 learning rate: 0.06167226819279532
Epoch 85 time: 236.0569953918457 seconds
Epoch 85 accuracy: 67.0%
Batch 100, Loss: 1.1569
Batch 200, Loss: 1.1778
Batch 300, Loss: 1.1813
Epoch 86 learning rate: 0.06090716206982718
Epoch 86 time: 236.20242738723755 seconds
Epoch 86 accuracy: 65.45%
Batch 100, Loss: 1.1394
Batch 200, Loss: 1.1846
Batch 300, Loss: 1.1906
Epoch 87 learning rate: 0.06013936476782568
Epoch 87 time: 236.09497809410095 seconds
Epoch 87 accuracy: 67.47%
Batch 100, Loss: 1.1274
Batch 200, Loss: 1.1497
Batch 300, Loss: 1.1929
Epoch 88 learning rate: 0.05936906572928629
Epoch 88 time: 236.04687786102295 seconds
Epoch 88 accuracy: 67.31%
Batch 100, Loss: 1.1043
Batch 200, Loss: 1.1695
Batch 300, Loss: 1.1801
Epoch 89 learning rate: 0.05859645501397052
Epoch 89 time: 236.30174660682678 seconds
Epoch 89 accuracy: 63.3%
Batch 100, Loss: 1.1160
Batch 200, Loss: 1.1646
Batch 300, Loss: 1.1672
Epoch 90 learning rate: 0.05782172325201159
Epoch 90 time: 236.1566183567047 seconds
Epoch 90 accuracy: 67.11%
Batch 100, Loss: 1.1016
Batch 200, Loss: 1.1480
Batch 300, Loss: 1.1496
Epoch 91 learning rate: 0.057045061596879186
Epoch 91 time: 236.03528356552124 seconds
Epoch 91 accuracy: 65.58%
Batch 100, Loss: 1.0925
Batch 200, Loss: 1.1284
Batch 300, Loss: 1.1463
Epoch 92 learning rate: 0.056266661678215264
Epoch 92 time: 236.0113558769226 seconds
Epoch 92 accuracy: 66.54%
Batch 100, Loss: 1.0996
Batch 200, Loss: 1.1107
Batch 300, Loss: 1.1406
Epoch 93 learning rate: 0.055486715554552306
Epoch 93 time: 236.09643459320068 seconds
Epoch 93 accuracy: 66.08%
Batch 100, Loss: 1.0798
Batch 200, Loss: 1.1223
Batch 300, Loss: 1.1204
Epoch 94 learning rate: 0.05470541566592575
Epoch 94 time: 236.17924618721008 seconds
Epoch 94 accuracy: 66.31%
Batch 100, Loss: 1.0834
Batch 200, Loss: 1.1215
Batch 300, Loss: 1.1072
Epoch 95 learning rate: 0.05392295478639229
Epoch 95 time: 236.22038793563843 seconds
Epoch 95 accuracy: 68.07%
Batch 100, Loss: 1.0700
Batch 200, Loss: 1.1081
Batch 300, Loss: 1.1189
Epoch 96 learning rate: 0.05313952597646571
Epoch 96 time: 235.98536372184753 seconds
Epoch 96 accuracy: 65.44%
Batch 100, Loss: 1.0541
Batch 200, Loss: 1.0950
Batch 300, Loss: 1.1106
Epoch 97 learning rate: 0.05235532253548216
Epoch 97 time: 235.9660472869873 seconds
Epoch 97 accuracy: 65.47%
Batch 100, Loss: 1.0776
Batch 200, Loss: 1.0813
Batch 300, Loss: 1.0910
Epoch 98 learning rate: 0.051570537953906447
Epoch 98 time: 236.11667275428772 seconds
Epoch 98 accuracy: 67.31%
Batch 100, Loss: 1.0479
Batch 200, Loss: 1.0735
Batch 300, Loss: 1.0876
Epoch 99 learning rate: 0.05078536586559106
Epoch 99 time: 236.07226848602295 seconds
Epoch 99 accuracy: 67.3%
Batch 100, Loss: 1.0501
Batch 200, Loss: 1.0479
Batch 300, Loss: 1.0886
Epoch 100 learning rate: 0.050000000000000024
Epoch 100 time: 235.85116958618164 seconds
Epoch 100 accuracy: 67.01%
Batch 100, Loss: 1.0308
Batch 200, Loss: 1.0613
Batch 300, Loss: 1.0878
Epoch 101 learning rate: 0.049214634134409
Epoch 101 time: 236.01318407058716 seconds
Epoch 101 accuracy: 67.43%
Batch 100, Loss: 1.0152
Batch 200, Loss: 1.0508
Batch 300, Loss: 1.0645
Epoch 102 learning rate: 0.04842946204609361
Epoch 102 time: 236.2178008556366 seconds
Epoch 102 accuracy: 68.29%
Batch 100, Loss: 1.0210
Batch 200, Loss: 1.0521
Batch 300, Loss: 1.0761
Epoch 103 learning rate: 0.04764467746451789
Epoch 103 time: 236.3533570766449 seconds
Epoch 103 accuracy: 68.51%
Batch 100, Loss: 1.0025
Batch 200, Loss: 0.9993
Batch 300, Loss: 1.0540
Epoch 104 learning rate: 0.046860474023534354
Epoch 104 time: 236.1675844192505 seconds
Epoch 104 accuracy: 68.98%
Batch 100, Loss: 1.0067
Batch 200, Loss: 1.0383
Batch 300, Loss: 1.0503
Epoch 105 learning rate: 0.04607704521360778
Epoch 105 time: 236.22523045539856 seconds
Epoch 105 accuracy: 69.68%
Batch 100, Loss: 0.9906
Batch 200, Loss: 1.0157
Batch 300, Loss: 1.0332
Epoch 106 learning rate: 0.04529458433407431
Epoch 106 time: 236.12352108955383 seconds
Epoch 106 accuracy: 68.33%
Batch 100, Loss: 0.9836
Batch 200, Loss: 0.9976
Batch 300, Loss: 1.0485
Epoch 107 learning rate: 0.04451328444544776
Epoch 107 time: 236.0493311882019 seconds
Epoch 107 accuracy: 69.92%
Batch 100, Loss: 0.9786
Batch 200, Loss: 1.0116
Batch 300, Loss: 1.0389
Epoch 108 learning rate: 0.04373333832178482
Epoch 108 time: 236.16754460334778 seconds
Epoch 108 accuracy: 69.26%
Batch 100, Loss: 0.9505
Batch 200, Loss: 0.9866
Batch 300, Loss: 1.0050
Epoch 109 learning rate: 0.0429549384031209
Epoch 109 time: 236.08738160133362 seconds
Epoch 109 accuracy: 69.45%
Batch 100, Loss: 0.9652
Batch 200, Loss: 0.9790
Batch 300, Loss: 1.0123
Epoch 110 learning rate: 0.042178276747988484
Epoch 110 time: 236.0862054824829 seconds
Epoch 110 accuracy: 68.86%
Batch 100, Loss: 0.9647
Batch 200, Loss: 0.9580
Batch 300, Loss: 1.0020
Epoch 111 learning rate: 0.04140354498602954
Epoch 111 time: 235.9716923236847 seconds
Epoch 111 accuracy: 71.36%
Batch 100, Loss: 0.9383
Batch 200, Loss: 0.9653
Batch 300, Loss: 0.9814
Epoch 112 learning rate: 0.0406309342707138
Epoch 112 time: 236.2022533416748 seconds
Epoch 112 accuracy: 70.36%
Batch 100, Loss: 0.9394
Batch 200, Loss: 0.9693
Batch 300, Loss: 0.9835
Epoch 113 learning rate: 0.03986063523217441
Epoch 113 time: 236.1894314289093 seconds
Epoch 113 accuracy: 70.17%
Batch 100, Loss: 0.9480
Batch 200, Loss: 0.9519
Batch 300, Loss: 0.9785
Epoch 114 learning rate: 0.039092837930172916
Epoch 114 time: 236.18084263801575 seconds
Epoch 114 accuracy: 69.91%
Batch 100, Loss: 0.9265
Batch 200, Loss: 0.9326
Batch 300, Loss: 0.9417
Epoch 115 learning rate: 0.03832773180720475
Epoch 115 time: 236.034188747406 seconds
Epoch 115 accuracy: 70.98%
Batch 100, Loss: 0.9087
Batch 200, Loss: 0.9342
Batch 300, Loss: 0.9663
Epoch 116 learning rate: 0.037565505641757285
Epoch 116 time: 235.864492893219 seconds
Epoch 116 accuracy: 70.31%
Batch 100, Loss: 0.8949
Batch 200, Loss: 0.9323
Batch 300, Loss: 0.9600
Epoch 117 learning rate: 0.03680634750173138
Epoch 117 time: 236.10943245887756 seconds
Epoch 117 accuracy: 70.15%
Batch 100, Loss: 0.8955
Batch 200, Loss: 0.9057
Batch 300, Loss: 0.9247
Epoch 118 learning rate: 0.036050444698038565
Epoch 118 time: 236.17240929603577 seconds
Epoch 118 accuracy: 69.86%
Batch 100, Loss: 0.8611
Batch 200, Loss: 0.9165
Batch 300, Loss: 0.9204
Epoch 119 learning rate: 0.03529798373838483
Epoch 119 time: 236.10980701446533 seconds
Epoch 119 accuracy: 70.77%
Batch 100, Loss: 0.8707
Batch 200, Loss: 0.8788
Batch 300, Loss: 0.9163
Epoch 120 learning rate: 0.03454915028125267
Epoch 120 time: 236.21916437149048 seconds
Epoch 120 accuracy: 70.34%
Batch 100, Loss: 0.8452
Batch 200, Loss: 0.8945
Batch 300, Loss: 0.9002
Epoch 121 learning rate: 0.03380412909009255
Epoch 121 time: 235.95100474357605 seconds
Epoch 121 accuracy: 71.84%
Batch 100, Loss: 0.8365
Batch 200, Loss: 0.8643
Batch 300, Loss: 0.9111
Epoch 122 learning rate: 0.03306310398773545
Epoch 122 time: 235.86620354652405 seconds
Epoch 122 accuracy: 72.34%
Batch 100, Loss: 0.8465
Batch 200, Loss: 0.8671
Batch 300, Loss: 0.8994
Epoch 123 learning rate: 0.03232625781103717
Epoch 123 time: 236.1630358695984 seconds
Epoch 123 accuracy: 71.89%
Batch 100, Loss: 0.8247
Batch 200, Loss: 0.8587
Batch 300, Loss: 0.8730
Epoch 124 learning rate: 0.03159377236576613
Epoch 124 time: 235.9524028301239 seconds
Epoch 124 accuracy: 71.97%
Batch 100, Loss: 0.8234
Batch 200, Loss: 0.8476
Batch 300, Loss: 0.8688
Epoch 125 learning rate: 0.030865828381745543
Epoch 125 time: 236.15978026390076 seconds
Epoch 125 accuracy: 72.13%
Batch 100, Loss: 0.7993
Batch 200, Loss: 0.8229
Batch 300, Loss: 0.8463
Epoch 126 learning rate: 0.03014260546826098
Epoch 126 time: 236.14055395126343 seconds
Epoch 126 accuracy: 72.0%
Batch 100, Loss: 0.8213
Batch 200, Loss: 0.8098
Batch 300, Loss: 0.8545
Epoch 127 learning rate: 0.02942428206974458
Epoch 127 time: 236.20430493354797 seconds
Epoch 127 accuracy: 72.61%
Batch 100, Loss: 0.7867
Batch 200, Loss: 0.8069
Batch 300, Loss: 0.8159
Epoch 128 learning rate: 0.028711035421746387
Epoch 128 time: 236.1992220878601 seconds
Epoch 128 accuracy: 71.98%
Batch 100, Loss: 0.7701
Batch 200, Loss: 0.8196
Batch 300, Loss: 0.8197
Epoch 129 learning rate: 0.02800304150720426
Epoch 129 time: 236.02062845230103 seconds
Epoch 129 accuracy: 73.52%
Batch 100, Loss: 0.7635
Batch 200, Loss: 0.7814
Batch 300, Loss: 0.8057
Epoch 130 learning rate: 0.02730047501302268
Epoch 130 time: 236.0817277431488 seconds
Epoch 130 accuracy: 72.71%
Batch 100, Loss: 0.7516
Batch 200, Loss: 0.7850
Batch 300, Loss: 0.7859
Epoch 131 learning rate: 0.026603509286971357
Epoch 131 time: 236.1959593296051 seconds
Epoch 131 accuracy: 71.26%
Batch 100, Loss: 0.7617
Batch 200, Loss: 0.7851
Batch 300, Loss: 0.7680
Epoch 132 learning rate: 0.025912316294914244
Epoch 132 time: 236.05752897262573 seconds
Epoch 132 accuracy: 72.92%
Batch 100, Loss: 0.7560
Batch 200, Loss: 0.7640
Batch 300, Loss: 0.7670
Epoch 133 learning rate: 0.025227066578379632
Epoch 133 time: 236.06997299194336 seconds
Epoch 133 accuracy: 72.76%
Batch 100, Loss: 0.7339
Batch 200, Loss: 0.7575
Batch 300, Loss: 0.7627
Epoch 134 learning rate: 0.024547929212481445
Epoch 134 time: 236.03388857841492 seconds
Epoch 134 accuracy: 72.98%
Batch 100, Loss: 0.7395
Batch 200, Loss: 0.7386
Batch 300, Loss: 0.7585
Epoch 135 learning rate: 0.02387507176420257
Epoch 135 time: 239.4391655921936 seconds
Epoch 135 accuracy: 72.82%
Batch 100, Loss: 0.7117
Batch 200, Loss: 0.7204
Batch 300, Loss: 0.7465
Epoch 136 learning rate: 0.023208660251050166
Epoch 136 time: 248.18394255638123 seconds
Epoch 136 accuracy: 73.38%
Batch 100, Loss: 0.7121
Batch 200, Loss: 0.7108
Batch 300, Loss: 0.7393
Epoch 137 learning rate: 0.022548859100093414
Epoch 137 time: 236.05209112167358 seconds
Epoch 137 accuracy: 74.18%
Batch 100, Loss: 0.6909
Batch 200, Loss: 0.7150
Batch 300, Loss: 0.7240
Epoch 138 learning rate: 0.021895831107393474
Epoch 138 time: 236.04274535179138 seconds
Epoch 138 accuracy: 73.53%
Batch 100, Loss: 0.6834
Batch 200, Loss: 0.6761
Batch 300, Loss: 0.7130
Epoch 139 learning rate: 0.02124973739783608
Epoch 139 time: 236.16197514533997 seconds
Epoch 139 accuracy: 74.02%
Batch 100, Loss: 0.6724
Batch 200, Loss: 0.6944
Batch 300, Loss: 0.6864
Epoch 140 learning rate: 0.02061073738537636
Epoch 140 time: 236.5484926700592 seconds
Epoch 140 accuracy: 74.05%
Batch 100, Loss: 0.6586
Batch 200, Loss: 0.6802
Batch 300, Loss: 0.6905
Epoch 141 learning rate: 0.019978988733705814
Epoch 141 time: 235.9041726589203 seconds
Epoch 141 accuracy: 74.44%
Batch 100, Loss: 0.6374
Batch 200, Loss: 0.6603
Batch 300, Loss: 0.6762
Epoch 142 learning rate: 0.01935464731735118
Epoch 142 time: 236.15691924095154 seconds
Epoch 142 accuracy: 74.81%
Batch 100, Loss: 0.6310
Batch 200, Loss: 0.6364
Batch 300, Loss: 0.6744
Epoch 143 learning rate: 0.018737867183214747
Epoch 143 time: 236.18207168579102 seconds
Epoch 143 accuracy: 75.33%
Batch 100, Loss: 0.6105
Batch 200, Loss: 0.6375
Batch 300, Loss: 0.6385
Epoch 144 learning rate: 0.01812880051256552
Epoch 144 time: 236.0799629688263 seconds
Epoch 144 accuracy: 74.89%
Batch 100, Loss: 0.6138
Batch 200, Loss: 0.6229
Batch 300, Loss: 0.6488
Epoch 145 learning rate: 0.017527597583490827
Epoch 145 time: 235.81154465675354 seconds
Epoch 145 accuracy: 74.8%
Batch 100, Loss: 0.6009
Batch 200, Loss: 0.6126
Batch 300, Loss: 0.6490
Epoch 146 learning rate: 0.01693440673381742
Epoch 146 time: 236.25003170967102 seconds
Epoch 146 accuracy: 75.25%
Batch 100, Loss: 0.5828
Batch 200, Loss: 0.6117
Batch 300, Loss: 0.6249
Epoch 147 learning rate: 0.016349374324511334
Epoch 147 time: 236.05317997932434 seconds
Epoch 147 accuracy: 74.86%
Batch 100, Loss: 0.5645
Batch 200, Loss: 0.5938
Batch 300, Loss: 0.5998
Epoch 148 learning rate: 0.01577264470356557
Epoch 148 time: 236.10609102249146 seconds
Epoch 148 accuracy: 75.32%
Batch 100, Loss: 0.5713
Batch 200, Loss: 0.5781
Batch 300, Loss: 0.5920
Epoch 149 learning rate: 0.01520436017038429
Epoch 149 time: 236.14039206504822 seconds
Epoch 149 accuracy: 75.79%
Batch 100, Loss: 0.5504
Batch 200, Loss: 0.5519
Batch 300, Loss: 0.5958
Epoch 150 learning rate: 0.014644660940672632
Epoch 150 time: 236.09377431869507 seconds
Epoch 150 accuracy: 75.57%
Batch 100, Loss: 0.5441
Batch 200, Loss: 0.5668
Batch 300, Loss: 0.5928
Epoch 151 learning rate: 0.01409368511184057
Epoch 151 time: 236.13189005851746 seconds
Epoch 151 accuracy: 76.31%
Batch 100, Loss: 0.5344
Batch 200, Loss: 0.5447
Batch 300, Loss: 0.5512
Epoch 152 learning rate: 0.013551568628929438
Epoch 152 time: 236.0018436908722 seconds
Epoch 152 accuracy: 75.93%
Batch 100, Loss: 0.5245
Batch 200, Loss: 0.5342
Batch 300, Loss: 0.5438
Epoch 153 learning rate: 0.013018445251069516
Epoch 153 time: 236.01908993721008 seconds
Epoch 153 accuracy: 76.24%
Batch 100, Loss: 0.5139
Batch 200, Loss: 0.5118
Batch 300, Loss: 0.5485
Epoch 154 learning rate: 0.012494446518477026
Epoch 154 time: 236.17127394676208 seconds
Epoch 154 accuracy: 76.43%
Batch 100, Loss: 0.5005
Batch 200, Loss: 0.5036
Batch 300, Loss: 0.5105
Epoch 155 learning rate: 0.011979701719998459
Epoch 155 time: 236.10526394844055 seconds
Epoch 155 accuracy: 76.87%
Batch 100, Loss: 0.4937
Batch 200, Loss: 0.4952
Batch 300, Loss: 0.5097
Epoch 156 learning rate: 0.011474337861210548
Epoch 156 time: 236.0164294242859 seconds
Epoch 156 accuracy: 77.11%
Batch 100, Loss: 0.4855
Batch 200, Loss: 0.4888
Batch 300, Loss: 0.5037
Epoch 157 learning rate: 0.010978479633083526
Epoch 157 time: 235.9566252231598 seconds
Epoch 157 accuracy: 77.24%
Batch 100, Loss: 0.4745
Batch 200, Loss: 0.4789
Batch 300, Loss: 0.4908
Epoch 158 learning rate: 0.010492249381215483
Epoch 158 time: 236.00370717048645 seconds
Epoch 158 accuracy: 77.44%
Batch 100, Loss: 0.4482
Batch 200, Loss: 0.4676
Batch 300, Loss: 0.4586
Epoch 159 learning rate: 0.010015767075645474
Epoch 159 time: 236.1861071586609 seconds
Epoch 159 accuracy: 77.32%
Batch 100, Loss: 0.4562
Batch 200, Loss: 0.4533
Batch 300, Loss: 0.4636
Epoch 160 learning rate: 0.009549150281252637
Epoch 160 time: 235.82438802719116 seconds
Epoch 160 accuracy: 77.34%
Batch 100, Loss: 0.4306
Batch 200, Loss: 0.4477
Batch 300, Loss: 0.4642
Epoch 161 learning rate: 0.00909251412874884
Epoch 161 time: 236.05215644836426 seconds
Epoch 161 accuracy: 77.55%
Batch 100, Loss: 0.4328
Batch 200, Loss: 0.4478
Batch 300, Loss: 0.4325
Epoch 162 learning rate: 0.008645971286271918
Epoch 162 time: 236.05356812477112 seconds
Epoch 162 accuracy: 77.84%
Batch 100, Loss: 0.4262
Batch 200, Loss: 0.4216
Batch 300, Loss: 0.4380
Epoch 163 learning rate: 0.008209631931586501
Epoch 163 time: 236.19819498062134 seconds
Epoch 163 accuracy: 77.74%
Batch 100, Loss: 0.4073
Batch 200, Loss: 0.4044
Batch 300, Loss: 0.4223
Epoch 164 learning rate: 0.0077836037248992605
Epoch 164 time: 236.0733506679535 seconds
Epoch 164 accuracy: 78.25%
Batch 100, Loss: 0.4080
Batch 200, Loss: 0.4129
Batch 300, Loss: 0.4135
Epoch 165 learning rate: 0.0073679917822954055
Epoch 165 time: 235.94793915748596 seconds
Epoch 165 accuracy: 77.91%
Batch 100, Loss: 0.3712
Batch 200, Loss: 0.3939
Batch 300, Loss: 0.3973
Epoch 166 learning rate: 0.006962898649802815
Epoch 166 time: 235.99638485908508 seconds
Epoch 166 accuracy: 78.11%
Batch 100, Loss: 0.3795
Batch 200, Loss: 0.3783
Batch 300, Loss: 0.3822
Epoch 167 learning rate: 0.006568424278090438
Epoch 167 time: 236.1842119693756 seconds
Epoch 167 accuracy: 78.55%
Batch 100, Loss: 0.3627
Batch 200, Loss: 0.3868
Batch 300, Loss: 0.3976
Epoch 168 learning rate: 0.006184665997806824
Epoch 168 time: 236.09986186027527 seconds
Epoch 168 accuracy: 78.22%
Batch 100, Loss: 0.3689
Batch 200, Loss: 0.3727
Batch 300, Loss: 0.3630
Epoch 169 learning rate: 0.00581171849556533
Epoch 169 time: 236.15328693389893 seconds
Epoch 169 accuracy: 79.07%
Batch 100, Loss: 0.3624
Batch 200, Loss: 0.3511
Batch 300, Loss: 0.3700
Epoch 170 learning rate: 0.0054496737905816136
Epoch 170 time: 235.97170448303223 seconds
Epoch 170 accuracy: 78.64%
Batch 100, Loss: 0.3550
Batch 200, Loss: 0.3609
Batch 300, Loss: 0.3560
Epoch 171 learning rate: 0.005098621211969226
Epoch 171 time: 236.02487111091614 seconds
Epoch 171 accuracy: 79.14%
Batch 100, Loss: 0.3419
Batch 200, Loss: 0.3541
Batch 300, Loss: 0.3503
Epoch 172 learning rate: 0.004758647376699035
Epoch 172 time: 236.06016516685486 seconds
Epoch 172 accuracy: 78.86%
Batch 100, Loss: 0.3353
Batch 200, Loss: 0.3320
Batch 300, Loss: 0.3355
Epoch 173 learning rate: 0.00442983616822775
Epoch 173 time: 236.23910665512085 seconds
Epoch 173 accuracy: 79.39%
Batch 100, Loss: 0.3221
Batch 200, Loss: 0.3335
Batch 300, Loss: 0.3239
Epoch 174 learning rate: 0.004112268715800957
Epoch 174 time: 236.14986062049866 seconds
Epoch 174 accuracy: 79.2%
Batch 100, Loss: 0.3131
Batch 200, Loss: 0.3131
Batch 300, Loss: 0.3326
Epoch 175 learning rate: 0.003806023374435677
Epoch 175 time: 236.2063431739807 seconds
Epoch 175 accuracy: 79.75%
Batch 100, Loss: 0.3065
Batch 200, Loss: 0.3182
Batch 300, Loss: 0.3124
Epoch 176 learning rate: 0.003511175705587435
Epoch 176 time: 236.2500557899475 seconds
Epoch 176 accuracy: 79.44%
Batch 100, Loss: 0.3078
Batch 200, Loss: 0.3085
Batch 300, Loss: 0.3026
Epoch 177 learning rate: 0.0032277984585066333
Epoch 177 time: 236.19867873191833 seconds
Epoch 177 accuracy: 80.09%
Batch 100, Loss: 0.3058
Batch 200, Loss: 0.2983
Batch 300, Loss: 0.3026
Epoch 178 learning rate: 0.002955961552288729
Epoch 178 time: 236.20727467536926 seconds
Epoch 178 accuracy: 79.92%
Batch 100, Loss: 0.3026
Batch 200, Loss: 0.2981
Batch 300, Loss: 0.3188
Epoch 179 learning rate: 0.0026957320586227366
Epoch 179 time: 236.12968349456787 seconds
Epoch 179 accuracy: 79.88%
Batch 100, Loss: 0.2888
Batch 200, Loss: 0.3014
Batch 300, Loss: 0.3068
Epoch 180 learning rate: 0.002447174185242325
Epoch 180 time: 236.1130313873291 seconds
Epoch 180 accuracy: 79.97%
Batch 100, Loss: 0.2904
Batch 200, Loss: 0.2928
Batch 300, Loss: 0.2845
Epoch 181 learning rate: 0.0022103492600834954
Epoch 181 time: 236.13227605819702 seconds
Epoch 181 accuracy: 80.02%
Batch 100, Loss: 0.2806
Batch 200, Loss: 0.2869
Batch 300, Loss: 0.2856
Epoch 182 learning rate: 0.0019853157161528537
Epoch 182 time: 236.05544185638428 seconds
Epoch 182 accuracy: 80.17%
Batch 100, Loss: 0.2799
Batch 200, Loss: 0.2722
Batch 300, Loss: 0.2831
Epoch 183 learning rate: 0.001772129077110103
Epoch 183 time: 235.97035384178162 seconds
Epoch 183 accuracy: 80.23%
Batch 100, Loss: 0.2723
Batch 200, Loss: 0.2653
Batch 300, Loss: 0.2732
Epoch 184 learning rate: 0.0015708419435684529
Epoch 184 time: 236.06310391426086 seconds
Epoch 184 accuracy: 80.48%
Batch 100, Loss: 0.2611
Batch 200, Loss: 0.2824
Batch 300, Loss: 0.2643
Epoch 185 learning rate: 0.0013815039801161732
Epoch 185 time: 236.08519220352173 seconds
Epoch 185 accuracy: 80.36%
Batch 100, Loss: 0.2630
Batch 200, Loss: 0.2669
Batch 300, Loss: 0.2669
Epoch 186 learning rate: 0.0012041619030626347
Epoch 186 time: 235.9964725971222 seconds
Epoch 186 accuracy: 80.28%
Batch 100, Loss: 0.2645
Batch 200, Loss: 0.2671
Batch 300, Loss: 0.2749
Epoch 187 learning rate: 0.0010388594689117077
Epoch 187 time: 236.25988483428955 seconds
Epoch 187 accuracy: 80.52%
Batch 100, Loss: 0.2563
Batch 200, Loss: 0.2602
Batch 300, Loss: 0.2542
Epoch 188 learning rate: 0.0008856374635655645
Epoch 188 time: 236.0542106628418 seconds
Epoch 188 accuracy: 80.39%
Batch 100, Loss: 0.2556
Batch 200, Loss: 0.2492
Batch 300, Loss: 0.2521
Epoch 189 learning rate: 0.000744533692261307
Epoch 189 time: 236.25982785224915 seconds
Epoch 189 accuracy: 80.69%
Batch 100, Loss: 0.2531
Batch 200, Loss: 0.2487
Batch 300, Loss: 0.2563
Epoch 190 learning rate: 0.0006155829702431174
Epoch 190 time: 236.09964871406555 seconds
Epoch 190 accuracy: 80.73%
Batch 100, Loss: 0.2489
Batch 200, Loss: 0.2440
Batch 300, Loss: 0.2509
Epoch 191 learning rate: 0.0004988171141721235
Epoch 191 time: 235.97482919692993 seconds
Epoch 191 accuracy: 80.74%
Batch 100, Loss: 0.2473
Batch 200, Loss: 0.2567
Batch 300, Loss: 0.2498
Epoch 192 learning rate: 0.00039426493427611206
Epoch 192 time: 236.24144768714905 seconds
Epoch 192 accuracy: 80.64%
Batch 100, Loss: 0.2438
Batch 200, Loss: 0.2465
Batch 300, Loss: 0.2533
Epoch 193 learning rate: 0.00030195222724102046
Epoch 193 time: 236.24998378753662 seconds
Epoch 193 accuracy: 80.82%
Batch 100, Loss: 0.2381
Batch 200, Loss: 0.2461
Batch 300, Loss: 0.2383
Epoch 194 learning rate: 0.00022190176984600036
Epoch 194 time: 235.90289950370789 seconds
Epoch 194 accuracy: 80.7%
Batch 100, Loss: 0.2443
Batch 200, Loss: 0.2406
Batch 300, Loss: 0.2472
Epoch 195 learning rate: 0.00015413331334360192
Epoch 195 time: 236.04392910003662 seconds
Epoch 195 accuracy: 80.87%
Batch 100, Loss: 0.2484
Batch 200, Loss: 0.2526
Batch 300, Loss: 0.2400
Epoch 196 learning rate: 9.866357858642213e-05
Epoch 196 time: 236.0143826007843 seconds
Epoch 196 accuracy: 80.82%
Batch 100, Loss: 0.2423
Batch 200, Loss: 0.2526
Batch 300, Loss: 0.2525
Epoch 197 learning rate: 5.5506251901504864e-05
Epoch 197 time: 236.28597378730774 seconds
Epoch 197 accuracy: 80.81%
Batch 100, Loss: 0.2354
Batch 200, Loss: 0.2460
Batch 300, Loss: 0.2442
Epoch 198 learning rate: 2.4671981713420017e-05
Epoch 198 time: 236.09190964698792 seconds
Epoch 198 accuracy: 80.8%
Batch 100, Loss: 0.2500
Batch 200, Loss: 0.2332
Batch 300, Loss: 0.2440
Epoch 199 learning rate: 6.168375916970619e-06
Epoch 199 time: 236.20140099525452 seconds
Epoch 199 accuracy: 80.64%
Batch 100, Loss: 0.2419
Batch 200, Loss: 0.2315
Batch 300, Loss: 0.2439
Epoch 200 learning rate: 0.0
Epoch 200 time: 236.13906812667847 seconds
Epoch 200 accuracy: 80.67%
Total training time: 47248.48665142059 seconds
