The following modules were not unloaded:
  (Use "module --force purge" to unload all):

  1) CCconfig        6)  ucx/1.14.1         11) flexiblas/3.3.1
  2) gentoo/2023     7)  libfabric/1.18.0   12) imkl/2023.2.0
  3) gcccore/.12.3   8)  pmix/4.2.4         13) StdEnv/2023
  4) gcc/12.3        9)  ucc/1.2.0
  5) hwloc/2.9.1     10) openmpi/4.1.5
/project/6070520/tkleinkn/Vanilla-GAM/main_cifar.py:187: UserWarning: You have chosen a specific GPU. This will completely disable data parallelism.
  warnings.warn('You have chosen a specific GPU. This will completely '
model name space ['resnet101_c', 'resnet152_c', 'resnet18_c', 'resnet34_c', 'resnet50_c']
Use GPU: 0 for training
=> creating model 'resnet18_c'
Files already downloaded and verified
Files already downloaded and verified
tensorboard dir ./results/CIFAR100/GAMNonAccelerated
Using non-accelerated GAM
/home/tkleinkn/GAMtest/lib/python3.11/site-packages/torch/autograd/graph.py:744: UserWarning: Using backward() with create_graph=True will create a reference cycle between the parameter and its gradient which can cause a memory leak. We recommend using autograd.grad when creating the graph to avoid this. If you have to use this function, make sure to reset the .grad fields of your parameters to None after use to break the cycle and avoid the leak. (Triggered internally at /home/coulombc/wheels_builder/tmp.2617/python-3.11/torch/torch/csrc/autograd/engine.cpp:1203.)
  return Variable._execution_engine.run_backward(  # Calls into the C++ engine to run the backward pass
Batch 100, Loss: 3.8399
Batch 200, Loss: 3.5898
Batch 300, Loss: 3.5160
Epoch 1 learning rate: 0.09999383162408304
Epoch 1 time: 244.8676357269287 seconds
Epoch 1 accuracy: 9.66%
Batch 100, Loss: 3.3875
Batch 200, Loss: 3.3332
Batch 300, Loss: 3.2585
Epoch 2 learning rate: 0.09997532801828658
Epoch 2 time: 235.78740572929382 seconds
Epoch 2 accuracy: 15.4%
Batch 100, Loss: 3.1197
Batch 200, Loss: 3.0488
Batch 300, Loss: 2.9989
Epoch 3 learning rate: 0.09994449374809851
Epoch 3 time: 235.6873414516449 seconds
Epoch 3 accuracy: 17.83%
Batch 100, Loss: 2.8373
Batch 200, Loss: 2.7564
Batch 300, Loss: 2.6965
Epoch 4 learning rate: 0.09990133642141359
Epoch 4 time: 235.72380900382996 seconds
Epoch 4 accuracy: 28.14%
Batch 100, Loss: 2.5646
Batch 200, Loss: 2.5001
Batch 300, Loss: 2.4291
Epoch 5 learning rate: 0.09984586668665642
Epoch 5 time: 235.5256130695343 seconds
Epoch 5 accuracy: 33.91%
Batch 100, Loss: 2.3218
Batch 200, Loss: 2.3124
Batch 300, Loss: 2.2555
Epoch 6 learning rate: 0.09977809823015402
Epoch 6 time: 235.50440788269043 seconds
Epoch 6 accuracy: 35.46%
Batch 100, Loss: 2.1506
Batch 200, Loss: 2.1563
Batch 300, Loss: 2.1235
Epoch 7 learning rate: 0.09969804777275901
Epoch 7 time: 235.43046855926514 seconds
Epoch 7 accuracy: 43.16%
Batch 100, Loss: 2.0273
Batch 200, Loss: 2.0317
Batch 300, Loss: 2.0186
Epoch 8 learning rate: 0.09960573506572391
Epoch 8 time: 235.37777853012085 seconds
Epoch 8 accuracy: 44.49%
Batch 100, Loss: 1.9454
Batch 200, Loss: 1.9451
Batch 300, Loss: 1.9391
Epoch 9 learning rate: 0.09950118288582789
Epoch 9 time: 235.5067174434662 seconds
Epoch 9 accuracy: 48.76%
Batch 100, Loss: 1.8867
Batch 200, Loss: 1.8822
Batch 300, Loss: 1.8986
Epoch 10 learning rate: 0.09938441702975691
Epoch 10 time: 235.4688000679016 seconds
Epoch 10 accuracy: 47.05%
Batch 100, Loss: 1.8116
Batch 200, Loss: 1.8390
Batch 300, Loss: 1.8314
Epoch 11 learning rate: 0.09925546630773871
Epoch 11 time: 235.36246538162231 seconds
Epoch 11 accuracy: 47.69%
Batch 100, Loss: 1.7879
Batch 200, Loss: 1.7889
Batch 300, Loss: 1.7593
Epoch 12 learning rate: 0.09911436253643445
Epoch 12 time: 235.43418908119202 seconds
Epoch 12 accuracy: 53.05%
Batch 100, Loss: 1.7619
Batch 200, Loss: 1.7562
Batch 300, Loss: 1.7594
Epoch 13 learning rate: 0.0989611405310883
Epoch 13 time: 235.4176926612854 seconds
Epoch 13 accuracy: 50.79%
Batch 100, Loss: 1.6954
Batch 200, Loss: 1.7172
Batch 300, Loss: 1.7291
Epoch 14 learning rate: 0.09879583809693739
Epoch 14 time: 235.44693207740784 seconds
Epoch 14 accuracy: 50.7%
Batch 100, Loss: 1.7073
Batch 200, Loss: 1.6824
Batch 300, Loss: 1.6850
Epoch 15 learning rate: 0.09861849601988384
Epoch 15 time: 235.39821314811707 seconds
Epoch 15 accuracy: 51.99%
Batch 100, Loss: 1.6719
Batch 200, Loss: 1.6773
Batch 300, Loss: 1.6639
Epoch 16 learning rate: 0.09842915805643157
Epoch 16 time: 235.44891810417175 seconds
Epoch 16 accuracy: 52.37%
Batch 100, Loss: 1.6326
Batch 200, Loss: 1.6509
Batch 300, Loss: 1.6586
Epoch 17 learning rate: 0.09822787092288993
Epoch 17 time: 235.46811270713806 seconds
Epoch 17 accuracy: 53.77%
Batch 100, Loss: 1.6197
Batch 200, Loss: 1.6384
Batch 300, Loss: 1.6456
Epoch 18 learning rate: 0.09801468428384717
Epoch 18 time: 235.53051829338074 seconds
Epoch 18 accuracy: 55.53%
Batch 100, Loss: 1.6000
Batch 200, Loss: 1.5913
Batch 300, Loss: 1.6276
Epoch 19 learning rate: 0.09778965073991652
Epoch 19 time: 235.4846911430359 seconds
Epoch 19 accuracy: 56.29%
Batch 100, Loss: 1.5831
Batch 200, Loss: 1.6089
Batch 300, Loss: 1.6162
Epoch 20 learning rate: 0.0975528258147577
Epoch 20 time: 235.4313726425171 seconds
Epoch 20 accuracy: 55.58%
Batch 100, Loss: 1.5706
Batch 200, Loss: 1.5763
Batch 300, Loss: 1.5916
Epoch 21 learning rate: 0.09730426794137728
Epoch 21 time: 235.45907616615295 seconds
Epoch 21 accuracy: 56.92%
Batch 100, Loss: 1.5501
Batch 200, Loss: 1.5962
Batch 300, Loss: 1.5814
Epoch 22 learning rate: 0.09704403844771128
Epoch 22 time: 235.43788743019104 seconds
Epoch 22 accuracy: 56.96%
Batch 100, Loss: 1.5559
Batch 200, Loss: 1.5522
Batch 300, Loss: 1.5864
Epoch 23 learning rate: 0.09677220154149338
Epoch 23 time: 235.43585395812988 seconds
Epoch 23 accuracy: 56.94%
Batch 100, Loss: 1.5429
Batch 200, Loss: 1.5480
Batch 300, Loss: 1.5764
Epoch 24 learning rate: 0.09648882429441258
Epoch 24 time: 235.41494631767273 seconds
Epoch 24 accuracy: 56.86%
Batch 100, Loss: 1.5263
Batch 200, Loss: 1.5229
Batch 300, Loss: 1.5514
Epoch 25 learning rate: 0.09619397662556435
Epoch 25 time: 235.55689573287964 seconds
Epoch 25 accuracy: 54.76%
Batch 100, Loss: 1.5124
Batch 200, Loss: 1.5165
Batch 300, Loss: 1.5325
Epoch 26 learning rate: 0.09588773128419906
Epoch 26 time: 235.40605568885803 seconds
Epoch 26 accuracy: 56.99%
Batch 100, Loss: 1.5045
Batch 200, Loss: 1.5044
Batch 300, Loss: 1.5275
Epoch 27 learning rate: 0.09557016383177226
Epoch 27 time: 235.46262860298157 seconds
Epoch 27 accuracy: 55.31%
Batch 100, Loss: 1.5076
Batch 200, Loss: 1.5238
Batch 300, Loss: 1.5239
Epoch 28 learning rate: 0.09524135262330098
Epoch 28 time: 235.39374780654907 seconds
Epoch 28 accuracy: 60.36%
Batch 100, Loss: 1.4612
Batch 200, Loss: 1.5121
Batch 300, Loss: 1.5322
Epoch 29 learning rate: 0.09490137878803079
Epoch 29 time: 235.40237951278687 seconds
Epoch 29 accuracy: 58.27%
Batch 100, Loss: 1.4651
Batch 200, Loss: 1.4885
Batch 300, Loss: 1.5019
Epoch 30 learning rate: 0.0945503262094184
Epoch 30 time: 235.4630048274994 seconds
Epoch 30 accuracy: 56.8%
Batch 100, Loss: 1.4654
Batch 200, Loss: 1.4828
Batch 300, Loss: 1.5052
Epoch 31 learning rate: 0.0941882815044347
Epoch 31 time: 235.46094965934753 seconds
Epoch 31 accuracy: 57.66%
Batch 100, Loss: 1.4613
Batch 200, Loss: 1.4608
Batch 300, Loss: 1.4954
Epoch 32 learning rate: 0.09381533400219319
Epoch 32 time: 235.53691005706787 seconds
Epoch 32 accuracy: 60.13%
Batch 100, Loss: 1.4726
Batch 200, Loss: 1.4755
Batch 300, Loss: 1.4944
Epoch 33 learning rate: 0.09343157572190958
Epoch 33 time: 235.45381116867065 seconds
Epoch 33 accuracy: 60.22%
Batch 100, Loss: 1.4363
Batch 200, Loss: 1.4680
Batch 300, Loss: 1.4709
Epoch 34 learning rate: 0.0930371013501972
Epoch 34 time: 235.42898106575012 seconds
Epoch 34 accuracy: 60.01%
Batch 100, Loss: 1.4427
Batch 200, Loss: 1.4434
Batch 300, Loss: 1.4653
Epoch 35 learning rate: 0.09263200821770463
Epoch 35 time: 235.5772397518158 seconds
Epoch 35 accuracy: 58.13%
Batch 100, Loss: 1.4198
Batch 200, Loss: 1.4682
Batch 300, Loss: 1.4706
Epoch 36 learning rate: 0.09221639627510078
Epoch 36 time: 235.4481246471405 seconds
Epoch 36 accuracy: 58.06%
Batch 100, Loss: 1.4443
Batch 200, Loss: 1.4341
Batch 300, Loss: 1.4833
Epoch 37 learning rate: 0.09179036806841355
Epoch 37 time: 235.42158246040344 seconds
Epoch 37 accuracy: 57.68%
Batch 100, Loss: 1.4181
Batch 200, Loss: 1.4396
Batch 300, Loss: 1.4490
Epoch 38 learning rate: 0.09135402871372812
Epoch 38 time: 235.46552443504333 seconds
Epoch 38 accuracy: 58.58%
Batch 100, Loss: 1.3993
Batch 200, Loss: 1.4376
Batch 300, Loss: 1.4437
Epoch 39 learning rate: 0.0909074858712512
Epoch 39 time: 235.4719808101654 seconds
Epoch 39 accuracy: 61.8%
Batch 100, Loss: 1.4019
Batch 200, Loss: 1.4297
Batch 300, Loss: 1.4364
Epoch 40 learning rate: 0.09045084971874741
Epoch 40 time: 235.4348385334015 seconds
Epoch 40 accuracy: 56.78%
Batch 100, Loss: 1.3913
Batch 200, Loss: 1.4293
Batch 300, Loss: 1.4520
Epoch 41 learning rate: 0.08998423292435458
Epoch 41 time: 235.59047937393188 seconds
Epoch 41 accuracy: 60.96%
Batch 100, Loss: 1.4101
Batch 200, Loss: 1.4184
Batch 300, Loss: 1.4324
Epoch 42 learning rate: 0.08950775061878455
Epoch 42 time: 235.45311212539673 seconds
Epoch 42 accuracy: 59.7%
Batch 100, Loss: 1.4101
Batch 200, Loss: 1.4103
Batch 300, Loss: 1.4306
Epoch 43 learning rate: 0.08902152036691653
Epoch 43 time: 235.49473690986633 seconds
Epoch 43 accuracy: 60.45%
Batch 100, Loss: 1.3831
Batch 200, Loss: 1.3888
Batch 300, Loss: 1.4409
Epoch 44 learning rate: 0.08852566213878951
Epoch 44 time: 235.53125047683716 seconds
Epoch 44 accuracy: 58.24%
Batch 100, Loss: 1.3826
Batch 200, Loss: 1.3975
Batch 300, Loss: 1.4195
Epoch 45 learning rate: 0.0880202982800016
Epoch 45 time: 235.43811559677124 seconds
Epoch 45 accuracy: 60.55%
Batch 100, Loss: 1.3840
Batch 200, Loss: 1.4036
Batch 300, Loss: 1.4062
Epoch 46 learning rate: 0.08750555348152303
Epoch 46 time: 235.62206077575684 seconds
Epoch 46 accuracy: 62.06%
Batch 100, Loss: 1.3485
Batch 200, Loss: 1.3951
Batch 300, Loss: 1.4097
Epoch 47 learning rate: 0.08698155474893052
Epoch 47 time: 235.54662108421326 seconds
Epoch 47 accuracy: 60.48%
Batch 100, Loss: 1.3845
Batch 200, Loss: 1.3763
Batch 300, Loss: 1.4076
Epoch 48 learning rate: 0.08644843137107061
Epoch 48 time: 235.67185044288635 seconds
Epoch 48 accuracy: 60.38%
Batch 100, Loss: 1.3535
Batch 200, Loss: 1.3761
Batch 300, Loss: 1.3668
Epoch 49 learning rate: 0.08590631488815947
Epoch 49 time: 235.58339929580688 seconds
Epoch 49 accuracy: 60.33%
Batch 100, Loss: 1.3553
Batch 200, Loss: 1.3888
Batch 300, Loss: 1.3897
Epoch 50 learning rate: 0.0853553390593274
Epoch 50 time: 235.445467710495 seconds
Epoch 50 accuracy: 61.44%
Batch 100, Loss: 1.3558
Batch 200, Loss: 1.3740
Batch 300, Loss: 1.3715
Epoch 51 learning rate: 0.08479563982961574
Epoch 51 time: 235.5809531211853 seconds
Epoch 51 accuracy: 57.17%
Batch 100, Loss: 1.3563
Batch 200, Loss: 1.3693
Batch 300, Loss: 1.3752
Epoch 52 learning rate: 0.08422735529643446
Epoch 52 time: 235.52417635917664 seconds
Epoch 52 accuracy: 60.99%
Batch 100, Loss: 1.3525
Batch 200, Loss: 1.3291
Batch 300, Loss: 1.3620
Epoch 53 learning rate: 0.08365062567548869
Epoch 53 time: 235.58429956436157 seconds
Epoch 53 accuracy: 58.5%
Batch 100, Loss: 1.3258
Batch 200, Loss: 1.3501
Batch 300, Loss: 1.3663
Epoch 54 learning rate: 0.08306559326618261
Epoch 54 time: 235.50728559494019 seconds
Epoch 54 accuracy: 60.68%
Batch 100, Loss: 1.3217
Batch 200, Loss: 1.3455
Batch 300, Loss: 1.3626
Epoch 55 learning rate: 0.0824724024165092
Epoch 55 time: 235.43867778778076 seconds
Epoch 55 accuracy: 60.75%
Batch 100, Loss: 1.3238
Batch 200, Loss: 1.3335
Batch 300, Loss: 1.3409
Epoch 56 learning rate: 0.0818711994874345
Epoch 56 time: 235.51338744163513 seconds
Epoch 56 accuracy: 61.98%
Batch 100, Loss: 1.2930
Batch 200, Loss: 1.3287
Batch 300, Loss: 1.3456
Epoch 57 learning rate: 0.08126213281678528
Epoch 57 time: 235.49288129806519 seconds
Epoch 57 accuracy: 60.21%
Batch 100, Loss: 1.3251
Batch 200, Loss: 1.3194
Batch 300, Loss: 1.3423
Epoch 58 learning rate: 0.08064535268264884
Epoch 58 time: 235.48580145835876 seconds
Epoch 58 accuracy: 61.99%
Batch 100, Loss: 1.3105
Batch 200, Loss: 1.3253
Batch 300, Loss: 1.3417
Epoch 59 learning rate: 0.08002101126629421
Epoch 59 time: 235.50232863426208 seconds
Epoch 59 accuracy: 61.94%
Batch 100, Loss: 1.3079
Batch 200, Loss: 1.3230
Batch 300, Loss: 1.3387
Epoch 60 learning rate: 0.07938926261462367
Epoch 60 time: 235.4744052886963 seconds
Epoch 60 accuracy: 58.71%
Batch 100, Loss: 1.2931
Batch 200, Loss: 1.3242
Batch 300, Loss: 1.3340
Epoch 61 learning rate: 0.07875026260216395
Epoch 61 time: 235.5124650001526 seconds
Epoch 61 accuracy: 59.59%
Batch 100, Loss: 1.2918
Batch 200, Loss: 1.3041
Batch 300, Loss: 1.3318
Epoch 62 learning rate: 0.07810416889260656
Epoch 62 time: 235.4890651702881 seconds
Epoch 62 accuracy: 62.42%
Batch 100, Loss: 1.2626
Batch 200, Loss: 1.3206
Batch 300, Loss: 1.3146
Epoch 63 learning rate: 0.07745114089990661
Epoch 63 time: 235.46929049491882 seconds
Epoch 63 accuracy: 63.15%
Batch 100, Loss: 1.2767
Batch 200, Loss: 1.3239
Batch 300, Loss: 1.3102
Epoch 64 learning rate: 0.07679133974894985
Epoch 64 time: 235.49017786979675 seconds
Epoch 64 accuracy: 59.49%
Batch 100, Loss: 1.2775
Batch 200, Loss: 1.3081
Batch 300, Loss: 1.2941
Epoch 65 learning rate: 0.07612492823579746
Epoch 65 time: 235.538889169693 seconds
Epoch 65 accuracy: 63.43%
Batch 100, Loss: 1.2594
Batch 200, Loss: 1.2963
Batch 300, Loss: 1.3077
Epoch 66 learning rate: 0.07545207078751859
Epoch 66 time: 235.4801948070526 seconds
Epoch 66 accuracy: 63.58%
Batch 100, Loss: 1.2376
Batch 200, Loss: 1.2723
Batch 300, Loss: 1.2811
Epoch 67 learning rate: 0.0747729334216204
Epoch 67 time: 235.45122408866882 seconds
Epoch 67 accuracy: 63.07%
Batch 100, Loss: 1.2661
Batch 200, Loss: 1.2772
Batch 300, Loss: 1.2986
Epoch 68 learning rate: 0.07408768370508578
Epoch 68 time: 235.42359828948975 seconds
Epoch 68 accuracy: 62.47%
Batch 100, Loss: 1.2534
Batch 200, Loss: 1.2777
Batch 300, Loss: 1.2744
Epoch 69 learning rate: 0.0733964907130287
Epoch 69 time: 235.43281984329224 seconds
Epoch 69 accuracy: 61.96%
Batch 100, Loss: 1.2539
Batch 200, Loss: 1.2730
Batch 300, Loss: 1.2789
Epoch 70 learning rate: 0.07269952498697736
Epoch 70 time: 235.4569365978241 seconds
Epoch 70 accuracy: 62.98%
Batch 100, Loss: 1.2476
Batch 200, Loss: 1.2493
Batch 300, Loss: 1.2483
Epoch 71 learning rate: 0.07199695849279578
Epoch 71 time: 235.47400665283203 seconds
Epoch 71 accuracy: 65.53%
Batch 100, Loss: 1.2365
Batch 200, Loss: 1.2422
Batch 300, Loss: 1.2636
Epoch 72 learning rate: 0.07128896457825366
Epoch 72 time: 235.4977991580963 seconds
Epoch 72 accuracy: 63.11%
Batch 100, Loss: 1.2214
Batch 200, Loss: 1.2458
Batch 300, Loss: 1.2732
Epoch 73 learning rate: 0.07057571793025548
Epoch 73 time: 235.47085785865784 seconds
Epoch 73 accuracy: 62.86%
Batch 100, Loss: 1.2231
Batch 200, Loss: 1.2317
Batch 300, Loss: 1.2730
Epoch 74 learning rate: 0.06985739453173906
Epoch 74 time: 235.4665310382843 seconds
Epoch 74 accuracy: 62.54%
Batch 100, Loss: 1.2046
Batch 200, Loss: 1.2565
Batch 300, Loss: 1.2557
Epoch 75 learning rate: 0.06913417161825453
Epoch 75 time: 235.46452283859253 seconds
Epoch 75 accuracy: 64.28%
Batch 100, Loss: 1.2219
Batch 200, Loss: 1.2278
Batch 300, Loss: 1.2451
Epoch 76 learning rate: 0.06840622763423394
Epoch 76 time: 235.56988978385925 seconds
Epoch 76 accuracy: 64.09%
Batch 100, Loss: 1.2145
Batch 200, Loss: 1.2538
Batch 300, Loss: 1.2386
Epoch 77 learning rate: 0.0676737421889629
Epoch 77 time: 235.48705863952637 seconds
Epoch 77 accuracy: 63.89%
Batch 100, Loss: 1.1797
Batch 200, Loss: 1.2239
Batch 300, Loss: 1.2327
Epoch 78 learning rate: 0.06693689601226462
Epoch 78 time: 235.45327305793762 seconds
Epoch 78 accuracy: 64.8%
Batch 100, Loss: 1.1734
Batch 200, Loss: 1.1995
Batch 300, Loss: 1.2361
Epoch 79 learning rate: 0.06619587090990751
Epoch 79 time: 235.4642128944397 seconds
Epoch 79 accuracy: 65.61%
Batch 100, Loss: 1.1779
Batch 200, Loss: 1.2074
Batch 300, Loss: 1.2262
Epoch 80 learning rate: 0.06545084971874741
Epoch 80 time: 235.6282091140747 seconds
Epoch 80 accuracy: 65.26%
Batch 100, Loss: 1.1760
Batch 200, Loss: 1.1879
Batch 300, Loss: 1.2304
Epoch 81 learning rate: 0.06470201626161524
Epoch 81 time: 235.5582058429718 seconds
Epoch 81 accuracy: 65.23%
Batch 100, Loss: 1.1619
Batch 200, Loss: 1.1861
Batch 300, Loss: 1.1991
Epoch 82 learning rate: 0.06394955530196152
Epoch 82 time: 235.46211123466492 seconds
Epoch 82 accuracy: 64.67%
Batch 100, Loss: 1.1327
Batch 200, Loss: 1.1742
Batch 300, Loss: 1.1973
Epoch 83 learning rate: 0.06319365249826868
Epoch 83 time: 235.56119108200073 seconds
Epoch 83 accuracy: 64.32%
Batch 100, Loss: 1.1714
Batch 200, Loss: 1.2012
Batch 300, Loss: 1.1773
Epoch 84 learning rate: 0.06243449435824277
Epoch 84 time: 235.53168034553528 seconds
Epoch 84 accuracy: 65.53%
Batch 100, Loss: 1.1423
Batch 200, Loss: 1.1701
Batch 300, Loss: 1.1780
Epoch 85 learning rate: 0.06167226819279532
Epoch 85 time: 235.52673602104187 seconds
Epoch 85 accuracy: 66.86%
Batch 100, Loss: 1.1318
Batch 200, Loss: 1.1648
Batch 300, Loss: 1.1697
Epoch 86 learning rate: 0.06090716206982718
Epoch 86 time: 235.47760391235352 seconds
Epoch 86 accuracy: 65.14%
Batch 100, Loss: 1.1580
Batch 200, Loss: 1.1589
Batch 300, Loss: 1.1808
Epoch 87 learning rate: 0.06013936476782568
Epoch 87 time: 235.47129893302917 seconds
Epoch 87 accuracy: 64.35%
Batch 100, Loss: 1.1382
Batch 200, Loss: 1.1369
Batch 300, Loss: 1.1598
Epoch 88 learning rate: 0.05936906572928629
Epoch 88 time: 235.4561882019043 seconds
Epoch 88 accuracy: 66.6%
Batch 100, Loss: 1.1161
Batch 200, Loss: 1.1595
Batch 300, Loss: 1.1613
Epoch 89 learning rate: 0.05859645501397052
Epoch 89 time: 235.51385283470154 seconds
Epoch 89 accuracy: 63.36%
Batch 100, Loss: 1.1168
Batch 200, Loss: 1.1513
Batch 300, Loss: 1.1532
Epoch 90 learning rate: 0.05782172325201159
Epoch 90 time: 235.4360055923462 seconds
Epoch 90 accuracy: 66.73%
Batch 100, Loss: 1.1137
Batch 200, Loss: 1.1157
Batch 300, Loss: 1.1375
Epoch 91 learning rate: 0.057045061596879186
Epoch 91 time: 235.48540449142456 seconds
Epoch 91 accuracy: 67.46%
Batch 100, Loss: 1.1090
Batch 200, Loss: 1.1177
Batch 300, Loss: 1.1329
Epoch 92 learning rate: 0.056266661678215264
Epoch 92 time: 235.49302792549133 seconds
Epoch 92 accuracy: 66.19%
Batch 100, Loss: 1.0979
Batch 200, Loss: 1.1257
Batch 300, Loss: 1.1371
Epoch 93 learning rate: 0.055486715554552306
Epoch 93 time: 235.48336005210876 seconds
Epoch 93 accuracy: 66.14%
Batch 100, Loss: 1.0906
Batch 200, Loss: 1.0963
Batch 300, Loss: 1.1224
Epoch 94 learning rate: 0.05470541566592575
Epoch 94 time: 235.45710372924805 seconds
Epoch 94 accuracy: 66.47%
Batch 100, Loss: 1.0729
Batch 200, Loss: 1.1024
Batch 300, Loss: 1.1191
Epoch 95 learning rate: 0.05392295478639229
Epoch 95 time: 235.46681380271912 seconds
Epoch 95 accuracy: 66.33%
Batch 100, Loss: 1.0722
Batch 200, Loss: 1.1055
Batch 300, Loss: 1.1169
Epoch 96 learning rate: 0.05313952597646571
Epoch 96 time: 235.47100234031677 seconds
Epoch 96 accuracy: 68.56%
Batch 100, Loss: 1.0523
Batch 200, Loss: 1.0683
Batch 300, Loss: 1.1251
Epoch 97 learning rate: 0.05235532253548216
Epoch 97 time: 235.46442341804504 seconds
Epoch 97 accuracy: 66.5%
Batch 100, Loss: 1.0537
Batch 200, Loss: 1.0748
Batch 300, Loss: 1.1001
Epoch 98 learning rate: 0.051570537953906447
Epoch 98 time: 235.50907230377197 seconds
Epoch 98 accuracy: 66.44%
Batch 100, Loss: 1.0546
Batch 200, Loss: 1.0794
Batch 300, Loss: 1.0806
Epoch 99 learning rate: 0.05078536586559106
Epoch 99 time: 235.51105093955994 seconds
Epoch 99 accuracy: 68.64%
Batch 100, Loss: 1.0382
Batch 200, Loss: 1.0504
Batch 300, Loss: 1.0874
Epoch 100 learning rate: 0.050000000000000024
Epoch 100 time: 235.49015927314758 seconds
Epoch 100 accuracy: 69.22%
Batch 100, Loss: 1.0212
Batch 200, Loss: 1.0664
Batch 300, Loss: 1.0682
Epoch 101 learning rate: 0.049214634134409
Epoch 101 time: 235.44155359268188 seconds
Epoch 101 accuracy: 66.81%
Batch 100, Loss: 1.0254
Batch 200, Loss: 1.0557
Batch 300, Loss: 1.0443
Epoch 102 learning rate: 0.04842946204609361
Epoch 102 time: 236.79078578948975 seconds
Epoch 102 accuracy: 67.46%
Batch 100, Loss: 1.0196
Batch 200, Loss: 1.0328
Batch 300, Loss: 1.0777
Epoch 103 learning rate: 0.04764467746451789
Epoch 103 time: 235.49104976654053 seconds
Epoch 103 accuracy: 69.16%
Batch 100, Loss: 1.0025
Batch 200, Loss: 1.0292
Batch 300, Loss: 1.0339
Epoch 104 learning rate: 0.046860474023534354
Epoch 104 time: 235.56957578659058 seconds
Epoch 104 accuracy: 67.38%
Batch 100, Loss: 1.0149
Batch 200, Loss: 1.0150
Batch 300, Loss: 1.0445
Epoch 105 learning rate: 0.04607704521360778
Epoch 105 time: 235.44593024253845 seconds
Epoch 105 accuracy: 69.59%
Batch 100, Loss: 0.9892
Batch 200, Loss: 1.0169
Batch 300, Loss: 1.0398
Epoch 106 learning rate: 0.04529458433407431
Epoch 106 time: 235.40787744522095 seconds
Epoch 106 accuracy: 69.65%
Batch 100, Loss: 0.9690
Batch 200, Loss: 1.0172
Batch 300, Loss: 1.0108
Epoch 107 learning rate: 0.04451328444544776
Epoch 107 time: 235.51180982589722 seconds
Epoch 107 accuracy: 69.8%
Batch 100, Loss: 0.9778
Batch 200, Loss: 0.9816
Batch 300, Loss: 1.0036
Epoch 108 learning rate: 0.04373333832178482
Epoch 108 time: 235.46705508232117 seconds
Epoch 108 accuracy: 69.48%
Batch 100, Loss: 0.9582
Batch 200, Loss: 1.0049
Batch 300, Loss: 1.0144
Epoch 109 learning rate: 0.0429549384031209
Epoch 109 time: 235.45433807373047 seconds
Epoch 109 accuracy: 69.62%
Batch 100, Loss: 0.9693
Batch 200, Loss: 0.9807
Batch 300, Loss: 1.0001
Epoch 110 learning rate: 0.042178276747988484
Epoch 110 time: 235.499933719635 seconds
Epoch 110 accuracy: 70.17%
Batch 100, Loss: 0.9517
Batch 200, Loss: 0.9637
Batch 300, Loss: 0.9850
Epoch 111 learning rate: 0.04140354498602954
Epoch 111 time: 235.49911665916443 seconds
Epoch 111 accuracy: 70.03%
Batch 100, Loss: 0.9453
Batch 200, Loss: 0.9662
Batch 300, Loss: 0.9991
Epoch 112 learning rate: 0.0406309342707138
Epoch 112 time: 235.45060658454895 seconds
Epoch 112 accuracy: 69.53%
Batch 100, Loss: 0.9476
Batch 200, Loss: 0.9597
Batch 300, Loss: 0.9746
Epoch 113 learning rate: 0.03986063523217441
Epoch 113 time: 235.49699711799622 seconds
Epoch 113 accuracy: 69.89%
Batch 100, Loss: 0.9228
Batch 200, Loss: 0.9451
Batch 300, Loss: 0.9516
Epoch 114 learning rate: 0.039092837930172916
Epoch 114 time: 235.4240448474884 seconds
Epoch 114 accuracy: 70.91%
Batch 100, Loss: 0.9092
Batch 200, Loss: 0.9471
Batch 300, Loss: 0.9727
Epoch 115 learning rate: 0.03832773180720475
Epoch 115 time: 235.52429580688477 seconds
Epoch 115 accuracy: 69.22%
Batch 100, Loss: 0.9002
Batch 200, Loss: 0.9304
Batch 300, Loss: 0.9405
Epoch 116 learning rate: 0.037565505641757285
Epoch 116 time: 235.46862840652466 seconds
Epoch 116 accuracy: 71.29%
Batch 100, Loss: 0.8724
Batch 200, Loss: 0.9111
Batch 300, Loss: 0.9420
Epoch 117 learning rate: 0.03680634750173138
Epoch 117 time: 235.4578309059143 seconds
Epoch 117 accuracy: 70.4%
Batch 100, Loss: 0.8978
Batch 200, Loss: 0.9001
Batch 300, Loss: 0.9338
Epoch 118 learning rate: 0.036050444698038565
Epoch 118 time: 235.51762533187866 seconds
Epoch 118 accuracy: 71.54%
Batch 100, Loss: 0.8848
Batch 200, Loss: 0.8960
Batch 300, Loss: 0.9170
Epoch 119 learning rate: 0.03529798373838483
Epoch 119 time: 235.48489999771118 seconds
Epoch 119 accuracy: 71.24%
Batch 100, Loss: 0.8625
Batch 200, Loss: 0.8908
Batch 300, Loss: 0.9121
Epoch 120 learning rate: 0.03454915028125267
Epoch 120 time: 235.4939000606537 seconds
Epoch 120 accuracy: 70.97%
Batch 100, Loss: 0.8792
Batch 200, Loss: 0.8685
Batch 300, Loss: 0.9191
Epoch 121 learning rate: 0.03380412909009255
Epoch 121 time: 235.56564617156982 seconds
Epoch 121 accuracy: 72.11%
Batch 100, Loss: 0.8289
Batch 200, Loss: 0.8722
Batch 300, Loss: 0.8982
Epoch 122 learning rate: 0.03306310398773545
Epoch 122 time: 235.50317931175232 seconds
Epoch 122 accuracy: 70.6%
Batch 100, Loss: 0.8556
Batch 200, Loss: 0.8389
Batch 300, Loss: 0.8685
Epoch 123 learning rate: 0.03232625781103717
Epoch 123 time: 235.47640705108643 seconds
Epoch 123 accuracy: 71.18%
Batch 100, Loss: 0.8401
Batch 200, Loss: 0.8433
Batch 300, Loss: 0.8607
Epoch 124 learning rate: 0.03159377236576613
Epoch 124 time: 235.50962710380554 seconds
Epoch 124 accuracy: 71.59%
Batch 100, Loss: 0.8262
Batch 200, Loss: 0.8405
Batch 300, Loss: 0.8715
Epoch 125 learning rate: 0.030865828381745543
Epoch 125 time: 235.5475389957428 seconds
Epoch 125 accuracy: 71.68%
Batch 100, Loss: 0.8034
Batch 200, Loss: 0.8184
Batch 300, Loss: 0.8524
Epoch 126 learning rate: 0.03014260546826098
Epoch 126 time: 235.50477623939514 seconds
Epoch 126 accuracy: 72.01%
Batch 100, Loss: 0.7912
Batch 200, Loss: 0.8322
Batch 300, Loss: 0.8230
Epoch 127 learning rate: 0.02942428206974458
Epoch 127 time: 235.5036232471466 seconds
Epoch 127 accuracy: 72.07%
Batch 100, Loss: 0.7816
Batch 200, Loss: 0.8148
Batch 300, Loss: 0.8146
Epoch 128 learning rate: 0.028711035421746387
Epoch 128 time: 235.5508267879486 seconds
Epoch 128 accuracy: 72.81%
Batch 100, Loss: 0.7900
Batch 200, Loss: 0.7667
Batch 300, Loss: 0.8136
Epoch 129 learning rate: 0.02800304150720426
Epoch 129 time: 235.6398057937622 seconds
Epoch 129 accuracy: 72.76%
Batch 100, Loss: 0.7632
Batch 200, Loss: 0.7677
Batch 300, Loss: 0.8237
Epoch 130 learning rate: 0.02730047501302268
Epoch 130 time: 235.57216572761536 seconds
Epoch 130 accuracy: 72.75%
Batch 100, Loss: 0.7626
Batch 200, Loss: 0.7804
Batch 300, Loss: 0.8053
Epoch 131 learning rate: 0.026603509286971357
Epoch 131 time: 235.54307079315186 seconds
Epoch 131 accuracy: 72.19%
Batch 100, Loss: 0.7341
Batch 200, Loss: 0.7472
Batch 300, Loss: 0.7779
Epoch 132 learning rate: 0.025912316294914244
Epoch 132 time: 235.479909658432 seconds
Epoch 132 accuracy: 72.84%
Batch 100, Loss: 0.7323
Batch 200, Loss: 0.7711
Batch 300, Loss: 0.7936
Epoch 133 learning rate: 0.025227066578379632
Epoch 133 time: 235.4936981201172 seconds
Epoch 133 accuracy: 73.29%
Batch 100, Loss: 0.7247
Batch 200, Loss: 0.7449
Batch 300, Loss: 0.7645
Epoch 134 learning rate: 0.024547929212481445
Epoch 134 time: 235.5267050266266 seconds
Epoch 134 accuracy: 73.49%
Batch 100, Loss: 0.7298
Batch 200, Loss: 0.7425
Batch 300, Loss: 0.7553
Epoch 135 learning rate: 0.02387507176420257
Epoch 135 time: 236.1721339225769 seconds
Epoch 135 accuracy: 73.05%
Batch 100, Loss: 0.7189
Batch 200, Loss: 0.7382
Batch 300, Loss: 0.7488
Epoch 136 learning rate: 0.023208660251050166
Epoch 136 time: 235.40291929244995 seconds
Epoch 136 accuracy: 73.74%
Batch 100, Loss: 0.6976
Batch 200, Loss: 0.6887
Batch 300, Loss: 0.7257
Epoch 137 learning rate: 0.022548859100093414
Epoch 137 time: 235.4063777923584 seconds
Epoch 137 accuracy: 72.79%
Batch 100, Loss: 0.7114
Batch 200, Loss: 0.6930
Batch 300, Loss: 0.7289
Epoch 138 learning rate: 0.021895831107393474
Epoch 138 time: 235.51064085960388 seconds
Epoch 138 accuracy: 74.1%
Batch 100, Loss: 0.6663
Batch 200, Loss: 0.7020
Batch 300, Loss: 0.7037
Epoch 139 learning rate: 0.02124973739783608
Epoch 139 time: 236.02959609031677 seconds
Epoch 139 accuracy: 73.82%
Batch 100, Loss: 0.6663
Batch 200, Loss: 0.6955
Batch 300, Loss: 0.6868
Epoch 140 learning rate: 0.02061073738537636
Epoch 140 time: 235.4418330192566 seconds
Epoch 140 accuracy: 74.39%
Batch 100, Loss: 0.6471
Batch 200, Loss: 0.6775
Batch 300, Loss: 0.6975
Epoch 141 learning rate: 0.019978988733705814
Epoch 141 time: 235.56237602233887 seconds
Epoch 141 accuracy: 74.4%
Batch 100, Loss: 0.6427
Batch 200, Loss: 0.6406
Batch 300, Loss: 0.6624
Epoch 142 learning rate: 0.01935464731735118
Epoch 142 time: 235.4816029071808 seconds
Epoch 142 accuracy: 73.43%
Batch 100, Loss: 0.6353
Batch 200, Loss: 0.6401
Batch 300, Loss: 0.6663
Epoch 143 learning rate: 0.018737867183214747
Epoch 143 time: 235.51814126968384 seconds
Epoch 143 accuracy: 75.31%
Batch 100, Loss: 0.6165
Batch 200, Loss: 0.6332
Batch 300, Loss: 0.6657
Epoch 144 learning rate: 0.01812880051256552
Epoch 144 time: 235.4886519908905 seconds
Epoch 144 accuracy: 75.13%
Batch 100, Loss: 0.6129
Batch 200, Loss: 0.6411
Batch 300, Loss: 0.6422
Epoch 145 learning rate: 0.017527597583490827
Epoch 145 time: 235.53870463371277 seconds
Epoch 145 accuracy: 74.8%
Batch 100, Loss: 0.6050
Batch 200, Loss: 0.6133
Batch 300, Loss: 0.6146
Epoch 146 learning rate: 0.01693440673381742
Epoch 146 time: 235.53174257278442 seconds
Epoch 146 accuracy: 75.01%
Batch 100, Loss: 0.5913
Batch 200, Loss: 0.6089
Batch 300, Loss: 0.6046
Epoch 147 learning rate: 0.016349374324511334
Epoch 147 time: 235.43656635284424 seconds
Epoch 147 accuracy: 75.19%
Batch 100, Loss: 0.5885
Batch 200, Loss: 0.5810
Batch 300, Loss: 0.5985
Epoch 148 learning rate: 0.01577264470356557
Epoch 148 time: 235.4723379611969 seconds
Epoch 148 accuracy: 74.75%
Batch 100, Loss: 0.5564
Batch 200, Loss: 0.5772
Batch 300, Loss: 0.5844
Epoch 149 learning rate: 0.01520436017038429
Epoch 149 time: 235.52838015556335 seconds
Epoch 149 accuracy: 75.44%
Batch 100, Loss: 0.5524
Batch 200, Loss: 0.5357
Batch 300, Loss: 0.5803
Epoch 150 learning rate: 0.014644660940672632
Epoch 150 time: 235.48882722854614 seconds
Epoch 150 accuracy: 75.67%
Batch 100, Loss: 0.5389
Batch 200, Loss: 0.5538
Batch 300, Loss: 0.5584
Epoch 151 learning rate: 0.01409368511184057
Epoch 151 time: 235.59219455718994 seconds
Epoch 151 accuracy: 76.02%
Batch 100, Loss: 0.5377
Batch 200, Loss: 0.5341
Batch 300, Loss: 0.5450
Epoch 152 learning rate: 0.013551568628929438
Epoch 152 time: 235.4546618461609 seconds
Epoch 152 accuracy: 75.62%
Batch 100, Loss: 0.5240
Batch 200, Loss: 0.5257
Batch 300, Loss: 0.5377
Epoch 153 learning rate: 0.013018445251069516
Epoch 153 time: 235.51470041275024 seconds
Epoch 153 accuracy: 75.81%
Batch 100, Loss: 0.5054
Batch 200, Loss: 0.5312
Batch 300, Loss: 0.5241
Epoch 154 learning rate: 0.012494446518477026
Epoch 154 time: 235.5727870464325 seconds
Epoch 154 accuracy: 76.98%
Batch 100, Loss: 0.4873
Batch 200, Loss: 0.5029
Batch 300, Loss: 0.5199
Epoch 155 learning rate: 0.011979701719998459
Epoch 155 time: 235.49134421348572 seconds
Epoch 155 accuracy: 76.54%
Batch 100, Loss: 0.4827
Batch 200, Loss: 0.4959
Batch 300, Loss: 0.4925
Epoch 156 learning rate: 0.011474337861210548
Epoch 156 time: 235.451593875885 seconds
Epoch 156 accuracy: 76.8%
Batch 100, Loss: 0.4692
Batch 200, Loss: 0.4682
Batch 300, Loss: 0.5001
Epoch 157 learning rate: 0.010978479633083526
Epoch 157 time: 235.51269102096558 seconds
Epoch 157 accuracy: 76.76%
Batch 100, Loss: 0.4707
Batch 200, Loss: 0.4791
Batch 300, Loss: 0.4961
Epoch 158 learning rate: 0.010492249381215483
Epoch 158 time: 235.45160937309265 seconds
Epoch 158 accuracy: 77.5%
Batch 100, Loss: 0.4603
Batch 200, Loss: 0.4669
Batch 300, Loss: 0.4680
Epoch 159 learning rate: 0.010015767075645474
Epoch 159 time: 235.43378686904907 seconds
Epoch 159 accuracy: 76.9%
Batch 100, Loss: 0.4294
Batch 200, Loss: 0.4468
Batch 300, Loss: 0.4596
Epoch 160 learning rate: 0.009549150281252637
Epoch 160 time: 235.46294951438904 seconds
Epoch 160 accuracy: 78.1%
Batch 100, Loss: 0.4225
Batch 200, Loss: 0.4435
Batch 300, Loss: 0.4484
Epoch 161 learning rate: 0.00909251412874884
Epoch 161 time: 235.45748257637024 seconds
Epoch 161 accuracy: 77.48%
Batch 100, Loss: 0.4230
Batch 200, Loss: 0.4322
Batch 300, Loss: 0.4285
Epoch 162 learning rate: 0.008645971286271918
Epoch 162 time: 235.47089290618896 seconds
Epoch 162 accuracy: 78.2%
Batch 100, Loss: 0.4232
Batch 200, Loss: 0.4176
Batch 300, Loss: 0.4353
Epoch 163 learning rate: 0.008209631931586501
Epoch 163 time: 235.45653247833252 seconds
Epoch 163 accuracy: 77.98%
Batch 100, Loss: 0.4083
Batch 200, Loss: 0.4165
Batch 300, Loss: 0.4405
Epoch 164 learning rate: 0.0077836037248992605
Epoch 164 time: 235.54013895988464 seconds
Epoch 164 accuracy: 77.73%
Batch 100, Loss: 0.4006
Batch 200, Loss: 0.4077
Batch 300, Loss: 0.4082
Epoch 165 learning rate: 0.0073679917822954055
Epoch 165 time: 235.45749521255493 seconds
Epoch 165 accuracy: 78.64%
Batch 100, Loss: 0.3737
Batch 200, Loss: 0.3746
Batch 300, Loss: 0.4002
Epoch 166 learning rate: 0.006962898649802815
Epoch 166 time: 235.5026662349701 seconds
Epoch 166 accuracy: 78.19%
Batch 100, Loss: 0.3850
Batch 200, Loss: 0.3912
Batch 300, Loss: 0.3783
Epoch 167 learning rate: 0.006568424278090438
Epoch 167 time: 235.48193740844727 seconds
Epoch 167 accuracy: 78.2%
Batch 100, Loss: 0.3785
Batch 200, Loss: 0.3698
Batch 300, Loss: 0.3792
Epoch 168 learning rate: 0.006184665997806824
Epoch 168 time: 235.56712865829468 seconds
Epoch 168 accuracy: 79.28%
Batch 100, Loss: 0.3692
Batch 200, Loss: 0.3578
Batch 300, Loss: 0.3609
Epoch 169 learning rate: 0.00581171849556533
Epoch 169 time: 235.43336033821106 seconds
Epoch 169 accuracy: 78.84%
Batch 100, Loss: 0.3594
Batch 200, Loss: 0.3444
Batch 300, Loss: 0.3557
Epoch 170 learning rate: 0.0054496737905816136
Epoch 170 time: 235.47703003883362 seconds
Epoch 170 accuracy: 79.52%
Batch 100, Loss: 0.3449
Batch 200, Loss: 0.3442
Batch 300, Loss: 0.3540
Epoch 171 learning rate: 0.005098621211969226
Epoch 171 time: 235.47434067726135 seconds
Epoch 171 accuracy: 79.7%
Batch 100, Loss: 0.3277
Batch 200, Loss: 0.3503
Batch 300, Loss: 0.3377
Epoch 172 learning rate: 0.004758647376699035
Epoch 172 time: 235.49389457702637 seconds
Epoch 172 accuracy: 79.44%
Batch 100, Loss: 0.3328
Batch 200, Loss: 0.3384
Batch 300, Loss: 0.3339
Epoch 173 learning rate: 0.00442983616822775
Epoch 173 time: 235.47976207733154 seconds
Epoch 173 accuracy: 79.44%
Batch 100, Loss: 0.3227
Batch 200, Loss: 0.3221
Batch 300, Loss: 0.3347
Epoch 174 learning rate: 0.004112268715800957
Epoch 174 time: 235.42975330352783 seconds
Epoch 174 accuracy: 79.34%
Batch 100, Loss: 0.3217
Batch 200, Loss: 0.3153
Batch 300, Loss: 0.3248
Epoch 175 learning rate: 0.003806023374435677
Epoch 175 time: 235.46483635902405 seconds
Epoch 175 accuracy: 79.83%
Batch 100, Loss: 0.3144
Batch 200, Loss: 0.3023
Batch 300, Loss: 0.3048
Epoch 176 learning rate: 0.003511175705587435
Epoch 176 time: 235.5316264629364 seconds
Epoch 176 accuracy: 79.71%
Batch 100, Loss: 0.2947
Batch 200, Loss: 0.3117
Batch 300, Loss: 0.3102
Epoch 177 learning rate: 0.0032277984585066333
Epoch 177 time: 235.42517042160034 seconds
Epoch 177 accuracy: 79.65%
Batch 100, Loss: 0.3117
Batch 200, Loss: 0.3017
Batch 300, Loss: 0.3003
Epoch 178 learning rate: 0.002955961552288729
Epoch 178 time: 235.55081701278687 seconds
Epoch 178 accuracy: 80.01%
Batch 100, Loss: 0.3005
Batch 200, Loss: 0.2909
Batch 300, Loss: 0.2905
Epoch 179 learning rate: 0.0026957320586227366
Epoch 179 time: 235.53265523910522 seconds
Epoch 179 accuracy: 79.94%
Batch 100, Loss: 0.2905
Batch 200, Loss: 0.2870
Batch 300, Loss: 0.2861
Epoch 180 learning rate: 0.002447174185242325
Epoch 180 time: 235.61109733581543 seconds
Epoch 180 accuracy: 80.38%
Batch 100, Loss: 0.2795
Batch 200, Loss: 0.2841
Batch 300, Loss: 0.2947
Epoch 181 learning rate: 0.0022103492600834954
Epoch 181 time: 235.4081027507782 seconds
Epoch 181 accuracy: 80.27%
Batch 100, Loss: 0.2631
Batch 200, Loss: 0.2795
Batch 300, Loss: 0.2799
Epoch 182 learning rate: 0.0019853157161528537
Epoch 182 time: 235.55245995521545 seconds
Epoch 182 accuracy: 80.35%
Batch 100, Loss: 0.2773
Batch 200, Loss: 0.2753
Batch 300, Loss: 0.2779
Epoch 183 learning rate: 0.001772129077110103
Epoch 183 time: 235.56061911582947 seconds
Epoch 183 accuracy: 80.61%
Batch 100, Loss: 0.2776
Batch 200, Loss: 0.2714
Batch 300, Loss: 0.2762
Epoch 184 learning rate: 0.0015708419435684529
Epoch 184 time: 235.4879343509674 seconds
Epoch 184 accuracy: 80.54%
Batch 100, Loss: 0.2588
Batch 200, Loss: 0.2707
Batch 300, Loss: 0.2755
Epoch 185 learning rate: 0.0013815039801161732
Epoch 185 time: 235.4696946144104 seconds
Epoch 185 accuracy: 80.16%
Batch 100, Loss: 0.2621
Batch 200, Loss: 0.2646
Batch 300, Loss: 0.2773
Epoch 186 learning rate: 0.0012041619030626347
Epoch 186 time: 235.44803857803345 seconds
Epoch 186 accuracy: 80.59%
Batch 100, Loss: 0.2616
Batch 200, Loss: 0.2570
Batch 300, Loss: 0.2632
Epoch 187 learning rate: 0.0010388594689117077
Epoch 187 time: 235.5984902381897 seconds
Epoch 187 accuracy: 80.72%
Batch 100, Loss: 0.2548
Batch 200, Loss: 0.2643
Batch 300, Loss: 0.2576
Epoch 188 learning rate: 0.0008856374635655645
Epoch 188 time: 235.53408980369568 seconds
Epoch 188 accuracy: 81.14%
Batch 100, Loss: 0.2519
Batch 200, Loss: 0.2480
Batch 300, Loss: 0.2615
Epoch 189 learning rate: 0.000744533692261307
Epoch 189 time: 235.53791499137878 seconds
Epoch 189 accuracy: 80.78%
Batch 100, Loss: 0.2550
Batch 200, Loss: 0.2449
Batch 300, Loss: 0.2509
Epoch 190 learning rate: 0.0006155829702431174
Epoch 190 time: 235.42412877082825 seconds
Epoch 190 accuracy: 80.79%
Batch 100, Loss: 0.2440
Batch 200, Loss: 0.2483
Batch 300, Loss: 0.2565
Epoch 191 learning rate: 0.0004988171141721235
Epoch 191 time: 235.5316891670227 seconds
Epoch 191 accuracy: 81.11%
Batch 100, Loss: 0.2487
Batch 200, Loss: 0.2384
Batch 300, Loss: 0.2487
Epoch 192 learning rate: 0.00039426493427611206
Epoch 192 time: 235.48608994483948 seconds
Epoch 192 accuracy: 81.08%
Batch 100, Loss: 0.2449
Batch 200, Loss: 0.2480
Batch 300, Loss: 0.2461
Epoch 193 learning rate: 0.00030195222724102046
Epoch 193 time: 235.5729100704193 seconds
Epoch 193 accuracy: 80.8%
Batch 100, Loss: 0.2454
Batch 200, Loss: 0.2392
Batch 300, Loss: 0.2446
Epoch 194 learning rate: 0.00022190176984600036
Epoch 194 time: 235.47346425056458 seconds
Epoch 194 accuracy: 81.02%
Batch 100, Loss: 0.2542
Batch 200, Loss: 0.2383
Batch 300, Loss: 0.2423
Epoch 195 learning rate: 0.00015413331334360192
Epoch 195 time: 235.5127935409546 seconds
Epoch 195 accuracy: 80.97%
Batch 100, Loss: 0.2486
Batch 200, Loss: 0.2443
Batch 300, Loss: 0.2494
Epoch 196 learning rate: 9.866357858642213e-05
Epoch 196 time: 235.5301158428192 seconds
Epoch 196 accuracy: 80.84%
Batch 100, Loss: 0.2515
Batch 200, Loss: 0.2420
Batch 300, Loss: 0.2459
Epoch 197 learning rate: 5.5506251901504864e-05
Epoch 197 time: 235.5474033355713 seconds
Epoch 197 accuracy: 80.88%
Batch 100, Loss: 0.2372
Batch 200, Loss: 0.2442
Batch 300, Loss: 0.2342
Epoch 198 learning rate: 2.4671981713420017e-05
Epoch 198 time: 235.46934962272644 seconds
Epoch 198 accuracy: 80.97%
Batch 100, Loss: 0.2398
Batch 200, Loss: 0.2441
Batch 300, Loss: 0.2407
Epoch 199 learning rate: 6.168375916970619e-06
Epoch 199 time: 235.5275046825409 seconds
Epoch 199 accuracy: 80.87%
Batch 100, Loss: 0.2454
Batch 200, Loss: 0.2554
Batch 300, Loss: 0.2411
Epoch 200 learning rate: 0.0
Epoch 200 time: 235.43676900863647 seconds
Epoch 200 accuracy: 81.04%
Total training time: 47110.76983380318 seconds
