The following modules were not unloaded:
  (Use "module --force purge" to unload all):

  1) CCconfig        6)  ucx/1.14.1         11) flexiblas/3.3.1
  2) gentoo/2023     7)  libfabric/1.18.0   12) imkl/2023.2.0
  3) gcccore/.12.3   8)  pmix/4.2.4         13) StdEnv/2023
  4) gcc/12.3        9)  ucc/1.2.0
  5) hwloc/2.9.1     10) openmpi/4.1.5
/project/6070520/tkleinkn/Vanilla-GAM/main_cifar.py:187: UserWarning: You have chosen a specific GPU. This will completely disable data parallelism.
  warnings.warn('You have chosen a specific GPU. This will completely '
model name space ['resnet101_c', 'resnet152_c', 'resnet18_c', 'resnet34_c', 'resnet50_c']
Use GPU: 0 for training
=> creating model 'resnet18_c'
Files already downloaded and verified
Files already downloaded and verified
tensorboard dir ./results/CIFAR100/GAMNonAccelerated
Using non-accelerated GAM
/home/tkleinkn/GAMtest/lib/python3.11/site-packages/torch/autograd/graph.py:744: UserWarning: Using backward() with create_graph=True will create a reference cycle between the parameter and its gradient which can cause a memory leak. We recommend using autograd.grad when creating the graph to avoid this. If you have to use this function, make sure to reset the .grad fields of your parameters to None after use to break the cycle and avoid the leak. (Triggered internally at /home/coulombc/wheels_builder/tmp.2617/python-3.11/torch/torch/csrc/autograd/engine.cpp:1203.)
  return Variable._execution_engine.run_backward(  # Calls into the C++ engine to run the backward pass
Batch 100, Loss: 3.6382
Batch 200, Loss: 3.2768
Batch 300, Loss: 3.1893
Epoch 1 learning rate: 0.09999383162408304
Epoch 1 time: 245.79068207740784 seconds
Epoch 1 accuracy: 13.88%
Batch 100, Loss: 2.9880
Batch 200, Loss: 2.9002
Batch 300, Loss: 2.7835
Epoch 2 learning rate: 0.09997532801828658
Epoch 2 time: 236.68899083137512 seconds
Epoch 2 accuracy: 20.0%
Batch 100, Loss: 2.6177
Batch 200, Loss: 2.5056
Batch 300, Loss: 2.4423
Epoch 3 learning rate: 0.09994449374809851
Epoch 3 time: 236.6244523525238 seconds
Epoch 3 accuracy: 30.3%
Batch 100, Loss: 2.2750
Batch 200, Loss: 2.2032
Batch 300, Loss: 2.1335
Epoch 4 learning rate: 0.09990133642141359
Epoch 4 time: 236.53125143051147 seconds
Epoch 4 accuracy: 34.32%
Batch 100, Loss: 1.9905
Batch 200, Loss: 1.9480
Batch 300, Loss: 1.9254
Epoch 5 learning rate: 0.09984586668665642
Epoch 5 time: 236.48539066314697 seconds
Epoch 5 accuracy: 39.59%
Batch 100, Loss: 1.7926
Batch 200, Loss: 1.7393
Batch 300, Loss: 1.7422
Epoch 6 learning rate: 0.09977809823015402
Epoch 6 time: 236.55366015434265 seconds
Epoch 6 accuracy: 42.46%
Batch 100, Loss: 1.6309
Batch 200, Loss: 1.6386
Batch 300, Loss: 1.6441
Epoch 7 learning rate: 0.09969804777275901
Epoch 7 time: 236.29833245277405 seconds
Epoch 7 accuracy: 46.16%
Batch 100, Loss: 1.5137
Batch 200, Loss: 1.5250
Batch 300, Loss: 1.5465
Epoch 8 learning rate: 0.09960573506572391
Epoch 8 time: 236.47932386398315 seconds
Epoch 8 accuracy: 51.65%
Batch 100, Loss: 1.4499
Batch 200, Loss: 1.4542
Batch 300, Loss: 1.4653
Epoch 9 learning rate: 0.09950118288582789
Epoch 9 time: 236.48465299606323 seconds
Epoch 9 accuracy: 51.39%
Batch 100, Loss: 1.3748
Batch 200, Loss: 1.3991
Batch 300, Loss: 1.4175
Epoch 10 learning rate: 0.09938441702975691
Epoch 10 time: 236.42026114463806 seconds
Epoch 10 accuracy: 52.18%
Batch 100, Loss: 1.3280
Batch 200, Loss: 1.3590
Batch 300, Loss: 1.3689
Epoch 11 learning rate: 0.09925546630773871
Epoch 11 time: 236.24511408805847 seconds
Epoch 11 accuracy: 54.44%
Batch 100, Loss: 1.2731
Batch 200, Loss: 1.3064
Batch 300, Loss: 1.3494
Epoch 12 learning rate: 0.09911436253643445
Epoch 12 time: 236.30097699165344 seconds
Epoch 12 accuracy: 54.66%
Batch 100, Loss: 1.2468
Batch 200, Loss: 1.2509
Batch 300, Loss: 1.2979
Epoch 13 learning rate: 0.0989611405310883
Epoch 13 time: 236.34275817871094 seconds
Epoch 13 accuracy: 52.91%
Batch 100, Loss: 1.1934
Batch 200, Loss: 1.2733
Batch 300, Loss: 1.2416
Epoch 14 learning rate: 0.09879583809693739
Epoch 14 time: 236.39532589912415 seconds
Epoch 14 accuracy: 57.79%
Batch 100, Loss: 1.1831
Batch 200, Loss: 1.1927
Batch 300, Loss: 1.2366
Epoch 15 learning rate: 0.09861849601988384
Epoch 15 time: 236.34973764419556 seconds
Epoch 15 accuracy: 56.66%
Batch 100, Loss: 1.1570
Batch 200, Loss: 1.1969
Batch 300, Loss: 1.2179
Epoch 16 learning rate: 0.09842915805643157
Epoch 16 time: 236.47897863388062 seconds
Epoch 16 accuracy: 57.44%
Batch 100, Loss: 1.1506
Batch 200, Loss: 1.1714
Batch 300, Loss: 1.1845
Epoch 17 learning rate: 0.09822787092288993
Epoch 17 time: 236.3768982887268 seconds
Epoch 17 accuracy: 56.8%
Batch 100, Loss: 1.0980
Batch 200, Loss: 1.1389
Batch 300, Loss: 1.1954
Epoch 18 learning rate: 0.09801468428384717
Epoch 18 time: 236.28450441360474 seconds
Epoch 18 accuracy: 58.65%
Batch 100, Loss: 1.0805
Batch 200, Loss: 1.1271
Batch 300, Loss: 1.1491
Epoch 19 learning rate: 0.09778965073991652
Epoch 19 time: 236.50409030914307 seconds
Epoch 19 accuracy: 57.11%
Batch 100, Loss: 1.0788
Batch 200, Loss: 1.1160
Batch 300, Loss: 1.1222
Epoch 20 learning rate: 0.0975528258147577
Epoch 20 time: 236.5330274105072 seconds
Epoch 20 accuracy: 57.7%
Batch 100, Loss: 1.0552
Batch 200, Loss: 1.1088
Batch 300, Loss: 1.1176
Epoch 21 learning rate: 0.09730426794137728
Epoch 21 time: 236.4552092552185 seconds
Epoch 21 accuracy: 60.72%
Batch 100, Loss: 1.0432
Batch 200, Loss: 1.1002
Batch 300, Loss: 1.0947
Epoch 22 learning rate: 0.09704403844771128
Epoch 22 time: 236.3093900680542 seconds
Epoch 22 accuracy: 55.16%
Batch 100, Loss: 1.0627
Batch 200, Loss: 1.0634
Batch 300, Loss: 1.0902
Epoch 23 learning rate: 0.09677220154149338
Epoch 23 time: 236.42446637153625 seconds
Epoch 23 accuracy: 59.31%
Batch 100, Loss: 1.0143
Batch 200, Loss: 1.0451
Batch 300, Loss: 1.0975
Epoch 24 learning rate: 0.09648882429441258
Epoch 24 time: 236.38476419448853 seconds
Epoch 24 accuracy: 58.47%
Batch 100, Loss: 1.0101
Batch 200, Loss: 1.0331
Batch 300, Loss: 1.0665
Epoch 25 learning rate: 0.09619397662556435
Epoch 25 time: 236.383052110672 seconds
Epoch 25 accuracy: 60.13%
Batch 100, Loss: 0.9962
Batch 200, Loss: 1.0363
Batch 300, Loss: 1.0736
Epoch 26 learning rate: 0.09588773128419906
Epoch 26 time: 236.68067002296448 seconds
Epoch 26 accuracy: 60.17%
Batch 100, Loss: 0.9783
Batch 200, Loss: 1.0441
Batch 300, Loss: 1.0565
Epoch 27 learning rate: 0.09557016383177226
Epoch 27 time: 236.50920724868774 seconds
Epoch 27 accuracy: 58.58%
Batch 100, Loss: 0.9653
Batch 200, Loss: 1.0438
Batch 300, Loss: 1.0565
Epoch 28 learning rate: 0.09524135262330098
Epoch 28 time: 236.2764654159546 seconds
Epoch 28 accuracy: 61.64%
Batch 100, Loss: 0.9748
Batch 200, Loss: 0.9983
Batch 300, Loss: 1.0357
Epoch 29 learning rate: 0.09490137878803079
Epoch 29 time: 236.4171142578125 seconds
Epoch 29 accuracy: 60.0%
Batch 100, Loss: 0.9498
Batch 200, Loss: 1.0077
Batch 300, Loss: 1.0332
Epoch 30 learning rate: 0.0945503262094184
Epoch 30 time: 236.49623227119446 seconds
Epoch 30 accuracy: 62.51%
Batch 100, Loss: 0.9544
Batch 200, Loss: 1.0044
Batch 300, Loss: 1.0012
Epoch 31 learning rate: 0.0941882815044347
Epoch 31 time: 236.47167706489563 seconds
Epoch 31 accuracy: 59.28%
Batch 100, Loss: 0.9452
Batch 200, Loss: 0.9992
Batch 300, Loss: 0.9903
Epoch 32 learning rate: 0.09381533400219319
Epoch 32 time: 236.39879512786865 seconds
Epoch 32 accuracy: 58.88%
Batch 100, Loss: 0.9456
Batch 200, Loss: 0.9782
Batch 300, Loss: 1.0065
Epoch 33 learning rate: 0.09343157572190958
Epoch 33 time: 236.48577070236206 seconds
Epoch 33 accuracy: 61.8%
Batch 100, Loss: 0.9166
Batch 200, Loss: 0.9636
Batch 300, Loss: 1.0205
Epoch 34 learning rate: 0.0930371013501972
Epoch 34 time: 236.45420098304749 seconds
Epoch 34 accuracy: 61.93%
Batch 100, Loss: 0.9280
Batch 200, Loss: 0.9735
Batch 300, Loss: 0.9580
Epoch 35 learning rate: 0.09263200821770463
Epoch 35 time: 236.35313177108765 seconds
Epoch 35 accuracy: 60.31%
Batch 100, Loss: 0.9049
Batch 200, Loss: 0.9483
Batch 300, Loss: 0.9825
Epoch 36 learning rate: 0.09221639627510078
Epoch 36 time: 236.41836619377136 seconds
Epoch 36 accuracy: 61.26%
Batch 100, Loss: 0.9110
Batch 200, Loss: 0.9443
Batch 300, Loss: 0.9796
Epoch 37 learning rate: 0.09179036806841355
Epoch 37 time: 236.47208428382874 seconds
Epoch 37 accuracy: 61.69%
Batch 100, Loss: 0.9092
Batch 200, Loss: 0.9526
Batch 300, Loss: 0.9650
Epoch 38 learning rate: 0.09135402871372812
Epoch 38 time: 236.48559737205505 seconds
Epoch 38 accuracy: 63.87%
Batch 100, Loss: 0.8998
Batch 200, Loss: 0.9334
Batch 300, Loss: 0.9729
Epoch 39 learning rate: 0.0909074858712512
Epoch 39 time: 236.3363687992096 seconds
Epoch 39 accuracy: 61.89%
Batch 100, Loss: 0.8769
Batch 200, Loss: 0.9249
Batch 300, Loss: 0.9945
Epoch 40 learning rate: 0.09045084971874741
Epoch 40 time: 236.45595049858093 seconds
Epoch 40 accuracy: 61.38%
Batch 100, Loss: 0.8709
Batch 200, Loss: 0.9315
Batch 300, Loss: 0.9441
Epoch 41 learning rate: 0.08998423292435458
Epoch 41 time: 236.2950313091278 seconds
Epoch 41 accuracy: 59.74%
Batch 100, Loss: 0.8630
Batch 200, Loss: 0.9204
Batch 300, Loss: 0.9632
Epoch 42 learning rate: 0.08950775061878455
Epoch 42 time: 236.3733148574829 seconds
Epoch 42 accuracy: 62.34%
Batch 100, Loss: 0.8673
Batch 200, Loss: 0.9217
Batch 300, Loss: 0.9516
Epoch 43 learning rate: 0.08902152036691653
Epoch 43 time: 236.35259246826172 seconds
Epoch 43 accuracy: 62.6%
Batch 100, Loss: 0.8620
Batch 200, Loss: 0.8983
Batch 300, Loss: 0.9244
Epoch 44 learning rate: 0.08852566213878951
Epoch 44 time: 236.44948840141296 seconds
Epoch 44 accuracy: 62.6%
Batch 100, Loss: 0.8711
Batch 200, Loss: 0.8983
Batch 300, Loss: 0.9426
Epoch 45 learning rate: 0.0880202982800016
Epoch 45 time: 236.4966425895691 seconds
Epoch 45 accuracy: 64.09%
Batch 100, Loss: 0.8427
Batch 200, Loss: 0.8890
Batch 300, Loss: 0.9345
Epoch 46 learning rate: 0.08750555348152303
Epoch 46 time: 236.39311504364014 seconds
Epoch 46 accuracy: 63.63%
Batch 100, Loss: 0.8344
Batch 200, Loss: 0.8842
Batch 300, Loss: 0.9194
Epoch 47 learning rate: 0.08698155474893052
Epoch 47 time: 236.44002413749695 seconds
Epoch 47 accuracy: 61.01%
Batch 100, Loss: 0.8221
Batch 200, Loss: 0.8820
Batch 300, Loss: 0.9038
Epoch 48 learning rate: 0.08644843137107061
Epoch 48 time: 236.41059041023254 seconds
Epoch 48 accuracy: 63.94%
Batch 100, Loss: 0.8465
Batch 200, Loss: 0.8741
Batch 300, Loss: 0.8991
Epoch 49 learning rate: 0.08590631488815947
Epoch 49 time: 236.27896285057068 seconds
Epoch 49 accuracy: 62.36%
Batch 100, Loss: 0.8392
Batch 200, Loss: 0.8572
Batch 300, Loss: 0.8876
Epoch 50 learning rate: 0.0853553390593274
Epoch 50 time: 236.5630567073822 seconds
Epoch 50 accuracy: 63.62%
Batch 100, Loss: 0.8233
Batch 200, Loss: 0.8730
Batch 300, Loss: 0.9027
Epoch 51 learning rate: 0.08479563982961574
Epoch 51 time: 236.53357195854187 seconds
Epoch 51 accuracy: 61.49%
Batch 100, Loss: 0.8064
Batch 200, Loss: 0.8667
Batch 300, Loss: 0.8904
Epoch 52 learning rate: 0.08422735529643446
Epoch 52 time: 236.4286344051361 seconds
Epoch 52 accuracy: 63.74%
Batch 100, Loss: 0.8073
Batch 200, Loss: 0.8613
Batch 300, Loss: 0.8782
Epoch 53 learning rate: 0.08365062567548869
Epoch 53 time: 236.45623183250427 seconds
Epoch 53 accuracy: 65.55%
Batch 100, Loss: 0.8066
Batch 200, Loss: 0.8511
Batch 300, Loss: 0.8533
Epoch 54 learning rate: 0.08306559326618261
Epoch 54 time: 236.34282684326172 seconds
Epoch 54 accuracy: 61.37%
Batch 100, Loss: 0.8220
Batch 200, Loss: 0.8474
Batch 300, Loss: 0.8634
Epoch 55 learning rate: 0.0824724024165092
Epoch 55 time: 236.28297185897827 seconds
Epoch 55 accuracy: 63.88%
Batch 100, Loss: 0.7720
Batch 200, Loss: 0.8419
Batch 300, Loss: 0.8681
Epoch 56 learning rate: 0.0818711994874345
Epoch 56 time: 236.20409512519836 seconds
Epoch 56 accuracy: 64.19%
Batch 100, Loss: 0.7904
Batch 200, Loss: 0.8392
Batch 300, Loss: 0.8648
Epoch 57 learning rate: 0.08126213281678528
Epoch 57 time: 236.221608877182 seconds
Epoch 57 accuracy: 63.63%
Batch 100, Loss: 0.7853
Batch 200, Loss: 0.8166
Batch 300, Loss: 0.8582
Epoch 58 learning rate: 0.08064535268264884
Epoch 58 time: 236.34250164031982 seconds
Epoch 58 accuracy: 61.84%
Batch 100, Loss: 0.7631
Batch 200, Loss: 0.8175
Batch 300, Loss: 0.8396
Epoch 59 learning rate: 0.08002101126629421
Epoch 59 time: 236.2538139820099 seconds
Epoch 59 accuracy: 64.61%
Batch 100, Loss: 0.7732
Batch 200, Loss: 0.8168
Batch 300, Loss: 0.8437
Epoch 60 learning rate: 0.07938926261462367
Epoch 60 time: 236.32158303260803 seconds
Epoch 60 accuracy: 66.4%
Batch 100, Loss: 0.7630
Batch 200, Loss: 0.8114
Batch 300, Loss: 0.8284
Epoch 61 learning rate: 0.07875026260216395
Epoch 61 time: 236.31893348693848 seconds
Epoch 61 accuracy: 63.34%
Batch 100, Loss: 0.7519
Batch 200, Loss: 0.8052
Batch 300, Loss: 0.8313
Epoch 62 learning rate: 0.07810416889260656
Epoch 62 time: 236.41731810569763 seconds
Epoch 62 accuracy: 65.06%
Batch 100, Loss: 0.7470
Batch 200, Loss: 0.7704
Batch 300, Loss: 0.8284
Epoch 63 learning rate: 0.07745114089990661
Epoch 63 time: 236.42074942588806 seconds
Epoch 63 accuracy: 62.96%
Batch 100, Loss: 0.7448
Batch 200, Loss: 0.7738
Batch 300, Loss: 0.8116
Epoch 64 learning rate: 0.07679133974894985
Epoch 64 time: 236.29638409614563 seconds
Epoch 64 accuracy: 65.6%
Batch 100, Loss: 0.7340
Batch 200, Loss: 0.7707
Batch 300, Loss: 0.8104
Epoch 65 learning rate: 0.07612492823579746
Epoch 65 time: 236.44938731193542 seconds
Epoch 65 accuracy: 65.96%
Batch 100, Loss: 0.7331
Batch 200, Loss: 0.7539
Batch 300, Loss: 0.7885
Epoch 66 learning rate: 0.07545207078751859
Epoch 66 time: 236.38609147071838 seconds
Epoch 66 accuracy: 64.27%
Batch 100, Loss: 0.7280
Batch 200, Loss: 0.7545
Batch 300, Loss: 0.7958
Epoch 67 learning rate: 0.0747729334216204
Epoch 67 time: 236.26949739456177 seconds
Epoch 67 accuracy: 63.51%
Batch 100, Loss: 0.7163
Batch 200, Loss: 0.7678
Batch 300, Loss: 0.7833
Epoch 68 learning rate: 0.07408768370508578
Epoch 68 time: 236.44139456748962 seconds
Epoch 68 accuracy: 63.99%
Batch 100, Loss: 0.7296
Batch 200, Loss: 0.7385
Batch 300, Loss: 0.7839
Epoch 69 learning rate: 0.0733964907130287
Epoch 69 time: 236.36208820343018 seconds
Epoch 69 accuracy: 65.05%
Batch 100, Loss: 0.7160
Batch 200, Loss: 0.7470
Batch 300, Loss: 0.7801
Epoch 70 learning rate: 0.07269952498697736
Epoch 70 time: 236.44878911972046 seconds
Epoch 70 accuracy: 66.12%
Batch 100, Loss: 0.6901
Batch 200, Loss: 0.7422
Batch 300, Loss: 0.8008
Epoch 71 learning rate: 0.07199695849279578
Epoch 71 time: 236.25732970237732 seconds
Epoch 71 accuracy: 65.49%
Batch 100, Loss: 0.6879
Batch 200, Loss: 0.7399
Batch 300, Loss: 0.7831
Epoch 72 learning rate: 0.07128896457825366
Epoch 72 time: 236.34519982337952 seconds
Epoch 72 accuracy: 66.19%
Batch 100, Loss: 0.6778
Batch 200, Loss: 0.7189
Batch 300, Loss: 0.7611
Epoch 73 learning rate: 0.07057571793025548
Epoch 73 time: 236.31771397590637 seconds
Epoch 73 accuracy: 64.7%
Batch 100, Loss: 0.6710
Batch 200, Loss: 0.7205
Batch 300, Loss: 0.7615
Epoch 74 learning rate: 0.06985739453173906
Epoch 74 time: 236.25244331359863 seconds
Epoch 74 accuracy: 65.52%
Batch 100, Loss: 0.6701
Batch 200, Loss: 0.7086
Batch 300, Loss: 0.7595
Epoch 75 learning rate: 0.06913417161825453
Epoch 75 time: 236.19517540931702 seconds
Epoch 75 accuracy: 65.45%
Batch 100, Loss: 0.6732
Batch 200, Loss: 0.7275
Batch 300, Loss: 0.7514
Epoch 76 learning rate: 0.06840622763423394
Epoch 76 time: 236.26506972312927 seconds
Epoch 76 accuracy: 66.15%
Batch 100, Loss: 0.6602
Batch 200, Loss: 0.6920
Batch 300, Loss: 0.7134
Epoch 77 learning rate: 0.0676737421889629
Epoch 77 time: 236.39350771903992 seconds
Epoch 77 accuracy: 66.16%
Batch 100, Loss: 0.6526
Batch 200, Loss: 0.6723
Batch 300, Loss: 0.7215
Epoch 78 learning rate: 0.06693689601226462
Epoch 78 time: 236.32649159431458 seconds
Epoch 78 accuracy: 67.87%
Batch 100, Loss: 0.6504
Batch 200, Loss: 0.6781
Batch 300, Loss: 0.7232
Epoch 79 learning rate: 0.06619587090990751
Epoch 79 time: 236.38277435302734 seconds
Epoch 79 accuracy: 67.68%
Batch 100, Loss: 0.6522
Batch 200, Loss: 0.6702
Batch 300, Loss: 0.7106
Epoch 80 learning rate: 0.06545084971874741
Epoch 80 time: 236.4162130355835 seconds
Epoch 80 accuracy: 65.43%
Batch 100, Loss: 0.6225
Batch 200, Loss: 0.6609
Batch 300, Loss: 0.6943
Epoch 81 learning rate: 0.06470201626161524
Epoch 81 time: 236.46911597251892 seconds
Epoch 81 accuracy: 65.7%
Batch 100, Loss: 0.6292
Batch 200, Loss: 0.6572
Batch 300, Loss: 0.6929
Epoch 82 learning rate: 0.06394955530196152
Epoch 82 time: 236.55287861824036 seconds
Epoch 82 accuracy: 66.89%
Batch 100, Loss: 0.6276
Batch 200, Loss: 0.6465
Batch 300, Loss: 0.7013
Epoch 83 learning rate: 0.06319365249826868
Epoch 83 time: 236.46161818504333 seconds
Epoch 83 accuracy: 67.91%
Batch 100, Loss: 0.6074
Batch 200, Loss: 0.6415
Batch 300, Loss: 0.6768
Epoch 84 learning rate: 0.06243449435824277
Epoch 84 time: 236.42100763320923 seconds
Epoch 84 accuracy: 67.51%
Batch 100, Loss: 0.5883
Batch 200, Loss: 0.6457
Batch 300, Loss: 0.6786
Epoch 85 learning rate: 0.06167226819279532
Epoch 85 time: 236.40537428855896 seconds
Epoch 85 accuracy: 66.07%
Batch 100, Loss: 0.5877
Batch 200, Loss: 0.6295
Batch 300, Loss: 0.6608
Epoch 86 learning rate: 0.06090716206982718
Epoch 86 time: 236.45129990577698 seconds
Epoch 86 accuracy: 66.64%
Batch 100, Loss: 0.5923
Batch 200, Loss: 0.6102
Batch 300, Loss: 0.6697
Epoch 87 learning rate: 0.06013936476782568
Epoch 87 time: 236.27609515190125 seconds
Epoch 87 accuracy: 68.07%
Batch 100, Loss: 0.5671
Batch 200, Loss: 0.6070
Batch 300, Loss: 0.6623
Epoch 88 learning rate: 0.05936906572928629
Epoch 88 time: 236.30804324150085 seconds
Epoch 88 accuracy: 67.87%
Batch 100, Loss: 0.5852
Batch 200, Loss: 0.6082
Batch 300, Loss: 0.6376
Epoch 89 learning rate: 0.05859645501397052
Epoch 89 time: 236.28003883361816 seconds
Epoch 89 accuracy: 67.67%
Batch 100, Loss: 0.5551
Batch 200, Loss: 0.6138
Batch 300, Loss: 0.6313
Epoch 90 learning rate: 0.05782172325201159
Epoch 90 time: 236.26741552352905 seconds
Epoch 90 accuracy: 65.58%
Batch 100, Loss: 0.5540
Batch 200, Loss: 0.5881
Batch 300, Loss: 0.6246
Epoch 91 learning rate: 0.057045061596879186
Epoch 91 time: 236.28367257118225 seconds
Epoch 91 accuracy: 67.49%
Batch 100, Loss: 0.5662
Batch 200, Loss: 0.5900
Batch 300, Loss: 0.6200
Epoch 92 learning rate: 0.056266661678215264
Epoch 92 time: 236.31783628463745 seconds
Epoch 92 accuracy: 69.05%
Batch 100, Loss: 0.5389
Batch 200, Loss: 0.5910
Batch 300, Loss: 0.5954
Epoch 93 learning rate: 0.055486715554552306
Epoch 93 time: 236.42706322669983 seconds
Epoch 93 accuracy: 68.57%
Batch 100, Loss: 0.5434
Batch 200, Loss: 0.5463
Batch 300, Loss: 0.5937
Epoch 94 learning rate: 0.05470541566592575
Epoch 94 time: 236.29916167259216 seconds
Epoch 94 accuracy: 69.02%
Batch 100, Loss: 0.5191
Batch 200, Loss: 0.5555
Batch 300, Loss: 0.5837
Epoch 95 learning rate: 0.05392295478639229
Epoch 95 time: 236.37704610824585 seconds
Epoch 95 accuracy: 68.27%
Batch 100, Loss: 0.5025
Batch 200, Loss: 0.5248
Batch 300, Loss: 0.5748
Epoch 96 learning rate: 0.05313952597646571
Epoch 96 time: 236.25226831436157 seconds
Epoch 96 accuracy: 68.62%
Batch 100, Loss: 0.5183
Batch 200, Loss: 0.5327
Batch 300, Loss: 0.5881
Epoch 97 learning rate: 0.05235532253548216
Epoch 97 time: 236.31323337554932 seconds
Epoch 97 accuracy: 67.1%
Batch 100, Loss: 0.4997
Batch 200, Loss: 0.5280
Batch 300, Loss: 0.5406
Epoch 98 learning rate: 0.051570537953906447
Epoch 98 time: 236.41508889198303 seconds
Epoch 98 accuracy: 67.39%
Batch 100, Loss: 0.4892
Batch 200, Loss: 0.5352
Batch 300, Loss: 0.5583
Epoch 99 learning rate: 0.05078536586559106
Epoch 99 time: 236.3347043991089 seconds
Epoch 99 accuracy: 68.53%
Batch 100, Loss: 0.4758
Batch 200, Loss: 0.5233
Batch 300, Loss: 0.5408
Epoch 100 learning rate: 0.050000000000000024
Epoch 100 time: 236.27158904075623 seconds
Epoch 100 accuracy: 68.77%
Batch 100, Loss: 0.4759
Batch 200, Loss: 0.4994
Batch 300, Loss: 0.5256
Epoch 101 learning rate: 0.049214634134409
Epoch 101 time: 236.42406034469604 seconds
Epoch 101 accuracy: 67.71%
Batch 100, Loss: 0.4667
Batch 200, Loss: 0.4921
Batch 300, Loss: 0.5479
Epoch 102 learning rate: 0.04842946204609361
Epoch 102 time: 236.51272654533386 seconds
Epoch 102 accuracy: 69.45%
Batch 100, Loss: 0.4607
Batch 200, Loss: 0.5011
Batch 300, Loss: 0.5215
Epoch 103 learning rate: 0.04764467746451789
Epoch 103 time: 236.44481921195984 seconds
Epoch 103 accuracy: 69.05%
Batch 100, Loss: 0.4299
Batch 200, Loss: 0.4646
Batch 300, Loss: 0.5234
Epoch 104 learning rate: 0.046860474023534354
Epoch 104 time: 236.3958671092987 seconds
Epoch 104 accuracy: 68.65%
Batch 100, Loss: 0.4445
Batch 200, Loss: 0.4638
Batch 300, Loss: 0.4941
Epoch 105 learning rate: 0.04607704521360778
Epoch 105 time: 236.33240628242493 seconds
Epoch 105 accuracy: 69.09%
Batch 100, Loss: 0.4403
Batch 200, Loss: 0.4519
Batch 300, Loss: 0.4893
Epoch 106 learning rate: 0.04529458433407431
Epoch 106 time: 236.30078840255737 seconds
Epoch 106 accuracy: 69.68%
Batch 100, Loss: 0.4378
Batch 200, Loss: 0.4447
Batch 300, Loss: 0.4646
Epoch 107 learning rate: 0.04451328444544776
Epoch 107 time: 236.32919716835022 seconds
Epoch 107 accuracy: 68.74%
Batch 100, Loss: 0.4217
Batch 200, Loss: 0.4465
Batch 300, Loss: 0.4730
Epoch 108 learning rate: 0.04373333832178482
Epoch 108 time: 236.30791354179382 seconds
Epoch 108 accuracy: 68.61%
Batch 100, Loss: 0.4244
Batch 200, Loss: 0.4277
Batch 300, Loss: 0.4608
Epoch 109 learning rate: 0.0429549384031209
Epoch 109 time: 236.23806476593018 seconds
Epoch 109 accuracy: 69.81%
Batch 100, Loss: 0.4019
Batch 200, Loss: 0.4030
Batch 300, Loss: 0.4601
Epoch 110 learning rate: 0.042178276747988484
Epoch 110 time: 236.19207334518433 seconds
Epoch 110 accuracy: 69.65%
Batch 100, Loss: 0.3961
Batch 200, Loss: 0.4106
Batch 300, Loss: 0.4493
Epoch 111 learning rate: 0.04140354498602954
Epoch 111 time: 236.36977791786194 seconds
Epoch 111 accuracy: 69.87%
Batch 100, Loss: 0.3839
Batch 200, Loss: 0.3946
Batch 300, Loss: 0.4466
Epoch 112 learning rate: 0.0406309342707138
Epoch 112 time: 236.3259720802307 seconds
Epoch 112 accuracy: 70.03%
Batch 100, Loss: 0.3717
Batch 200, Loss: 0.3896
Batch 300, Loss: 0.4256
Epoch 113 learning rate: 0.03986063523217441
Epoch 113 time: 236.37627482414246 seconds
Epoch 113 accuracy: 70.75%
Batch 100, Loss: 0.3743
Batch 200, Loss: 0.3800
Batch 300, Loss: 0.4249
Epoch 114 learning rate: 0.039092837930172916
Epoch 114 time: 236.20660614967346 seconds
Epoch 114 accuracy: 70.39%
Batch 100, Loss: 0.3591
Batch 200, Loss: 0.3720
Batch 300, Loss: 0.4059
Epoch 115 learning rate: 0.03832773180720475
Epoch 115 time: 236.44636750221252 seconds
Epoch 115 accuracy: 70.11%
Batch 100, Loss: 0.3570
Batch 200, Loss: 0.3615
Batch 300, Loss: 0.3932
Epoch 116 learning rate: 0.037565505641757285
Epoch 116 time: 236.26306819915771 seconds
Epoch 116 accuracy: 70.11%
Batch 100, Loss: 0.3494
Batch 200, Loss: 0.3733
Batch 300, Loss: 0.3938
Epoch 117 learning rate: 0.03680634750173138
Epoch 117 time: 236.33574032783508 seconds
Epoch 117 accuracy: 71.66%
Batch 100, Loss: 0.3318
Batch 200, Loss: 0.3548
Batch 300, Loss: 0.3719
Epoch 118 learning rate: 0.036050444698038565
Epoch 118 time: 236.28767466545105 seconds
Epoch 118 accuracy: 70.14%
Batch 100, Loss: 0.3432
Batch 200, Loss: 0.3603
Batch 300, Loss: 0.3725
Epoch 119 learning rate: 0.03529798373838483
Epoch 119 time: 236.57214188575745 seconds
Epoch 119 accuracy: 70.71%
Batch 100, Loss: 0.3227
Batch 200, Loss: 0.3300
Batch 300, Loss: 0.3591
Epoch 120 learning rate: 0.03454915028125267
Epoch 120 time: 236.53362154960632 seconds
Epoch 120 accuracy: 71.4%
Batch 100, Loss: 0.3084
Batch 200, Loss: 0.3228
Batch 300, Loss: 0.3664
Epoch 121 learning rate: 0.03380412909009255
Epoch 121 time: 236.42787075042725 seconds
Epoch 121 accuracy: 70.27%
Batch 100, Loss: 0.3012
Batch 200, Loss: 0.3118
Batch 300, Loss: 0.3524
Epoch 122 learning rate: 0.03306310398773545
Epoch 122 time: 236.34842538833618 seconds
Epoch 122 accuracy: 71.92%
Batch 100, Loss: 0.3051
Batch 200, Loss: 0.3116
Batch 300, Loss: 0.3362
Epoch 123 learning rate: 0.03232625781103717
Epoch 123 time: 236.49203777313232 seconds
Epoch 123 accuracy: 71.22%
Batch 100, Loss: 0.2925
Batch 200, Loss: 0.3023
Batch 300, Loss: 0.3240
Epoch 124 learning rate: 0.03159377236576613
Epoch 124 time: 236.35901594161987 seconds
Epoch 124 accuracy: 71.96%
Batch 100, Loss: 0.2880
Batch 200, Loss: 0.2925
Batch 300, Loss: 0.3055
Epoch 125 learning rate: 0.030865828381745543
Epoch 125 time: 236.26699233055115 seconds
Epoch 125 accuracy: 71.85%
Batch 100, Loss: 0.2717
Batch 200, Loss: 0.2727
Batch 300, Loss: 0.3022
Epoch 126 learning rate: 0.03014260546826098
Epoch 126 time: 236.31500005722046 seconds
Epoch 126 accuracy: 71.59%
Batch 100, Loss: 0.2589
Batch 200, Loss: 0.2698
Batch 300, Loss: 0.2921
Epoch 127 learning rate: 0.02942428206974458
Epoch 127 time: 236.36160922050476 seconds
Epoch 127 accuracy: 71.63%
Batch 100, Loss: 0.2606
Batch 200, Loss: 0.2660
Batch 300, Loss: 0.2793
Epoch 128 learning rate: 0.028711035421746387
Epoch 128 time: 236.4613561630249 seconds
Epoch 128 accuracy: 72.06%
Batch 100, Loss: 0.2515
Batch 200, Loss: 0.2597
Batch 300, Loss: 0.2678
Epoch 129 learning rate: 0.02800304150720426
Epoch 129 time: 236.37260246276855 seconds
Epoch 129 accuracy: 72.23%
Batch 100, Loss: 0.2435
Batch 200, Loss: 0.2525
Batch 300, Loss: 0.2660
Epoch 130 learning rate: 0.02730047501302268
Epoch 130 time: 236.40079808235168 seconds
Epoch 130 accuracy: 73.06%
Batch 100, Loss: 0.2294
Batch 200, Loss: 0.2309
Batch 300, Loss: 0.2510
Epoch 131 learning rate: 0.026603509286971357
Epoch 131 time: 236.30161714553833 seconds
Epoch 131 accuracy: 73.02%
Batch 100, Loss: 0.2274
Batch 200, Loss: 0.2315
Batch 300, Loss: 0.2493
Epoch 132 learning rate: 0.025912316294914244
Epoch 132 time: 236.43520665168762 seconds
Epoch 132 accuracy: 73.21%
Batch 100, Loss: 0.2174
Batch 200, Loss: 0.2280
Batch 300, Loss: 0.2325
Epoch 133 learning rate: 0.025227066578379632
Epoch 133 time: 236.38843178749084 seconds
Epoch 133 accuracy: 73.19%
Batch 100, Loss: 0.2112
Batch 200, Loss: 0.2201
Batch 300, Loss: 0.2217
Epoch 134 learning rate: 0.024547929212481445
Epoch 134 time: 236.28521299362183 seconds
Epoch 134 accuracy: 73.37%
Batch 100, Loss: 0.2022
Batch 200, Loss: 0.2047
Batch 300, Loss: 0.2213
Epoch 135 learning rate: 0.02387507176420257
Epoch 135 time: 236.28975200653076 seconds
Epoch 135 accuracy: 72.52%
Batch 100, Loss: 0.1970
Batch 200, Loss: 0.2014
Batch 300, Loss: 0.2055
Epoch 136 learning rate: 0.023208660251050166
Epoch 136 time: 236.3258340358734 seconds
Epoch 136 accuracy: 73.43%
Batch 100, Loss: 0.1874
Batch 200, Loss: 0.1875
Batch 300, Loss: 0.2014
Epoch 137 learning rate: 0.022548859100093414
Epoch 137 time: 236.34638786315918 seconds
Epoch 137 accuracy: 73.16%
Batch 100, Loss: 0.1788
Batch 200, Loss: 0.1873
Batch 300, Loss: 0.2021
Epoch 138 learning rate: 0.021895831107393474
Epoch 138 time: 236.48410820960999 seconds
Epoch 138 accuracy: 74.11%
Batch 100, Loss: 0.1748
Batch 200, Loss: 0.1797
Batch 300, Loss: 0.1953
Epoch 139 learning rate: 0.02124973739783608
Epoch 139 time: 236.4611210823059 seconds
Epoch 139 accuracy: 73.34%
Batch 100, Loss: 0.1699
Batch 200, Loss: 0.1756
Batch 300, Loss: 0.1812
Epoch 140 learning rate: 0.02061073738537636
Epoch 140 time: 236.28155279159546 seconds
Epoch 140 accuracy: 75.04%
Batch 100, Loss: 0.1608
Batch 200, Loss: 0.1717
Batch 300, Loss: 0.1756
Epoch 141 learning rate: 0.019978988733705814
Epoch 141 time: 236.36399507522583 seconds
Epoch 141 accuracy: 75.02%
Batch 100, Loss: 0.1528
Batch 200, Loss: 0.1578
Batch 300, Loss: 0.1728
Epoch 142 learning rate: 0.01935464731735118
Epoch 142 time: 236.48717403411865 seconds
Epoch 142 accuracy: 75.16%
Batch 100, Loss: 0.1485
Batch 200, Loss: 0.1556
Batch 300, Loss: 0.1625
Epoch 143 learning rate: 0.018737867183214747
Epoch 143 time: 236.3278613090515 seconds
Epoch 143 accuracy: 74.53%
Batch 100, Loss: 0.1474
Batch 200, Loss: 0.1521
Batch 300, Loss: 0.1568
Epoch 144 learning rate: 0.01812880051256552
Epoch 144 time: 236.469087600708 seconds
Epoch 144 accuracy: 75.23%
Batch 100, Loss: 0.1375
Batch 200, Loss: 0.1402
Batch 300, Loss: 0.1464
Epoch 145 learning rate: 0.017527597583490827
Epoch 145 time: 236.54605865478516 seconds
Epoch 145 accuracy: 75.25%
Batch 100, Loss: 0.1316
Batch 200, Loss: 0.1366
Batch 300, Loss: 0.1394
Epoch 146 learning rate: 0.01693440673381742
Epoch 146 time: 236.5348460674286 seconds
Epoch 146 accuracy: 75.37%
Batch 100, Loss: 0.1262
Batch 200, Loss: 0.1271
Batch 300, Loss: 0.1335
Epoch 147 learning rate: 0.016349374324511334
Epoch 147 time: 236.62480688095093 seconds
Epoch 147 accuracy: 76.1%
Batch 100, Loss: 0.1189
Batch 200, Loss: 0.1247
Batch 300, Loss: 0.1265
Epoch 148 learning rate: 0.01577264470356557
Epoch 148 time: 236.57905626296997 seconds
Epoch 148 accuracy: 75.8%
Batch 100, Loss: 0.1123
Batch 200, Loss: 0.1167
Batch 300, Loss: 0.1210
Epoch 149 learning rate: 0.01520436017038429
Epoch 149 time: 236.42671489715576 seconds
Epoch 149 accuracy: 75.83%
Batch 100, Loss: 0.1153
Batch 200, Loss: 0.1165
Batch 300, Loss: 0.1172
Epoch 150 learning rate: 0.014644660940672632
Epoch 150 time: 236.39195561408997 seconds
Epoch 150 accuracy: 76.72%
Batch 100, Loss: 0.1031
Batch 200, Loss: 0.1017
Batch 300, Loss: 0.1122
Epoch 151 learning rate: 0.01409368511184057
Epoch 151 time: 236.4375126361847 seconds
Epoch 151 accuracy: 76.76%
Batch 100, Loss: 0.1007
Batch 200, Loss: 0.1005
Batch 300, Loss: 0.1038
Epoch 152 learning rate: 0.013551568628929438
Epoch 152 time: 236.46595072746277 seconds
Epoch 152 accuracy: 76.14%
Batch 100, Loss: 0.0952
Batch 200, Loss: 0.0948
Batch 300, Loss: 0.0960
Epoch 153 learning rate: 0.013018445251069516
Epoch 153 time: 236.5184726715088 seconds
Epoch 153 accuracy: 76.44%
Batch 100, Loss: 0.0921
Batch 200, Loss: 0.0917
Batch 300, Loss: 0.1019
Epoch 154 learning rate: 0.012494446518477026
Epoch 154 time: 236.5117311477661 seconds
Epoch 154 accuracy: 77.02%
Batch 100, Loss: 0.0893
Batch 200, Loss: 0.0927
Batch 300, Loss: 0.0904
Epoch 155 learning rate: 0.011979701719998459
Epoch 155 time: 236.42012739181519 seconds
Epoch 155 accuracy: 77.25%
Batch 100, Loss: 0.0841
Batch 200, Loss: 0.0831
Batch 300, Loss: 0.0835
Epoch 156 learning rate: 0.011474337861210548
Epoch 156 time: 236.4126467704773 seconds
Epoch 156 accuracy: 77.69%
Batch 100, Loss: 0.0791
Batch 200, Loss: 0.0781
Batch 300, Loss: 0.0846
Epoch 157 learning rate: 0.010978479633083526
Epoch 157 time: 236.47007751464844 seconds
Epoch 157 accuracy: 77.4%
Batch 100, Loss: 0.0786
Batch 200, Loss: 0.0749
Batch 300, Loss: 0.0767
Epoch 158 learning rate: 0.010492249381215483
Epoch 158 time: 236.39307522773743 seconds
Epoch 158 accuracy: 77.27%
Batch 100, Loss: 0.0719
Batch 200, Loss: 0.0703
Batch 300, Loss: 0.0737
Epoch 159 learning rate: 0.010015767075645474
Epoch 159 time: 236.4893283843994 seconds
Epoch 159 accuracy: 77.89%
Batch 100, Loss: 0.0678
Batch 200, Loss: 0.0694
Batch 300, Loss: 0.0729
Epoch 160 learning rate: 0.009549150281252637
Epoch 160 time: 236.48330163955688 seconds
Epoch 160 accuracy: 78.11%
Batch 100, Loss: 0.0643
Batch 200, Loss: 0.0663
Batch 300, Loss: 0.0721
Epoch 161 learning rate: 0.00909251412874884
Epoch 161 time: 236.40207505226135 seconds
Epoch 161 accuracy: 78.33%
Batch 100, Loss: 0.0623
Batch 200, Loss: 0.0657
Batch 300, Loss: 0.0646
Epoch 162 learning rate: 0.008645971286271918
Epoch 162 time: 236.32376623153687 seconds
Epoch 162 accuracy: 78.65%
Batch 100, Loss: 0.0595
Batch 200, Loss: 0.0605
Batch 300, Loss: 0.0647
Epoch 163 learning rate: 0.008209631931586501
Epoch 163 time: 236.41923713684082 seconds
Epoch 163 accuracy: 78.41%
Batch 100, Loss: 0.0590
Batch 200, Loss: 0.0586
Batch 300, Loss: 0.0599
Epoch 164 learning rate: 0.0077836037248992605
Epoch 164 time: 236.55192303657532 seconds
Epoch 164 accuracy: 78.74%
Batch 100, Loss: 0.0551
Batch 200, Loss: 0.0545
Batch 300, Loss: 0.0577
Epoch 165 learning rate: 0.0073679917822954055
Epoch 165 time: 236.44299697875977 seconds
Epoch 165 accuracy: 79.11%
Batch 100, Loss: 0.0535
Batch 200, Loss: 0.0524
Batch 300, Loss: 0.0548
Epoch 166 learning rate: 0.006962898649802815
Epoch 166 time: 236.30628442764282 seconds
Epoch 166 accuracy: 78.65%
Batch 100, Loss: 0.0509
Batch 200, Loss: 0.0505
Batch 300, Loss: 0.0523
Epoch 167 learning rate: 0.006568424278090438
Epoch 167 time: 236.44841384887695 seconds
Epoch 167 accuracy: 78.91%
Batch 100, Loss: 0.0494
Batch 200, Loss: 0.0485
Batch 300, Loss: 0.0499
Epoch 168 learning rate: 0.006184665997806824
Epoch 168 time: 236.44855523109436 seconds
Epoch 168 accuracy: 79.32%
Batch 100, Loss: 0.0483
Batch 200, Loss: 0.0471
Batch 300, Loss: 0.0477
Epoch 169 learning rate: 0.00581171849556533
Epoch 169 time: 236.35913848876953 seconds
Epoch 169 accuracy: 79.17%
Batch 100, Loss: 0.0455
Batch 200, Loss: 0.0470
Batch 300, Loss: 0.0461
Epoch 170 learning rate: 0.0054496737905816136
Epoch 170 time: 236.27835988998413 seconds
Epoch 170 accuracy: 79.07%
Batch 100, Loss: 0.0446
Batch 200, Loss: 0.0451
Batch 300, Loss: 0.0468
Epoch 171 learning rate: 0.005098621211969226
Epoch 171 time: 236.47083234786987 seconds
Epoch 171 accuracy: 79.53%
Batch 100, Loss: 0.0423
Batch 200, Loss: 0.0423
Batch 300, Loss: 0.0434
Epoch 172 learning rate: 0.004758647376699035
Epoch 172 time: 236.39542365074158 seconds
Epoch 172 accuracy: 79.37%
Batch 100, Loss: 0.0418
Batch 200, Loss: 0.0403
Batch 300, Loss: 0.0438
Epoch 173 learning rate: 0.00442983616822775
Epoch 173 time: 236.5025818347931 seconds
Epoch 173 accuracy: 79.51%
Batch 100, Loss: 0.0412
Batch 200, Loss: 0.0402
Batch 300, Loss: 0.0420
Epoch 174 learning rate: 0.004112268715800957
Epoch 174 time: 236.3908987045288 seconds
Epoch 174 accuracy: 79.5%
Batch 100, Loss: 0.0397
Batch 200, Loss: 0.0393
Batch 300, Loss: 0.0390
Epoch 175 learning rate: 0.003806023374435677
Epoch 175 time: 236.45046138763428 seconds
Epoch 175 accuracy: 79.68%
Batch 100, Loss: 0.0384
Batch 200, Loss: 0.0388
Batch 300, Loss: 0.0384
Epoch 176 learning rate: 0.003511175705587435
Epoch 176 time: 236.5349473953247 seconds
Epoch 176 accuracy: 79.65%
Batch 100, Loss: 0.0365
Batch 200, Loss: 0.0382
Batch 300, Loss: 0.0389
Epoch 177 learning rate: 0.0032277984585066333
Epoch 177 time: 236.52723789215088 seconds
Epoch 177 accuracy: 80.15%
Batch 100, Loss: 0.0379
Batch 200, Loss: 0.0364
Batch 300, Loss: 0.0351
Epoch 178 learning rate: 0.002955961552288729
Epoch 178 time: 236.5474500656128 seconds
Epoch 178 accuracy: 80.2%
Batch 100, Loss: 0.0351
Batch 200, Loss: 0.0356
Batch 300, Loss: 0.0351
Epoch 179 learning rate: 0.0026957320586227366
Epoch 179 time: 236.38672137260437 seconds
Epoch 179 accuracy: 79.87%
Batch 100, Loss: 0.0350
Batch 200, Loss: 0.0349
Batch 300, Loss: 0.0339
Epoch 180 learning rate: 0.002447174185242325
Epoch 180 time: 236.38379669189453 seconds
Epoch 180 accuracy: 80.01%
Batch 100, Loss: 0.0345
Batch 200, Loss: 0.0341
Batch 300, Loss: 0.0348
Epoch 181 learning rate: 0.0022103492600834954
Epoch 181 time: 236.58381271362305 seconds
Epoch 181 accuracy: 79.89%
Batch 100, Loss: 0.0331
Batch 200, Loss: 0.0338
Batch 300, Loss: 0.0339
Epoch 182 learning rate: 0.0019853157161528537
Epoch 182 time: 236.4076008796692 seconds
Epoch 182 accuracy: 79.98%
Batch 100, Loss: 0.0325
Batch 200, Loss: 0.0334
Batch 300, Loss: 0.0327
Epoch 183 learning rate: 0.001772129077110103
Epoch 183 time: 236.29935693740845 seconds
Epoch 183 accuracy: 80.01%
Batch 100, Loss: 0.0324
Batch 200, Loss: 0.0322
Batch 300, Loss: 0.0323
Epoch 184 learning rate: 0.0015708419435684529
Epoch 184 time: 236.2753746509552 seconds
Epoch 184 accuracy: 79.61%
Batch 100, Loss: 0.0309
Batch 200, Loss: 0.0318
Batch 300, Loss: 0.0325
Epoch 185 learning rate: 0.0013815039801161732
Epoch 185 time: 236.51696920394897 seconds
Epoch 185 accuracy: 80.12%
Batch 100, Loss: 0.0311
Batch 200, Loss: 0.0317
Batch 300, Loss: 0.0320
Epoch 186 learning rate: 0.0012041619030626347
Epoch 186 time: 236.33199453353882 seconds
Epoch 186 accuracy: 80.2%
Batch 100, Loss: 0.0297
Batch 200, Loss: 0.0310
Batch 300, Loss: 0.0296
Epoch 187 learning rate: 0.0010388594689117077
Epoch 187 time: 236.34709644317627 seconds
Epoch 187 accuracy: 80.32%
Batch 100, Loss: 0.0304
Batch 200, Loss: 0.0307
Batch 300, Loss: 0.0308
Epoch 188 learning rate: 0.0008856374635655645
Epoch 188 time: 236.5812292098999 seconds
Epoch 188 accuracy: 80.09%
Batch 100, Loss: 0.0307
Batch 200, Loss: 0.0308
Batch 300, Loss: 0.0297
Epoch 189 learning rate: 0.000744533692261307
Epoch 189 time: 236.3905735015869 seconds
Epoch 189 accuracy: 80.32%
Batch 100, Loss: 0.0294
Batch 200, Loss: 0.0292
Batch 300, Loss: 0.0296
Epoch 190 learning rate: 0.0006155829702431174
Epoch 190 time: 236.48017740249634 seconds
Epoch 190 accuracy: 80.08%
Batch 100, Loss: 0.0296
Batch 200, Loss: 0.0292
Batch 300, Loss: 0.0293
Epoch 191 learning rate: 0.0004988171141721235
Epoch 191 time: 236.3863081932068 seconds
Epoch 191 accuracy: 80.24%
Batch 100, Loss: 0.0295
Batch 200, Loss: 0.0298
Batch 300, Loss: 0.0291
Epoch 192 learning rate: 0.00039426493427611206
Epoch 192 time: 236.5340871810913 seconds
Epoch 192 accuracy: 80.16%
Batch 100, Loss: 0.0293
Batch 200, Loss: 0.0283
Batch 300, Loss: 0.0288
Epoch 193 learning rate: 0.00030195222724102046
Epoch 193 time: 236.43205332756042 seconds
Epoch 193 accuracy: 80.16%
Batch 100, Loss: 0.0288
Batch 200, Loss: 0.0294
Batch 300, Loss: 0.0292
Epoch 194 learning rate: 0.00022190176984600036
Epoch 194 time: 236.54300785064697 seconds
Epoch 194 accuracy: 80.25%
Batch 100, Loss: 0.0288
Batch 200, Loss: 0.0289
Batch 300, Loss: 0.0285
Epoch 195 learning rate: 0.00015413331334360192
Epoch 195 time: 236.38718056678772 seconds
Epoch 195 accuracy: 80.32%
Batch 100, Loss: 0.0275
Batch 200, Loss: 0.0277
Batch 300, Loss: 0.0283
Epoch 196 learning rate: 9.866357858642213e-05
Epoch 196 time: 236.50930261611938 seconds
Epoch 196 accuracy: 80.12%
Batch 100, Loss: 0.0284
Batch 200, Loss: 0.0285
Batch 300, Loss: 0.0287
Epoch 197 learning rate: 5.5506251901504864e-05
Epoch 197 time: 236.42880535125732 seconds
Epoch 197 accuracy: 80.31%
Batch 100, Loss: 0.0283
Batch 200, Loss: 0.0293
Batch 300, Loss: 0.0288
Epoch 198 learning rate: 2.4671981713420017e-05
Epoch 198 time: 236.4283926486969 seconds
Epoch 198 accuracy: 80.24%
Batch 100, Loss: 0.0279
Batch 200, Loss: 0.0289
Batch 300, Loss: 0.0286
Epoch 199 learning rate: 6.168375916970619e-06
Epoch 199 time: 236.5522038936615 seconds
Epoch 199 accuracy: 80.27%
Batch 100, Loss: 0.0279
Batch 200, Loss: 0.0282
Batch 300, Loss: 0.0274
Epoch 200 learning rate: 0.0
Epoch 200 time: 236.4963972568512 seconds
Epoch 200 accuracy: 80.33%
Total training time: 47290.00326514244 seconds
