The following modules were not unloaded:
  (Use "module --force purge" to unload all):

  1) CCconfig        6)  ucx/1.14.1         11) flexiblas/3.3.1
  2) gentoo/2023     7)  libfabric/1.18.0   12) imkl/2023.2.0
  3) gcccore/.12.3   8)  pmix/4.2.4         13) StdEnv/2023
  4) gcc/12.3        9)  ucc/1.2.0
  5) hwloc/2.9.1     10) openmpi/4.1.5
/project/6070520/tkleinkn/Vanilla-GAM/main_cifar.py:187: UserWarning: You have chosen a specific GPU. This will completely disable data parallelism.
  warnings.warn('You have chosen a specific GPU. This will completely '
model name space ['resnet101_c', 'resnet152_c', 'resnet18_c', 'resnet34_c', 'resnet50_c']
Use GPU: 0 for training
=> creating model 'resnet18_c'
Files already downloaded and verified
Files already downloaded and verified
tensorboard dir ./results/CIFAR100/GNOM
Using Gradient-Norm Only Minimization (GNOM)
/home/tkleinkn/GAMtest/lib/python3.11/site-packages/torch/autograd/graph.py:744: UserWarning: Using backward() with create_graph=True will create a reference cycle between the parameter and its gradient which can cause a memory leak. We recommend using autograd.grad when creating the graph to avoid this. If you have to use this function, make sure to reset the .grad fields of your parameters to None after use to break the cycle and avoid the leak. (Triggered internally at /home/coulombc/wheels_builder/tmp.2617/python-3.11/torch/torch/csrc/autograd/engine.cpp:1203.)
  return Variable._execution_engine.run_backward(  # Calls into the C++ engine to run the backward pass
Batch 100, Loss: 56.4324
Batch 200, Loss: 5.3790
Batch 300, Loss: 4.4834
Epoch 1 learning rate: 0.09999383162408304
Epoch 1 time: 128.24068999290466 seconds
Epoch 1 accuracy: 0.68%
Batch 100, Loss: 4.1708
Batch 200, Loss: 4.0642
Batch 300, Loss: 4.0010
Epoch 2 learning rate: 0.09997532801828658
Epoch 2 time: 119.30820989608765 seconds
Epoch 2 accuracy: 0.79%
Batch 100, Loss: 3.9534
Batch 200, Loss: 3.9555
Batch 300, Loss: 3.9126
Epoch 3 learning rate: 0.09994449374809851
Epoch 3 time: 119.20867609977722 seconds
Epoch 3 accuracy: 1.28%
Batch 100, Loss: 3.8998
Batch 200, Loss: 3.8951
Batch 300, Loss: 3.8724
Epoch 4 learning rate: 0.09990133642141359
Epoch 4 time: 119.39336109161377 seconds
Epoch 4 accuracy: 1.28%
Batch 100, Loss: 3.8757
Batch 200, Loss: 3.8750
Batch 300, Loss: 3.8601
Epoch 5 learning rate: 0.09984586668665642
Epoch 5 time: 119.44969344139099 seconds
Epoch 5 accuracy: 1.31%
Batch 100, Loss: 3.8545
Batch 200, Loss: 3.8490
Batch 300, Loss: 3.8495
Epoch 6 learning rate: 0.09977809823015402
Epoch 6 time: 119.64781618118286 seconds
Epoch 6 accuracy: 1.31%
Batch 100, Loss: 3.8409
Batch 200, Loss: 3.8389
Batch 300, Loss: 3.8377
Epoch 7 learning rate: 0.09969804777275901
Epoch 7 time: 119.77697134017944 seconds
Epoch 7 accuracy: 1.31%
Batch 100, Loss: 3.8313
Batch 200, Loss: 3.8340
Batch 300, Loss: 3.8300
Epoch 8 learning rate: 0.09960573506572391
Epoch 8 time: 119.61259436607361 seconds
Epoch 8 accuracy: 1.35%
Batch 100, Loss: 3.8318
Batch 200, Loss: 3.8286
Batch 300, Loss: 3.8265
Epoch 9 learning rate: 0.09950118288582789
Epoch 9 time: 119.6128602027893 seconds
Epoch 9 accuracy: 1.33%
Batch 100, Loss: 3.8266
Batch 200, Loss: 3.8250
Batch 300, Loss: 3.8253
Epoch 10 learning rate: 0.09938441702975691
Epoch 10 time: 119.53155779838562 seconds
Epoch 10 accuracy: 1.36%
Batch 100, Loss: 3.8261
Batch 200, Loss: 3.8233
Batch 300, Loss: 3.8234
Epoch 11 learning rate: 0.09925546630773871
Epoch 11 time: 119.48996043205261 seconds
Epoch 11 accuracy: 1.34%
Batch 100, Loss: 3.8217
Batch 200, Loss: 3.8235
Batch 300, Loss: 3.8229
Epoch 12 learning rate: 0.09911436253643445
Epoch 12 time: 119.55017447471619 seconds
Epoch 12 accuracy: 1.34%
Batch 100, Loss: 3.8219
Batch 200, Loss: 3.8217
Batch 300, Loss: 3.8222
Epoch 13 learning rate: 0.0989611405310883
Epoch 13 time: 119.67468070983887 seconds
Epoch 13 accuracy: 1.34%
Batch 100, Loss: 3.8215
Batch 200, Loss: 3.8213
Batch 300, Loss: 3.8213
Epoch 14 learning rate: 0.09879583809693739
Epoch 14 time: 119.46839547157288 seconds
Epoch 14 accuracy: 1.35%
Batch 100, Loss: 3.8213
Batch 200, Loss: 3.8214
Batch 300, Loss: 3.8210
Epoch 15 learning rate: 0.09861849601988384
Epoch 15 time: 119.39256143569946 seconds
Epoch 15 accuracy: 1.37%
Batch 100, Loss: 3.8212
Batch 200, Loss: 3.8211
Batch 300, Loss: 3.8207
Epoch 16 learning rate: 0.09842915805643157
Epoch 16 time: 119.22416424751282 seconds
Epoch 16 accuracy: 1.33%
Batch 100, Loss: 3.8205
Batch 200, Loss: 3.8209
Batch 300, Loss: 3.8207
Epoch 17 learning rate: 0.09822787092288993
Epoch 17 time: 119.24851274490356 seconds
Epoch 17 accuracy: 1.31%
Batch 100, Loss: 3.8210
Batch 200, Loss: 3.8204
Batch 300, Loss: 3.8207
Epoch 18 learning rate: 0.09801468428384717
Epoch 18 time: 119.41553258895874 seconds
Epoch 18 accuracy: 1.27%
Batch 100, Loss: 3.8206
Batch 200, Loss: 3.8208
Batch 300, Loss: 3.8207
Epoch 19 learning rate: 0.09778965073991652
Epoch 19 time: 119.43229913711548 seconds
Epoch 19 accuracy: 1.28%
Batch 100, Loss: 3.8206
Batch 200, Loss: 3.8206
Batch 300, Loss: 3.8207
Epoch 20 learning rate: 0.0975528258147577
Epoch 20 time: 119.20755982398987 seconds
Epoch 20 accuracy: 1.22%
Batch 100, Loss: 3.8207
Batch 200, Loss: 3.8206
Batch 300, Loss: 3.8207
Epoch 21 learning rate: 0.09730426794137728
Epoch 21 time: 119.20792603492737 seconds
Epoch 21 accuracy: 1.22%
Batch 100, Loss: 3.8206
Batch 200, Loss: 3.8207
Batch 300, Loss: 3.8207
Epoch 22 learning rate: 0.09704403844771128
Epoch 22 time: 119.29510426521301 seconds
Epoch 22 accuracy: 1.17%
Batch 100, Loss: 3.8206
Batch 200, Loss: 3.8206
Batch 300, Loss: 3.8206
Epoch 23 learning rate: 0.09677220154149338
Epoch 23 time: 119.12181448936462 seconds
Epoch 23 accuracy: 1.17%
Batch 100, Loss: 3.8206
Batch 200, Loss: 3.8206
Batch 300, Loss: 3.8206
Epoch 24 learning rate: 0.09648882429441258
Epoch 24 time: 119.29221415519714 seconds
Epoch 24 accuracy: 1.22%
Batch 100, Loss: 3.8206
Batch 200, Loss: 3.8206
Batch 300, Loss: 3.8206
Epoch 25 learning rate: 0.09619397662556435
Epoch 25 time: 119.19879984855652 seconds
Epoch 25 accuracy: 1.12%
Batch 100, Loss: 3.8206
Batch 200, Loss: 3.8206
Batch 300, Loss: 3.8206
Epoch 26 learning rate: 0.09588773128419906
Epoch 26 time: 118.97706413269043 seconds
Epoch 26 accuracy: 1.08%
Batch 100, Loss: 3.8206
Batch 200, Loss: 3.8206
Batch 300, Loss: 3.8206
Epoch 27 learning rate: 0.09557016383177226
Epoch 27 time: 119.06942701339722 seconds
Epoch 27 accuracy: 0.96%
Batch 100, Loss: 3.8206
Batch 200, Loss: 3.8206
Batch 300, Loss: 3.8206
Epoch 28 learning rate: 0.09524135262330098
Epoch 28 time: 119.05235600471497 seconds
Epoch 28 accuracy: 1.34%
Batch 100, Loss: 3.8206
Batch 200, Loss: 3.8206
Batch 300, Loss: 3.8206
Epoch 29 learning rate: 0.09490137878803079
Epoch 29 time: 118.96854734420776 seconds
Epoch 29 accuracy: 1.23%
Batch 100, Loss: 3.8206
Batch 200, Loss: 3.8206
Batch 300, Loss: 3.8206
Epoch 30 learning rate: 0.0945503262094184
Epoch 30 time: 119.45163083076477 seconds
Epoch 30 accuracy: 1.36%
Batch 100, Loss: 3.8206
Batch 200, Loss: 3.8206
Batch 300, Loss: 3.8206
Epoch 31 learning rate: 0.0941882815044347
Epoch 31 time: 119.41782069206238 seconds
Epoch 31 accuracy: 1.0%
Batch 100, Loss: 3.8206
Batch 200, Loss: 3.8206
Batch 300, Loss: 3.8206
Epoch 32 learning rate: 0.09381533400219319
Epoch 32 time: 119.5924882888794 seconds
Epoch 32 accuracy: 0.92%
Batch 100, Loss: 3.8206
Batch 200, Loss: 3.8206
Batch 300, Loss: 3.8206
Epoch 33 learning rate: 0.09343157572190958
Epoch 33 time: 119.38621258735657 seconds
Epoch 33 accuracy: 1.0%
Batch 100, Loss: 3.8206
Batch 200, Loss: 3.8206
Batch 300, Loss: 3.8206
Epoch 34 learning rate: 0.0930371013501972
Epoch 34 time: 119.53533029556274 seconds
Epoch 34 accuracy: 1.05%
Batch 100, Loss: 3.8206
Batch 200, Loss: 3.8206
Batch 300, Loss: 3.8206
Epoch 35 learning rate: 0.09263200821770463
Epoch 35 time: 119.56852054595947 seconds
Epoch 35 accuracy: 1.0%
Batch 100, Loss: 3.8206
Batch 200, Loss: 3.8206
Batch 300, Loss: 3.8206
Epoch 36 learning rate: 0.09221639627510078
Epoch 36 time: 119.64681148529053 seconds
Epoch 36 accuracy: 1.0%
Batch 100, Loss: 3.8206
Batch 200, Loss: 3.8206
Batch 300, Loss: 3.8206
Epoch 37 learning rate: 0.09179036806841355
Epoch 37 time: 119.36987543106079 seconds
Epoch 37 accuracy: 1.0%
Batch 100, Loss: 3.8206
Batch 200, Loss: 3.8206
Batch 300, Loss: 3.8206
Epoch 38 learning rate: 0.09135402871372812
Epoch 38 time: 119.3738214969635 seconds
Epoch 38 accuracy: 1.0%
Batch 100, Loss: 3.8206
Batch 200, Loss: 3.8206
Batch 300, Loss: 3.8206
Epoch 39 learning rate: 0.0909074858712512
Epoch 39 time: 119.53914833068848 seconds
Epoch 39 accuracy: 1.0%
Batch 100, Loss: 3.8206
Batch 200, Loss: 3.8206
Batch 300, Loss: 3.8206
Epoch 40 learning rate: 0.09045084971874741
Epoch 40 time: 119.29445028305054 seconds
Epoch 40 accuracy: 1.0%
Batch 100, Loss: 3.8206
Batch 200, Loss: 3.8206
Batch 300, Loss: 3.8206
Epoch 41 learning rate: 0.08998423292435458
Epoch 41 time: 119.42662906646729 seconds
Epoch 41 accuracy: 1.0%
Batch 100, Loss: 3.8206
Batch 200, Loss: 3.8206
Batch 300, Loss: 3.8206
Epoch 42 learning rate: 0.08950775061878455
Epoch 42 time: 119.30439734458923 seconds
Epoch 42 accuracy: 1.0%
Batch 100, Loss: 3.8206
Batch 200, Loss: 3.8206
Batch 300, Loss: 3.8206
Epoch 43 learning rate: 0.08902152036691653
Epoch 43 time: 119.37265825271606 seconds
Epoch 43 accuracy: 1.0%
Batch 100, Loss: 3.8206
Batch 200, Loss: 3.8206
Batch 300, Loss: 3.8206
Epoch 44 learning rate: 0.08852566213878951
Epoch 44 time: 119.00501775741577 seconds
Epoch 44 accuracy: 1.0%
Batch 100, Loss: 3.8206
Batch 200, Loss: 3.8206
Batch 300, Loss: 3.8206
Epoch 45 learning rate: 0.0880202982800016
Epoch 45 time: 119.23674821853638 seconds
Epoch 45 accuracy: 1.0%
Batch 100, Loss: 3.8206
Batch 200, Loss: 3.8206
Batch 300, Loss: 3.8206
Epoch 46 learning rate: 0.08750555348152303
Epoch 46 time: 119.22315335273743 seconds
Epoch 46 accuracy: 1.0%
Batch 100, Loss: 3.8206
Batch 200, Loss: 3.8206
Batch 300, Loss: 3.8206
Epoch 47 learning rate: 0.08698155474893052
Epoch 47 time: 119.1706931591034 seconds
Epoch 47 accuracy: 1.0%
Batch 100, Loss: 3.8206
Batch 200, Loss: 3.8206
Batch 300, Loss: 3.8206
Epoch 48 learning rate: 0.08644843137107061
Epoch 48 time: 119.14776039123535 seconds
Epoch 48 accuracy: 1.0%
Batch 100, Loss: 3.8206
Batch 200, Loss: 3.8206
Batch 300, Loss: 3.8206
Epoch 49 learning rate: 0.08590631488815947
Epoch 49 time: 119.16223955154419 seconds
Epoch 49 accuracy: 1.0%
Batch 100, Loss: 3.8206
Batch 200, Loss: 3.8206
Batch 300, Loss: 3.8206
Epoch 50 learning rate: 0.0853553390593274
Epoch 50 time: 118.82647204399109 seconds
Epoch 50 accuracy: 1.0%
Batch 100, Loss: 3.8206
Batch 200, Loss: 3.8206
Batch 300, Loss: 3.8206
Epoch 51 learning rate: 0.08479563982961574
Epoch 51 time: 119.17346239089966 seconds
Epoch 51 accuracy: 1.0%
Batch 100, Loss: 3.8206
Batch 200, Loss: 3.8206
Batch 300, Loss: 3.8206
Epoch 52 learning rate: 0.08422735529643446
Epoch 52 time: 118.99437808990479 seconds
Epoch 52 accuracy: 1.0%
Batch 100, Loss: 3.8206
Batch 200, Loss: 3.8206
Batch 300, Loss: 3.8206
Epoch 53 learning rate: 0.08365062567548869
Epoch 53 time: 118.98055815696716 seconds
Epoch 53 accuracy: 1.0%
Batch 100, Loss: 3.8206
Batch 200, Loss: 3.8206
Batch 300, Loss: 3.8206
Epoch 54 learning rate: 0.08306559326618261
Epoch 54 time: 119.00726103782654 seconds
Epoch 54 accuracy: 1.0%
Batch 100, Loss: 3.8206
Batch 200, Loss: 3.8206
Batch 300, Loss: 3.8206
Epoch 55 learning rate: 0.0824724024165092
Epoch 55 time: 119.16974925994873 seconds
Epoch 55 accuracy: 1.0%
Batch 100, Loss: 3.8206
Batch 200, Loss: 3.8206
Batch 300, Loss: 3.8206
Epoch 56 learning rate: 0.0818711994874345
Epoch 56 time: 119.08181595802307 seconds
Epoch 56 accuracy: 1.0%
Batch 100, Loss: 3.8206
Batch 200, Loss: 3.8206
Batch 300, Loss: 3.8206
Epoch 57 learning rate: 0.08126213281678528
Epoch 57 time: 119.13274431228638 seconds
Epoch 57 accuracy: 1.0%
Batch 100, Loss: 3.8206
Batch 200, Loss: 3.8206
Batch 300, Loss: 3.8206
Epoch 58 learning rate: 0.08064535268264884
Epoch 58 time: 118.93584775924683 seconds
Epoch 58 accuracy: 1.0%
Batch 100, Loss: 3.8206
Batch 200, Loss: 3.8206
Batch 300, Loss: 3.8206
Epoch 59 learning rate: 0.08002101126629421
Epoch 59 time: 119.08835959434509 seconds
Epoch 59 accuracy: 1.0%
Batch 100, Loss: 3.8206
Batch 200, Loss: 3.8206
Batch 300, Loss: 3.8206
Epoch 60 learning rate: 0.07938926261462367
Epoch 60 time: 119.0442008972168 seconds
Epoch 60 accuracy: 1.0%
Batch 100, Loss: 3.8206
Batch 200, Loss: 3.8206
Batch 300, Loss: 3.8206
Epoch 61 learning rate: 0.07875026260216395
Epoch 61 time: 118.9332046508789 seconds
Epoch 61 accuracy: 1.0%
Batch 100, Loss: 3.8206
Batch 200, Loss: 3.8206
Batch 300, Loss: 3.8206
Epoch 62 learning rate: 0.07810416889260656
Epoch 62 time: 119.27045392990112 seconds
Epoch 62 accuracy: 1.0%
Batch 100, Loss: 3.8206
Batch 200, Loss: 3.8206
Batch 300, Loss: 3.8206
Epoch 63 learning rate: 0.07745114089990661
Epoch 63 time: 119.47430753707886 seconds
Epoch 63 accuracy: 1.0%
Batch 100, Loss: 3.8206
Batch 200, Loss: 3.8206
Batch 300, Loss: 3.8206
Epoch 64 learning rate: 0.07679133974894985
Epoch 64 time: 119.5617253780365 seconds
Epoch 64 accuracy: 1.0%
Batch 100, Loss: 3.8206
Batch 200, Loss: 3.8206
Batch 300, Loss: 3.8206
Epoch 65 learning rate: 0.07612492823579746
Epoch 65 time: 119.81381011009216 seconds
Epoch 65 accuracy: 1.0%
Batch 100, Loss: 3.8206
Batch 200, Loss: 3.8206
Batch 300, Loss: 3.8206
Epoch 66 learning rate: 0.07545207078751859
Epoch 66 time: 119.51078081130981 seconds
Epoch 66 accuracy: 1.0%
Batch 100, Loss: 3.8206
Batch 200, Loss: 3.8206
Batch 300, Loss: 3.8206
Epoch 67 learning rate: 0.0747729334216204
Epoch 67 time: 119.32398080825806 seconds
Epoch 67 accuracy: 1.0%
Batch 100, Loss: 3.8206
Batch 200, Loss: 3.8206
Batch 300, Loss: 3.8206
Epoch 68 learning rate: 0.07408768370508578
Epoch 68 time: 119.15100955963135 seconds
Epoch 68 accuracy: 1.0%
Batch 100, Loss: 3.8206
Batch 200, Loss: 3.8206
Batch 300, Loss: 3.8206
Epoch 69 learning rate: 0.0733964907130287
Epoch 69 time: 119.30371379852295 seconds
Epoch 69 accuracy: 1.0%
Batch 100, Loss: 3.8206
Batch 200, Loss: 3.8206
Batch 300, Loss: 3.8206
Epoch 70 learning rate: 0.07269952498697736
Epoch 70 time: 119.26684927940369 seconds
Epoch 70 accuracy: 1.0%
Batch 100, Loss: 3.8206
Batch 200, Loss: 3.8206
Batch 300, Loss: 3.8206
Epoch 71 learning rate: 0.07199695849279578
Epoch 71 time: 119.00838232040405 seconds
Epoch 71 accuracy: 1.0%
Batch 100, Loss: 3.8206
Batch 200, Loss: 3.8206
Batch 300, Loss: 3.8206
Epoch 72 learning rate: 0.07128896457825366
Epoch 72 time: 118.95737910270691 seconds
Epoch 72 accuracy: 1.0%
Batch 100, Loss: 3.8206
Batch 200, Loss: 3.8206
Batch 300, Loss: 3.8206
Epoch 73 learning rate: 0.07057571793025548
Epoch 73 time: 119.08706855773926 seconds
Epoch 73 accuracy: 1.0%
Batch 100, Loss: 3.8206
Batch 200, Loss: 3.8206
Batch 300, Loss: 3.8206
Epoch 74 learning rate: 0.06985739453173906
Epoch 74 time: 118.92667150497437 seconds
Epoch 74 accuracy: 1.0%
Batch 100, Loss: 3.8206
Batch 200, Loss: 3.8206
Batch 300, Loss: 3.8206
Epoch 75 learning rate: 0.06913417161825453
Epoch 75 time: 119.11873531341553 seconds
Epoch 75 accuracy: 1.0%
Batch 100, Loss: 3.8206
Batch 200, Loss: 3.8206
Batch 300, Loss: 3.8206
Epoch 76 learning rate: 0.06840622763423394
Epoch 76 time: 119.69763994216919 seconds
Epoch 76 accuracy: 1.0%
Batch 100, Loss: 3.8206
Batch 200, Loss: 3.8206
Batch 300, Loss: 3.8206
Epoch 77 learning rate: 0.0676737421889629
Epoch 77 time: 119.55340242385864 seconds
Epoch 77 accuracy: 1.0%
Batch 100, Loss: 3.8206
Batch 200, Loss: 3.8206
Batch 300, Loss: 3.8206
Epoch 78 learning rate: 0.06693689601226462
Epoch 78 time: 119.50737237930298 seconds
Epoch 78 accuracy: 1.0%
Batch 100, Loss: 3.8206
Batch 200, Loss: 3.8206
Batch 300, Loss: 3.8206
Epoch 79 learning rate: 0.06619587090990751
Epoch 79 time: 119.29624772071838 seconds
Epoch 79 accuracy: 1.0%
Batch 100, Loss: 3.8206
Batch 200, Loss: 3.8206
Batch 300, Loss: 3.8206
Epoch 80 learning rate: 0.06545084971874741
Epoch 80 time: 119.67168951034546 seconds
Epoch 80 accuracy: 1.0%
Batch 100, Loss: 3.8206
Batch 200, Loss: 3.8206
Batch 300, Loss: 3.8206
Epoch 81 learning rate: 0.06470201626161524
Epoch 81 time: 119.58373308181763 seconds
Epoch 81 accuracy: 1.0%
Batch 100, Loss: 3.8206
Batch 200, Loss: 3.8206
Batch 300, Loss: 3.8206
Epoch 82 learning rate: 0.06394955530196152
Epoch 82 time: 119.42313051223755 seconds
Epoch 82 accuracy: 1.0%
Batch 100, Loss: 3.8206
Batch 200, Loss: 3.8206
Batch 300, Loss: 3.8206
Epoch 83 learning rate: 0.06319365249826868
Epoch 83 time: 119.37317872047424 seconds
Epoch 83 accuracy: 1.0%
Batch 100, Loss: 3.8206
Batch 200, Loss: 3.8206
Batch 300, Loss: 3.8206
Epoch 84 learning rate: 0.06243449435824277
Epoch 84 time: 119.29170560836792 seconds
Epoch 84 accuracy: 1.0%
Batch 100, Loss: 3.8206
Batch 200, Loss: 3.8206
Batch 300, Loss: 3.8206
Epoch 85 learning rate: 0.06167226819279532
Epoch 85 time: 119.3667962551117 seconds
Epoch 85 accuracy: 1.0%
Batch 100, Loss: 3.8206
Batch 200, Loss: 3.8206
Batch 300, Loss: 3.8206
Epoch 86 learning rate: 0.06090716206982718
Epoch 86 time: 119.63355612754822 seconds
Epoch 86 accuracy: 1.0%
Batch 100, Loss: 3.8206
Batch 200, Loss: 3.8206
Batch 300, Loss: 3.8206
Epoch 87 learning rate: 0.06013936476782568
Epoch 87 time: 119.4233558177948 seconds
Epoch 87 accuracy: 1.0%
Batch 100, Loss: 3.8206
Batch 200, Loss: 3.8206
Batch 300, Loss: 3.8206
Epoch 88 learning rate: 0.05936906572928629
Epoch 88 time: 119.0460307598114 seconds
Epoch 88 accuracy: 1.0%
Batch 100, Loss: 3.8206
Batch 200, Loss: 3.8206
Batch 300, Loss: 3.8206
Epoch 89 learning rate: 0.05859645501397052
Epoch 89 time: 119.44096755981445 seconds
Epoch 89 accuracy: 1.0%
Batch 100, Loss: 3.8206
Batch 200, Loss: 3.8206
Batch 300, Loss: 3.8206
Epoch 90 learning rate: 0.05782172325201159
Epoch 90 time: 119.16938376426697 seconds
Epoch 90 accuracy: 1.0%
Batch 100, Loss: 3.8206
Batch 200, Loss: 3.8206
Batch 300, Loss: 3.8206
Epoch 91 learning rate: 0.057045061596879186
Epoch 91 time: 119.30408239364624 seconds
Epoch 91 accuracy: 1.0%
Batch 100, Loss: 3.8206
Batch 200, Loss: 3.8206
Batch 300, Loss: 3.8206
Epoch 92 learning rate: 0.056266661678215264
Epoch 92 time: 119.21629786491394 seconds
Epoch 92 accuracy: 1.0%
Batch 100, Loss: 3.8206
Batch 200, Loss: 3.8206
Batch 300, Loss: 3.8206
Epoch 93 learning rate: 0.055486715554552306
Epoch 93 time: 119.18006634712219 seconds
Epoch 93 accuracy: 1.0%
Batch 100, Loss: 3.8206
Batch 200, Loss: 3.8206
Batch 300, Loss: 3.8206
Epoch 94 learning rate: 0.05470541566592575
Epoch 94 time: 119.17170262336731 seconds
Epoch 94 accuracy: 1.0%
Batch 100, Loss: 3.8206
Batch 200, Loss: 3.8206
Batch 300, Loss: 3.8206
Epoch 95 learning rate: 0.05392295478639229
Epoch 95 time: 119.09426522254944 seconds
Epoch 95 accuracy: 1.0%
Batch 100, Loss: 3.8206
Batch 200, Loss: 3.8206
Batch 300, Loss: 3.8206
Epoch 96 learning rate: 0.05313952597646571
Epoch 96 time: 118.97482824325562 seconds
Epoch 96 accuracy: 1.0%
Batch 100, Loss: 3.8206
Batch 200, Loss: 3.8206
Batch 300, Loss: 3.8206
Epoch 97 learning rate: 0.05235532253548216
Epoch 97 time: 119.3187415599823 seconds
Epoch 97 accuracy: 1.0%
Batch 100, Loss: 3.8206
Batch 200, Loss: 3.8206
Batch 300, Loss: 3.8206
Epoch 98 learning rate: 0.051570537953906447
Epoch 98 time: 119.36139178276062 seconds
Epoch 98 accuracy: 1.0%
Batch 100, Loss: 3.8206
Batch 200, Loss: 3.8206
Batch 300, Loss: 3.8206
Epoch 99 learning rate: 0.05078536586559106
Epoch 99 time: 119.31689357757568 seconds
Epoch 99 accuracy: 1.0%
Batch 100, Loss: 3.8206
Batch 200, Loss: 3.8206
Batch 300, Loss: 3.8206
Epoch 100 learning rate: 0.050000000000000024
Epoch 100 time: 118.96291303634644 seconds
Epoch 100 accuracy: 1.0%
Batch 100, Loss: 3.8206
Batch 200, Loss: 3.8206
Batch 300, Loss: 3.8206
Epoch 101 learning rate: 0.049214634134409
Epoch 101 time: 118.95110368728638 seconds
Epoch 101 accuracy: 1.0%
Batch 100, Loss: 3.8206
Batch 200, Loss: 3.8206
Batch 300, Loss: 3.8206
Epoch 102 learning rate: 0.04842946204609361
Epoch 102 time: 118.99124264717102 seconds
Epoch 102 accuracy: 1.0%
Batch 100, Loss: 3.8206
Batch 200, Loss: 3.8206
Batch 300, Loss: 3.8206
Epoch 103 learning rate: 0.04764467746451789
Epoch 103 time: 119.17635583877563 seconds
Epoch 103 accuracy: 1.0%
Batch 100, Loss: 3.8206
Batch 200, Loss: 3.8206
Batch 300, Loss: 3.8206
Epoch 104 learning rate: 0.046860474023534354
Epoch 104 time: 119.13878965377808 seconds
Epoch 104 accuracy: 1.0%
Batch 100, Loss: 3.8206
Batch 200, Loss: 3.8206
Batch 300, Loss: 3.8206
Epoch 105 learning rate: 0.04607704521360778
Epoch 105 time: 119.06298184394836 seconds
Epoch 105 accuracy: 1.0%
Batch 100, Loss: 3.8206
Batch 200, Loss: 3.8206
Batch 300, Loss: 3.8206
Epoch 106 learning rate: 0.04529458433407431
Epoch 106 time: 119.11441659927368 seconds
Epoch 106 accuracy: 1.0%
Batch 100, Loss: 3.8206
Batch 200, Loss: 3.8206
Batch 300, Loss: 3.8206
Epoch 107 learning rate: 0.04451328444544776
Epoch 107 time: 118.95559120178223 seconds
Epoch 107 accuracy: 1.0%
Batch 100, Loss: 3.8206
Batch 200, Loss: 3.8206
Batch 300, Loss: 3.8206
Epoch 108 learning rate: 0.04373333832178482
Epoch 108 time: 119.0967664718628 seconds
Epoch 108 accuracy: 1.0%
slurmstepd: error: *** JOB 23220429 ON gra955 CANCELLED AT 2024-07-17T09:20:07 ***
