The following modules were not unloaded:
  (Use "module --force purge" to unload all):

  1) CCconfig        6)  ucx/1.14.1         11) flexiblas/3.3.1
  2) gentoo/2023     7)  libfabric/1.18.0   12) imkl/2023.2.0
  3) gcccore/.12.3   8)  pmix/4.2.4         13) StdEnv/2023
  4) gcc/12.3        9)  ucc/1.2.0
  5) hwloc/2.9.1     10) openmpi/4.1.5
/project/6070520/tkleinkn/Vanilla-GAM/main_cifar.py:187: UserWarning: You have chosen a specific GPU. This will completely disable data parallelism.
  warnings.warn('You have chosen a specific GPU. This will completely '
model name space ['resnet101_c', 'resnet152_c', 'resnet18_c', 'resnet34_c', 'resnet50_c']
Use GPU: 0 for training
=> creating model 'resnet18_c'
Files already downloaded and verified
Files already downloaded and verified
tensorboard dir ./results/CIFAR100/GNOM
Using Gradient-Norm Only Minimization (GNOM)
/home/tkleinkn/GAMtest/lib/python3.11/site-packages/torch/autograd/graph.py:744: UserWarning: Using backward() with create_graph=True will create a reference cycle between the parameter and its gradient which can cause a memory leak. We recommend using autograd.grad when creating the graph to avoid this. If you have to use this function, make sure to reset the .grad fields of your parameters to None after use to break the cycle and avoid the leak. (Triggered internally at /home/coulombc/wheels_builder/tmp.2617/python-3.11/torch/torch/csrc/autograd/engine.cpp:1203.)
  return Variable._execution_engine.run_backward(  # Calls into the C++ engine to run the backward pass
Batch 100, Loss: 25.6870
Batch 200, Loss: 4.5502
Batch 300, Loss: 4.2767
Epoch 1 learning rate: 0.09999383162408304
Epoch 1 time: 129.26641607284546 seconds
Epoch 1 accuracy: 0.95%
Batch 100, Loss: 4.1316
Batch 200, Loss: 4.0533
Batch 300, Loss: 4.0553
Epoch 2 learning rate: 0.09997532801828658
Epoch 2 time: 118.85182595252991 seconds
Epoch 2 accuracy: 1.06%
Batch 100, Loss: 4.0112
Batch 200, Loss: 3.9567
Batch 300, Loss: 3.9503
Epoch 3 learning rate: 0.09994449374809851
Epoch 3 time: 118.91147255897522 seconds
Epoch 3 accuracy: 0.99%
Batch 100, Loss: 3.9395
Batch 200, Loss: 3.9161
Batch 300, Loss: 3.9032
Epoch 4 learning rate: 0.09990133642141359
Epoch 4 time: 118.8879132270813 seconds
Epoch 4 accuracy: 1.0%
Batch 100, Loss: 3.8925
Batch 200, Loss: 3.8832
Batch 300, Loss: 3.8863
Epoch 5 learning rate: 0.09984586668665642
Epoch 5 time: 118.88109087944031 seconds
Epoch 5 accuracy: 1.01%
Batch 100, Loss: 3.8695
Batch 200, Loss: 3.8677
Batch 300, Loss: 3.8678
Epoch 6 learning rate: 0.09977809823015402
Epoch 6 time: 118.81390500068665 seconds
Epoch 6 accuracy: 1.05%
Batch 100, Loss: 3.8613
Batch 200, Loss: 3.8560
Batch 300, Loss: 3.8508
Epoch 7 learning rate: 0.09969804777275901
Epoch 7 time: 118.84803771972656 seconds
Epoch 7 accuracy: 1.03%
Batch 100, Loss: 3.8477
Batch 200, Loss: 3.8455
Batch 300, Loss: 3.8425
Epoch 8 learning rate: 0.09960573506572391
Epoch 8 time: 118.83791208267212 seconds
Epoch 8 accuracy: 1.02%
Batch 100, Loss: 3.8389
Batch 200, Loss: 3.8381
Batch 300, Loss: 3.8342
Epoch 9 learning rate: 0.09950118288582789
Epoch 9 time: 118.73192095756531 seconds
Epoch 9 accuracy: 1.1%
Batch 100, Loss: 3.8363
Batch 200, Loss: 3.8303
Batch 300, Loss: 3.8311
Epoch 10 learning rate: 0.09938441702975691
Epoch 10 time: 118.71360111236572 seconds
Epoch 10 accuracy: 1.13%
Batch 100, Loss: 3.8303
Batch 200, Loss: 3.8280
Batch 300, Loss: 3.8291
Epoch 11 learning rate: 0.09925546630773871
Epoch 11 time: 118.70987367630005 seconds
Epoch 11 accuracy: 1.05%
Batch 100, Loss: 3.8261
Batch 200, Loss: 3.8270
Batch 300, Loss: 3.8257
Epoch 12 learning rate: 0.09911436253643445
Epoch 12 time: 118.91754293441772 seconds
Epoch 12 accuracy: 1.08%
Batch 100, Loss: 3.8264
Batch 200, Loss: 3.8253
Batch 300, Loss: 3.8230
Epoch 13 learning rate: 0.0989611405310883
Epoch 13 time: 118.73453783988953 seconds
Epoch 13 accuracy: 1.11%
Batch 100, Loss: 3.8239
Batch 200, Loss: 3.8229
Batch 300, Loss: 3.8233
Epoch 14 learning rate: 0.09879583809693739
Epoch 14 time: 118.78359603881836 seconds
Epoch 14 accuracy: 1.07%
Batch 100, Loss: 3.8227
Batch 200, Loss: 3.8222
Batch 300, Loss: 3.8225
Epoch 15 learning rate: 0.09861849601988384
Epoch 15 time: 118.7166485786438 seconds
Epoch 15 accuracy: 1.08%
Batch 100, Loss: 3.8213
Batch 200, Loss: 3.8222
Batch 300, Loss: 3.8217
Epoch 16 learning rate: 0.09842915805643157
Epoch 16 time: 118.8311517238617 seconds
Epoch 16 accuracy: 1.04%
Batch 100, Loss: 3.8214
Batch 200, Loss: 3.8214
Batch 300, Loss: 3.8216
Epoch 17 learning rate: 0.09822787092288993
Epoch 17 time: 118.76401472091675 seconds
Epoch 17 accuracy: 1.03%
Batch 100, Loss: 3.8214
Batch 200, Loss: 3.8211
Batch 300, Loss: 3.8210
Epoch 18 learning rate: 0.09801468428384717
Epoch 18 time: 118.63017082214355 seconds
Epoch 18 accuracy: 1.06%
Batch 100, Loss: 3.8210
Batch 200, Loss: 3.8209
Batch 300, Loss: 3.8209
Epoch 19 learning rate: 0.09778965073991652
Epoch 19 time: 118.78748083114624 seconds
Epoch 19 accuracy: 1.07%
Batch 100, Loss: 3.8208
Batch 200, Loss: 3.8206
Batch 300, Loss: 3.8210
Epoch 20 learning rate: 0.0975528258147577
Epoch 20 time: 118.8500816822052 seconds
Epoch 20 accuracy: 1.07%
Batch 100, Loss: 3.8209
Batch 200, Loss: 3.8202
Batch 300, Loss: 3.8209
Epoch 21 learning rate: 0.09730426794137728
Epoch 21 time: 118.84730577468872 seconds
Epoch 21 accuracy: 1.07%
Batch 100, Loss: 3.8207
Batch 200, Loss: 3.8206
Batch 300, Loss: 3.8207
Epoch 22 learning rate: 0.09704403844771128
Epoch 22 time: 118.8313364982605 seconds
Epoch 22 accuracy: 1.05%
Batch 100, Loss: 3.8207
Batch 200, Loss: 3.8207
Batch 300, Loss: 3.8206
Epoch 23 learning rate: 0.09677220154149338
Epoch 23 time: 118.74230599403381 seconds
Epoch 23 accuracy: 1.05%
Batch 100, Loss: 3.8206
Batch 200, Loss: 3.8206
Batch 300, Loss: 3.8207
Epoch 24 learning rate: 0.09648882429441258
Epoch 24 time: 118.69100642204285 seconds
Epoch 24 accuracy: 1.01%
Batch 100, Loss: 3.8205
Batch 200, Loss: 3.8206
Batch 300, Loss: 3.8206
Epoch 25 learning rate: 0.09619397662556435
Epoch 25 time: 118.80661845207214 seconds
Epoch 25 accuracy: 1.0%
Batch 100, Loss: 3.8206
Batch 200, Loss: 3.8206
Batch 300, Loss: 3.8206
Epoch 26 learning rate: 0.09588773128419906
Epoch 26 time: 118.7440094947815 seconds
Epoch 26 accuracy: 1.0%
Batch 100, Loss: 3.8206
Batch 200, Loss: 3.8206
Batch 300, Loss: 3.8206
Epoch 27 learning rate: 0.09557016383177226
Epoch 27 time: 118.81643533706665 seconds
Epoch 27 accuracy: 1.0%
Batch 100, Loss: 3.8206
Batch 200, Loss: 3.8206
Batch 300, Loss: 3.8206
Epoch 28 learning rate: 0.09524135262330098
Epoch 28 time: 118.77784562110901 seconds
Epoch 28 accuracy: 1.0%
Batch 100, Loss: 3.8206
Batch 200, Loss: 3.8206
Batch 300, Loss: 3.8206
Epoch 29 learning rate: 0.09490137878803079
Epoch 29 time: 118.75109457969666 seconds
Epoch 29 accuracy: 1.0%
Batch 100, Loss: 3.8206
Batch 200, Loss: 3.8206
Batch 300, Loss: 3.8206
Epoch 30 learning rate: 0.0945503262094184
Epoch 30 time: 118.6423192024231 seconds
Epoch 30 accuracy: 1.0%
Batch 100, Loss: 3.8206
Batch 200, Loss: 3.8206
Batch 300, Loss: 3.8206
Epoch 31 learning rate: 0.0941882815044347
Epoch 31 time: 118.75219750404358 seconds
Epoch 31 accuracy: 1.0%
Batch 100, Loss: 3.8206
Batch 200, Loss: 3.8206
Batch 300, Loss: 3.8206
Epoch 32 learning rate: 0.09381533400219319
Epoch 32 time: 118.82097482681274 seconds
Epoch 32 accuracy: 1.0%
Batch 100, Loss: 3.8206
Batch 200, Loss: 3.8206
Batch 300, Loss: 3.8206
Epoch 33 learning rate: 0.09343157572190958
Epoch 33 time: 118.70970106124878 seconds
Epoch 33 accuracy: 1.0%
Batch 100, Loss: 3.8206
Batch 200, Loss: 3.8206
Batch 300, Loss: 3.8206
Epoch 34 learning rate: 0.0930371013501972
Epoch 34 time: 118.66056680679321 seconds
Epoch 34 accuracy: 1.0%
Batch 100, Loss: 3.8206
Batch 200, Loss: 3.8206
Batch 300, Loss: 3.8206
Epoch 35 learning rate: 0.09263200821770463
Epoch 35 time: 118.77747249603271 seconds
Epoch 35 accuracy: 1.0%
Batch 100, Loss: 3.8206
Batch 200, Loss: 3.8206
Batch 300, Loss: 3.8206
Epoch 36 learning rate: 0.09221639627510078
Epoch 36 time: 118.76455760002136 seconds
Epoch 36 accuracy: 1.0%
Batch 100, Loss: 3.8206
Batch 200, Loss: 3.8206
Batch 300, Loss: 3.8206
Epoch 37 learning rate: 0.09179036806841355
Epoch 37 time: 118.75861310958862 seconds
Epoch 37 accuracy: 1.0%
Batch 100, Loss: 3.8206
Batch 200, Loss: 3.8206
Batch 300, Loss: 3.8206
Epoch 38 learning rate: 0.09135402871372812
Epoch 38 time: 118.80937910079956 seconds
Epoch 38 accuracy: 1.0%
Batch 100, Loss: 3.8206
Batch 200, Loss: 3.8206
Batch 300, Loss: 3.8206
Epoch 39 learning rate: 0.0909074858712512
Epoch 39 time: 118.77531409263611 seconds
Epoch 39 accuracy: 1.0%
Batch 100, Loss: 3.8206
Batch 200, Loss: 3.8206
Batch 300, Loss: 3.8206
Epoch 40 learning rate: 0.09045084971874741
Epoch 40 time: 118.8388204574585 seconds
Epoch 40 accuracy: 1.0%
Batch 100, Loss: 3.8206
Batch 200, Loss: 3.8206
Batch 300, Loss: 3.8206
Epoch 41 learning rate: 0.08998423292435458
Epoch 41 time: 118.74452209472656 seconds
Epoch 41 accuracy: 1.0%
Batch 100, Loss: 3.8206
Batch 200, Loss: 3.8206
Batch 300, Loss: 3.8206
Epoch 42 learning rate: 0.08950775061878455
Epoch 42 time: 118.65397882461548 seconds
Epoch 42 accuracy: 1.0%
Batch 100, Loss: 3.8206
Batch 200, Loss: 3.8206
Batch 300, Loss: 3.8206
Epoch 43 learning rate: 0.08902152036691653
Epoch 43 time: 118.8076171875 seconds
Epoch 43 accuracy: 1.0%
Batch 100, Loss: 3.8206
Batch 200, Loss: 3.8206
Batch 300, Loss: 3.8206
Epoch 44 learning rate: 0.08852566213878951
Epoch 44 time: 118.82183170318604 seconds
Epoch 44 accuracy: 1.0%
Batch 100, Loss: 3.8206
Batch 200, Loss: 3.8206
Batch 300, Loss: 3.8206
Epoch 45 learning rate: 0.0880202982800016
Epoch 45 time: 118.76828193664551 seconds
Epoch 45 accuracy: 1.0%
Batch 100, Loss: 3.8206
Batch 200, Loss: 3.8206
Batch 300, Loss: 3.8206
Epoch 46 learning rate: 0.08750555348152303
Epoch 46 time: 118.71470236778259 seconds
Epoch 46 accuracy: 1.0%
Batch 100, Loss: 3.8206
Batch 200, Loss: 3.8206
Batch 300, Loss: 3.8206
Epoch 47 learning rate: 0.08698155474893052
Epoch 47 time: 118.73208975791931 seconds
Epoch 47 accuracy: 1.0%
Batch 100, Loss: 3.8206
Batch 200, Loss: 3.8206
Batch 300, Loss: 3.8206
Epoch 48 learning rate: 0.08644843137107061
Epoch 48 time: 118.76878118515015 seconds
Epoch 48 accuracy: 1.0%
Batch 100, Loss: 3.8206
Batch 200, Loss: 3.8206
Batch 300, Loss: 3.8206
Epoch 49 learning rate: 0.08590631488815947
Epoch 49 time: 118.766188621521 seconds
Epoch 49 accuracy: 1.0%
Batch 100, Loss: 3.8206
Batch 200, Loss: 3.8206
Batch 300, Loss: 3.8206
Epoch 50 learning rate: 0.0853553390593274
Epoch 50 time: 118.76727795600891 seconds
Epoch 50 accuracy: 1.0%
Batch 100, Loss: 3.8206
Batch 200, Loss: 3.8206
Batch 300, Loss: 3.8206
Epoch 51 learning rate: 0.08479563982961574
Epoch 51 time: 118.75586223602295 seconds
Epoch 51 accuracy: 1.0%
Batch 100, Loss: 3.8206
Batch 200, Loss: 3.8206
Batch 300, Loss: 3.8206
Epoch 52 learning rate: 0.08422735529643446
Epoch 52 time: 118.63784575462341 seconds
Epoch 52 accuracy: 1.0%
Batch 100, Loss: 3.8206
Batch 200, Loss: 3.8206
Batch 300, Loss: 3.8206
Epoch 53 learning rate: 0.08365062567548869
Epoch 53 time: 118.6100664138794 seconds
Epoch 53 accuracy: 1.0%
Batch 100, Loss: 3.8206
Batch 200, Loss: 3.8206
Batch 300, Loss: 3.8206
Epoch 54 learning rate: 0.08306559326618261
Epoch 54 time: 118.6432454586029 seconds
Epoch 54 accuracy: 1.0%
Batch 100, Loss: 3.8206
Batch 200, Loss: 3.8206
Batch 300, Loss: 3.8206
Epoch 55 learning rate: 0.0824724024165092
Epoch 55 time: 118.78425240516663 seconds
Epoch 55 accuracy: 1.0%
Batch 100, Loss: 3.8206
Batch 200, Loss: 3.8206
Batch 300, Loss: 3.8206
Epoch 56 learning rate: 0.0818711994874345
Epoch 56 time: 118.6758975982666 seconds
Epoch 56 accuracy: 1.0%
Batch 100, Loss: 3.8206
Batch 200, Loss: 3.8206
Batch 300, Loss: 3.8206
Epoch 57 learning rate: 0.08126213281678528
Epoch 57 time: 118.65806460380554 seconds
Epoch 57 accuracy: 1.0%
Batch 100, Loss: 3.8206
Batch 200, Loss: 3.8206
Batch 300, Loss: 3.8206
Epoch 58 learning rate: 0.08064535268264884
Epoch 58 time: 118.7678735256195 seconds
Epoch 58 accuracy: 1.0%
Batch 100, Loss: 3.8206
Batch 200, Loss: 3.8206
Batch 300, Loss: 3.8206
Epoch 59 learning rate: 0.08002101126629421
Epoch 59 time: 118.75447392463684 seconds
Epoch 59 accuracy: 1.0%
Batch 100, Loss: 3.8206
Batch 200, Loss: 3.8206
Batch 300, Loss: 3.8206
Epoch 60 learning rate: 0.07938926261462367
Epoch 60 time: 118.76242399215698 seconds
Epoch 60 accuracy: 1.0%
Batch 100, Loss: 3.8206
Batch 200, Loss: 3.8206
Batch 300, Loss: 3.8206
Epoch 61 learning rate: 0.07875026260216395
Epoch 61 time: 118.71396017074585 seconds
Epoch 61 accuracy: 1.0%
Batch 100, Loss: 3.8206
Batch 200, Loss: 3.8206
Batch 300, Loss: 3.8206
Epoch 62 learning rate: 0.07810416889260656
Epoch 62 time: 118.7307345867157 seconds
Epoch 62 accuracy: 1.0%
Batch 100, Loss: 3.8206
Batch 200, Loss: 3.8206
Batch 300, Loss: 3.8206
Epoch 63 learning rate: 0.07745114089990661
Epoch 63 time: 118.78539490699768 seconds
Epoch 63 accuracy: 1.0%
Batch 100, Loss: 3.8206
Batch 200, Loss: 3.8206
Batch 300, Loss: 3.8206
Epoch 64 learning rate: 0.07679133974894985
Epoch 64 time: 118.72695875167847 seconds
Epoch 64 accuracy: 1.0%
Batch 100, Loss: 3.8206
Batch 200, Loss: 3.8206
Batch 300, Loss: 3.8206
Epoch 65 learning rate: 0.07612492823579746
Epoch 65 time: 118.78373384475708 seconds
Epoch 65 accuracy: 1.0%
Batch 100, Loss: 3.8206
Batch 200, Loss: 3.8206
Batch 300, Loss: 3.8206
Epoch 66 learning rate: 0.07545207078751859
Epoch 66 time: 118.70802211761475 seconds
Epoch 66 accuracy: 1.0%
Batch 100, Loss: 3.8206
Batch 200, Loss: 3.8206
Batch 300, Loss: 3.8206
Epoch 67 learning rate: 0.0747729334216204
Epoch 67 time: 118.69684839248657 seconds
Epoch 67 accuracy: 1.0%
Batch 100, Loss: 3.8206
Batch 200, Loss: 3.8206
Batch 300, Loss: 3.8206
Epoch 68 learning rate: 0.07408768370508578
Epoch 68 time: 118.7759575843811 seconds
Epoch 68 accuracy: 1.0%
Batch 100, Loss: 3.8206
Batch 200, Loss: 3.8206
Batch 300, Loss: 3.8206
Epoch 69 learning rate: 0.0733964907130287
Epoch 69 time: 118.70236659049988 seconds
Epoch 69 accuracy: 1.0%
Batch 100, Loss: 3.8206
Batch 200, Loss: 3.8206
Batch 300, Loss: 3.8206
Epoch 70 learning rate: 0.07269952498697736
Epoch 70 time: 118.76256537437439 seconds
Epoch 70 accuracy: 1.0%
Batch 100, Loss: 3.8206
Batch 200, Loss: 3.8206
Batch 300, Loss: 3.8206
Epoch 71 learning rate: 0.07199695849279578
Epoch 71 time: 118.62897682189941 seconds
Epoch 71 accuracy: 1.0%
Batch 100, Loss: 3.8206
Batch 200, Loss: 3.8206
Batch 300, Loss: 3.8206
Epoch 72 learning rate: 0.07128896457825366
Epoch 72 time: 118.75168299674988 seconds
Epoch 72 accuracy: 1.0%
Batch 100, Loss: 3.8206
Batch 200, Loss: 3.8206
Batch 300, Loss: 3.8206
Epoch 73 learning rate: 0.07057571793025548
Epoch 73 time: 118.7686128616333 seconds
Epoch 73 accuracy: 1.0%
Batch 100, Loss: 3.8206
Batch 200, Loss: 3.8206
Batch 300, Loss: 3.8206
Epoch 74 learning rate: 0.06985739453173906
Epoch 74 time: 118.69303894042969 seconds
Epoch 74 accuracy: 1.0%
Batch 100, Loss: 3.8206
Batch 200, Loss: 3.8206
Batch 300, Loss: 3.8206
Epoch 75 learning rate: 0.06913417161825453
Epoch 75 time: 118.66973900794983 seconds
Epoch 75 accuracy: 1.0%
Batch 100, Loss: 3.8206
Batch 200, Loss: 3.8206
Batch 300, Loss: 3.8206
Epoch 76 learning rate: 0.06840622763423394
Epoch 76 time: 118.72091054916382 seconds
Epoch 76 accuracy: 1.0%
Batch 100, Loss: 3.8206
Batch 200, Loss: 3.8206
Batch 300, Loss: 3.8206
Epoch 77 learning rate: 0.0676737421889629
Epoch 77 time: 118.66822028160095 seconds
Epoch 77 accuracy: 1.0%
Batch 100, Loss: 3.8206
Batch 200, Loss: 3.8206
Batch 300, Loss: 3.8206
Epoch 78 learning rate: 0.06693689601226462
Epoch 78 time: 118.79241037368774 seconds
Epoch 78 accuracy: 1.0%
Batch 100, Loss: 3.8206
Batch 200, Loss: 3.8206
Batch 300, Loss: 3.8206
Epoch 79 learning rate: 0.06619587090990751
Epoch 79 time: 118.73722624778748 seconds
Epoch 79 accuracy: 1.0%
Batch 100, Loss: 3.8206
Batch 200, Loss: 3.8206
Batch 300, Loss: 3.8206
Epoch 80 learning rate: 0.06545084971874741
Epoch 80 time: 118.69938921928406 seconds
Epoch 80 accuracy: 1.0%
Batch 100, Loss: 3.8206
Batch 200, Loss: 3.8206
Batch 300, Loss: 3.8206
Epoch 81 learning rate: 0.06470201626161524
Epoch 81 time: 118.71947574615479 seconds
Epoch 81 accuracy: 1.0%
Batch 100, Loss: 3.8206
Batch 200, Loss: 3.8206
Batch 300, Loss: 3.8206
Epoch 82 learning rate: 0.06394955530196152
Epoch 82 time: 118.79187774658203 seconds
Epoch 82 accuracy: 1.0%
Batch 100, Loss: 3.8206
Batch 200, Loss: 3.8206
Batch 300, Loss: 3.8206
Epoch 83 learning rate: 0.06319365249826868
Epoch 83 time: 118.75695419311523 seconds
Epoch 83 accuracy: 1.0%
Batch 100, Loss: 3.8206
Batch 200, Loss: 3.8206
Batch 300, Loss: 3.8206
Epoch 84 learning rate: 0.06243449435824277
Epoch 84 time: 118.68312978744507 seconds
Epoch 84 accuracy: 1.0%
Batch 100, Loss: 3.8206
Batch 200, Loss: 3.8206
Batch 300, Loss: 3.8206
Epoch 85 learning rate: 0.06167226819279532
Epoch 85 time: 118.72389054298401 seconds
Epoch 85 accuracy: 1.0%
Batch 100, Loss: 3.8206
Batch 200, Loss: 3.8206
Batch 300, Loss: 3.8206
Epoch 86 learning rate: 0.06090716206982718
Epoch 86 time: 118.76489996910095 seconds
Epoch 86 accuracy: 1.0%
Batch 100, Loss: 3.8206
Batch 200, Loss: 3.8206
Batch 300, Loss: 3.8206
Epoch 87 learning rate: 0.06013936476782568
Epoch 87 time: 118.82238554954529 seconds
Epoch 87 accuracy: 1.0%
Batch 100, Loss: 3.8206
Batch 200, Loss: 3.8206
Batch 300, Loss: 3.8206
Epoch 88 learning rate: 0.05936906572928629
Epoch 88 time: 118.73151969909668 seconds
Epoch 88 accuracy: 1.0%
Batch 100, Loss: 3.8206
Batch 200, Loss: 3.8206
Batch 300, Loss: 3.8206
Epoch 89 learning rate: 0.05859645501397052
Epoch 89 time: 118.7564868927002 seconds
Epoch 89 accuracy: 1.0%
Batch 100, Loss: 3.8206
Batch 200, Loss: 3.8206
Batch 300, Loss: 3.8206
Epoch 90 learning rate: 0.05782172325201159
Epoch 90 time: 118.73122048377991 seconds
Epoch 90 accuracy: 1.0%
Batch 100, Loss: 3.8206
Batch 200, Loss: 3.8206
Batch 300, Loss: 3.8206
Epoch 91 learning rate: 0.057045061596879186
Epoch 91 time: 118.656010389328 seconds
Epoch 91 accuracy: 1.0%
Batch 100, Loss: 3.8206
Batch 200, Loss: 3.8206
Batch 300, Loss: 3.8206
Epoch 92 learning rate: 0.056266661678215264
Epoch 92 time: 118.7458963394165 seconds
Epoch 92 accuracy: 1.0%
Batch 100, Loss: 3.8206
Batch 200, Loss: 3.8206
Batch 300, Loss: 3.8206
Epoch 93 learning rate: 0.055486715554552306
Epoch 93 time: 118.78525471687317 seconds
Epoch 93 accuracy: 1.0%
Batch 100, Loss: 3.8206
Batch 200, Loss: 3.8206
Batch 300, Loss: 3.8206
Epoch 94 learning rate: 0.05470541566592575
Epoch 94 time: 118.69953083992004 seconds
Epoch 94 accuracy: 1.0%
Batch 100, Loss: 3.8206
Batch 200, Loss: 3.8206
Batch 300, Loss: 3.8206
Epoch 95 learning rate: 0.05392295478639229
Epoch 95 time: 118.7726616859436 seconds
Epoch 95 accuracy: 1.0%
Batch 100, Loss: 3.8206
Batch 200, Loss: 3.8206
Batch 300, Loss: 3.8206
Epoch 96 learning rate: 0.05313952597646571
Epoch 96 time: 118.7092797756195 seconds
Epoch 96 accuracy: 1.0%
Batch 100, Loss: 3.8206
Batch 200, Loss: 3.8206
Batch 300, Loss: 3.8206
Epoch 97 learning rate: 0.05235532253548216
Epoch 97 time: 118.78145265579224 seconds
Epoch 97 accuracy: 1.0%
Batch 100, Loss: 3.8206
Batch 200, Loss: 3.8206
Batch 300, Loss: 3.8206
Epoch 98 learning rate: 0.051570537953906447
Epoch 98 time: 118.72690558433533 seconds
Epoch 98 accuracy: 1.0%
Batch 100, Loss: 3.8206
Batch 200, Loss: 3.8206
Batch 300, Loss: 3.8206
Epoch 99 learning rate: 0.05078536586559106
Epoch 99 time: 118.72880721092224 seconds
Epoch 99 accuracy: 1.0%
Batch 100, Loss: 3.8206
Batch 200, Loss: 3.8206
Batch 300, Loss: 3.8206
Epoch 100 learning rate: 0.050000000000000024
Epoch 100 time: 118.76729321479797 seconds
Epoch 100 accuracy: 1.0%
Batch 100, Loss: 3.8206
Batch 200, Loss: 3.8206
Batch 300, Loss: 3.8206
Epoch 101 learning rate: 0.049214634134409
Epoch 101 time: 118.8023431301117 seconds
Epoch 101 accuracy: 1.0%
Batch 100, Loss: 3.8206
Batch 200, Loss: 3.8206
Batch 300, Loss: 3.8206
Epoch 102 learning rate: 0.04842946204609361
Epoch 102 time: 118.77682137489319 seconds
Epoch 102 accuracy: 1.0%
Batch 100, Loss: 3.8206
Batch 200, Loss: 3.8206
Batch 300, Loss: 3.8206
Epoch 103 learning rate: 0.04764467746451789
Epoch 103 time: 118.69950747489929 seconds
Epoch 103 accuracy: 1.0%
Batch 100, Loss: 3.8206
Batch 200, Loss: 3.8206
Batch 300, Loss: 3.8206
Epoch 104 learning rate: 0.046860474023534354
Epoch 104 time: 118.68308353424072 seconds
Epoch 104 accuracy: 1.0%
Batch 100, Loss: 3.8206
Batch 200, Loss: 3.8206
Batch 300, Loss: 3.8206
Epoch 105 learning rate: 0.04607704521360778
Epoch 105 time: 118.75045084953308 seconds
Epoch 105 accuracy: 1.0%
Batch 100, Loss: 3.8206
Batch 200, Loss: 3.8206
Batch 300, Loss: 3.8206
Epoch 106 learning rate: 0.04529458433407431
Epoch 106 time: 118.78732585906982 seconds
Epoch 106 accuracy: 1.0%
Batch 100, Loss: 3.8206
Batch 200, Loss: 3.8206
Batch 300, Loss: 3.8206
Epoch 107 learning rate: 0.04451328444544776
Epoch 107 time: 118.68058943748474 seconds
Epoch 107 accuracy: 1.0%
Batch 100, Loss: 3.8206
Batch 200, Loss: 3.8206
Batch 300, Loss: 3.8206
Epoch 108 learning rate: 0.04373333832178482
Epoch 108 time: 118.75178742408752 seconds
Epoch 108 accuracy: 1.0%
Batch 100, Loss: 3.8206
Batch 200, Loss: 3.8206
Batch 300, Loss: 3.8206
Epoch 109 learning rate: 0.0429549384031209
Epoch 109 time: 118.61634159088135 seconds
Epoch 109 accuracy: 1.0%
Batch 100, Loss: 3.8206
Batch 200, Loss: 3.8206
Batch 300, Loss: 3.8206
Epoch 110 learning rate: 0.042178276747988484
Epoch 110 time: 118.70787024497986 seconds
Epoch 110 accuracy: 1.0%
Batch 100, Loss: 3.8206
Batch 200, Loss: 3.8206
Batch 300, Loss: 3.8206
Epoch 111 learning rate: 0.04140354498602954
Epoch 111 time: 118.78022456169128 seconds
Epoch 111 accuracy: 1.0%
Batch 100, Loss: 3.8206
Batch 200, Loss: 3.8206
Batch 300, Loss: 3.8206
Epoch 112 learning rate: 0.0406309342707138
Epoch 112 time: 118.79353332519531 seconds
Epoch 112 accuracy: 1.0%
Batch 100, Loss: 3.8206
Batch 200, Loss: 3.8206
Batch 300, Loss: 3.8206
Epoch 113 learning rate: 0.03986063523217441
Epoch 113 time: 118.67264127731323 seconds
Epoch 113 accuracy: 1.0%
Batch 100, Loss: 3.8206
Batch 200, Loss: 3.8206
Batch 300, Loss: 3.8206
Epoch 114 learning rate: 0.039092837930172916
Epoch 114 time: 118.75107002258301 seconds
Epoch 114 accuracy: 1.0%
Batch 100, Loss: 3.8206
Batch 200, Loss: 3.8206
Batch 300, Loss: 3.8206
Epoch 115 learning rate: 0.03832773180720475
Epoch 115 time: 118.69268679618835 seconds
Epoch 115 accuracy: 1.0%
Batch 100, Loss: 3.8206
Batch 200, Loss: 3.8206
Batch 300, Loss: 3.8206
Epoch 116 learning rate: 0.037565505641757285
Epoch 116 time: 118.74335360527039 seconds
Epoch 116 accuracy: 1.0%
Batch 100, Loss: 3.8206
Batch 200, Loss: 3.8206
Batch 300, Loss: 3.8206
Epoch 117 learning rate: 0.03680634750173138
Epoch 117 time: 118.67613363265991 seconds
Epoch 117 accuracy: 1.0%
Batch 100, Loss: 3.8206
Batch 200, Loss: 3.8206
Batch 300, Loss: 3.8206
Epoch 118 learning rate: 0.036050444698038565
Epoch 118 time: 118.77421522140503 seconds
Epoch 118 accuracy: 1.0%
Batch 100, Loss: 3.8206
Batch 200, Loss: 3.8206
Batch 300, Loss: 3.8206
Epoch 119 learning rate: 0.03529798373838483
Epoch 119 time: 118.77129745483398 seconds
Epoch 119 accuracy: 1.0%
Batch 100, Loss: 3.8206
Batch 200, Loss: 3.8206
Batch 300, Loss: 3.8206
Epoch 120 learning rate: 0.03454915028125267
Epoch 120 time: 118.79506754875183 seconds
Epoch 120 accuracy: 1.0%
slurmstepd: error: *** JOB 23220245 ON gra838 CANCELLED AT 2024-07-17T09:19:55 ***
