The following modules were not unloaded:
  (Use "module --force purge" to unload all):

  1) CCconfig        6)  ucx/1.14.1         11) flexiblas/3.3.1
  2) gentoo/2023     7)  libfabric/1.18.0   12) imkl/2023.2.0
  3) gcccore/.12.3   8)  pmix/4.2.4         13) StdEnv/2023
  4) gcc/12.3        9)  ucc/1.2.0
  5) hwloc/2.9.1     10) openmpi/4.1.5
/project/6070520/tkleinkn/Vanilla-GAM/main_cifar.py:187: UserWarning: You have chosen a specific GPU. This will completely disable data parallelism.
  warnings.warn('You have chosen a specific GPU. This will completely '
model name space ['resnet101_c', 'resnet152_c', 'resnet18_c', 'resnet34_c', 'resnet50_c']
Use GPU: 0 for training
=> creating model 'resnet18_c'
Files already downloaded and verified
Files already downloaded and verified
tensorboard dir ./results/CIFAR100/GNOM
Using Gradient-Norm Only Minimization (GNOM)
/home/tkleinkn/GAMtest/lib/python3.11/site-packages/torch/autograd/graph.py:744: UserWarning: Using backward() with create_graph=True will create a reference cycle between the parameter and its gradient which can cause a memory leak. We recommend using autograd.grad when creating the graph to avoid this. If you have to use this function, make sure to reset the .grad fields of your parameters to None after use to break the cycle and avoid the leak. (Triggered internally at /home/coulombc/wheels_builder/tmp.2617/python-3.11/torch/torch/csrc/autograd/engine.cpp:1203.)
  return Variable._execution_engine.run_backward(  # Calls into the C++ engine to run the backward pass
Batch 100, Loss: 191.4796
Batch 200, Loss: 5.2314
Batch 300, Loss: 4.5097
Epoch 1 learning rate: 0.09999383162408304
Epoch 1 time: 128.75617027282715 seconds
Epoch 1 accuracy: 0.99%
Batch 100, Loss: 4.2393
Batch 200, Loss: 4.1482
Batch 300, Loss: 4.1454
Epoch 2 learning rate: 0.09997532801828658
Epoch 2 time: 119.30105638504028 seconds
Epoch 2 accuracy: 0.98%
Batch 100, Loss: 4.0665
Batch 200, Loss: 4.0345
Batch 300, Loss: 4.0050
Epoch 3 learning rate: 0.09994449374809851
Epoch 3 time: 119.35870933532715 seconds
Epoch 3 accuracy: 0.97%
Batch 100, Loss: 3.9860
Batch 200, Loss: 3.9708
Batch 300, Loss: 3.9597
Epoch 4 learning rate: 0.09990133642141359
Epoch 4 time: 119.41738438606262 seconds
Epoch 4 accuracy: 1.0%
Batch 100, Loss: 3.9402
Batch 200, Loss: 3.9334
Batch 300, Loss: 3.9187
Epoch 5 learning rate: 0.09984586668665642
Epoch 5 time: 119.1906361579895 seconds
Epoch 5 accuracy: 1.01%
Batch 100, Loss: 3.9085
Batch 200, Loss: 3.9061
Batch 300, Loss: 3.8976
Epoch 6 learning rate: 0.09977809823015402
Epoch 6 time: 119.44552612304688 seconds
Epoch 6 accuracy: 1.0%
Batch 100, Loss: 3.8872
Batch 200, Loss: 3.8784
Batch 300, Loss: 3.8780
Epoch 7 learning rate: 0.09969804777275901
Epoch 7 time: 119.19447803497314 seconds
Epoch 7 accuracy: 0.98%
Batch 100, Loss: 3.8699
Batch 200, Loss: 3.8651
Batch 300, Loss: 3.8627
Epoch 8 learning rate: 0.09960573506572391
Epoch 8 time: 119.2729332447052 seconds
Epoch 8 accuracy: 0.98%
Batch 100, Loss: 3.8530
Batch 200, Loss: 3.8519
Batch 300, Loss: 3.8523
Epoch 9 learning rate: 0.09950118288582789
Epoch 9 time: 119.38428664207458 seconds
Epoch 9 accuracy: 0.99%
Batch 100, Loss: 3.8482
Batch 200, Loss: 3.8440
Batch 300, Loss: 3.8423
Epoch 10 learning rate: 0.09938441702975691
Epoch 10 time: 119.16548490524292 seconds
Epoch 10 accuracy: 0.92%
Batch 100, Loss: 3.8420
Batch 200, Loss: 3.8369
Batch 300, Loss: 3.8352
Epoch 11 learning rate: 0.09925546630773871
Epoch 11 time: 119.29141759872437 seconds
Epoch 11 accuracy: 0.93%
Batch 100, Loss: 3.8377
Batch 200, Loss: 3.8304
Batch 300, Loss: 3.8312
Epoch 12 learning rate: 0.09911436253643445
Epoch 12 time: 119.43438410758972 seconds
Epoch 12 accuracy: 0.93%
Batch 100, Loss: 3.8307
Batch 200, Loss: 3.8293
Batch 300, Loss: 3.8286
Epoch 13 learning rate: 0.0989611405310883
Epoch 13 time: 119.27099633216858 seconds
Epoch 13 accuracy: 0.9%
Batch 100, Loss: 3.8279
Batch 200, Loss: 3.8267
Batch 300, Loss: 3.8270
Epoch 14 learning rate: 0.09879583809693739
Epoch 14 time: 119.17821550369263 seconds
Epoch 14 accuracy: 0.91%
Batch 100, Loss: 3.8243
Batch 200, Loss: 3.8250
Batch 300, Loss: 3.8244
Epoch 15 learning rate: 0.09861849601988384
Epoch 15 time: 119.23234415054321 seconds
Epoch 15 accuracy: 0.91%
Batch 100, Loss: 3.8244
Batch 200, Loss: 3.8236
Batch 300, Loss: 3.8235
Epoch 16 learning rate: 0.09842915805643157
Epoch 16 time: 119.20514416694641 seconds
Epoch 16 accuracy: 0.91%
Batch 100, Loss: 3.8222
Batch 200, Loss: 3.8224
Batch 300, Loss: 3.8223
Epoch 17 learning rate: 0.09822787092288993
Epoch 17 time: 119.11089444160461 seconds
Epoch 17 accuracy: 0.94%
Batch 100, Loss: 3.8219
Batch 200, Loss: 3.8220
Batch 300, Loss: 3.8213
Epoch 18 learning rate: 0.09801468428384717
Epoch 18 time: 119.32801961898804 seconds
Epoch 18 accuracy: 0.94%
Batch 100, Loss: 3.8212
Batch 200, Loss: 3.8214
Batch 300, Loss: 3.8217
Epoch 19 learning rate: 0.09778965073991652
Epoch 19 time: 119.13769841194153 seconds
Epoch 19 accuracy: 0.95%
Batch 100, Loss: 3.8210
Batch 200, Loss: 3.8213
Batch 300, Loss: 3.8213
Epoch 20 learning rate: 0.0975528258147577
Epoch 20 time: 119.19411659240723 seconds
Epoch 20 accuracy: 0.95%
Batch 100, Loss: 3.8208
Batch 200, Loss: 3.8207
Batch 300, Loss: 3.8212
Epoch 21 learning rate: 0.09730426794137728
Epoch 21 time: 119.24124097824097 seconds
Epoch 21 accuracy: 0.95%
Batch 100, Loss: 3.8211
Batch 200, Loss: 3.8211
Batch 300, Loss: 3.8206
Epoch 22 learning rate: 0.09704403844771128
Epoch 22 time: 119.27504897117615 seconds
Epoch 22 accuracy: 0.95%
Batch 100, Loss: 3.8207
Batch 200, Loss: 3.8208
Batch 300, Loss: 3.8209
Epoch 23 learning rate: 0.09677220154149338
Epoch 23 time: 119.38775682449341 seconds
Epoch 23 accuracy: 0.98%
Batch 100, Loss: 3.8205
Batch 200, Loss: 3.8207
Batch 300, Loss: 3.8207
Epoch 24 learning rate: 0.09648882429441258
Epoch 24 time: 119.14844465255737 seconds
Epoch 24 accuracy: 0.95%
Batch 100, Loss: 3.8207
Batch 200, Loss: 3.8207
Batch 300, Loss: 3.8205
Epoch 25 learning rate: 0.09619397662556435
Epoch 25 time: 120.2268877029419 seconds
Epoch 25 accuracy: 0.95%
Batch 100, Loss: 3.8205
Batch 200, Loss: 3.8208
Batch 300, Loss: 3.8206
Epoch 26 learning rate: 0.09588773128419906
Epoch 26 time: 119.12964487075806 seconds
Epoch 26 accuracy: 0.93%
Batch 100, Loss: 3.8205
Batch 200, Loss: 3.8206
Batch 300, Loss: 3.8207
Epoch 27 learning rate: 0.09557016383177226
Epoch 27 time: 119.16236519813538 seconds
Epoch 27 accuracy: 0.93%
Batch 100, Loss: 3.8206
Batch 200, Loss: 3.8206
Batch 300, Loss: 3.8207
Epoch 28 learning rate: 0.09524135262330098
Epoch 28 time: 119.17999124526978 seconds
Epoch 28 accuracy: 0.93%
Batch 100, Loss: 3.8206
Batch 200, Loss: 3.8206
Batch 300, Loss: 3.8206
Epoch 29 learning rate: 0.09490137878803079
Epoch 29 time: 119.21688055992126 seconds
Epoch 29 accuracy: 1.0%
Batch 100, Loss: 3.8206
Batch 200, Loss: 3.8206
Batch 300, Loss: 3.8206
Epoch 30 learning rate: 0.0945503262094184
Epoch 30 time: 119.21913695335388 seconds
Epoch 30 accuracy: 0.99%
Batch 100, Loss: 3.8205
Batch 200, Loss: 3.8206
Batch 300, Loss: 3.8206
Epoch 31 learning rate: 0.0941882815044347
Epoch 31 time: 119.21689677238464 seconds
Epoch 31 accuracy: 1.0%
Batch 100, Loss: 3.8206
Batch 200, Loss: 3.8206
Batch 300, Loss: 3.8206
Epoch 32 learning rate: 0.09381533400219319
Epoch 32 time: 119.04505825042725 seconds
Epoch 32 accuracy: 1.0%
Batch 100, Loss: 3.8206
Batch 200, Loss: 3.8206
Batch 300, Loss: 3.8206
Epoch 33 learning rate: 0.09343157572190958
Epoch 33 time: 119.30154395103455 seconds
Epoch 33 accuracy: 1.0%
Batch 100, Loss: 3.8206
Batch 200, Loss: 3.8206
Batch 300, Loss: 3.8206
Epoch 34 learning rate: 0.0930371013501972
Epoch 34 time: 119.29218125343323 seconds
Epoch 34 accuracy: 1.0%
Batch 100, Loss: 3.8206
Batch 200, Loss: 3.8206
Batch 300, Loss: 3.8206
Epoch 35 learning rate: 0.09263200821770463
Epoch 35 time: 119.23186230659485 seconds
Epoch 35 accuracy: 1.0%
Batch 100, Loss: 3.8206
Batch 200, Loss: 3.8206
Batch 300, Loss: 3.8206
Epoch 36 learning rate: 0.09221639627510078
Epoch 36 time: 119.17998147010803 seconds
Epoch 36 accuracy: 1.0%
Batch 100, Loss: 3.8206
Batch 200, Loss: 3.8206
Batch 300, Loss: 3.8206
Epoch 37 learning rate: 0.09179036806841355
Epoch 37 time: 119.38336730003357 seconds
Epoch 37 accuracy: 1.0%
Batch 100, Loss: 3.8206
Batch 200, Loss: 3.8206
Batch 300, Loss: 3.8206
Epoch 38 learning rate: 0.09135402871372812
Epoch 38 time: 119.28051948547363 seconds
Epoch 38 accuracy: 1.0%
Batch 100, Loss: 3.8206
Batch 200, Loss: 3.8206
Batch 300, Loss: 3.8206
Epoch 39 learning rate: 0.0909074858712512
Epoch 39 time: 119.26356887817383 seconds
Epoch 39 accuracy: 1.0%
Batch 100, Loss: 3.8206
Batch 200, Loss: 3.8206
Batch 300, Loss: 3.8206
Epoch 40 learning rate: 0.09045084971874741
Epoch 40 time: 119.25537252426147 seconds
Epoch 40 accuracy: 1.0%
Batch 100, Loss: 3.8206
Batch 200, Loss: 3.8206
Batch 300, Loss: 3.8206
Epoch 41 learning rate: 0.08998423292435458
Epoch 41 time: 119.23279786109924 seconds
Epoch 41 accuracy: 1.0%
Batch 100, Loss: 3.8206
Batch 200, Loss: 3.8206
Batch 300, Loss: 3.8206
Epoch 42 learning rate: 0.08950775061878455
Epoch 42 time: 119.30471539497375 seconds
Epoch 42 accuracy: 1.0%
Batch 100, Loss: 3.8206
Batch 200, Loss: 3.8206
Batch 300, Loss: 3.8206
Epoch 43 learning rate: 0.08902152036691653
Epoch 43 time: 119.22476267814636 seconds
Epoch 43 accuracy: 1.0%
Batch 100, Loss: 3.8206
Batch 200, Loss: 3.8206
Batch 300, Loss: 3.8206
Epoch 44 learning rate: 0.08852566213878951
Epoch 44 time: 119.31538128852844 seconds
Epoch 44 accuracy: 1.0%
Batch 100, Loss: 3.8206
Batch 200, Loss: 3.8206
Batch 300, Loss: 3.8206
Epoch 45 learning rate: 0.0880202982800016
Epoch 45 time: 119.16364097595215 seconds
Epoch 45 accuracy: 1.0%
Batch 100, Loss: 3.8206
Batch 200, Loss: 3.8206
Batch 300, Loss: 3.8206
Epoch 46 learning rate: 0.08750555348152303
Epoch 46 time: 119.1769711971283 seconds
Epoch 46 accuracy: 1.0%
Batch 100, Loss: 3.8206
Batch 200, Loss: 3.8206
Batch 300, Loss: 3.8206
Epoch 47 learning rate: 0.08698155474893052
Epoch 47 time: 119.17357754707336 seconds
Epoch 47 accuracy: 1.0%
Batch 100, Loss: 3.8206
Batch 200, Loss: 3.8206
Batch 300, Loss: 3.8206
Epoch 48 learning rate: 0.08644843137107061
Epoch 48 time: 119.23226380348206 seconds
Epoch 48 accuracy: 1.0%
Batch 100, Loss: 3.8206
Batch 200, Loss: 3.8206
Batch 300, Loss: 3.8206
Epoch 49 learning rate: 0.08590631488815947
Epoch 49 time: 119.3237247467041 seconds
Epoch 49 accuracy: 1.0%
Batch 100, Loss: 3.8206
Batch 200, Loss: 3.8206
Batch 300, Loss: 3.8206
Epoch 50 learning rate: 0.0853553390593274
Epoch 50 time: 119.1621356010437 seconds
Epoch 50 accuracy: 1.0%
Batch 100, Loss: 3.8206
Batch 200, Loss: 3.8206
Batch 300, Loss: 3.8206
Epoch 51 learning rate: 0.08479563982961574
Epoch 51 time: 119.39018392562866 seconds
Epoch 51 accuracy: 1.0%
Batch 100, Loss: 3.8206
Batch 200, Loss: 3.8206
Batch 300, Loss: 3.8206
Epoch 52 learning rate: 0.08422735529643446
Epoch 52 time: 119.29469847679138 seconds
Epoch 52 accuracy: 1.0%
Batch 100, Loss: 3.8206
Batch 200, Loss: 3.8206
Batch 300, Loss: 3.8206
Epoch 53 learning rate: 0.08365062567548869
Epoch 53 time: 119.18830275535583 seconds
Epoch 53 accuracy: 1.0%
Batch 100, Loss: 3.8206
Batch 200, Loss: 3.8206
Batch 300, Loss: 3.8206
Epoch 54 learning rate: 0.08306559326618261
Epoch 54 time: 119.30481505393982 seconds
Epoch 54 accuracy: 1.0%
Batch 100, Loss: 3.8206
Batch 200, Loss: 3.8206
Batch 300, Loss: 3.8206
Epoch 55 learning rate: 0.0824724024165092
Epoch 55 time: 119.21751499176025 seconds
Epoch 55 accuracy: 1.0%
Batch 100, Loss: 3.8206
Batch 200, Loss: 3.8206
Batch 300, Loss: 3.8206
Epoch 56 learning rate: 0.0818711994874345
Epoch 56 time: 119.264981508255 seconds
Epoch 56 accuracy: 1.0%
Batch 100, Loss: 3.8206
Batch 200, Loss: 3.8206
Batch 300, Loss: 3.8206
Epoch 57 learning rate: 0.08126213281678528
Epoch 57 time: 119.27025842666626 seconds
Epoch 57 accuracy: 1.0%
Batch 100, Loss: 3.8206
Batch 200, Loss: 3.8206
Batch 300, Loss: 3.8206
Epoch 58 learning rate: 0.08064535268264884
Epoch 58 time: 119.24375581741333 seconds
Epoch 58 accuracy: 1.0%
Batch 100, Loss: 3.8206
Batch 200, Loss: 3.8206
Batch 300, Loss: 3.8206
Epoch 59 learning rate: 0.08002101126629421
Epoch 59 time: 119.20202898979187 seconds
Epoch 59 accuracy: 1.0%
Batch 100, Loss: 3.8206
Batch 200, Loss: 3.8206
Batch 300, Loss: 3.8206
Epoch 60 learning rate: 0.07938926261462367
Epoch 60 time: 119.22791337966919 seconds
Epoch 60 accuracy: 1.0%
Batch 100, Loss: 3.8206
Batch 200, Loss: 3.8206
Batch 300, Loss: 3.8206
Epoch 61 learning rate: 0.07875026260216395
Epoch 61 time: 119.13355684280396 seconds
Epoch 61 accuracy: 1.0%
Batch 100, Loss: 3.8206
Batch 200, Loss: 3.8206
Batch 300, Loss: 3.8206
Epoch 62 learning rate: 0.07810416889260656
Epoch 62 time: 119.21287941932678 seconds
Epoch 62 accuracy: 1.0%
Batch 100, Loss: 3.8206
Batch 200, Loss: 3.8206
Batch 300, Loss: 3.8206
Epoch 63 learning rate: 0.07745114089990661
Epoch 63 time: 119.1352789402008 seconds
Epoch 63 accuracy: 1.0%
Batch 100, Loss: 3.8206
Batch 200, Loss: 3.8206
Batch 300, Loss: 3.8206
Epoch 64 learning rate: 0.07679133974894985
Epoch 64 time: 119.11820101737976 seconds
Epoch 64 accuracy: 1.0%
Batch 100, Loss: 3.8206
Batch 200, Loss: 3.8206
Batch 300, Loss: 3.8206
Epoch 65 learning rate: 0.07612492823579746
Epoch 65 time: 119.31934547424316 seconds
Epoch 65 accuracy: 1.0%
Batch 100, Loss: 3.8206
Batch 200, Loss: 3.8206
Batch 300, Loss: 3.8206
Epoch 66 learning rate: 0.07545207078751859
Epoch 66 time: 119.12662053108215 seconds
Epoch 66 accuracy: 1.0%
Batch 100, Loss: 3.8206
Batch 200, Loss: 3.8206
Batch 300, Loss: 3.8206
Epoch 67 learning rate: 0.0747729334216204
Epoch 67 time: 119.37779951095581 seconds
Epoch 67 accuracy: 1.0%
Batch 100, Loss: 3.8206
Batch 200, Loss: 3.8206
Batch 300, Loss: 3.8206
Epoch 68 learning rate: 0.07408768370508578
Epoch 68 time: 119.29085946083069 seconds
Epoch 68 accuracy: 1.0%
Batch 100, Loss: 3.8206
Batch 200, Loss: 3.8206
Batch 300, Loss: 3.8206
Epoch 69 learning rate: 0.0733964907130287
Epoch 69 time: 119.32268571853638 seconds
Epoch 69 accuracy: 1.0%
Batch 100, Loss: 3.8206
Batch 200, Loss: 3.8206
Batch 300, Loss: 3.8206
Epoch 70 learning rate: 0.07269952498697736
Epoch 70 time: 119.16642475128174 seconds
Epoch 70 accuracy: 1.0%
Batch 100, Loss: 3.8206
Batch 200, Loss: 3.8206
Batch 300, Loss: 3.8206
Epoch 71 learning rate: 0.07199695849279578
Epoch 71 time: 119.24391865730286 seconds
Epoch 71 accuracy: 1.0%
Batch 100, Loss: 3.8206
Batch 200, Loss: 3.8206
Batch 300, Loss: 3.8206
Epoch 72 learning rate: 0.07128896457825366
Epoch 72 time: 119.27206325531006 seconds
Epoch 72 accuracy: 1.0%
Batch 100, Loss: 3.8206
Batch 200, Loss: 3.8206
Batch 300, Loss: 3.8206
Epoch 73 learning rate: 0.07057571793025548
Epoch 73 time: 119.33745193481445 seconds
Epoch 73 accuracy: 1.0%
Batch 100, Loss: 3.8206
Batch 200, Loss: 3.8206
Batch 300, Loss: 3.8206
Epoch 74 learning rate: 0.06985739453173906
Epoch 74 time: 119.21681094169617 seconds
Epoch 74 accuracy: 1.0%
Batch 100, Loss: 3.8206
Batch 200, Loss: 3.8206
Batch 300, Loss: 3.8206
Epoch 75 learning rate: 0.06913417161825453
Epoch 75 time: 119.20485162734985 seconds
Epoch 75 accuracy: 1.0%
Batch 100, Loss: 3.8206
Batch 200, Loss: 3.8206
Batch 300, Loss: 3.8206
Epoch 76 learning rate: 0.06840622763423394
Epoch 76 time: 119.24934077262878 seconds
Epoch 76 accuracy: 1.0%
Batch 100, Loss: 3.8206
Batch 200, Loss: 3.8206
Batch 300, Loss: 3.8206
Epoch 77 learning rate: 0.0676737421889629
Epoch 77 time: 119.31414461135864 seconds
Epoch 77 accuracy: 1.0%
Batch 100, Loss: 3.8206
Batch 200, Loss: 3.8206
Batch 300, Loss: 3.8206
Epoch 78 learning rate: 0.06693689601226462
Epoch 78 time: 119.33147644996643 seconds
Epoch 78 accuracy: 1.0%
Batch 100, Loss: 3.8206
Batch 200, Loss: 3.8206
Batch 300, Loss: 3.8206
Epoch 79 learning rate: 0.06619587090990751
Epoch 79 time: 119.24404191970825 seconds
Epoch 79 accuracy: 1.0%
Batch 100, Loss: 3.8206
Batch 200, Loss: 3.8206
Batch 300, Loss: 3.8206
Epoch 80 learning rate: 0.06545084971874741
Epoch 80 time: 119.39003229141235 seconds
Epoch 80 accuracy: 1.0%
Batch 100, Loss: 3.8206
Batch 200, Loss: 3.8206
Batch 300, Loss: 3.8206
Epoch 81 learning rate: 0.06470201626161524
Epoch 81 time: 119.17256236076355 seconds
Epoch 81 accuracy: 1.0%
Batch 100, Loss: 3.8206
Batch 200, Loss: 3.8206
Batch 300, Loss: 3.8206
Epoch 82 learning rate: 0.06394955530196152
Epoch 82 time: 119.31238961219788 seconds
Epoch 82 accuracy: 1.0%
Batch 100, Loss: 3.8206
Batch 200, Loss: 3.8206
Batch 300, Loss: 3.8206
Epoch 83 learning rate: 0.06319365249826868
Epoch 83 time: 119.14641618728638 seconds
Epoch 83 accuracy: 1.0%
Batch 100, Loss: 3.8206
Batch 200, Loss: 3.8206
Batch 300, Loss: 3.8206
Epoch 84 learning rate: 0.06243449435824277
Epoch 84 time: 119.11815118789673 seconds
Epoch 84 accuracy: 1.0%
Batch 100, Loss: 3.8206
Batch 200, Loss: 3.8206
Batch 300, Loss: 3.8206
Epoch 85 learning rate: 0.06167226819279532
Epoch 85 time: 119.17145466804504 seconds
Epoch 85 accuracy: 1.0%
Batch 100, Loss: 3.8206
Batch 200, Loss: 3.8206
Batch 300, Loss: 3.8206
Epoch 86 learning rate: 0.06090716206982718
Epoch 86 time: 119.35931444168091 seconds
Epoch 86 accuracy: 1.0%
Batch 100, Loss: 3.8206
Batch 200, Loss: 3.8206
Batch 300, Loss: 3.8206
Epoch 87 learning rate: 0.06013936476782568
Epoch 87 time: 119.30943703651428 seconds
Epoch 87 accuracy: 1.0%
Batch 100, Loss: 3.8206
Batch 200, Loss: 3.8206
Batch 300, Loss: 3.8206
Epoch 88 learning rate: 0.05936906572928629
Epoch 88 time: 119.40934777259827 seconds
Epoch 88 accuracy: 1.0%
Batch 100, Loss: 3.8206
Batch 200, Loss: 3.8206
Batch 300, Loss: 3.8206
Epoch 89 learning rate: 0.05859645501397052
Epoch 89 time: 119.35222244262695 seconds
Epoch 89 accuracy: 1.0%
Batch 100, Loss: 3.8206
Batch 200, Loss: 3.8206
Batch 300, Loss: 3.8206
Epoch 90 learning rate: 0.05782172325201159
Epoch 90 time: 119.18159580230713 seconds
Epoch 90 accuracy: 1.0%
Batch 100, Loss: 3.8206
Batch 200, Loss: 3.8206
Batch 300, Loss: 3.8206
Epoch 91 learning rate: 0.057045061596879186
Epoch 91 time: 119.18145751953125 seconds
Epoch 91 accuracy: 1.0%
Batch 100, Loss: 3.8206
Batch 200, Loss: 3.8206
Batch 300, Loss: 3.8206
Epoch 92 learning rate: 0.056266661678215264
Epoch 92 time: 119.25479984283447 seconds
Epoch 92 accuracy: 1.0%
Batch 100, Loss: 3.8206
Batch 200, Loss: 3.8206
Batch 300, Loss: 3.8206
Epoch 93 learning rate: 0.055486715554552306
Epoch 93 time: 119.2023811340332 seconds
Epoch 93 accuracy: 1.0%
Batch 100, Loss: 3.8206
Batch 200, Loss: 3.8206
Batch 300, Loss: 3.8206
Epoch 94 learning rate: 0.05470541566592575
Epoch 94 time: 119.23525786399841 seconds
Epoch 94 accuracy: 1.0%
Batch 100, Loss: 3.8206
Batch 200, Loss: 3.8206
Batch 300, Loss: 3.8206
Epoch 95 learning rate: 0.05392295478639229
Epoch 95 time: 119.18459677696228 seconds
Epoch 95 accuracy: 1.0%
Batch 100, Loss: 3.8206
Batch 200, Loss: 3.8206
Batch 300, Loss: 3.8206
Epoch 96 learning rate: 0.05313952597646571
Epoch 96 time: 119.3083872795105 seconds
Epoch 96 accuracy: 1.0%
Batch 100, Loss: 3.8206
Batch 200, Loss: 3.8206
Batch 300, Loss: 3.8206
Epoch 97 learning rate: 0.05235532253548216
Epoch 97 time: 119.07935667037964 seconds
Epoch 97 accuracy: 1.0%
Batch 100, Loss: 3.8206
Batch 200, Loss: 3.8206
Batch 300, Loss: 3.8206
Epoch 98 learning rate: 0.051570537953906447
Epoch 98 time: 119.08674764633179 seconds
Epoch 98 accuracy: 1.0%
Batch 100, Loss: 3.8206
Batch 200, Loss: 3.8206
Batch 300, Loss: 3.8206
Epoch 99 learning rate: 0.05078536586559106
Epoch 99 time: 119.1359965801239 seconds
Epoch 99 accuracy: 1.0%
Batch 100, Loss: 3.8206
Batch 200, Loss: 3.8206
Batch 300, Loss: 3.8206
Epoch 100 learning rate: 0.050000000000000024
Epoch 100 time: 119.11662197113037 seconds
Epoch 100 accuracy: 1.0%
Batch 100, Loss: 3.8206
Batch 200, Loss: 3.8206
Batch 300, Loss: 3.8206
Epoch 101 learning rate: 0.049214634134409
Epoch 101 time: 119.22234010696411 seconds
Epoch 101 accuracy: 1.0%
Batch 100, Loss: 3.8206
Batch 200, Loss: 3.8206
Batch 300, Loss: 3.8206
Epoch 102 learning rate: 0.04842946204609361
Epoch 102 time: 119.23170685768127 seconds
Epoch 102 accuracy: 1.0%
Batch 100, Loss: 3.8206
Batch 200, Loss: 3.8206
Batch 300, Loss: 3.8206
Epoch 103 learning rate: 0.04764467746451789
Epoch 103 time: 119.19535517692566 seconds
Epoch 103 accuracy: 1.0%
Batch 100, Loss: 3.8206
Batch 200, Loss: 3.8206
Batch 300, Loss: 3.8206
Epoch 104 learning rate: 0.046860474023534354
Epoch 104 time: 119.2262716293335 seconds
Epoch 104 accuracy: 1.0%
Batch 100, Loss: 3.8206
Batch 200, Loss: 3.8206
Batch 300, Loss: 3.8206
Epoch 105 learning rate: 0.04607704521360778
Epoch 105 time: 119.20246767997742 seconds
Epoch 105 accuracy: 1.0%
Batch 100, Loss: 3.8206
Batch 200, Loss: 3.8206
Batch 300, Loss: 3.8206
Epoch 106 learning rate: 0.04529458433407431
Epoch 106 time: 119.16748595237732 seconds
Epoch 106 accuracy: 1.0%
Batch 100, Loss: 3.8206
Batch 200, Loss: 3.8206
Batch 300, Loss: 3.8206
Epoch 107 learning rate: 0.04451328444544776
Epoch 107 time: 119.2086296081543 seconds
Epoch 107 accuracy: 1.0%
Batch 100, Loss: 3.8206
Batch 200, Loss: 3.8206
Batch 300, Loss: 3.8206
Epoch 108 learning rate: 0.04373333832178482
Epoch 108 time: 119.19988465309143 seconds
Epoch 108 accuracy: 1.0%
Batch 100, Loss: 3.8206
Batch 200, Loss: 3.8206
Batch 300, Loss: 3.8206
Epoch 109 learning rate: 0.0429549384031209
Epoch 109 time: 119.19909596443176 seconds
Epoch 109 accuracy: 1.0%
Batch 100, Loss: 3.8206
Batch 200, Loss: 3.8206
Batch 300, Loss: 3.8206
Epoch 110 learning rate: 0.042178276747988484
Epoch 110 time: 119.14011859893799 seconds
Epoch 110 accuracy: 1.0%
Batch 100, Loss: 3.8206
Batch 200, Loss: 3.8206
Batch 300, Loss: 3.8206
Epoch 111 learning rate: 0.04140354498602954
Epoch 111 time: 119.31718230247498 seconds
Epoch 111 accuracy: 1.0%
Batch 100, Loss: 3.8206
Batch 200, Loss: 3.8206
Batch 300, Loss: 3.8206
Epoch 112 learning rate: 0.0406309342707138
Epoch 112 time: 119.30163216590881 seconds
Epoch 112 accuracy: 1.0%
Batch 100, Loss: 3.8206
Batch 200, Loss: 3.8206
Batch 300, Loss: 3.8206
Epoch 113 learning rate: 0.03986063523217441
Epoch 113 time: 119.28410863876343 seconds
Epoch 113 accuracy: 1.0%
Batch 100, Loss: 3.8206
Batch 200, Loss: 3.8206
Batch 300, Loss: 3.8206
Epoch 114 learning rate: 0.039092837930172916
Epoch 114 time: 119.28438758850098 seconds
Epoch 114 accuracy: 1.0%
Batch 100, Loss: 3.8206
Batch 200, Loss: 3.8206
Batch 300, Loss: 3.8206
Epoch 115 learning rate: 0.03832773180720475
Epoch 115 time: 119.29585266113281 seconds
Epoch 115 accuracy: 1.0%
Batch 100, Loss: 3.8206
Batch 200, Loss: 3.8206
Batch 300, Loss: 3.8206
Epoch 116 learning rate: 0.037565505641757285
Epoch 116 time: 119.25965714454651 seconds
Epoch 116 accuracy: 1.0%
Batch 100, Loss: 3.8206
Batch 200, Loss: 3.8206
Batch 300, Loss: 3.8206
Epoch 117 learning rate: 0.03680634750173138
Epoch 117 time: 119.26169562339783 seconds
Epoch 117 accuracy: 1.0%
Batch 100, Loss: 3.8206
Batch 200, Loss: 3.8206
Batch 300, Loss: 3.8206
Epoch 118 learning rate: 0.036050444698038565
Epoch 118 time: 119.35925149917603 seconds
Epoch 118 accuracy: 1.0%
slurmstepd: error: *** JOB 23220260 ON gra880 CANCELLED AT 2024-07-17T09:20:07 ***
