The following modules were not unloaded:
  (Use "module --force purge" to unload all):

  1) CCconfig        6)  ucx/1.14.1         11) flexiblas/3.3.1
  2) gentoo/2023     7)  libfabric/1.18.0   12) imkl/2023.2.0
  3) gcccore/.12.3   8)  pmix/4.2.4         13) StdEnv/2023
  4) gcc/12.3        9)  ucc/1.2.0
  5) hwloc/2.9.1     10) openmpi/4.1.5
/project/6070520/tkleinkn/Vanilla-GAM/main_cifar.py:165: UserWarning: You have chosen a specific GPU. This will completely disable data parallelism.
  warnings.warn('You have chosen a specific GPU. This will completely '
model name space ['resnet101_c', 'resnet152_c', 'resnet18_c', 'resnet34_c', 'resnet50_c']
Use GPU: 0 for training
=> creating model 'resnet18_c'
Files already downloaded and verified
Files already downloaded and verified
tensorboard dir ./results/CIFAR100/GAM
Batch 100, Loss: 3.7691
Epoch 1 learning rate: 0.09999383162408304
Epoch 1 time: 101.11194491386414 seconds
Epoch 1 accuracy: 9.64%
Batch 100, Loss: 3.3941
Epoch 2 learning rate: 0.09997532801828658
Epoch 2 time: 91.68409585952759 seconds
Epoch 2 accuracy: 14.0%
Batch 100, Loss: 3.1876
Epoch 3 learning rate: 0.09994449374809851
Epoch 3 time: 91.71303939819336 seconds
Epoch 3 accuracy: 20.64%
Batch 100, Loss: 2.9495
Epoch 4 learning rate: 0.09990133642141359
Epoch 4 time: 91.34036302566528 seconds
Epoch 4 accuracy: 22.63%
Batch 100, Loss: 2.7270
Epoch 5 learning rate: 0.09984586668665642
Epoch 5 time: 91.58938026428223 seconds
Epoch 5 accuracy: 31.99%
Batch 100, Loss: 2.5151
Epoch 6 learning rate: 0.09977809823015402
Epoch 6 time: 91.4410150051117 seconds
Epoch 6 accuracy: 36.58%
Batch 100, Loss: 2.3206
Epoch 7 learning rate: 0.09969804777275901
Epoch 7 time: 91.4777467250824 seconds
Epoch 7 accuracy: 41.95%
Batch 100, Loss: 2.1574
Epoch 8 learning rate: 0.09960573506572391
Epoch 8 time: 91.69672656059265 seconds
Epoch 8 accuracy: 46.08%
Batch 100, Loss: 2.0228
Epoch 9 learning rate: 0.09950118288582789
Epoch 9 time: 91.49865531921387 seconds
Epoch 9 accuracy: 47.93%
Batch 100, Loss: 1.8991
Epoch 10 learning rate: 0.09938441702975691
Epoch 10 time: 91.65557646751404 seconds
Epoch 10 accuracy: 50.77%
Batch 100, Loss: 1.8120
Epoch 11 learning rate: 0.09925546630773871
Epoch 11 time: 91.50972509384155 seconds
Epoch 11 accuracy: 52.02%
Batch 100, Loss: 1.7100
Epoch 12 learning rate: 0.09911436253643445
Epoch 12 time: 91.36013793945312 seconds
Epoch 12 accuracy: 55.92%
Batch 100, Loss: 1.6623
Epoch 13 learning rate: 0.0989611405310883
Epoch 13 time: 91.7052869796753 seconds
Epoch 13 accuracy: 56.96%
Batch 100, Loss: 1.5936
Epoch 14 learning rate: 0.09879583809693739
Epoch 14 time: 91.4617280960083 seconds
Epoch 14 accuracy: 56.83%
Batch 100, Loss: 1.5719
Epoch 15 learning rate: 0.09861849601988384
Epoch 15 time: 91.37952208518982 seconds
Epoch 15 accuracy: 56.39%
Batch 100, Loss: 1.5258
Epoch 16 learning rate: 0.09842915805643157
Epoch 16 time: 91.54748702049255 seconds
Epoch 16 accuracy: 59.53%
Batch 100, Loss: 1.4858
Epoch 17 learning rate: 0.09822787092288993
Epoch 17 time: 91.53624272346497 seconds
Epoch 17 accuracy: 59.78%
Batch 100, Loss: 1.4643
Epoch 18 learning rate: 0.09801468428384717
Epoch 18 time: 91.45084404945374 seconds
Epoch 18 accuracy: 58.95%
Batch 100, Loss: 1.4384
Epoch 19 learning rate: 0.09778965073991652
Epoch 19 time: 91.45973992347717 seconds
Epoch 19 accuracy: 61.95%
Batch 100, Loss: 1.4070
Epoch 20 learning rate: 0.0975528258147577
Epoch 20 time: 91.44467401504517 seconds
Epoch 20 accuracy: 60.91%
Batch 100, Loss: 1.3872
Epoch 21 learning rate: 0.09730426794137728
Epoch 21 time: 91.44413161277771 seconds
Epoch 21 accuracy: 61.17%
Batch 100, Loss: 1.3624
Epoch 22 learning rate: 0.09704403844771128
Epoch 22 time: 91.6044373512268 seconds
Epoch 22 accuracy: 61.4%
Batch 100, Loss: 1.3396
Epoch 23 learning rate: 0.09677220154149338
Epoch 23 time: 91.48661828041077 seconds
Epoch 23 accuracy: 62.64%
Batch 100, Loss: 1.3098
Epoch 24 learning rate: 0.09648882429441258
Epoch 24 time: 91.57667183876038 seconds
Epoch 24 accuracy: 62.94%
Batch 100, Loss: 1.3018
Epoch 25 learning rate: 0.09619397662556435
Epoch 25 time: 91.47812819480896 seconds
Epoch 25 accuracy: 62.14%
Batch 100, Loss: 1.2779
Epoch 26 learning rate: 0.09588773128419906
Epoch 26 time: 91.35966467857361 seconds
Epoch 26 accuracy: 65.04%
Batch 100, Loss: 1.2826
Epoch 27 learning rate: 0.09557016383177226
Epoch 27 time: 91.43738961219788 seconds
Epoch 27 accuracy: 63.89%
Batch 100, Loss: 1.2574
Epoch 28 learning rate: 0.09524135262330098
Epoch 28 time: 91.3839681148529 seconds
Epoch 28 accuracy: 63.41%
Batch 100, Loss: 1.2384
Epoch 29 learning rate: 0.09490137878803079
Epoch 29 time: 91.60723185539246 seconds
Epoch 29 accuracy: 63.16%
Batch 100, Loss: 1.2283
Epoch 30 learning rate: 0.0945503262094184
Epoch 30 time: 91.53807878494263 seconds
Epoch 30 accuracy: 64.54%
Batch 100, Loss: 1.2278
Epoch 31 learning rate: 0.0941882815044347
Epoch 31 time: 91.36345076560974 seconds
Epoch 31 accuracy: 65.71%
Batch 100, Loss: 1.2088
Epoch 32 learning rate: 0.09381533400219319
Epoch 32 time: 91.5471818447113 seconds
Epoch 32 accuracy: 64.39%
Batch 100, Loss: 1.1970
Epoch 33 learning rate: 0.09343157572190958
Epoch 33 time: 91.61765718460083 seconds
Epoch 33 accuracy: 65.32%
Batch 100, Loss: 1.1796
Epoch 34 learning rate: 0.0930371013501972
Epoch 34 time: 91.53608727455139 seconds
Epoch 34 accuracy: 63.66%
Batch 100, Loss: 1.1867
Epoch 35 learning rate: 0.09263200821770463
Epoch 35 time: 91.402672290802 seconds
Epoch 35 accuracy: 63.44%
Batch 100, Loss: 1.1612
Epoch 36 learning rate: 0.09221639627510078
Epoch 36 time: 91.41272139549255 seconds
Epoch 36 accuracy: 65.83%
Batch 100, Loss: 1.1538
Epoch 37 learning rate: 0.09179036806841355
Epoch 37 time: 91.39826035499573 seconds
Epoch 37 accuracy: 65.07%
Batch 100, Loss: 1.1376
Epoch 38 learning rate: 0.09135402871372812
Epoch 38 time: 91.57720255851746 seconds
Epoch 38 accuracy: 65.64%
Batch 100, Loss: 1.1476
Epoch 39 learning rate: 0.0909074858712512
Epoch 39 time: 91.36800479888916 seconds
Epoch 39 accuracy: 67.51%
Batch 100, Loss: 1.1284
Epoch 40 learning rate: 0.09045084971874741
Epoch 40 time: 91.37022948265076 seconds
Epoch 40 accuracy: 65.9%
Batch 100, Loss: 1.1172
Epoch 41 learning rate: 0.08998423292435458
Epoch 41 time: 91.44037890434265 seconds
Epoch 41 accuracy: 66.91%
Batch 100, Loss: 1.0975
Epoch 42 learning rate: 0.08950775061878455
Epoch 42 time: 91.39917325973511 seconds
Epoch 42 accuracy: 66.79%
Batch 100, Loss: 1.1051
Epoch 43 learning rate: 0.08902152036691653
Epoch 43 time: 91.34982681274414 seconds
Epoch 43 accuracy: 66.14%
Batch 100, Loss: 1.0792
Epoch 44 learning rate: 0.08852566213878951
Epoch 44 time: 91.37152338027954 seconds
Epoch 44 accuracy: 67.85%
Batch 100, Loss: 1.0912
Epoch 45 learning rate: 0.0880202982800016
Epoch 45 time: 91.61052465438843 seconds
Epoch 45 accuracy: 68.21%
Batch 100, Loss: 1.0924
Epoch 46 learning rate: 0.08750555348152303
Epoch 46 time: 91.56545805931091 seconds
Epoch 46 accuracy: 67.5%
Batch 100, Loss: 1.0790
Epoch 47 learning rate: 0.08698155474893052
Epoch 47 time: 91.32116627693176 seconds
Epoch 47 accuracy: 64.95%
Batch 100, Loss: 1.0627
Epoch 48 learning rate: 0.08644843137107061
Epoch 48 time: 91.37760782241821 seconds
Epoch 48 accuracy: 67.7%
Batch 100, Loss: 1.0500
Epoch 49 learning rate: 0.08590631488815947
Epoch 49 time: 91.65674066543579 seconds
Epoch 49 accuracy: 65.27%
Batch 100, Loss: 1.0574
Epoch 50 learning rate: 0.0853553390593274
Epoch 50 time: 91.37846899032593 seconds
Epoch 50 accuracy: 67.31%
Batch 100, Loss: 1.0532
Epoch 51 learning rate: 0.08479563982961574
Epoch 51 time: 91.634108543396 seconds
Epoch 51 accuracy: 68.44%
Batch 100, Loss: 1.0194
Epoch 52 learning rate: 0.08422735529643446
Epoch 52 time: 91.5714807510376 seconds
Epoch 52 accuracy: 68.07%
Batch 100, Loss: 1.0390
Epoch 53 learning rate: 0.08365062567548869
Epoch 53 time: 91.3887870311737 seconds
Epoch 53 accuracy: 67.65%
Batch 100, Loss: 1.0365
Epoch 54 learning rate: 0.08306559326618261
Epoch 54 time: 91.3786768913269 seconds
Epoch 54 accuracy: 67.28%
Batch 100, Loss: 1.0203
Epoch 55 learning rate: 0.0824724024165092
Epoch 55 time: 91.63812184333801 seconds
Epoch 55 accuracy: 68.97%
Batch 100, Loss: 1.0357
Epoch 56 learning rate: 0.0818711994874345
Epoch 56 time: 91.44337272644043 seconds
Epoch 56 accuracy: 69.23%
Batch 100, Loss: 1.0007
Epoch 57 learning rate: 0.08126213281678528
Epoch 57 time: 91.59548163414001 seconds
Epoch 57 accuracy: 68.1%
Batch 100, Loss: 0.9908
Epoch 58 learning rate: 0.08064535268264884
Epoch 58 time: 91.37759208679199 seconds
Epoch 58 accuracy: 66.98%
Batch 100, Loss: 0.9987
Epoch 59 learning rate: 0.08002101126629421
Epoch 59 time: 91.39682626724243 seconds
Epoch 59 accuracy: 67.65%
Batch 100, Loss: 0.9824
Epoch 60 learning rate: 0.07938926261462367
Epoch 60 time: 91.61598587036133 seconds
Epoch 60 accuracy: 70.32%
Batch 100, Loss: 0.9730
Epoch 61 learning rate: 0.07875026260216395
Epoch 61 time: 91.2814826965332 seconds
Epoch 61 accuracy: 69.39%
Batch 100, Loss: 0.9689
Epoch 62 learning rate: 0.07810416889260656
Epoch 62 time: 91.52397966384888 seconds
Epoch 62 accuracy: 69.44%
Batch 100, Loss: 0.9661
Epoch 63 learning rate: 0.07745114089990661
Epoch 63 time: 91.4215133190155 seconds
Epoch 63 accuracy: 69.42%
Batch 100, Loss: 0.9684
Epoch 64 learning rate: 0.07679133974894985
Epoch 64 time: 91.5264368057251 seconds
Epoch 64 accuracy: 69.77%
Batch 100, Loss: 0.9550
Epoch 65 learning rate: 0.07612492823579746
Epoch 65 time: 91.44920873641968 seconds
Epoch 65 accuracy: 70.8%
Batch 100, Loss: 0.9594
Epoch 66 learning rate: 0.07545207078751859
Epoch 66 time: 91.58456087112427 seconds
Epoch 66 accuracy: 69.0%
Batch 100, Loss: 0.9340
Epoch 67 learning rate: 0.0747729334216204
Epoch 67 time: 91.37976741790771 seconds
Epoch 67 accuracy: 70.44%
Batch 100, Loss: 0.9459
Epoch 68 learning rate: 0.07408768370508578
Epoch 68 time: 91.71569108963013 seconds
Epoch 68 accuracy: 69.72%
Batch 100, Loss: 0.9165
Epoch 69 learning rate: 0.0733964907130287
Epoch 69 time: 91.64995288848877 seconds
Epoch 69 accuracy: 70.01%
Batch 100, Loss: 0.9266
Epoch 70 learning rate: 0.07269952498697736
Epoch 70 time: 91.46847009658813 seconds
Epoch 70 accuracy: 69.43%
Batch 100, Loss: 0.9074
Epoch 71 learning rate: 0.07199695849279578
Epoch 71 time: 91.5954065322876 seconds
Epoch 71 accuracy: 70.0%
Batch 100, Loss: 0.9124
Epoch 72 learning rate: 0.07128896457825366
Epoch 72 time: 91.55692553520203 seconds
Epoch 72 accuracy: 70.38%
Batch 100, Loss: 0.9005
Epoch 73 learning rate: 0.07057571793025548
Epoch 73 time: 91.6958634853363 seconds
Epoch 73 accuracy: 69.96%
Batch 100, Loss: 0.8853
Epoch 74 learning rate: 0.06985739453173906
Epoch 74 time: 91.37952542304993 seconds
Epoch 74 accuracy: 70.98%
Batch 100, Loss: 0.8863
Epoch 75 learning rate: 0.06913417161825453
Epoch 75 time: 91.59956741333008 seconds
Epoch 75 accuracy: 71.28%
Batch 100, Loss: 0.8771
Epoch 76 learning rate: 0.06840622763423394
Epoch 76 time: 91.4101333618164 seconds
Epoch 76 accuracy: 71.06%
Batch 100, Loss: 0.8734
Epoch 77 learning rate: 0.0676737421889629
Epoch 77 time: 91.6447606086731 seconds
Epoch 77 accuracy: 70.84%
Batch 100, Loss: 0.8615
Epoch 78 learning rate: 0.06693689601226462
Epoch 78 time: 91.35833406448364 seconds
Epoch 78 accuracy: 70.2%
Batch 100, Loss: 0.8708
Epoch 79 learning rate: 0.06619587090990751
Epoch 79 time: 91.44840002059937 seconds
Epoch 79 accuracy: 71.61%
Batch 100, Loss: 0.8574
Epoch 80 learning rate: 0.06545084971874741
Epoch 80 time: 91.43787598609924 seconds
Epoch 80 accuracy: 71.42%
Batch 100, Loss: 0.8378
Epoch 81 learning rate: 0.06470201626161524
Epoch 81 time: 91.51937317848206 seconds
Epoch 81 accuracy: 71.15%
Batch 100, Loss: 0.8551
Epoch 82 learning rate: 0.06394955530196152
Epoch 82 time: 91.36034488677979 seconds
Epoch 82 accuracy: 72.11%
Batch 100, Loss: 0.8368
Epoch 83 learning rate: 0.06319365249826868
Epoch 83 time: 91.5011420249939 seconds
Epoch 83 accuracy: 72.02%
Batch 100, Loss: 0.8300
Epoch 84 learning rate: 0.06243449435824277
Epoch 84 time: 91.65979385375977 seconds
Epoch 84 accuracy: 71.55%
Batch 100, Loss: 0.8350
Epoch 85 learning rate: 0.06167226819279532
Epoch 85 time: 91.56661295890808 seconds
Epoch 85 accuracy: 71.88%
Batch 100, Loss: 0.8053
Epoch 86 learning rate: 0.06090716206982718
Epoch 86 time: 91.50188708305359 seconds
Epoch 86 accuracy: 72.52%
Batch 100, Loss: 0.8014
Epoch 87 learning rate: 0.06013936476782568
Epoch 87 time: 91.4219422340393 seconds
Epoch 87 accuracy: 71.76%
Batch 100, Loss: 0.8090
Epoch 88 learning rate: 0.05936906572928629
Epoch 88 time: 91.63152194023132 seconds
Epoch 88 accuracy: 71.47%
Batch 100, Loss: 0.8039
Epoch 89 learning rate: 0.05859645501397052
Epoch 89 time: 91.33647918701172 seconds
Epoch 89 accuracy: 72.66%
Batch 100, Loss: 0.7831
Epoch 90 learning rate: 0.05782172325201159
Epoch 90 time: 91.40055727958679 seconds
Epoch 90 accuracy: 72.1%
Batch 100, Loss: 0.7743
Epoch 91 learning rate: 0.057045061596879186
Epoch 91 time: 91.41723322868347 seconds
Epoch 91 accuracy: 72.19%
Batch 100, Loss: 0.7686
Epoch 92 learning rate: 0.056266661678215264
Epoch 92 time: 91.43109273910522 seconds
Epoch 92 accuracy: 72.06%
Batch 100, Loss: 0.7769
Epoch 93 learning rate: 0.055486715554552306
Epoch 93 time: 91.44007182121277 seconds
Epoch 93 accuracy: 72.29%
Batch 100, Loss: 0.7667
Epoch 94 learning rate: 0.05470541566592575
Epoch 94 time: 91.37691450119019 seconds
Epoch 94 accuracy: 72.16%
Batch 100, Loss: 0.7543
Epoch 95 learning rate: 0.05392295478639229
Epoch 95 time: 91.35987281799316 seconds
Epoch 95 accuracy: 71.28%
Batch 100, Loss: 0.7487
Epoch 96 learning rate: 0.05313952597646571
Epoch 96 time: 91.34447121620178 seconds
Epoch 96 accuracy: 72.53%
Batch 100, Loss: 0.7347
Epoch 97 learning rate: 0.05235532253548216
Epoch 97 time: 91.54876518249512 seconds
Epoch 97 accuracy: 72.04%
Batch 100, Loss: 0.7205
Epoch 98 learning rate: 0.051570537953906447
Epoch 98 time: 91.29162502288818 seconds
Epoch 98 accuracy: 72.89%
Batch 100, Loss: 0.7345
Epoch 99 learning rate: 0.05078536586559106
Epoch 99 time: 91.49521160125732 seconds
Epoch 99 accuracy: 73.4%
Batch 100, Loss: 0.7209
Epoch 100 learning rate: 0.050000000000000024
Epoch 100 time: 91.34710621833801 seconds
Epoch 100 accuracy: 72.35%
Batch 100, Loss: 0.7095
Epoch 101 learning rate: 0.049214634134409
Epoch 101 time: 91.29074168205261 seconds
Epoch 101 accuracy: 73.52%
Batch 100, Loss: 0.6993
Epoch 102 learning rate: 0.04842946204609361
Epoch 102 time: 91.44234204292297 seconds
Epoch 102 accuracy: 74.12%
Batch 100, Loss: 0.6988
Epoch 103 learning rate: 0.04764467746451789
Epoch 103 time: 91.60092735290527 seconds
Epoch 103 accuracy: 73.75%
Batch 100, Loss: 0.6736
Epoch 104 learning rate: 0.046860474023534354
Epoch 104 time: 91.44426703453064 seconds
Epoch 104 accuracy: 73.38%
Batch 100, Loss: 0.6791
Epoch 105 learning rate: 0.04607704521360778
Epoch 105 time: 91.55511021614075 seconds
Epoch 105 accuracy: 74.2%
Batch 100, Loss: 0.6758
Epoch 106 learning rate: 0.04529458433407431
Epoch 106 time: 91.53405451774597 seconds
Epoch 106 accuracy: 74.52%
Batch 100, Loss: 0.6633
Epoch 107 learning rate: 0.04451328444544776
Epoch 107 time: 91.61857867240906 seconds
Epoch 107 accuracy: 74.32%
Batch 100, Loss: 0.6502
Epoch 108 learning rate: 0.04373333832178482
Epoch 108 time: 91.43042349815369 seconds
Epoch 108 accuracy: 74.15%
Batch 100, Loss: 0.6444
Epoch 109 learning rate: 0.0429549384031209
Epoch 109 time: 91.28181719779968 seconds
Epoch 109 accuracy: 74.22%
Batch 100, Loss: 0.6457
Epoch 110 learning rate: 0.042178276747988484
Epoch 110 time: 91.60844779014587 seconds
Epoch 110 accuracy: 74.62%
Batch 100, Loss: 0.6331
Epoch 111 learning rate: 0.04140354498602954
Epoch 111 time: 91.3818736076355 seconds
Epoch 111 accuracy: 73.59%
Batch 100, Loss: 0.6254
Epoch 112 learning rate: 0.0406309342707138
Epoch 112 time: 91.55013656616211 seconds
Epoch 112 accuracy: 74.62%
Batch 100, Loss: 0.6285
Epoch 113 learning rate: 0.03986063523217441
Epoch 113 time: 91.38025975227356 seconds
Epoch 113 accuracy: 74.15%
Batch 100, Loss: 0.6130
Epoch 114 learning rate: 0.039092837930172916
Epoch 114 time: 91.41915678977966 seconds
Epoch 114 accuracy: 75.34%
Batch 100, Loss: 0.6001
Epoch 115 learning rate: 0.03832773180720475
Epoch 115 time: 91.34498071670532 seconds
Epoch 115 accuracy: 74.64%
Batch 100, Loss: 0.5884
Epoch 116 learning rate: 0.037565505641757285
Epoch 116 time: 91.39910125732422 seconds
Epoch 116 accuracy: 74.29%
Batch 100, Loss: 0.5935
Epoch 117 learning rate: 0.03680634750173138
Epoch 117 time: 91.23487949371338 seconds
Epoch 117 accuracy: 75.21%
Batch 100, Loss: 0.5808
Epoch 118 learning rate: 0.036050444698038565
Epoch 118 time: 91.54777979850769 seconds
Epoch 118 accuracy: 75.31%
Batch 100, Loss: 0.5702
Epoch 119 learning rate: 0.03529798373838483
Epoch 119 time: 91.31660008430481 seconds
Epoch 119 accuracy: 74.52%
Batch 100, Loss: 0.5658
Epoch 120 learning rate: 0.03454915028125267
Epoch 120 time: 91.45124173164368 seconds
Epoch 120 accuracy: 75.05%
Batch 100, Loss: 0.5558
Epoch 121 learning rate: 0.03380412909009255
Epoch 121 time: 91.61786079406738 seconds
Epoch 121 accuracy: 75.55%
Batch 100, Loss: 0.5475
Epoch 122 learning rate: 0.03306310398773545
Epoch 122 time: 91.60781669616699 seconds
Epoch 122 accuracy: 74.97%
Batch 100, Loss: 0.5425
Epoch 123 learning rate: 0.03232625781103717
Epoch 123 time: 91.58324480056763 seconds
Epoch 123 accuracy: 74.73%
Batch 100, Loss: 0.5335
Epoch 124 learning rate: 0.03159377236576613
Epoch 124 time: 91.54285407066345 seconds
Epoch 124 accuracy: 75.58%
Batch 100, Loss: 0.5257
Epoch 125 learning rate: 0.030865828381745543
Epoch 125 time: 91.69396662712097 seconds
Epoch 125 accuracy: 76.13%
Batch 100, Loss: 0.5201
Epoch 126 learning rate: 0.03014260546826098
Epoch 126 time: 91.62466812133789 seconds
Epoch 126 accuracy: 75.74%
Batch 100, Loss: 0.5212
Epoch 127 learning rate: 0.02942428206974458
Epoch 127 time: 91.53248763084412 seconds
Epoch 127 accuracy: 75.7%
Batch 100, Loss: 0.5034
Epoch 128 learning rate: 0.028711035421746387
Epoch 128 time: 91.49495100975037 seconds
Epoch 128 accuracy: 76.63%
Batch 100, Loss: 0.4998
Epoch 129 learning rate: 0.02800304150720426
Epoch 129 time: 91.30641865730286 seconds
Epoch 129 accuracy: 75.97%
Batch 100, Loss: 0.4883
Epoch 130 learning rate: 0.02730047501302268
Epoch 130 time: 91.43242573738098 seconds
Epoch 130 accuracy: 75.94%
Batch 100, Loss: 0.4764
Epoch 131 learning rate: 0.026603509286971357
Epoch 131 time: 91.42647051811218 seconds
Epoch 131 accuracy: 76.61%
Batch 100, Loss: 0.4780
Epoch 132 learning rate: 0.025912316294914244
Epoch 132 time: 91.56878328323364 seconds
Epoch 132 accuracy: 76.85%
Batch 100, Loss: 0.4692
Epoch 133 learning rate: 0.025227066578379632
Epoch 133 time: 91.5113480091095 seconds
Epoch 133 accuracy: 76.94%
Batch 100, Loss: 0.4547
Epoch 134 learning rate: 0.024547929212481445
Epoch 134 time: 91.57482576370239 seconds
Epoch 134 accuracy: 76.87%
Batch 100, Loss: 0.4351
Epoch 135 learning rate: 0.02387507176420257
Epoch 135 time: 91.4440245628357 seconds
Epoch 135 accuracy: 76.88%
Batch 100, Loss: 0.4398
Epoch 136 learning rate: 0.023208660251050166
Epoch 136 time: 91.36492896080017 seconds
Epoch 136 accuracy: 77.35%
Batch 100, Loss: 0.4363
Epoch 137 learning rate: 0.022548859100093414
Epoch 137 time: 91.64074182510376 seconds
Epoch 137 accuracy: 77.03%
Batch 100, Loss: 0.4356
Epoch 138 learning rate: 0.021895831107393474
Epoch 138 time: 91.49885654449463 seconds
Epoch 138 accuracy: 77.12%
Batch 100, Loss: 0.4271
Epoch 139 learning rate: 0.02124973739783608
Epoch 139 time: 91.40901613235474 seconds
Epoch 139 accuracy: 77.33%
Batch 100, Loss: 0.4145
Epoch 140 learning rate: 0.02061073738537636
Epoch 140 time: 91.32552814483643 seconds
Epoch 140 accuracy: 77.34%
Batch 100, Loss: 0.4018
Epoch 141 learning rate: 0.019978988733705814
Epoch 141 time: 91.58397388458252 seconds
Epoch 141 accuracy: 77.34%
Batch 100, Loss: 0.4024
Epoch 142 learning rate: 0.01935464731735118
Epoch 142 time: 91.39806604385376 seconds
Epoch 142 accuracy: 78.03%
Batch 100, Loss: 0.3977
Epoch 143 learning rate: 0.018737867183214747
Epoch 143 time: 91.42322444915771 seconds
Epoch 143 accuracy: 77.63%
Batch 100, Loss: 0.3888
Epoch 144 learning rate: 0.01812880051256552
Epoch 144 time: 91.45929670333862 seconds
Epoch 144 accuracy: 77.65%
Batch 100, Loss: 0.3863
Epoch 145 learning rate: 0.017527597583490827
Epoch 145 time: 91.31706595420837 seconds
Epoch 145 accuracy: 78.04%
Batch 100, Loss: 0.3700
Epoch 146 learning rate: 0.01693440673381742
Epoch 146 time: 91.35882639884949 seconds
Epoch 146 accuracy: 78.4%
Batch 100, Loss: 0.3624
Epoch 147 learning rate: 0.016349374324511334
Epoch 147 time: 91.64569091796875 seconds
Epoch 147 accuracy: 78.22%
Batch 100, Loss: 0.3730
Epoch 148 learning rate: 0.01577264470356557
Epoch 148 time: 91.30467653274536 seconds
Epoch 148 accuracy: 78.77%
Batch 100, Loss: 0.3608
Epoch 149 learning rate: 0.01520436017038429
Epoch 149 time: 91.36107397079468 seconds
Epoch 149 accuracy: 78.11%
Batch 100, Loss: 0.3575
Epoch 150 learning rate: 0.014644660940672632
Epoch 150 time: 91.60618042945862 seconds
Epoch 150 accuracy: 78.77%
Batch 100, Loss: 0.3532
Epoch 151 learning rate: 0.01409368511184057
Epoch 151 time: 91.5427815914154 seconds
Epoch 151 accuracy: 79.1%
Batch 100, Loss: 0.3440
Epoch 152 learning rate: 0.013551568628929438
Epoch 152 time: 91.34030175209045 seconds
Epoch 152 accuracy: 78.61%
Batch 100, Loss: 0.3377
Epoch 153 learning rate: 0.013018445251069516
Epoch 153 time: 91.32734847068787 seconds
Epoch 153 accuracy: 78.73%
Batch 100, Loss: 0.3335
Epoch 154 learning rate: 0.012494446518477026
Epoch 154 time: 91.33022356033325 seconds
Epoch 154 accuracy: 78.97%
Batch 100, Loss: 0.3322
Epoch 155 learning rate: 0.011979701719998459
Epoch 155 time: 91.3726966381073 seconds
Epoch 155 accuracy: 79.31%
Batch 100, Loss: 0.3217
Epoch 156 learning rate: 0.011474337861210548
Epoch 156 time: 91.28429174423218 seconds
Epoch 156 accuracy: 79.43%
Batch 100, Loss: 0.3207
Epoch 157 learning rate: 0.010978479633083526
Epoch 157 time: 91.41161727905273 seconds
Epoch 157 accuracy: 79.24%
Batch 100, Loss: 0.3067
Epoch 158 learning rate: 0.010492249381215483
Epoch 158 time: 91.6038465499878 seconds
Epoch 158 accuracy: 79.64%
Batch 100, Loss: 0.3072
Epoch 159 learning rate: 0.010015767075645474
Epoch 159 time: 91.41675567626953 seconds
Epoch 159 accuracy: 79.28%
Batch 100, Loss: 0.3026
Epoch 160 learning rate: 0.009549150281252637
Epoch 160 time: 91.54383397102356 seconds
Epoch 160 accuracy: 79.72%
Batch 100, Loss: 0.2955
Epoch 161 learning rate: 0.00909251412874884
Epoch 161 time: 91.51385402679443 seconds
Epoch 161 accuracy: 79.74%
Batch 100, Loss: 0.2897
Epoch 162 learning rate: 0.008645971286271918
Epoch 162 time: 91.43414282798767 seconds
Epoch 162 accuracy: 79.58%
Batch 100, Loss: 0.2888
Epoch 163 learning rate: 0.008209631931586501
Epoch 163 time: 91.56610703468323 seconds
Epoch 163 accuracy: 79.58%
Batch 100, Loss: 0.2844
Epoch 164 learning rate: 0.0077836037248992605
Epoch 164 time: 91.61191773414612 seconds
Epoch 164 accuracy: 79.73%
Batch 100, Loss: 0.2772
Epoch 165 learning rate: 0.0073679917822954055
Epoch 165 time: 91.3247857093811 seconds
Epoch 165 accuracy: 80.01%
Batch 100, Loss: 0.2819
Epoch 166 learning rate: 0.006962898649802815
Epoch 166 time: 91.53640937805176 seconds
Epoch 166 accuracy: 79.51%
Batch 100, Loss: 0.2733
Epoch 167 learning rate: 0.006568424278090438
Epoch 167 time: 91.33750104904175 seconds
Epoch 167 accuracy: 79.78%
Batch 100, Loss: 0.2717
Epoch 168 learning rate: 0.006184665997806824
Epoch 168 time: 91.41616415977478 seconds
Epoch 168 accuracy: 79.81%
Batch 100, Loss: 0.2630
Epoch 169 learning rate: 0.00581171849556533
Epoch 169 time: 91.50827407836914 seconds
Epoch 169 accuracy: 80.19%
Batch 100, Loss: 0.2612
Epoch 170 learning rate: 0.0054496737905816136
Epoch 170 time: 91.58536171913147 seconds
Epoch 170 accuracy: 80.24%
Batch 100, Loss: 0.2580
Epoch 171 learning rate: 0.005098621211969226
Epoch 171 time: 91.40154457092285 seconds
Epoch 171 accuracy: 80.41%
Batch 100, Loss: 0.2614
Epoch 172 learning rate: 0.004758647376699035
Epoch 172 time: 91.557461977005 seconds
Epoch 172 accuracy: 80.34%
Batch 100, Loss: 0.2547
Epoch 173 learning rate: 0.00442983616822775
Epoch 173 time: 91.49748754501343 seconds
Epoch 173 accuracy: 80.31%
Batch 100, Loss: 0.2530
Epoch 174 learning rate: 0.004112268715800957
Epoch 174 time: 91.6095917224884 seconds
Epoch 174 accuracy: 80.48%
Batch 100, Loss: 0.2499
Epoch 175 learning rate: 0.003806023374435677
Epoch 175 time: 91.41043186187744 seconds
Epoch 175 accuracy: 80.59%
Batch 100, Loss: 0.2428
Epoch 176 learning rate: 0.003511175705587435
Epoch 176 time: 91.4139814376831 seconds
Epoch 176 accuracy: 80.25%
Batch 100, Loss: 0.2423
Epoch 177 learning rate: 0.0032277984585066333
Epoch 177 time: 91.31851768493652 seconds
Epoch 177 accuracy: 80.94%
Batch 100, Loss: 0.2443
Epoch 178 learning rate: 0.002955961552288729
Epoch 178 time: 91.44143056869507 seconds
Epoch 178 accuracy: 80.68%
Batch 100, Loss: 0.2442
Epoch 179 learning rate: 0.0026957320586227366
Epoch 179 time: 91.39100408554077 seconds
Epoch 179 accuracy: 80.6%
Batch 100, Loss: 0.2344
Epoch 180 learning rate: 0.002447174185242325
Epoch 180 time: 91.41087341308594 seconds
Epoch 180 accuracy: 80.92%
Batch 100, Loss: 0.2357
Epoch 181 learning rate: 0.0022103492600834954
Epoch 181 time: 91.60300374031067 seconds
Epoch 181 accuracy: 80.6%
Batch 100, Loss: 0.2370
Epoch 182 learning rate: 0.0019853157161528537
Epoch 182 time: 91.53982949256897 seconds
Epoch 182 accuracy: 80.61%
Batch 100, Loss: 0.2283
Epoch 183 learning rate: 0.001772129077110103
Epoch 183 time: 91.44687414169312 seconds
Epoch 183 accuracy: 80.96%
Batch 100, Loss: 0.2312
Epoch 184 learning rate: 0.0015708419435684529
Epoch 184 time: 91.40661406517029 seconds
Epoch 184 accuracy: 80.81%
Batch 100, Loss: 0.2308
Epoch 185 learning rate: 0.0013815039801161732
Epoch 185 time: 91.53546404838562 seconds
Epoch 185 accuracy: 80.69%
Batch 100, Loss: 0.2331
Epoch 186 learning rate: 0.0012041619030626347
Epoch 186 time: 91.35176181793213 seconds
Epoch 186 accuracy: 80.57%
Batch 100, Loss: 0.2244
Epoch 187 learning rate: 0.0010388594689117077
Epoch 187 time: 91.58792924880981 seconds
Epoch 187 accuracy: 80.79%
Batch 100, Loss: 0.2202
Epoch 188 learning rate: 0.0008856374635655645
Epoch 188 time: 91.29002594947815 seconds
Epoch 188 accuracy: 80.75%
Batch 100, Loss: 0.2267
Epoch 189 learning rate: 0.000744533692261307
Epoch 189 time: 91.41994333267212 seconds
Epoch 189 accuracy: 80.83%
Batch 100, Loss: 0.2203
Epoch 190 learning rate: 0.0006155829702431174
Epoch 190 time: 91.47068810462952 seconds
Epoch 190 accuracy: 81.0%
Batch 100, Loss: 0.2217
Epoch 191 learning rate: 0.0004988171141721235
Epoch 191 time: 91.45178771018982 seconds
Epoch 191 accuracy: 80.97%
Batch 100, Loss: 0.2252
Epoch 192 learning rate: 0.00039426493427611206
Epoch 192 time: 91.61546683311462 seconds
Epoch 192 accuracy: 81.04%
Batch 100, Loss: 0.2185
Epoch 193 learning rate: 0.00030195222724102046
Epoch 193 time: 91.33517241477966 seconds
Epoch 193 accuracy: 81.2%
Batch 100, Loss: 0.2194
Epoch 194 learning rate: 0.00022190176984600036
Epoch 194 time: 91.59313178062439 seconds
Epoch 194 accuracy: 81.02%
Batch 100, Loss: 0.2136
Epoch 195 learning rate: 0.00015413331334360192
Epoch 195 time: 91.6601300239563 seconds
Epoch 195 accuracy: 81.04%
Batch 100, Loss: 0.2141
Epoch 196 learning rate: 9.866357858642213e-05
Epoch 196 time: 91.30540251731873 seconds
Epoch 196 accuracy: 81.1%
Batch 100, Loss: 0.2159
Epoch 197 learning rate: 5.5506251901504864e-05
Epoch 197 time: 91.34711265563965 seconds
Epoch 197 accuracy: 81.0%
Batch 100, Loss: 0.2174
Epoch 198 learning rate: 2.4671981713420017e-05
Epoch 198 time: 91.5355863571167 seconds
Epoch 198 accuracy: 81.21%
Batch 100, Loss: 0.2236
Epoch 199 learning rate: 6.168375916970619e-06
Epoch 199 time: 91.4535231590271 seconds
Epoch 199 accuracy: 81.12%
Batch 100, Loss: 0.2191
Epoch 200 learning rate: 0.0
Epoch 200 time: 91.69732332229614 seconds
Epoch 200 accuracy: 80.92%
Total training time: 18304.91535282135 seconds
