The following modules were not unloaded:
  (Use "module --force purge" to unload all):

  1) CCconfig        6)  ucx/1.14.1         11) flexiblas/3.3.1
  2) gentoo/2023     7)  libfabric/1.18.0   12) imkl/2023.2.0
  3) gcccore/.12.3   8)  pmix/4.2.4         13) StdEnv/2023
  4) gcc/12.3        9)  ucc/1.2.0
  5) hwloc/2.9.1     10) openmpi/4.1.5
/project/6070520/tkleinkn/Vanilla-GAM/main_cifar.py:165: UserWarning: You have chosen a specific GPU. This will completely disable data parallelism.
  warnings.warn('You have chosen a specific GPU. This will completely '
model name space ['resnet101_c', 'resnet152_c', 'resnet18_c', 'resnet34_c', 'resnet50_c']
Use GPU: 0 for training
=> creating model 'resnet18_c'
Files already downloaded and verified
Files already downloaded and verified
tensorboard dir ./results/CIFAR10/GAM
Batch 100, Loss: 2.1872
Epoch 1 learning rate: 0.09999383162408304
Epoch 1 time: 100.68876051902771 seconds
Epoch 1 accuracy: 20.22%
Batch 100, Loss: 1.6772
Epoch 2 learning rate: 0.09997532801828658
Epoch 2 time: 91.35282039642334 seconds
Epoch 2 accuracy: 24.46%
Batch 100, Loss: 1.5955
Epoch 3 learning rate: 0.09994449374809851
Epoch 3 time: 91.39800786972046 seconds
Epoch 3 accuracy: 31.29%
Batch 100, Loss: 1.5242
Epoch 4 learning rate: 0.09990133642141359
Epoch 4 time: 91.36430311203003 seconds
Epoch 4 accuracy: 36.73%
Batch 100, Loss: 1.4585
Epoch 5 learning rate: 0.09984586668665642
Epoch 5 time: 91.39755606651306 seconds
Epoch 5 accuracy: 41.36%
Batch 100, Loss: 1.3994
Epoch 6 learning rate: 0.09977809823015402
Epoch 6 time: 91.33903384208679 seconds
Epoch 6 accuracy: 44.48%
Batch 100, Loss: 1.3292
Epoch 7 learning rate: 0.09969804777275901
Epoch 7 time: 91.32277727127075 seconds
Epoch 7 accuracy: 47.51%
Batch 100, Loss: 1.2467
Epoch 8 learning rate: 0.09960573506572391
Epoch 8 time: 91.37615084648132 seconds
Epoch 8 accuracy: 53.9%
Batch 100, Loss: 1.1778
Epoch 9 learning rate: 0.09950118288582789
Epoch 9 time: 91.40277600288391 seconds
Epoch 9 accuracy: 56.69%
Batch 100, Loss: 1.1079
Epoch 10 learning rate: 0.09938441702975691
Epoch 10 time: 91.28853917121887 seconds
Epoch 10 accuracy: 63.1%
Batch 100, Loss: 1.0417
Epoch 11 learning rate: 0.09925546630773871
Epoch 11 time: 91.36432385444641 seconds
Epoch 11 accuracy: 64.01%
Batch 100, Loss: 1.0015
Epoch 12 learning rate: 0.09911436253643445
Epoch 12 time: 91.36123156547546 seconds
Epoch 12 accuracy: 66.86%
Batch 100, Loss: 0.9282
Epoch 13 learning rate: 0.0989611405310883
Epoch 13 time: 91.38023066520691 seconds
Epoch 13 accuracy: 70.06%
Batch 100, Loss: 0.8737
Epoch 14 learning rate: 0.09879583809693739
Epoch 14 time: 91.39187097549438 seconds
Epoch 14 accuracy: 68.55%
Batch 100, Loss: 0.8249
Epoch 15 learning rate: 0.09861849601988384
Epoch 15 time: 91.3279640674591 seconds
Epoch 15 accuracy: 72.18%
Batch 100, Loss: 0.7753
Epoch 16 learning rate: 0.09842915805643157
Epoch 16 time: 91.36461400985718 seconds
Epoch 16 accuracy: 76.4%
Batch 100, Loss: 0.7423
Epoch 17 learning rate: 0.09822787092288993
Epoch 17 time: 91.29456520080566 seconds
Epoch 17 accuracy: 77.31%
Batch 100, Loss: 0.6978
Epoch 18 learning rate: 0.09801468428384717
Epoch 18 time: 91.35004377365112 seconds
Epoch 18 accuracy: 77.29%
Batch 100, Loss: 0.6750
Epoch 19 learning rate: 0.09778965073991652
Epoch 19 time: 91.35615801811218 seconds
Epoch 19 accuracy: 75.67%
Batch 100, Loss: 0.6505
Epoch 20 learning rate: 0.0975528258147577
Epoch 20 time: 91.28394818305969 seconds
Epoch 20 accuracy: 78.57%
Batch 100, Loss: 0.6356
Epoch 21 learning rate: 0.09730426794137728
Epoch 21 time: 91.31619024276733 seconds
Epoch 21 accuracy: 79.83%
Batch 100, Loss: 0.6145
Epoch 22 learning rate: 0.09704403844771128
Epoch 22 time: 91.33768916130066 seconds
Epoch 22 accuracy: 82.95%
Batch 100, Loss: 0.5884
Epoch 23 learning rate: 0.09677220154149338
Epoch 23 time: 91.36897611618042 seconds
Epoch 23 accuracy: 82.72%
Batch 100, Loss: 0.5806
Epoch 24 learning rate: 0.09648882429441258
Epoch 24 time: 91.31345534324646 seconds
Epoch 24 accuracy: 83.39%
Batch 100, Loss: 0.5738
Epoch 25 learning rate: 0.09619397662556435
Epoch 25 time: 91.28108763694763 seconds
Epoch 25 accuracy: 83.73%
Batch 100, Loss: 0.5522
Epoch 26 learning rate: 0.09588773128419906
Epoch 26 time: 91.32942295074463 seconds
Epoch 26 accuracy: 84.84%
Batch 100, Loss: 0.5439
Epoch 27 learning rate: 0.09557016383177226
Epoch 27 time: 91.32068371772766 seconds
Epoch 27 accuracy: 81.26%
Batch 100, Loss: 0.5369
Epoch 28 learning rate: 0.09524135262330098
Epoch 28 time: 91.3045265674591 seconds
Epoch 28 accuracy: 85.87%
Batch 100, Loss: 0.5207
Epoch 29 learning rate: 0.09490137878803079
Epoch 29 time: 91.3428647518158 seconds
Epoch 29 accuracy: 86.0%
Batch 100, Loss: 0.5123
Epoch 30 learning rate: 0.0945503262094184
Epoch 30 time: 91.31387734413147 seconds
Epoch 30 accuracy: 85.97%
Batch 100, Loss: 0.5028
Epoch 31 learning rate: 0.0941882815044347
Epoch 31 time: 91.27307915687561 seconds
Epoch 31 accuracy: 85.5%
Batch 100, Loss: 0.4963
Epoch 32 learning rate: 0.09381533400219319
Epoch 32 time: 91.34045934677124 seconds
Epoch 32 accuracy: 87.41%
Batch 100, Loss: 0.4969
Epoch 33 learning rate: 0.09343157572190958
Epoch 33 time: 91.26826620101929 seconds
Epoch 33 accuracy: 86.97%
Batch 100, Loss: 0.4938
Epoch 34 learning rate: 0.0930371013501972
Epoch 34 time: 91.257985830307 seconds
Epoch 34 accuracy: 84.73%
Batch 100, Loss: 0.4790
Epoch 35 learning rate: 0.09263200821770463
Epoch 35 time: 91.27282428741455 seconds
Epoch 35 accuracy: 87.98%
Batch 100, Loss: 0.4718
Epoch 36 learning rate: 0.09221639627510078
Epoch 36 time: 91.25974869728088 seconds
Epoch 36 accuracy: 87.55%
Batch 100, Loss: 0.4820
Epoch 37 learning rate: 0.09179036806841355
Epoch 37 time: 91.31723475456238 seconds
Epoch 37 accuracy: 88.45%
Batch 100, Loss: 0.4660
Epoch 38 learning rate: 0.09135402871372812
Epoch 38 time: 91.33881711959839 seconds
Epoch 38 accuracy: 88.53%
Batch 100, Loss: 0.4697
Epoch 39 learning rate: 0.0909074858712512
Epoch 39 time: 91.31994938850403 seconds
Epoch 39 accuracy: 87.27%
Batch 100, Loss: 0.4638
Epoch 40 learning rate: 0.09045084971874741
Epoch 40 time: 91.41440320014954 seconds
Epoch 40 accuracy: 86.13%
Batch 100, Loss: 0.4473
Epoch 41 learning rate: 0.08998423292435458
Epoch 41 time: 91.26963806152344 seconds
Epoch 41 accuracy: 87.94%
Batch 100, Loss: 0.4540
Epoch 42 learning rate: 0.08950775061878455
Epoch 42 time: 91.34913086891174 seconds
Epoch 42 accuracy: 88.21%
Batch 100, Loss: 0.4474
Epoch 43 learning rate: 0.08902152036691653
Epoch 43 time: 91.2653317451477 seconds
Epoch 43 accuracy: 88.83%
Batch 100, Loss: 0.4437
Epoch 44 learning rate: 0.08852566213878951
Epoch 44 time: 91.25890731811523 seconds
Epoch 44 accuracy: 89.01%
Batch 100, Loss: 0.4310
Epoch 45 learning rate: 0.0880202982800016
Epoch 45 time: 91.30942106246948 seconds
Epoch 45 accuracy: 88.36%
Batch 100, Loss: 0.4294
Epoch 46 learning rate: 0.08750555348152303
Epoch 46 time: 91.3233814239502 seconds
Epoch 46 accuracy: 88.34%
Batch 100, Loss: 0.4442
Epoch 47 learning rate: 0.08698155474893052
Epoch 47 time: 91.34270095825195 seconds
Epoch 47 accuracy: 89.35%
Batch 100, Loss: 0.4247
Epoch 48 learning rate: 0.08644843137107061
Epoch 48 time: 91.41573476791382 seconds
Epoch 48 accuracy: 88.35%
Batch 100, Loss: 0.4246
Epoch 49 learning rate: 0.08590631488815947
Epoch 49 time: 91.34064769744873 seconds
Epoch 49 accuracy: 89.84%
Batch 100, Loss: 0.4190
Epoch 50 learning rate: 0.0853553390593274
Epoch 50 time: 91.41678714752197 seconds
Epoch 50 accuracy: 90.07%
Batch 100, Loss: 0.4099
Epoch 51 learning rate: 0.08479563982961574
Epoch 51 time: 91.52722072601318 seconds
Epoch 51 accuracy: 89.54%
Batch 100, Loss: 0.4115
Epoch 52 learning rate: 0.08422735529643446
Epoch 52 time: 91.3124327659607 seconds
Epoch 52 accuracy: 90.19%
Batch 100, Loss: 0.4069
Epoch 53 learning rate: 0.08365062567548869
Epoch 53 time: 91.26039004325867 seconds
Epoch 53 accuracy: 88.93%
Batch 100, Loss: 0.4095
Epoch 54 learning rate: 0.08306559326618261
Epoch 54 time: 91.3205976486206 seconds
Epoch 54 accuracy: 89.41%
Batch 100, Loss: 0.4080
Epoch 55 learning rate: 0.0824724024165092
Epoch 55 time: 91.32030892372131 seconds
Epoch 55 accuracy: 89.28%
Batch 100, Loss: 0.3967
Epoch 56 learning rate: 0.0818711994874345
Epoch 56 time: 91.37116622924805 seconds
Epoch 56 accuracy: 90.61%
Batch 100, Loss: 0.4022
Epoch 57 learning rate: 0.08126213281678528
Epoch 57 time: 91.26376581192017 seconds
Epoch 57 accuracy: 91.23%
Batch 100, Loss: 0.3955
Epoch 58 learning rate: 0.08064535268264884
Epoch 58 time: 91.32660579681396 seconds
Epoch 58 accuracy: 90.6%
Batch 100, Loss: 0.4058
Epoch 59 learning rate: 0.08002101126629421
Epoch 59 time: 91.34941673278809 seconds
Epoch 59 accuracy: 90.65%
Batch 100, Loss: 0.3882
Epoch 60 learning rate: 0.07938926261462367
Epoch 60 time: 91.33205056190491 seconds
Epoch 60 accuracy: 90.91%
Batch 100, Loss: 0.3950
Epoch 61 learning rate: 0.07875026260216395
Epoch 61 time: 91.3640353679657 seconds
Epoch 61 accuracy: 90.01%
Batch 100, Loss: 0.3857
Epoch 62 learning rate: 0.07810416889260656
Epoch 62 time: 91.36445546150208 seconds
Epoch 62 accuracy: 91.31%
Batch 100, Loss: 0.3826
Epoch 63 learning rate: 0.07745114089990661
Epoch 63 time: 91.32669520378113 seconds
Epoch 63 accuracy: 90.9%
Batch 100, Loss: 0.3783
Epoch 64 learning rate: 0.07679133974894985
Epoch 64 time: 91.30804467201233 seconds
Epoch 64 accuracy: 88.59%
Batch 100, Loss: 0.3761
Epoch 65 learning rate: 0.07612492823579746
Epoch 65 time: 91.27668857574463 seconds
Epoch 65 accuracy: 91.47%
Batch 100, Loss: 0.3860
Epoch 66 learning rate: 0.07545207078751859
Epoch 66 time: 91.44209623336792 seconds
Epoch 66 accuracy: 90.94%
Batch 100, Loss: 0.3809
Epoch 67 learning rate: 0.0747729334216204
Epoch 67 time: 91.39989471435547 seconds
Epoch 67 accuracy: 92.12%
Batch 100, Loss: 0.3768
Epoch 68 learning rate: 0.07408768370508578
Epoch 68 time: 91.3323245048523 seconds
Epoch 68 accuracy: 90.42%
Batch 100, Loss: 0.3690
Epoch 69 learning rate: 0.0733964907130287
Epoch 69 time: 91.28858757019043 seconds
Epoch 69 accuracy: 91.9%
Batch 100, Loss: 0.3739
Epoch 70 learning rate: 0.07269952498697736
Epoch 70 time: 91.44239497184753 seconds
Epoch 70 accuracy: 91.67%
Batch 100, Loss: 0.3644
Epoch 71 learning rate: 0.07199695849279578
Epoch 71 time: 91.34985399246216 seconds
Epoch 71 accuracy: 91.9%
Batch 100, Loss: 0.3652
Epoch 72 learning rate: 0.07128896457825366
Epoch 72 time: 91.32228517532349 seconds
Epoch 72 accuracy: 91.36%
Batch 100, Loss: 0.3684
Epoch 73 learning rate: 0.07057571793025548
Epoch 73 time: 91.40500545501709 seconds
Epoch 73 accuracy: 92.12%
Batch 100, Loss: 0.3581
Epoch 74 learning rate: 0.06985739453173906
Epoch 74 time: 91.32367300987244 seconds
Epoch 74 accuracy: 92.4%
Batch 100, Loss: 0.3550
Epoch 75 learning rate: 0.06913417161825453
Epoch 75 time: 91.35758256912231 seconds
Epoch 75 accuracy: 91.83%
Batch 100, Loss: 0.3485
Epoch 76 learning rate: 0.06840622763423394
Epoch 76 time: 91.31986570358276 seconds
Epoch 76 accuracy: 92.59%
Batch 100, Loss: 0.3580
Epoch 77 learning rate: 0.0676737421889629
Epoch 77 time: 91.33061337471008 seconds
Epoch 77 accuracy: 91.88%
Batch 100, Loss: 0.3505
Epoch 78 learning rate: 0.06693689601226462
Epoch 78 time: 91.33653855323792 seconds
Epoch 78 accuracy: 90.93%
Batch 100, Loss: 0.3464
Epoch 79 learning rate: 0.06619587090990751
Epoch 79 time: 91.3580584526062 seconds
Epoch 79 accuracy: 92.11%
Batch 100, Loss: 0.3519
Epoch 80 learning rate: 0.06545084971874741
Epoch 80 time: 91.39855170249939 seconds
Epoch 80 accuracy: 92.17%
Batch 100, Loss: 0.3394
Epoch 81 learning rate: 0.06470201626161524
Epoch 81 time: 91.36920475959778 seconds
Epoch 81 accuracy: 92.81%
Batch 100, Loss: 0.3450
Epoch 82 learning rate: 0.06394955530196152
Epoch 82 time: 91.33589816093445 seconds
Epoch 82 accuracy: 91.92%
Batch 100, Loss: 0.3434
Epoch 83 learning rate: 0.06319365249826868
Epoch 83 time: 91.29174518585205 seconds
Epoch 83 accuracy: 92.72%
Batch 100, Loss: 0.3425
Epoch 84 learning rate: 0.06243449435824277
Epoch 84 time: 91.38868260383606 seconds
Epoch 84 accuracy: 92.21%
Batch 100, Loss: 0.3384
Epoch 85 learning rate: 0.06167226819279532
Epoch 85 time: 91.32642126083374 seconds
Epoch 85 accuracy: 92.79%
Batch 100, Loss: 0.3375
Epoch 86 learning rate: 0.06090716206982718
Epoch 86 time: 91.29239678382874 seconds
Epoch 86 accuracy: 91.98%
Batch 100, Loss: 0.3443
Epoch 87 learning rate: 0.06013936476782568
Epoch 87 time: 91.3545835018158 seconds
Epoch 87 accuracy: 92.53%
Batch 100, Loss: 0.3270
Epoch 88 learning rate: 0.05936906572928629
Epoch 88 time: 91.39380884170532 seconds
Epoch 88 accuracy: 93.17%
Batch 100, Loss: 0.3323
Epoch 89 learning rate: 0.05859645501397052
Epoch 89 time: 91.31866073608398 seconds
Epoch 89 accuracy: 91.15%
Batch 100, Loss: 0.3254
Epoch 90 learning rate: 0.05782172325201159
Epoch 90 time: 91.30072021484375 seconds
Epoch 90 accuracy: 93.51%
Batch 100, Loss: 0.3252
Epoch 91 learning rate: 0.057045061596879186
Epoch 91 time: 91.26277351379395 seconds
Epoch 91 accuracy: 92.55%
Batch 100, Loss: 0.3225
Epoch 92 learning rate: 0.056266661678215264
Epoch 92 time: 91.25952863693237 seconds
Epoch 92 accuracy: 92.54%
Batch 100, Loss: 0.3193
Epoch 93 learning rate: 0.055486715554552306
Epoch 93 time: 91.34320569038391 seconds
Epoch 93 accuracy: 93.01%
Batch 100, Loss: 0.3181
Epoch 94 learning rate: 0.05470541566592575
Epoch 94 time: 91.30972146987915 seconds
Epoch 94 accuracy: 94.11%
Batch 100, Loss: 0.3194
Epoch 95 learning rate: 0.05392295478639229
Epoch 95 time: 91.29922199249268 seconds
Epoch 95 accuracy: 93.01%
Batch 100, Loss: 0.3112
Epoch 96 learning rate: 0.05313952597646571
Epoch 96 time: 91.38954138755798 seconds
Epoch 96 accuracy: 93.2%
Batch 100, Loss: 0.3149
Epoch 97 learning rate: 0.05235532253548216
Epoch 97 time: 91.33987140655518 seconds
Epoch 97 accuracy: 93.46%
Batch 100, Loss: 0.3140
Epoch 98 learning rate: 0.051570537953906447
Epoch 98 time: 91.34478306770325 seconds
Epoch 98 accuracy: 93.08%
Batch 100, Loss: 0.3109
Epoch 99 learning rate: 0.05078536586559106
Epoch 99 time: 91.37520170211792 seconds
Epoch 99 accuracy: 93.14%
Batch 100, Loss: 0.3110
Epoch 100 learning rate: 0.050000000000000024
Epoch 100 time: 91.3037052154541 seconds
Epoch 100 accuracy: 93.6%
Batch 100, Loss: 0.3014
Epoch 101 learning rate: 0.049214634134409
Epoch 101 time: 91.34599542617798 seconds
Epoch 101 accuracy: 92.91%
Batch 100, Loss: 0.2999
Epoch 102 learning rate: 0.04842946204609361
Epoch 102 time: 91.28745603561401 seconds
Epoch 102 accuracy: 92.63%
Batch 100, Loss: 0.3024
Epoch 103 learning rate: 0.04764467746451789
Epoch 103 time: 91.32226204872131 seconds
Epoch 103 accuracy: 93.57%
Batch 100, Loss: 0.2984
Epoch 104 learning rate: 0.046860474023534354
Epoch 104 time: 91.27761793136597 seconds
Epoch 104 accuracy: 93.72%
Batch 100, Loss: 0.2967
Epoch 105 learning rate: 0.04607704521360778
Epoch 105 time: 91.29664134979248 seconds
Epoch 105 accuracy: 93.56%
Batch 100, Loss: 0.3005
Epoch 106 learning rate: 0.04529458433407431
Epoch 106 time: 91.3119375705719 seconds
Epoch 106 accuracy: 94.41%
Batch 100, Loss: 0.2927
Epoch 107 learning rate: 0.04451328444544776
Epoch 107 time: 91.29218196868896 seconds
Epoch 107 accuracy: 93.79%
Batch 100, Loss: 0.2847
Epoch 108 learning rate: 0.04373333832178482
Epoch 108 time: 91.27081227302551 seconds
Epoch 108 accuracy: 93.78%
Batch 100, Loss: 0.2865
Epoch 109 learning rate: 0.0429549384031209
Epoch 109 time: 91.30919432640076 seconds
Epoch 109 accuracy: 93.86%
Batch 100, Loss: 0.2919
Epoch 110 learning rate: 0.042178276747988484
Epoch 110 time: 91.35395050048828 seconds
Epoch 110 accuracy: 94.02%
Batch 100, Loss: 0.2820
Epoch 111 learning rate: 0.04140354498602954
Epoch 111 time: 91.34909296035767 seconds
Epoch 111 accuracy: 94.17%
Batch 100, Loss: 0.2796
Epoch 112 learning rate: 0.0406309342707138
Epoch 112 time: 91.24526500701904 seconds
Epoch 112 accuracy: 94.01%
Batch 100, Loss: 0.2862
Epoch 113 learning rate: 0.03986063523217441
Epoch 113 time: 91.3278751373291 seconds
Epoch 113 accuracy: 94.52%
Batch 100, Loss: 0.2804
Epoch 114 learning rate: 0.039092837930172916
Epoch 114 time: 91.34465837478638 seconds
Epoch 114 accuracy: 94.35%
Batch 100, Loss: 0.2804
Epoch 115 learning rate: 0.03832773180720475
Epoch 115 time: 91.44139409065247 seconds
Epoch 115 accuracy: 92.92%
Batch 100, Loss: 0.2773
Epoch 116 learning rate: 0.037565505641757285
Epoch 116 time: 91.31005239486694 seconds
Epoch 116 accuracy: 94.31%
Batch 100, Loss: 0.2744
Epoch 117 learning rate: 0.03680634750173138
Epoch 117 time: 91.35624170303345 seconds
Epoch 117 accuracy: 94.13%
Batch 100, Loss: 0.2703
Epoch 118 learning rate: 0.036050444698038565
Epoch 118 time: 91.32814502716064 seconds
Epoch 118 accuracy: 94.13%
Batch 100, Loss: 0.2629
Epoch 119 learning rate: 0.03529798373838483
Epoch 119 time: 91.35632419586182 seconds
Epoch 119 accuracy: 94.27%
Batch 100, Loss: 0.2692
Epoch 120 learning rate: 0.03454915028125267
Epoch 120 time: 91.29723453521729 seconds
Epoch 120 accuracy: 94.25%
Batch 100, Loss: 0.2646
Epoch 121 learning rate: 0.03380412909009255
Epoch 121 time: 91.37227964401245 seconds
Epoch 121 accuracy: 94.73%
Batch 100, Loss: 0.2591
Epoch 122 learning rate: 0.03306310398773545
Epoch 122 time: 91.27817177772522 seconds
Epoch 122 accuracy: 94.67%
Batch 100, Loss: 0.2630
Epoch 123 learning rate: 0.03232625781103717
Epoch 123 time: 91.35147666931152 seconds
Epoch 123 accuracy: 94.81%
Batch 100, Loss: 0.2612
Epoch 124 learning rate: 0.03159377236576613
Epoch 124 time: 91.36216950416565 seconds
Epoch 124 accuracy: 94.19%
Batch 100, Loss: 0.2598
Epoch 125 learning rate: 0.030865828381745543
Epoch 125 time: 91.36224031448364 seconds
Epoch 125 accuracy: 94.15%
Batch 100, Loss: 0.2571
Epoch 126 learning rate: 0.03014260546826098
Epoch 126 time: 91.32352900505066 seconds
Epoch 126 accuracy: 94.75%
Batch 100, Loss: 0.2458
Epoch 127 learning rate: 0.02942428206974458
Epoch 127 time: 91.29341888427734 seconds
Epoch 127 accuracy: 94.72%
Batch 100, Loss: 0.2446
Epoch 128 learning rate: 0.028711035421746387
Epoch 128 time: 91.27231121063232 seconds
Epoch 128 accuracy: 94.73%
Batch 100, Loss: 0.2472
Epoch 129 learning rate: 0.02800304150720426
Epoch 129 time: 91.3118908405304 seconds
Epoch 129 accuracy: 94.81%
Batch 100, Loss: 0.2528
Epoch 130 learning rate: 0.02730047501302268
Epoch 130 time: 91.30481362342834 seconds
Epoch 130 accuracy: 95.0%
Batch 100, Loss: 0.2477
Epoch 131 learning rate: 0.026603509286971357
Epoch 131 time: 91.3363938331604 seconds
Epoch 131 accuracy: 94.75%
Batch 100, Loss: 0.2390
Epoch 132 learning rate: 0.025912316294914244
Epoch 132 time: 91.37084650993347 seconds
Epoch 132 accuracy: 95.17%
Batch 100, Loss: 0.2394
Epoch 133 learning rate: 0.025227066578379632
Epoch 133 time: 91.29774951934814 seconds
Epoch 133 accuracy: 95.18%
Batch 100, Loss: 0.2407
Epoch 134 learning rate: 0.024547929212481445
Epoch 134 time: 91.43820333480835 seconds
Epoch 134 accuracy: 95.16%
Batch 100, Loss: 0.2387
Epoch 135 learning rate: 0.02387507176420257
Epoch 135 time: 91.43097805976868 seconds
Epoch 135 accuracy: 95.48%
Batch 100, Loss: 0.2309
Epoch 136 learning rate: 0.023208660251050166
Epoch 136 time: 91.36534833908081 seconds
Epoch 136 accuracy: 95.26%
Batch 100, Loss: 0.2290
Epoch 137 learning rate: 0.022548859100093414
Epoch 137 time: 91.30747652053833 seconds
Epoch 137 accuracy: 95.52%
Batch 100, Loss: 0.2344
Epoch 138 learning rate: 0.021895831107393474
Epoch 138 time: 91.3732054233551 seconds
Epoch 138 accuracy: 95.29%
Batch 100, Loss: 0.2313
Epoch 139 learning rate: 0.02124973739783608
Epoch 139 time: 91.28750801086426 seconds
Epoch 139 accuracy: 95.39%
Batch 100, Loss: 0.2304
Epoch 140 learning rate: 0.02061073738537636
Epoch 140 time: 91.27418112754822 seconds
Epoch 140 accuracy: 95.25%
Batch 100, Loss: 0.2284
Epoch 141 learning rate: 0.019978988733705814
Epoch 141 time: 91.31919884681702 seconds
Epoch 141 accuracy: 95.53%
Batch 100, Loss: 0.2291
Epoch 142 learning rate: 0.01935464731735118
Epoch 142 time: 91.35432028770447 seconds
Epoch 142 accuracy: 95.46%
Batch 100, Loss: 0.2186
Epoch 143 learning rate: 0.018737867183214747
Epoch 143 time: 91.36579418182373 seconds
Epoch 143 accuracy: 95.34%
Batch 100, Loss: 0.2242
Epoch 144 learning rate: 0.01812880051256552
Epoch 144 time: 91.35936427116394 seconds
Epoch 144 accuracy: 95.83%
Batch 100, Loss: 0.2152
Epoch 145 learning rate: 0.017527597583490827
Epoch 145 time: 91.35722613334656 seconds
Epoch 145 accuracy: 95.78%
Batch 100, Loss: 0.2172
Epoch 146 learning rate: 0.01693440673381742
Epoch 146 time: 91.32541942596436 seconds
Epoch 146 accuracy: 95.56%
Batch 100, Loss: 0.2156
Epoch 147 learning rate: 0.016349374324511334
Epoch 147 time: 91.31259036064148 seconds
Epoch 147 accuracy: 95.74%
Batch 100, Loss: 0.2148
Epoch 148 learning rate: 0.01577264470356557
Epoch 148 time: 91.34545850753784 seconds
Epoch 148 accuracy: 95.67%
Batch 100, Loss: 0.2118
Epoch 149 learning rate: 0.01520436017038429
Epoch 149 time: 91.33791923522949 seconds
Epoch 149 accuracy: 95.75%
Batch 100, Loss: 0.2098
Epoch 150 learning rate: 0.014644660940672632
Epoch 150 time: 91.35914850234985 seconds
Epoch 150 accuracy: 95.87%
Batch 100, Loss: 0.2101
Epoch 151 learning rate: 0.01409368511184057
Epoch 151 time: 91.35216403007507 seconds
Epoch 151 accuracy: 95.71%
Batch 100, Loss: 0.2104
Epoch 152 learning rate: 0.013551568628929438
Epoch 152 time: 91.31183362007141 seconds
Epoch 152 accuracy: 96.07%
Batch 100, Loss: 0.2067
Epoch 153 learning rate: 0.013018445251069516
Epoch 153 time: 91.3654625415802 seconds
Epoch 153 accuracy: 96.07%
Batch 100, Loss: 0.2064
Epoch 154 learning rate: 0.012494446518477026
Epoch 154 time: 91.32613897323608 seconds
Epoch 154 accuracy: 96.06%
Batch 100, Loss: 0.2018
Epoch 155 learning rate: 0.011979701719998459
Epoch 155 time: 91.39673256874084 seconds
Epoch 155 accuracy: 95.78%
Batch 100, Loss: 0.2018
Epoch 156 learning rate: 0.011474337861210548
Epoch 156 time: 91.37979626655579 seconds
Epoch 156 accuracy: 96.09%
Batch 100, Loss: 0.1979
Epoch 157 learning rate: 0.010978479633083526
Epoch 157 time: 91.30702376365662 seconds
Epoch 157 accuracy: 96.17%
Batch 100, Loss: 0.2025
Epoch 158 learning rate: 0.010492249381215483
Epoch 158 time: 91.34238839149475 seconds
Epoch 158 accuracy: 95.93%
Batch 100, Loss: 0.1982
Epoch 159 learning rate: 0.010015767075645474
Epoch 159 time: 91.37645626068115 seconds
Epoch 159 accuracy: 95.99%
Batch 100, Loss: 0.1933
Epoch 160 learning rate: 0.009549150281252637
Epoch 160 time: 91.28065061569214 seconds
Epoch 160 accuracy: 96.24%
Batch 100, Loss: 0.1939
Epoch 161 learning rate: 0.00909251412874884
Epoch 161 time: 91.33288168907166 seconds
Epoch 161 accuracy: 96.08%
Batch 100, Loss: 0.1933
Epoch 162 learning rate: 0.008645971286271918
Epoch 162 time: 91.31355261802673 seconds
Epoch 162 accuracy: 96.37%
Batch 100, Loss: 0.1874
Epoch 163 learning rate: 0.008209631931586501
Epoch 163 time: 91.32673859596252 seconds
Epoch 163 accuracy: 96.39%
Batch 100, Loss: 0.1863
Epoch 164 learning rate: 0.0077836037248992605
Epoch 164 time: 91.37128329277039 seconds
Epoch 164 accuracy: 96.23%
Batch 100, Loss: 0.1908
Epoch 165 learning rate: 0.0073679917822954055
Epoch 165 time: 91.3496470451355 seconds
Epoch 165 accuracy: 96.3%
Batch 100, Loss: 0.1915
Epoch 166 learning rate: 0.006962898649802815
Epoch 166 time: 91.3137035369873 seconds
Epoch 166 accuracy: 96.2%
Batch 100, Loss: 0.1839
Epoch 167 learning rate: 0.006568424278090438
Epoch 167 time: 91.29960608482361 seconds
Epoch 167 accuracy: 96.4%
Batch 100, Loss: 0.1865
Epoch 168 learning rate: 0.006184665997806824
Epoch 168 time: 91.36801552772522 seconds
Epoch 168 accuracy: 96.26%
Batch 100, Loss: 0.1831
Epoch 169 learning rate: 0.00581171849556533
Epoch 169 time: 91.31057405471802 seconds
Epoch 169 accuracy: 96.3%
Batch 100, Loss: 0.1852
Epoch 170 learning rate: 0.0054496737905816136
Epoch 170 time: 91.27580428123474 seconds
Epoch 170 accuracy: 96.4%
Batch 100, Loss: 0.1817
Epoch 171 learning rate: 0.005098621211969226
Epoch 171 time: 91.34517645835876 seconds
Epoch 171 accuracy: 96.37%
Batch 100, Loss: 0.1802
Epoch 172 learning rate: 0.004758647376699035
Epoch 172 time: 91.32912802696228 seconds
Epoch 172 accuracy: 96.42%
Batch 100, Loss: 0.1789
Epoch 173 learning rate: 0.00442983616822775
Epoch 173 time: 91.33333158493042 seconds
Epoch 173 accuracy: 96.53%
Batch 100, Loss: 0.1797
Epoch 174 learning rate: 0.004112268715800957
Epoch 174 time: 91.3797914981842 seconds
Epoch 174 accuracy: 96.54%
Batch 100, Loss: 0.1790
Epoch 175 learning rate: 0.003806023374435677
Epoch 175 time: 91.28615927696228 seconds
Epoch 175 accuracy: 96.21%
Batch 100, Loss: 0.1803
Epoch 176 learning rate: 0.003511175705587435
Epoch 176 time: 91.36669492721558 seconds
Epoch 176 accuracy: 96.48%
Batch 100, Loss: 0.1733
Epoch 177 learning rate: 0.0032277984585066333
Epoch 177 time: 91.30479454994202 seconds
Epoch 177 accuracy: 96.42%
Batch 100, Loss: 0.1780
Epoch 178 learning rate: 0.002955961552288729
Epoch 178 time: 91.29262638092041 seconds
Epoch 178 accuracy: 96.6%
Batch 100, Loss: 0.1758
Epoch 179 learning rate: 0.0026957320586227366
Epoch 179 time: 91.35283994674683 seconds
Epoch 179 accuracy: 96.6%
Batch 100, Loss: 0.1736
Epoch 180 learning rate: 0.002447174185242325
Epoch 180 time: 91.34009885787964 seconds
Epoch 180 accuracy: 96.45%
Batch 100, Loss: 0.1732
Epoch 181 learning rate: 0.0022103492600834954
Epoch 181 time: 91.33834910392761 seconds
Epoch 181 accuracy: 96.55%
Batch 100, Loss: 0.1720
Epoch 182 learning rate: 0.0019853157161528537
Epoch 182 time: 91.35394191741943 seconds
Epoch 182 accuracy: 96.57%
Batch 100, Loss: 0.1707
Epoch 183 learning rate: 0.001772129077110103
Epoch 183 time: 91.3098738193512 seconds
Epoch 183 accuracy: 96.54%
Batch 100, Loss: 0.1730
Epoch 184 learning rate: 0.0015708419435684529
Epoch 184 time: 91.3438606262207 seconds
Epoch 184 accuracy: 96.63%
Batch 100, Loss: 0.1684
Epoch 185 learning rate: 0.0013815039801161732
Epoch 185 time: 91.38799524307251 seconds
Epoch 185 accuracy: 96.65%
Batch 100, Loss: 0.1688
Epoch 186 learning rate: 0.0012041619030626347
Epoch 186 time: 91.35251331329346 seconds
Epoch 186 accuracy: 96.57%
Batch 100, Loss: 0.1718
Epoch 187 learning rate: 0.0010388594689117077
Epoch 187 time: 91.30435609817505 seconds
Epoch 187 accuracy: 96.51%
Batch 100, Loss: 0.1722
Epoch 188 learning rate: 0.0008856374635655645
Epoch 188 time: 91.29390549659729 seconds
Epoch 188 accuracy: 96.71%
Batch 100, Loss: 0.1694
Epoch 189 learning rate: 0.000744533692261307
Epoch 189 time: 91.35694336891174 seconds
Epoch 189 accuracy: 96.67%
Batch 100, Loss: 0.1682
Epoch 190 learning rate: 0.0006155829702431174
Epoch 190 time: 91.36510968208313 seconds
Epoch 190 accuracy: 96.64%
Batch 100, Loss: 0.1679
Epoch 191 learning rate: 0.0004988171141721235
Epoch 191 time: 91.33885025978088 seconds
Epoch 191 accuracy: 96.6%
Batch 100, Loss: 0.1645
Epoch 192 learning rate: 0.00039426493427611206
Epoch 192 time: 91.44001603126526 seconds
Epoch 192 accuracy: 96.49%
Batch 100, Loss: 0.1675
Epoch 193 learning rate: 0.00030195222724102046
Epoch 193 time: 91.3234601020813 seconds
Epoch 193 accuracy: 96.61%
Batch 100, Loss: 0.1697
Epoch 194 learning rate: 0.00022190176984600036
Epoch 194 time: 91.26814436912537 seconds
Epoch 194 accuracy: 96.51%
Batch 100, Loss: 0.1714
Epoch 195 learning rate: 0.00015413331334360192
Epoch 195 time: 91.32159781455994 seconds
Epoch 195 accuracy: 96.63%
Batch 100, Loss: 0.1662
Epoch 196 learning rate: 9.866357858642213e-05
Epoch 196 time: 91.28701448440552 seconds
Epoch 196 accuracy: 96.64%
Batch 100, Loss: 0.1658
Epoch 197 learning rate: 5.5506251901504864e-05
Epoch 197 time: 91.35934543609619 seconds
Epoch 197 accuracy: 96.53%
Batch 100, Loss: 0.1713
Epoch 198 learning rate: 2.4671981713420017e-05
Epoch 198 time: 91.37261652946472 seconds
Epoch 198 accuracy: 96.66%
Batch 100, Loss: 0.1664
Epoch 199 learning rate: 6.168375916970619e-06
Epoch 199 time: 91.60978627204895 seconds
Epoch 199 accuracy: 96.68%
Batch 100, Loss: 0.1657
Epoch 200 learning rate: 0.0
Epoch 200 time: 91.32165050506592 seconds
Epoch 200 accuracy: 96.67%
Total training time: 18276.773005723953 seconds
