The following modules were not unloaded:
  (Use "module --force purge" to unload all):

  1) CCconfig        6)  ucx/1.14.1         11) flexiblas/3.3.1
  2) gentoo/2023     7)  libfabric/1.18.0   12) imkl/2023.2.0
  3) gcccore/.12.3   8)  pmix/4.2.4         13) StdEnv/2023
  4) gcc/12.3        9)  ucc/1.2.0
  5) hwloc/2.9.1     10) openmpi/4.1.5
/project/6070520/tkleinkn/Vanilla-GAM/main_cifar.py:165: UserWarning: You have chosen a specific GPU. This will completely disable data parallelism.
  warnings.warn('You have chosen a specific GPU. This will completely '
model name space ['resnet101_c', 'resnet152_c', 'resnet18_c', 'resnet34_c', 'resnet50_c']
Use GPU: 0 for training
=> creating model 'resnet18_c'
Files already downloaded and verified
Files already downloaded and verified
tensorboard dir ./results/CIFAR100/GAM
Batch 100, Loss: 3.7894
Epoch 1 learning rate: 0.09999383162408304
Epoch 1 time: 99.87257504463196 seconds
Epoch 1 accuracy: 8.62%
Batch 100, Loss: 3.4514
Epoch 2 learning rate: 0.09997532801828658
Epoch 2 time: 91.44157576560974 seconds
Epoch 2 accuracy: 12.79%
Batch 100, Loss: 3.2768
Epoch 3 learning rate: 0.09994449374809851
Epoch 3 time: 91.39872932434082 seconds
Epoch 3 accuracy: 17.54%
Batch 100, Loss: 3.0887
Epoch 4 learning rate: 0.09990133642141359
Epoch 4 time: 91.37501740455627 seconds
Epoch 4 accuracy: 23.31%
Batch 100, Loss: 2.8824
Epoch 5 learning rate: 0.09984586668665642
Epoch 5 time: 91.16168260574341 seconds
Epoch 5 accuracy: 30.31%
Batch 100, Loss: 2.6362
Epoch 6 learning rate: 0.09977809823015402
Epoch 6 time: 91.33287334442139 seconds
Epoch 6 accuracy: 34.61%
Batch 100, Loss: 2.3860
Epoch 7 learning rate: 0.09969804777275901
Epoch 7 time: 91.21948504447937 seconds
Epoch 7 accuracy: 39.3%
Batch 100, Loss: 2.2143
Epoch 8 learning rate: 0.09960573506572391
Epoch 8 time: 91.42311096191406 seconds
Epoch 8 accuracy: 41.52%
Batch 100, Loss: 2.0664
Epoch 9 learning rate: 0.09950118288582789
Epoch 9 time: 91.46699714660645 seconds
Epoch 9 accuracy: 45.5%
Batch 100, Loss: 1.9435
Epoch 10 learning rate: 0.09938441702975691
Epoch 10 time: 91.29507946968079 seconds
Epoch 10 accuracy: 48.33%
Batch 100, Loss: 1.8332
Epoch 11 learning rate: 0.09925546630773871
Epoch 11 time: 91.39474773406982 seconds
Epoch 11 accuracy: 50.7%
Batch 100, Loss: 1.7618
Epoch 12 learning rate: 0.09911436253643445
Epoch 12 time: 91.23073267936707 seconds
Epoch 12 accuracy: 52.63%
Batch 100, Loss: 1.6902
Epoch 13 learning rate: 0.0989611405310883
Epoch 13 time: 91.1631281375885 seconds
Epoch 13 accuracy: 53.94%
Batch 100, Loss: 1.6264
Epoch 14 learning rate: 0.09879583809693739
Epoch 14 time: 91.1719696521759 seconds
Epoch 14 accuracy: 56.38%
Batch 100, Loss: 1.5869
Epoch 15 learning rate: 0.09861849601988384
Epoch 15 time: 91.0758605003357 seconds
Epoch 15 accuracy: 56.79%
Batch 100, Loss: 1.5408
Epoch 16 learning rate: 0.09842915805643157
Epoch 16 time: 91.32731604576111 seconds
Epoch 16 accuracy: 56.31%
Batch 100, Loss: 1.5102
Epoch 17 learning rate: 0.09822787092288993
Epoch 17 time: 91.3287045955658 seconds
Epoch 17 accuracy: 58.46%
Batch 100, Loss: 1.4710
Epoch 18 learning rate: 0.09801468428384717
Epoch 18 time: 91.16677188873291 seconds
Epoch 18 accuracy: 59.69%
Batch 100, Loss: 1.4402
Epoch 19 learning rate: 0.09778965073991652
Epoch 19 time: 91.22519135475159 seconds
Epoch 19 accuracy: 58.85%
Batch 100, Loss: 1.4114
Epoch 20 learning rate: 0.0975528258147577
Epoch 20 time: 91.25047612190247 seconds
Epoch 20 accuracy: 60.64%
Batch 100, Loss: 1.3818
Epoch 21 learning rate: 0.09730426794137728
Epoch 21 time: 91.17559480667114 seconds
Epoch 21 accuracy: 61.04%
Batch 100, Loss: 1.3480
Epoch 22 learning rate: 0.09704403844771128
Epoch 22 time: 91.18266129493713 seconds
Epoch 22 accuracy: 60.11%
Batch 100, Loss: 1.3415
Epoch 23 learning rate: 0.09677220154149338
Epoch 23 time: 91.14147448539734 seconds
Epoch 23 accuracy: 61.9%
Batch 100, Loss: 1.3187
Epoch 24 learning rate: 0.09648882429441258
Epoch 24 time: 91.2984139919281 seconds
Epoch 24 accuracy: 61.04%
Batch 100, Loss: 1.3034
Epoch 25 learning rate: 0.09619397662556435
Epoch 25 time: 91.30837607383728 seconds
Epoch 25 accuracy: 62.27%
Batch 100, Loss: 1.2857
Epoch 26 learning rate: 0.09588773128419906
Epoch 26 time: 91.11188530921936 seconds
Epoch 26 accuracy: 62.73%
Batch 100, Loss: 1.2571
Epoch 27 learning rate: 0.09557016383177226
Epoch 27 time: 91.07761788368225 seconds
Epoch 27 accuracy: 64.07%
Batch 100, Loss: 1.2440
Epoch 28 learning rate: 0.09524135262330098
Epoch 28 time: 91.16850662231445 seconds
Epoch 28 accuracy: 61.73%
Batch 100, Loss: 1.2298
Epoch 29 learning rate: 0.09490137878803079
Epoch 29 time: 91.1930103302002 seconds
Epoch 29 accuracy: 64.19%
Batch 100, Loss: 1.2138
Epoch 30 learning rate: 0.0945503262094184
Epoch 30 time: 91.39229226112366 seconds
Epoch 30 accuracy: 63.38%
Batch 100, Loss: 1.2012
Epoch 31 learning rate: 0.0941882815044347
Epoch 31 time: 91.2150354385376 seconds
Epoch 31 accuracy: 64.04%
Batch 100, Loss: 1.1753
Epoch 32 learning rate: 0.09381533400219319
Epoch 32 time: 91.06591725349426 seconds
Epoch 32 accuracy: 64.29%
Batch 100, Loss: 1.1849
Epoch 33 learning rate: 0.09343157572190958
Epoch 33 time: 91.09489607810974 seconds
Epoch 33 accuracy: 63.47%
Batch 100, Loss: 1.1675
Epoch 34 learning rate: 0.0930371013501972
Epoch 34 time: 91.1852457523346 seconds
Epoch 34 accuracy: 64.86%
Batch 100, Loss: 1.1475
Epoch 35 learning rate: 0.09263200821770463
Epoch 35 time: 91.08832311630249 seconds
Epoch 35 accuracy: 65.57%
Batch 100, Loss: 1.1519
Epoch 36 learning rate: 0.09221639627510078
Epoch 36 time: 91.16647958755493 seconds
Epoch 36 accuracy: 64.87%
Batch 100, Loss: 1.1365
Epoch 37 learning rate: 0.09179036806841355
Epoch 37 time: 91.26439356803894 seconds
Epoch 37 accuracy: 65.08%
Batch 100, Loss: 1.1175
Epoch 38 learning rate: 0.09135402871372812
Epoch 38 time: 91.18897724151611 seconds
Epoch 38 accuracy: 64.89%
Batch 100, Loss: 1.0975
Epoch 39 learning rate: 0.0909074858712512
Epoch 39 time: 91.29211163520813 seconds
Epoch 39 accuracy: 64.39%
Batch 100, Loss: 1.0937
Epoch 40 learning rate: 0.09045084971874741
Epoch 40 time: 91.19588661193848 seconds
Epoch 40 accuracy: 65.73%
Batch 100, Loss: 1.0829
Epoch 41 learning rate: 0.08998423292435458
Epoch 41 time: 91.35525894165039 seconds
Epoch 41 accuracy: 65.62%
Batch 100, Loss: 1.0607
Epoch 42 learning rate: 0.08950775061878455
Epoch 42 time: 91.12722706794739 seconds
Epoch 42 accuracy: 65.51%
Batch 100, Loss: 1.0820
Epoch 43 learning rate: 0.08902152036691653
Epoch 43 time: 91.27171087265015 seconds
Epoch 43 accuracy: 66.53%
Batch 100, Loss: 1.0603
Epoch 44 learning rate: 0.08852566213878951
Epoch 44 time: 91.1463029384613 seconds
Epoch 44 accuracy: 64.86%
Batch 100, Loss: 1.0495
Epoch 45 learning rate: 0.0880202982800016
Epoch 45 time: 91.28464889526367 seconds
Epoch 45 accuracy: 66.69%
Batch 100, Loss: 1.0421
Epoch 46 learning rate: 0.08750555348152303
Epoch 46 time: 91.37426948547363 seconds
Epoch 46 accuracy: 66.45%
Batch 100, Loss: 1.0442
Epoch 47 learning rate: 0.08698155474893052
Epoch 47 time: 91.25999069213867 seconds
Epoch 47 accuracy: 65.27%
Batch 100, Loss: 1.0217
Epoch 48 learning rate: 0.08644843137107061
Epoch 48 time: 91.2043731212616 seconds
Epoch 48 accuracy: 67.67%
Batch 100, Loss: 1.0184
Epoch 49 learning rate: 0.08590631488815947
Epoch 49 time: 91.19377756118774 seconds
Epoch 49 accuracy: 66.28%
Batch 100, Loss: 1.0127
Epoch 50 learning rate: 0.0853553390593274
Epoch 50 time: 91.29739356040955 seconds
Epoch 50 accuracy: 68.05%
Batch 100, Loss: 0.9979
Epoch 51 learning rate: 0.08479563982961574
Epoch 51 time: 91.21692395210266 seconds
Epoch 51 accuracy: 66.67%
Batch 100, Loss: 0.9980
Epoch 52 learning rate: 0.08422735529643446
Epoch 52 time: 92.02113270759583 seconds
Epoch 52 accuracy: 67.11%
Batch 100, Loss: 0.9944
Epoch 53 learning rate: 0.08365062567548869
Epoch 53 time: 91.2960250377655 seconds
Epoch 53 accuracy: 67.61%
Batch 100, Loss: 0.9854
Epoch 54 learning rate: 0.08306559326618261
Epoch 54 time: 91.28224730491638 seconds
Epoch 54 accuracy: 66.72%
Batch 100, Loss: 0.9728
Epoch 55 learning rate: 0.0824724024165092
Epoch 55 time: 91.06942820549011 seconds
Epoch 55 accuracy: 67.63%
Batch 100, Loss: 0.9559
Epoch 56 learning rate: 0.0818711994874345
Epoch 56 time: 91.20461177825928 seconds
Epoch 56 accuracy: 67.9%
Batch 100, Loss: 0.9553
Epoch 57 learning rate: 0.08126213281678528
Epoch 57 time: 91.30493760108948 seconds
Epoch 57 accuracy: 66.87%
Batch 100, Loss: 0.9435
Epoch 58 learning rate: 0.08064535268264884
Epoch 58 time: 91.23655295372009 seconds
Epoch 58 accuracy: 67.72%
Batch 100, Loss: 0.9450
Epoch 59 learning rate: 0.08002101126629421
Epoch 59 time: 91.3064489364624 seconds
Epoch 59 accuracy: 68.5%
Batch 100, Loss: 0.9251
Epoch 60 learning rate: 0.07938926261462367
Epoch 60 time: 91.2046411037445 seconds
Epoch 60 accuracy: 69.42%
Batch 100, Loss: 0.9266
Epoch 61 learning rate: 0.07875026260216395
Epoch 61 time: 91.29848527908325 seconds
Epoch 61 accuracy: 67.72%
Batch 100, Loss: 0.9221
Epoch 62 learning rate: 0.07810416889260656
Epoch 62 time: 91.09131479263306 seconds
Epoch 62 accuracy: 67.88%
Batch 100, Loss: 0.9144
Epoch 63 learning rate: 0.07745114089990661
Epoch 63 time: 91.33753681182861 seconds
Epoch 63 accuracy: 67.27%
Batch 100, Loss: 0.8936
Epoch 64 learning rate: 0.07679133974894985
Epoch 64 time: 91.13388919830322 seconds
Epoch 64 accuracy: 67.92%
Batch 100, Loss: 0.9007
Epoch 65 learning rate: 0.07612492823579746
Epoch 65 time: 91.31362080574036 seconds
Epoch 65 accuracy: 68.16%
Batch 100, Loss: 0.8842
Epoch 66 learning rate: 0.07545207078751859
Epoch 66 time: 91.29735016822815 seconds
Epoch 66 accuracy: 68.63%
Batch 100, Loss: 0.8732
Epoch 67 learning rate: 0.0747729334216204
Epoch 67 time: 91.15265274047852 seconds
Epoch 67 accuracy: 69.0%
Batch 100, Loss: 0.8817
Epoch 68 learning rate: 0.07408768370508578
Epoch 68 time: 91.220041513443 seconds
Epoch 68 accuracy: 68.39%
Batch 100, Loss: 0.8731
Epoch 69 learning rate: 0.0733964907130287
Epoch 69 time: 91.23120784759521 seconds
Epoch 69 accuracy: 69.21%
Batch 100, Loss: 0.8550
Epoch 70 learning rate: 0.07269952498697736
Epoch 70 time: 91.00786256790161 seconds
Epoch 70 accuracy: 69.76%
Batch 100, Loss: 0.8569
Epoch 71 learning rate: 0.07199695849279578
Epoch 71 time: 91.28226494789124 seconds
Epoch 71 accuracy: 69.76%
Batch 100, Loss: 0.8554
Epoch 72 learning rate: 0.07128896457825366
Epoch 72 time: 91.18423128128052 seconds
Epoch 72 accuracy: 68.81%
Batch 100, Loss: 0.8481
Epoch 73 learning rate: 0.07057571793025548
Epoch 73 time: 91.07114481925964 seconds
Epoch 73 accuracy: 70.33%
Batch 100, Loss: 0.8213
Epoch 74 learning rate: 0.06985739453173906
Epoch 74 time: 91.34377431869507 seconds
Epoch 74 accuracy: 70.33%
Batch 100, Loss: 0.8199
Epoch 75 learning rate: 0.06913417161825453
Epoch 75 time: 91.12256097793579 seconds
Epoch 75 accuracy: 70.02%
Batch 100, Loss: 0.8204
Epoch 76 learning rate: 0.06840622763423394
Epoch 76 time: 91.32797050476074 seconds
Epoch 76 accuracy: 70.13%
Batch 100, Loss: 0.8114
Epoch 77 learning rate: 0.0676737421889629
Epoch 77 time: 91.22007846832275 seconds
Epoch 77 accuracy: 70.8%
Batch 100, Loss: 0.7946
Epoch 78 learning rate: 0.06693689601226462
Epoch 78 time: 91.11287355422974 seconds
Epoch 78 accuracy: 69.0%
Batch 100, Loss: 0.7940
Epoch 79 learning rate: 0.06619587090990751
Epoch 79 time: 91.11365699768066 seconds
Epoch 79 accuracy: 69.4%
Batch 100, Loss: 0.7842
Epoch 80 learning rate: 0.06545084971874741
Epoch 80 time: 91.00199961662292 seconds
Epoch 80 accuracy: 69.49%
Batch 100, Loss: 0.7739
Epoch 81 learning rate: 0.06470201626161524
Epoch 81 time: 91.35968232154846 seconds
Epoch 81 accuracy: 70.58%
Batch 100, Loss: 0.7723
Epoch 82 learning rate: 0.06394955530196152
Epoch 82 time: 91.2772901058197 seconds
Epoch 82 accuracy: 70.17%
Batch 100, Loss: 0.7609
Epoch 83 learning rate: 0.06319365249826868
Epoch 83 time: 91.11460614204407 seconds
Epoch 83 accuracy: 71.18%
Batch 100, Loss: 0.7543
Epoch 84 learning rate: 0.06243449435824277
Epoch 84 time: 91.09525871276855 seconds
Epoch 84 accuracy: 71.52%
Batch 100, Loss: 0.7531
Epoch 85 learning rate: 0.06167226819279532
Epoch 85 time: 91.38684058189392 seconds
Epoch 85 accuracy: 70.61%
Batch 100, Loss: 0.7360
Epoch 86 learning rate: 0.06090716206982718
Epoch 86 time: 91.32321429252625 seconds
Epoch 86 accuracy: 70.89%
Batch 100, Loss: 0.7387
Epoch 87 learning rate: 0.06013936476782568
Epoch 87 time: 91.1580581665039 seconds
Epoch 87 accuracy: 70.94%
Batch 100, Loss: 0.7309
Epoch 88 learning rate: 0.05936906572928629
Epoch 88 time: 91.27030420303345 seconds
Epoch 88 accuracy: 70.95%
Batch 100, Loss: 0.7177
Epoch 89 learning rate: 0.05859645501397052
Epoch 89 time: 91.13676953315735 seconds
Epoch 89 accuracy: 70.91%
Batch 100, Loss: 0.7078
Epoch 90 learning rate: 0.05782172325201159
Epoch 90 time: 91.16294407844543 seconds
Epoch 90 accuracy: 71.53%
Batch 100, Loss: 0.6934
Epoch 91 learning rate: 0.057045061596879186
Epoch 91 time: 91.36343479156494 seconds
Epoch 91 accuracy: 70.73%
Batch 100, Loss: 0.7053
Epoch 92 learning rate: 0.056266661678215264
Epoch 92 time: 91.17195916175842 seconds
Epoch 92 accuracy: 70.66%
Batch 100, Loss: 0.6955
Epoch 93 learning rate: 0.055486715554552306
Epoch 93 time: 91.07818961143494 seconds
Epoch 93 accuracy: 72.35%
Batch 100, Loss: 0.6925
Epoch 94 learning rate: 0.05470541566592575
Epoch 94 time: 91.24974298477173 seconds
Epoch 94 accuracy: 72.16%
Batch 100, Loss: 0.6638
Epoch 95 learning rate: 0.05392295478639229
Epoch 95 time: 91.3280930519104 seconds
Epoch 95 accuracy: 71.41%
Batch 100, Loss: 0.6572
Epoch 96 learning rate: 0.05313952597646571
Epoch 96 time: 91.1460292339325 seconds
Epoch 96 accuracy: 70.92%
Batch 100, Loss: 0.6444
Epoch 97 learning rate: 0.05235532253548216
Epoch 97 time: 91.32134866714478 seconds
Epoch 97 accuracy: 71.09%
Batch 100, Loss: 0.6446
Epoch 98 learning rate: 0.051570537953906447
Epoch 98 time: 91.29063558578491 seconds
Epoch 98 accuracy: 71.98%
Batch 100, Loss: 0.6262
Epoch 99 learning rate: 0.05078536586559106
Epoch 99 time: 91.10531210899353 seconds
Epoch 99 accuracy: 71.64%
Batch 100, Loss: 0.6328
Epoch 100 learning rate: 0.050000000000000024
Epoch 100 time: 91.14514470100403 seconds
Epoch 100 accuracy: 72.94%
Batch 100, Loss: 0.6296
Epoch 101 learning rate: 0.049214634134409
Epoch 101 time: 91.28465437889099 seconds
Epoch 101 accuracy: 72.16%
Batch 100, Loss: 0.6234
Epoch 102 learning rate: 0.04842946204609361
Epoch 102 time: 91.15924763679504 seconds
Epoch 102 accuracy: 72.67%
Batch 100, Loss: 0.6100
Epoch 103 learning rate: 0.04764467746451789
Epoch 103 time: 91.3040726184845 seconds
Epoch 103 accuracy: 72.51%
Batch 100, Loss: 0.6042
Epoch 104 learning rate: 0.046860474023534354
Epoch 104 time: 91.33531618118286 seconds
Epoch 104 accuracy: 72.25%
Batch 100, Loss: 0.5852
Epoch 105 learning rate: 0.04607704521360778
Epoch 105 time: 91.31946039199829 seconds
Epoch 105 accuracy: 72.68%
Batch 100, Loss: 0.5803
Epoch 106 learning rate: 0.04529458433407431
Epoch 106 time: 91.14597511291504 seconds
Epoch 106 accuracy: 73.67%
Batch 100, Loss: 0.5661
Epoch 107 learning rate: 0.04451328444544776
Epoch 107 time: 91.17065238952637 seconds
Epoch 107 accuracy: 73.61%
Batch 100, Loss: 0.5577
Epoch 108 learning rate: 0.04373333832178482
Epoch 108 time: 91.11845302581787 seconds
Epoch 108 accuracy: 72.44%
Batch 100, Loss: 0.5587
Epoch 109 learning rate: 0.0429549384031209
Epoch 109 time: 91.2699966430664 seconds
Epoch 109 accuracy: 73.47%
Batch 100, Loss: 0.5503
Epoch 110 learning rate: 0.042178276747988484
Epoch 110 time: 91.11899900436401 seconds
Epoch 110 accuracy: 73.14%
Batch 100, Loss: 0.5318
Epoch 111 learning rate: 0.04140354498602954
Epoch 111 time: 91.22504377365112 seconds
Epoch 111 accuracy: 73.27%
Batch 100, Loss: 0.5325
Epoch 112 learning rate: 0.0406309342707138
Epoch 112 time: 91.08649134635925 seconds
Epoch 112 accuracy: 73.03%
Batch 100, Loss: 0.5189
Epoch 113 learning rate: 0.03986063523217441
Epoch 113 time: 91.31464743614197 seconds
Epoch 113 accuracy: 73.16%
Batch 100, Loss: 0.5113
Epoch 114 learning rate: 0.039092837930172916
Epoch 114 time: 91.07679152488708 seconds
Epoch 114 accuracy: 73.21%
Batch 100, Loss: 0.4970
Epoch 115 learning rate: 0.03832773180720475
Epoch 115 time: 91.07972025871277 seconds
Epoch 115 accuracy: 73.88%
Batch 100, Loss: 0.4905
Epoch 116 learning rate: 0.037565505641757285
Epoch 116 time: 91.13455319404602 seconds
Epoch 116 accuracy: 74.02%
Batch 100, Loss: 0.4911
Epoch 117 learning rate: 0.03680634750173138
Epoch 117 time: 91.2840371131897 seconds
Epoch 117 accuracy: 73.42%
Batch 100, Loss: 0.4896
Epoch 118 learning rate: 0.036050444698038565
Epoch 118 time: 91.17285943031311 seconds
Epoch 118 accuracy: 73.71%
Batch 100, Loss: 0.4733
Epoch 119 learning rate: 0.03529798373838483
Epoch 119 time: 91.26053953170776 seconds
Epoch 119 accuracy: 75.16%
Batch 100, Loss: 0.4639
Epoch 120 learning rate: 0.03454915028125267
Epoch 120 time: 91.11590552330017 seconds
Epoch 120 accuracy: 74.45%
Batch 100, Loss: 0.4486
Epoch 121 learning rate: 0.03380412909009255
Epoch 121 time: 91.27666878700256 seconds
Epoch 121 accuracy: 74.54%
Batch 100, Loss: 0.4458
Epoch 122 learning rate: 0.03306310398773545
Epoch 122 time: 91.16918444633484 seconds
Epoch 122 accuracy: 74.38%
Batch 100, Loss: 0.4379
Epoch 123 learning rate: 0.03232625781103717
Epoch 123 time: 91.27603387832642 seconds
Epoch 123 accuracy: 73.81%
Batch 100, Loss: 0.4255
Epoch 124 learning rate: 0.03159377236576613
Epoch 124 time: 91.16898083686829 seconds
Epoch 124 accuracy: 74.47%
Batch 100, Loss: 0.4179
Epoch 125 learning rate: 0.030865828381745543
Epoch 125 time: 91.28051900863647 seconds
Epoch 125 accuracy: 73.78%
Batch 100, Loss: 0.4185
Epoch 126 learning rate: 0.03014260546826098
Epoch 126 time: 91.2929515838623 seconds
Epoch 126 accuracy: 73.79%
Batch 100, Loss: 0.4026
Epoch 127 learning rate: 0.02942428206974458
Epoch 127 time: 91.08297324180603 seconds
Epoch 127 accuracy: 74.1%
Batch 100, Loss: 0.4014
Epoch 128 learning rate: 0.028711035421746387
Epoch 128 time: 91.10223412513733 seconds
Epoch 128 accuracy: 74.88%
Batch 100, Loss: 0.3954
Epoch 129 learning rate: 0.02800304150720426
Epoch 129 time: 91.2284951210022 seconds
Epoch 129 accuracy: 75.2%
Batch 100, Loss: 0.3788
Epoch 130 learning rate: 0.02730047501302268
Epoch 130 time: 91.29567074775696 seconds
Epoch 130 accuracy: 74.12%
Batch 100, Loss: 0.3776
Epoch 131 learning rate: 0.026603509286971357
Epoch 131 time: 91.28783321380615 seconds
Epoch 131 accuracy: 75.53%
Batch 100, Loss: 0.3614
Epoch 132 learning rate: 0.025912316294914244
Epoch 132 time: 91.25567030906677 seconds
Epoch 132 accuracy: 75.16%
Batch 100, Loss: 0.3585
Epoch 133 learning rate: 0.025227066578379632
Epoch 133 time: 91.0406186580658 seconds
Epoch 133 accuracy: 75.75%
Batch 100, Loss: 0.3502
Epoch 134 learning rate: 0.024547929212481445
Epoch 134 time: 91.13679051399231 seconds
Epoch 134 accuracy: 75.17%
Batch 100, Loss: 0.3421
Epoch 135 learning rate: 0.02387507176420257
Epoch 135 time: 91.28286719322205 seconds
Epoch 135 accuracy: 75.91%
Batch 100, Loss: 0.3383
Epoch 136 learning rate: 0.023208660251050166
Epoch 136 time: 91.16106820106506 seconds
Epoch 136 accuracy: 75.94%
Batch 100, Loss: 0.3349
Epoch 137 learning rate: 0.022548859100093414
Epoch 137 time: 91.14443063735962 seconds
Epoch 137 accuracy: 76.09%
Batch 100, Loss: 0.3205
Epoch 138 learning rate: 0.021895831107393474
Epoch 138 time: 91.24133849143982 seconds
Epoch 138 accuracy: 75.0%
Batch 100, Loss: 0.3171
Epoch 139 learning rate: 0.02124973739783608
Epoch 139 time: 91.21398091316223 seconds
Epoch 139 accuracy: 76.4%
Batch 100, Loss: 0.3082
Epoch 140 learning rate: 0.02061073738537636
Epoch 140 time: 91.27074575424194 seconds
Epoch 140 accuracy: 75.96%
Batch 100, Loss: 0.3021
Epoch 141 learning rate: 0.019978988733705814
Epoch 141 time: 91.14224004745483 seconds
Epoch 141 accuracy: 75.89%
Batch 100, Loss: 0.2939
Epoch 142 learning rate: 0.01935464731735118
Epoch 142 time: 91.22046732902527 seconds
Epoch 142 accuracy: 76.34%
Batch 100, Loss: 0.2872
Epoch 143 learning rate: 0.018737867183214747
Epoch 143 time: 91.18360424041748 seconds
Epoch 143 accuracy: 76.72%
Batch 100, Loss: 0.2858
Epoch 144 learning rate: 0.01812880051256552
Epoch 144 time: 91.12955975532532 seconds
Epoch 144 accuracy: 76.79%
Batch 100, Loss: 0.2756
Epoch 145 learning rate: 0.017527597583490827
Epoch 145 time: 91.32280659675598 seconds
Epoch 145 accuracy: 76.53%
Batch 100, Loss: 0.2742
Epoch 146 learning rate: 0.01693440673381742
Epoch 146 time: 91.06205105781555 seconds
Epoch 146 accuracy: 76.81%
Batch 100, Loss: 0.2641
Epoch 147 learning rate: 0.016349374324511334
Epoch 147 time: 91.31646776199341 seconds
Epoch 147 accuracy: 76.71%
Batch 100, Loss: 0.2615
Epoch 148 learning rate: 0.01577264470356557
Epoch 148 time: 91.1186773777008 seconds
Epoch 148 accuracy: 76.59%
Batch 100, Loss: 0.2640
Epoch 149 learning rate: 0.01520436017038429
Epoch 149 time: 91.15666794776917 seconds
Epoch 149 accuracy: 76.93%
Batch 100, Loss: 0.2480
Epoch 150 learning rate: 0.014644660940672632
Epoch 150 time: 91.0153603553772 seconds
Epoch 150 accuracy: 77.15%
Batch 100, Loss: 0.2426
Epoch 151 learning rate: 0.01409368511184057
Epoch 151 time: 91.27348065376282 seconds
Epoch 151 accuracy: 77.23%
Batch 100, Loss: 0.2433
Epoch 152 learning rate: 0.013551568628929438
Epoch 152 time: 91.08751773834229 seconds
Epoch 152 accuracy: 77.29%
Batch 100, Loss: 0.2361
Epoch 153 learning rate: 0.013018445251069516
Epoch 153 time: 91.16020393371582 seconds
Epoch 153 accuracy: 77.18%
Batch 100, Loss: 0.2322
Epoch 154 learning rate: 0.012494446518477026
Epoch 154 time: 91.2257673740387 seconds
Epoch 154 accuracy: 77.64%
Batch 100, Loss: 0.2249
Epoch 155 learning rate: 0.011979701719998459
Epoch 155 time: 91.16505527496338 seconds
Epoch 155 accuracy: 77.89%
Batch 100, Loss: 0.2146
Epoch 156 learning rate: 0.011474337861210548
Epoch 156 time: 91.09229636192322 seconds
Epoch 156 accuracy: 77.9%
Batch 100, Loss: 0.2139
Epoch 157 learning rate: 0.010978479633083526
Epoch 157 time: 91.32780432701111 seconds
Epoch 157 accuracy: 77.87%
Batch 100, Loss: 0.2075
Epoch 158 learning rate: 0.010492249381215483
Epoch 158 time: 91.26837873458862 seconds
Epoch 158 accuracy: 77.87%
Batch 100, Loss: 0.2022
Epoch 159 learning rate: 0.010015767075645474
Epoch 159 time: 91.24954557418823 seconds
Epoch 159 accuracy: 77.75%
Batch 100, Loss: 0.1968
Epoch 160 learning rate: 0.009549150281252637
Epoch 160 time: 91.09097576141357 seconds
Epoch 160 accuracy: 77.88%
Batch 100, Loss: 0.2031
Epoch 161 learning rate: 0.00909251412874884
Epoch 161 time: 91.08493518829346 seconds
Epoch 161 accuracy: 78.37%
Batch 100, Loss: 0.1969
Epoch 162 learning rate: 0.008645971286271918
Epoch 162 time: 91.3412823677063 seconds
Epoch 162 accuracy: 78.02%
Batch 100, Loss: 0.1937
Epoch 163 learning rate: 0.008209631931586501
Epoch 163 time: 91.31185173988342 seconds
Epoch 163 accuracy: 77.91%
Batch 100, Loss: 0.1908
Epoch 164 learning rate: 0.0077836037248992605
Epoch 164 time: 91.24110054969788 seconds
Epoch 164 accuracy: 78.28%
Batch 100, Loss: 0.1863
Epoch 165 learning rate: 0.0073679917822954055
Epoch 165 time: 91.22506046295166 seconds
Epoch 165 accuracy: 78.1%
Batch 100, Loss: 0.1785
Epoch 166 learning rate: 0.006962898649802815
Epoch 166 time: 91.29351878166199 seconds
Epoch 166 accuracy: 78.45%
Batch 100, Loss: 0.1755
Epoch 167 learning rate: 0.006568424278090438
Epoch 167 time: 91.14206314086914 seconds
Epoch 167 accuracy: 77.91%
Batch 100, Loss: 0.1732
Epoch 168 learning rate: 0.006184665997806824
Epoch 168 time: 91.41076135635376 seconds
Epoch 168 accuracy: 78.25%
Batch 100, Loss: 0.1747
Epoch 169 learning rate: 0.00581171849556533
Epoch 169 time: 91.18984246253967 seconds
Epoch 169 accuracy: 78.26%
Batch 100, Loss: 0.1637
Epoch 170 learning rate: 0.0054496737905816136
Epoch 170 time: 91.28944492340088 seconds
Epoch 170 accuracy: 78.47%
Batch 100, Loss: 0.1671
Epoch 171 learning rate: 0.005098621211969226
Epoch 171 time: 91.16316509246826 seconds
Epoch 171 accuracy: 78.53%
Batch 100, Loss: 0.1631
Epoch 172 learning rate: 0.004758647376699035
Epoch 172 time: 91.16818499565125 seconds
Epoch 172 accuracy: 78.22%
Batch 100, Loss: 0.1647
Epoch 173 learning rate: 0.00442983616822775
Epoch 173 time: 91.27420163154602 seconds
Epoch 173 accuracy: 78.61%
Batch 100, Loss: 0.1629
Epoch 174 learning rate: 0.004112268715800957
Epoch 174 time: 91.18599915504456 seconds
Epoch 174 accuracy: 78.85%
Batch 100, Loss: 0.1592
Epoch 175 learning rate: 0.003806023374435677
Epoch 175 time: 91.35462260246277 seconds
Epoch 175 accuracy: 78.45%
Batch 100, Loss: 0.1579
Epoch 176 learning rate: 0.003511175705587435
Epoch 176 time: 91.26121711730957 seconds
Epoch 176 accuracy: 78.95%
Batch 100, Loss: 0.1544
Epoch 177 learning rate: 0.0032277984585066333
Epoch 177 time: 91.23725891113281 seconds
Epoch 177 accuracy: 78.98%
Batch 100, Loss: 0.1517
Epoch 178 learning rate: 0.002955961552288729
Epoch 178 time: 91.23971772193909 seconds
Epoch 178 accuracy: 78.5%
Batch 100, Loss: 0.1537
Epoch 179 learning rate: 0.0026957320586227366
Epoch 179 time: 91.13506937026978 seconds
Epoch 179 accuracy: 78.68%
Batch 100, Loss: 0.1510
Epoch 180 learning rate: 0.002447174185242325
Epoch 180 time: 91.18848586082458 seconds
Epoch 180 accuracy: 78.65%
Batch 100, Loss: 0.1473
Epoch 181 learning rate: 0.0022103492600834954
Epoch 181 time: 91.1049656867981 seconds
Epoch 181 accuracy: 78.85%
Batch 100, Loss: 0.1483
Epoch 182 learning rate: 0.0019853157161528537
Epoch 182 time: 91.061931848526 seconds
Epoch 182 accuracy: 78.81%
Batch 100, Loss: 0.1425
Epoch 183 learning rate: 0.001772129077110103
Epoch 183 time: 91.14607071876526 seconds
Epoch 183 accuracy: 78.79%
Batch 100, Loss: 0.1408
Epoch 184 learning rate: 0.0015708419435684529
Epoch 184 time: 91.34724307060242 seconds
Epoch 184 accuracy: 78.89%
Batch 100, Loss: 0.1406
Epoch 185 learning rate: 0.0013815039801161732
Epoch 185 time: 91.28580498695374 seconds
Epoch 185 accuracy: 78.87%
Batch 100, Loss: 0.1415
Epoch 186 learning rate: 0.0012041619030626347
Epoch 186 time: 91.10180258750916 seconds
Epoch 186 accuracy: 78.96%
Batch 100, Loss: 0.1441
Epoch 187 learning rate: 0.0010388594689117077
Epoch 187 time: 91.10048317909241 seconds
Epoch 187 accuracy: 78.98%
Batch 100, Loss: 0.1370
Epoch 188 learning rate: 0.0008856374635655645
Epoch 188 time: 91.36066007614136 seconds
Epoch 188 accuracy: 78.93%
Batch 100, Loss: 0.1410
Epoch 189 learning rate: 0.000744533692261307
Epoch 189 time: 91.27765107154846 seconds
Epoch 189 accuracy: 78.92%
Batch 100, Loss: 0.1423
Epoch 190 learning rate: 0.0006155829702431174
Epoch 190 time: 91.3806664943695 seconds
Epoch 190 accuracy: 78.92%
Batch 100, Loss: 0.1388
Epoch 191 learning rate: 0.0004988171141721235
Epoch 191 time: 91.34102892875671 seconds
Epoch 191 accuracy: 79.13%
Batch 100, Loss: 0.1382
Epoch 192 learning rate: 0.00039426493427611206
Epoch 192 time: 91.11455798149109 seconds
Epoch 192 accuracy: 79.02%
Batch 100, Loss: 0.1401
Epoch 193 learning rate: 0.00030195222724102046
Epoch 193 time: 91.26502728462219 seconds
Epoch 193 accuracy: 79.04%
Batch 100, Loss: 0.1360
Epoch 194 learning rate: 0.00022190176984600036
Epoch 194 time: 91.09481620788574 seconds
Epoch 194 accuracy: 78.83%
Batch 100, Loss: 0.1411
Epoch 195 learning rate: 0.00015413331334360192
Epoch 195 time: 91.1937427520752 seconds
Epoch 195 accuracy: 79.13%
Batch 100, Loss: 0.1346
Epoch 196 learning rate: 9.866357858642213e-05
Epoch 196 time: 91.31082224845886 seconds
Epoch 196 accuracy: 78.95%
Batch 100, Loss: 0.1333
Epoch 197 learning rate: 5.5506251901504864e-05
Epoch 197 time: 91.09301137924194 seconds
Epoch 197 accuracy: 79.07%
Batch 100, Loss: 0.1347
Epoch 198 learning rate: 2.4671981713420017e-05
Epoch 198 time: 91.33509516716003 seconds
Epoch 198 accuracy: 79.07%
Batch 100, Loss: 0.1340
Epoch 199 learning rate: 6.168375916970619e-06
Epoch 199 time: 91.10091948509216 seconds
Epoch 199 accuracy: 79.1%
Batch 100, Loss: 0.1369
Epoch 200 learning rate: 0.0
Epoch 200 time: 91.27395153045654 seconds
Epoch 200 accuracy: 78.89%
Total training time: 18253.1194524765 seconds
