The following modules were not unloaded:
  (Use "module --force purge" to unload all):

  1) CCconfig        6)  ucx/1.14.1         11) flexiblas/3.3.1
  2) gentoo/2023     7)  libfabric/1.18.0   12) imkl/2023.2.0
  3) gcccore/.12.3   8)  pmix/4.2.4         13) StdEnv/2023
  4) gcc/12.3        9)  ucc/1.2.0
  5) hwloc/2.9.1     10) openmpi/4.1.5
/project/6070520/tkleinkn/Vanilla-GAM/main_cifar.py:165: UserWarning: You have chosen a specific GPU. This will completely disable data parallelism.
  warnings.warn('You have chosen a specific GPU. This will completely '
model name space ['resnet101_c', 'resnet152_c', 'resnet18_c', 'resnet34_c', 'resnet50_c']
Use GPU: 0 for training
=> creating model 'resnet18_c'
Files already downloaded and verified
Files already downloaded and verified
tensorboard dir ./results/CIFAR100/GAM
Batch 100, Loss: 3.7253
Epoch 1 learning rate: 0.09999383162408304
Epoch 1 time: 100.41980195045471 seconds
Epoch 1 accuracy: 9.53%
Batch 100, Loss: 3.3848
Epoch 2 learning rate: 0.09997532801828658
Epoch 2 time: 91.95319509506226 seconds
Epoch 2 accuracy: 12.82%
Batch 100, Loss: 3.2040
Epoch 3 learning rate: 0.09994449374809851
Epoch 3 time: 91.82298398017883 seconds
Epoch 3 accuracy: 18.88%
Batch 100, Loss: 2.9809
Epoch 4 learning rate: 0.09990133642141359
Epoch 4 time: 91.65435934066772 seconds
Epoch 4 accuracy: 24.52%
Batch 100, Loss: 2.7544
Epoch 5 learning rate: 0.09984586668665642
Epoch 5 time: 91.60330390930176 seconds
Epoch 5 accuracy: 27.65%
Batch 100, Loss: 2.5411
Epoch 6 learning rate: 0.09977809823015402
Epoch 6 time: 91.69171667098999 seconds
Epoch 6 accuracy: 30.46%
Batch 100, Loss: 2.3416
Epoch 7 learning rate: 0.09969804777275901
Epoch 7 time: 91.7232391834259 seconds
Epoch 7 accuracy: 39.98%
Batch 100, Loss: 2.1681
Epoch 8 learning rate: 0.09960573506572391
Epoch 8 time: 91.59941697120667 seconds
Epoch 8 accuracy: 44.45%
Batch 100, Loss: 2.0295
Epoch 9 learning rate: 0.09950118288582789
Epoch 9 time: 91.53929686546326 seconds
Epoch 9 accuracy: 47.39%
Batch 100, Loss: 1.9315
Epoch 10 learning rate: 0.09938441702975691
Epoch 10 time: 91.5361557006836 seconds
Epoch 10 accuracy: 51.27%
Batch 100, Loss: 1.8249
Epoch 11 learning rate: 0.09925546630773871
Epoch 11 time: 91.50724172592163 seconds
Epoch 11 accuracy: 52.76%
Batch 100, Loss: 1.7472
Epoch 12 learning rate: 0.09911436253643445
Epoch 12 time: 91.6216287612915 seconds
Epoch 12 accuracy: 54.28%
Batch 100, Loss: 1.6899
Epoch 13 learning rate: 0.0989611405310883
Epoch 13 time: 91.3453311920166 seconds
Epoch 13 accuracy: 54.09%
Batch 100, Loss: 1.6278
Epoch 14 learning rate: 0.09879583809693739
Epoch 14 time: 91.70511770248413 seconds
Epoch 14 accuracy: 54.92%
Batch 100, Loss: 1.5928
Epoch 15 learning rate: 0.09861849601988384
Epoch 15 time: 91.64318656921387 seconds
Epoch 15 accuracy: 57.34%
Batch 100, Loss: 1.5530
Epoch 16 learning rate: 0.09842915805643157
Epoch 16 time: 91.58879899978638 seconds
Epoch 16 accuracy: 57.96%
Batch 100, Loss: 1.5124
Epoch 17 learning rate: 0.09822787092288993
Epoch 17 time: 91.70395588874817 seconds
Epoch 17 accuracy: 59.77%
Batch 100, Loss: 1.4596
Epoch 18 learning rate: 0.09801468428384717
Epoch 18 time: 91.83133339881897 seconds
Epoch 18 accuracy: 59.85%
Batch 100, Loss: 1.4372
Epoch 19 learning rate: 0.09778965073991652
Epoch 19 time: 91.5893452167511 seconds
Epoch 19 accuracy: 60.46%
Batch 100, Loss: 1.4273
Epoch 20 learning rate: 0.0975528258147577
Epoch 20 time: 91.53765940666199 seconds
Epoch 20 accuracy: 61.06%
Batch 100, Loss: 1.3966
Epoch 21 learning rate: 0.09730426794137728
Epoch 21 time: 91.5326521396637 seconds
Epoch 21 accuracy: 61.0%
Batch 100, Loss: 1.3832
Epoch 22 learning rate: 0.09704403844771128
Epoch 22 time: 91.75891780853271 seconds
Epoch 22 accuracy: 59.48%
Batch 100, Loss: 1.3607
Epoch 23 learning rate: 0.09677220154149338
Epoch 23 time: 91.51810550689697 seconds
Epoch 23 accuracy: 63.36%
Batch 100, Loss: 1.3252
Epoch 24 learning rate: 0.09648882429441258
Epoch 24 time: 91.48841428756714 seconds
Epoch 24 accuracy: 63.67%
Batch 100, Loss: 1.3075
Epoch 25 learning rate: 0.09619397662556435
Epoch 25 time: 91.48272824287415 seconds
Epoch 25 accuracy: 61.37%
Batch 100, Loss: 1.2957
Epoch 26 learning rate: 0.09588773128419906
Epoch 26 time: 91.50208616256714 seconds
Epoch 26 accuracy: 62.62%
Batch 100, Loss: 1.2759
Epoch 27 learning rate: 0.09557016383177226
Epoch 27 time: 91.4126136302948 seconds
Epoch 27 accuracy: 64.42%
Batch 100, Loss: 1.2708
Epoch 28 learning rate: 0.09524135262330098
Epoch 28 time: 91.68615412712097 seconds
Epoch 28 accuracy: 64.54%
Batch 100, Loss: 1.2389
Epoch 29 learning rate: 0.09490137878803079
Epoch 29 time: 91.36679124832153 seconds
Epoch 29 accuracy: 65.24%
Batch 100, Loss: 1.2504
Epoch 30 learning rate: 0.0945503262094184
Epoch 30 time: 91.54025077819824 seconds
Epoch 30 accuracy: 64.43%
Batch 100, Loss: 1.2419
Epoch 31 learning rate: 0.0941882815044347
Epoch 31 time: 91.48853945732117 seconds
Epoch 31 accuracy: 65.5%
Batch 100, Loss: 1.2192
Epoch 32 learning rate: 0.09381533400219319
Epoch 32 time: 91.62591028213501 seconds
Epoch 32 accuracy: 64.48%
Batch 100, Loss: 1.2087
Epoch 33 learning rate: 0.09343157572190958
Epoch 33 time: 91.57800054550171 seconds
Epoch 33 accuracy: 66.09%
Batch 100, Loss: 1.1944
Epoch 34 learning rate: 0.0930371013501972
Epoch 34 time: 91.67826628684998 seconds
Epoch 34 accuracy: 65.65%
Batch 100, Loss: 1.1845
Epoch 35 learning rate: 0.09263200821770463
Epoch 35 time: 91.57009840011597 seconds
Epoch 35 accuracy: 65.92%
Batch 100, Loss: 1.1646
Epoch 36 learning rate: 0.09221639627510078
Epoch 36 time: 91.46568489074707 seconds
Epoch 36 accuracy: 66.11%
Batch 100, Loss: 1.1643
Epoch 37 learning rate: 0.09179036806841355
Epoch 37 time: 91.54271388053894 seconds
Epoch 37 accuracy: 66.12%
Batch 100, Loss: 1.1527
Epoch 38 learning rate: 0.09135402871372812
Epoch 38 time: 91.42877721786499 seconds
Epoch 38 accuracy: 66.11%
Batch 100, Loss: 1.1395
Epoch 39 learning rate: 0.0909074858712512
Epoch 39 time: 91.40415954589844 seconds
Epoch 39 accuracy: 66.65%
Batch 100, Loss: 1.1425
Epoch 40 learning rate: 0.09045084971874741
Epoch 40 time: 91.45362401008606 seconds
Epoch 40 accuracy: 67.16%
Batch 100, Loss: 1.1234
Epoch 41 learning rate: 0.08998423292435458
Epoch 41 time: 91.52002215385437 seconds
Epoch 41 accuracy: 65.81%
Batch 100, Loss: 1.1157
Epoch 42 learning rate: 0.08950775061878455
Epoch 42 time: 91.73012852668762 seconds
Epoch 42 accuracy: 68.34%
Batch 100, Loss: 1.1046
Epoch 43 learning rate: 0.08902152036691653
Epoch 43 time: 91.56085681915283 seconds
Epoch 43 accuracy: 66.84%
Batch 100, Loss: 1.0824
Epoch 44 learning rate: 0.08852566213878951
Epoch 44 time: 91.5060703754425 seconds
Epoch 44 accuracy: 67.58%
Batch 100, Loss: 1.0798
Epoch 45 learning rate: 0.0880202982800016
Epoch 45 time: 91.53284955024719 seconds
Epoch 45 accuracy: 67.45%
Batch 100, Loss: 1.0827
Epoch 46 learning rate: 0.08750555348152303
Epoch 46 time: 91.35308337211609 seconds
Epoch 46 accuracy: 67.05%
Batch 100, Loss: 1.0743
Epoch 47 learning rate: 0.08698155474893052
Epoch 47 time: 91.69061088562012 seconds
Epoch 47 accuracy: 67.78%
Batch 100, Loss: 1.0771
Epoch 48 learning rate: 0.08644843137107061
Epoch 48 time: 92.02008509635925 seconds
Epoch 48 accuracy: 67.19%
Batch 100, Loss: 1.0555
Epoch 49 learning rate: 0.08590631488815947
Epoch 49 time: 91.6662220954895 seconds
Epoch 49 accuracy: 67.45%
Batch 100, Loss: 1.0441
Epoch 50 learning rate: 0.0853553390593274
Epoch 50 time: 91.49230480194092 seconds
Epoch 50 accuracy: 67.47%
Batch 100, Loss: 1.0343
Epoch 51 learning rate: 0.08479563982961574
Epoch 51 time: 91.7242124080658 seconds
Epoch 51 accuracy: 67.91%
Batch 100, Loss: 1.0641
Epoch 52 learning rate: 0.08422735529643446
Epoch 52 time: 91.50721096992493 seconds
Epoch 52 accuracy: 69.15%
Batch 100, Loss: 1.0286
Epoch 53 learning rate: 0.08365062567548869
Epoch 53 time: 91.56577610969543 seconds
Epoch 53 accuracy: 68.28%
Batch 100, Loss: 1.0204
Epoch 54 learning rate: 0.08306559326618261
Epoch 54 time: 91.4735586643219 seconds
Epoch 54 accuracy: 67.77%
Batch 100, Loss: 1.0142
Epoch 55 learning rate: 0.0824724024165092
Epoch 55 time: 91.50283765792847 seconds
Epoch 55 accuracy: 69.91%
Batch 100, Loss: 1.0131
Epoch 56 learning rate: 0.0818711994874345
Epoch 56 time: 91.71150970458984 seconds
Epoch 56 accuracy: 68.45%
Batch 100, Loss: 1.0060
Epoch 57 learning rate: 0.08126213281678528
Epoch 57 time: 91.49235320091248 seconds
Epoch 57 accuracy: 69.26%
Batch 100, Loss: 1.0113
Epoch 58 learning rate: 0.08064535268264884
Epoch 58 time: 91.68560814857483 seconds
Epoch 58 accuracy: 67.88%
Batch 100, Loss: 0.9929
Epoch 59 learning rate: 0.08002101126629421
Epoch 59 time: 91.45849776268005 seconds
Epoch 59 accuracy: 69.28%
Batch 100, Loss: 0.9773
Epoch 60 learning rate: 0.07938926261462367
Epoch 60 time: 91.73127746582031 seconds
Epoch 60 accuracy: 69.45%
Batch 100, Loss: 0.9835
Epoch 61 learning rate: 0.07875026260216395
Epoch 61 time: 91.50705075263977 seconds
Epoch 61 accuracy: 68.86%
Batch 100, Loss: 0.9841
Epoch 62 learning rate: 0.07810416889260656
Epoch 62 time: 91.58899450302124 seconds
Epoch 62 accuracy: 69.38%
Batch 100, Loss: 0.9655
Epoch 63 learning rate: 0.07745114089990661
Epoch 63 time: 91.52873134613037 seconds
Epoch 63 accuracy: 68.66%
Batch 100, Loss: 0.9575
Epoch 64 learning rate: 0.07679133974894985
Epoch 64 time: 91.5171229839325 seconds
Epoch 64 accuracy: 69.48%
Batch 100, Loss: 0.9518
Epoch 65 learning rate: 0.07612492823579746
Epoch 65 time: 91.45837473869324 seconds
Epoch 65 accuracy: 70.57%
Batch 100, Loss: 0.9544
Epoch 66 learning rate: 0.07545207078751859
Epoch 66 time: 91.56006860733032 seconds
Epoch 66 accuracy: 69.64%
Batch 100, Loss: 0.9408
Epoch 67 learning rate: 0.0747729334216204
Epoch 67 time: 91.67460298538208 seconds
Epoch 67 accuracy: 69.45%
Batch 100, Loss: 0.9444
Epoch 68 learning rate: 0.07408768370508578
Epoch 68 time: 91.62993884086609 seconds
Epoch 68 accuracy: 70.43%
Batch 100, Loss: 0.9336
Epoch 69 learning rate: 0.0733964907130287
Epoch 69 time: 91.56333518028259 seconds
Epoch 69 accuracy: 69.9%
Batch 100, Loss: 0.9254
Epoch 70 learning rate: 0.07269952498697736
Epoch 70 time: 91.67265796661377 seconds
Epoch 70 accuracy: 70.83%
Batch 100, Loss: 0.9056
Epoch 71 learning rate: 0.07199695849279578
Epoch 71 time: 91.5901620388031 seconds
Epoch 71 accuracy: 72.06%
Batch 100, Loss: 0.9049
Epoch 72 learning rate: 0.07128896457825366
Epoch 72 time: 91.71920728683472 seconds
Epoch 72 accuracy: 69.55%
Batch 100, Loss: 0.9129
Epoch 73 learning rate: 0.07057571793025548
Epoch 73 time: 91.40339279174805 seconds
Epoch 73 accuracy: 69.64%
Batch 100, Loss: 0.9030
Epoch 74 learning rate: 0.06985739453173906
Epoch 74 time: 91.6549870967865 seconds
Epoch 74 accuracy: 69.76%
Batch 100, Loss: 0.9002
Epoch 75 learning rate: 0.06913417161825453
Epoch 75 time: 91.40031504631042 seconds
Epoch 75 accuracy: 71.56%
Batch 100, Loss: 0.8874
Epoch 76 learning rate: 0.06840622763423394
Epoch 76 time: 91.4873526096344 seconds
Epoch 76 accuracy: 70.69%
Batch 100, Loss: 0.8794
Epoch 77 learning rate: 0.0676737421889629
Epoch 77 time: 91.54140615463257 seconds
Epoch 77 accuracy: 70.79%
Batch 100, Loss: 0.8751
Epoch 78 learning rate: 0.06693689601226462
Epoch 78 time: 91.68357920646667 seconds
Epoch 78 accuracy: 72.01%
Batch 100, Loss: 0.8522
Epoch 79 learning rate: 0.06619587090990751
Epoch 79 time: 91.57875347137451 seconds
Epoch 79 accuracy: 71.78%
Batch 100, Loss: 0.8503
Epoch 80 learning rate: 0.06545084971874741
Epoch 80 time: 91.69097471237183 seconds
Epoch 80 accuracy: 71.3%
Batch 100, Loss: 0.8383
Epoch 81 learning rate: 0.06470201626161524
Epoch 81 time: 91.4898829460144 seconds
Epoch 81 accuracy: 71.6%
Batch 100, Loss: 0.8407
Epoch 82 learning rate: 0.06394955530196152
Epoch 82 time: 91.50494313240051 seconds
Epoch 82 accuracy: 72.01%
Batch 100, Loss: 0.8503
Epoch 83 learning rate: 0.06319365249826868
Epoch 83 time: 91.7439284324646 seconds
Epoch 83 accuracy: 72.69%
Batch 100, Loss: 0.8306
Epoch 84 learning rate: 0.06243449435824277
Epoch 84 time: 91.56385040283203 seconds
Epoch 84 accuracy: 71.11%
Batch 100, Loss: 0.8206
Epoch 85 learning rate: 0.06167226819279532
Epoch 85 time: 91.53640651702881 seconds
Epoch 85 accuracy: 71.47%
Batch 100, Loss: 0.8218
Epoch 86 learning rate: 0.06090716206982718
Epoch 86 time: 91.70682096481323 seconds
Epoch 86 accuracy: 71.66%
Batch 100, Loss: 0.8161
Epoch 87 learning rate: 0.06013936476782568
Epoch 87 time: 91.6643877029419 seconds
Epoch 87 accuracy: 72.1%
Batch 100, Loss: 0.8014
Epoch 88 learning rate: 0.05936906572928629
Epoch 88 time: 91.61611342430115 seconds
Epoch 88 accuracy: 72.25%
Batch 100, Loss: 0.7981
Epoch 89 learning rate: 0.05859645501397052
Epoch 89 time: 91.63932418823242 seconds
Epoch 89 accuracy: 72.56%
Batch 100, Loss: 0.7845
Epoch 90 learning rate: 0.05782172325201159
Epoch 90 time: 91.50378966331482 seconds
Epoch 90 accuracy: 72.77%
Batch 100, Loss: 0.7843
Epoch 91 learning rate: 0.057045061596879186
Epoch 91 time: 91.51805424690247 seconds
Epoch 91 accuracy: 73.01%
Batch 100, Loss: 0.7740
Epoch 92 learning rate: 0.056266661678215264
Epoch 92 time: 91.57565808296204 seconds
Epoch 92 accuracy: 72.17%
Batch 100, Loss: 0.7694
Epoch 93 learning rate: 0.055486715554552306
Epoch 93 time: 91.49022245407104 seconds
Epoch 93 accuracy: 72.9%
Batch 100, Loss: 0.7682
Epoch 94 learning rate: 0.05470541566592575
Epoch 94 time: 91.76985907554626 seconds
Epoch 94 accuracy: 72.8%
Batch 100, Loss: 0.7529
Epoch 95 learning rate: 0.05392295478639229
Epoch 95 time: 91.6052017211914 seconds
Epoch 95 accuracy: 71.48%
Batch 100, Loss: 0.7498
Epoch 96 learning rate: 0.05313952597646571
Epoch 96 time: 91.73591804504395 seconds
Epoch 96 accuracy: 73.15%
Batch 100, Loss: 0.7526
Epoch 97 learning rate: 0.05235532253548216
Epoch 97 time: 91.69609069824219 seconds
Epoch 97 accuracy: 72.58%
Batch 100, Loss: 0.7414
Epoch 98 learning rate: 0.051570537953906447
Epoch 98 time: 91.66123175621033 seconds
Epoch 98 accuracy: 73.34%
Batch 100, Loss: 0.7281
Epoch 99 learning rate: 0.05078536586559106
Epoch 99 time: 91.59828972816467 seconds
Epoch 99 accuracy: 72.9%
Batch 100, Loss: 0.7254
Epoch 100 learning rate: 0.050000000000000024
Epoch 100 time: 91.45980262756348 seconds
Epoch 100 accuracy: 73.84%
Batch 100, Loss: 0.7187
Epoch 101 learning rate: 0.049214634134409
Epoch 101 time: 91.83199453353882 seconds
Epoch 101 accuracy: 73.96%
Batch 100, Loss: 0.7061
Epoch 102 learning rate: 0.04842946204609361
Epoch 102 time: 91.62114477157593 seconds
Epoch 102 accuracy: 73.87%
Batch 100, Loss: 0.6882
Epoch 103 learning rate: 0.04764467746451789
Epoch 103 time: 91.37439060211182 seconds
Epoch 103 accuracy: 72.72%
Batch 100, Loss: 0.6964
Epoch 104 learning rate: 0.046860474023534354
Epoch 104 time: 91.3996033668518 seconds
Epoch 104 accuracy: 73.93%
Batch 100, Loss: 0.6854
Epoch 105 learning rate: 0.04607704521360778
Epoch 105 time: 91.74760246276855 seconds
Epoch 105 accuracy: 73.98%
Batch 100, Loss: 0.6770
Epoch 106 learning rate: 0.04529458433407431
Epoch 106 time: 91.60233330726624 seconds
Epoch 106 accuracy: 72.57%
Batch 100, Loss: 0.6622
Epoch 107 learning rate: 0.04451328444544776
Epoch 107 time: 91.49939632415771 seconds
Epoch 107 accuracy: 73.52%
Batch 100, Loss: 0.6608
Epoch 108 learning rate: 0.04373333832178482
Epoch 108 time: 91.49903297424316 seconds
Epoch 108 accuracy: 74.55%
Batch 100, Loss: 0.6448
Epoch 109 learning rate: 0.0429549384031209
Epoch 109 time: 91.5117244720459 seconds
Epoch 109 accuracy: 74.15%
Batch 100, Loss: 0.6449
Epoch 110 learning rate: 0.042178276747988484
Epoch 110 time: 91.72680401802063 seconds
Epoch 110 accuracy: 74.25%
Batch 100, Loss: 0.6434
Epoch 111 learning rate: 0.04140354498602954
Epoch 111 time: 91.74367189407349 seconds
Epoch 111 accuracy: 74.14%
Batch 100, Loss: 0.6448
Epoch 112 learning rate: 0.0406309342707138
Epoch 112 time: 91.62439608573914 seconds
Epoch 112 accuracy: 73.5%
Batch 100, Loss: 0.6244
Epoch 113 learning rate: 0.03986063523217441
Epoch 113 time: 91.85909485816956 seconds
Epoch 113 accuracy: 74.6%
Batch 100, Loss: 0.6133
Epoch 114 learning rate: 0.039092837930172916
Epoch 114 time: 91.63653540611267 seconds
Epoch 114 accuracy: 74.98%
Batch 100, Loss: 0.6007
Epoch 115 learning rate: 0.03832773180720475
Epoch 115 time: 91.41979598999023 seconds
Epoch 115 accuracy: 75.54%
Batch 100, Loss: 0.6134
Epoch 116 learning rate: 0.037565505641757285
Epoch 116 time: 91.69202733039856 seconds
Epoch 116 accuracy: 74.76%
Batch 100, Loss: 0.5801
Epoch 117 learning rate: 0.03680634750173138
Epoch 117 time: 91.3999252319336 seconds
Epoch 117 accuracy: 75.17%
Batch 100, Loss: 0.5894
Epoch 118 learning rate: 0.036050444698038565
Epoch 118 time: 91.69273638725281 seconds
Epoch 118 accuracy: 76.12%
Batch 100, Loss: 0.5782
Epoch 119 learning rate: 0.03529798373838483
Epoch 119 time: 91.63864946365356 seconds
Epoch 119 accuracy: 75.55%
Batch 100, Loss: 0.5682
Epoch 120 learning rate: 0.03454915028125267
Epoch 120 time: 91.39972281455994 seconds
Epoch 120 accuracy: 75.06%
Batch 100, Loss: 0.5655
Epoch 121 learning rate: 0.03380412909009255
Epoch 121 time: 91.41387367248535 seconds
Epoch 121 accuracy: 75.75%
Batch 100, Loss: 0.5612
Epoch 122 learning rate: 0.03306310398773545
Epoch 122 time: 91.6064989566803 seconds
Epoch 122 accuracy: 76.23%
Batch 100, Loss: 0.5424
Epoch 123 learning rate: 0.03232625781103717
Epoch 123 time: 91.75636959075928 seconds
Epoch 123 accuracy: 75.8%
Batch 100, Loss: 0.5315
Epoch 124 learning rate: 0.03159377236576613
Epoch 124 time: 91.8026134967804 seconds
Epoch 124 accuracy: 76.1%
Batch 100, Loss: 0.5285
Epoch 125 learning rate: 0.030865828381745543
Epoch 125 time: 91.40526390075684 seconds
Epoch 125 accuracy: 76.31%
Batch 100, Loss: 0.5209
Epoch 126 learning rate: 0.03014260546826098
Epoch 126 time: 91.35905313491821 seconds
Epoch 126 accuracy: 76.41%
Batch 100, Loss: 0.5157
Epoch 127 learning rate: 0.02942428206974458
Epoch 127 time: 91.58686876296997 seconds
Epoch 127 accuracy: 77.05%
Batch 100, Loss: 0.5047
Epoch 128 learning rate: 0.028711035421746387
Epoch 128 time: 91.60803437232971 seconds
Epoch 128 accuracy: 76.05%
Batch 100, Loss: 0.4964
Epoch 129 learning rate: 0.02800304150720426
Epoch 129 time: 91.57894992828369 seconds
Epoch 129 accuracy: 75.97%
Batch 100, Loss: 0.4852
Epoch 130 learning rate: 0.02730047501302268
Epoch 130 time: 91.56843686103821 seconds
Epoch 130 accuracy: 76.13%
Batch 100, Loss: 0.4873
Epoch 131 learning rate: 0.026603509286971357
Epoch 131 time: 91.54721927642822 seconds
Epoch 131 accuracy: 76.56%
Batch 100, Loss: 0.4849
Epoch 132 learning rate: 0.025912316294914244
Epoch 132 time: 91.55345916748047 seconds
Epoch 132 accuracy: 76.34%
Batch 100, Loss: 0.4758
Epoch 133 learning rate: 0.025227066578379632
Epoch 133 time: 91.64267444610596 seconds
Epoch 133 accuracy: 76.36%
Batch 100, Loss: 0.4606
Epoch 134 learning rate: 0.024547929212481445
Epoch 134 time: 91.76621723175049 seconds
Epoch 134 accuracy: 77.18%
Batch 100, Loss: 0.4552
Epoch 135 learning rate: 0.02387507176420257
Epoch 135 time: 91.67604207992554 seconds
Epoch 135 accuracy: 77.62%
Batch 100, Loss: 0.4444
Epoch 136 learning rate: 0.023208660251050166
Epoch 136 time: 91.56162214279175 seconds
Epoch 136 accuracy: 76.36%
Batch 100, Loss: 0.4440
Epoch 137 learning rate: 0.022548859100093414
Epoch 137 time: 91.66571807861328 seconds
Epoch 137 accuracy: 77.47%
Batch 100, Loss: 0.4247
Epoch 138 learning rate: 0.021895831107393474
Epoch 138 time: 91.52857279777527 seconds
Epoch 138 accuracy: 77.33%
Batch 100, Loss: 0.4270
Epoch 139 learning rate: 0.02124973739783608
Epoch 139 time: 91.61123561859131 seconds
Epoch 139 accuracy: 77.73%
Batch 100, Loss: 0.4256
Epoch 140 learning rate: 0.02061073738537636
Epoch 140 time: 91.42587471008301 seconds
Epoch 140 accuracy: 77.6%
Batch 100, Loss: 0.4058
Epoch 141 learning rate: 0.019978988733705814
Epoch 141 time: 91.51632905006409 seconds
Epoch 141 accuracy: 77.47%
Batch 100, Loss: 0.4088
Epoch 142 learning rate: 0.01935464731735118
Epoch 142 time: 91.5008807182312 seconds
Epoch 142 accuracy: 77.85%
Batch 100, Loss: 0.4045
Epoch 143 learning rate: 0.018737867183214747
Epoch 143 time: 91.49061894416809 seconds
Epoch 143 accuracy: 77.91%
Batch 100, Loss: 0.3972
Epoch 144 learning rate: 0.01812880051256552
Epoch 144 time: 91.36469340324402 seconds
Epoch 144 accuracy: 77.98%
Batch 100, Loss: 0.3859
Epoch 145 learning rate: 0.017527597583490827
Epoch 145 time: 91.40789318084717 seconds
Epoch 145 accuracy: 78.17%
Batch 100, Loss: 0.3875
Epoch 146 learning rate: 0.01693440673381742
Epoch 146 time: 91.44506216049194 seconds
Epoch 146 accuracy: 78.21%
Batch 100, Loss: 0.3820
Epoch 147 learning rate: 0.016349374324511334
Epoch 147 time: 91.28041744232178 seconds
Epoch 147 accuracy: 77.92%
Batch 100, Loss: 0.3630
Epoch 148 learning rate: 0.01577264470356557
Epoch 148 time: 91.43772602081299 seconds
Epoch 148 accuracy: 78.49%
Batch 100, Loss: 0.3593
Epoch 149 learning rate: 0.01520436017038429
Epoch 149 time: 91.36622929573059 seconds
Epoch 149 accuracy: 78.74%
Batch 100, Loss: 0.3583
Epoch 150 learning rate: 0.014644660940672632
Epoch 150 time: 91.40786075592041 seconds
Epoch 150 accuracy: 78.57%
Batch 100, Loss: 0.3419
Epoch 151 learning rate: 0.01409368511184057
Epoch 151 time: 91.41756963729858 seconds
Epoch 151 accuracy: 78.48%
Batch 100, Loss: 0.3516
Epoch 152 learning rate: 0.013551568628929438
Epoch 152 time: 91.40447449684143 seconds
Epoch 152 accuracy: 79.08%
Batch 100, Loss: 0.3377
Epoch 153 learning rate: 0.013018445251069516
Epoch 153 time: 91.33785676956177 seconds
Epoch 153 accuracy: 78.65%
Batch 100, Loss: 0.3323
Epoch 154 learning rate: 0.012494446518477026
Epoch 154 time: 91.3526999950409 seconds
Epoch 154 accuracy: 78.94%
Batch 100, Loss: 0.3350
Epoch 155 learning rate: 0.011979701719998459
Epoch 155 time: 91.34000754356384 seconds
Epoch 155 accuracy: 79.14%
Batch 100, Loss: 0.3257
Epoch 156 learning rate: 0.011474337861210548
Epoch 156 time: 91.429758310318 seconds
Epoch 156 accuracy: 79.1%
Batch 100, Loss: 0.3163
Epoch 157 learning rate: 0.010978479633083526
Epoch 157 time: 91.42237663269043 seconds
Epoch 157 accuracy: 79.35%
Batch 100, Loss: 0.3124
Epoch 158 learning rate: 0.010492249381215483
Epoch 158 time: 91.37115383148193 seconds
Epoch 158 accuracy: 79.37%
Batch 100, Loss: 0.3104
Epoch 159 learning rate: 0.010015767075645474
Epoch 159 time: 91.45949673652649 seconds
Epoch 159 accuracy: 79.7%
Batch 100, Loss: 0.3037
Epoch 160 learning rate: 0.009549150281252637
Epoch 160 time: 91.53422856330872 seconds
Epoch 160 accuracy: 79.64%
Batch 100, Loss: 0.2986
Epoch 161 learning rate: 0.00909251412874884
Epoch 161 time: 91.2811553478241 seconds
Epoch 161 accuracy: 79.59%
Batch 100, Loss: 0.3036
Epoch 162 learning rate: 0.008645971286271918
Epoch 162 time: 91.44297170639038 seconds
Epoch 162 accuracy: 79.41%
Batch 100, Loss: 0.2792
Epoch 163 learning rate: 0.008209631931586501
Epoch 163 time: 91.3255352973938 seconds
Epoch 163 accuracy: 79.62%
Batch 100, Loss: 0.2821
Epoch 164 learning rate: 0.0077836037248992605
Epoch 164 time: 91.31365871429443 seconds
Epoch 164 accuracy: 80.03%
Batch 100, Loss: 0.2833
Epoch 165 learning rate: 0.0073679917822954055
Epoch 165 time: 91.41653823852539 seconds
Epoch 165 accuracy: 79.93%
Batch 100, Loss: 0.2764
Epoch 166 learning rate: 0.006962898649802815
Epoch 166 time: 91.39840245246887 seconds
Epoch 166 accuracy: 80.04%
Batch 100, Loss: 0.2671
Epoch 167 learning rate: 0.006568424278090438
Epoch 167 time: 91.39583253860474 seconds
Epoch 167 accuracy: 79.82%
Batch 100, Loss: 0.2695
Epoch 168 learning rate: 0.006184665997806824
Epoch 168 time: 91.42185306549072 seconds
Epoch 168 accuracy: 79.99%
Batch 100, Loss: 0.2693
Epoch 169 learning rate: 0.00581171849556533
Epoch 169 time: 91.33714389801025 seconds
Epoch 169 accuracy: 80.0%
Batch 100, Loss: 0.2672
Epoch 170 learning rate: 0.0054496737905816136
Epoch 170 time: 91.3677430152893 seconds
Epoch 170 accuracy: 80.19%
Batch 100, Loss: 0.2629
Epoch 171 learning rate: 0.005098621211969226
Epoch 171 time: 91.42608380317688 seconds
Epoch 171 accuracy: 80.38%
Batch 100, Loss: 0.2640
Epoch 172 learning rate: 0.004758647376699035
Epoch 172 time: 91.31594753265381 seconds
Epoch 172 accuracy: 80.08%
Batch 100, Loss: 0.2657
Epoch 173 learning rate: 0.00442983616822775
Epoch 173 time: 91.41972470283508 seconds
Epoch 173 accuracy: 80.48%
Batch 100, Loss: 0.2581
Epoch 174 learning rate: 0.004112268715800957
Epoch 174 time: 91.43077731132507 seconds
Epoch 174 accuracy: 80.39%
Batch 100, Loss: 0.2537
Epoch 175 learning rate: 0.003806023374435677
Epoch 175 time: 91.23308944702148 seconds
Epoch 175 accuracy: 80.36%
Batch 100, Loss: 0.2398
Epoch 176 learning rate: 0.003511175705587435
Epoch 176 time: 91.31797957420349 seconds
Epoch 176 accuracy: 80.6%
Batch 100, Loss: 0.2433
Epoch 177 learning rate: 0.0032277984585066333
Epoch 177 time: 91.34247708320618 seconds
Epoch 177 accuracy: 80.85%
Batch 100, Loss: 0.2389
Epoch 178 learning rate: 0.002955961552288729
Epoch 178 time: 91.55641007423401 seconds
Epoch 178 accuracy: 80.8%
Batch 100, Loss: 0.2416
Epoch 179 learning rate: 0.0026957320586227366
Epoch 179 time: 91.3628180027008 seconds
Epoch 179 accuracy: 80.83%
Batch 100, Loss: 0.2398
Epoch 180 learning rate: 0.002447174185242325
Epoch 180 time: 91.38960123062134 seconds
Epoch 180 accuracy: 80.49%
Batch 100, Loss: 0.2362
Epoch 181 learning rate: 0.0022103492600834954
Epoch 181 time: 91.44957542419434 seconds
Epoch 181 accuracy: 80.88%
Batch 100, Loss: 0.2347
Epoch 182 learning rate: 0.0019853157161528537
Epoch 182 time: 91.4301815032959 seconds
Epoch 182 accuracy: 80.66%
Batch 100, Loss: 0.2386
Epoch 183 learning rate: 0.001772129077110103
Epoch 183 time: 91.22116422653198 seconds
Epoch 183 accuracy: 80.91%
Batch 100, Loss: 0.2395
Epoch 184 learning rate: 0.0015708419435684529
Epoch 184 time: 91.48232007026672 seconds
Epoch 184 accuracy: 80.94%
Batch 100, Loss: 0.2268
Epoch 185 learning rate: 0.0013815039801161732
Epoch 185 time: 91.33663201332092 seconds
Epoch 185 accuracy: 80.83%
Batch 100, Loss: 0.2288
Epoch 186 learning rate: 0.0012041619030626347
Epoch 186 time: 91.41566491127014 seconds
Epoch 186 accuracy: 80.94%
Batch 100, Loss: 0.2255
Epoch 187 learning rate: 0.0010388594689117077
Epoch 187 time: 91.3427484035492 seconds
Epoch 187 accuracy: 80.97%
Batch 100, Loss: 0.2234
Epoch 188 learning rate: 0.0008856374635655645
Epoch 188 time: 91.44141006469727 seconds
Epoch 188 accuracy: 81.16%
Batch 100, Loss: 0.2194
Epoch 189 learning rate: 0.000744533692261307
Epoch 189 time: 91.40627336502075 seconds
Epoch 189 accuracy: 81.07%
Batch 100, Loss: 0.2276
Epoch 190 learning rate: 0.0006155829702431174
Epoch 190 time: 91.4315664768219 seconds
Epoch 190 accuracy: 80.84%
Batch 100, Loss: 0.2250
Epoch 191 learning rate: 0.0004988171141721235
Epoch 191 time: 91.48321413993835 seconds
Epoch 191 accuracy: 81.03%
Batch 100, Loss: 0.2265
Epoch 192 learning rate: 0.00039426493427611206
Epoch 192 time: 91.56492376327515 seconds
Epoch 192 accuracy: 81.11%
Batch 100, Loss: 0.2230
Epoch 193 learning rate: 0.00030195222724102046
Epoch 193 time: 91.38243126869202 seconds
Epoch 193 accuracy: 81.22%
Batch 100, Loss: 0.2219
Epoch 194 learning rate: 0.00022190176984600036
Epoch 194 time: 91.32092022895813 seconds
Epoch 194 accuracy: 81.04%
Batch 100, Loss: 0.2242
Epoch 195 learning rate: 0.00015413331334360192
Epoch 195 time: 91.435378074646 seconds
Epoch 195 accuracy: 81.0%
Batch 100, Loss: 0.2288
Epoch 196 learning rate: 9.866357858642213e-05
Epoch 196 time: 91.31666827201843 seconds
Epoch 196 accuracy: 80.94%
Batch 100, Loss: 0.2243
Epoch 197 learning rate: 5.5506251901504864e-05
Epoch 197 time: 91.33860611915588 seconds
Epoch 197 accuracy: 80.87%
Batch 100, Loss: 0.2238
Epoch 198 learning rate: 2.4671981713420017e-05
Epoch 198 time: 91.34861302375793 seconds
Epoch 198 accuracy: 81.18%
Batch 100, Loss: 0.2237
Epoch 199 learning rate: 6.168375916970619e-06
Epoch 199 time: 91.38242506980896 seconds
Epoch 199 accuracy: 81.13%
Batch 100, Loss: 0.2219
Epoch 200 learning rate: 0.0
Epoch 200 time: 91.4038622379303 seconds
Epoch 200 accuracy: 81.17%
Total training time: 18315.05303835869 seconds
