The following modules were not unloaded:
  (Use "module --force purge" to unload all):

  1) CCconfig        6)  ucx/1.14.1         11) flexiblas/3.3.1
  2) gentoo/2023     7)  libfabric/1.18.0   12) imkl/2023.2.0
  3) gcccore/.12.3   8)  pmix/4.2.4         13) StdEnv/2023
  4) gcc/12.3        9)  ucc/1.2.0
  5) hwloc/2.9.1     10) openmpi/4.1.5
/project/6070520/tkleinkn/Vanilla-GAM/main_cifar.py:159: UserWarning: You have chosen a specific GPU. This will completely disable data parallelism.
  warnings.warn('You have chosen a specific GPU. This will completely '
model name space ['resnet101_c', 'resnet152_c', 'resnet18_c', 'resnet34_c', 'resnet50_c']
Use GPU: 0 for training
=> creating model 'resnet18_c'
Files already downloaded and verified
Files already downloaded and verified
tensorboard dir ./results/CIFAR10/GAM
Batch 50, Loss: 2.5592
Batch 100, Loss: 1.6629
Batch 150, Loss: 1.5240
Epoch 1 learning rate: 0.09999383162408304
Epoch 1 time: 100.20582842826843 seconds
Epoch 1 accuracy: 25.84%
Batch 50, Loss: 1.4634
Batch 100, Loss: 1.4114
Batch 150, Loss: 1.3563
Epoch 2 learning rate: 0.09997532801828658
Epoch 2 time: 91.17579746246338 seconds
Epoch 2 accuracy: 37.31%
Batch 50, Loss: 1.2682
Batch 100, Loss: 1.2379
Batch 150, Loss: 1.2061
Epoch 3 learning rate: 0.09994449374809851
Epoch 3 time: 91.24235582351685 seconds
Epoch 3 accuracy: 43.47%
Batch 50, Loss: 1.1688
Batch 100, Loss: 1.1387
Batch 150, Loss: 1.1055
Epoch 4 learning rate: 0.09990133642141359
Epoch 4 time: 91.20218515396118 seconds
Epoch 4 accuracy: 48.26%
Batch 50, Loss: 1.0486
Batch 100, Loss: 1.0335
Batch 150, Loss: 0.9968
Epoch 5 learning rate: 0.09984586668665642
Epoch 5 time: 91.23914957046509 seconds
Epoch 5 accuracy: 54.51%
Batch 50, Loss: 0.9473
Batch 100, Loss: 0.9124
Batch 150, Loss: 0.8824
Epoch 6 learning rate: 0.09977809823015402
Epoch 6 time: 91.20231246948242 seconds
Epoch 6 accuracy: 60.07%
Batch 50, Loss: 0.8366
Batch 100, Loss: 0.8105
Batch 150, Loss: 0.7827
Epoch 7 learning rate: 0.09969804777275901
Epoch 7 time: 91.22465372085571 seconds
Epoch 7 accuracy: 63.9%
Batch 50, Loss: 0.7457
Batch 100, Loss: 0.7184
Batch 150, Loss: 0.7104
Epoch 8 learning rate: 0.09960573506572391
Epoch 8 time: 91.1615686416626 seconds
Epoch 8 accuracy: 68.93%
Batch 50, Loss: 0.6611
Batch 100, Loss: 0.6504
Batch 150, Loss: 0.6456
Epoch 9 learning rate: 0.09950118288582789
Epoch 9 time: 91.1994616985321 seconds
Epoch 9 accuracy: 71.4%
Batch 50, Loss: 0.6103
Batch 100, Loss: 0.5879
Batch 150, Loss: 0.5742
Epoch 10 learning rate: 0.09938441702975691
Epoch 10 time: 91.22003293037415 seconds
Epoch 10 accuracy: 73.01%
Batch 50, Loss: 0.5509
Batch 100, Loss: 0.5366
Batch 150, Loss: 0.5272
Epoch 11 learning rate: 0.09925546630773871
Epoch 11 time: 91.15618228912354 seconds
Epoch 11 accuracy: 76.58%
Batch 50, Loss: 0.5099
Batch 100, Loss: 0.5039
Batch 150, Loss: 0.4940
Epoch 12 learning rate: 0.09911436253643445
Epoch 12 time: 91.19257950782776 seconds
Epoch 12 accuracy: 77.48%
Batch 50, Loss: 0.4591
Batch 100, Loss: 0.4540
Batch 150, Loss: 0.4495
Epoch 13 learning rate: 0.0989611405310883
Epoch 13 time: 91.18837690353394 seconds
Epoch 13 accuracy: 74.5%
Batch 50, Loss: 0.4310
Batch 100, Loss: 0.4061
Batch 150, Loss: 0.3976
Epoch 14 learning rate: 0.09879583809693739
Epoch 14 time: 91.21615099906921 seconds
Epoch 14 accuracy: 80.76%
Batch 50, Loss: 0.3900
Batch 100, Loss: 0.3737
Batch 150, Loss: 0.3636
Epoch 15 learning rate: 0.09861849601988384
Epoch 15 time: 91.18329453468323 seconds
Epoch 15 accuracy: 83.09%
Batch 50, Loss: 0.3531
Batch 100, Loss: 0.3469
Batch 150, Loss: 0.3501
Epoch 16 learning rate: 0.09842915805643157
Epoch 16 time: 91.20255827903748 seconds
Epoch 16 accuracy: 83.76%
Batch 50, Loss: 0.3350
Batch 100, Loss: 0.3270
Batch 150, Loss: 0.3236
Epoch 17 learning rate: 0.09822787092288993
Epoch 17 time: 91.13854336738586 seconds
Epoch 17 accuracy: 85.34%
Batch 50, Loss: 0.3089
Batch 100, Loss: 0.3069
Batch 150, Loss: 0.3036
Epoch 18 learning rate: 0.09801468428384717
Epoch 18 time: 92.18782782554626 seconds
Epoch 18 accuracy: 85.1%
Batch 50, Loss: 0.2883
Batch 100, Loss: 0.2867
Batch 150, Loss: 0.2813
Epoch 19 learning rate: 0.09778965073991652
Epoch 19 time: 91.3584451675415 seconds
Epoch 19 accuracy: 85.97%
Batch 50, Loss: 0.2768
Batch 100, Loss: 0.2678
Batch 150, Loss: 0.2829
Epoch 20 learning rate: 0.0975528258147577
Epoch 20 time: 91.28014850616455 seconds
Epoch 20 accuracy: 85.59%
Batch 50, Loss: 0.2642
Batch 100, Loss: 0.2580
Batch 150, Loss: 0.2632
Epoch 21 learning rate: 0.09730426794137728
Epoch 21 time: 91.18752646446228 seconds
Epoch 21 accuracy: 86.95%
Batch 50, Loss: 0.2517
Batch 100, Loss: 0.2511
Batch 150, Loss: 0.2539
Epoch 22 learning rate: 0.09704403844771128
Epoch 22 time: 91.28535723686218 seconds
Epoch 22 accuracy: 87.23%
Batch 50, Loss: 0.2455
Batch 100, Loss: 0.2444
Batch 150, Loss: 0.2391
Epoch 23 learning rate: 0.09677220154149338
Epoch 23 time: 91.14135551452637 seconds
Epoch 23 accuracy: 84.47%
Batch 50, Loss: 0.2290
Batch 100, Loss: 0.2223
Batch 150, Loss: 0.2307
Epoch 24 learning rate: 0.09648882429441258
Epoch 24 time: 91.1515109539032 seconds
Epoch 24 accuracy: 87.14%
Batch 50, Loss: 0.2160
Batch 100, Loss: 0.2194
Batch 150, Loss: 0.2234
Epoch 25 learning rate: 0.09619397662556435
Epoch 25 time: 91.16954302787781 seconds
Epoch 25 accuracy: 88.41%
Batch 50, Loss: 0.2055
Batch 100, Loss: 0.2104
Batch 150, Loss: 0.2146
Epoch 26 learning rate: 0.09588773128419906
Epoch 26 time: 91.18298816680908 seconds
Epoch 26 accuracy: 88.5%
Batch 50, Loss: 0.2028
Batch 100, Loss: 0.2084
Batch 150, Loss: 0.2040
Epoch 27 learning rate: 0.09557016383177226
Epoch 27 time: 91.20271039009094 seconds
Epoch 27 accuracy: 87.36%
Batch 50, Loss: 0.2003
Batch 100, Loss: 0.1946
Batch 150, Loss: 0.2138
Epoch 28 learning rate: 0.09524135262330098
Epoch 28 time: 91.1708357334137 seconds
Epoch 28 accuracy: 88.6%
Batch 50, Loss: 0.1845
Batch 100, Loss: 0.1924
Batch 150, Loss: 0.1957
Epoch 29 learning rate: 0.09490137878803079
Epoch 29 time: 91.16388368606567 seconds
Epoch 29 accuracy: 89.77%
Batch 50, Loss: 0.1804
Batch 100, Loss: 0.1864
Batch 150, Loss: 0.1871
Epoch 30 learning rate: 0.0945503262094184
Epoch 30 time: 91.1070704460144 seconds
Epoch 30 accuracy: 88.83%
Batch 50, Loss: 0.1827
Batch 100, Loss: 0.1837
Batch 150, Loss: 0.1887
Epoch 31 learning rate: 0.0941882815044347
Epoch 31 time: 91.12643313407898 seconds
Epoch 31 accuracy: 89.82%
Batch 50, Loss: 0.1720
Batch 100, Loss: 0.1739
Batch 150, Loss: 0.1724
Epoch 32 learning rate: 0.09381533400219319
Epoch 32 time: 91.1915135383606 seconds
Epoch 32 accuracy: 90.09%
Batch 50, Loss: 0.1684
Batch 100, Loss: 0.1688
Batch 150, Loss: 0.1653
Epoch 33 learning rate: 0.09343157572190958
Epoch 33 time: 91.22986173629761 seconds
Epoch 33 accuracy: 88.96%
Batch 50, Loss: 0.1677
Batch 100, Loss: 0.1665
Batch 150, Loss: 0.1735
Epoch 34 learning rate: 0.0930371013501972
Epoch 34 time: 91.14302921295166 seconds
Epoch 34 accuracy: 90.02%
Batch 50, Loss: 0.1611
Batch 100, Loss: 0.1633
Batch 150, Loss: 0.1670
Epoch 35 learning rate: 0.09263200821770463
Epoch 35 time: 91.21989464759827 seconds
Epoch 35 accuracy: 90.14%
Batch 50, Loss: 0.1587
Batch 100, Loss: 0.1553
Batch 150, Loss: 0.1543
Epoch 36 learning rate: 0.09221639627510078
Epoch 36 time: 91.19255471229553 seconds
Epoch 36 accuracy: 91.11%
Batch 50, Loss: 0.1536
Batch 100, Loss: 0.1578
Batch 150, Loss: 0.1599
Epoch 37 learning rate: 0.09179036806841355
Epoch 37 time: 91.16216015815735 seconds
Epoch 37 accuracy: 90.01%
Batch 50, Loss: 0.1442
Batch 100, Loss: 0.1440
Batch 150, Loss: 0.1505
Epoch 38 learning rate: 0.09135402871372812
Epoch 38 time: 91.2575957775116 seconds
Epoch 38 accuracy: 91.18%
Batch 50, Loss: 0.1361
Batch 100, Loss: 0.1466
Batch 150, Loss: 0.1473
Epoch 39 learning rate: 0.0909074858712512
Epoch 39 time: 91.23714971542358 seconds
Epoch 39 accuracy: 90.26%
Batch 50, Loss: 0.1414
Batch 100, Loss: 0.1445
Batch 150, Loss: 0.1465
Epoch 40 learning rate: 0.09045084971874741
Epoch 40 time: 91.10682702064514 seconds
Epoch 40 accuracy: 91.66%
Batch 50, Loss: 0.1334
Batch 100, Loss: 0.1315
Batch 150, Loss: 0.1408
Epoch 41 learning rate: 0.08998423292435458
Epoch 41 time: 91.17585968971252 seconds
Epoch 41 accuracy: 91.09%
Batch 50, Loss: 0.1396
Batch 100, Loss: 0.1319
Batch 150, Loss: 0.1519
Epoch 42 learning rate: 0.08950775061878455
Epoch 42 time: 91.15378141403198 seconds
Epoch 42 accuracy: 91.73%
Batch 50, Loss: 0.1294
Batch 100, Loss: 0.1303
Batch 150, Loss: 0.1370
Epoch 43 learning rate: 0.08902152036691653
Epoch 43 time: 91.15420866012573 seconds
Epoch 43 accuracy: 91.56%
Batch 50, Loss: 0.1237
Batch 100, Loss: 0.1247
Batch 150, Loss: 0.1410
Epoch 44 learning rate: 0.08852566213878951
Epoch 44 time: 91.16287851333618 seconds
Epoch 44 accuracy: 91.64%
Batch 50, Loss: 0.1280
Batch 100, Loss: 0.1269
Batch 150, Loss: 0.1281
Epoch 45 learning rate: 0.0880202982800016
Epoch 45 time: 91.15418100357056 seconds
Epoch 45 accuracy: 90.92%
Batch 50, Loss: 0.1241
Batch 100, Loss: 0.1251
Batch 150, Loss: 0.1283
Epoch 46 learning rate: 0.08750555348152303
Epoch 46 time: 91.17294144630432 seconds
Epoch 46 accuracy: 90.77%
Batch 50, Loss: 0.1228
Batch 100, Loss: 0.1216
Batch 150, Loss: 0.1306
Epoch 47 learning rate: 0.08698155474893052
Epoch 47 time: 91.17664122581482 seconds
Epoch 47 accuracy: 91.81%
Batch 50, Loss: 0.1223
Batch 100, Loss: 0.1138
Batch 150, Loss: 0.1230
Epoch 48 learning rate: 0.08644843137107061
Epoch 48 time: 91.18138599395752 seconds
Epoch 48 accuracy: 91.9%
Batch 50, Loss: 0.1178
Batch 100, Loss: 0.1201
Batch 150, Loss: 0.1201
Epoch 49 learning rate: 0.08590631488815947
Epoch 49 time: 91.16312289237976 seconds
Epoch 49 accuracy: 92.2%
Batch 50, Loss: 0.1097
Batch 100, Loss: 0.1107
Batch 150, Loss: 0.1118
Epoch 50 learning rate: 0.0853553390593274
Epoch 50 time: 91.23233962059021 seconds
Epoch 50 accuracy: 92.25%
Batch 50, Loss: 0.1076
Batch 100, Loss: 0.1116
Batch 150, Loss: 0.1235
Epoch 51 learning rate: 0.08479563982961574
Epoch 51 time: 91.242431640625 seconds
Epoch 51 accuracy: 91.89%
Batch 50, Loss: 0.1080
Batch 100, Loss: 0.1130
Batch 150, Loss: 0.1160
Epoch 52 learning rate: 0.08422735529643446
Epoch 52 time: 91.47974300384521 seconds
Epoch 52 accuracy: 90.83%
Batch 50, Loss: 0.1013
Batch 100, Loss: 0.1091
Batch 150, Loss: 0.1134
Epoch 53 learning rate: 0.08365062567548869
Epoch 53 time: 91.18844890594482 seconds
Epoch 53 accuracy: 92.2%
Batch 50, Loss: 0.1039
Batch 100, Loss: 0.1007
Batch 150, Loss: 0.1059
Epoch 54 learning rate: 0.08306559326618261
Epoch 54 time: 91.16932559013367 seconds
Epoch 54 accuracy: 92.44%
Batch 50, Loss: 0.1053
Batch 100, Loss: 0.1037
Batch 150, Loss: 0.1081
Epoch 55 learning rate: 0.0824724024165092
Epoch 55 time: 91.16927742958069 seconds
Epoch 55 accuracy: 91.03%
Batch 50, Loss: 0.1014
Batch 100, Loss: 0.0972
Batch 150, Loss: 0.1073
Epoch 56 learning rate: 0.0818711994874345
Epoch 56 time: 91.16362452507019 seconds
Epoch 56 accuracy: 91.93%
Batch 50, Loss: 0.0981
Batch 100, Loss: 0.1045
Batch 150, Loss: 0.1098
Epoch 57 learning rate: 0.08126213281678528
Epoch 57 time: 91.20197987556458 seconds
Epoch 57 accuracy: 92.25%
Batch 50, Loss: 0.0948
Batch 100, Loss: 0.0954
Batch 150, Loss: 0.1040
Epoch 58 learning rate: 0.08064535268264884
Epoch 58 time: 91.19336414337158 seconds
Epoch 58 accuracy: 92.31%
Batch 50, Loss: 0.0920
Batch 100, Loss: 0.0986
Batch 150, Loss: 0.0994
Epoch 59 learning rate: 0.08002101126629421
Epoch 59 time: 91.20508623123169 seconds
Epoch 59 accuracy: 92.55%
Batch 50, Loss: 0.0951
Batch 100, Loss: 0.0938
Batch 150, Loss: 0.0933
Epoch 60 learning rate: 0.07938926261462367
Epoch 60 time: 91.2494444847107 seconds
Epoch 60 accuracy: 92.25%
Batch 50, Loss: 0.0904
Batch 100, Loss: 0.0896
Batch 150, Loss: 0.0931
Epoch 61 learning rate: 0.07875026260216395
Epoch 61 time: 91.21089792251587 seconds
Epoch 61 accuracy: 93.62%
Batch 50, Loss: 0.0859
Batch 100, Loss: 0.0834
Batch 150, Loss: 0.0936
Epoch 62 learning rate: 0.07810416889260656
Epoch 62 time: 91.23111319541931 seconds
Epoch 62 accuracy: 92.39%
Batch 50, Loss: 0.0820
Batch 100, Loss: 0.0867
Batch 150, Loss: 0.0987
Epoch 63 learning rate: 0.07745114089990661
Epoch 63 time: 91.2434549331665 seconds
Epoch 63 accuracy: 92.88%
Batch 50, Loss: 0.0837
Batch 100, Loss: 0.0892
Batch 150, Loss: 0.0864
Epoch 64 learning rate: 0.07679133974894985
Epoch 64 time: 91.22517037391663 seconds
Epoch 64 accuracy: 92.32%
Batch 50, Loss: 0.0885
Batch 100, Loss: 0.0842
Batch 150, Loss: 0.0864
Epoch 65 learning rate: 0.07612492823579746
Epoch 65 time: 91.21815419197083 seconds
Epoch 65 accuracy: 92.09%
Batch 50, Loss: 0.0820
Batch 100, Loss: 0.0845
Batch 150, Loss: 0.0813
Epoch 66 learning rate: 0.07545207078751859
Epoch 66 time: 91.305588722229 seconds
Epoch 66 accuracy: 92.98%
Batch 50, Loss: 0.0856
Batch 100, Loss: 0.0808
Batch 150, Loss: 0.0856
Epoch 67 learning rate: 0.0747729334216204
Epoch 67 time: 91.15097689628601 seconds
Epoch 67 accuracy: 93.38%
Batch 50, Loss: 0.0762
Batch 100, Loss: 0.0776
Batch 150, Loss: 0.0837
Epoch 68 learning rate: 0.07408768370508578
Epoch 68 time: 91.14058327674866 seconds
Epoch 68 accuracy: 93.07%
Batch 50, Loss: 0.0773
Batch 100, Loss: 0.0733
Batch 150, Loss: 0.0829
Epoch 69 learning rate: 0.0733964907130287
Epoch 69 time: 91.23475575447083 seconds
Epoch 69 accuracy: 93.06%
Batch 50, Loss: 0.0720
Batch 100, Loss: 0.0741
Batch 150, Loss: 0.0792
Epoch 70 learning rate: 0.07269952498697736
Epoch 70 time: 91.2175543308258 seconds
Epoch 70 accuracy: 92.89%
Batch 50, Loss: 0.0705
Batch 100, Loss: 0.0749
Batch 150, Loss: 0.0770
Epoch 71 learning rate: 0.07199695849279578
Epoch 71 time: 91.29768562316895 seconds
Epoch 71 accuracy: 93.66%
Batch 50, Loss: 0.0744
Batch 100, Loss: 0.0716
Batch 150, Loss: 0.0754
Epoch 72 learning rate: 0.07128896457825366
Epoch 72 time: 91.17720031738281 seconds
Epoch 72 accuracy: 92.69%
Batch 50, Loss: 0.0745
Batch 100, Loss: 0.0766
Batch 150, Loss: 0.0787
Epoch 73 learning rate: 0.07057571793025548
Epoch 73 time: 91.15507411956787 seconds
Epoch 73 accuracy: 93.29%
Batch 50, Loss: 0.0732
Batch 100, Loss: 0.0738
Batch 150, Loss: 0.0772
Epoch 74 learning rate: 0.06985739453173906
Epoch 74 time: 91.18041801452637 seconds
Epoch 74 accuracy: 93.31%
Batch 50, Loss: 0.0677
Batch 100, Loss: 0.0675
Batch 150, Loss: 0.0678
Epoch 75 learning rate: 0.06913417161825453
Epoch 75 time: 91.22940325737 seconds
Epoch 75 accuracy: 93.49%
Batch 50, Loss: 0.0708
Batch 100, Loss: 0.0700
Batch 150, Loss: 0.0704
Epoch 76 learning rate: 0.06840622763423394
Epoch 76 time: 91.19447994232178 seconds
Epoch 76 accuracy: 92.85%
Batch 50, Loss: 0.0639
Batch 100, Loss: 0.0689
Batch 150, Loss: 0.0693
Epoch 77 learning rate: 0.0676737421889629
Epoch 77 time: 91.17284727096558 seconds
Epoch 77 accuracy: 92.87%
Batch 50, Loss: 0.0676
Batch 100, Loss: 0.0620
Batch 150, Loss: 0.0663
Epoch 78 learning rate: 0.06693689601226462
Epoch 78 time: 91.19954562187195 seconds
Epoch 78 accuracy: 93.46%
Batch 50, Loss: 0.0667
Batch 100, Loss: 0.0647
Batch 150, Loss: 0.0651
Epoch 79 learning rate: 0.06619587090990751
Epoch 79 time: 91.18958806991577 seconds
Epoch 79 accuracy: 93.37%
Batch 50, Loss: 0.0606
Batch 100, Loss: 0.0622
Batch 150, Loss: 0.0642
Epoch 80 learning rate: 0.06545084971874741
Epoch 80 time: 91.20000433921814 seconds
Epoch 80 accuracy: 93.98%
Batch 50, Loss: 0.0594
Batch 100, Loss: 0.0623
Batch 150, Loss: 0.0688
Epoch 81 learning rate: 0.06470201626161524
Epoch 81 time: 91.18541407585144 seconds
Epoch 81 accuracy: 93.21%
Batch 50, Loss: 0.0616
Batch 100, Loss: 0.0588
Batch 150, Loss: 0.0613
Epoch 82 learning rate: 0.06394955530196152
Epoch 82 time: 91.20864057540894 seconds
Epoch 82 accuracy: 93.95%
Batch 50, Loss: 0.0593
Batch 100, Loss: 0.0579
Batch 150, Loss: 0.0647
Epoch 83 learning rate: 0.06319365249826868
Epoch 83 time: 91.1323013305664 seconds
Epoch 83 accuracy: 93.25%
Batch 50, Loss: 0.0616
Batch 100, Loss: 0.0594
Batch 150, Loss: 0.0620
Epoch 84 learning rate: 0.06243449435824277
Epoch 84 time: 91.17884278297424 seconds
Epoch 84 accuracy: 93.85%
Batch 50, Loss: 0.0541
Batch 100, Loss: 0.0572
Batch 150, Loss: 0.0625
Epoch 85 learning rate: 0.06167226819279532
Epoch 85 time: 91.16422581672668 seconds
Epoch 85 accuracy: 93.86%
Batch 50, Loss: 0.0542
Batch 100, Loss: 0.0569
Batch 150, Loss: 0.0590
Epoch 86 learning rate: 0.06090716206982718
Epoch 86 time: 91.2223424911499 seconds
Epoch 86 accuracy: 93.26%
Batch 50, Loss: 0.0551
Batch 100, Loss: 0.0528
Batch 150, Loss: 0.0587
Epoch 87 learning rate: 0.06013936476782568
Epoch 87 time: 91.10013961791992 seconds
Epoch 87 accuracy: 94.18%
Batch 50, Loss: 0.0559
Batch 100, Loss: 0.0544
Batch 150, Loss: 0.0577
Epoch 88 learning rate: 0.05936906572928629
Epoch 88 time: 91.1732702255249 seconds
Epoch 88 accuracy: 93.47%
Batch 50, Loss: 0.0534
Batch 100, Loss: 0.0520
Batch 150, Loss: 0.0541
Epoch 89 learning rate: 0.05859645501397052
Epoch 89 time: 91.16206336021423 seconds
Epoch 89 accuracy: 93.92%
Batch 50, Loss: 0.0543
Batch 100, Loss: 0.0507
Batch 150, Loss: 0.0579
Epoch 90 learning rate: 0.05782172325201159
Epoch 90 time: 91.22573518753052 seconds
Epoch 90 accuracy: 93.82%
Batch 50, Loss: 0.0507
Batch 100, Loss: 0.0496
Batch 150, Loss: 0.0559
Epoch 91 learning rate: 0.057045061596879186
Epoch 91 time: 91.20170021057129 seconds
Epoch 91 accuracy: 94.01%
Batch 50, Loss: 0.0446
Batch 100, Loss: 0.0476
Batch 150, Loss: 0.0513
Epoch 92 learning rate: 0.056266661678215264
Epoch 92 time: 91.19481420516968 seconds
Epoch 92 accuracy: 93.98%
Batch 50, Loss: 0.0477
Batch 100, Loss: 0.0478
Batch 150, Loss: 0.0522
Epoch 93 learning rate: 0.055486715554552306
Epoch 93 time: 91.18843078613281 seconds
Epoch 93 accuracy: 94.15%
Batch 50, Loss: 0.0461
Batch 100, Loss: 0.0471
Batch 150, Loss: 0.0508
Epoch 94 learning rate: 0.05470541566592575
Epoch 94 time: 91.23451375961304 seconds
Epoch 94 accuracy: 93.77%
Batch 50, Loss: 0.0452
Batch 100, Loss: 0.0432
Batch 150, Loss: 0.0482
Epoch 95 learning rate: 0.05392295478639229
Epoch 95 time: 91.137943983078 seconds
Epoch 95 accuracy: 93.89%
Batch 50, Loss: 0.0456
Batch 100, Loss: 0.0435
Batch 150, Loss: 0.0486
Epoch 96 learning rate: 0.05313952597646571
Epoch 96 time: 91.16302251815796 seconds
Epoch 96 accuracy: 94.16%
Batch 50, Loss: 0.0447
Batch 100, Loss: 0.0472
Batch 150, Loss: 0.0496
Epoch 97 learning rate: 0.05235532253548216
Epoch 97 time: 91.2256646156311 seconds
Epoch 97 accuracy: 94.07%
Batch 50, Loss: 0.0428
Batch 100, Loss: 0.0422
Batch 150, Loss: 0.0440
Epoch 98 learning rate: 0.051570537953906447
Epoch 98 time: 91.21946430206299 seconds
Epoch 98 accuracy: 94.24%
Batch 50, Loss: 0.0419
Batch 100, Loss: 0.0419
Batch 150, Loss: 0.0434
Epoch 99 learning rate: 0.05078536586559106
Epoch 99 time: 91.20204067230225 seconds
Epoch 99 accuracy: 94.01%
Batch 50, Loss: 0.0429
Batch 100, Loss: 0.0400
Batch 150, Loss: 0.0435
Epoch 100 learning rate: 0.050000000000000024
Epoch 100 time: 91.16623663902283 seconds
Epoch 100 accuracy: 94.08%
Batch 50, Loss: 0.0427
Batch 100, Loss: 0.0379
Batch 150, Loss: 0.0430
Epoch 101 learning rate: 0.049214634134409
Epoch 101 time: 91.15985560417175 seconds
Epoch 101 accuracy: 94.37%
Batch 50, Loss: 0.0391
Batch 100, Loss: 0.0415
Batch 150, Loss: 0.0409
Epoch 102 learning rate: 0.04842946204609361
Epoch 102 time: 91.13627338409424 seconds
Epoch 102 accuracy: 94.5%
Batch 50, Loss: 0.0405
Batch 100, Loss: 0.0399
Batch 150, Loss: 0.0423
Epoch 103 learning rate: 0.04764467746451789
Epoch 103 time: 91.20424175262451 seconds
Epoch 103 accuracy: 94.58%
Batch 50, Loss: 0.0394
Batch 100, Loss: 0.0385
Batch 150, Loss: 0.0414
Epoch 104 learning rate: 0.046860474023534354
Epoch 104 time: 91.16953086853027 seconds
Epoch 104 accuracy: 94.4%
Batch 50, Loss: 0.0406
Batch 100, Loss: 0.0404
Batch 150, Loss: 0.0381
Epoch 105 learning rate: 0.04607704521360778
Epoch 105 time: 91.16657781600952 seconds
Epoch 105 accuracy: 94.32%
Batch 50, Loss: 0.0363
Batch 100, Loss: 0.0389
Batch 150, Loss: 0.0428
Epoch 106 learning rate: 0.04529458433407431
Epoch 106 time: 91.18447542190552 seconds
Epoch 106 accuracy: 94.31%
Batch 50, Loss: 0.0385
Batch 100, Loss: 0.0363
Batch 150, Loss: 0.0379
Epoch 107 learning rate: 0.04451328444544776
Epoch 107 time: 91.20206999778748 seconds
Epoch 107 accuracy: 94.7%
Batch 50, Loss: 0.0366
Batch 100, Loss: 0.0357
Batch 150, Loss: 0.0371
Epoch 108 learning rate: 0.04373333832178482
Epoch 108 time: 91.2192747592926 seconds
Epoch 108 accuracy: 94.46%
Batch 50, Loss: 0.0350
Batch 100, Loss: 0.0343
Batch 150, Loss: 0.0339
Epoch 109 learning rate: 0.0429549384031209
Epoch 109 time: 91.17279100418091 seconds
Epoch 109 accuracy: 94.58%
Batch 50, Loss: 0.0340
Batch 100, Loss: 0.0332
Batch 150, Loss: 0.0364
Epoch 110 learning rate: 0.042178276747988484
Epoch 110 time: 91.20618009567261 seconds
Epoch 110 accuracy: 94.76%
Batch 50, Loss: 0.0314
Batch 100, Loss: 0.0342
Batch 150, Loss: 0.0346
Epoch 111 learning rate: 0.04140354498602954
Epoch 111 time: 91.22843337059021 seconds
Epoch 111 accuracy: 94.72%
Batch 50, Loss: 0.0292
Batch 100, Loss: 0.0321
Batch 150, Loss: 0.0342
Epoch 112 learning rate: 0.0406309342707138
Epoch 112 time: 91.16014647483826 seconds
Epoch 112 accuracy: 94.14%
Batch 50, Loss: 0.0320
Batch 100, Loss: 0.0278
Batch 150, Loss: 0.0310
Epoch 113 learning rate: 0.03986063523217441
Epoch 113 time: 91.19244575500488 seconds
Epoch 113 accuracy: 94.51%
Batch 50, Loss: 0.0313
Batch 100, Loss: 0.0281
Batch 150, Loss: 0.0327
Epoch 114 learning rate: 0.039092837930172916
Epoch 114 time: 91.20783805847168 seconds
Epoch 114 accuracy: 94.63%
Batch 50, Loss: 0.0297
Batch 100, Loss: 0.0303
Batch 150, Loss: 0.0320
Epoch 115 learning rate: 0.03832773180720475
Epoch 115 time: 91.15476322174072 seconds
Epoch 115 accuracy: 94.54%
Batch 50, Loss: 0.0295
Batch 100, Loss: 0.0279
Batch 150, Loss: 0.0315
Epoch 116 learning rate: 0.037565505641757285
Epoch 116 time: 91.14975047111511 seconds
Epoch 116 accuracy: 94.65%
Batch 50, Loss: 0.0267
Batch 100, Loss: 0.0280
Batch 150, Loss: 0.0298
Epoch 117 learning rate: 0.03680634750173138
Epoch 117 time: 91.1436550617218 seconds
Epoch 117 accuracy: 94.81%
Batch 50, Loss: 0.0277
Batch 100, Loss: 0.0262
Batch 150, Loss: 0.0272
Epoch 118 learning rate: 0.036050444698038565
Epoch 118 time: 91.1467547416687 seconds
Epoch 118 accuracy: 94.95%
Batch 50, Loss: 0.0249
Batch 100, Loss: 0.0278
Batch 150, Loss: 0.0268
Epoch 119 learning rate: 0.03529798373838483
Epoch 119 time: 91.23064827919006 seconds
Epoch 119 accuracy: 94.84%
Batch 50, Loss: 0.0266
Batch 100, Loss: 0.0272
Batch 150, Loss: 0.0265
Epoch 120 learning rate: 0.03454915028125267
Epoch 120 time: 91.16596174240112 seconds
Epoch 120 accuracy: 94.82%
Batch 50, Loss: 0.0280
Batch 100, Loss: 0.0281
Batch 150, Loss: 0.0294
Epoch 121 learning rate: 0.03380412909009255
Epoch 121 time: 91.18310594558716 seconds
Epoch 121 accuracy: 94.52%
Batch 50, Loss: 0.0253
Batch 100, Loss: 0.0257
Batch 150, Loss: 0.0268
Epoch 122 learning rate: 0.03306310398773545
Epoch 122 time: 91.17355465888977 seconds
Epoch 122 accuracy: 94.55%
Batch 50, Loss: 0.0250
Batch 100, Loss: 0.0240
Batch 150, Loss: 0.0243
Epoch 123 learning rate: 0.03232625781103717
Epoch 123 time: 91.16448378562927 seconds
Epoch 123 accuracy: 94.99%
Batch 50, Loss: 0.0230
Batch 100, Loss: 0.0234
Batch 150, Loss: 0.0243
Epoch 124 learning rate: 0.03159377236576613
Epoch 124 time: 91.16862607002258 seconds
Epoch 124 accuracy: 94.67%
Batch 50, Loss: 0.0244
Batch 100, Loss: 0.0229
Batch 150, Loss: 0.0237
Epoch 125 learning rate: 0.030865828381745543
Epoch 125 time: 91.27332901954651 seconds
Epoch 125 accuracy: 95.07%
Batch 50, Loss: 0.0212
Batch 100, Loss: 0.0220
Batch 150, Loss: 0.0233
Epoch 126 learning rate: 0.03014260546826098
Epoch 126 time: 91.23375415802002 seconds
Epoch 126 accuracy: 95.2%
Batch 50, Loss: 0.0230
Batch 100, Loss: 0.0193
Batch 150, Loss: 0.0205
Epoch 127 learning rate: 0.02942428206974458
Epoch 127 time: 91.16557598114014 seconds
Epoch 127 accuracy: 94.82%
Batch 50, Loss: 0.0200
Batch 100, Loss: 0.0197
Batch 150, Loss: 0.0194
Epoch 128 learning rate: 0.028711035421746387
Epoch 128 time: 91.29488062858582 seconds
Epoch 128 accuracy: 95.02%
Batch 50, Loss: 0.0206
Batch 100, Loss: 0.0210
Batch 150, Loss: 0.0191
Epoch 129 learning rate: 0.02800304150720426
Epoch 129 time: 91.2257752418518 seconds
Epoch 129 accuracy: 94.67%
Batch 50, Loss: 0.0197
Batch 100, Loss: 0.0195
Batch 150, Loss: 0.0204
Epoch 130 learning rate: 0.02730047501302268
Epoch 130 time: 91.15162491798401 seconds
Epoch 130 accuracy: 94.96%
Batch 50, Loss: 0.0179
Batch 100, Loss: 0.0180
Batch 150, Loss: 0.0176
Epoch 131 learning rate: 0.026603509286971357
Epoch 131 time: 91.20647835731506 seconds
Epoch 131 accuracy: 94.78%
Batch 50, Loss: 0.0191
Batch 100, Loss: 0.0177
Batch 150, Loss: 0.0202
Epoch 132 learning rate: 0.025912316294914244
Epoch 132 time: 91.25512957572937 seconds
Epoch 132 accuracy: 94.84%
Batch 50, Loss: 0.0192
Batch 100, Loss: 0.0193
Batch 150, Loss: 0.0192
Epoch 133 learning rate: 0.025227066578379632
Epoch 133 time: 91.15499687194824 seconds
Epoch 133 accuracy: 94.92%
Batch 50, Loss: 0.0178
Batch 100, Loss: 0.0191
Batch 150, Loss: 0.0186
Epoch 134 learning rate: 0.024547929212481445
Epoch 134 time: 91.218421459198 seconds
Epoch 134 accuracy: 94.98%
Batch 50, Loss: 0.0166
Batch 100, Loss: 0.0193
Batch 150, Loss: 0.0192
Epoch 135 learning rate: 0.02387507176420257
Epoch 135 time: 91.16173481941223 seconds
Epoch 135 accuracy: 95.01%
Batch 50, Loss: 0.0165
Batch 100, Loss: 0.0178
Batch 150, Loss: 0.0178
Epoch 136 learning rate: 0.023208660251050166
Epoch 136 time: 91.20869994163513 seconds
Epoch 136 accuracy: 94.95%
Batch 50, Loss: 0.0170
Batch 100, Loss: 0.0150
Batch 150, Loss: 0.0158
Epoch 137 learning rate: 0.022548859100093414
Epoch 137 time: 91.17995071411133 seconds
Epoch 137 accuracy: 95.2%
Batch 50, Loss: 0.0168
Batch 100, Loss: 0.0162
Batch 150, Loss: 0.0144
Epoch 138 learning rate: 0.021895831107393474
Epoch 138 time: 91.16955542564392 seconds
Epoch 138 accuracy: 95.26%
Batch 50, Loss: 0.0140
Batch 100, Loss: 0.0151
Batch 150, Loss: 0.0160
Epoch 139 learning rate: 0.02124973739783608
Epoch 139 time: 91.13599276542664 seconds
Epoch 139 accuracy: 95.23%
Batch 50, Loss: 0.0173
Batch 100, Loss: 0.0168
Batch 150, Loss: 0.0149
Epoch 140 learning rate: 0.02061073738537636
Epoch 140 time: 91.16452288627625 seconds
Epoch 140 accuracy: 95.14%
Batch 50, Loss: 0.0150
Batch 100, Loss: 0.0133
Batch 150, Loss: 0.0139
Epoch 141 learning rate: 0.019978988733705814
Epoch 141 time: 91.2131826877594 seconds
Epoch 141 accuracy: 95.35%
Batch 50, Loss: 0.0135
Batch 100, Loss: 0.0127
Batch 150, Loss: 0.0147
Epoch 142 learning rate: 0.01935464731735118
Epoch 142 time: 91.12467670440674 seconds
Epoch 142 accuracy: 95.28%
Batch 50, Loss: 0.0125
Batch 100, Loss: 0.0126
Batch 150, Loss: 0.0136
Epoch 143 learning rate: 0.018737867183214747
Epoch 143 time: 91.18066668510437 seconds
Epoch 143 accuracy: 95.4%
Batch 50, Loss: 0.0137
Batch 100, Loss: 0.0137
Batch 150, Loss: 0.0132
Epoch 144 learning rate: 0.01812880051256552
Epoch 144 time: 91.13877058029175 seconds
Epoch 144 accuracy: 95.07%
Batch 50, Loss: 0.0121
Batch 100, Loss: 0.0134
Batch 150, Loss: 0.0138
Epoch 145 learning rate: 0.017527597583490827
Epoch 145 time: 91.26398301124573 seconds
Epoch 145 accuracy: 95.36%
Batch 50, Loss: 0.0119
Batch 100, Loss: 0.0126
Batch 150, Loss: 0.0126
Epoch 146 learning rate: 0.01693440673381742
Epoch 146 time: 91.21305847167969 seconds
Epoch 146 accuracy: 95.35%
Batch 50, Loss: 0.0131
Batch 100, Loss: 0.0102
Batch 150, Loss: 0.0118
Epoch 147 learning rate: 0.016349374324511334
Epoch 147 time: 91.21535778045654 seconds
Epoch 147 accuracy: 95.01%
Batch 50, Loss: 0.0111
Batch 100, Loss: 0.0115
Batch 150, Loss: 0.0120
Epoch 148 learning rate: 0.01577264470356557
Epoch 148 time: 91.23672604560852 seconds
Epoch 148 accuracy: 95.5%
Batch 50, Loss: 0.0123
Batch 100, Loss: 0.0107
Batch 150, Loss: 0.0115
Epoch 149 learning rate: 0.01520436017038429
Epoch 149 time: 91.25290775299072 seconds
Epoch 149 accuracy: 95.59%
Batch 50, Loss: 0.0099
Batch 100, Loss: 0.0117
Batch 150, Loss: 0.0107
Epoch 150 learning rate: 0.014644660940672632
Epoch 150 time: 91.21294379234314 seconds
Epoch 150 accuracy: 95.43%
Batch 50, Loss: 0.0109
Batch 100, Loss: 0.0109
Batch 150, Loss: 0.0108
Epoch 151 learning rate: 0.01409368511184057
Epoch 151 time: 91.24591064453125 seconds
Epoch 151 accuracy: 95.52%
Batch 50, Loss: 0.0112
Batch 100, Loss: 0.0106
Batch 150, Loss: 0.0095
Epoch 152 learning rate: 0.013551568628929438
Epoch 152 time: 91.12066197395325 seconds
Epoch 152 accuracy: 95.32%
Batch 50, Loss: 0.0099
Batch 100, Loss: 0.0095
Batch 150, Loss: 0.0095
Epoch 153 learning rate: 0.013018445251069516
Epoch 153 time: 91.09898471832275 seconds
Epoch 153 accuracy: 95.3%
Batch 50, Loss: 0.0093
Batch 100, Loss: 0.0094
Batch 150, Loss: 0.0102
Epoch 154 learning rate: 0.012494446518477026
Epoch 154 time: 91.12697768211365 seconds
Epoch 154 accuracy: 95.49%
Batch 50, Loss: 0.0102
Batch 100, Loss: 0.0096
Batch 150, Loss: 0.0098
Epoch 155 learning rate: 0.011979701719998459
Epoch 155 time: 91.13127994537354 seconds
Epoch 155 accuracy: 95.36%
Batch 50, Loss: 0.0090
Batch 100, Loss: 0.0083
Batch 150, Loss: 0.0090
Epoch 156 learning rate: 0.011474337861210548
Epoch 156 time: 91.12904238700867 seconds
Epoch 156 accuracy: 95.64%
Batch 50, Loss: 0.0086
Batch 100, Loss: 0.0075
Batch 150, Loss: 0.0083
Epoch 157 learning rate: 0.010978479633083526
Epoch 157 time: 91.1837842464447 seconds
Epoch 157 accuracy: 95.55%
Batch 50, Loss: 0.0082
Batch 100, Loss: 0.0100
Batch 150, Loss: 0.0088
Epoch 158 learning rate: 0.010492249381215483
Epoch 158 time: 91.25321769714355 seconds
Epoch 158 accuracy: 95.51%
Batch 50, Loss: 0.0080
Batch 100, Loss: 0.0080
Batch 150, Loss: 0.0093
Epoch 159 learning rate: 0.010015767075645474
Epoch 159 time: 91.21782875061035 seconds
Epoch 159 accuracy: 95.55%
Batch 50, Loss: 0.0075
Batch 100, Loss: 0.0081
Batch 150, Loss: 0.0088
Epoch 160 learning rate: 0.009549150281252637
Epoch 160 time: 91.19413638114929 seconds
Epoch 160 accuracy: 95.56%
Batch 50, Loss: 0.0077
Batch 100, Loss: 0.0083
Batch 150, Loss: 0.0073
Epoch 161 learning rate: 0.00909251412874884
Epoch 161 time: 91.21429228782654 seconds
Epoch 161 accuracy: 95.69%
Batch 50, Loss: 0.0070
Batch 100, Loss: 0.0070
Batch 150, Loss: 0.0077
Epoch 162 learning rate: 0.008645971286271918
Epoch 162 time: 91.23097467422485 seconds
Epoch 162 accuracy: 95.61%
Batch 50, Loss: 0.0067
Batch 100, Loss: 0.0078
Batch 150, Loss: 0.0077
Epoch 163 learning rate: 0.008209631931586501
Epoch 163 time: 91.18429231643677 seconds
Epoch 163 accuracy: 95.66%
Batch 50, Loss: 0.0072
Batch 100, Loss: 0.0067
Batch 150, Loss: 0.0075
Epoch 164 learning rate: 0.0077836037248992605
Epoch 164 time: 91.19250440597534 seconds
Epoch 164 accuracy: 95.59%
Batch 50, Loss: 0.0064
Batch 100, Loss: 0.0068
Batch 150, Loss: 0.0075
Epoch 165 learning rate: 0.0073679917822954055
Epoch 165 time: 91.27031445503235 seconds
Epoch 165 accuracy: 95.63%
Batch 50, Loss: 0.0068
Batch 100, Loss: 0.0070
Batch 150, Loss: 0.0067
Epoch 166 learning rate: 0.006962898649802815
Epoch 166 time: 91.14792656898499 seconds
Epoch 166 accuracy: 95.72%
Batch 50, Loss: 0.0067
Batch 100, Loss: 0.0066
Batch 150, Loss: 0.0066
Epoch 167 learning rate: 0.006568424278090438
Epoch 167 time: 91.2113139629364 seconds
Epoch 167 accuracy: 95.68%
Batch 50, Loss: 0.0064
Batch 100, Loss: 0.0059
Batch 150, Loss: 0.0070
Epoch 168 learning rate: 0.006184665997806824
Epoch 168 time: 91.20679640769958 seconds
Epoch 168 accuracy: 95.76%
Batch 50, Loss: 0.0072
Batch 100, Loss: 0.0060
Batch 150, Loss: 0.0062
Epoch 169 learning rate: 0.00581171849556533
Epoch 169 time: 91.1935384273529 seconds
Epoch 169 accuracy: 95.73%
Batch 50, Loss: 0.0067
Batch 100, Loss: 0.0057
Batch 150, Loss: 0.0061
Epoch 170 learning rate: 0.0054496737905816136
Epoch 170 time: 91.198312997818 seconds
Epoch 170 accuracy: 95.86%
Batch 50, Loss: 0.0062
Batch 100, Loss: 0.0057
Batch 150, Loss: 0.0067
Epoch 171 learning rate: 0.005098621211969226
Epoch 171 time: 91.14728236198425 seconds
Epoch 171 accuracy: 95.74%
Batch 50, Loss: 0.0061
Batch 100, Loss: 0.0052
Batch 150, Loss: 0.0064
Epoch 172 learning rate: 0.004758647376699035
Epoch 172 time: 91.2179901599884 seconds
Epoch 172 accuracy: 95.81%
Batch 50, Loss: 0.0060
Batch 100, Loss: 0.0066
Batch 150, Loss: 0.0057
Epoch 173 learning rate: 0.00442983616822775
Epoch 173 time: 91.26545286178589 seconds
Epoch 173 accuracy: 95.83%
Batch 50, Loss: 0.0055
Batch 100, Loss: 0.0056
Batch 150, Loss: 0.0050
Epoch 174 learning rate: 0.004112268715800957
Epoch 174 time: 91.19177412986755 seconds
Epoch 174 accuracy: 95.91%
Batch 50, Loss: 0.0049
Batch 100, Loss: 0.0054
Batch 150, Loss: 0.0059
Epoch 175 learning rate: 0.003806023374435677
Epoch 175 time: 91.23678660392761 seconds
Epoch 175 accuracy: 95.89%
Batch 50, Loss: 0.0054
Batch 100, Loss: 0.0053
Batch 150, Loss: 0.0055
Epoch 176 learning rate: 0.003511175705587435
Epoch 176 time: 91.1402940750122 seconds
Epoch 176 accuracy: 95.94%
Batch 50, Loss: 0.0060
Batch 100, Loss: 0.0052
Batch 150, Loss: 0.0051
Epoch 177 learning rate: 0.0032277984585066333
Epoch 177 time: 91.18962979316711 seconds
Epoch 177 accuracy: 96.04%
Batch 50, Loss: 0.0057
Batch 100, Loss: 0.0049
Batch 150, Loss: 0.0049
Epoch 178 learning rate: 0.002955961552288729
Epoch 178 time: 91.23096036911011 seconds
Epoch 178 accuracy: 96.02%
Batch 50, Loss: 0.0053
Batch 100, Loss: 0.0050
Batch 150, Loss: 0.0052
Epoch 179 learning rate: 0.0026957320586227366
Epoch 179 time: 91.14691996574402 seconds
Epoch 179 accuracy: 95.99%
Batch 50, Loss: 0.0050
Batch 100, Loss: 0.0049
Batch 150, Loss: 0.0050
Epoch 180 learning rate: 0.002447174185242325
Epoch 180 time: 91.25101709365845 seconds
Epoch 180 accuracy: 96.06%
Batch 50, Loss: 0.0058
Batch 100, Loss: 0.0046
Batch 150, Loss: 0.0048
Epoch 181 learning rate: 0.0022103492600834954
Epoch 181 time: 91.1656379699707 seconds
Epoch 181 accuracy: 96.0%
Batch 50, Loss: 0.0047
Batch 100, Loss: 0.0051
Batch 150, Loss: 0.0048
Epoch 182 learning rate: 0.0019853157161528537
Epoch 182 time: 91.21395134925842 seconds
Epoch 182 accuracy: 95.96%
Batch 50, Loss: 0.0044
Batch 100, Loss: 0.0050
Batch 150, Loss: 0.0050
Epoch 183 learning rate: 0.001772129077110103
Epoch 183 time: 91.27932071685791 seconds
Epoch 183 accuracy: 96.01%
Batch 50, Loss: 0.0049
Batch 100, Loss: 0.0047
Batch 150, Loss: 0.0048
Epoch 184 learning rate: 0.0015708419435684529
Epoch 184 time: 91.25270891189575 seconds
Epoch 184 accuracy: 95.9%
Batch 50, Loss: 0.0045
Batch 100, Loss: 0.0053
Batch 150, Loss: 0.0050
Epoch 185 learning rate: 0.0013815039801161732
Epoch 185 time: 91.21915197372437 seconds
Epoch 185 accuracy: 96.01%
Batch 50, Loss: 0.0042
Batch 100, Loss: 0.0053
Batch 150, Loss: 0.0045
Epoch 186 learning rate: 0.0012041619030626347
Epoch 186 time: 91.20380854606628 seconds
Epoch 186 accuracy: 95.88%
Batch 50, Loss: 0.0046
Batch 100, Loss: 0.0051
Batch 150, Loss: 0.0048
Epoch 187 learning rate: 0.0010388594689117077
Epoch 187 time: 91.20293879508972 seconds
Epoch 187 accuracy: 95.95%
Batch 50, Loss: 0.0048
Batch 100, Loss: 0.0050
Batch 150, Loss: 0.0048
Epoch 188 learning rate: 0.0008856374635655645
Epoch 188 time: 91.1590793132782 seconds
Epoch 188 accuracy: 96.14%
Batch 50, Loss: 0.0051
Batch 100, Loss: 0.0053
Batch 150, Loss: 0.0044
Epoch 189 learning rate: 0.000744533692261307
Epoch 189 time: 91.15410137176514 seconds
Epoch 189 accuracy: 95.96%
Batch 50, Loss: 0.0046
Batch 100, Loss: 0.0048
Batch 150, Loss: 0.0044
Epoch 190 learning rate: 0.0006155829702431174
Epoch 190 time: 91.28503012657166 seconds
Epoch 190 accuracy: 96.11%
Batch 50, Loss: 0.0046
Batch 100, Loss: 0.0045
Batch 150, Loss: 0.0044
Epoch 191 learning rate: 0.0004988171141721235
Epoch 191 time: 91.17592120170593 seconds
Epoch 191 accuracy: 96.05%
Batch 50, Loss: 0.0047
Batch 100, Loss: 0.0040
Batch 150, Loss: 0.0049
Epoch 192 learning rate: 0.00039426493427611206
Epoch 192 time: 91.247079372406 seconds
Epoch 192 accuracy: 95.95%
Batch 50, Loss: 0.0042
Batch 100, Loss: 0.0046
Batch 150, Loss: 0.0048
Epoch 193 learning rate: 0.00030195222724102046
Epoch 193 time: 91.18419361114502 seconds
Epoch 193 accuracy: 96.0%
Batch 50, Loss: 0.0046
Batch 100, Loss: 0.0043
Batch 150, Loss: 0.0041
Epoch 194 learning rate: 0.00022190176984600036
Epoch 194 time: 91.14318752288818 seconds
Epoch 194 accuracy: 95.99%
Batch 50, Loss: 0.0045
Batch 100, Loss: 0.0043
Batch 150, Loss: 0.0046
Epoch 195 learning rate: 0.00015413331334360192
Epoch 195 time: 91.17742228507996 seconds
Epoch 195 accuracy: 95.99%
Batch 50, Loss: 0.0042
Batch 100, Loss: 0.0050
Batch 150, Loss: 0.0052
Epoch 196 learning rate: 9.866357858642213e-05
Epoch 196 time: 91.14895224571228 seconds
Epoch 196 accuracy: 95.88%
Batch 50, Loss: 0.0047
Batch 100, Loss: 0.0045
Batch 150, Loss: 0.0042
Epoch 197 learning rate: 5.5506251901504864e-05
Epoch 197 time: 91.2947268486023 seconds
Epoch 197 accuracy: 96.17%
Batch 50, Loss: 0.0048
Batch 100, Loss: 0.0045
Batch 150, Loss: 0.0047
Epoch 198 learning rate: 2.4671981713420017e-05
Epoch 198 time: 91.11107587814331 seconds
Epoch 198 accuracy: 95.95%
Batch 50, Loss: 0.0047
Batch 100, Loss: 0.0048
Batch 150, Loss: 0.0046
Epoch 199 learning rate: 6.168375916970619e-06
Epoch 199 time: 91.15759682655334 seconds
Epoch 199 accuracy: 95.98%
Batch 50, Loss: 0.0043
Batch 100, Loss: 0.0042
Batch 150, Loss: 0.0054
Epoch 200 learning rate: 0.0
Epoch 200 time: 91.12646174430847 seconds
Epoch 200 accuracy: 96.14%
Total training time: 18248.984850645065 seconds
