The following modules were not unloaded:
  (Use "module --force purge" to unload all):

  1) CCconfig        6)  ucx/1.14.1         11) flexiblas/3.3.1
  2) gentoo/2023     7)  libfabric/1.18.0   12) imkl/2023.2.0
  3) gcccore/.12.3   8)  pmix/4.2.4         13) StdEnv/2023
  4) gcc/12.3        9)  ucc/1.2.0
  5) hwloc/2.9.1     10) openmpi/4.1.5
/project/6070520/tkleinkn/Vanilla-GAM/main_cifar.py:161: UserWarning: You have chosen a specific GPU. This will completely disable data parallelism.
  warnings.warn('You have chosen a specific GPU. This will completely '
model name space ['resnet101_c', 'resnet152_c', 'resnet18_c', 'resnet34_c', 'resnet50_c']
Use GPU: 0 for training
=> creating model 'resnet18_c'
Files already downloaded and verified
Files already downloaded and verified
tensorboard dir ./results/CIFAR10/GAM
Batch 100, Loss: 1.9469
Epoch 1 learning rate: 0.09999383162408304
Epoch 1 time: 102.51235270500183 seconds
Epoch 1 accuracy: 33.0%
Batch 100, Loss: 1.3108
Epoch 2 learning rate: 0.09997532801828658
Epoch 2 time: 91.62168025970459 seconds
Epoch 2 accuracy: 39.07%
Batch 100, Loss: 1.1443
Epoch 3 learning rate: 0.09994449374809851
Epoch 3 time: 91.43791770935059 seconds
Epoch 3 accuracy: 50.42%
Batch 100, Loss: 0.9956
Epoch 4 learning rate: 0.09990133642141359
Epoch 4 time: 91.36052942276001 seconds
Epoch 4 accuracy: 59.53%
Batch 100, Loss: 0.8449
Epoch 5 learning rate: 0.09984586668665642
Epoch 5 time: 91.44031834602356 seconds
Epoch 5 accuracy: 65.44%
Batch 100, Loss: 0.7306
Epoch 6 learning rate: 0.09977809823015402
Epoch 6 time: 91.63375806808472 seconds
Epoch 6 accuracy: 68.83%
Batch 100, Loss: 0.6388
Epoch 7 learning rate: 0.09969804777275901
Epoch 7 time: 91.71084451675415 seconds
Epoch 7 accuracy: 74.15%
Batch 100, Loss: 0.5449
Epoch 8 learning rate: 0.09960573506572391
Epoch 8 time: 91.7640151977539 seconds
Epoch 8 accuracy: 75.76%
Batch 100, Loss: 0.4829
Epoch 9 learning rate: 0.09950118288582789
Epoch 9 time: 91.43462371826172 seconds
Epoch 9 accuracy: 79.33%
Batch 100, Loss: 0.4378
Epoch 10 learning rate: 0.09938441702975691
Epoch 10 time: 91.42227625846863 seconds
Epoch 10 accuracy: 81.0%
Batch 100, Loss: 0.3972
Epoch 11 learning rate: 0.09925546630773871
Epoch 11 time: 91.71160292625427 seconds
Epoch 11 accuracy: 81.99%
Batch 100, Loss: 0.3682
Epoch 12 learning rate: 0.09911436253643445
Epoch 12 time: 91.62341523170471 seconds
Epoch 12 accuracy: 81.83%
Batch 100, Loss: 0.3440
Epoch 13 learning rate: 0.0989611405310883
Epoch 13 time: 91.59202837944031 seconds
Epoch 13 accuracy: 82.59%
Batch 100, Loss: 0.3279
Epoch 14 learning rate: 0.09879583809693739
Epoch 14 time: 91.53183436393738 seconds
Epoch 14 accuracy: 84.76%
Batch 100, Loss: 0.3043
Epoch 15 learning rate: 0.09861849601988384
Epoch 15 time: 91.46214318275452 seconds
Epoch 15 accuracy: 85.74%
Batch 100, Loss: 0.2874
Epoch 16 learning rate: 0.09842915805643157
Epoch 16 time: 91.5466194152832 seconds
Epoch 16 accuracy: 85.72%
Batch 100, Loss: 0.2615
Epoch 17 learning rate: 0.09822787092288993
Epoch 17 time: 91.47251677513123 seconds
Epoch 17 accuracy: 87.15%
Batch 100, Loss: 0.2508
Epoch 18 learning rate: 0.09801468428384717
Epoch 18 time: 91.57460474967957 seconds
Epoch 18 accuracy: 86.18%
Batch 100, Loss: 0.2498
Epoch 19 learning rate: 0.09778965073991652
Epoch 19 time: 91.4495313167572 seconds
Epoch 19 accuracy: 85.72%
Batch 100, Loss: 0.2318
Epoch 20 learning rate: 0.0975528258147577
Epoch 20 time: 91.38221168518066 seconds
Epoch 20 accuracy: 85.92%
Batch 100, Loss: 0.2238
Epoch 21 learning rate: 0.09730426794137728
Epoch 21 time: 91.2855532169342 seconds
Epoch 21 accuracy: 88.19%
Batch 100, Loss: 0.2174
Epoch 22 learning rate: 0.09704403844771128
Epoch 22 time: 91.51416897773743 seconds
Epoch 22 accuracy: 88.04%
Batch 100, Loss: 0.2062
Epoch 23 learning rate: 0.09677220154149338
Epoch 23 time: 91.49966955184937 seconds
Epoch 23 accuracy: 87.85%
Batch 100, Loss: 0.2066
Epoch 24 learning rate: 0.09648882429441258
Epoch 24 time: 91.4071159362793 seconds
Epoch 24 accuracy: 84.42%
Batch 100, Loss: 0.1991
Epoch 25 learning rate: 0.09619397662556435
Epoch 25 time: 91.41706824302673 seconds
Epoch 25 accuracy: 87.87%
Batch 100, Loss: 0.1961
Epoch 26 learning rate: 0.09588773128419906
Epoch 26 time: 91.363352060318 seconds
Epoch 26 accuracy: 88.48%
Batch 100, Loss: 0.1886
Epoch 27 learning rate: 0.09557016383177226
Epoch 27 time: 91.46631979942322 seconds
Epoch 27 accuracy: 88.15%
Batch 100, Loss: 0.1760
Epoch 28 learning rate: 0.09524135262330098
Epoch 28 time: 91.35768175125122 seconds
Epoch 28 accuracy: 88.23%
Batch 100, Loss: 0.1776
Epoch 29 learning rate: 0.09490137878803079
Epoch 29 time: 91.34521579742432 seconds
Epoch 29 accuracy: 88.42%
Batch 100, Loss: 0.1710
Epoch 30 learning rate: 0.0945503262094184
Epoch 30 time: 91.36269569396973 seconds
Epoch 30 accuracy: 88.81%
Batch 100, Loss: 0.1645
Epoch 31 learning rate: 0.0941882815044347
Epoch 31 time: 91.5493049621582 seconds
Epoch 31 accuracy: 88.71%
Batch 100, Loss: 0.1621
Epoch 32 learning rate: 0.09381533400219319
Epoch 32 time: 91.3629310131073 seconds
Epoch 32 accuracy: 87.1%
Batch 100, Loss: 0.1603
Epoch 33 learning rate: 0.09343157572190958
Epoch 33 time: 91.45266628265381 seconds
Epoch 33 accuracy: 89.8%
Batch 100, Loss: 0.1563
Epoch 34 learning rate: 0.0930371013501972
Epoch 34 time: 91.48571729660034 seconds
Epoch 34 accuracy: 90.16%
Batch 100, Loss: 0.1527
Epoch 35 learning rate: 0.09263200821770463
Epoch 35 time: 91.48858046531677 seconds
Epoch 35 accuracy: 87.04%
Batch 100, Loss: 0.1503
Epoch 36 learning rate: 0.09221639627510078
Epoch 36 time: 91.53138637542725 seconds
Epoch 36 accuracy: 88.53%
Batch 100, Loss: 0.1506
Epoch 37 learning rate: 0.09179036806841355
Epoch 37 time: 91.44145894050598 seconds
Epoch 37 accuracy: 89.82%
Batch 100, Loss: 0.1372
Epoch 38 learning rate: 0.09135402871372812
Epoch 38 time: 91.48178791999817 seconds
Epoch 38 accuracy: 89.24%
Batch 100, Loss: 0.1382
Epoch 39 learning rate: 0.0909074858712512
Epoch 39 time: 91.63313150405884 seconds
Epoch 39 accuracy: 89.97%
Batch 100, Loss: 0.1469
Epoch 40 learning rate: 0.09045084971874741
Epoch 40 time: 91.31170392036438 seconds
Epoch 40 accuracy: 89.89%
Batch 100, Loss: 0.1310
Epoch 41 learning rate: 0.08998423292435458
Epoch 41 time: 91.24122858047485 seconds
Epoch 41 accuracy: 90.62%
Batch 100, Loss: 0.1289
Epoch 42 learning rate: 0.08950775061878455
Epoch 42 time: 91.15987038612366 seconds
Epoch 42 accuracy: 90.13%
Batch 100, Loss: 0.1378
Epoch 43 learning rate: 0.08902152036691653
Epoch 43 time: 91.27035856246948 seconds
Epoch 43 accuracy: 91.03%
Batch 100, Loss: 0.1281
Epoch 44 learning rate: 0.08852566213878951
Epoch 44 time: 91.36500930786133 seconds
Epoch 44 accuracy: 90.52%
Batch 100, Loss: 0.1301
Epoch 45 learning rate: 0.0880202982800016
Epoch 45 time: 91.63624477386475 seconds
Epoch 45 accuracy: 90.31%
Batch 100, Loss: 0.1248
Epoch 46 learning rate: 0.08750555348152303
Epoch 46 time: 91.49245285987854 seconds
Epoch 46 accuracy: 89.05%
Batch 100, Loss: 0.1148
Epoch 47 learning rate: 0.08698155474893052
Epoch 47 time: 91.43179988861084 seconds
Epoch 47 accuracy: 90.69%
Batch 100, Loss: 0.1207
Epoch 48 learning rate: 0.08644843137107061
Epoch 48 time: 91.42542481422424 seconds
Epoch 48 accuracy: 90.21%
Batch 100, Loss: 0.1230
Epoch 49 learning rate: 0.08590631488815947
Epoch 49 time: 91.39138770103455 seconds
Epoch 49 accuracy: 91.01%
Batch 100, Loss: 0.1096
Epoch 50 learning rate: 0.0853553390593274
Epoch 50 time: 91.4778401851654 seconds
Epoch 50 accuracy: 91.45%
Batch 100, Loss: 0.1133
Epoch 51 learning rate: 0.08479563982961574
Epoch 51 time: 91.75608777999878 seconds
Epoch 51 accuracy: 91.48%
Batch 100, Loss: 0.1094
Epoch 52 learning rate: 0.08422735529643446
Epoch 52 time: 91.77247381210327 seconds
Epoch 52 accuracy: 91.05%
Batch 100, Loss: 0.1023
Epoch 53 learning rate: 0.08365062567548869
Epoch 53 time: 91.37016248703003 seconds
Epoch 53 accuracy: 89.57%
Batch 100, Loss: 0.1078
Epoch 54 learning rate: 0.08306559326618261
Epoch 54 time: 91.45095443725586 seconds
Epoch 54 accuracy: 90.92%
Batch 100, Loss: 0.1090
Epoch 55 learning rate: 0.0824724024165092
Epoch 55 time: 91.5938241481781 seconds
Epoch 55 accuracy: 91.92%
Batch 100, Loss: 0.1038
Epoch 56 learning rate: 0.0818711994874345
Epoch 56 time: 91.45847797393799 seconds
Epoch 56 accuracy: 90.86%
Batch 100, Loss: 0.1017
Epoch 57 learning rate: 0.08126213281678528
Epoch 57 time: 91.5380790233612 seconds
Epoch 57 accuracy: 91.65%
Batch 100, Loss: 0.1017
Epoch 58 learning rate: 0.08064535268264884
Epoch 58 time: 91.56058263778687 seconds
Epoch 58 accuracy: 90.95%
Batch 100, Loss: 0.0989
Epoch 59 learning rate: 0.08002101126629421
Epoch 59 time: 91.59827494621277 seconds
Epoch 59 accuracy: 92.16%
Batch 100, Loss: 0.0972
Epoch 60 learning rate: 0.07938926261462367
Epoch 60 time: 91.59258699417114 seconds
Epoch 60 accuracy: 91.02%
Batch 100, Loss: 0.0893
Epoch 61 learning rate: 0.07875026260216395
Epoch 61 time: 91.48225450515747 seconds
Epoch 61 accuracy: 91.43%
Batch 100, Loss: 0.0983
Epoch 62 learning rate: 0.07810416889260656
Epoch 62 time: 91.41380643844604 seconds
Epoch 62 accuracy: 90.32%
Batch 100, Loss: 0.0901
Epoch 63 learning rate: 0.07745114089990661
Epoch 63 time: 91.50520539283752 seconds
Epoch 63 accuracy: 91.6%
Batch 100, Loss: 0.0923
Epoch 64 learning rate: 0.07679133974894985
Epoch 64 time: 91.54172897338867 seconds
Epoch 64 accuracy: 92.02%
Batch 100, Loss: 0.0922
Epoch 65 learning rate: 0.07612492823579746
Epoch 65 time: 91.59403085708618 seconds
Epoch 65 accuracy: 90.92%
Batch 100, Loss: 0.0897
Epoch 66 learning rate: 0.07545207078751859
Epoch 66 time: 91.44289302825928 seconds
Epoch 66 accuracy: 91.73%
Batch 100, Loss: 0.0842
Epoch 67 learning rate: 0.0747729334216204
Epoch 67 time: 91.38972997665405 seconds
Epoch 67 accuracy: 91.78%
Batch 100, Loss: 0.0882
Epoch 68 learning rate: 0.07408768370508578
Epoch 68 time: 91.53574109077454 seconds
Epoch 68 accuracy: 92.22%
Batch 100, Loss: 0.0821
Epoch 69 learning rate: 0.0733964907130287
Epoch 69 time: 91.68097162246704 seconds
Epoch 69 accuracy: 91.4%
Batch 100, Loss: 0.0853
Epoch 70 learning rate: 0.07269952498697736
Epoch 70 time: 91.53786396980286 seconds
Epoch 70 accuracy: 90.66%
Batch 100, Loss: 0.0797
Epoch 71 learning rate: 0.07199695849279578
Epoch 71 time: 91.54769515991211 seconds
Epoch 71 accuracy: 92.1%
Batch 100, Loss: 0.0770
Epoch 72 learning rate: 0.07128896457825366
Epoch 72 time: 91.64019107818604 seconds
Epoch 72 accuracy: 92.63%
Batch 100, Loss: 0.0768
Epoch 73 learning rate: 0.07057571793025548
Epoch 73 time: 91.59226679801941 seconds
Epoch 73 accuracy: 91.9%
Batch 100, Loss: 0.0775
Epoch 74 learning rate: 0.06985739453173906
Epoch 74 time: 91.45593214035034 seconds
Epoch 74 accuracy: 90.74%
Batch 100, Loss: 0.0753
Epoch 75 learning rate: 0.06913417161825453
Epoch 75 time: 91.6898946762085 seconds
Epoch 75 accuracy: 91.64%
Batch 100, Loss: 0.0684
Epoch 76 learning rate: 0.06840622763423394
Epoch 76 time: 91.43735837936401 seconds
Epoch 76 accuracy: 91.88%
Batch 100, Loss: 0.0696
Epoch 77 learning rate: 0.0676737421889629
Epoch 77 time: 91.54561066627502 seconds
Epoch 77 accuracy: 92.96%
Batch 100, Loss: 0.0695
Epoch 78 learning rate: 0.06693689601226462
Epoch 78 time: 91.32287788391113 seconds
Epoch 78 accuracy: 92.6%
Batch 100, Loss: 0.0671
Epoch 79 learning rate: 0.06619587090990751
Epoch 79 time: 91.48671793937683 seconds
Epoch 79 accuracy: 92.28%
Batch 100, Loss: 0.0687
Epoch 80 learning rate: 0.06545084971874741
Epoch 80 time: 91.64028596878052 seconds
Epoch 80 accuracy: 92.15%
Batch 100, Loss: 0.0666
Epoch 81 learning rate: 0.06470201626161524
Epoch 81 time: 91.39632678031921 seconds
Epoch 81 accuracy: 93.31%
Batch 100, Loss: 0.0634
Epoch 82 learning rate: 0.06394955530196152
Epoch 82 time: 91.18620276451111 seconds
Epoch 82 accuracy: 93.03%
Batch 100, Loss: 0.0637
Epoch 83 learning rate: 0.06319365249826868
Epoch 83 time: 91.24062943458557 seconds
Epoch 83 accuracy: 92.64%
Batch 100, Loss: 0.0583
Epoch 84 learning rate: 0.06243449435824277
Epoch 84 time: 91.37726473808289 seconds
Epoch 84 accuracy: 92.39%
Batch 100, Loss: 0.0619
Epoch 85 learning rate: 0.06167226819279532
Epoch 85 time: 91.20856475830078 seconds
Epoch 85 accuracy: 92.5%
Batch 100, Loss: 0.0568
Epoch 86 learning rate: 0.06090716206982718
Epoch 86 time: 91.39993572235107 seconds
Epoch 86 accuracy: 92.85%
Batch 100, Loss: 0.0582
Epoch 87 learning rate: 0.06013936476782568
Epoch 87 time: 91.5680787563324 seconds
Epoch 87 accuracy: 92.74%
Batch 100, Loss: 0.0526
Epoch 88 learning rate: 0.05936906572928629
Epoch 88 time: 91.26262617111206 seconds
Epoch 88 accuracy: 92.17%
Batch 100, Loss: 0.0557
Epoch 89 learning rate: 0.05859645501397052
Epoch 89 time: 91.37040615081787 seconds
Epoch 89 accuracy: 93.3%
Batch 100, Loss: 0.0550
Epoch 90 learning rate: 0.05782172325201159
Epoch 90 time: 91.47198843955994 seconds
Epoch 90 accuracy: 93.37%
Batch 100, Loss: 0.0531
Epoch 91 learning rate: 0.057045061596879186
Epoch 91 time: 91.48334836959839 seconds
Epoch 91 accuracy: 92.18%
Batch 100, Loss: 0.0508
Epoch 92 learning rate: 0.056266661678215264
Epoch 92 time: 91.45320701599121 seconds
Epoch 92 accuracy: 92.74%
Batch 100, Loss: 0.0479
Epoch 93 learning rate: 0.055486715554552306
Epoch 93 time: 91.60730195045471 seconds
Epoch 93 accuracy: 93.25%
Batch 100, Loss: 0.0481
Epoch 94 learning rate: 0.05470541566592575
Epoch 94 time: 91.58313798904419 seconds
Epoch 94 accuracy: 92.44%
Batch 100, Loss: 0.0462
Epoch 95 learning rate: 0.05392295478639229
Epoch 95 time: 91.34467649459839 seconds
Epoch 95 accuracy: 93.35%
Batch 100, Loss: 0.0459
Epoch 96 learning rate: 0.05313952597646571
Epoch 96 time: 91.40161800384521 seconds
Epoch 96 accuracy: 93.58%
Batch 100, Loss: 0.0430
Epoch 97 learning rate: 0.05235532253548216
Epoch 97 time: 91.6998496055603 seconds
Epoch 97 accuracy: 93.46%
Batch 100, Loss: 0.0468
Epoch 98 learning rate: 0.051570537953906447
Epoch 98 time: 91.58336806297302 seconds
Epoch 98 accuracy: 92.78%
Batch 100, Loss: 0.0446
Epoch 99 learning rate: 0.05078536586559106
Epoch 99 time: 91.31030201911926 seconds
Epoch 99 accuracy: 93.07%
Batch 100, Loss: 0.0407
Epoch 100 learning rate: 0.050000000000000024
Epoch 100 time: 91.5790810585022 seconds
Epoch 100 accuracy: 92.7%
Batch 100, Loss: 0.0417
Epoch 101 learning rate: 0.049214634134409
Epoch 101 time: 91.48414731025696 seconds
Epoch 101 accuracy: 93.15%
Batch 100, Loss: 0.0374
Epoch 102 learning rate: 0.04842946204609361
Epoch 102 time: 91.36873054504395 seconds
Epoch 102 accuracy: 93.43%
Batch 100, Loss: 0.0361
Epoch 103 learning rate: 0.04764467746451789
Epoch 103 time: 91.33931589126587 seconds
Epoch 103 accuracy: 93.39%
Batch 100, Loss: 0.0347
Epoch 104 learning rate: 0.046860474023534354
Epoch 104 time: 91.34938645362854 seconds
Epoch 104 accuracy: 93.32%
Batch 100, Loss: 0.0357
Epoch 105 learning rate: 0.04607704521360778
Epoch 105 time: 91.51291179656982 seconds
Epoch 105 accuracy: 93.6%
Batch 100, Loss: 0.0362
Epoch 106 learning rate: 0.04529458433407431
Epoch 106 time: 91.43181800842285 seconds
Epoch 106 accuracy: 93.38%
Batch 100, Loss: 0.0357
Epoch 107 learning rate: 0.04451328444544776
Epoch 107 time: 91.35806488990784 seconds
Epoch 107 accuracy: 93.48%
Batch 100, Loss: 0.0338
Epoch 108 learning rate: 0.04373333832178482
Epoch 108 time: 91.30118131637573 seconds
Epoch 108 accuracy: 93.77%
Batch 100, Loss: 0.0322
Epoch 109 learning rate: 0.0429549384031209
Epoch 109 time: 91.42486453056335 seconds
Epoch 109 accuracy: 94.0%
Batch 100, Loss: 0.0302
Epoch 110 learning rate: 0.042178276747988484
Epoch 110 time: 91.44367742538452 seconds
Epoch 110 accuracy: 93.93%
Batch 100, Loss: 0.0294
Epoch 111 learning rate: 0.04140354498602954
Epoch 111 time: 91.40592432022095 seconds
Epoch 111 accuracy: 93.56%
Batch 100, Loss: 0.0285
Epoch 112 learning rate: 0.0406309342707138
Epoch 112 time: 91.28641700744629 seconds
Epoch 112 accuracy: 93.47%
Batch 100, Loss: 0.0270
Epoch 113 learning rate: 0.03986063523217441
Epoch 113 time: 91.40576195716858 seconds
Epoch 113 accuracy: 94.03%
Batch 100, Loss: 0.0272
Epoch 114 learning rate: 0.039092837930172916
Epoch 114 time: 91.39907026290894 seconds
Epoch 114 accuracy: 94.2%
Batch 100, Loss: 0.0280
Epoch 115 learning rate: 0.03832773180720475
Epoch 115 time: 91.47753596305847 seconds
Epoch 115 accuracy: 93.21%
Batch 100, Loss: 0.0256
Epoch 116 learning rate: 0.037565505641757285
Epoch 116 time: 91.43749356269836 seconds
Epoch 116 accuracy: 93.67%
Batch 100, Loss: 0.0238
Epoch 117 learning rate: 0.03680634750173138
Epoch 117 time: 91.47985219955444 seconds
Epoch 117 accuracy: 93.94%
Batch 100, Loss: 0.0240
Epoch 118 learning rate: 0.036050444698038565
Epoch 118 time: 91.31739377975464 seconds
Epoch 118 accuracy: 94.1%
Batch 100, Loss: 0.0226
Epoch 119 learning rate: 0.03529798373838483
Epoch 119 time: 91.53285002708435 seconds
Epoch 119 accuracy: 94.17%
Batch 100, Loss: 0.0222
Epoch 120 learning rate: 0.03454915028125267
Epoch 120 time: 91.41776156425476 seconds
Epoch 120 accuracy: 94.57%
Batch 100, Loss: 0.0201
Epoch 121 learning rate: 0.03380412909009255
Epoch 121 time: 91.41076683998108 seconds
Epoch 121 accuracy: 94.0%
Batch 100, Loss: 0.0182
Epoch 122 learning rate: 0.03306310398773545
Epoch 122 time: 91.5785460472107 seconds
Epoch 122 accuracy: 94.19%
Batch 100, Loss: 0.0187
Epoch 123 learning rate: 0.03232625781103717
Epoch 123 time: 91.47861909866333 seconds
Epoch 123 accuracy: 94.42%
Batch 100, Loss: 0.0168
Epoch 124 learning rate: 0.03159377236576613
Epoch 124 time: 91.72516059875488 seconds
Epoch 124 accuracy: 94.41%
Batch 100, Loss: 0.0174
Epoch 125 learning rate: 0.030865828381745543
Epoch 125 time: 91.43108606338501 seconds
Epoch 125 accuracy: 94.48%
Batch 100, Loss: 0.0163
Epoch 126 learning rate: 0.03014260546826098
Epoch 126 time: 91.46584963798523 seconds
Epoch 126 accuracy: 94.6%
Batch 100, Loss: 0.0156
Epoch 127 learning rate: 0.02942428206974458
Epoch 127 time: 91.48680257797241 seconds
Epoch 127 accuracy: 94.4%
Batch 100, Loss: 0.0151
Epoch 128 learning rate: 0.028711035421746387
Epoch 128 time: 91.3916027545929 seconds
Epoch 128 accuracy: 94.68%
Batch 100, Loss: 0.0145
Epoch 129 learning rate: 0.02800304150720426
Epoch 129 time: 91.1837010383606 seconds
Epoch 129 accuracy: 94.58%
Batch 100, Loss: 0.0139
Epoch 130 learning rate: 0.02730047501302268
Epoch 130 time: 91.30687689781189 seconds
Epoch 130 accuracy: 94.42%
Batch 100, Loss: 0.0145
Epoch 131 learning rate: 0.026603509286971357
Epoch 131 time: 91.580735206604 seconds
Epoch 131 accuracy: 94.94%
Batch 100, Loss: 0.0122
Epoch 132 learning rate: 0.025912316294914244
Epoch 132 time: 91.46437120437622 seconds
Epoch 132 accuracy: 94.98%
Batch 100, Loss: 0.0117
Epoch 133 learning rate: 0.025227066578379632
Epoch 133 time: 91.41237425804138 seconds
Epoch 133 accuracy: 95.04%
Batch 100, Loss: 0.0125
Epoch 134 learning rate: 0.024547929212481445
Epoch 134 time: 91.48372030258179 seconds
Epoch 134 accuracy: 94.83%
Batch 100, Loss: 0.0116
Epoch 135 learning rate: 0.02387507176420257
Epoch 135 time: 91.43023681640625 seconds
Epoch 135 accuracy: 94.67%
Batch 100, Loss: 0.0103
Epoch 136 learning rate: 0.023208660251050166
Epoch 136 time: 91.5501618385315 seconds
Epoch 136 accuracy: 94.65%
Batch 100, Loss: 0.0109
Epoch 137 learning rate: 0.022548859100093414
Epoch 137 time: 91.32734322547913 seconds
Epoch 137 accuracy: 94.82%
Batch 100, Loss: 0.0098
Epoch 138 learning rate: 0.021895831107393474
Epoch 138 time: 91.45104932785034 seconds
Epoch 138 accuracy: 94.91%
Batch 100, Loss: 0.0089
Epoch 139 learning rate: 0.02124973739783608
Epoch 139 time: 91.44162368774414 seconds
Epoch 139 accuracy: 95.26%
Batch 100, Loss: 0.0093
Epoch 140 learning rate: 0.02061073738537636
Epoch 140 time: 91.36030697822571 seconds
Epoch 140 accuracy: 95.17%
Batch 100, Loss: 0.0085
Epoch 141 learning rate: 0.019978988733705814
Epoch 141 time: 91.56408905982971 seconds
Epoch 141 accuracy: 95.03%
Batch 100, Loss: 0.0074
Epoch 142 learning rate: 0.01935464731735118
Epoch 142 time: 91.59963536262512 seconds
Epoch 142 accuracy: 95.03%
Batch 100, Loss: 0.0070
Epoch 143 learning rate: 0.018737867183214747
Epoch 143 time: 91.50473499298096 seconds
Epoch 143 accuracy: 95.13%
Batch 100, Loss: 0.0075
Epoch 144 learning rate: 0.01812880051256552
Epoch 144 time: 91.47848677635193 seconds
Epoch 144 accuracy: 94.83%
Batch 100, Loss: 0.0068
Epoch 145 learning rate: 0.017527597583490827
Epoch 145 time: 91.538165807724 seconds
Epoch 145 accuracy: 94.9%
Batch 100, Loss: 0.0065
Epoch 146 learning rate: 0.01693440673381742
Epoch 146 time: 91.40467190742493 seconds
Epoch 146 accuracy: 95.05%
Batch 100, Loss: 0.0059
Epoch 147 learning rate: 0.016349374324511334
Epoch 147 time: 91.45543003082275 seconds
Epoch 147 accuracy: 95.13%
Batch 100, Loss: 0.0064
Epoch 148 learning rate: 0.01577264470356557
Epoch 148 time: 91.60806107521057 seconds
Epoch 148 accuracy: 95.41%
Batch 100, Loss: 0.0061
Epoch 149 learning rate: 0.01520436017038429
Epoch 149 time: 91.3640398979187 seconds
Epoch 149 accuracy: 94.96%
Batch 100, Loss: 0.0060
Epoch 150 learning rate: 0.014644660940672632
Epoch 150 time: 91.60344052314758 seconds
Epoch 150 accuracy: 95.23%
Batch 100, Loss: 0.0055
Epoch 151 learning rate: 0.01409368511184057
Epoch 151 time: 91.52058172225952 seconds
Epoch 151 accuracy: 95.29%
Batch 100, Loss: 0.0048
Epoch 152 learning rate: 0.013551568628929438
Epoch 152 time: 91.42863488197327 seconds
Epoch 152 accuracy: 95.43%
Batch 100, Loss: 0.0046
Epoch 153 learning rate: 0.013018445251069516
Epoch 153 time: 91.64375567436218 seconds
Epoch 153 accuracy: 95.33%
Batch 100, Loss: 0.0041
Epoch 154 learning rate: 0.012494446518477026
Epoch 154 time: 91.50719404220581 seconds
Epoch 154 accuracy: 95.49%
Batch 100, Loss: 0.0042
Epoch 155 learning rate: 0.011979701719998459
Epoch 155 time: 91.64859628677368 seconds
Epoch 155 accuracy: 95.33%
Batch 100, Loss: 0.0040
Epoch 156 learning rate: 0.011474337861210548
Epoch 156 time: 91.37285494804382 seconds
Epoch 156 accuracy: 95.41%
Batch 100, Loss: 0.0039
Epoch 157 learning rate: 0.010978479633083526
Epoch 157 time: 91.3646228313446 seconds
Epoch 157 accuracy: 95.45%
Batch 100, Loss: 0.0036
Epoch 158 learning rate: 0.010492249381215483
Epoch 158 time: 91.60961389541626 seconds
Epoch 158 accuracy: 95.6%
Batch 100, Loss: 0.0035
Epoch 159 learning rate: 0.010015767075645474
Epoch 159 time: 91.465322971344 seconds
Epoch 159 accuracy: 95.57%
Batch 100, Loss: 0.0034
Epoch 160 learning rate: 0.009549150281252637
Epoch 160 time: 91.55489993095398 seconds
Epoch 160 accuracy: 95.56%
Batch 100, Loss: 0.0031
Epoch 161 learning rate: 0.00909251412874884
Epoch 161 time: 91.6478374004364 seconds
Epoch 161 accuracy: 95.71%
Batch 100, Loss: 0.0031
Epoch 162 learning rate: 0.008645971286271918
Epoch 162 time: 91.56642007827759 seconds
Epoch 162 accuracy: 95.55%
Batch 100, Loss: 0.0030
Epoch 163 learning rate: 0.008209631931586501
Epoch 163 time: 91.51692080497742 seconds
Epoch 163 accuracy: 95.33%
Batch 100, Loss: 0.0029
Epoch 164 learning rate: 0.0077836037248992605
Epoch 164 time: 91.6220977306366 seconds
Epoch 164 accuracy: 95.62%
Batch 100, Loss: 0.0030
Epoch 165 learning rate: 0.0073679917822954055
Epoch 165 time: 91.5403618812561 seconds
Epoch 165 accuracy: 95.61%
Batch 100, Loss: 0.0028
Epoch 166 learning rate: 0.006962898649802815
Epoch 166 time: 91.64724946022034 seconds
Epoch 166 accuracy: 95.65%
Batch 100, Loss: 0.0025
Epoch 167 learning rate: 0.006568424278090438
Epoch 167 time: 91.30775380134583 seconds
Epoch 167 accuracy: 95.75%
Batch 100, Loss: 0.0027
Epoch 168 learning rate: 0.006184665997806824
Epoch 168 time: 91.3568274974823 seconds
Epoch 168 accuracy: 95.86%
Batch 100, Loss: 0.0024
Epoch 169 learning rate: 0.00581171849556533
Epoch 169 time: 91.30166506767273 seconds
Epoch 169 accuracy: 95.55%
Batch 100, Loss: 0.0021
Epoch 170 learning rate: 0.0054496737905816136
Epoch 170 time: 91.42636466026306 seconds
Epoch 170 accuracy: 95.75%
Batch 100, Loss: 0.0023
Epoch 171 learning rate: 0.005098621211969226
Epoch 171 time: 91.31874394416809 seconds
Epoch 171 accuracy: 95.77%
Batch 100, Loss: 0.0021
Epoch 172 learning rate: 0.004758647376699035
Epoch 172 time: 91.42617774009705 seconds
Epoch 172 accuracy: 95.92%
Batch 100, Loss: 0.0022
Epoch 173 learning rate: 0.00442983616822775
Epoch 173 time: 91.54118919372559 seconds
Epoch 173 accuracy: 95.78%
Batch 100, Loss: 0.0020
Epoch 174 learning rate: 0.004112268715800957
Epoch 174 time: 91.38326454162598 seconds
Epoch 174 accuracy: 95.64%
Batch 100, Loss: 0.0021
Epoch 175 learning rate: 0.003806023374435677
Epoch 175 time: 91.47035384178162 seconds
Epoch 175 accuracy: 95.76%
Batch 100, Loss: 0.0018
Epoch 176 learning rate: 0.003511175705587435
Epoch 176 time: 91.54014730453491 seconds
Epoch 176 accuracy: 95.71%
Batch 100, Loss: 0.0017
Epoch 177 learning rate: 0.0032277984585066333
Epoch 177 time: 91.52752780914307 seconds
Epoch 177 accuracy: 95.76%
Batch 100, Loss: 0.0019
Epoch 178 learning rate: 0.002955961552288729
Epoch 178 time: 91.26476526260376 seconds
Epoch 178 accuracy: 95.83%
Batch 100, Loss: 0.0018
Epoch 179 learning rate: 0.0026957320586227366
Epoch 179 time: 91.48754787445068 seconds
Epoch 179 accuracy: 95.78%
Batch 100, Loss: 0.0017
Epoch 180 learning rate: 0.002447174185242325
Epoch 180 time: 91.44056797027588 seconds
Epoch 180 accuracy: 95.79%
Batch 100, Loss: 0.0016
Epoch 181 learning rate: 0.0022103492600834954
Epoch 181 time: 91.50553393363953 seconds
Epoch 181 accuracy: 95.91%
Batch 100, Loss: 0.0016
Epoch 182 learning rate: 0.0019853157161528537
Epoch 182 time: 91.55992531776428 seconds
Epoch 182 accuracy: 95.88%
Batch 100, Loss: 0.0016
Epoch 183 learning rate: 0.001772129077110103
Epoch 183 time: 91.4120614528656 seconds
Epoch 183 accuracy: 95.84%
Batch 100, Loss: 0.0015
Epoch 184 learning rate: 0.0015708419435684529
Epoch 184 time: 91.3909170627594 seconds
Epoch 184 accuracy: 95.86%
Batch 100, Loss: 0.0016
Epoch 185 learning rate: 0.0013815039801161732
Epoch 185 time: 91.4794864654541 seconds
Epoch 185 accuracy: 95.77%
Batch 100, Loss: 0.0017
Epoch 186 learning rate: 0.0012041619030626347
Epoch 186 time: 91.55221343040466 seconds
Epoch 186 accuracy: 95.89%
Batch 100, Loss: 0.0015
Epoch 187 learning rate: 0.0010388594689117077
Epoch 187 time: 91.37966132164001 seconds
Epoch 187 accuracy: 95.92%
Batch 100, Loss: 0.0016
Epoch 188 learning rate: 0.0008856374635655645
Epoch 188 time: 91.4854199886322 seconds
Epoch 188 accuracy: 95.91%
Batch 100, Loss: 0.0016
Epoch 189 learning rate: 0.000744533692261307
Epoch 189 time: 91.51574969291687 seconds
Epoch 189 accuracy: 95.99%
Batch 100, Loss: 0.0014
Epoch 190 learning rate: 0.0006155829702431174
Epoch 190 time: 91.32295441627502 seconds
Epoch 190 accuracy: 96.0%
Batch 100, Loss: 0.0015
Epoch 191 learning rate: 0.0004988171141721235
Epoch 191 time: 91.42794680595398 seconds
Epoch 191 accuracy: 96.01%
Batch 100, Loss: 0.0015
Epoch 192 learning rate: 0.00039426493427611206
Epoch 192 time: 91.4722900390625 seconds
Epoch 192 accuracy: 95.9%
Batch 100, Loss: 0.0016
Epoch 193 learning rate: 0.00030195222724102046
Epoch 193 time: 91.45486831665039 seconds
Epoch 193 accuracy: 95.89%
Batch 100, Loss: 0.0014
Epoch 194 learning rate: 0.00022190176984600036
Epoch 194 time: 91.45897102355957 seconds
Epoch 194 accuracy: 95.93%
Batch 100, Loss: 0.0015
Epoch 195 learning rate: 0.00015413331334360192
Epoch 195 time: 91.54787611961365 seconds
Epoch 195 accuracy: 95.97%
Batch 100, Loss: 0.0014
Epoch 196 learning rate: 9.866357858642213e-05
Epoch 196 time: 91.63174986839294 seconds
Epoch 196 accuracy: 95.89%
Batch 100, Loss: 0.0014
Epoch 197 learning rate: 5.5506251901504864e-05
Epoch 197 time: 91.58127331733704 seconds
Epoch 197 accuracy: 95.86%
Batch 100, Loss: 0.0013
Epoch 198 learning rate: 2.4671981713420017e-05
Epoch 198 time: 91.68096017837524 seconds
Epoch 198 accuracy: 95.97%
Batch 100, Loss: 0.0016
Epoch 199 learning rate: 6.168375916970619e-06
Epoch 199 time: 91.54621934890747 seconds
Epoch 199 accuracy: 96.02%
Batch 100, Loss: 0.0014
Epoch 200 learning rate: 0.0
Epoch 200 time: 91.45360612869263 seconds
Epoch 200 accuracy: 95.91%
Total training time: 18305.76927471161 seconds
