The following modules were not unloaded:
  (Use "module --force purge" to unload all):

  1) CCconfig        6)  ucx/1.14.1         11) flexiblas/3.3.1
  2) gentoo/2023     7)  libfabric/1.18.0   12) imkl/2023.2.0
  3) gcccore/.12.3   8)  pmix/4.2.4         13) StdEnv/2023
  4) gcc/12.3        9)  ucc/1.2.0
  5) hwloc/2.9.1     10) openmpi/4.1.5
/project/6070520/tkleinkn/Vanilla-GAM/main_cifar.py:161: UserWarning: You have chosen a specific GPU. This will completely disable data parallelism.
  warnings.warn('You have chosen a specific GPU. This will completely '
model name space ['resnet101_c', 'resnet152_c', 'resnet18_c', 'resnet34_c', 'resnet50_c']
Use GPU: 0 for training
=> creating model 'resnet18_c'
Files already downloaded and verified
Files already downloaded and verified
tensorboard dir ./results/CIFAR100/GAM
Batch 50, Loss: 3.7002
Batch 100, Loss: 3.2729
Batch 150, Loss: 3.1705
Epoch 1 learning rate: 0.09999383162408304
Epoch 1 time: 100.94827198982239 seconds
Epoch 1 accuracy: 12.92%
Batch 50, Loss: 2.9941
Batch 100, Loss: 2.9113
Batch 150, Loss: 2.8294
Epoch 2 learning rate: 0.09997532801828658
Epoch 2 time: 91.62255477905273 seconds
Epoch 2 accuracy: 19.54%
Batch 50, Loss: 2.6948
Batch 100, Loss: 2.6134
Batch 150, Loss: 2.5092
Epoch 3 learning rate: 0.09994449374809851
Epoch 3 time: 91.76853561401367 seconds
Epoch 3 accuracy: 27.83%
Batch 50, Loss: 2.3745
Batch 100, Loss: 2.3192
Batch 150, Loss: 2.2508
Epoch 4 learning rate: 0.09990133642141359
Epoch 4 time: 91.62304854393005 seconds
Epoch 4 accuracy: 35.77%
Batch 50, Loss: 2.0875
Batch 100, Loss: 2.0332
Batch 150, Loss: 1.9776
Epoch 5 learning rate: 0.09984586668665642
Epoch 5 time: 91.55588793754578 seconds
Epoch 5 accuracy: 41.18%
Batch 50, Loss: 1.8777
Batch 100, Loss: 1.8333
Batch 150, Loss: 1.7782
Epoch 6 learning rate: 0.09977809823015402
Epoch 6 time: 91.78408765792847 seconds
Epoch 6 accuracy: 45.06%
Batch 50, Loss: 1.6756
Batch 100, Loss: 1.6468
Batch 150, Loss: 1.6539
Epoch 7 learning rate: 0.09969804777275901
Epoch 7 time: 91.54952430725098 seconds
Epoch 7 accuracy: 46.01%
Batch 50, Loss: 1.5366
Batch 100, Loss: 1.5271
Batch 150, Loss: 1.4887
Epoch 8 learning rate: 0.09960573506572391
Epoch 8 time: 91.58161067962646 seconds
Epoch 8 accuracy: 52.23%
Batch 50, Loss: 1.4302
Batch 100, Loss: 1.4289
Batch 150, Loss: 1.3848
Epoch 9 learning rate: 0.09950118288582789
Epoch 9 time: 91.67974305152893 seconds
Epoch 9 accuracy: 53.75%
Batch 50, Loss: 1.3290
Batch 100, Loss: 1.3072
Batch 150, Loss: 1.3306
Epoch 10 learning rate: 0.09938441702975691
Epoch 10 time: 91.40551161766052 seconds
Epoch 10 accuracy: 52.78%
Batch 50, Loss: 1.2209
Batch 100, Loss: 1.2427
Batch 150, Loss: 1.2416
Epoch 11 learning rate: 0.09925546630773871
Epoch 11 time: 91.72724628448486 seconds
Epoch 11 accuracy: 58.71%
Batch 50, Loss: 1.1615
Batch 100, Loss: 1.1670
Batch 150, Loss: 1.1805
Epoch 12 learning rate: 0.09911436253643445
Epoch 12 time: 91.81743860244751 seconds
Epoch 12 accuracy: 60.67%
Batch 50, Loss: 1.1246
Batch 100, Loss: 1.1171
Batch 150, Loss: 1.1495
Epoch 13 learning rate: 0.0989611405310883
Epoch 13 time: 91.53807401657104 seconds
Epoch 13 accuracy: 59.37%
Batch 50, Loss: 1.0881
Batch 100, Loss: 1.0707
Batch 150, Loss: 1.0845
Epoch 14 learning rate: 0.09879583809693739
Epoch 14 time: 91.60887432098389 seconds
Epoch 14 accuracy: 60.08%
Batch 50, Loss: 1.0370
Batch 100, Loss: 1.0511
Batch 150, Loss: 1.0514
Epoch 15 learning rate: 0.09861849601988384
Epoch 15 time: 91.53884959220886 seconds
Epoch 15 accuracy: 60.72%
Batch 50, Loss: 0.9957
Batch 100, Loss: 0.9868
Batch 150, Loss: 1.0159
Epoch 16 learning rate: 0.09842915805643157
Epoch 16 time: 91.65099835395813 seconds
Epoch 16 accuracy: 61.71%
Batch 50, Loss: 0.9402
Batch 100, Loss: 0.9629
Batch 150, Loss: 0.9919
Epoch 17 learning rate: 0.09822787092288993
Epoch 17 time: 91.78654718399048 seconds
Epoch 17 accuracy: 63.21%
Batch 50, Loss: 0.9140
Batch 100, Loss: 0.9179
Batch 150, Loss: 0.9564
Epoch 18 learning rate: 0.09801468428384717
Epoch 18 time: 91.67847275733948 seconds
Epoch 18 accuracy: 62.79%
Batch 50, Loss: 0.8847
Batch 100, Loss: 0.9015
Batch 150, Loss: 0.9255
Epoch 19 learning rate: 0.09778965073991652
Epoch 19 time: 91.6143798828125 seconds
Epoch 19 accuracy: 63.57%
Batch 50, Loss: 0.8503
Batch 100, Loss: 0.8873
Batch 150, Loss: 0.9242
Epoch 20 learning rate: 0.0975528258147577
Epoch 20 time: 91.62849807739258 seconds
Epoch 20 accuracy: 64.12%
Batch 50, Loss: 0.8291
Batch 100, Loss: 0.8478
Batch 150, Loss: 0.8915
Epoch 21 learning rate: 0.09730426794137728
Epoch 21 time: 91.5119264125824 seconds
Epoch 21 accuracy: 64.81%
Batch 50, Loss: 0.8113
Batch 100, Loss: 0.8158
Batch 150, Loss: 0.8590
Epoch 22 learning rate: 0.09704403844771128
Epoch 22 time: 91.4906873703003 seconds
Epoch 22 accuracy: 62.34%
Batch 50, Loss: 0.7926
Batch 100, Loss: 0.8080
Batch 150, Loss: 0.8564
Epoch 23 learning rate: 0.09677220154149338
Epoch 23 time: 91.79198002815247 seconds
Epoch 23 accuracy: 65.94%
Batch 50, Loss: 0.7793
Batch 100, Loss: 0.7847
Batch 150, Loss: 0.8125
Epoch 24 learning rate: 0.09648882429441258
Epoch 24 time: 91.63931894302368 seconds
Epoch 24 accuracy: 64.85%
Batch 50, Loss: 0.7496
Batch 100, Loss: 0.7561
Batch 150, Loss: 0.8060
Epoch 25 learning rate: 0.09619397662556435
Epoch 25 time: 91.4518575668335 seconds
Epoch 25 accuracy: 65.13%
Batch 50, Loss: 0.7209
Batch 100, Loss: 0.7476
Batch 150, Loss: 0.7798
Epoch 26 learning rate: 0.09588773128419906
Epoch 26 time: 91.62077593803406 seconds
Epoch 26 accuracy: 64.96%
Batch 50, Loss: 0.6883
Batch 100, Loss: 0.7336
Batch 150, Loss: 0.7659
Epoch 27 learning rate: 0.09557016383177226
Epoch 27 time: 91.58470606803894 seconds
Epoch 27 accuracy: 67.63%
Batch 50, Loss: 0.6961
Batch 100, Loss: 0.7139
Batch 150, Loss: 0.7393
Epoch 28 learning rate: 0.09524135262330098
Epoch 28 time: 91.53090381622314 seconds
Epoch 28 accuracy: 66.69%
Batch 50, Loss: 0.6935
Batch 100, Loss: 0.7011
Batch 150, Loss: 0.7122
Epoch 29 learning rate: 0.09490137878803079
Epoch 29 time: 91.67614078521729 seconds
Epoch 29 accuracy: 65.99%
Batch 50, Loss: 0.6881
Batch 100, Loss: 0.6898
Batch 150, Loss: 0.7307
Epoch 30 learning rate: 0.0945503262094184
Epoch 30 time: 91.37811160087585 seconds
Epoch 30 accuracy: 66.55%
Batch 50, Loss: 0.6568
Batch 100, Loss: 0.6709
Batch 150, Loss: 0.6961
Epoch 31 learning rate: 0.0941882815044347
Epoch 31 time: 91.47565865516663 seconds
Epoch 31 accuracy: 67.64%
Batch 50, Loss: 0.6295
Batch 100, Loss: 0.6568
Batch 150, Loss: 0.6953
Epoch 32 learning rate: 0.09381533400219319
Epoch 32 time: 91.59413051605225 seconds
Epoch 32 accuracy: 67.76%
Batch 50, Loss: 0.6329
Batch 100, Loss: 0.6495
Batch 150, Loss: 0.6719
Epoch 33 learning rate: 0.09343157572190958
Epoch 33 time: 91.39386558532715 seconds
Epoch 33 accuracy: 67.1%
Batch 50, Loss: 0.6108
Batch 100, Loss: 0.6289
Batch 150, Loss: 0.6698
Epoch 34 learning rate: 0.0930371013501972
Epoch 34 time: 91.54632353782654 seconds
Epoch 34 accuracy: 67.91%
Batch 50, Loss: 0.6098
Batch 100, Loss: 0.6280
Batch 150, Loss: 0.6608
Epoch 35 learning rate: 0.09263200821770463
Epoch 35 time: 91.64485621452332 seconds
Epoch 35 accuracy: 67.23%
Batch 50, Loss: 0.6052
Batch 100, Loss: 0.6164
Batch 150, Loss: 0.6353
Epoch 36 learning rate: 0.09221639627510078
Epoch 36 time: 91.66322755813599 seconds
Epoch 36 accuracy: 66.99%
Batch 50, Loss: 0.5784
Batch 100, Loss: 0.5996
Batch 150, Loss: 0.6360
Epoch 37 learning rate: 0.09179036806841355
Epoch 37 time: 91.72841167449951 seconds
Epoch 37 accuracy: 67.38%
Batch 50, Loss: 0.5773
Batch 100, Loss: 0.6020
Batch 150, Loss: 0.6133
Epoch 38 learning rate: 0.09135402871372812
Epoch 38 time: 91.5706877708435 seconds
Epoch 38 accuracy: 67.5%
Batch 50, Loss: 0.5682
Batch 100, Loss: 0.5759
Batch 150, Loss: 0.6115
Epoch 39 learning rate: 0.0909074858712512
Epoch 39 time: 91.54614186286926 seconds
Epoch 39 accuracy: 67.83%
Batch 50, Loss: 0.5615
Batch 100, Loss: 0.5783
Batch 150, Loss: 0.5985
Epoch 40 learning rate: 0.09045084971874741
Epoch 40 time: 91.56334853172302 seconds
Epoch 40 accuracy: 67.98%
Batch 50, Loss: 0.5480
Batch 100, Loss: 0.5748
Batch 150, Loss: 0.5868
Epoch 41 learning rate: 0.08998423292435458
Epoch 41 time: 91.53285145759583 seconds
Epoch 41 accuracy: 68.87%
Batch 50, Loss: 0.5205
Batch 100, Loss: 0.5342
Batch 150, Loss: 0.5785
Epoch 42 learning rate: 0.08950775061878455
Epoch 42 time: 91.64123940467834 seconds
Epoch 42 accuracy: 69.0%
Batch 50, Loss: 0.5291
Batch 100, Loss: 0.5353
Batch 150, Loss: 0.5716
Epoch 43 learning rate: 0.08902152036691653
Epoch 43 time: 91.53813290596008 seconds
Epoch 43 accuracy: 66.63%
Batch 50, Loss: 0.5128
Batch 100, Loss: 0.5279
Batch 150, Loss: 0.5622
Epoch 44 learning rate: 0.08852566213878951
Epoch 44 time: 91.56803393363953 seconds
Epoch 44 accuracy: 66.44%
Batch 50, Loss: 0.5054
Batch 100, Loss: 0.5093
Batch 150, Loss: 0.5472
Epoch 45 learning rate: 0.0880202982800016
Epoch 45 time: 91.70921206474304 seconds
Epoch 45 accuracy: 67.66%
Batch 50, Loss: 0.5041
Batch 100, Loss: 0.5184
Batch 150, Loss: 0.5314
Epoch 46 learning rate: 0.08750555348152303
Epoch 46 time: 91.55493998527527 seconds
Epoch 46 accuracy: 68.46%
Batch 50, Loss: 0.4913
Batch 100, Loss: 0.4993
Batch 150, Loss: 0.5291
Epoch 47 learning rate: 0.08698155474893052
Epoch 47 time: 91.5359034538269 seconds
Epoch 47 accuracy: 69.06%
Batch 50, Loss: 0.4781
Batch 100, Loss: 0.4951
Batch 150, Loss: 0.5281
Epoch 48 learning rate: 0.08644843137107061
Epoch 48 time: 91.56363105773926 seconds
Epoch 48 accuracy: 67.59%
Batch 50, Loss: 0.4816
Batch 100, Loss: 0.4798
Batch 150, Loss: 0.5336
Epoch 49 learning rate: 0.08590631488815947
Epoch 49 time: 91.51685690879822 seconds
Epoch 49 accuracy: 68.19%
Batch 50, Loss: 0.4605
Batch 100, Loss: 0.4827
Batch 150, Loss: 0.4918
Epoch 50 learning rate: 0.0853553390593274
Epoch 50 time: 91.69759893417358 seconds
Epoch 50 accuracy: 68.74%
Batch 50, Loss: 0.4620
Batch 100, Loss: 0.4700
Batch 150, Loss: 0.5033
Epoch 51 learning rate: 0.08479563982961574
Epoch 51 time: 91.7889494895935 seconds
Epoch 51 accuracy: 69.85%
Batch 50, Loss: 0.4553
Batch 100, Loss: 0.4717
Batch 150, Loss: 0.4825
Epoch 52 learning rate: 0.08422735529643446
Epoch 52 time: 91.80901455879211 seconds
Epoch 52 accuracy: 68.96%
Batch 50, Loss: 0.4634
Batch 100, Loss: 0.4540
Batch 150, Loss: 0.4832
Epoch 53 learning rate: 0.08365062567548869
Epoch 53 time: 91.69628500938416 seconds
Epoch 53 accuracy: 69.39%
Batch 50, Loss: 0.4460
Batch 100, Loss: 0.4374
Batch 150, Loss: 0.4740
Epoch 54 learning rate: 0.08306559326618261
Epoch 54 time: 91.60007238388062 seconds
Epoch 54 accuracy: 67.89%
Batch 50, Loss: 0.4211
Batch 100, Loss: 0.4272
Batch 150, Loss: 0.4714
Epoch 55 learning rate: 0.0824724024165092
Epoch 55 time: 91.64589977264404 seconds
Epoch 55 accuracy: 69.09%
Batch 50, Loss: 0.4296
Batch 100, Loss: 0.4338
Batch 150, Loss: 0.4644
Epoch 56 learning rate: 0.0818711994874345
Epoch 56 time: 91.75561237335205 seconds
Epoch 56 accuracy: 69.63%
Batch 50, Loss: 0.4344
Batch 100, Loss: 0.4375
Batch 150, Loss: 0.4586
Epoch 57 learning rate: 0.08126213281678528
Epoch 57 time: 91.50874876976013 seconds
Epoch 57 accuracy: 68.77%
Batch 50, Loss: 0.4270
Batch 100, Loss: 0.4239
Batch 150, Loss: 0.4504
Epoch 58 learning rate: 0.08064535268264884
Epoch 58 time: 91.57377243041992 seconds
Epoch 58 accuracy: 68.29%
Batch 50, Loss: 0.4093
Batch 100, Loss: 0.4309
Batch 150, Loss: 0.4397
Epoch 59 learning rate: 0.08002101126629421
Epoch 59 time: 91.5899305343628 seconds
Epoch 59 accuracy: 69.74%
Batch 50, Loss: 0.4119
Batch 100, Loss: 0.4150
Batch 150, Loss: 0.4445
Epoch 60 learning rate: 0.07938926261462367
Epoch 60 time: 91.52595376968384 seconds
Epoch 60 accuracy: 69.37%
Batch 50, Loss: 0.3920
Batch 100, Loss: 0.4042
Batch 150, Loss: 0.4192
Epoch 61 learning rate: 0.07875026260216395
Epoch 61 time: 91.68239545822144 seconds
Epoch 61 accuracy: 70.78%
Batch 50, Loss: 0.3794
Batch 100, Loss: 0.3974
Batch 150, Loss: 0.4151
Epoch 62 learning rate: 0.07810416889260656
Epoch 62 time: 91.55150628089905 seconds
Epoch 62 accuracy: 70.74%
Batch 50, Loss: 0.3862
Batch 100, Loss: 0.3959
Batch 150, Loss: 0.4187
Epoch 63 learning rate: 0.07745114089990661
Epoch 63 time: 91.6522605419159 seconds
Epoch 63 accuracy: 69.28%
Batch 50, Loss: 0.3758
Batch 100, Loss: 0.3820
Batch 150, Loss: 0.4083
Epoch 64 learning rate: 0.07679133974894985
Epoch 64 time: 91.42875146865845 seconds
Epoch 64 accuracy: 70.06%
Batch 50, Loss: 0.3734
Batch 100, Loss: 0.3713
Batch 150, Loss: 0.4026
Epoch 65 learning rate: 0.07612492823579746
Epoch 65 time: 91.72587370872498 seconds
Epoch 65 accuracy: 70.97%
Batch 50, Loss: 0.3532
Batch 100, Loss: 0.3626
Batch 150, Loss: 0.3896
Epoch 66 learning rate: 0.07545207078751859
Epoch 66 time: 91.65498900413513 seconds
Epoch 66 accuracy: 69.67%
Batch 50, Loss: 0.3530
Batch 100, Loss: 0.3593
Batch 150, Loss: 0.3829
Epoch 67 learning rate: 0.0747729334216204
Epoch 67 time: 91.83687829971313 seconds
Epoch 67 accuracy: 71.13%
Batch 50, Loss: 0.3510
Batch 100, Loss: 0.3719
Batch 150, Loss: 0.3885
Epoch 68 learning rate: 0.07408768370508578
Epoch 68 time: 91.6848828792572 seconds
Epoch 68 accuracy: 70.4%
Batch 50, Loss: 0.3553
Batch 100, Loss: 0.3487
Batch 150, Loss: 0.3736
Epoch 69 learning rate: 0.0733964907130287
Epoch 69 time: 91.75598549842834 seconds
Epoch 69 accuracy: 70.87%
Batch 50, Loss: 0.3457
Batch 100, Loss: 0.3440
Batch 150, Loss: 0.3675
Epoch 70 learning rate: 0.07269952498697736
Epoch 70 time: 91.58672666549683 seconds
Epoch 70 accuracy: 70.11%
Batch 50, Loss: 0.3361
Batch 100, Loss: 0.3442
Batch 150, Loss: 0.3602
Epoch 71 learning rate: 0.07199695849279578
Epoch 71 time: 91.79438257217407 seconds
Epoch 71 accuracy: 71.43%
Batch 50, Loss: 0.3242
Batch 100, Loss: 0.3288
Batch 150, Loss: 0.3554
Epoch 72 learning rate: 0.07128896457825366
Epoch 72 time: 91.68369269371033 seconds
Epoch 72 accuracy: 70.28%
Batch 50, Loss: 0.3310
Batch 100, Loss: 0.3272
Batch 150, Loss: 0.3596
Epoch 73 learning rate: 0.07057571793025548
Epoch 73 time: 91.35787057876587 seconds
Epoch 73 accuracy: 70.49%
Batch 50, Loss: 0.3287
Batch 100, Loss: 0.3187
Batch 150, Loss: 0.3393
Epoch 74 learning rate: 0.06985739453173906
Epoch 74 time: 91.48650312423706 seconds
Epoch 74 accuracy: 71.31%
Batch 50, Loss: 0.3086
Batch 100, Loss: 0.3162
Batch 150, Loss: 0.3308
Epoch 75 learning rate: 0.06913417161825453
Epoch 75 time: 91.6877806186676 seconds
Epoch 75 accuracy: 70.86%
Batch 50, Loss: 0.3052
Batch 100, Loss: 0.3118
Batch 150, Loss: 0.3292
Epoch 76 learning rate: 0.06840622763423394
Epoch 76 time: 91.61063528060913 seconds
Epoch 76 accuracy: 70.19%
Batch 50, Loss: 0.3015
Batch 100, Loss: 0.3058
Batch 150, Loss: 0.3173
Epoch 77 learning rate: 0.0676737421889629
Epoch 77 time: 91.5328209400177 seconds
Epoch 77 accuracy: 70.9%
Batch 50, Loss: 0.2944
Batch 100, Loss: 0.3000
Batch 150, Loss: 0.3156
Epoch 78 learning rate: 0.06693689601226462
Epoch 78 time: 91.5081193447113 seconds
Epoch 78 accuracy: 71.25%
Batch 50, Loss: 0.2890
Batch 100, Loss: 0.2925
Batch 150, Loss: 0.2989
Epoch 79 learning rate: 0.06619587090990751
Epoch 79 time: 91.67588424682617 seconds
Epoch 79 accuracy: 70.95%
Batch 50, Loss: 0.2931
Batch 100, Loss: 0.2942
Batch 150, Loss: 0.3082
Epoch 80 learning rate: 0.06545084971874741
Epoch 80 time: 91.68103623390198 seconds
Epoch 80 accuracy: 71.54%
Batch 50, Loss: 0.2747
Batch 100, Loss: 0.2733
Batch 150, Loss: 0.2937
Epoch 81 learning rate: 0.06470201626161524
Epoch 81 time: 91.6381402015686 seconds
Epoch 81 accuracy: 72.13%
Batch 50, Loss: 0.2744
Batch 100, Loss: 0.2769
Batch 150, Loss: 0.2995
Epoch 82 learning rate: 0.06394955530196152
Epoch 82 time: 91.60926938056946 seconds
Epoch 82 accuracy: 71.37%
Batch 50, Loss: 0.2668
Batch 100, Loss: 0.2790
Batch 150, Loss: 0.2820
Epoch 83 learning rate: 0.06319365249826868
Epoch 83 time: 91.60803771018982 seconds
Epoch 83 accuracy: 72.45%
Batch 50, Loss: 0.2589
Batch 100, Loss: 0.2722
Batch 150, Loss: 0.2742
Epoch 84 learning rate: 0.06243449435824277
Epoch 84 time: 91.5196762084961 seconds
Epoch 84 accuracy: 72.34%
Batch 50, Loss: 0.2565
Batch 100, Loss: 0.2601
Batch 150, Loss: 0.2747
Epoch 85 learning rate: 0.06167226819279532
Epoch 85 time: 91.67828512191772 seconds
Epoch 85 accuracy: 70.66%
Batch 50, Loss: 0.2490
Batch 100, Loss: 0.2504
Batch 150, Loss: 0.2738
Epoch 86 learning rate: 0.06090716206982718
Epoch 86 time: 91.5620641708374 seconds
Epoch 86 accuracy: 71.78%
Batch 50, Loss: 0.2597
Batch 100, Loss: 0.2514
Batch 150, Loss: 0.2730
Epoch 87 learning rate: 0.06013936476782568
Epoch 87 time: 91.54510021209717 seconds
Epoch 87 accuracy: 71.39%
Batch 50, Loss: 0.2420
Batch 100, Loss: 0.2472
Batch 150, Loss: 0.2560
Epoch 88 learning rate: 0.05936906572928629
Epoch 88 time: 91.6126914024353 seconds
Epoch 88 accuracy: 72.25%
Batch 50, Loss: 0.2355
Batch 100, Loss: 0.2381
Batch 150, Loss: 0.2519
Epoch 89 learning rate: 0.05859645501397052
Epoch 89 time: 91.71611833572388 seconds
Epoch 89 accuracy: 72.18%
Batch 50, Loss: 0.2327
Batch 100, Loss: 0.2412
Batch 150, Loss: 0.2450
Epoch 90 learning rate: 0.05782172325201159
Epoch 90 time: 91.54548120498657 seconds
Epoch 90 accuracy: 71.83%
Batch 50, Loss: 0.2231
Batch 100, Loss: 0.2256
Batch 150, Loss: 0.2377
Epoch 91 learning rate: 0.057045061596879186
Epoch 91 time: 91.52102541923523 seconds
Epoch 91 accuracy: 72.74%
Batch 50, Loss: 0.2286
Batch 100, Loss: 0.2302
Batch 150, Loss: 0.2407
Epoch 92 learning rate: 0.056266661678215264
Epoch 92 time: 91.56076526641846 seconds
Epoch 92 accuracy: 73.12%
Batch 50, Loss: 0.2218
Batch 100, Loss: 0.2228
Batch 150, Loss: 0.2430
Epoch 93 learning rate: 0.055486715554552306
Epoch 93 time: 91.69872760772705 seconds
Epoch 93 accuracy: 72.49%
Batch 50, Loss: 0.2260
Batch 100, Loss: 0.2224
Batch 150, Loss: 0.2281
Epoch 94 learning rate: 0.05470541566592575
Epoch 94 time: 91.69483780860901 seconds
Epoch 94 accuracy: 73.01%
Batch 50, Loss: 0.2113
Batch 100, Loss: 0.2121
Batch 150, Loss: 0.2240
Epoch 95 learning rate: 0.05392295478639229
Epoch 95 time: 91.58866620063782 seconds
Epoch 95 accuracy: 72.63%
Batch 50, Loss: 0.2041
Batch 100, Loss: 0.1973
Batch 150, Loss: 0.2127
Epoch 96 learning rate: 0.05313952597646571
Epoch 96 time: 91.60524249076843 seconds
Epoch 96 accuracy: 72.71%
Batch 50, Loss: 0.1914
Batch 100, Loss: 0.1912
Batch 150, Loss: 0.2081
Epoch 97 learning rate: 0.05235532253548216
Epoch 97 time: 91.66513872146606 seconds
Epoch 97 accuracy: 73.22%
Batch 50, Loss: 0.1983
Batch 100, Loss: 0.1981
Batch 150, Loss: 0.2106
Epoch 98 learning rate: 0.051570537953906447
Epoch 98 time: 91.51753067970276 seconds
Epoch 98 accuracy: 73.74%
Batch 50, Loss: 0.1941
Batch 100, Loss: 0.1936
Batch 150, Loss: 0.2038
Epoch 99 learning rate: 0.05078536586559106
Epoch 99 time: 91.47308325767517 seconds
Epoch 99 accuracy: 73.3%
Batch 50, Loss: 0.1897
Batch 100, Loss: 0.1889
Batch 150, Loss: 0.1996
Epoch 100 learning rate: 0.050000000000000024
Epoch 100 time: 91.65341830253601 seconds
Epoch 100 accuracy: 73.38%
Batch 50, Loss: 0.1863
Batch 100, Loss: 0.1807
Batch 150, Loss: 0.1923
Epoch 101 learning rate: 0.049214634134409
Epoch 101 time: 91.43629288673401 seconds
Epoch 101 accuracy: 73.39%
Batch 50, Loss: 0.1815
Batch 100, Loss: 0.1741
Batch 150, Loss: 0.1868
Epoch 102 learning rate: 0.04842946204609361
Epoch 102 time: 91.39287996292114 seconds
Epoch 102 accuracy: 73.77%
Batch 50, Loss: 0.1708
Batch 100, Loss: 0.1735
Batch 150, Loss: 0.1815
Epoch 103 learning rate: 0.04764467746451789
Epoch 103 time: 91.80365133285522 seconds
Epoch 103 accuracy: 74.39%
Batch 50, Loss: 0.1681
Batch 100, Loss: 0.1733
Batch 150, Loss: 0.1745
Epoch 104 learning rate: 0.046860474023534354
Epoch 104 time: 91.6317789554596 seconds
Epoch 104 accuracy: 74.59%
Batch 50, Loss: 0.1671
Batch 100, Loss: 0.1659
Batch 150, Loss: 0.1775
Epoch 105 learning rate: 0.04607704521360778
Epoch 105 time: 91.64296555519104 seconds
Epoch 105 accuracy: 73.96%
Batch 50, Loss: 0.1726
Batch 100, Loss: 0.1583
Batch 150, Loss: 0.1691
Epoch 106 learning rate: 0.04529458433407431
Epoch 106 time: 91.4383316040039 seconds
Epoch 106 accuracy: 74.7%
Batch 50, Loss: 0.1640
Batch 100, Loss: 0.1603
Batch 150, Loss: 0.1638
Epoch 107 learning rate: 0.04451328444544776
Epoch 107 time: 91.59126400947571 seconds
Epoch 107 accuracy: 73.91%
Batch 50, Loss: 0.1527
Batch 100, Loss: 0.1560
Batch 150, Loss: 0.1651
Epoch 108 learning rate: 0.04373333832178482
Epoch 108 time: 91.74392509460449 seconds
Epoch 108 accuracy: 74.74%
Batch 50, Loss: 0.1573
Batch 100, Loss: 0.1497
Batch 150, Loss: 0.1569
Epoch 109 learning rate: 0.0429549384031209
Epoch 109 time: 91.4561698436737 seconds
Epoch 109 accuracy: 74.75%
Batch 50, Loss: 0.1470
Batch 100, Loss: 0.1450
Batch 150, Loss: 0.1498
Epoch 110 learning rate: 0.042178276747988484
Epoch 110 time: 91.56761026382446 seconds
Epoch 110 accuracy: 74.6%
Batch 50, Loss: 0.1423
Batch 100, Loss: 0.1402
Batch 150, Loss: 0.1450
Epoch 111 learning rate: 0.04140354498602954
Epoch 111 time: 91.54134464263916 seconds
Epoch 111 accuracy: 75.26%
Batch 50, Loss: 0.1397
Batch 100, Loss: 0.1358
Batch 150, Loss: 0.1395
Epoch 112 learning rate: 0.0406309342707138
Epoch 112 time: 91.56862735748291 seconds
Epoch 112 accuracy: 75.33%
Batch 50, Loss: 0.1349
Batch 100, Loss: 0.1375
Batch 150, Loss: 0.1421
Epoch 113 learning rate: 0.03986063523217441
Epoch 113 time: 91.69290494918823 seconds
Epoch 113 accuracy: 74.36%
Batch 50, Loss: 0.1343
Batch 100, Loss: 0.1331
Batch 150, Loss: 0.1355
Epoch 114 learning rate: 0.039092837930172916
Epoch 114 time: 91.66658353805542 seconds
Epoch 114 accuracy: 75.2%
Batch 50, Loss: 0.1279
Batch 100, Loss: 0.1305
Batch 150, Loss: 0.1288
Epoch 115 learning rate: 0.03832773180720475
Epoch 115 time: 91.67346000671387 seconds
Epoch 115 accuracy: 75.32%
Batch 50, Loss: 0.1289
Batch 100, Loss: 0.1285
Batch 150, Loss: 0.1298
Epoch 116 learning rate: 0.037565505641757285
Epoch 116 time: 91.82046699523926 seconds
Epoch 116 accuracy: 75.3%
Batch 50, Loss: 0.1265
Batch 100, Loss: 0.1234
Batch 150, Loss: 0.1236
Epoch 117 learning rate: 0.03680634750173138
Epoch 117 time: 91.54658675193787 seconds
Epoch 117 accuracy: 76.0%
Batch 50, Loss: 0.1170
Batch 100, Loss: 0.1174
Batch 150, Loss: 0.1201
Epoch 118 learning rate: 0.036050444698038565
Epoch 118 time: 91.64653992652893 seconds
Epoch 118 accuracy: 75.86%
Batch 50, Loss: 0.1149
Batch 100, Loss: 0.1104
Batch 150, Loss: 0.1199
Epoch 119 learning rate: 0.03529798373838483
Epoch 119 time: 91.63695359230042 seconds
Epoch 119 accuracy: 75.38%
Batch 50, Loss: 0.1149
Batch 100, Loss: 0.1126
Batch 150, Loss: 0.1133
Epoch 120 learning rate: 0.03454915028125267
Epoch 120 time: 91.7661383152008 seconds
Epoch 120 accuracy: 76.28%
Batch 50, Loss: 0.1106
Batch 100, Loss: 0.1096
Batch 150, Loss: 0.1161
Epoch 121 learning rate: 0.03380412909009255
Epoch 121 time: 91.75422167778015 seconds
Epoch 121 accuracy: 75.51%
Batch 50, Loss: 0.1066
Batch 100, Loss: 0.1044
Batch 150, Loss: 0.1049
Epoch 122 learning rate: 0.03306310398773545
Epoch 122 time: 91.79499411582947 seconds
Epoch 122 accuracy: 76.38%
Batch 50, Loss: 0.1075
Batch 100, Loss: 0.1027
Batch 150, Loss: 0.1064
Epoch 123 learning rate: 0.03232625781103717
Epoch 123 time: 91.46985960006714 seconds
Epoch 123 accuracy: 75.11%
Batch 50, Loss: 0.0992
Batch 100, Loss: 0.0957
Batch 150, Loss: 0.1029
Epoch 124 learning rate: 0.03159377236576613
Epoch 124 time: 91.58311009407043 seconds
Epoch 124 accuracy: 76.25%
Batch 50, Loss: 0.0971
Batch 100, Loss: 0.0947
Batch 150, Loss: 0.1020
Epoch 125 learning rate: 0.030865828381745543
Epoch 125 time: 91.56625008583069 seconds
Epoch 125 accuracy: 75.79%
Batch 50, Loss: 0.1000
Batch 100, Loss: 0.0985
Batch 150, Loss: 0.1008
Epoch 126 learning rate: 0.03014260546826098
Epoch 126 time: 91.4737720489502 seconds
Epoch 126 accuracy: 76.39%
Batch 50, Loss: 0.0973
Batch 100, Loss: 0.0913
Batch 150, Loss: 0.0957
Epoch 127 learning rate: 0.02942428206974458
Epoch 127 time: 91.53313255310059 seconds
Epoch 127 accuracy: 76.61%
Batch 50, Loss: 0.0925
Batch 100, Loss: 0.0901
Batch 150, Loss: 0.0947
Epoch 128 learning rate: 0.028711035421746387
Epoch 128 time: 91.68335127830505 seconds
Epoch 128 accuracy: 77.02%
Batch 50, Loss: 0.0894
Batch 100, Loss: 0.0876
Batch 150, Loss: 0.0908
Epoch 129 learning rate: 0.02800304150720426
Epoch 129 time: 91.68336534500122 seconds
Epoch 129 accuracy: 76.52%
Batch 50, Loss: 0.0849
Batch 100, Loss: 0.0852
Batch 150, Loss: 0.0871
Epoch 130 learning rate: 0.02730047501302268
Epoch 130 time: 91.57841181755066 seconds
Epoch 130 accuracy: 76.48%
Batch 50, Loss: 0.0843
Batch 100, Loss: 0.0820
Batch 150, Loss: 0.0833
Epoch 131 learning rate: 0.026603509286971357
Epoch 131 time: 91.56744480133057 seconds
Epoch 131 accuracy: 77.04%
Batch 50, Loss: 0.0800
Batch 100, Loss: 0.0814
Batch 150, Loss: 0.0806
Epoch 132 learning rate: 0.025912316294914244
Epoch 132 time: 91.56458568572998 seconds
Epoch 132 accuracy: 76.61%
Batch 50, Loss: 0.0780
Batch 100, Loss: 0.0800
Batch 150, Loss: 0.0792
Epoch 133 learning rate: 0.025227066578379632
Epoch 133 time: 91.6642951965332 seconds
Epoch 133 accuracy: 77.52%
Batch 50, Loss: 0.0755
Batch 100, Loss: 0.0749
Batch 150, Loss: 0.0772
Epoch 134 learning rate: 0.024547929212481445
Epoch 134 time: 91.77498030662537 seconds
Epoch 134 accuracy: 77.67%
Batch 50, Loss: 0.0743
Batch 100, Loss: 0.0734
Batch 150, Loss: 0.0752
Epoch 135 learning rate: 0.02387507176420257
Epoch 135 time: 91.77047634124756 seconds
Epoch 135 accuracy: 77.17%
Batch 50, Loss: 0.0699
Batch 100, Loss: 0.0725
Batch 150, Loss: 0.0732
Epoch 136 learning rate: 0.023208660251050166
Epoch 136 time: 91.53015732765198 seconds
Epoch 136 accuracy: 77.36%
Batch 50, Loss: 0.0703
Batch 100, Loss: 0.0679
Batch 150, Loss: 0.0692
Epoch 137 learning rate: 0.022548859100093414
Epoch 137 time: 91.79235005378723 seconds
Epoch 137 accuracy: 77.7%
Batch 50, Loss: 0.0680
Batch 100, Loss: 0.0658
Batch 150, Loss: 0.0690
Epoch 138 learning rate: 0.021895831107393474
Epoch 138 time: 91.39339637756348 seconds
Epoch 138 accuracy: 77.83%
Batch 50, Loss: 0.0663
Batch 100, Loss: 0.0672
Batch 150, Loss: 0.0685
Epoch 139 learning rate: 0.02124973739783608
Epoch 139 time: 91.47689390182495 seconds
Epoch 139 accuracy: 78.18%
Batch 50, Loss: 0.0645
Batch 100, Loss: 0.0644
Batch 150, Loss: 0.0650
Epoch 140 learning rate: 0.02061073738537636
Epoch 140 time: 91.58820104598999 seconds
Epoch 140 accuracy: 78.23%
Batch 50, Loss: 0.0599
Batch 100, Loss: 0.0602
Batch 150, Loss: 0.0624
Epoch 141 learning rate: 0.019978988733705814
Epoch 141 time: 91.50100755691528 seconds
Epoch 141 accuracy: 78.13%
Batch 50, Loss: 0.0609
Batch 100, Loss: 0.0610
Batch 150, Loss: 0.0626
Epoch 142 learning rate: 0.01935464731735118
Epoch 142 time: 91.59518933296204 seconds
Epoch 142 accuracy: 78.15%
Batch 50, Loss: 0.0589
Batch 100, Loss: 0.0582
Batch 150, Loss: 0.0596
Epoch 143 learning rate: 0.018737867183214747
Epoch 143 time: 91.502121925354 seconds
Epoch 143 accuracy: 77.91%
Batch 50, Loss: 0.0594
Batch 100, Loss: 0.0569
Batch 150, Loss: 0.0594
Epoch 144 learning rate: 0.01812880051256552
Epoch 144 time: 91.54898381233215 seconds
Epoch 144 accuracy: 77.68%
Batch 50, Loss: 0.0570
Batch 100, Loss: 0.0562
Batch 150, Loss: 0.0571
Epoch 145 learning rate: 0.017527597583490827
Epoch 145 time: 91.60301876068115 seconds
Epoch 145 accuracy: 78.32%
Batch 50, Loss: 0.0544
Batch 100, Loss: 0.0542
Batch 150, Loss: 0.0541
Epoch 146 learning rate: 0.01693440673381742
Epoch 146 time: 91.54483914375305 seconds
Epoch 146 accuracy: 77.65%
Batch 50, Loss: 0.0533
Batch 100, Loss: 0.0517
Batch 150, Loss: 0.0536
Epoch 147 learning rate: 0.016349374324511334
Epoch 147 time: 91.44062328338623 seconds
Epoch 147 accuracy: 78.04%
Batch 50, Loss: 0.0510
Batch 100, Loss: 0.0519
Batch 150, Loss: 0.0533
Epoch 148 learning rate: 0.01577264470356557
Epoch 148 time: 91.40292119979858 seconds
Epoch 148 accuracy: 78.47%
Batch 50, Loss: 0.0516
Batch 100, Loss: 0.0489
Batch 150, Loss: 0.0516
Epoch 149 learning rate: 0.01520436017038429
Epoch 149 time: 91.60971927642822 seconds
Epoch 149 accuracy: 78.34%
Batch 50, Loss: 0.0493
Batch 100, Loss: 0.0480
Batch 150, Loss: 0.0507
Epoch 150 learning rate: 0.014644660940672632
Epoch 150 time: 91.75664234161377 seconds
Epoch 150 accuracy: 78.51%
Batch 50, Loss: 0.0473
Batch 100, Loss: 0.0472
Batch 150, Loss: 0.0478
Epoch 151 learning rate: 0.01409368511184057
Epoch 151 time: 91.70936918258667 seconds
Epoch 151 accuracy: 78.97%
Batch 50, Loss: 0.0463
Batch 100, Loss: 0.0468
Batch 150, Loss: 0.0460
Epoch 152 learning rate: 0.013551568628929438
Epoch 152 time: 91.5325129032135 seconds
Epoch 152 accuracy: 78.6%
Batch 50, Loss: 0.0458
Batch 100, Loss: 0.0457
Batch 150, Loss: 0.0462
Epoch 153 learning rate: 0.013018445251069516
Epoch 153 time: 91.54837942123413 seconds
Epoch 153 accuracy: 78.67%
Batch 50, Loss: 0.0443
Batch 100, Loss: 0.0433
Batch 150, Loss: 0.0458
Epoch 154 learning rate: 0.012494446518477026
Epoch 154 time: 91.71488046646118 seconds
Epoch 154 accuracy: 78.48%
Batch 50, Loss: 0.0444
Batch 100, Loss: 0.0445
Batch 150, Loss: 0.0433
Epoch 155 learning rate: 0.011979701719998459
Epoch 155 time: 91.74088191986084 seconds
Epoch 155 accuracy: 78.41%
Batch 50, Loss: 0.0429
Batch 100, Loss: 0.0423
Batch 150, Loss: 0.0429
Epoch 156 learning rate: 0.011474337861210548
Epoch 156 time: 91.68088936805725 seconds
Epoch 156 accuracy: 78.68%
Batch 50, Loss: 0.0416
Batch 100, Loss: 0.0405
Batch 150, Loss: 0.0421
Epoch 157 learning rate: 0.010978479633083526
Epoch 157 time: 91.63580918312073 seconds
Epoch 157 accuracy: 78.63%
Batch 50, Loss: 0.0403
Batch 100, Loss: 0.0412
Batch 150, Loss: 0.0410
Epoch 158 learning rate: 0.010492249381215483
Epoch 158 time: 91.48290395736694 seconds
Epoch 158 accuracy: 78.72%
Batch 50, Loss: 0.0395
Batch 100, Loss: 0.0390
Batch 150, Loss: 0.0398
Epoch 159 learning rate: 0.010015767075645474
Epoch 159 time: 91.51534938812256 seconds
Epoch 159 accuracy: 78.95%
Batch 50, Loss: 0.0383
Batch 100, Loss: 0.0383
Batch 150, Loss: 0.0392
Epoch 160 learning rate: 0.009549150281252637
Epoch 160 time: 91.7138934135437 seconds
Epoch 160 accuracy: 78.69%
Batch 50, Loss: 0.0383
Batch 100, Loss: 0.0383
Batch 150, Loss: 0.0372
Epoch 161 learning rate: 0.00909251412874884
Epoch 161 time: 91.5884222984314 seconds
Epoch 161 accuracy: 79.32%
Batch 50, Loss: 0.0381
Batch 100, Loss: 0.0364
Batch 150, Loss: 0.0372
Epoch 162 learning rate: 0.008645971286271918
Epoch 162 time: 91.46686148643494 seconds
Epoch 162 accuracy: 78.86%
Batch 50, Loss: 0.0371
Batch 100, Loss: 0.0361
Batch 150, Loss: 0.0361
Epoch 163 learning rate: 0.008209631931586501
Epoch 163 time: 91.6936993598938 seconds
Epoch 163 accuracy: 79.17%
Batch 50, Loss: 0.0361
Batch 100, Loss: 0.0359
Batch 150, Loss: 0.0360
Epoch 164 learning rate: 0.0077836037248992605
Epoch 164 time: 91.4438943862915 seconds
Epoch 164 accuracy: 79.14%
Batch 50, Loss: 0.0342
Batch 100, Loss: 0.0354
Batch 150, Loss: 0.0352
Epoch 165 learning rate: 0.0073679917822954055
Epoch 165 time: 91.56722068786621 seconds
Epoch 165 accuracy: 79.29%
Batch 50, Loss: 0.0348
Batch 100, Loss: 0.0347
Batch 150, Loss: 0.0347
Epoch 166 learning rate: 0.006962898649802815
Epoch 166 time: 91.5320634841919 seconds
Epoch 166 accuracy: 79.28%
Batch 50, Loss: 0.0340
Batch 100, Loss: 0.0344
Batch 150, Loss: 0.0341
Epoch 167 learning rate: 0.006568424278090438
Epoch 167 time: 91.70598149299622 seconds
Epoch 167 accuracy: 79.34%
Batch 50, Loss: 0.0323
Batch 100, Loss: 0.0323
Batch 150, Loss: 0.0330
Epoch 168 learning rate: 0.006184665997806824
Epoch 168 time: 91.59506511688232 seconds
Epoch 168 accuracy: 79.34%
Batch 50, Loss: 0.0327
Batch 100, Loss: 0.0322
Batch 150, Loss: 0.0321
Epoch 169 learning rate: 0.00581171849556533
Epoch 169 time: 91.66629552841187 seconds
Epoch 169 accuracy: 79.31%
Batch 50, Loss: 0.0320
Batch 100, Loss: 0.0317
Batch 150, Loss: 0.0318
Epoch 170 learning rate: 0.0054496737905816136
Epoch 170 time: 91.58625364303589 seconds
Epoch 170 accuracy: 79.15%
Batch 50, Loss: 0.0319
Batch 100, Loss: 0.0310
Batch 150, Loss: 0.0312
Epoch 171 learning rate: 0.005098621211969226
Epoch 171 time: 91.52141165733337 seconds
Epoch 171 accuracy: 79.47%
Batch 50, Loss: 0.0310
Batch 100, Loss: 0.0299
Batch 150, Loss: 0.0316
Epoch 172 learning rate: 0.004758647376699035
Epoch 172 time: 91.68738889694214 seconds
Epoch 172 accuracy: 79.48%
Batch 50, Loss: 0.0311
Batch 100, Loss: 0.0304
Batch 150, Loss: 0.0307
Epoch 173 learning rate: 0.00442983616822775
Epoch 173 time: 91.45674228668213 seconds
Epoch 173 accuracy: 79.66%
Batch 50, Loss: 0.0297
Batch 100, Loss: 0.0302
Batch 150, Loss: 0.0296
Epoch 174 learning rate: 0.004112268715800957
Epoch 174 time: 91.6859519481659 seconds
Epoch 174 accuracy: 79.78%
Batch 50, Loss: 0.0294
Batch 100, Loss: 0.0296
Batch 150, Loss: 0.0299
Epoch 175 learning rate: 0.003806023374435677
Epoch 175 time: 91.524986743927 seconds
Epoch 175 accuracy: 79.79%
Batch 50, Loss: 0.0288
Batch 100, Loss: 0.0290
Batch 150, Loss: 0.0289
Epoch 176 learning rate: 0.003511175705587435
Epoch 176 time: 91.35060501098633 seconds
Epoch 176 accuracy: 79.62%
Batch 50, Loss: 0.0291
Batch 100, Loss: 0.0282
Batch 150, Loss: 0.0291
Epoch 177 learning rate: 0.0032277984585066333
Epoch 177 time: 91.52055740356445 seconds
Epoch 177 accuracy: 79.57%
Batch 50, Loss: 0.0284
Batch 100, Loss: 0.0281
Batch 150, Loss: 0.0281
Epoch 178 learning rate: 0.002955961552288729
Epoch 178 time: 91.62376546859741 seconds
Epoch 178 accuracy: 79.76%
Batch 50, Loss: 0.0273
Batch 100, Loss: 0.0286
Batch 150, Loss: 0.0291
Epoch 179 learning rate: 0.0026957320586227366
Epoch 179 time: 91.74759912490845 seconds
Epoch 179 accuracy: 79.81%
Batch 50, Loss: 0.0281
Batch 100, Loss: 0.0278
Batch 150, Loss: 0.0278
Epoch 180 learning rate: 0.002447174185242325
Epoch 180 time: 91.59002137184143 seconds
Epoch 180 accuracy: 79.33%
Batch 50, Loss: 0.0276
Batch 100, Loss: 0.0279
Batch 150, Loss: 0.0271
Epoch 181 learning rate: 0.0022103492600834954
Epoch 181 time: 91.5258891582489 seconds
Epoch 181 accuracy: 79.64%
Batch 50, Loss: 0.0276
Batch 100, Loss: 0.0271
Batch 150, Loss: 0.0272
Epoch 182 learning rate: 0.0019853157161528537
Epoch 182 time: 91.59881162643433 seconds
Epoch 182 accuracy: 79.9%
Batch 50, Loss: 0.0263
Batch 100, Loss: 0.0272
Batch 150, Loss: 0.0270
Epoch 183 learning rate: 0.001772129077110103
Epoch 183 time: 91.64643383026123 seconds
Epoch 183 accuracy: 79.84%
Batch 50, Loss: 0.0262
Batch 100, Loss: 0.0270
Batch 150, Loss: 0.0263
Epoch 184 learning rate: 0.0015708419435684529
Epoch 184 time: 91.61441779136658 seconds
Epoch 184 accuracy: 79.86%
Batch 50, Loss: 0.0266
Batch 100, Loss: 0.0266
Batch 150, Loss: 0.0274
Epoch 185 learning rate: 0.0013815039801161732
Epoch 185 time: 91.82440853118896 seconds
Epoch 185 accuracy: 79.55%
Batch 50, Loss: 0.0260
Batch 100, Loss: 0.0263
Batch 150, Loss: 0.0272
Epoch 186 learning rate: 0.0012041619030626347
Epoch 186 time: 91.56944465637207 seconds
Epoch 186 accuracy: 79.71%
Batch 50, Loss: 0.0261
Batch 100, Loss: 0.0262
Batch 150, Loss: 0.0267
Epoch 187 learning rate: 0.0010388594689117077
Epoch 187 time: 91.4799747467041 seconds
Epoch 187 accuracy: 79.88%
Batch 50, Loss: 0.0261
Batch 100, Loss: 0.0262
Batch 150, Loss: 0.0264
Epoch 188 learning rate: 0.0008856374635655645
Epoch 188 time: 91.51205849647522 seconds
Epoch 188 accuracy: 79.79%
Batch 50, Loss: 0.0265
Batch 100, Loss: 0.0264
Batch 150, Loss: 0.0258
Epoch 189 learning rate: 0.000744533692261307
Epoch 189 time: 91.45364832878113 seconds
Epoch 189 accuracy: 80.02%
Batch 50, Loss: 0.0256
Batch 100, Loss: 0.0257
Batch 150, Loss: 0.0262
Epoch 190 learning rate: 0.0006155829702431174
Epoch 190 time: 91.34192514419556 seconds
Epoch 190 accuracy: 79.59%
Batch 50, Loss: 0.0259
Batch 100, Loss: 0.0257
Batch 150, Loss: 0.0260
Epoch 191 learning rate: 0.0004988171141721235
Epoch 191 time: 91.58009886741638 seconds
Epoch 191 accuracy: 79.71%
Batch 50, Loss: 0.0247
Batch 100, Loss: 0.0259
Batch 150, Loss: 0.0258
Epoch 192 learning rate: 0.00039426493427611206
Epoch 192 time: 91.72339725494385 seconds
Epoch 192 accuracy: 79.82%
Batch 50, Loss: 0.0253
Batch 100, Loss: 0.0259
Batch 150, Loss: 0.0257
Epoch 193 learning rate: 0.00030195222724102046
Epoch 193 time: 91.64324712753296 seconds
Epoch 193 accuracy: 79.9%
Batch 50, Loss: 0.0259
Batch 100, Loss: 0.0257
Batch 150, Loss: 0.0254
Epoch 194 learning rate: 0.00022190176984600036
Epoch 194 time: 91.63004684448242 seconds
Epoch 194 accuracy: 79.85%
Batch 50, Loss: 0.0262
Batch 100, Loss: 0.0252
Batch 150, Loss: 0.0255
Epoch 195 learning rate: 0.00015413331334360192
Epoch 195 time: 91.49914860725403 seconds
Epoch 195 accuracy: 79.91%
Batch 50, Loss: 0.0257
Batch 100, Loss: 0.0256
Batch 150, Loss: 0.0252
Epoch 196 learning rate: 9.866357858642213e-05
Epoch 196 time: 91.69398403167725 seconds
Epoch 196 accuracy: 79.72%
Batch 50, Loss: 0.0250
Batch 100, Loss: 0.0254
Batch 150, Loss: 0.0261
Epoch 197 learning rate: 5.5506251901504864e-05
Epoch 197 time: 91.67032980918884 seconds
Epoch 197 accuracy: 79.9%
Batch 50, Loss: 0.0252
Batch 100, Loss: 0.0256
Batch 150, Loss: 0.0254
Epoch 198 learning rate: 2.4671981713420017e-05
Epoch 198 time: 91.67836666107178 seconds
Epoch 198 accuracy: 79.95%
Batch 50, Loss: 0.0252
Batch 100, Loss: 0.0252
Batch 150, Loss: 0.0255
Epoch 199 learning rate: 6.168375916970619e-06
Epoch 199 time: 91.67535591125488 seconds
Epoch 199 accuracy: 79.78%
Batch 50, Loss: 0.0255
Batch 100, Loss: 0.0249
Batch 150, Loss: 0.0249
Epoch 200 learning rate: 0.0
Epoch 200 time: 91.56535410881042 seconds
Epoch 200 accuracy: 79.87%
Total training time: 18330.38301730156 seconds
