The following modules were not unloaded:
  (Use "module --force purge" to unload all):

  1) CCconfig        6)  ucx/1.14.1         11) flexiblas/3.3.1
  2) gentoo/2023     7)  libfabric/1.18.0   12) imkl/2023.2.0
  3) gcccore/.12.3   8)  pmix/4.2.4         13) StdEnv/2023
  4) gcc/12.3        9)  ucc/1.2.0
  5) hwloc/2.9.1     10) openmpi/4.1.5
/project/6070520/tkleinkn/Vanilla-GAM/main_cifar.py:165: UserWarning: You have chosen a specific GPU. This will completely disable data parallelism.
  warnings.warn('You have chosen a specific GPU. This will completely '
model name space ['resnet101_c', 'resnet152_c', 'resnet18_c', 'resnet34_c', 'resnet50_c']
Use GPU: 0 for training
=> creating model 'resnet18_c'
Files already downloaded and verified
Files already downloaded and verified
tensorboard dir ./results/CIFAR10/GAM
Batch 100, Loss: 2.4396
Epoch 1 learning rate: 0.09999383162408304
Epoch 1 time: 100.2967300415039 seconds
Epoch 1 accuracy: 10.89%
Batch 100, Loss: 1.7574
Epoch 2 learning rate: 0.09997532801828658
Epoch 2 time: 91.59378457069397 seconds
Epoch 2 accuracy: 12.26%
Batch 100, Loss: 1.7554
Epoch 3 learning rate: 0.09994449374809851
Epoch 3 time: 91.6750431060791 seconds
Epoch 3 accuracy: 13.86%
Batch 100, Loss: 1.7515
Epoch 4 learning rate: 0.09990133642141359
Epoch 4 time: 91.65743684768677 seconds
Epoch 4 accuracy: 16.41%
Batch 100, Loss: 1.7450
Epoch 5 learning rate: 0.09984586668665642
Epoch 5 time: 91.56701254844666 seconds
Epoch 5 accuracy: 19.15%
Batch 100, Loss: 1.7333
Epoch 6 learning rate: 0.09977809823015402
Epoch 6 time: 91.59686470031738 seconds
Epoch 6 accuracy: 19.55%
Batch 100, Loss: 1.7155
Epoch 7 learning rate: 0.09969804777275901
Epoch 7 time: 91.65584945678711 seconds
Epoch 7 accuracy: 21.55%
Batch 100, Loss: 1.6956
Epoch 8 learning rate: 0.09960573506572391
Epoch 8 time: 91.75503134727478 seconds
Epoch 8 accuracy: 25.71%
Batch 100, Loss: 1.6726
Epoch 9 learning rate: 0.09950118288582789
Epoch 9 time: 91.47247409820557 seconds
Epoch 9 accuracy: 29.06%
Batch 100, Loss: 1.6444
Epoch 10 learning rate: 0.09938441702975691
Epoch 10 time: 91.62081861495972 seconds
Epoch 10 accuracy: 31.76%
Batch 100, Loss: 1.6201
Epoch 11 learning rate: 0.09925546630773871
Epoch 11 time: 91.47586441040039 seconds
Epoch 11 accuracy: 33.02%
Batch 100, Loss: 1.5972
Epoch 12 learning rate: 0.09911436253643445
Epoch 12 time: 91.67260384559631 seconds
Epoch 12 accuracy: 31.99%
Batch 100, Loss: 1.5688
Epoch 13 learning rate: 0.0989611405310883
Epoch 13 time: 91.48208951950073 seconds
Epoch 13 accuracy: 35.85%
Batch 100, Loss: 1.5435
Epoch 14 learning rate: 0.09879583809693739
Epoch 14 time: 91.3885760307312 seconds
Epoch 14 accuracy: 36.56%
Batch 100, Loss: 1.5083
Epoch 15 learning rate: 0.09861849601988384
Epoch 15 time: 91.65057587623596 seconds
Epoch 15 accuracy: 37.66%
Batch 100, Loss: 1.4775
Epoch 16 learning rate: 0.09842915805643157
Epoch 16 time: 91.41418123245239 seconds
Epoch 16 accuracy: 38.87%
Batch 100, Loss: 1.4400
Epoch 17 learning rate: 0.09822787092288993
Epoch 17 time: 91.37119150161743 seconds
Epoch 17 accuracy: 47.69%
Batch 100, Loss: 1.3927
Epoch 18 learning rate: 0.09801468428384717
Epoch 18 time: 91.68809509277344 seconds
Epoch 18 accuracy: 48.14%
Batch 100, Loss: 1.3527
Epoch 19 learning rate: 0.09778965073991652
Epoch 19 time: 91.44903135299683 seconds
Epoch 19 accuracy: 51.43%
Batch 100, Loss: 1.3216
Epoch 20 learning rate: 0.0975528258147577
Epoch 20 time: 91.69528484344482 seconds
Epoch 20 accuracy: 51.5%
Batch 100, Loss: 1.2743
Epoch 21 learning rate: 0.09730426794137728
Epoch 21 time: 91.43123245239258 seconds
Epoch 21 accuracy: 58.9%
Batch 100, Loss: 1.2332
Epoch 22 learning rate: 0.09704403844771128
Epoch 22 time: 91.5005853176117 seconds
Epoch 22 accuracy: 62.98%
Batch 100, Loss: 1.1839
Epoch 23 learning rate: 0.09677220154149338
Epoch 23 time: 91.42678833007812 seconds
Epoch 23 accuracy: 64.78%
Batch 100, Loss: 1.1308
Epoch 24 learning rate: 0.09648882429441258
Epoch 24 time: 91.6756501197815 seconds
Epoch 24 accuracy: 66.75%
Batch 100, Loss: 1.0892
Epoch 25 learning rate: 0.09619397662556435
Epoch 25 time: 91.72083520889282 seconds
Epoch 25 accuracy: 66.13%
Batch 100, Loss: 1.0667
Epoch 26 learning rate: 0.09588773128419906
Epoch 26 time: 91.69070792198181 seconds
Epoch 26 accuracy: 70.07%
Batch 100, Loss: 1.0265
Epoch 27 learning rate: 0.09557016383177226
Epoch 27 time: 91.47943043708801 seconds
Epoch 27 accuracy: 68.47%
Batch 100, Loss: 0.9991
Epoch 28 learning rate: 0.09524135262330098
Epoch 28 time: 91.42517566680908 seconds
Epoch 28 accuracy: 69.79%
Batch 100, Loss: 0.9784
Epoch 29 learning rate: 0.09490137878803079
Epoch 29 time: 91.44594836235046 seconds
Epoch 29 accuracy: 74.62%
Batch 100, Loss: 0.9451
Epoch 30 learning rate: 0.0945503262094184
Epoch 30 time: 91.69167065620422 seconds
Epoch 30 accuracy: 74.78%
Batch 100, Loss: 0.9346
Epoch 31 learning rate: 0.0941882815044347
Epoch 31 time: 91.37339615821838 seconds
Epoch 31 accuracy: 75.9%
Batch 100, Loss: 0.9216
Epoch 32 learning rate: 0.09381533400219319
Epoch 32 time: 91.70498371124268 seconds
Epoch 32 accuracy: 75.22%
Batch 100, Loss: 0.9129
Epoch 33 learning rate: 0.09343157572190958
Epoch 33 time: 91.50758457183838 seconds
Epoch 33 accuracy: 75.64%
Batch 100, Loss: 0.9012
Epoch 34 learning rate: 0.0930371013501972
Epoch 34 time: 91.36527562141418 seconds
Epoch 34 accuracy: 77.45%
Batch 100, Loss: 0.8905
Epoch 35 learning rate: 0.09263200821770463
Epoch 35 time: 91.48863291740417 seconds
Epoch 35 accuracy: 76.41%
Batch 100, Loss: 0.8714
Epoch 36 learning rate: 0.09221639627510078
Epoch 36 time: 91.52937197685242 seconds
Epoch 36 accuracy: 78.31%
Batch 100, Loss: 0.8652
Epoch 37 learning rate: 0.09179036806841355
Epoch 37 time: 91.62634420394897 seconds
Epoch 37 accuracy: 77.7%
Batch 100, Loss: 0.8548
Epoch 38 learning rate: 0.09135402871372812
Epoch 38 time: 91.49598693847656 seconds
Epoch 38 accuracy: 80.04%
Batch 100, Loss: 0.8527
Epoch 39 learning rate: 0.0909074858712512
Epoch 39 time: 91.55934882164001 seconds
Epoch 39 accuracy: 76.89%
Batch 100, Loss: 0.8408
Epoch 40 learning rate: 0.09045084971874741
Epoch 40 time: 91.42608404159546 seconds
Epoch 40 accuracy: 80.55%
Batch 100, Loss: 0.8349
Epoch 41 learning rate: 0.08998423292435458
Epoch 41 time: 91.79430556297302 seconds
Epoch 41 accuracy: 80.05%
Batch 100, Loss: 0.8285
Epoch 42 learning rate: 0.08950775061878455
Epoch 42 time: 91.5301148891449 seconds
Epoch 42 accuracy: 78.14%
Batch 100, Loss: 0.8180
Epoch 43 learning rate: 0.08902152036691653
Epoch 43 time: 91.37878441810608 seconds
Epoch 43 accuracy: 78.81%
Batch 100, Loss: 0.8077
Epoch 44 learning rate: 0.08852566213878951
Epoch 44 time: 91.6851418018341 seconds
Epoch 44 accuracy: 82.07%
Batch 100, Loss: 0.8074
Epoch 45 learning rate: 0.0880202982800016
Epoch 45 time: 91.44208908081055 seconds
Epoch 45 accuracy: 78.9%
Batch 100, Loss: 0.7847
Epoch 46 learning rate: 0.08750555348152303
Epoch 46 time: 91.50275778770447 seconds
Epoch 46 accuracy: 83.01%
Batch 100, Loss: 0.7956
Epoch 47 learning rate: 0.08698155474893052
Epoch 47 time: 91.39693665504456 seconds
Epoch 47 accuracy: 83.57%
Batch 100, Loss: 0.7901
Epoch 48 learning rate: 0.08644843137107061
Epoch 48 time: 91.39916777610779 seconds
Epoch 48 accuracy: 81.84%
Batch 100, Loss: 0.7733
Epoch 49 learning rate: 0.08590631488815947
Epoch 49 time: 91.42888140678406 seconds
Epoch 49 accuracy: 79.96%
Batch 100, Loss: 0.7685
Epoch 50 learning rate: 0.0853553390593274
Epoch 50 time: 91.5203149318695 seconds
Epoch 50 accuracy: 82.41%
Batch 100, Loss: 0.7636
Epoch 51 learning rate: 0.08479563982961574
Epoch 51 time: 91.56417155265808 seconds
Epoch 51 accuracy: 82.95%
Batch 100, Loss: 0.7622
Epoch 52 learning rate: 0.08422735529643446
Epoch 52 time: 91.65440273284912 seconds
Epoch 52 accuracy: 81.13%
Batch 100, Loss: 0.7638
Epoch 53 learning rate: 0.08365062567548869
Epoch 53 time: 91.36788940429688 seconds
Epoch 53 accuracy: 83.74%
Batch 100, Loss: 0.7518
Epoch 54 learning rate: 0.08306559326618261
Epoch 54 time: 91.46213221549988 seconds
Epoch 54 accuracy: 82.82%
Batch 100, Loss: 0.7508
Epoch 55 learning rate: 0.0824724024165092
Epoch 55 time: 91.51863074302673 seconds
Epoch 55 accuracy: 82.61%
Batch 100, Loss: 0.7431
Epoch 56 learning rate: 0.0818711994874345
Epoch 56 time: 91.69098281860352 seconds
Epoch 56 accuracy: 84.25%
Batch 100, Loss: 0.7455
Epoch 57 learning rate: 0.08126213281678528
Epoch 57 time: 91.50186014175415 seconds
Epoch 57 accuracy: 83.71%
Batch 100, Loss: 0.7409
Epoch 58 learning rate: 0.08064535268264884
Epoch 58 time: 91.43126058578491 seconds
Epoch 58 accuracy: 84.53%
Batch 100, Loss: 0.7370
Epoch 59 learning rate: 0.08002101126629421
Epoch 59 time: 91.42412042617798 seconds
Epoch 59 accuracy: 84.59%
Batch 100, Loss: 0.7347
Epoch 60 learning rate: 0.07938926261462367
Epoch 60 time: 91.6197738647461 seconds
Epoch 60 accuracy: 85.9%
Batch 100, Loss: 0.7282
Epoch 61 learning rate: 0.07875026260216395
Epoch 61 time: 91.62012529373169 seconds
Epoch 61 accuracy: 83.31%
Batch 100, Loss: 0.7300
Epoch 62 learning rate: 0.07810416889260656
Epoch 62 time: 91.43004870414734 seconds
Epoch 62 accuracy: 84.57%
Batch 100, Loss: 0.7207
Epoch 63 learning rate: 0.07745114089990661
Epoch 63 time: 91.57132244110107 seconds
Epoch 63 accuracy: 83.97%
Batch 100, Loss: 0.7254
Epoch 64 learning rate: 0.07679133974894985
Epoch 64 time: 91.60607361793518 seconds
Epoch 64 accuracy: 85.03%
Batch 100, Loss: 0.7205
Epoch 65 learning rate: 0.07612492823579746
Epoch 65 time: 91.6418137550354 seconds
Epoch 65 accuracy: 85.8%
Batch 100, Loss: 0.7048
Epoch 66 learning rate: 0.07545207078751859
Epoch 66 time: 91.51248097419739 seconds
Epoch 66 accuracy: 86.06%
Batch 100, Loss: 0.7127
Epoch 67 learning rate: 0.0747729334216204
Epoch 67 time: 91.4752995967865 seconds
Epoch 67 accuracy: 85.69%
Batch 100, Loss: 0.7082
Epoch 68 learning rate: 0.07408768370508578
Epoch 68 time: 91.54441475868225 seconds
Epoch 68 accuracy: 85.41%
Batch 100, Loss: 0.7024
Epoch 69 learning rate: 0.0733964907130287
Epoch 69 time: 91.58849787712097 seconds
Epoch 69 accuracy: 86.12%
Batch 100, Loss: 0.7123
Epoch 70 learning rate: 0.07269952498697736
Epoch 70 time: 91.39955377578735 seconds
Epoch 70 accuracy: 86.5%
Batch 100, Loss: 0.6944
Epoch 71 learning rate: 0.07199695849279578
Epoch 71 time: 91.67057466506958 seconds
Epoch 71 accuracy: 87.3%
Batch 100, Loss: 0.6919
Epoch 72 learning rate: 0.07128896457825366
Epoch 72 time: 91.58546996116638 seconds
Epoch 72 accuracy: 86.15%
Batch 100, Loss: 0.6913
Epoch 73 learning rate: 0.07057571793025548
Epoch 73 time: 91.4881181716919 seconds
Epoch 73 accuracy: 87.23%
Batch 100, Loss: 0.6884
Epoch 74 learning rate: 0.06985739453173906
Epoch 74 time: 91.66082334518433 seconds
Epoch 74 accuracy: 86.63%
Batch 100, Loss: 0.6672
Epoch 75 learning rate: 0.06913417161825453
Epoch 75 time: 91.63256788253784 seconds
Epoch 75 accuracy: 86.7%
Batch 100, Loss: 0.6825
Epoch 76 learning rate: 0.06840622763423394
Epoch 76 time: 91.59496092796326 seconds
Epoch 76 accuracy: 87.21%
Batch 100, Loss: 0.6797
Epoch 77 learning rate: 0.0676737421889629
Epoch 77 time: 91.61747670173645 seconds
Epoch 77 accuracy: 86.78%
Batch 100, Loss: 0.6822
Epoch 78 learning rate: 0.06693689601226462
Epoch 78 time: 91.66882586479187 seconds
Epoch 78 accuracy: 83.96%
Batch 100, Loss: 0.6703
Epoch 79 learning rate: 0.06619587090990751
Epoch 79 time: 91.72563290596008 seconds
Epoch 79 accuracy: 88.07%
Batch 100, Loss: 0.6668
Epoch 80 learning rate: 0.06545084971874741
Epoch 80 time: 91.79684281349182 seconds
Epoch 80 accuracy: 87.75%
Batch 100, Loss: 0.6735
Epoch 81 learning rate: 0.06470201626161524
Epoch 81 time: 91.53238129615784 seconds
Epoch 81 accuracy: 87.46%
Batch 100, Loss: 0.6606
Epoch 82 learning rate: 0.06394955530196152
Epoch 82 time: 91.5847954750061 seconds
Epoch 82 accuracy: 88.37%
Batch 100, Loss: 0.6530
Epoch 83 learning rate: 0.06319365249826868
Epoch 83 time: 91.46009302139282 seconds
Epoch 83 accuracy: 87.63%
Batch 100, Loss: 0.6630
Epoch 84 learning rate: 0.06243449435824277
Epoch 84 time: 91.53011894226074 seconds
Epoch 84 accuracy: 87.78%
Batch 100, Loss: 0.6521
Epoch 85 learning rate: 0.06167226819279532
Epoch 85 time: 91.40466260910034 seconds
Epoch 85 accuracy: 88.15%
Batch 100, Loss: 0.6595
Epoch 86 learning rate: 0.06090716206982718
Epoch 86 time: 91.68040871620178 seconds
Epoch 86 accuracy: 87.79%
Batch 100, Loss: 0.6527
Epoch 87 learning rate: 0.06013936476782568
Epoch 87 time: 91.44446349143982 seconds
Epoch 87 accuracy: 87.87%
Batch 100, Loss: 0.6521
Epoch 88 learning rate: 0.05936906572928629
Epoch 88 time: 91.59594058990479 seconds
Epoch 88 accuracy: 88.33%
Batch 100, Loss: 0.6423
Epoch 89 learning rate: 0.05859645501397052
Epoch 89 time: 91.5163061618805 seconds
Epoch 89 accuracy: 88.74%
Batch 100, Loss: 0.6492
Epoch 90 learning rate: 0.05782172325201159
Epoch 90 time: 91.44046449661255 seconds
Epoch 90 accuracy: 87.95%
Batch 100, Loss: 0.6370
Epoch 91 learning rate: 0.057045061596879186
Epoch 91 time: 91.62453532218933 seconds
Epoch 91 accuracy: 87.49%
Batch 100, Loss: 0.6404
Epoch 92 learning rate: 0.056266661678215264
Epoch 92 time: 91.59998846054077 seconds
Epoch 92 accuracy: 89.1%
Batch 100, Loss: 0.6363
Epoch 93 learning rate: 0.055486715554552306
Epoch 93 time: 91.49666857719421 seconds
Epoch 93 accuracy: 88.16%
Batch 100, Loss: 0.6258
Epoch 94 learning rate: 0.05470541566592575
Epoch 94 time: 91.51784086227417 seconds
Epoch 94 accuracy: 86.59%
Batch 100, Loss: 0.6262
Epoch 95 learning rate: 0.05392295478639229
Epoch 95 time: 91.41470432281494 seconds
Epoch 95 accuracy: 88.46%
Batch 100, Loss: 0.6189
Epoch 96 learning rate: 0.05313952597646571
Epoch 96 time: 91.4882435798645 seconds
Epoch 96 accuracy: 89.4%
Batch 100, Loss: 0.6183
Epoch 97 learning rate: 0.05235532253548216
Epoch 97 time: 91.4646270275116 seconds
Epoch 97 accuracy: 88.62%
Batch 100, Loss: 0.6271
Epoch 98 learning rate: 0.051570537953906447
Epoch 98 time: 91.36684584617615 seconds
Epoch 98 accuracy: 89.24%
Batch 100, Loss: 0.6186
Epoch 99 learning rate: 0.05078536586559106
Epoch 99 time: 91.5825707912445 seconds
Epoch 99 accuracy: 89.66%
Batch 100, Loss: 0.6147
Epoch 100 learning rate: 0.050000000000000024
Epoch 100 time: 91.52123546600342 seconds
Epoch 100 accuracy: 89.17%
Batch 100, Loss: 0.6073
Epoch 101 learning rate: 0.049214634134409
Epoch 101 time: 91.55870652198792 seconds
Epoch 101 accuracy: 88.06%
Batch 100, Loss: 0.6111
Epoch 102 learning rate: 0.04842946204609361
Epoch 102 time: 91.42289471626282 seconds
Epoch 102 accuracy: 89.19%
Batch 100, Loss: 0.6051
Epoch 103 learning rate: 0.04764467746451789
Epoch 103 time: 91.4564037322998 seconds
Epoch 103 accuracy: 90.26%
Batch 100, Loss: 0.6042
Epoch 104 learning rate: 0.046860474023534354
Epoch 104 time: 91.39387130737305 seconds
Epoch 104 accuracy: 89.09%
Batch 100, Loss: 0.6057
Epoch 105 learning rate: 0.04607704521360778
Epoch 105 time: 91.65992283821106 seconds
Epoch 105 accuracy: 90.07%
Batch 100, Loss: 0.6074
Epoch 106 learning rate: 0.04529458433407431
Epoch 106 time: 91.64145565032959 seconds
Epoch 106 accuracy: 89.97%
Batch 100, Loss: 0.5933
Epoch 107 learning rate: 0.04451328444544776
Epoch 107 time: 91.43360114097595 seconds
Epoch 107 accuracy: 89.82%
Batch 100, Loss: 0.5880
Epoch 108 learning rate: 0.04373333832178482
Epoch 108 time: 91.3806700706482 seconds
Epoch 108 accuracy: 90.09%
Batch 100, Loss: 0.5902
Epoch 109 learning rate: 0.0429549384031209
Epoch 109 time: 91.42093324661255 seconds
Epoch 109 accuracy: 90.45%
Batch 100, Loss: 0.5843
Epoch 110 learning rate: 0.042178276747988484
Epoch 110 time: 91.54101061820984 seconds
Epoch 110 accuracy: 89.52%
Batch 100, Loss: 0.5851
Epoch 111 learning rate: 0.04140354498602954
Epoch 111 time: 91.4304428100586 seconds
Epoch 111 accuracy: 90.49%
Batch 100, Loss: 0.5854
Epoch 112 learning rate: 0.0406309342707138
Epoch 112 time: 91.37919974327087 seconds
Epoch 112 accuracy: 90.76%
Batch 100, Loss: 0.5716
Epoch 113 learning rate: 0.03986063523217441
Epoch 113 time: 91.37379217147827 seconds
Epoch 113 accuracy: 90.73%
Batch 100, Loss: 0.5752
Epoch 114 learning rate: 0.039092837930172916
Epoch 114 time: 91.40126347541809 seconds
Epoch 114 accuracy: 89.94%
Batch 100, Loss: 0.5730
Epoch 115 learning rate: 0.03832773180720475
Epoch 115 time: 91.47234034538269 seconds
Epoch 115 accuracy: 91.45%
Batch 100, Loss: 0.5657
Epoch 116 learning rate: 0.037565505641757285
Epoch 116 time: 91.47949123382568 seconds
Epoch 116 accuracy: 90.66%
Batch 100, Loss: 0.5572
Epoch 117 learning rate: 0.03680634750173138
Epoch 117 time: 91.3272659778595 seconds
Epoch 117 accuracy: 90.79%
Batch 100, Loss: 0.5634
Epoch 118 learning rate: 0.036050444698038565
Epoch 118 time: 91.27334117889404 seconds
Epoch 118 accuracy: 90.76%
Batch 100, Loss: 0.5602
Epoch 119 learning rate: 0.03529798373838483
Epoch 119 time: 91.3681411743164 seconds
Epoch 119 accuracy: 90.47%
Batch 100, Loss: 0.5625
Epoch 120 learning rate: 0.03454915028125267
Epoch 120 time: 91.32475352287292 seconds
Epoch 120 accuracy: 90.88%
Batch 100, Loss: 0.5550
Epoch 121 learning rate: 0.03380412909009255
Epoch 121 time: 91.41001772880554 seconds
Epoch 121 accuracy: 91.35%
Batch 100, Loss: 0.5482
Epoch 122 learning rate: 0.03306310398773545
Epoch 122 time: 91.38905048370361 seconds
Epoch 122 accuracy: 90.72%
Batch 100, Loss: 0.5524
Epoch 123 learning rate: 0.03232625781103717
Epoch 123 time: 91.50258469581604 seconds
Epoch 123 accuracy: 91.58%
Batch 100, Loss: 0.5582
Epoch 124 learning rate: 0.03159377236576613
Epoch 124 time: 91.35145878791809 seconds
Epoch 124 accuracy: 91.71%
Batch 100, Loss: 0.5491
Epoch 125 learning rate: 0.030865828381745543
Epoch 125 time: 91.38427066802979 seconds
Epoch 125 accuracy: 91.77%
Batch 100, Loss: 0.5419
Epoch 126 learning rate: 0.03014260546826098
Epoch 126 time: 91.36495065689087 seconds
Epoch 126 accuracy: 91.14%
Batch 100, Loss: 0.5373
Epoch 127 learning rate: 0.02942428206974458
Epoch 127 time: 91.41767692565918 seconds
Epoch 127 accuracy: 91.94%
Batch 100, Loss: 0.5380
Epoch 128 learning rate: 0.028711035421746387
Epoch 128 time: 91.40518426895142 seconds
Epoch 128 accuracy: 91.83%
Batch 100, Loss: 0.5341
Epoch 129 learning rate: 0.02800304150720426
Epoch 129 time: 91.36830854415894 seconds
Epoch 129 accuracy: 91.58%
Batch 100, Loss: 0.5297
Epoch 130 learning rate: 0.02730047501302268
Epoch 130 time: 91.51347088813782 seconds
Epoch 130 accuracy: 91.94%
Batch 100, Loss: 0.5309
Epoch 131 learning rate: 0.026603509286971357
Epoch 131 time: 91.47934412956238 seconds
Epoch 131 accuracy: 91.92%
Batch 100, Loss: 0.5213
Epoch 132 learning rate: 0.025912316294914244
Epoch 132 time: 91.52398490905762 seconds
Epoch 132 accuracy: 91.77%
Batch 100, Loss: 0.5285
Epoch 133 learning rate: 0.025227066578379632
Epoch 133 time: 91.46331071853638 seconds
Epoch 133 accuracy: 92.23%
Batch 100, Loss: 0.5195
Epoch 134 learning rate: 0.024547929212481445
Epoch 134 time: 91.3267982006073 seconds
Epoch 134 accuracy: 91.74%
Batch 100, Loss: 0.5104
Epoch 135 learning rate: 0.02387507176420257
Epoch 135 time: 91.54086112976074 seconds
Epoch 135 accuracy: 92.19%
Batch 100, Loss: 0.5148
Epoch 136 learning rate: 0.023208660251050166
Epoch 136 time: 91.66742324829102 seconds
Epoch 136 accuracy: 92.15%
Batch 100, Loss: 0.5148
Epoch 137 learning rate: 0.022548859100093414
Epoch 137 time: 91.66374683380127 seconds
Epoch 137 accuracy: 92.45%
Batch 100, Loss: 0.5088
Epoch 138 learning rate: 0.021895831107393474
Epoch 138 time: 91.63605809211731 seconds
Epoch 138 accuracy: 92.13%
Batch 100, Loss: 0.5077
Epoch 139 learning rate: 0.02124973739783608
Epoch 139 time: 91.62272024154663 seconds
Epoch 139 accuracy: 92.46%
Batch 100, Loss: 0.5026
Epoch 140 learning rate: 0.02061073738537636
Epoch 140 time: 91.51143407821655 seconds
Epoch 140 accuracy: 92.61%
Batch 100, Loss: 0.5040
Epoch 141 learning rate: 0.019978988733705814
Epoch 141 time: 91.49546837806702 seconds
Epoch 141 accuracy: 92.31%
Batch 100, Loss: 0.4938
Epoch 142 learning rate: 0.01935464731735118
Epoch 142 time: 91.61246991157532 seconds
Epoch 142 accuracy: 92.74%
Batch 100, Loss: 0.4869
Epoch 143 learning rate: 0.018737867183214747
Epoch 143 time: 91.33445620536804 seconds
Epoch 143 accuracy: 92.94%
Batch 100, Loss: 0.4947
Epoch 144 learning rate: 0.01812880051256552
Epoch 144 time: 91.33678102493286 seconds
Epoch 144 accuracy: 92.52%
Batch 100, Loss: 0.4947
Epoch 145 learning rate: 0.017527597583490827
Epoch 145 time: 91.31393003463745 seconds
Epoch 145 accuracy: 93.07%
Batch 100, Loss: 0.4832
Epoch 146 learning rate: 0.01693440673381742
Epoch 146 time: 91.57748746871948 seconds
Epoch 146 accuracy: 92.68%
Batch 100, Loss: 0.4870
Epoch 147 learning rate: 0.016349374324511334
Epoch 147 time: 91.37001895904541 seconds
Epoch 147 accuracy: 92.98%
Batch 100, Loss: 0.4813
Epoch 148 learning rate: 0.01577264470356557
Epoch 148 time: 91.60124135017395 seconds
Epoch 148 accuracy: 92.82%
Batch 100, Loss: 0.4840
Epoch 149 learning rate: 0.01520436017038429
Epoch 149 time: 91.70163774490356 seconds
Epoch 149 accuracy: 93.07%
Batch 100, Loss: 0.4748
Epoch 150 learning rate: 0.014644660940672632
Epoch 150 time: 91.53080582618713 seconds
Epoch 150 accuracy: 93.41%
Batch 100, Loss: 0.4771
Epoch 151 learning rate: 0.01409368511184057
Epoch 151 time: 91.61059641838074 seconds
Epoch 151 accuracy: 93.54%
Batch 100, Loss: 0.4738
Epoch 152 learning rate: 0.013551568628929438
Epoch 152 time: 91.4269449710846 seconds
Epoch 152 accuracy: 93.2%
Batch 100, Loss: 0.4704
Epoch 153 learning rate: 0.013018445251069516
Epoch 153 time: 91.347984790802 seconds
Epoch 153 accuracy: 93.22%
Batch 100, Loss: 0.4680
Epoch 154 learning rate: 0.012494446518477026
Epoch 154 time: 91.4421272277832 seconds
Epoch 154 accuracy: 93.5%
Batch 100, Loss: 0.4687
Epoch 155 learning rate: 0.011979701719998459
Epoch 155 time: 91.50355291366577 seconds
Epoch 155 accuracy: 93.49%
Batch 100, Loss: 0.4529
Epoch 156 learning rate: 0.011474337861210548
Epoch 156 time: 91.60871696472168 seconds
Epoch 156 accuracy: 93.75%
Batch 100, Loss: 0.4629
Epoch 157 learning rate: 0.010978479633083526
Epoch 157 time: 91.54890656471252 seconds
Epoch 157 accuracy: 93.64%
Batch 100, Loss: 0.4567
Epoch 158 learning rate: 0.010492249381215483
Epoch 158 time: 91.54493260383606 seconds
Epoch 158 accuracy: 93.59%
Batch 100, Loss: 0.4514
Epoch 159 learning rate: 0.010015767075645474
Epoch 159 time: 91.55882596969604 seconds
Epoch 159 accuracy: 93.6%
Batch 100, Loss: 0.4475
Epoch 160 learning rate: 0.009549150281252637
Epoch 160 time: 91.38852524757385 seconds
Epoch 160 accuracy: 93.99%
Batch 100, Loss: 0.4533
Epoch 161 learning rate: 0.00909251412874884
Epoch 161 time: 91.48299789428711 seconds
Epoch 161 accuracy: 93.71%
Batch 100, Loss: 0.4480
Epoch 162 learning rate: 0.008645971286271918
Epoch 162 time: 91.37315487861633 seconds
Epoch 162 accuracy: 93.81%
Batch 100, Loss: 0.4468
Epoch 163 learning rate: 0.008209631931586501
Epoch 163 time: 91.57361006736755 seconds
Epoch 163 accuracy: 93.6%
Batch 100, Loss: 0.4426
Epoch 164 learning rate: 0.0077836037248992605
Epoch 164 time: 91.51233386993408 seconds
Epoch 164 accuracy: 94.13%
Batch 100, Loss: 0.4411
Epoch 165 learning rate: 0.0073679917822954055
Epoch 165 time: 91.6596884727478 seconds
Epoch 165 accuracy: 93.85%
Batch 100, Loss: 0.4405
Epoch 166 learning rate: 0.006962898649802815
Epoch 166 time: 91.53892087936401 seconds
Epoch 166 accuracy: 94.05%
Batch 100, Loss: 0.4356
Epoch 167 learning rate: 0.006568424278090438
Epoch 167 time: 91.48189902305603 seconds
Epoch 167 accuracy: 94.12%
Batch 100, Loss: 0.4403
Epoch 168 learning rate: 0.006184665997806824
Epoch 168 time: 91.62235522270203 seconds
Epoch 168 accuracy: 94.07%
Batch 100, Loss: 0.4352
Epoch 169 learning rate: 0.00581171849556533
Epoch 169 time: 91.48821878433228 seconds
Epoch 169 accuracy: 94.23%
Batch 100, Loss: 0.4300
Epoch 170 learning rate: 0.0054496737905816136
Epoch 170 time: 91.36611270904541 seconds
Epoch 170 accuracy: 94.07%
Batch 100, Loss: 0.4319
Epoch 171 learning rate: 0.005098621211969226
Epoch 171 time: 91.68969178199768 seconds
Epoch 171 accuracy: 93.98%
Batch 100, Loss: 0.4288
Epoch 172 learning rate: 0.004758647376699035
Epoch 172 time: 91.5180447101593 seconds
Epoch 172 accuracy: 94.34%
Batch 100, Loss: 0.4264
Epoch 173 learning rate: 0.00442983616822775
Epoch 173 time: 91.40831780433655 seconds
Epoch 173 accuracy: 94.26%
Batch 100, Loss: 0.4271
Epoch 174 learning rate: 0.004112268715800957
Epoch 174 time: 91.36500310897827 seconds
Epoch 174 accuracy: 94.36%
Batch 100, Loss: 0.4191
Epoch 175 learning rate: 0.003806023374435677
Epoch 175 time: 91.68268990516663 seconds
Epoch 175 accuracy: 94.33%
Batch 100, Loss: 0.4171
Epoch 176 learning rate: 0.003511175705587435
Epoch 176 time: 91.4828851222992 seconds
Epoch 176 accuracy: 94.35%
Batch 100, Loss: 0.4210
Epoch 177 learning rate: 0.0032277984585066333
Epoch 177 time: 91.49965691566467 seconds
Epoch 177 accuracy: 94.36%
Batch 100, Loss: 0.4170
Epoch 178 learning rate: 0.002955961552288729
Epoch 178 time: 91.60389494895935 seconds
Epoch 178 accuracy: 94.32%
Batch 100, Loss: 0.4142
Epoch 179 learning rate: 0.0026957320586227366
Epoch 179 time: 91.51658892631531 seconds
Epoch 179 accuracy: 94.41%
Batch 100, Loss: 0.4138
Epoch 180 learning rate: 0.002447174185242325
Epoch 180 time: 91.42019629478455 seconds
Epoch 180 accuracy: 94.42%
Batch 100, Loss: 0.4144
Epoch 181 learning rate: 0.0022103492600834954
Epoch 181 time: 91.32795691490173 seconds
Epoch 181 accuracy: 94.51%
Batch 100, Loss: 0.4169
Epoch 182 learning rate: 0.0019853157161528537
Epoch 182 time: 91.62800431251526 seconds
Epoch 182 accuracy: 94.46%
Batch 100, Loss: 0.4134
Epoch 183 learning rate: 0.001772129077110103
Epoch 183 time: 91.44856286048889 seconds
Epoch 183 accuracy: 94.48%
Batch 100, Loss: 0.4092
Epoch 184 learning rate: 0.0015708419435684529
Epoch 184 time: 91.66412210464478 seconds
Epoch 184 accuracy: 94.53%
Batch 100, Loss: 0.4088
Epoch 185 learning rate: 0.0013815039801161732
Epoch 185 time: 91.66703462600708 seconds
Epoch 185 accuracy: 94.43%
Batch 100, Loss: 0.4136
Epoch 186 learning rate: 0.0012041619030626347
Epoch 186 time: 91.39788055419922 seconds
Epoch 186 accuracy: 94.56%
Batch 100, Loss: 0.4090
Epoch 187 learning rate: 0.0010388594689117077
Epoch 187 time: 91.33558893203735 seconds
Epoch 187 accuracy: 94.61%
Batch 100, Loss: 0.4066
Epoch 188 learning rate: 0.0008856374635655645
Epoch 188 time: 91.45858025550842 seconds
Epoch 188 accuracy: 94.55%
Batch 100, Loss: 0.4068
Epoch 189 learning rate: 0.000744533692261307
Epoch 189 time: 91.65494322776794 seconds
Epoch 189 accuracy: 94.75%
Batch 100, Loss: 0.4098
Epoch 190 learning rate: 0.0006155829702431174
Epoch 190 time: 91.49400925636292 seconds
Epoch 190 accuracy: 94.57%
Batch 100, Loss: 0.4022
Epoch 191 learning rate: 0.0004988171141721235
Epoch 191 time: 91.62356209754944 seconds
Epoch 191 accuracy: 94.61%
Batch 100, Loss: 0.4099
Epoch 192 learning rate: 0.00039426493427611206
Epoch 192 time: 91.30940270423889 seconds
Epoch 192 accuracy: 94.75%
Batch 100, Loss: 0.4112
Epoch 193 learning rate: 0.00030195222724102046
Epoch 193 time: 91.38713693618774 seconds
Epoch 193 accuracy: 94.64%
Batch 100, Loss: 0.4046
Epoch 194 learning rate: 0.00022190176984600036
Epoch 194 time: 91.5139491558075 seconds
Epoch 194 accuracy: 94.67%
Batch 100, Loss: 0.4029
Epoch 195 learning rate: 0.00015413331334360192
Epoch 195 time: 91.32924795150757 seconds
Epoch 195 accuracy: 94.68%
Batch 100, Loss: 0.4017
Epoch 196 learning rate: 9.866357858642213e-05
Epoch 196 time: 91.5663115978241 seconds
Epoch 196 accuracy: 94.62%
Batch 100, Loss: 0.4050
Epoch 197 learning rate: 5.5506251901504864e-05
Epoch 197 time: 91.52913761138916 seconds
Epoch 197 accuracy: 94.63%
Batch 100, Loss: 0.4039
Epoch 198 learning rate: 2.4671981713420017e-05
Epoch 198 time: 91.44679999351501 seconds
Epoch 198 accuracy: 94.67%
Batch 100, Loss: 0.4065
Epoch 199 learning rate: 6.168375916970619e-06
Epoch 199 time: 91.38898396492004 seconds
Epoch 199 accuracy: 94.69%
Batch 100, Loss: 0.4097
Epoch 200 learning rate: 0.0
Epoch 200 time: 91.36594271659851 seconds
Epoch 200 accuracy: 94.68%
Total training time: 18311.275766849518 seconds
