The following modules were not unloaded:
  (Use "module --force purge" to unload all):

  1) CCconfig        6)  ucx/1.14.1         11) flexiblas/3.3.1
  2) gentoo/2023     7)  libfabric/1.18.0   12) imkl/2023.2.0
  3) gcccore/.12.3   8)  pmix/4.2.4         13) StdEnv/2023
  4) gcc/12.3        9)  ucc/1.2.0
  5) hwloc/2.9.1     10) openmpi/4.1.5
/project/6070520/tkleinkn/Vanilla-GAM/main_cifar.py:159: UserWarning: You have chosen a specific GPU. This will completely disable data parallelism.
  warnings.warn('You have chosen a specific GPU. This will completely '
model name space ['resnet101_c', 'resnet152_c', 'resnet18_c', 'resnet34_c', 'resnet50_c']
Use GPU: 0 for training
=> creating model 'resnet18_c'
Files already downloaded and verified
Files already downloaded and verified
tensorboard dir ./results/CIFAR10/GAM
Batch 50, Loss: 2.4515
Batch 100, Loss: 1.6091
Batch 150, Loss: 1.5285
Epoch 1 learning rate: 0.09999383162408304
Epoch 1 time: 101.51040244102478 seconds
Epoch 1 accuracy: 27.16%
Batch 50, Loss: 1.4380
Batch 100, Loss: 1.4005
Batch 150, Loss: 1.3457
Epoch 2 learning rate: 0.09997532801828658
Epoch 2 time: 91.43960690498352 seconds
Epoch 2 accuracy: 37.89%
Batch 50, Loss: 1.2589
Batch 100, Loss: 1.2311
Batch 150, Loss: 1.2084
Epoch 3 learning rate: 0.09994449374809851
Epoch 3 time: 91.48345494270325 seconds
Epoch 3 accuracy: 43.62%
Batch 50, Loss: 1.1493
Batch 100, Loss: 1.1072
Batch 150, Loss: 1.0967
Epoch 4 learning rate: 0.09990133642141359
Epoch 4 time: 91.27478170394897 seconds
Epoch 4 accuracy: 49.71%
Batch 50, Loss: 1.0480
Batch 100, Loss: 1.0338
Batch 150, Loss: 0.9925
Epoch 5 learning rate: 0.09984586668665642
Epoch 5 time: 91.35392355918884 seconds
Epoch 5 accuracy: 55.12%
Batch 50, Loss: 0.9355
Batch 100, Loss: 0.9183
Batch 150, Loss: 0.8891
Epoch 6 learning rate: 0.09977809823015402
Epoch 6 time: 91.3310980796814 seconds
Epoch 6 accuracy: 58.89%
Batch 50, Loss: 0.8425
Batch 100, Loss: 0.7993
Batch 150, Loss: 0.7903
Epoch 7 learning rate: 0.09969804777275901
Epoch 7 time: 91.45411205291748 seconds
Epoch 7 accuracy: 65.42%
Batch 50, Loss: 0.7314
Batch 100, Loss: 0.7119
Batch 150, Loss: 0.6877
Epoch 8 learning rate: 0.09960573506572391
Epoch 8 time: 91.21570801734924 seconds
Epoch 8 accuracy: 68.87%
Batch 50, Loss: 0.6550
Batch 100, Loss: 0.6393
Batch 150, Loss: 0.6198
Epoch 9 learning rate: 0.09950118288582789
Epoch 9 time: 91.25487518310547 seconds
Epoch 9 accuracy: 71.5%
Batch 50, Loss: 0.5671
Batch 100, Loss: 0.5600
Batch 150, Loss: 0.5683
Epoch 10 learning rate: 0.09938441702975691
Epoch 10 time: 91.49859428405762 seconds
Epoch 10 accuracy: 75.72%
Batch 50, Loss: 0.5063
Batch 100, Loss: 0.5111
Batch 150, Loss: 0.4904
Epoch 11 learning rate: 0.09925546630773871
Epoch 11 time: 91.57218813896179 seconds
Epoch 11 accuracy: 77.45%
Batch 50, Loss: 0.4583
Batch 100, Loss: 0.4636
Batch 150, Loss: 0.4549
Epoch 12 learning rate: 0.09911436253643445
Epoch 12 time: 91.52417850494385 seconds
Epoch 12 accuracy: 79.55%
Batch 50, Loss: 0.4234
Batch 100, Loss: 0.4055
Batch 150, Loss: 0.4156
Epoch 13 learning rate: 0.0989611405310883
Epoch 13 time: 91.28273463249207 seconds
Epoch 13 accuracy: 81.51%
Batch 50, Loss: 0.3828
Batch 100, Loss: 0.3824
Batch 150, Loss: 0.3878
Epoch 14 learning rate: 0.09879583809693739
Epoch 14 time: 91.47462892532349 seconds
Epoch 14 accuracy: 83.03%
Batch 50, Loss: 0.3548
Batch 100, Loss: 0.3444
Batch 150, Loss: 0.3477
Epoch 15 learning rate: 0.09861849601988384
Epoch 15 time: 91.37745237350464 seconds
Epoch 15 accuracy: 83.73%
Batch 50, Loss: 0.3276
Batch 100, Loss: 0.3262
Batch 150, Loss: 0.3148
Epoch 16 learning rate: 0.09842915805643157
Epoch 16 time: 93.14872813224792 seconds
Epoch 16 accuracy: 85.21%
Batch 50, Loss: 0.3084
Batch 100, Loss: 0.3083
Batch 150, Loss: 0.3060
Epoch 17 learning rate: 0.09822787092288993
Epoch 17 time: 91.49276328086853 seconds
Epoch 17 accuracy: 85.39%
Batch 50, Loss: 0.2833
Batch 100, Loss: 0.2935
Batch 150, Loss: 0.2803
Epoch 18 learning rate: 0.09801468428384717
Epoch 18 time: 91.49243140220642 seconds
Epoch 18 accuracy: 83.83%
Batch 50, Loss: 0.2831
Batch 100, Loss: 0.2748
Batch 150, Loss: 0.2774
Epoch 19 learning rate: 0.09778965073991652
Epoch 19 time: 91.19213247299194 seconds
Epoch 19 accuracy: 86.93%
Batch 50, Loss: 0.2635
Batch 100, Loss: 0.2598
Batch 150, Loss: 0.2644
Epoch 20 learning rate: 0.0975528258147577
Epoch 20 time: 91.29691171646118 seconds
Epoch 20 accuracy: 85.77%
Batch 50, Loss: 0.2502
Batch 100, Loss: 0.2411
Batch 150, Loss: 0.2559
Epoch 21 learning rate: 0.09730426794137728
Epoch 21 time: 91.29394841194153 seconds
Epoch 21 accuracy: 86.75%
Batch 50, Loss: 0.2345
Batch 100, Loss: 0.2352
Batch 150, Loss: 0.2403
Epoch 22 learning rate: 0.09704403844771128
Epoch 22 time: 91.39680624008179 seconds
Epoch 22 accuracy: 86.95%
Batch 50, Loss: 0.2252
Batch 100, Loss: 0.2349
Batch 150, Loss: 0.2389
Epoch 23 learning rate: 0.09677220154149338
Epoch 23 time: 91.31066155433655 seconds
Epoch 23 accuracy: 88.12%
Batch 50, Loss: 0.2293
Batch 100, Loss: 0.2136
Batch 150, Loss: 0.2194
Epoch 24 learning rate: 0.09648882429441258
Epoch 24 time: 91.20441579818726 seconds
Epoch 24 accuracy: 88.07%
Batch 50, Loss: 0.2117
Batch 100, Loss: 0.2071
Batch 150, Loss: 0.2135
Epoch 25 learning rate: 0.09619397662556435
Epoch 25 time: 91.09133243560791 seconds
Epoch 25 accuracy: 88.45%
Batch 50, Loss: 0.2094
Batch 100, Loss: 0.2012
Batch 150, Loss: 0.2002
Epoch 26 learning rate: 0.09588773128419906
Epoch 26 time: 91.09661960601807 seconds
Epoch 26 accuracy: 88.8%
Batch 50, Loss: 0.1992
Batch 100, Loss: 0.1982
Batch 150, Loss: 0.2021
Epoch 27 learning rate: 0.09557016383177226
Epoch 27 time: 91.28093194961548 seconds
Epoch 27 accuracy: 88.81%
Batch 50, Loss: 0.1883
Batch 100, Loss: 0.1962
Batch 150, Loss: 0.1917
Epoch 28 learning rate: 0.09524135262330098
Epoch 28 time: 91.39407658576965 seconds
Epoch 28 accuracy: 89.6%
Batch 50, Loss: 0.1847
Batch 100, Loss: 0.1813
Batch 150, Loss: 0.1938
Epoch 29 learning rate: 0.09490137878803079
Epoch 29 time: 91.16871857643127 seconds
Epoch 29 accuracy: 89.62%
Batch 50, Loss: 0.1675
Batch 100, Loss: 0.1858
Batch 150, Loss: 0.1831
Epoch 30 learning rate: 0.0945503262094184
Epoch 30 time: 91.39939451217651 seconds
Epoch 30 accuracy: 90.34%
Batch 50, Loss: 0.1707
Batch 100, Loss: 0.1766
Batch 150, Loss: 0.1733
Epoch 31 learning rate: 0.0941882815044347
Epoch 31 time: 91.41641759872437 seconds
Epoch 31 accuracy: 88.96%
Batch 50, Loss: 0.1668
Batch 100, Loss: 0.1637
Batch 150, Loss: 0.1704
Epoch 32 learning rate: 0.09381533400219319
Epoch 32 time: 91.17205214500427 seconds
Epoch 32 accuracy: 89.76%
Batch 50, Loss: 0.1673
Batch 100, Loss: 0.1632
Batch 150, Loss: 0.1710
Epoch 33 learning rate: 0.09343157572190958
Epoch 33 time: 91.14214777946472 seconds
Epoch 33 accuracy: 89.05%
Batch 50, Loss: 0.1607
Batch 100, Loss: 0.1626
Batch 150, Loss: 0.1621
Epoch 34 learning rate: 0.0930371013501972
Epoch 34 time: 91.31370639801025 seconds
Epoch 34 accuracy: 90.16%
Batch 50, Loss: 0.1555
Batch 100, Loss: 0.1587
Batch 150, Loss: 0.1695
Epoch 35 learning rate: 0.09263200821770463
Epoch 35 time: 91.52497577667236 seconds
Epoch 35 accuracy: 89.77%
Batch 50, Loss: 0.1442
Batch 100, Loss: 0.1566
Batch 150, Loss: 0.1599
Epoch 36 learning rate: 0.09221639627510078
Epoch 36 time: 91.33772349357605 seconds
Epoch 36 accuracy: 90.47%
Batch 50, Loss: 0.1551
Batch 100, Loss: 0.1544
Batch 150, Loss: 0.1590
Epoch 37 learning rate: 0.09179036806841355
Epoch 37 time: 91.29577684402466 seconds
Epoch 37 accuracy: 91.0%
Batch 50, Loss: 0.1365
Batch 100, Loss: 0.1398
Batch 150, Loss: 0.1521
Epoch 38 learning rate: 0.09135402871372812
Epoch 38 time: 91.39243197441101 seconds
Epoch 38 accuracy: 89.73%
Batch 50, Loss: 0.1408
Batch 100, Loss: 0.1393
Batch 150, Loss: 0.1414
Epoch 39 learning rate: 0.0909074858712512
Epoch 39 time: 91.40767884254456 seconds
Epoch 39 accuracy: 91.5%
Batch 50, Loss: 0.1349
Batch 100, Loss: 0.1292
Batch 150, Loss: 0.1425
Epoch 40 learning rate: 0.09045084971874741
Epoch 40 time: 91.23640990257263 seconds
Epoch 40 accuracy: 90.92%
Batch 50, Loss: 0.1339
Batch 100, Loss: 0.1390
Batch 150, Loss: 0.1459
Epoch 41 learning rate: 0.08998423292435458
Epoch 41 time: 91.4437575340271 seconds
Epoch 41 accuracy: 91.54%
Batch 50, Loss: 0.1309
Batch 100, Loss: 0.1314
Batch 150, Loss: 0.1368
Epoch 42 learning rate: 0.08950775061878455
Epoch 42 time: 91.46410059928894 seconds
Epoch 42 accuracy: 91.54%
Batch 50, Loss: 0.1287
Batch 100, Loss: 0.1305
Batch 150, Loss: 0.1342
Epoch 43 learning rate: 0.08902152036691653
Epoch 43 time: 91.31454229354858 seconds
Epoch 43 accuracy: 91.41%
Batch 50, Loss: 0.1247
Batch 100, Loss: 0.1298
Batch 150, Loss: 0.1338
Epoch 44 learning rate: 0.08852566213878951
Epoch 44 time: 91.1848669052124 seconds
Epoch 44 accuracy: 90.7%
Batch 50, Loss: 0.1216
Batch 100, Loss: 0.1282
Batch 150, Loss: 0.1254
Epoch 45 learning rate: 0.0880202982800016
Epoch 45 time: 91.16887593269348 seconds
Epoch 45 accuracy: 91.84%
Batch 50, Loss: 0.1140
Batch 100, Loss: 0.1204
Batch 150, Loss: 0.1308
Epoch 46 learning rate: 0.08750555348152303
Epoch 46 time: 91.37937331199646 seconds
Epoch 46 accuracy: 91.5%
Batch 50, Loss: 0.1233
Batch 100, Loss: 0.1201
Batch 150, Loss: 0.1295
Epoch 47 learning rate: 0.08698155474893052
Epoch 47 time: 91.53196215629578 seconds
Epoch 47 accuracy: 92.06%
Batch 50, Loss: 0.1167
Batch 100, Loss: 0.1178
Batch 150, Loss: 0.1197
Epoch 48 learning rate: 0.08644843137107061
Epoch 48 time: 91.3491563796997 seconds
Epoch 48 accuracy: 91.49%
Batch 50, Loss: 0.1107
Batch 100, Loss: 0.1045
Batch 150, Loss: 0.1225
Epoch 49 learning rate: 0.08590631488815947
Epoch 49 time: 91.45861101150513 seconds
Epoch 49 accuracy: 91.49%
Batch 50, Loss: 0.1078
Batch 100, Loss: 0.1122
Batch 150, Loss: 0.1178
Epoch 50 learning rate: 0.0853553390593274
Epoch 50 time: 91.36541199684143 seconds
Epoch 50 accuracy: 91.93%
Batch 50, Loss: 0.1057
Batch 100, Loss: 0.1102
Batch 150, Loss: 0.1146
Epoch 51 learning rate: 0.08479563982961574
Epoch 51 time: 91.37896013259888 seconds
Epoch 51 accuracy: 91.2%
Batch 50, Loss: 0.1039
Batch 100, Loss: 0.1080
Batch 150, Loss: 0.1100
Epoch 52 learning rate: 0.08422735529643446
Epoch 52 time: 92.20396327972412 seconds
Epoch 52 accuracy: 91.45%
Batch 50, Loss: 0.1017
Batch 100, Loss: 0.1020
Batch 150, Loss: 0.1062
Epoch 53 learning rate: 0.08365062567548869
Epoch 53 time: 91.22300696372986 seconds
Epoch 53 accuracy: 92.2%
Batch 50, Loss: 0.1002
Batch 100, Loss: 0.1083
Batch 150, Loss: 0.1100
Epoch 54 learning rate: 0.08306559326618261
Epoch 54 time: 91.38235068321228 seconds
Epoch 54 accuracy: 92.55%
Batch 50, Loss: 0.1009
Batch 100, Loss: 0.0981
Batch 150, Loss: 0.1020
Epoch 55 learning rate: 0.0824724024165092
Epoch 55 time: 91.24989128112793 seconds
Epoch 55 accuracy: 92.17%
Batch 50, Loss: 0.0936
Batch 100, Loss: 0.1005
Batch 150, Loss: 0.1097
Epoch 56 learning rate: 0.0818711994874345
Epoch 56 time: 91.32555103302002 seconds
Epoch 56 accuracy: 92.28%
Batch 50, Loss: 0.0931
Batch 100, Loss: 0.1000
Batch 150, Loss: 0.0981
Epoch 57 learning rate: 0.08126213281678528
Epoch 57 time: 91.32097005844116 seconds
Epoch 57 accuracy: 92.63%
Batch 50, Loss: 0.0896
Batch 100, Loss: 0.0924
Batch 150, Loss: 0.1006
Epoch 58 learning rate: 0.08064535268264884
Epoch 58 time: 91.31858968734741 seconds
Epoch 58 accuracy: 92.55%
Batch 50, Loss: 0.0908
Batch 100, Loss: 0.0948
Batch 150, Loss: 0.0981
Epoch 59 learning rate: 0.08002101126629421
Epoch 59 time: 91.23289823532104 seconds
Epoch 59 accuracy: 92.82%
Batch 50, Loss: 0.0888
Batch 100, Loss: 0.0892
Batch 150, Loss: 0.0945
Epoch 60 learning rate: 0.07938926261462367
Epoch 60 time: 91.50947880744934 seconds
Epoch 60 accuracy: 92.22%
Batch 50, Loss: 0.0899
Batch 100, Loss: 0.0908
Batch 150, Loss: 0.0955
Epoch 61 learning rate: 0.07875026260216395
Epoch 61 time: 91.52434706687927 seconds
Epoch 61 accuracy: 92.75%
Batch 50, Loss: 0.0846
Batch 100, Loss: 0.0880
Batch 150, Loss: 0.0886
Epoch 62 learning rate: 0.07810416889260656
Epoch 62 time: 91.29818153381348 seconds
Epoch 62 accuracy: 92.38%
Batch 50, Loss: 0.0841
Batch 100, Loss: 0.0877
Batch 150, Loss: 0.0891
Epoch 63 learning rate: 0.07745114089990661
Epoch 63 time: 91.16109919548035 seconds
Epoch 63 accuracy: 92.72%
Batch 50, Loss: 0.0818
Batch 100, Loss: 0.0852
Batch 150, Loss: 0.0872
Epoch 64 learning rate: 0.07679133974894985
Epoch 64 time: 91.37507724761963 seconds
Epoch 64 accuracy: 92.78%
Batch 50, Loss: 0.0829
Batch 100, Loss: 0.0851
Batch 150, Loss: 0.0840
Epoch 65 learning rate: 0.07612492823579746
Epoch 65 time: 91.37679314613342 seconds
Epoch 65 accuracy: 92.68%
Batch 50, Loss: 0.0803
Batch 100, Loss: 0.0859
Batch 150, Loss: 0.0923
Epoch 66 learning rate: 0.07545207078751859
Epoch 66 time: 91.36172986030579 seconds
Epoch 66 accuracy: 92.85%
Batch 50, Loss: 0.0838
Batch 100, Loss: 0.0767
Batch 150, Loss: 0.0846
Epoch 67 learning rate: 0.0747729334216204
Epoch 67 time: 91.31312942504883 seconds
Epoch 67 accuracy: 92.92%
Batch 50, Loss: 0.0759
Batch 100, Loss: 0.0804
Batch 150, Loss: 0.0801
Epoch 68 learning rate: 0.07408768370508578
Epoch 68 time: 91.28823733329773 seconds
Epoch 68 accuracy: 93.06%
Batch 50, Loss: 0.0806
Batch 100, Loss: 0.0789
Batch 150, Loss: 0.0817
Epoch 69 learning rate: 0.0733964907130287
Epoch 69 time: 91.2307243347168 seconds
Epoch 69 accuracy: 92.59%
Batch 50, Loss: 0.0687
Batch 100, Loss: 0.0751
Batch 150, Loss: 0.0855
Epoch 70 learning rate: 0.07269952498697736
Epoch 70 time: 91.3474190235138 seconds
Epoch 70 accuracy: 92.83%
Batch 50, Loss: 0.0773
Batch 100, Loss: 0.0753
Batch 150, Loss: 0.0779
Epoch 71 learning rate: 0.07199695849279578
Epoch 71 time: 91.5077257156372 seconds
Epoch 71 accuracy: 92.3%
Batch 50, Loss: 0.0771
Batch 100, Loss: 0.0736
Batch 150, Loss: 0.0765
Epoch 72 learning rate: 0.07128896457825366
Epoch 72 time: 91.34236717224121 seconds
Epoch 72 accuracy: 92.91%
Batch 50, Loss: 0.0737
Batch 100, Loss: 0.0746
Batch 150, Loss: 0.0773
Epoch 73 learning rate: 0.07057571793025548
Epoch 73 time: 91.28480672836304 seconds
Epoch 73 accuracy: 92.98%
Batch 50, Loss: 0.0669
Batch 100, Loss: 0.0671
Batch 150, Loss: 0.0766
Epoch 74 learning rate: 0.06985739453173906
Epoch 74 time: 91.38782143592834 seconds
Epoch 74 accuracy: 93.58%
Batch 50, Loss: 0.0666
Batch 100, Loss: 0.0690
Batch 150, Loss: 0.0719
Epoch 75 learning rate: 0.06913417161825453
Epoch 75 time: 91.39360022544861 seconds
Epoch 75 accuracy: 93.2%
Batch 50, Loss: 0.0669
Batch 100, Loss: 0.0696
Batch 150, Loss: 0.0728
Epoch 76 learning rate: 0.06840622763423394
Epoch 76 time: 91.5236303806305 seconds
Epoch 76 accuracy: 93.28%
Batch 50, Loss: 0.0698
Batch 100, Loss: 0.0656
Batch 150, Loss: 0.0716
Epoch 77 learning rate: 0.0676737421889629
Epoch 77 time: 91.21666407585144 seconds
Epoch 77 accuracy: 93.79%
Batch 50, Loss: 0.0649
Batch 100, Loss: 0.0676
Batch 150, Loss: 0.0692
Epoch 78 learning rate: 0.06693689601226462
Epoch 78 time: 91.58381080627441 seconds
Epoch 78 accuracy: 93.66%
Batch 50, Loss: 0.0646
Batch 100, Loss: 0.0642
Batch 150, Loss: 0.0720
Epoch 79 learning rate: 0.06619587090990751
Epoch 79 time: 91.41798686981201 seconds
Epoch 79 accuracy: 93.3%
Batch 50, Loss: 0.0640
Batch 100, Loss: 0.0660
Batch 150, Loss: 0.0658
Epoch 80 learning rate: 0.06545084971874741
Epoch 80 time: 91.33051133155823 seconds
Epoch 80 accuracy: 93.76%
Batch 50, Loss: 0.0610
Batch 100, Loss: 0.0611
Batch 150, Loss: 0.0652
Epoch 81 learning rate: 0.06470201626161524
Epoch 81 time: 91.46859169006348 seconds
Epoch 81 accuracy: 93.46%
Batch 50, Loss: 0.0598
Batch 100, Loss: 0.0593
Batch 150, Loss: 0.0622
Epoch 82 learning rate: 0.06394955530196152
Epoch 82 time: 91.21099662780762 seconds
Epoch 82 accuracy: 92.85%
Batch 50, Loss: 0.0590
Batch 100, Loss: 0.0578
Batch 150, Loss: 0.0609
Epoch 83 learning rate: 0.06319365249826868
Epoch 83 time: 91.60124135017395 seconds
Epoch 83 accuracy: 93.25%
Batch 50, Loss: 0.0609
Batch 100, Loss: 0.0584
Batch 150, Loss: 0.0627
Epoch 84 learning rate: 0.06243449435824277
Epoch 84 time: 91.34397196769714 seconds
Epoch 84 accuracy: 93.65%
Batch 50, Loss: 0.0582
Batch 100, Loss: 0.0550
Batch 150, Loss: 0.0598
Epoch 85 learning rate: 0.06167226819279532
Epoch 85 time: 91.24072051048279 seconds
Epoch 85 accuracy: 92.92%
Batch 50, Loss: 0.0523
Batch 100, Loss: 0.0576
Batch 150, Loss: 0.0564
Epoch 86 learning rate: 0.06090716206982718
Epoch 86 time: 91.43817806243896 seconds
Epoch 86 accuracy: 94.13%
Batch 50, Loss: 0.0560
Batch 100, Loss: 0.0537
Batch 150, Loss: 0.0630
Epoch 87 learning rate: 0.06013936476782568
Epoch 87 time: 91.22118926048279 seconds
Epoch 87 accuracy: 93.71%
Batch 50, Loss: 0.0541
Batch 100, Loss: 0.0559
Batch 150, Loss: 0.0583
Epoch 88 learning rate: 0.05936906572928629
Epoch 88 time: 91.37303233146667 seconds
Epoch 88 accuracy: 93.25%
Batch 50, Loss: 0.0559
Batch 100, Loss: 0.0542
Batch 150, Loss: 0.0570
Epoch 89 learning rate: 0.05859645501397052
Epoch 89 time: 91.19225335121155 seconds
Epoch 89 accuracy: 93.43%
Batch 50, Loss: 0.0528
Batch 100, Loss: 0.0514
Batch 150, Loss: 0.0514
Epoch 90 learning rate: 0.05782172325201159
Epoch 90 time: 91.3578941822052 seconds
Epoch 90 accuracy: 94.03%
Batch 50, Loss: 0.0510
Batch 100, Loss: 0.0485
Batch 150, Loss: 0.0513
Epoch 91 learning rate: 0.057045061596879186
Epoch 91 time: 91.28005623817444 seconds
Epoch 91 accuracy: 93.97%
Batch 50, Loss: 0.0529
Batch 100, Loss: 0.0471
Batch 150, Loss: 0.0507
Epoch 92 learning rate: 0.056266661678215264
Epoch 92 time: 91.10462760925293 seconds
Epoch 92 accuracy: 93.93%
Batch 50, Loss: 0.0470
Batch 100, Loss: 0.0462
Batch 150, Loss: 0.0501
Epoch 93 learning rate: 0.055486715554552306
Epoch 93 time: 91.58437037467957 seconds
Epoch 93 accuracy: 94.02%
Batch 50, Loss: 0.0504
Batch 100, Loss: 0.0463
Batch 150, Loss: 0.0500
Epoch 94 learning rate: 0.05470541566592575
Epoch 94 time: 91.20250153541565 seconds
Epoch 94 accuracy: 93.35%
Batch 50, Loss: 0.0429
Batch 100, Loss: 0.0451
Batch 150, Loss: 0.0498
Epoch 95 learning rate: 0.05392295478639229
Epoch 95 time: 91.46977233886719 seconds
Epoch 95 accuracy: 94.09%
Batch 50, Loss: 0.0453
Batch 100, Loss: 0.0447
Batch 150, Loss: 0.0466
Epoch 96 learning rate: 0.05313952597646571
Epoch 96 time: 91.20645761489868 seconds
Epoch 96 accuracy: 94.13%
Batch 50, Loss: 0.0443
Batch 100, Loss: 0.0448
Batch 150, Loss: 0.0500
Epoch 97 learning rate: 0.05235532253548216
Epoch 97 time: 91.16313242912292 seconds
Epoch 97 accuracy: 94.07%
Batch 50, Loss: 0.0436
Batch 100, Loss: 0.0425
Batch 150, Loss: 0.0452
Epoch 98 learning rate: 0.051570537953906447
Epoch 98 time: 91.43328857421875 seconds
Epoch 98 accuracy: 93.77%
Batch 50, Loss: 0.0459
Batch 100, Loss: 0.0417
Batch 150, Loss: 0.0429
Epoch 99 learning rate: 0.05078536586559106
Epoch 99 time: 91.16312408447266 seconds
Epoch 99 accuracy: 94.45%
Batch 50, Loss: 0.0403
Batch 100, Loss: 0.0407
Batch 150, Loss: 0.0435
Epoch 100 learning rate: 0.050000000000000024
Epoch 100 time: 91.16149687767029 seconds
Epoch 100 accuracy: 94.04%
Batch 50, Loss: 0.0440
Batch 100, Loss: 0.0391
Batch 150, Loss: 0.0409
Epoch 101 learning rate: 0.049214634134409
Epoch 101 time: 91.16571187973022 seconds
Epoch 101 accuracy: 93.83%
Batch 50, Loss: 0.0401
Batch 100, Loss: 0.0419
Batch 150, Loss: 0.0418
Epoch 102 learning rate: 0.04842946204609361
Epoch 102 time: 91.40065050125122 seconds
Epoch 102 accuracy: 93.78%
Batch 50, Loss: 0.0445
Batch 100, Loss: 0.0395
Batch 150, Loss: 0.0412
Epoch 103 learning rate: 0.04764467746451789
Epoch 103 time: 91.25402998924255 seconds
Epoch 103 accuracy: 94.01%
Batch 50, Loss: 0.0394
Batch 100, Loss: 0.0418
Batch 150, Loss: 0.0410
Epoch 104 learning rate: 0.046860474023534354
Epoch 104 time: 91.46593570709229 seconds
Epoch 104 accuracy: 94.0%
Batch 50, Loss: 0.0375
Batch 100, Loss: 0.0376
Batch 150, Loss: 0.0375
Epoch 105 learning rate: 0.04607704521360778
Epoch 105 time: 91.1830883026123 seconds
Epoch 105 accuracy: 94.05%
Batch 50, Loss: 0.0356
Batch 100, Loss: 0.0367
Batch 150, Loss: 0.0368
Epoch 106 learning rate: 0.04529458433407431
Epoch 106 time: 91.29843473434448 seconds
Epoch 106 accuracy: 94.59%
Batch 50, Loss: 0.0369
Batch 100, Loss: 0.0365
Batch 150, Loss: 0.0397
Epoch 107 learning rate: 0.04451328444544776
Epoch 107 time: 91.26653480529785 seconds
Epoch 107 accuracy: 94.19%
Batch 50, Loss: 0.0350
Batch 100, Loss: 0.0373
Batch 150, Loss: 0.0404
Epoch 108 learning rate: 0.04373333832178482
Epoch 108 time: 91.4090666770935 seconds
Epoch 108 accuracy: 94.48%
Batch 50, Loss: 0.0339
Batch 100, Loss: 0.0338
Batch 150, Loss: 0.0344
Epoch 109 learning rate: 0.0429549384031209
Epoch 109 time: 91.5152199268341 seconds
Epoch 109 accuracy: 94.16%
Batch 50, Loss: 0.0349
Batch 100, Loss: 0.0341
Batch 150, Loss: 0.0358
Epoch 110 learning rate: 0.042178276747988484
Epoch 110 time: 91.39269924163818 seconds
Epoch 110 accuracy: 94.56%
Batch 50, Loss: 0.0327
Batch 100, Loss: 0.0339
Batch 150, Loss: 0.0373
Epoch 111 learning rate: 0.04140354498602954
Epoch 111 time: 91.26023316383362 seconds
Epoch 111 accuracy: 94.31%
Batch 50, Loss: 0.0315
Batch 100, Loss: 0.0325
Batch 150, Loss: 0.0345
Epoch 112 learning rate: 0.0406309342707138
Epoch 112 time: 91.2141044139862 seconds
Epoch 112 accuracy: 94.61%
Batch 50, Loss: 0.0316
Batch 100, Loss: 0.0293
Batch 150, Loss: 0.0310
Epoch 113 learning rate: 0.03986063523217441
Epoch 113 time: 91.1876654624939 seconds
Epoch 113 accuracy: 94.19%
Batch 50, Loss: 0.0297
Batch 100, Loss: 0.0303
Batch 150, Loss: 0.0304
Epoch 114 learning rate: 0.039092837930172916
Epoch 114 time: 91.30888843536377 seconds
Epoch 114 accuracy: 94.49%
Batch 50, Loss: 0.0295
Batch 100, Loss: 0.0295
Batch 150, Loss: 0.0330
Epoch 115 learning rate: 0.03832773180720475
Epoch 115 time: 91.22578692436218 seconds
Epoch 115 accuracy: 94.53%
Batch 50, Loss: 0.0286
Batch 100, Loss: 0.0275
Batch 150, Loss: 0.0299
Epoch 116 learning rate: 0.037565505641757285
Epoch 116 time: 91.20289540290833 seconds
Epoch 116 accuracy: 94.58%
Batch 50, Loss: 0.0274
Batch 100, Loss: 0.0284
Batch 150, Loss: 0.0321
Epoch 117 learning rate: 0.03680634750173138
Epoch 117 time: 91.19342279434204 seconds
Epoch 117 accuracy: 94.62%
Batch 50, Loss: 0.0283
Batch 100, Loss: 0.0287
Batch 150, Loss: 0.0305
Epoch 118 learning rate: 0.036050444698038565
Epoch 118 time: 91.23140239715576 seconds
Epoch 118 accuracy: 94.25%
Batch 50, Loss: 0.0272
Batch 100, Loss: 0.0262
Batch 150, Loss: 0.0289
Epoch 119 learning rate: 0.03529798373838483
Epoch 119 time: 91.3900077342987 seconds
Epoch 119 accuracy: 94.7%
Batch 50, Loss: 0.0264
Batch 100, Loss: 0.0253
Batch 150, Loss: 0.0296
Epoch 120 learning rate: 0.03454915028125267
Epoch 120 time: 91.34153580665588 seconds
Epoch 120 accuracy: 94.68%
Batch 50, Loss: 0.0265
Batch 100, Loss: 0.0269
Batch 150, Loss: 0.0247
Epoch 121 learning rate: 0.03380412909009255
Epoch 121 time: 91.17582249641418 seconds
Epoch 121 accuracy: 94.86%
Batch 50, Loss: 0.0258
Batch 100, Loss: 0.0229
Batch 150, Loss: 0.0298
Epoch 122 learning rate: 0.03306310398773545
Epoch 122 time: 91.2266104221344 seconds
Epoch 122 accuracy: 94.72%
Batch 50, Loss: 0.0263
Batch 100, Loss: 0.0265
Batch 150, Loss: 0.0274
Epoch 123 learning rate: 0.03232625781103717
Epoch 123 time: 91.37650728225708 seconds
Epoch 123 accuracy: 94.9%
Batch 50, Loss: 0.0250
Batch 100, Loss: 0.0254
Batch 150, Loss: 0.0250
Epoch 124 learning rate: 0.03159377236576613
Epoch 124 time: 91.285475730896 seconds
Epoch 124 accuracy: 94.89%
Batch 50, Loss: 0.0229
Batch 100, Loss: 0.0218
Batch 150, Loss: 0.0246
Epoch 125 learning rate: 0.030865828381745543
Epoch 125 time: 91.49520182609558 seconds
Epoch 125 accuracy: 94.78%
Batch 50, Loss: 0.0222
Batch 100, Loss: 0.0209
Batch 150, Loss: 0.0214
Epoch 126 learning rate: 0.03014260546826098
Epoch 126 time: 91.34825444221497 seconds
Epoch 126 accuracy: 94.68%
Batch 50, Loss: 0.0216
Batch 100, Loss: 0.0217
Batch 150, Loss: 0.0221
Epoch 127 learning rate: 0.02942428206974458
Epoch 127 time: 91.51680302619934 seconds
Epoch 127 accuracy: 94.95%
Batch 50, Loss: 0.0211
Batch 100, Loss: 0.0197
Batch 150, Loss: 0.0223
Epoch 128 learning rate: 0.028711035421746387
Epoch 128 time: 91.3541612625122 seconds
Epoch 128 accuracy: 94.93%
Batch 50, Loss: 0.0207
Batch 100, Loss: 0.0213
Batch 150, Loss: 0.0229
Epoch 129 learning rate: 0.02800304150720426
Epoch 129 time: 91.36011838912964 seconds
Epoch 129 accuracy: 94.87%
Batch 50, Loss: 0.0202
Batch 100, Loss: 0.0207
Batch 150, Loss: 0.0222
Epoch 130 learning rate: 0.02730047501302268
Epoch 130 time: 91.21311569213867 seconds
Epoch 130 accuracy: 94.99%
Batch 50, Loss: 0.0192
Batch 100, Loss: 0.0193
Batch 150, Loss: 0.0184
Epoch 131 learning rate: 0.026603509286971357
Epoch 131 time: 91.40698003768921 seconds
Epoch 131 accuracy: 95.04%
Batch 50, Loss: 0.0186
Batch 100, Loss: 0.0185
Batch 150, Loss: 0.0195
Epoch 132 learning rate: 0.025912316294914244
Epoch 132 time: 91.38234853744507 seconds
Epoch 132 accuracy: 94.59%
Batch 50, Loss: 0.0183
Batch 100, Loss: 0.0179
Batch 150, Loss: 0.0204
Epoch 133 learning rate: 0.025227066578379632
Epoch 133 time: 91.2882776260376 seconds
Epoch 133 accuracy: 94.82%
Batch 50, Loss: 0.0205
Batch 100, Loss: 0.0190
Batch 150, Loss: 0.0177
Epoch 134 learning rate: 0.024547929212481445
Epoch 134 time: 91.6603057384491 seconds
Epoch 134 accuracy: 95.14%
Batch 50, Loss: 0.0181
Batch 100, Loss: 0.0172
Batch 150, Loss: 0.0197
Epoch 135 learning rate: 0.02387507176420257
Epoch 135 time: 91.23357772827148 seconds
Epoch 135 accuracy: 95.34%
Batch 50, Loss: 0.0175
Batch 100, Loss: 0.0172
Batch 150, Loss: 0.0183
Epoch 136 learning rate: 0.023208660251050166
Epoch 136 time: 91.09593963623047 seconds
Epoch 136 accuracy: 95.27%
Batch 50, Loss: 0.0163
Batch 100, Loss: 0.0170
Batch 150, Loss: 0.0161
Epoch 137 learning rate: 0.022548859100093414
Epoch 137 time: 91.3371946811676 seconds
Epoch 137 accuracy: 94.74%
Batch 50, Loss: 0.0156
Batch 100, Loss: 0.0156
Batch 150, Loss: 0.0172
Epoch 138 learning rate: 0.021895831107393474
Epoch 138 time: 91.30235743522644 seconds
Epoch 138 accuracy: 95.28%
Batch 50, Loss: 0.0167
Batch 100, Loss: 0.0160
Batch 150, Loss: 0.0163
Epoch 139 learning rate: 0.02124973739783608
Epoch 139 time: 91.41964292526245 seconds
Epoch 139 accuracy: 95.04%
Batch 50, Loss: 0.0155
Batch 100, Loss: 0.0152
Batch 150, Loss: 0.0149
Epoch 140 learning rate: 0.02061073738537636
Epoch 140 time: 91.34615468978882 seconds
Epoch 140 accuracy: 95.48%
Batch 50, Loss: 0.0140
Batch 100, Loss: 0.0152
Batch 150, Loss: 0.0155
Epoch 141 learning rate: 0.019978988733705814
Epoch 141 time: 91.3230893611908 seconds
Epoch 141 accuracy: 95.36%
Batch 50, Loss: 0.0133
Batch 100, Loss: 0.0154
Batch 150, Loss: 0.0178
Epoch 142 learning rate: 0.01935464731735118
Epoch 142 time: 91.23618936538696 seconds
Epoch 142 accuracy: 95.14%
Batch 50, Loss: 0.0137
Batch 100, Loss: 0.0154
Batch 150, Loss: 0.0154
Epoch 143 learning rate: 0.018737867183214747
Epoch 143 time: 91.23191499710083 seconds
Epoch 143 accuracy: 95.13%
Batch 50, Loss: 0.0132
Batch 100, Loss: 0.0145
Batch 150, Loss: 0.0143
Epoch 144 learning rate: 0.01812880051256552
Epoch 144 time: 91.43791604042053 seconds
Epoch 144 accuracy: 95.46%
Batch 50, Loss: 0.0138
Batch 100, Loss: 0.0132
Batch 150, Loss: 0.0136
Epoch 145 learning rate: 0.017527597583490827
Epoch 145 time: 91.14441728591919 seconds
Epoch 145 accuracy: 95.19%
Batch 50, Loss: 0.0130
Batch 100, Loss: 0.0120
Batch 150, Loss: 0.0127
Epoch 146 learning rate: 0.01693440673381742
Epoch 146 time: 91.45649409294128 seconds
Epoch 146 accuracy: 95.32%
Batch 50, Loss: 0.0118
Batch 100, Loss: 0.0117
Batch 150, Loss: 0.0116
Epoch 147 learning rate: 0.016349374324511334
Epoch 147 time: 91.34787702560425 seconds
Epoch 147 accuracy: 95.42%
Batch 50, Loss: 0.0113
Batch 100, Loss: 0.0106
Batch 150, Loss: 0.0130
Epoch 148 learning rate: 0.01577264470356557
Epoch 148 time: 91.30924034118652 seconds
Epoch 148 accuracy: 95.21%
Batch 50, Loss: 0.0118
Batch 100, Loss: 0.0111
Batch 150, Loss: 0.0115
Epoch 149 learning rate: 0.01520436017038429
Epoch 149 time: 91.45270490646362 seconds
Epoch 149 accuracy: 95.37%
Batch 50, Loss: 0.0109
Batch 100, Loss: 0.0110
Batch 150, Loss: 0.0104
Epoch 150 learning rate: 0.014644660940672632
Epoch 150 time: 91.47320747375488 seconds
Epoch 150 accuracy: 95.23%
Batch 50, Loss: 0.0110
Batch 100, Loss: 0.0100
Batch 150, Loss: 0.0112
Epoch 151 learning rate: 0.01409368511184057
Epoch 151 time: 91.34369730949402 seconds
Epoch 151 accuracy: 95.37%
Batch 50, Loss: 0.0103
Batch 100, Loss: 0.0097
Batch 150, Loss: 0.0108
Epoch 152 learning rate: 0.013551568628929438
Epoch 152 time: 91.26896095275879 seconds
Epoch 152 accuracy: 95.1%
Batch 50, Loss: 0.0104
Batch 100, Loss: 0.0101
Batch 150, Loss: 0.0104
Epoch 153 learning rate: 0.013018445251069516
Epoch 153 time: 91.32092022895813 seconds
Epoch 153 accuracy: 95.32%
Batch 50, Loss: 0.0099
Batch 100, Loss: 0.0102
Batch 150, Loss: 0.0108
Epoch 154 learning rate: 0.012494446518477026
Epoch 154 time: 91.4461989402771 seconds
Epoch 154 accuracy: 95.53%
Batch 50, Loss: 0.0100
Batch 100, Loss: 0.0099
Batch 150, Loss: 0.0090
Epoch 155 learning rate: 0.011979701719998459
Epoch 155 time: 91.10049080848694 seconds
Epoch 155 accuracy: 95.66%
Batch 50, Loss: 0.0094
Batch 100, Loss: 0.0093
Batch 150, Loss: 0.0085
Epoch 156 learning rate: 0.011474337861210548
Epoch 156 time: 91.30427312850952 seconds
Epoch 156 accuracy: 95.44%
Batch 50, Loss: 0.0093
Batch 100, Loss: 0.0086
Batch 150, Loss: 0.0088
Epoch 157 learning rate: 0.010978479633083526
Epoch 157 time: 91.35515308380127 seconds
Epoch 157 accuracy: 95.58%
Batch 50, Loss: 0.0085
Batch 100, Loss: 0.0076
Batch 150, Loss: 0.0080
Epoch 158 learning rate: 0.010492249381215483
Epoch 158 time: 91.29098629951477 seconds
Epoch 158 accuracy: 95.61%
Batch 50, Loss: 0.0076
Batch 100, Loss: 0.0086
Batch 150, Loss: 0.0089
Epoch 159 learning rate: 0.010015767075645474
Epoch 159 time: 91.45133996009827 seconds
Epoch 159 accuracy: 95.45%
Batch 50, Loss: 0.0083
Batch 100, Loss: 0.0078
Batch 150, Loss: 0.0079
Epoch 160 learning rate: 0.009549150281252637
Epoch 160 time: 91.58889269828796 seconds
Epoch 160 accuracy: 95.42%
Batch 50, Loss: 0.0084
Batch 100, Loss: 0.0087
Batch 150, Loss: 0.0080
Epoch 161 learning rate: 0.00909251412874884
Epoch 161 time: 91.22588896751404 seconds
Epoch 161 accuracy: 95.62%
Batch 50, Loss: 0.0081
Batch 100, Loss: 0.0076
Batch 150, Loss: 0.0076
Epoch 162 learning rate: 0.008645971286271918
Epoch 162 time: 91.26865577697754 seconds
Epoch 162 accuracy: 95.93%
Batch 50, Loss: 0.0075
Batch 100, Loss: 0.0078
Batch 150, Loss: 0.0082
Epoch 163 learning rate: 0.008209631931586501
Epoch 163 time: 91.49635720252991 seconds
Epoch 163 accuracy: 95.61%
Batch 50, Loss: 0.0071
Batch 100, Loss: 0.0067
Batch 150, Loss: 0.0077
Epoch 164 learning rate: 0.0077836037248992605
Epoch 164 time: 91.24336791038513 seconds
Epoch 164 accuracy: 95.62%
Batch 50, Loss: 0.0074
Batch 100, Loss: 0.0070
Batch 150, Loss: 0.0068
Epoch 165 learning rate: 0.0073679917822954055
Epoch 165 time: 91.57229900360107 seconds
Epoch 165 accuracy: 95.87%
Batch 50, Loss: 0.0065
Batch 100, Loss: 0.0070
Batch 150, Loss: 0.0059
Epoch 166 learning rate: 0.006962898649802815
Epoch 166 time: 91.24160432815552 seconds
Epoch 166 accuracy: 95.75%
Batch 50, Loss: 0.0067
Batch 100, Loss: 0.0064
Batch 150, Loss: 0.0066
Epoch 167 learning rate: 0.006568424278090438
Epoch 167 time: 91.35164308547974 seconds
Epoch 167 accuracy: 95.91%
Batch 50, Loss: 0.0062
Batch 100, Loss: 0.0058
Batch 150, Loss: 0.0059
Epoch 168 learning rate: 0.006184665997806824
Epoch 168 time: 91.28983283042908 seconds
Epoch 168 accuracy: 95.62%
Batch 50, Loss: 0.0058
Batch 100, Loss: 0.0065
Batch 150, Loss: 0.0067
Epoch 169 learning rate: 0.00581171849556533
Epoch 169 time: 91.35781908035278 seconds
Epoch 169 accuracy: 95.75%
Batch 50, Loss: 0.0057
Batch 100, Loss: 0.0061
Batch 150, Loss: 0.0063
Epoch 170 learning rate: 0.0054496737905816136
Epoch 170 time: 91.36421775817871 seconds
Epoch 170 accuracy: 95.57%
Batch 50, Loss: 0.0057
Batch 100, Loss: 0.0066
Batch 150, Loss: 0.0055
Epoch 171 learning rate: 0.005098621211969226
Epoch 171 time: 91.3262083530426 seconds
Epoch 171 accuracy: 95.78%
Batch 50, Loss: 0.0062
Batch 100, Loss: 0.0056
Batch 150, Loss: 0.0064
Epoch 172 learning rate: 0.004758647376699035
Epoch 172 time: 91.10940718650818 seconds
Epoch 172 accuracy: 95.68%
Batch 50, Loss: 0.0052
Batch 100, Loss: 0.0061
Batch 150, Loss: 0.0047
Epoch 173 learning rate: 0.00442983616822775
Epoch 173 time: 91.3176109790802 seconds
Epoch 173 accuracy: 95.67%
Batch 50, Loss: 0.0056
Batch 100, Loss: 0.0059
Batch 150, Loss: 0.0058
Epoch 174 learning rate: 0.004112268715800957
Epoch 174 time: 91.16686224937439 seconds
Epoch 174 accuracy: 95.72%
Batch 50, Loss: 0.0058
Batch 100, Loss: 0.0058
Batch 150, Loss: 0.0055
Epoch 175 learning rate: 0.003806023374435677
Epoch 175 time: 91.3610942363739 seconds
Epoch 175 accuracy: 95.76%
Batch 50, Loss: 0.0057
Batch 100, Loss: 0.0051
Batch 150, Loss: 0.0059
Epoch 176 learning rate: 0.003511175705587435
Epoch 176 time: 91.24149179458618 seconds
Epoch 176 accuracy: 95.8%
Batch 50, Loss: 0.0047
Batch 100, Loss: 0.0051
Batch 150, Loss: 0.0053
Epoch 177 learning rate: 0.0032277984585066333
Epoch 177 time: 91.44567251205444 seconds
Epoch 177 accuracy: 95.7%
Batch 50, Loss: 0.0055
Batch 100, Loss: 0.0051
Batch 150, Loss: 0.0052
Epoch 178 learning rate: 0.002955961552288729
Epoch 178 time: 91.48285484313965 seconds
Epoch 178 accuracy: 95.83%
Batch 50, Loss: 0.0052
Batch 100, Loss: 0.0059
Batch 150, Loss: 0.0045
Epoch 179 learning rate: 0.0026957320586227366
Epoch 179 time: 91.39878511428833 seconds
Epoch 179 accuracy: 95.79%
Batch 50, Loss: 0.0056
Batch 100, Loss: 0.0049
Batch 150, Loss: 0.0049
Epoch 180 learning rate: 0.002447174185242325
Epoch 180 time: 91.32446527481079 seconds
Epoch 180 accuracy: 95.71%
Batch 50, Loss: 0.0046
Batch 100, Loss: 0.0052
Batch 150, Loss: 0.0046
Epoch 181 learning rate: 0.0022103492600834954
Epoch 181 time: 91.40992069244385 seconds
Epoch 181 accuracy: 95.92%
Batch 50, Loss: 0.0053
Batch 100, Loss: 0.0047
Batch 150, Loss: 0.0051
Epoch 182 learning rate: 0.0019853157161528537
Epoch 182 time: 91.5411684513092 seconds
Epoch 182 accuracy: 95.81%
Batch 50, Loss: 0.0049
Batch 100, Loss: 0.0049
Batch 150, Loss: 0.0050
Epoch 183 learning rate: 0.001772129077110103
Epoch 183 time: 91.32417368888855 seconds
Epoch 183 accuracy: 95.84%
Batch 50, Loss: 0.0050
Batch 100, Loss: 0.0045
Batch 150, Loss: 0.0055
Epoch 184 learning rate: 0.0015708419435684529
Epoch 184 time: 91.32046914100647 seconds
Epoch 184 accuracy: 95.89%
Batch 50, Loss: 0.0049
Batch 100, Loss: 0.0052
Batch 150, Loss: 0.0046
Epoch 185 learning rate: 0.0013815039801161732
Epoch 185 time: 91.59276080131531 seconds
Epoch 185 accuracy: 95.71%
Batch 50, Loss: 0.0046
Batch 100, Loss: 0.0048
Batch 150, Loss: 0.0049
Epoch 186 learning rate: 0.0012041619030626347
Epoch 186 time: 91.52494978904724 seconds
Epoch 186 accuracy: 95.72%
Batch 50, Loss: 0.0044
Batch 100, Loss: 0.0054
Batch 150, Loss: 0.0040
Epoch 187 learning rate: 0.0010388594689117077
Epoch 187 time: 91.41870927810669 seconds
Epoch 187 accuracy: 95.82%
Batch 50, Loss: 0.0044
Batch 100, Loss: 0.0045
Batch 150, Loss: 0.0051
Epoch 188 learning rate: 0.0008856374635655645
Epoch 188 time: 91.22204923629761 seconds
Epoch 188 accuracy: 95.81%
Batch 50, Loss: 0.0060
Batch 100, Loss: 0.0042
Batch 150, Loss: 0.0041
Epoch 189 learning rate: 0.000744533692261307
Epoch 189 time: 91.62032198905945 seconds
Epoch 189 accuracy: 95.83%
Batch 50, Loss: 0.0047
Batch 100, Loss: 0.0046
Batch 150, Loss: 0.0047
Epoch 190 learning rate: 0.0006155829702431174
Epoch 190 time: 91.51495718955994 seconds
Epoch 190 accuracy: 95.82%
Batch 50, Loss: 0.0042
Batch 100, Loss: 0.0054
Batch 150, Loss: 0.0051
Epoch 191 learning rate: 0.0004988171141721235
Epoch 191 time: 91.34284615516663 seconds
Epoch 191 accuracy: 95.86%
Batch 50, Loss: 0.0040
Batch 100, Loss: 0.0044
Batch 150, Loss: 0.0052
Epoch 192 learning rate: 0.00039426493427611206
Epoch 192 time: 91.43045496940613 seconds
Epoch 192 accuracy: 95.93%
Batch 50, Loss: 0.0043
Batch 100, Loss: 0.0056
Batch 150, Loss: 0.0046
Epoch 193 learning rate: 0.00030195222724102046
Epoch 193 time: 91.5386004447937 seconds
Epoch 193 accuracy: 95.9%
Batch 50, Loss: 0.0047
Batch 100, Loss: 0.0043
Batch 150, Loss: 0.0050
Epoch 194 learning rate: 0.00022190176984600036
Epoch 194 time: 91.40329551696777 seconds
Epoch 194 accuracy: 95.92%
Batch 50, Loss: 0.0040
Batch 100, Loss: 0.0046
Batch 150, Loss: 0.0048
Epoch 195 learning rate: 0.00015413331334360192
Epoch 195 time: 91.2726194858551 seconds
Epoch 195 accuracy: 95.96%
Batch 50, Loss: 0.0045
Batch 100, Loss: 0.0047
Batch 150, Loss: 0.0043
Epoch 196 learning rate: 9.866357858642213e-05
Epoch 196 time: 91.35871767997742 seconds
Epoch 196 accuracy: 95.9%
Batch 50, Loss: 0.0045
Batch 100, Loss: 0.0046
Batch 150, Loss: 0.0043
Epoch 197 learning rate: 5.5506251901504864e-05
Epoch 197 time: 91.26037549972534 seconds
Epoch 197 accuracy: 95.9%
Batch 50, Loss: 0.0048
Batch 100, Loss: 0.0042
Batch 150, Loss: 0.0046
Epoch 198 learning rate: 2.4671981713420017e-05
Epoch 198 time: 91.22710275650024 seconds
Epoch 198 accuracy: 95.85%
Batch 50, Loss: 0.0048
Batch 100, Loss: 0.0047
Batch 150, Loss: 0.0048
Epoch 199 learning rate: 6.168375916970619e-06
Epoch 199 time: 91.23891639709473 seconds
Epoch 199 accuracy: 95.85%
Batch 50, Loss: 0.0047
Batch 100, Loss: 0.0053
Batch 150, Loss: 0.0044
Epoch 200 learning rate: 0.0
Epoch 200 time: 91.16998839378357 seconds
Epoch 200 accuracy: 95.83%
Total training time: 18280.932993650436 seconds
