The following modules were not unloaded:
  (Use "module --force purge" to unload all):

  1) CCconfig        6)  ucx/1.14.1         11) flexiblas/3.3.1
  2) gentoo/2023     7)  libfabric/1.18.0   12) imkl/2023.2.0
  3) gcccore/.12.3   8)  pmix/4.2.4         13) StdEnv/2023
  4) gcc/12.3        9)  ucc/1.2.0
  5) hwloc/2.9.1     10) openmpi/4.1.5
/project/6070520/tkleinkn/Vanilla-GAM/main_cifar.py:165: UserWarning: You have chosen a specific GPU. This will completely disable data parallelism.
  warnings.warn('You have chosen a specific GPU. This will completely '
model name space ['resnet101_c', 'resnet152_c', 'resnet18_c', 'resnet34_c', 'resnet50_c']
Use GPU: 0 for training
=> creating model 'resnet18_c'
Files already downloaded and verified
Files already downloaded and verified
tensorboard dir ./results/CIFAR10/GAM
Batch 100, Loss: 2.1165
Epoch 1 learning rate: 0.09999383162408304
Epoch 1 time: 100.13613939285278 seconds
Epoch 1 accuracy: 11.57%
Batch 100, Loss: 1.7588
Epoch 2 learning rate: 0.09997532801828658
Epoch 2 time: 91.5830283164978 seconds
Epoch 2 accuracy: 16.24%
Batch 100, Loss: 1.7568
Epoch 3 learning rate: 0.09994449374809851
Epoch 3 time: 91.50333046913147 seconds
Epoch 3 accuracy: 14.07%
Batch 100, Loss: 1.7548
Epoch 4 learning rate: 0.09990133642141359
Epoch 4 time: 91.42581582069397 seconds
Epoch 4 accuracy: 15.62%
Batch 100, Loss: 1.7517
Epoch 5 learning rate: 0.09984586668665642
Epoch 5 time: 91.68698215484619 seconds
Epoch 5 accuracy: 16.17%
Batch 100, Loss: 1.7467
Epoch 6 learning rate: 0.09977809823015402
Epoch 6 time: 91.53810477256775 seconds
Epoch 6 accuracy: 21.02%
Batch 100, Loss: 1.7158
Epoch 7 learning rate: 0.09969804777275901
Epoch 7 time: 91.40356278419495 seconds
Epoch 7 accuracy: 24.51%
Batch 100, Loss: 1.6758
Epoch 8 learning rate: 0.09960573506572391
Epoch 8 time: 91.41025614738464 seconds
Epoch 8 accuracy: 26.38%
Batch 100, Loss: 1.6449
Epoch 9 learning rate: 0.09950118288582789
Epoch 9 time: 91.58672785758972 seconds
Epoch 9 accuracy: 33.19%
Batch 100, Loss: 1.6003
Epoch 10 learning rate: 0.09938441702975691
Epoch 10 time: 91.43963027000427 seconds
Epoch 10 accuracy: 31.07%
Batch 100, Loss: 1.5696
Epoch 11 learning rate: 0.09925546630773871
Epoch 11 time: 91.56941246986389 seconds
Epoch 11 accuracy: 37.16%
Batch 100, Loss: 1.5221
Epoch 12 learning rate: 0.09911436253643445
Epoch 12 time: 91.56637048721313 seconds
Epoch 12 accuracy: 41.67%
Batch 100, Loss: 1.4536
Epoch 13 learning rate: 0.0989611405310883
Epoch 13 time: 91.67506432533264 seconds
Epoch 13 accuracy: 42.83%
Batch 100, Loss: 1.3840
Epoch 14 learning rate: 0.09879583809693739
Epoch 14 time: 91.46826887130737 seconds
Epoch 14 accuracy: 50.06%
Batch 100, Loss: 1.3103
Epoch 15 learning rate: 0.09861849601988384
Epoch 15 time: 91.50940537452698 seconds
Epoch 15 accuracy: 57.31%
Batch 100, Loss: 1.2220
Epoch 16 learning rate: 0.09842915805643157
Epoch 16 time: 91.56145882606506 seconds
Epoch 16 accuracy: 60.16%
Batch 100, Loss: 1.1558
Epoch 17 learning rate: 0.09822787092288993
Epoch 17 time: 91.62463593482971 seconds
Epoch 17 accuracy: 61.72%
Batch 100, Loss: 1.1140
Epoch 18 learning rate: 0.09801468428384717
Epoch 18 time: 91.43252229690552 seconds
Epoch 18 accuracy: 62.95%
Batch 100, Loss: 1.0644
Epoch 19 learning rate: 0.09778965073991652
Epoch 19 time: 91.47706747055054 seconds
Epoch 19 accuracy: 64.3%
Batch 100, Loss: 1.0413
Epoch 20 learning rate: 0.0975528258147577
Epoch 20 time: 91.47266221046448 seconds
Epoch 20 accuracy: 68.33%
Batch 100, Loss: 1.0075
Epoch 21 learning rate: 0.09730426794137728
Epoch 21 time: 91.32541751861572 seconds
Epoch 21 accuracy: 70.31%
Batch 100, Loss: 0.9925
Epoch 22 learning rate: 0.09704403844771128
Epoch 22 time: 91.39879369735718 seconds
Epoch 22 accuracy: 73.73%
Batch 100, Loss: 0.9576
Epoch 23 learning rate: 0.09677220154149338
Epoch 23 time: 91.64200568199158 seconds
Epoch 23 accuracy: 74.44%
Batch 100, Loss: 0.9447
Epoch 24 learning rate: 0.09648882429441258
Epoch 24 time: 91.57799196243286 seconds
Epoch 24 accuracy: 73.83%
Batch 100, Loss: 0.9367
Epoch 25 learning rate: 0.09619397662556435
Epoch 25 time: 91.27405667304993 seconds
Epoch 25 accuracy: 72.31%
Batch 100, Loss: 0.9132
Epoch 26 learning rate: 0.09588773128419906
Epoch 26 time: 91.35686683654785 seconds
Epoch 26 accuracy: 76.85%
Batch 100, Loss: 0.9013
Epoch 27 learning rate: 0.09557016383177226
Epoch 27 time: 91.42884349822998 seconds
Epoch 27 accuracy: 77.46%
Batch 100, Loss: 0.8896
Epoch 28 learning rate: 0.09524135262330098
Epoch 28 time: 91.48376512527466 seconds
Epoch 28 accuracy: 76.02%
Batch 100, Loss: 0.8786
Epoch 29 learning rate: 0.09490137878803079
Epoch 29 time: 91.62323498725891 seconds
Epoch 29 accuracy: 78.7%
Batch 100, Loss: 0.8725
Epoch 30 learning rate: 0.0945503262094184
Epoch 30 time: 91.44800114631653 seconds
Epoch 30 accuracy: 76.4%
Batch 100, Loss: 0.8585
Epoch 31 learning rate: 0.0941882815044347
Epoch 31 time: 91.3892912864685 seconds
Epoch 31 accuracy: 79.73%
Batch 100, Loss: 0.8450
Epoch 32 learning rate: 0.09381533400219319
Epoch 32 time: 91.57970714569092 seconds
Epoch 32 accuracy: 76.14%
Batch 100, Loss: 0.8452
Epoch 33 learning rate: 0.09343157572190958
Epoch 33 time: 91.45055150985718 seconds
Epoch 33 accuracy: 78.57%
Batch 100, Loss: 0.8309
Epoch 34 learning rate: 0.0930371013501972
Epoch 34 time: 91.33861303329468 seconds
Epoch 34 accuracy: 81.0%
Batch 100, Loss: 0.8282
Epoch 35 learning rate: 0.09263200821770463
Epoch 35 time: 91.3934953212738 seconds
Epoch 35 accuracy: 79.13%
Batch 100, Loss: 0.8291
Epoch 36 learning rate: 0.09221639627510078
Epoch 36 time: 91.22855281829834 seconds
Epoch 36 accuracy: 80.65%
Batch 100, Loss: 0.8234
Epoch 37 learning rate: 0.09179036806841355
Epoch 37 time: 91.35367941856384 seconds
Epoch 37 accuracy: 80.2%
Batch 100, Loss: 0.8153
Epoch 38 learning rate: 0.09135402871372812
Epoch 38 time: 91.33683753013611 seconds
Epoch 38 accuracy: 80.74%
Batch 100, Loss: 0.7968
Epoch 39 learning rate: 0.0909074858712512
Epoch 39 time: 91.30123257637024 seconds
Epoch 39 accuracy: 81.64%
Batch 100, Loss: 0.7947
Epoch 40 learning rate: 0.09045084971874741
Epoch 40 time: 91.38071656227112 seconds
Epoch 40 accuracy: 81.39%
Batch 100, Loss: 0.7916
Epoch 41 learning rate: 0.08998423292435458
Epoch 41 time: 91.32373666763306 seconds
Epoch 41 accuracy: 81.34%
Batch 100, Loss: 0.7829
Epoch 42 learning rate: 0.08950775061878455
Epoch 42 time: 91.29574680328369 seconds
Epoch 42 accuracy: 82.79%
Batch 100, Loss: 0.7833
Epoch 43 learning rate: 0.08902152036691653
Epoch 43 time: 91.46875429153442 seconds
Epoch 43 accuracy: 83.65%
Batch 100, Loss: 0.7779
Epoch 44 learning rate: 0.08852566213878951
Epoch 44 time: 91.63088488578796 seconds
Epoch 44 accuracy: 82.23%
Batch 100, Loss: 0.7758
Epoch 45 learning rate: 0.0880202982800016
Epoch 45 time: 91.49133849143982 seconds
Epoch 45 accuracy: 82.44%
Batch 100, Loss: 0.7652
Epoch 46 learning rate: 0.08750555348152303
Epoch 46 time: 91.38975977897644 seconds
Epoch 46 accuracy: 81.36%
Batch 100, Loss: 0.7609
Epoch 47 learning rate: 0.08698155474893052
Epoch 47 time: 91.33734631538391 seconds
Epoch 47 accuracy: 83.11%
Batch 100, Loss: 0.7578
Epoch 48 learning rate: 0.08644843137107061
Epoch 48 time: 91.49991822242737 seconds
Epoch 48 accuracy: 84.05%
Batch 100, Loss: 0.7485
Epoch 49 learning rate: 0.08590631488815947
Epoch 49 time: 91.39627122879028 seconds
Epoch 49 accuracy: 84.08%
Batch 100, Loss: 0.7515
Epoch 50 learning rate: 0.0853553390593274
Epoch 50 time: 91.47307515144348 seconds
Epoch 50 accuracy: 84.26%
Batch 100, Loss: 0.7538
Epoch 51 learning rate: 0.08479563982961574
Epoch 51 time: 91.65097236633301 seconds
Epoch 51 accuracy: 85.31%
Batch 100, Loss: 0.7453
Epoch 52 learning rate: 0.08422735529643446
Epoch 52 time: 91.52822995185852 seconds
Epoch 52 accuracy: 82.07%
Batch 100, Loss: 0.7295
Epoch 53 learning rate: 0.08365062567548869
Epoch 53 time: 91.34746980667114 seconds
Epoch 53 accuracy: 85.72%
Batch 100, Loss: 0.7292
Epoch 54 learning rate: 0.08306559326618261
Epoch 54 time: 91.33079695701599 seconds
Epoch 54 accuracy: 82.72%
Batch 100, Loss: 0.7350
Epoch 55 learning rate: 0.0824724024165092
Epoch 55 time: 91.572833776474 seconds
Epoch 55 accuracy: 84.91%
Batch 100, Loss: 0.7206
Epoch 56 learning rate: 0.0818711994874345
Epoch 56 time: 91.42021536827087 seconds
Epoch 56 accuracy: 83.84%
Batch 100, Loss: 0.7227
Epoch 57 learning rate: 0.08126213281678528
Epoch 57 time: 91.28215408325195 seconds
Epoch 57 accuracy: 85.09%
Batch 100, Loss: 0.7178
Epoch 58 learning rate: 0.08064535268264884
Epoch 58 time: 91.31449604034424 seconds
Epoch 58 accuracy: 85.89%
Batch 100, Loss: 0.7142
Epoch 59 learning rate: 0.08002101126629421
Epoch 59 time: 91.46204543113708 seconds
Epoch 59 accuracy: 84.93%
Batch 100, Loss: 0.7176
Epoch 60 learning rate: 0.07938926261462367
Epoch 60 time: 91.2644784450531 seconds
Epoch 60 accuracy: 84.84%
Batch 100, Loss: 0.7045
Epoch 61 learning rate: 0.07875026260216395
Epoch 61 time: 91.30693340301514 seconds
Epoch 61 accuracy: 86.41%
Batch 100, Loss: 0.7077
Epoch 62 learning rate: 0.07810416889260656
Epoch 62 time: 91.50530552864075 seconds
Epoch 62 accuracy: 85.47%
Batch 100, Loss: 0.6979
Epoch 63 learning rate: 0.07745114089990661
Epoch 63 time: 91.57924294471741 seconds
Epoch 63 accuracy: 85.84%
Batch 100, Loss: 0.7055
Epoch 64 learning rate: 0.07679133974894985
Epoch 64 time: 91.48421382904053 seconds
Epoch 64 accuracy: 86.74%
Batch 100, Loss: 0.7055
Epoch 65 learning rate: 0.07612492823579746
Epoch 65 time: 91.47467994689941 seconds
Epoch 65 accuracy: 86.77%
Batch 100, Loss: 0.6988
Epoch 66 learning rate: 0.07545207078751859
Epoch 66 time: 91.68268132209778 seconds
Epoch 66 accuracy: 86.42%
Batch 100, Loss: 0.6969
Epoch 67 learning rate: 0.0747729334216204
Epoch 67 time: 91.49438452720642 seconds
Epoch 67 accuracy: 85.65%
Batch 100, Loss: 0.6906
Epoch 68 learning rate: 0.07408768370508578
Epoch 68 time: 91.47324085235596 seconds
Epoch 68 accuracy: 86.77%
Batch 100, Loss: 0.6987
Epoch 69 learning rate: 0.0733964907130287
Epoch 69 time: 91.34008765220642 seconds
Epoch 69 accuracy: 84.85%
Batch 100, Loss: 0.6855
Epoch 70 learning rate: 0.07269952498697736
Epoch 70 time: 91.4176573753357 seconds
Epoch 70 accuracy: 86.45%
Batch 100, Loss: 0.6773
Epoch 71 learning rate: 0.07199695849279578
Epoch 71 time: 91.33239030838013 seconds
Epoch 71 accuracy: 86.61%
Batch 100, Loss: 0.6799
Epoch 72 learning rate: 0.07128896457825366
Epoch 72 time: 91.49626016616821 seconds
Epoch 72 accuracy: 86.96%
Batch 100, Loss: 0.6789
Epoch 73 learning rate: 0.07057571793025548
Epoch 73 time: 91.67137455940247 seconds
Epoch 73 accuracy: 86.86%
Batch 100, Loss: 0.6732
Epoch 74 learning rate: 0.06985739453173906
Epoch 74 time: 91.66797685623169 seconds
Epoch 74 accuracy: 87.48%
Batch 100, Loss: 0.6658
Epoch 75 learning rate: 0.06913417161825453
Epoch 75 time: 91.48447561264038 seconds
Epoch 75 accuracy: 85.99%
Batch 100, Loss: 0.6693
Epoch 76 learning rate: 0.06840622763423394
Epoch 76 time: 91.63161635398865 seconds
Epoch 76 accuracy: 87.34%
Batch 100, Loss: 0.6613
Epoch 77 learning rate: 0.0676737421889629
Epoch 77 time: 91.57074785232544 seconds
Epoch 77 accuracy: 86.66%
Batch 100, Loss: 0.6605
Epoch 78 learning rate: 0.06693689601226462
Epoch 78 time: 91.42648983001709 seconds
Epoch 78 accuracy: 87.44%
Batch 100, Loss: 0.6558
Epoch 79 learning rate: 0.06619587090990751
Epoch 79 time: 91.70396256446838 seconds
Epoch 79 accuracy: 87.44%
Batch 100, Loss: 0.6547
Epoch 80 learning rate: 0.06545084971874741
Epoch 80 time: 91.32599258422852 seconds
Epoch 80 accuracy: 86.98%
Batch 100, Loss: 0.6535
Epoch 81 learning rate: 0.06470201626161524
Epoch 81 time: 91.44961905479431 seconds
Epoch 81 accuracy: 86.79%
Batch 100, Loss: 0.6432
Epoch 82 learning rate: 0.06394955530196152
Epoch 82 time: 91.34511041641235 seconds
Epoch 82 accuracy: 88.07%
Batch 100, Loss: 0.6511
Epoch 83 learning rate: 0.06319365249826868
Epoch 83 time: 91.47449731826782 seconds
Epoch 83 accuracy: 88.03%
Batch 100, Loss: 0.6458
Epoch 84 learning rate: 0.06243449435824277
Epoch 84 time: 91.55056071281433 seconds
Epoch 84 accuracy: 87.51%
Batch 100, Loss: 0.6429
Epoch 85 learning rate: 0.06167226819279532
Epoch 85 time: 91.6485242843628 seconds
Epoch 85 accuracy: 88.92%
Batch 100, Loss: 0.6392
Epoch 86 learning rate: 0.06090716206982718
Epoch 86 time: 91.70656824111938 seconds
Epoch 86 accuracy: 88.81%
Batch 100, Loss: 0.6320
Epoch 87 learning rate: 0.06013936476782568
Epoch 87 time: 91.74632430076599 seconds
Epoch 87 accuracy: 88.52%
Batch 100, Loss: 0.6406
Epoch 88 learning rate: 0.05936906572928629
Epoch 88 time: 91.41736316680908 seconds
Epoch 88 accuracy: 88.24%
Batch 100, Loss: 0.6331
Epoch 89 learning rate: 0.05859645501397052
Epoch 89 time: 91.78561902046204 seconds
Epoch 89 accuracy: 88.26%
Batch 100, Loss: 0.6318
Epoch 90 learning rate: 0.05782172325201159
Epoch 90 time: 91.64462733268738 seconds
Epoch 90 accuracy: 89.26%
Batch 100, Loss: 0.6255
Epoch 91 learning rate: 0.057045061596879186
Epoch 91 time: 91.62873578071594 seconds
Epoch 91 accuracy: 88.89%
Batch 100, Loss: 0.6285
Epoch 92 learning rate: 0.056266661678215264
Epoch 92 time: 91.59333300590515 seconds
Epoch 92 accuracy: 89.42%
Batch 100, Loss: 0.6270
Epoch 93 learning rate: 0.055486715554552306
Epoch 93 time: 91.29754257202148 seconds
Epoch 93 accuracy: 89.27%
Batch 100, Loss: 0.6186
Epoch 94 learning rate: 0.05470541566592575
Epoch 94 time: 91.4404788017273 seconds
Epoch 94 accuracy: 88.94%
Batch 100, Loss: 0.6225
Epoch 95 learning rate: 0.05392295478639229
Epoch 95 time: 91.62466740608215 seconds
Epoch 95 accuracy: 88.95%
Batch 100, Loss: 0.6105
Epoch 96 learning rate: 0.05313952597646571
Epoch 96 time: 91.5615303516388 seconds
Epoch 96 accuracy: 88.89%
Batch 100, Loss: 0.6135
Epoch 97 learning rate: 0.05235532253548216
Epoch 97 time: 91.56279754638672 seconds
Epoch 97 accuracy: 89.22%
Batch 100, Loss: 0.6036
Epoch 98 learning rate: 0.051570537953906447
Epoch 98 time: 91.38264560699463 seconds
Epoch 98 accuracy: 89.77%
Batch 100, Loss: 0.5973
Epoch 99 learning rate: 0.05078536586559106
Epoch 99 time: 91.30183959007263 seconds
Epoch 99 accuracy: 90.03%
Batch 100, Loss: 0.6085
Epoch 100 learning rate: 0.050000000000000024
Epoch 100 time: 91.59012460708618 seconds
Epoch 100 accuracy: 89.87%
Batch 100, Loss: 0.6089
Epoch 101 learning rate: 0.049214634134409
Epoch 101 time: 91.69333910942078 seconds
Epoch 101 accuracy: 90.18%
Batch 100, Loss: 0.5979
Epoch 102 learning rate: 0.04842946204609361
Epoch 102 time: 91.64618277549744 seconds
Epoch 102 accuracy: 89.35%
Batch 100, Loss: 0.5907
Epoch 103 learning rate: 0.04764467746451789
Epoch 103 time: 91.6600661277771 seconds
Epoch 103 accuracy: 89.78%
Batch 100, Loss: 0.5924
Epoch 104 learning rate: 0.046860474023534354
Epoch 104 time: 91.78405237197876 seconds
Epoch 104 accuracy: 89.5%
Batch 100, Loss: 0.5917
Epoch 105 learning rate: 0.04607704521360778
Epoch 105 time: 91.56076312065125 seconds
Epoch 105 accuracy: 89.96%
Batch 100, Loss: 0.5852
Epoch 106 learning rate: 0.04529458433407431
Epoch 106 time: 91.74574375152588 seconds
Epoch 106 accuracy: 89.56%
Batch 100, Loss: 0.5845
Epoch 107 learning rate: 0.04451328444544776
Epoch 107 time: 91.56619906425476 seconds
Epoch 107 accuracy: 89.69%
Batch 100, Loss: 0.5806
Epoch 108 learning rate: 0.04373333832178482
Epoch 108 time: 91.48358225822449 seconds
Epoch 108 accuracy: 90.29%
Batch 100, Loss: 0.5759
Epoch 109 learning rate: 0.0429549384031209
Epoch 109 time: 91.54320168495178 seconds
Epoch 109 accuracy: 89.85%
Batch 100, Loss: 0.5859
Epoch 110 learning rate: 0.042178276747988484
Epoch 110 time: 91.72341299057007 seconds
Epoch 110 accuracy: 89.76%
Batch 100, Loss: 0.5759
Epoch 111 learning rate: 0.04140354498602954
Epoch 111 time: 91.66973567008972 seconds
Epoch 111 accuracy: 90.48%
Batch 100, Loss: 0.5800
Epoch 112 learning rate: 0.0406309342707138
Epoch 112 time: 91.52126884460449 seconds
Epoch 112 accuracy: 90.83%
Batch 100, Loss: 0.5647
Epoch 113 learning rate: 0.03986063523217441
Epoch 113 time: 91.75462436676025 seconds
Epoch 113 accuracy: 90.74%
Batch 100, Loss: 0.5697
Epoch 114 learning rate: 0.039092837930172916
Epoch 114 time: 91.68555974960327 seconds
Epoch 114 accuracy: 91.24%
Batch 100, Loss: 0.5616
Epoch 115 learning rate: 0.03832773180720475
Epoch 115 time: 91.29440808296204 seconds
Epoch 115 accuracy: 90.92%
Batch 100, Loss: 0.5671
Epoch 116 learning rate: 0.037565505641757285
Epoch 116 time: 91.45351672172546 seconds
Epoch 116 accuracy: 90.93%
Batch 100, Loss: 0.5627
Epoch 117 learning rate: 0.03680634750173138
Epoch 117 time: 91.5449161529541 seconds
Epoch 117 accuracy: 91.04%
Batch 100, Loss: 0.5556
Epoch 118 learning rate: 0.036050444698038565
Epoch 118 time: 91.5835063457489 seconds
Epoch 118 accuracy: 90.71%
Batch 100, Loss: 0.5540
Epoch 119 learning rate: 0.03529798373838483
Epoch 119 time: 91.48667359352112 seconds
Epoch 119 accuracy: 91.31%
Batch 100, Loss: 0.5554
Epoch 120 learning rate: 0.03454915028125267
Epoch 120 time: 91.43070363998413 seconds
Epoch 120 accuracy: 90.3%
Batch 100, Loss: 0.5511
Epoch 121 learning rate: 0.03380412909009255
Epoch 121 time: 91.4638843536377 seconds
Epoch 121 accuracy: 91.51%
Batch 100, Loss: 0.5452
Epoch 122 learning rate: 0.03306310398773545
Epoch 122 time: 91.40341234207153 seconds
Epoch 122 accuracy: 91.18%
Batch 100, Loss: 0.5425
Epoch 123 learning rate: 0.03232625781103717
Epoch 123 time: 91.64343857765198 seconds
Epoch 123 accuracy: 91.93%
Batch 100, Loss: 0.5412
Epoch 124 learning rate: 0.03159377236576613
Epoch 124 time: 91.52206492424011 seconds
Epoch 124 accuracy: 91.45%
Batch 100, Loss: 0.5346
Epoch 125 learning rate: 0.030865828381745543
Epoch 125 time: 91.5804181098938 seconds
Epoch 125 accuracy: 92.05%
Batch 100, Loss: 0.5324
Epoch 126 learning rate: 0.03014260546826098
Epoch 126 time: 91.6731448173523 seconds
Epoch 126 accuracy: 92.28%
Batch 100, Loss: 0.5311
Epoch 127 learning rate: 0.02942428206974458
Epoch 127 time: 91.64508438110352 seconds
Epoch 127 accuracy: 91.7%
Batch 100, Loss: 0.5362
Epoch 128 learning rate: 0.028711035421746387
Epoch 128 time: 91.55147957801819 seconds
Epoch 128 accuracy: 92.55%
Batch 100, Loss: 0.5280
Epoch 129 learning rate: 0.02800304150720426
Epoch 129 time: 91.53114342689514 seconds
Epoch 129 accuracy: 91.94%
Batch 100, Loss: 0.5238
Epoch 130 learning rate: 0.02730047501302268
Epoch 130 time: 91.33162832260132 seconds
Epoch 130 accuracy: 92.22%
Batch 100, Loss: 0.5257
Epoch 131 learning rate: 0.026603509286971357
Epoch 131 time: 91.56634569168091 seconds
Epoch 131 accuracy: 92.59%
Batch 100, Loss: 0.5174
Epoch 132 learning rate: 0.025912316294914244
Epoch 132 time: 91.44812726974487 seconds
Epoch 132 accuracy: 92.15%
Batch 100, Loss: 0.5225
Epoch 133 learning rate: 0.025227066578379632
Epoch 133 time: 91.32540345191956 seconds
Epoch 133 accuracy: 92.26%
Batch 100, Loss: 0.5102
Epoch 134 learning rate: 0.024547929212481445
Epoch 134 time: 91.5992386341095 seconds
Epoch 134 accuracy: 92.57%
Batch 100, Loss: 0.5110
Epoch 135 learning rate: 0.02387507176420257
Epoch 135 time: 91.40766906738281 seconds
Epoch 135 accuracy: 92.7%
Batch 100, Loss: 0.5090
Epoch 136 learning rate: 0.023208660251050166
Epoch 136 time: 91.59574937820435 seconds
Epoch 136 accuracy: 92.52%
Batch 100, Loss: 0.5066
Epoch 137 learning rate: 0.022548859100093414
Epoch 137 time: 91.67026495933533 seconds
Epoch 137 accuracy: 92.79%
Batch 100, Loss: 0.5058
Epoch 138 learning rate: 0.021895831107393474
Epoch 138 time: 91.47340321540833 seconds
Epoch 138 accuracy: 92.66%
Batch 100, Loss: 0.5030
Epoch 139 learning rate: 0.02124973739783608
Epoch 139 time: 91.48707795143127 seconds
Epoch 139 accuracy: 92.67%
Batch 100, Loss: 0.4964
Epoch 140 learning rate: 0.02061073738537636
Epoch 140 time: 91.63046264648438 seconds
Epoch 140 accuracy: 92.73%
Batch 100, Loss: 0.5007
Epoch 141 learning rate: 0.019978988733705814
Epoch 141 time: 91.49532747268677 seconds
Epoch 141 accuracy: 92.97%
Batch 100, Loss: 0.4905
Epoch 142 learning rate: 0.01935464731735118
Epoch 142 time: 91.3108479976654 seconds
Epoch 142 accuracy: 92.97%
Batch 100, Loss: 0.4905
Epoch 143 learning rate: 0.018737867183214747
Epoch 143 time: 91.33571410179138 seconds
Epoch 143 accuracy: 93.31%
Batch 100, Loss: 0.4845
Epoch 144 learning rate: 0.01812880051256552
Epoch 144 time: 91.58278775215149 seconds
Epoch 144 accuracy: 93.11%
Batch 100, Loss: 0.4813
Epoch 145 learning rate: 0.017527597583490827
Epoch 145 time: 91.49957489967346 seconds
Epoch 145 accuracy: 92.92%
Batch 100, Loss: 0.4888
Epoch 146 learning rate: 0.01693440673381742
Epoch 146 time: 91.57351088523865 seconds
Epoch 146 accuracy: 93.4%
Batch 100, Loss: 0.4810
Epoch 147 learning rate: 0.016349374324511334
Epoch 147 time: 91.30800700187683 seconds
Epoch 147 accuracy: 93.28%
Batch 100, Loss: 0.4796
Epoch 148 learning rate: 0.01577264470356557
Epoch 148 time: 91.41095280647278 seconds
Epoch 148 accuracy: 93.11%
Batch 100, Loss: 0.4697
Epoch 149 learning rate: 0.01520436017038429
Epoch 149 time: 91.37258577346802 seconds
Epoch 149 accuracy: 93.54%
Batch 100, Loss: 0.4692
Epoch 150 learning rate: 0.014644660940672632
Epoch 150 time: 91.61872553825378 seconds
Epoch 150 accuracy: 93.3%
Batch 100, Loss: 0.4705
Epoch 151 learning rate: 0.01409368511184057
Epoch 151 time: 91.67524600028992 seconds
Epoch 151 accuracy: 93.12%
Batch 100, Loss: 0.4651
Epoch 152 learning rate: 0.013551568628929438
Epoch 152 time: 91.37355947494507 seconds
Epoch 152 accuracy: 93.55%
Batch 100, Loss: 0.4656
Epoch 153 learning rate: 0.013018445251069516
Epoch 153 time: 91.51305437088013 seconds
Epoch 153 accuracy: 93.45%
Batch 100, Loss: 0.4638
Epoch 154 learning rate: 0.012494446518477026
Epoch 154 time: 91.4599621295929 seconds
Epoch 154 accuracy: 93.9%
Batch 100, Loss: 0.4596
Epoch 155 learning rate: 0.011979701719998459
Epoch 155 time: 91.52574896812439 seconds
Epoch 155 accuracy: 93.77%
Batch 100, Loss: 0.4545
Epoch 156 learning rate: 0.011474337861210548
Epoch 156 time: 91.4283721446991 seconds
Epoch 156 accuracy: 94.14%
Batch 100, Loss: 0.4560
Epoch 157 learning rate: 0.010978479633083526
Epoch 157 time: 91.43740010261536 seconds
Epoch 157 accuracy: 93.89%
Batch 100, Loss: 0.4542
Epoch 158 learning rate: 0.010492249381215483
Epoch 158 time: 91.47742104530334 seconds
Epoch 158 accuracy: 93.93%
Batch 100, Loss: 0.4484
Epoch 159 learning rate: 0.010015767075645474
Epoch 159 time: 91.70275712013245 seconds
Epoch 159 accuracy: 93.86%
Batch 100, Loss: 0.4507
Epoch 160 learning rate: 0.009549150281252637
Epoch 160 time: 91.57118844985962 seconds
Epoch 160 accuracy: 94.13%
Batch 100, Loss: 0.4442
Epoch 161 learning rate: 0.00909251412874884
Epoch 161 time: 91.68303847312927 seconds
Epoch 161 accuracy: 93.75%
Batch 100, Loss: 0.4510
Epoch 162 learning rate: 0.008645971286271918
Epoch 162 time: 91.58552742004395 seconds
Epoch 162 accuracy: 93.86%
Batch 100, Loss: 0.4438
Epoch 163 learning rate: 0.008209631931586501
Epoch 163 time: 91.50692820549011 seconds
Epoch 163 accuracy: 94.01%
Batch 100, Loss: 0.4358
Epoch 164 learning rate: 0.0077836037248992605
Epoch 164 time: 91.66834783554077 seconds
Epoch 164 accuracy: 94.15%
Batch 100, Loss: 0.4357
Epoch 165 learning rate: 0.0073679917822954055
Epoch 165 time: 91.75318598747253 seconds
Epoch 165 accuracy: 94.29%
Batch 100, Loss: 0.4342
Epoch 166 learning rate: 0.006962898649802815
Epoch 166 time: 91.64698505401611 seconds
Epoch 166 accuracy: 94.36%
Batch 100, Loss: 0.4290
Epoch 167 learning rate: 0.006568424278090438
Epoch 167 time: 91.86006116867065 seconds
Epoch 167 accuracy: 94.64%
Batch 100, Loss: 0.4238
Epoch 168 learning rate: 0.006184665997806824
Epoch 168 time: 91.71718788146973 seconds
Epoch 168 accuracy: 94.48%
Batch 100, Loss: 0.4265
Epoch 169 learning rate: 0.00581171849556533
Epoch 169 time: 91.27284908294678 seconds
Epoch 169 accuracy: 94.18%
Batch 100, Loss: 0.4313
Epoch 170 learning rate: 0.0054496737905816136
Epoch 170 time: 91.70122742652893 seconds
Epoch 170 accuracy: 94.38%
Batch 100, Loss: 0.4246
Epoch 171 learning rate: 0.005098621211969226
Epoch 171 time: 91.57470726966858 seconds
Epoch 171 accuracy: 94.48%
Batch 100, Loss: 0.4246
Epoch 172 learning rate: 0.004758647376699035
Epoch 172 time: 91.54136490821838 seconds
Epoch 172 accuracy: 94.3%
Batch 100, Loss: 0.4226
Epoch 173 learning rate: 0.00442983616822775
Epoch 173 time: 91.57118248939514 seconds
Epoch 173 accuracy: 94.43%
Batch 100, Loss: 0.4201
Epoch 174 learning rate: 0.004112268715800957
Epoch 174 time: 91.57760381698608 seconds
Epoch 174 accuracy: 94.6%
Batch 100, Loss: 0.4166
Epoch 175 learning rate: 0.003806023374435677
Epoch 175 time: 91.60108947753906 seconds
Epoch 175 accuracy: 94.71%
Batch 100, Loss: 0.4139
Epoch 176 learning rate: 0.003511175705587435
Epoch 176 time: 91.41211032867432 seconds
Epoch 176 accuracy: 94.63%
Batch 100, Loss: 0.4127
Epoch 177 learning rate: 0.0032277984585066333
Epoch 177 time: 91.48633289337158 seconds
Epoch 177 accuracy: 94.48%
Batch 100, Loss: 0.4152
Epoch 178 learning rate: 0.002955961552288729
Epoch 178 time: 91.4343466758728 seconds
Epoch 178 accuracy: 94.77%
Batch 100, Loss: 0.4142
Epoch 179 learning rate: 0.0026957320586227366
Epoch 179 time: 91.50541067123413 seconds
Epoch 179 accuracy: 94.75%
Batch 100, Loss: 0.4106
Epoch 180 learning rate: 0.002447174185242325
Epoch 180 time: 91.59487628936768 seconds
Epoch 180 accuracy: 94.8%
Batch 100, Loss: 0.4061
Epoch 181 learning rate: 0.0022103492600834954
Epoch 181 time: 91.58232736587524 seconds
Epoch 181 accuracy: 94.81%
Batch 100, Loss: 0.4124
Epoch 182 learning rate: 0.0019853157161528537
Epoch 182 time: 91.3302206993103 seconds
Epoch 182 accuracy: 94.83%
Batch 100, Loss: 0.4036
Epoch 183 learning rate: 0.001772129077110103
Epoch 183 time: 91.37828230857849 seconds
Epoch 183 accuracy: 94.84%
Batch 100, Loss: 0.4052
Epoch 184 learning rate: 0.0015708419435684529
Epoch 184 time: 91.35374903678894 seconds
Epoch 184 accuracy: 94.84%
Batch 100, Loss: 0.4084
Epoch 185 learning rate: 0.0013815039801161732
Epoch 185 time: 91.44081258773804 seconds
Epoch 185 accuracy: 95.07%
Batch 100, Loss: 0.4030
Epoch 186 learning rate: 0.0012041619030626347
Epoch 186 time: 91.66581845283508 seconds
Epoch 186 accuracy: 94.95%
Batch 100, Loss: 0.4024
Epoch 187 learning rate: 0.0010388594689117077
Epoch 187 time: 91.77152466773987 seconds
Epoch 187 accuracy: 94.84%
Batch 100, Loss: 0.4063
Epoch 188 learning rate: 0.0008856374635655645
Epoch 188 time: 91.74761819839478 seconds
Epoch 188 accuracy: 94.88%
Batch 100, Loss: 0.3989
Epoch 189 learning rate: 0.000744533692261307
Epoch 189 time: 91.56259655952454 seconds
Epoch 189 accuracy: 94.97%
Batch 100, Loss: 0.4030
Epoch 190 learning rate: 0.0006155829702431174
Epoch 190 time: 91.64002847671509 seconds
Epoch 190 accuracy: 95.07%
Batch 100, Loss: 0.4052
Epoch 191 learning rate: 0.0004988171141721235
Epoch 191 time: 91.72329020500183 seconds
Epoch 191 accuracy: 94.95%
Batch 100, Loss: 0.4017
Epoch 192 learning rate: 0.00039426493427611206
Epoch 192 time: 91.6632194519043 seconds
Epoch 192 accuracy: 94.87%
Batch 100, Loss: 0.4086
Epoch 193 learning rate: 0.00030195222724102046
Epoch 193 time: 91.45391654968262 seconds
Epoch 193 accuracy: 94.85%
Batch 100, Loss: 0.4018
Epoch 194 learning rate: 0.00022190176984600036
Epoch 194 time: 91.6714117527008 seconds
Epoch 194 accuracy: 94.97%
Batch 100, Loss: 0.4036
Epoch 195 learning rate: 0.00015413331334360192
Epoch 195 time: 91.3479745388031 seconds
Epoch 195 accuracy: 94.99%
Batch 100, Loss: 0.4005
Epoch 196 learning rate: 9.866357858642213e-05
Epoch 196 time: 91.45767951011658 seconds
Epoch 196 accuracy: 94.98%
Batch 100, Loss: 0.3936
Epoch 197 learning rate: 5.5506251901504864e-05
Epoch 197 time: 91.4898521900177 seconds
Epoch 197 accuracy: 95.03%
Batch 100, Loss: 0.3981
Epoch 198 learning rate: 2.4671981713420017e-05
Epoch 198 time: 91.62828540802002 seconds
Epoch 198 accuracy: 94.99%
Batch 100, Loss: 0.4019
Epoch 199 learning rate: 6.168375916970619e-06
Epoch 199 time: 91.53738307952881 seconds
Epoch 199 accuracy: 95.05%
Batch 100, Loss: 0.4041
Epoch 200 learning rate: 0.0
Epoch 200 time: 91.59547519683838 seconds
Epoch 200 accuracy: 94.97%
Total training time: 18311.637471199036 seconds
