The following modules were not unloaded:
  (Use "module --force purge" to unload all):

  1) CCconfig        6)  ucx/1.14.1         11) flexiblas/3.3.1
  2) gentoo/2023     7)  libfabric/1.18.0   12) imkl/2023.2.0
  3) gcccore/.12.3   8)  pmix/4.2.4         13) StdEnv/2023
  4) gcc/12.3        9)  ucc/1.2.0
  5) hwloc/2.9.1     10) openmpi/4.1.5
/project/6070520/tkleinkn/Vanilla-GAM/main_cifar.py:165: UserWarning: You have chosen a specific GPU. This will completely disable data parallelism.
  warnings.warn('You have chosen a specific GPU. This will completely '
model name space ['resnet101_c', 'resnet152_c', 'resnet18_c', 'resnet34_c', 'resnet50_c']
Use GPU: 0 for training
=> creating model 'resnet18_c'
Files already downloaded and verified
Files already downloaded and verified
tensorboard dir ./results/CIFAR100/GAM
Batch 100, Loss: 3.7443
Epoch 1 learning rate: 0.09999383162408304
Epoch 1 time: 99.65592050552368 seconds
Epoch 1 accuracy: 8.77%
Batch 100, Loss: 3.3882
Epoch 2 learning rate: 0.09997532801828658
Epoch 2 time: 90.61700701713562 seconds
Epoch 2 accuracy: 13.96%
Batch 100, Loss: 3.2025
Epoch 3 learning rate: 0.09994449374809851
Epoch 3 time: 90.27889823913574 seconds
Epoch 3 accuracy: 19.64%
Batch 100, Loss: 2.9656
Epoch 4 learning rate: 0.09990133642141359
Epoch 4 time: 90.49878740310669 seconds
Epoch 4 accuracy: 23.81%
Batch 100, Loss: 2.7416
Epoch 5 learning rate: 0.09984586668665642
Epoch 5 time: 90.54621434211731 seconds
Epoch 5 accuracy: 23.86%
Batch 100, Loss: 2.5157
Epoch 6 learning rate: 0.09977809823015402
Epoch 6 time: 90.32398390769958 seconds
Epoch 6 accuracy: 37.76%
Batch 100, Loss: 2.3204
Epoch 7 learning rate: 0.09969804777275901
Epoch 7 time: 90.46591877937317 seconds
Epoch 7 accuracy: 38.93%
Batch 100, Loss: 2.1583
Epoch 8 learning rate: 0.09960573506572391
Epoch 8 time: 90.17086839675903 seconds
Epoch 8 accuracy: 46.82%
Batch 100, Loss: 1.9964
Epoch 9 learning rate: 0.09950118288582789
Epoch 9 time: 90.19062232971191 seconds
Epoch 9 accuracy: 48.13%
Batch 100, Loss: 1.8789
Epoch 10 learning rate: 0.09938441702975691
Epoch 10 time: 90.24441146850586 seconds
Epoch 10 accuracy: 49.87%
Batch 100, Loss: 1.7875
Epoch 11 learning rate: 0.09925546630773871
Epoch 11 time: 90.47407817840576 seconds
Epoch 11 accuracy: 52.69%
Batch 100, Loss: 1.7028
Epoch 12 learning rate: 0.09911436253643445
Epoch 12 time: 90.14722752571106 seconds
Epoch 12 accuracy: 54.71%
Batch 100, Loss: 1.6570
Epoch 13 learning rate: 0.0989611405310883
Epoch 13 time: 90.27903461456299 seconds
Epoch 13 accuracy: 55.54%
Batch 100, Loss: 1.6024
Epoch 14 learning rate: 0.09879583809693739
Epoch 14 time: 90.00091886520386 seconds
Epoch 14 accuracy: 56.84%
Batch 100, Loss: 1.5564
Epoch 15 learning rate: 0.09861849601988384
Epoch 15 time: 90.21720147132874 seconds
Epoch 15 accuracy: 58.97%
Batch 100, Loss: 1.4963
Epoch 16 learning rate: 0.09842915805643157
Epoch 16 time: 90.34941339492798 seconds
Epoch 16 accuracy: 59.34%
Batch 100, Loss: 1.4841
Epoch 17 learning rate: 0.09822787092288993
Epoch 17 time: 90.53480100631714 seconds
Epoch 17 accuracy: 59.16%
Batch 100, Loss: 1.4532
Epoch 18 learning rate: 0.09801468428384717
Epoch 18 time: 90.29584312438965 seconds
Epoch 18 accuracy: 60.74%
Batch 100, Loss: 1.4244
Epoch 19 learning rate: 0.09778965073991652
Epoch 19 time: 90.16590309143066 seconds
Epoch 19 accuracy: 59.94%
Batch 100, Loss: 1.3882
Epoch 20 learning rate: 0.0975528258147577
Epoch 20 time: 90.19852066040039 seconds
Epoch 20 accuracy: 59.48%
Batch 100, Loss: 1.3798
Epoch 21 learning rate: 0.09730426794137728
Epoch 21 time: 90.24835753440857 seconds
Epoch 21 accuracy: 60.39%
Batch 100, Loss: 1.3534
Epoch 22 learning rate: 0.09704403844771128
Epoch 22 time: 90.21059083938599 seconds
Epoch 22 accuracy: 59.92%
Batch 100, Loss: 1.3342
Epoch 23 learning rate: 0.09677220154149338
Epoch 23 time: 90.05897903442383 seconds
Epoch 23 accuracy: 63.02%
Batch 100, Loss: 1.3149
Epoch 24 learning rate: 0.09648882429441258
Epoch 24 time: 90.1294174194336 seconds
Epoch 24 accuracy: 62.07%
Batch 100, Loss: 1.2935
Epoch 25 learning rate: 0.09619397662556435
Epoch 25 time: 90.12270617485046 seconds
Epoch 25 accuracy: 63.3%
Batch 100, Loss: 1.2874
Epoch 26 learning rate: 0.09588773128419906
Epoch 26 time: 90.50822639465332 seconds
Epoch 26 accuracy: 64.15%
Batch 100, Loss: 1.2551
Epoch 27 learning rate: 0.09557016383177226
Epoch 27 time: 90.29662561416626 seconds
Epoch 27 accuracy: 64.16%
Batch 100, Loss: 1.2550
Epoch 28 learning rate: 0.09524135262330098
Epoch 28 time: 90.11289882659912 seconds
Epoch 28 accuracy: 64.48%
Batch 100, Loss: 1.2398
Epoch 29 learning rate: 0.09490137878803079
Epoch 29 time: 90.12337398529053 seconds
Epoch 29 accuracy: 62.2%
Batch 100, Loss: 1.2216
Epoch 30 learning rate: 0.0945503262094184
Epoch 30 time: 90.20428705215454 seconds
Epoch 30 accuracy: 65.25%
Batch 100, Loss: 1.2320
Epoch 31 learning rate: 0.0941882815044347
Epoch 31 time: 90.18789458274841 seconds
Epoch 31 accuracy: 65.16%
Batch 100, Loss: 1.2189
Epoch 32 learning rate: 0.09381533400219319
Epoch 32 time: 90.21727633476257 seconds
Epoch 32 accuracy: 66.82%
Batch 100, Loss: 1.1842
Epoch 33 learning rate: 0.09343157572190958
Epoch 33 time: 90.37299942970276 seconds
Epoch 33 accuracy: 66.19%
Batch 100, Loss: 1.1869
Epoch 34 learning rate: 0.0930371013501972
Epoch 34 time: 90.12940216064453 seconds
Epoch 34 accuracy: 65.06%
Batch 100, Loss: 1.1788
Epoch 35 learning rate: 0.09263200821770463
Epoch 35 time: 90.27977919578552 seconds
Epoch 35 accuracy: 65.24%
Batch 100, Loss: 1.1704
Epoch 36 learning rate: 0.09221639627510078
Epoch 36 time: 90.08379054069519 seconds
Epoch 36 accuracy: 67.2%
Batch 100, Loss: 1.1563
Epoch 37 learning rate: 0.09179036806841355
Epoch 37 time: 90.48672890663147 seconds
Epoch 37 accuracy: 65.98%
Batch 100, Loss: 1.1418
Epoch 38 learning rate: 0.09135402871372812
Epoch 38 time: 90.2156081199646 seconds
Epoch 38 accuracy: 64.59%
Batch 100, Loss: 1.1529
Epoch 39 learning rate: 0.0909074858712512
Epoch 39 time: 90.32987380027771 seconds
Epoch 39 accuracy: 67.07%
Batch 100, Loss: 1.1406
Epoch 40 learning rate: 0.09045084971874741
Epoch 40 time: 90.26277828216553 seconds
Epoch 40 accuracy: 67.29%
Batch 100, Loss: 1.1204
Epoch 41 learning rate: 0.08998423292435458
Epoch 41 time: 90.16314244270325 seconds
Epoch 41 accuracy: 67.21%
Batch 100, Loss: 1.1245
Epoch 42 learning rate: 0.08950775061878455
Epoch 42 time: 90.1133885383606 seconds
Epoch 42 accuracy: 67.43%
Batch 100, Loss: 1.1040
Epoch 43 learning rate: 0.08902152036691653
Epoch 43 time: 90.18187999725342 seconds
Epoch 43 accuracy: 67.1%
Batch 100, Loss: 1.0944
Epoch 44 learning rate: 0.08852566213878951
Epoch 44 time: 90.43087482452393 seconds
Epoch 44 accuracy: 67.64%
Batch 100, Loss: 1.0853
Epoch 45 learning rate: 0.0880202982800016
Epoch 45 time: 90.44920229911804 seconds
Epoch 45 accuracy: 66.58%
Batch 100, Loss: 1.0928
Epoch 46 learning rate: 0.08750555348152303
Epoch 46 time: 90.31856346130371 seconds
Epoch 46 accuracy: 65.91%
Batch 100, Loss: 1.0733
Epoch 47 learning rate: 0.08698155474893052
Epoch 47 time: 90.46436214447021 seconds
Epoch 47 accuracy: 67.26%
Batch 100, Loss: 1.0592
Epoch 48 learning rate: 0.08644843137107061
Epoch 48 time: 90.75187134742737 seconds
Epoch 48 accuracy: 68.23%
Batch 100, Loss: 1.0480
Epoch 49 learning rate: 0.08590631488815947
Epoch 49 time: 90.4103581905365 seconds
Epoch 49 accuracy: 67.57%
Batch 100, Loss: 1.0505
Epoch 50 learning rate: 0.0853553390593274
Epoch 50 time: 90.3667995929718 seconds
Epoch 50 accuracy: 67.65%
Batch 100, Loss: 1.0618
Epoch 51 learning rate: 0.08479563982961574
Epoch 51 time: 90.38880610466003 seconds
Epoch 51 accuracy: 68.45%
Batch 100, Loss: 1.0395
Epoch 52 learning rate: 0.08422735529643446
Epoch 52 time: 90.302725315094 seconds
Epoch 52 accuracy: 67.75%
Batch 100, Loss: 1.0246
Epoch 53 learning rate: 0.08365062567548869
Epoch 53 time: 90.35953855514526 seconds
Epoch 53 accuracy: 68.03%
Batch 100, Loss: 1.0316
Epoch 54 learning rate: 0.08306559326618261
Epoch 54 time: 90.20405507087708 seconds
Epoch 54 accuracy: 69.16%
Batch 100, Loss: 1.0286
Epoch 55 learning rate: 0.0824724024165092
Epoch 55 time: 90.09094452857971 seconds
Epoch 55 accuracy: 68.07%
Batch 100, Loss: 1.0102
Epoch 56 learning rate: 0.0818711994874345
Epoch 56 time: 90.2492082118988 seconds
Epoch 56 accuracy: 68.7%
Batch 100, Loss: 1.0026
Epoch 57 learning rate: 0.08126213281678528
Epoch 57 time: 90.12315917015076 seconds
Epoch 57 accuracy: 69.3%
Batch 100, Loss: 1.0008
Epoch 58 learning rate: 0.08064535268264884
Epoch 58 time: 90.33228898048401 seconds
Epoch 58 accuracy: 67.43%
Batch 100, Loss: 1.0008
Epoch 59 learning rate: 0.08002101126629421
Epoch 59 time: 90.38060259819031 seconds
Epoch 59 accuracy: 68.27%
Batch 100, Loss: 0.9923
Epoch 60 learning rate: 0.07938926261462367
Epoch 60 time: 90.3133385181427 seconds
Epoch 60 accuracy: 68.33%
Batch 100, Loss: 0.9862
Epoch 61 learning rate: 0.07875026260216395
Epoch 61 time: 90.05173301696777 seconds
Epoch 61 accuracy: 69.53%
Batch 100, Loss: 0.9706
Epoch 62 learning rate: 0.07810416889260656
Epoch 62 time: 90.39990258216858 seconds
Epoch 62 accuracy: 68.83%
Batch 100, Loss: 0.9674
Epoch 63 learning rate: 0.07745114089990661
Epoch 63 time: 90.18812298774719 seconds
Epoch 63 accuracy: 69.05%
Batch 100, Loss: 0.9612
Epoch 64 learning rate: 0.07679133974894985
Epoch 64 time: 90.12902498245239 seconds
Epoch 64 accuracy: 69.08%
Batch 100, Loss: 0.9638
Epoch 65 learning rate: 0.07612492823579746
Epoch 65 time: 90.31088328361511 seconds
Epoch 65 accuracy: 67.8%
Batch 100, Loss: 0.9518
Epoch 66 learning rate: 0.07545207078751859
Epoch 66 time: 90.35012102127075 seconds
Epoch 66 accuracy: 69.74%
Batch 100, Loss: 0.9308
Epoch 67 learning rate: 0.0747729334216204
Epoch 67 time: 90.208740234375 seconds
Epoch 67 accuracy: 70.94%
Batch 100, Loss: 0.9340
Epoch 68 learning rate: 0.07408768370508578
Epoch 68 time: 90.4030373096466 seconds
Epoch 68 accuracy: 70.13%
Batch 100, Loss: 0.9276
Epoch 69 learning rate: 0.0733964907130287
Epoch 69 time: 90.33523988723755 seconds
Epoch 69 accuracy: 70.72%
Batch 100, Loss: 0.9268
Epoch 70 learning rate: 0.07269952498697736
Epoch 70 time: 90.1124267578125 seconds
Epoch 70 accuracy: 69.69%
Batch 100, Loss: 0.8984
Epoch 71 learning rate: 0.07199695849279578
Epoch 71 time: 90.24426174163818 seconds
Epoch 71 accuracy: 70.0%
Batch 100, Loss: 0.9087
Epoch 72 learning rate: 0.07128896457825366
Epoch 72 time: 90.30021119117737 seconds
Epoch 72 accuracy: 70.79%
Batch 100, Loss: 0.9048
Epoch 73 learning rate: 0.07057571793025548
Epoch 73 time: 90.14224576950073 seconds
Epoch 73 accuracy: 70.55%
Batch 100, Loss: 0.8989
Epoch 74 learning rate: 0.06985739453173906
Epoch 74 time: 90.23187947273254 seconds
Epoch 74 accuracy: 70.96%
Batch 100, Loss: 0.8883
Epoch 75 learning rate: 0.06913417161825453
Epoch 75 time: 90.2316346168518 seconds
Epoch 75 accuracy: 71.84%
Batch 100, Loss: 0.8854
Epoch 76 learning rate: 0.06840622763423394
Epoch 76 time: 90.20005750656128 seconds
Epoch 76 accuracy: 70.47%
Batch 100, Loss: 0.8747
Epoch 77 learning rate: 0.0676737421889629
Epoch 77 time: 90.33938813209534 seconds
Epoch 77 accuracy: 71.4%
Batch 100, Loss: 0.8644
Epoch 78 learning rate: 0.06693689601226462
Epoch 78 time: 90.18362832069397 seconds
Epoch 78 accuracy: 70.01%
Batch 100, Loss: 0.8564
Epoch 79 learning rate: 0.06619587090990751
Epoch 79 time: 90.30772852897644 seconds
Epoch 79 accuracy: 70.83%
Batch 100, Loss: 0.8499
Epoch 80 learning rate: 0.06545084971874741
Epoch 80 time: 90.26723861694336 seconds
Epoch 80 accuracy: 71.54%
Batch 100, Loss: 0.8469
Epoch 81 learning rate: 0.06470201626161524
Epoch 81 time: 90.23709964752197 seconds
Epoch 81 accuracy: 71.52%
Batch 100, Loss: 0.8373
Epoch 82 learning rate: 0.06394955530196152
Epoch 82 time: 90.30550694465637 seconds
Epoch 82 accuracy: 70.68%
Batch 100, Loss: 0.8371
Epoch 83 learning rate: 0.06319365249826868
Epoch 83 time: 90.47497129440308 seconds
Epoch 83 accuracy: 71.93%
Batch 100, Loss: 0.8225
Epoch 84 learning rate: 0.06243449435824277
Epoch 84 time: 90.14233469963074 seconds
Epoch 84 accuracy: 72.02%
Batch 100, Loss: 0.8134
Epoch 85 learning rate: 0.06167226819279532
Epoch 85 time: 90.14285326004028 seconds
Epoch 85 accuracy: 71.33%
Batch 100, Loss: 0.8135
Epoch 86 learning rate: 0.06090716206982718
Epoch 86 time: 90.26599955558777 seconds
Epoch 86 accuracy: 71.83%
Batch 100, Loss: 0.8082
Epoch 87 learning rate: 0.06013936476782568
Epoch 87 time: 90.34164690971375 seconds
Epoch 87 accuracy: 72.4%
Batch 100, Loss: 0.8005
Epoch 88 learning rate: 0.05936906572928629
Epoch 88 time: 90.20967078208923 seconds
Epoch 88 accuracy: 72.13%
Batch 100, Loss: 0.7852
Epoch 89 learning rate: 0.05859645501397052
Epoch 89 time: 90.10730695724487 seconds
Epoch 89 accuracy: 72.42%
Batch 100, Loss: 0.7811
Epoch 90 learning rate: 0.05782172325201159
Epoch 90 time: 90.14492201805115 seconds
Epoch 90 accuracy: 72.57%
Batch 100, Loss: 0.7799
Epoch 91 learning rate: 0.057045061596879186
Epoch 91 time: 90.13853120803833 seconds
Epoch 91 accuracy: 70.72%
Batch 100, Loss: 0.7824
Epoch 92 learning rate: 0.056266661678215264
Epoch 92 time: 90.23707056045532 seconds
Epoch 92 accuracy: 72.06%
Batch 100, Loss: 0.7735
Epoch 93 learning rate: 0.055486715554552306
Epoch 93 time: 90.20946073532104 seconds
Epoch 93 accuracy: 73.47%
Batch 100, Loss: 0.7548
Epoch 94 learning rate: 0.05470541566592575
Epoch 94 time: 90.39565300941467 seconds
Epoch 94 accuracy: 71.84%
Batch 100, Loss: 0.7460
Epoch 95 learning rate: 0.05392295478639229
Epoch 95 time: 90.22524070739746 seconds
Epoch 95 accuracy: 72.72%
Batch 100, Loss: 0.7534
Epoch 96 learning rate: 0.05313952597646571
Epoch 96 time: 90.04579424858093 seconds
Epoch 96 accuracy: 71.52%
Batch 100, Loss: 0.7398
Epoch 97 learning rate: 0.05235532253548216
Epoch 97 time: 90.31263566017151 seconds
Epoch 97 accuracy: 72.91%
Batch 100, Loss: 0.7373
Epoch 98 learning rate: 0.051570537953906447
Epoch 98 time: 90.31370043754578 seconds
Epoch 98 accuracy: 72.85%
Batch 100, Loss: 0.7275
Epoch 99 learning rate: 0.05078536586559106
Epoch 99 time: 90.1701328754425 seconds
Epoch 99 accuracy: 73.22%
Batch 100, Loss: 0.7131
Epoch 100 learning rate: 0.050000000000000024
Epoch 100 time: 90.17348623275757 seconds
Epoch 100 accuracy: 73.57%
Batch 100, Loss: 0.7060
Epoch 101 learning rate: 0.049214634134409
Epoch 101 time: 90.07468962669373 seconds
Epoch 101 accuracy: 73.24%
Batch 100, Loss: 0.7001
Epoch 102 learning rate: 0.04842946204609361
Epoch 102 time: 90.3581931591034 seconds
Epoch 102 accuracy: 73.42%
Batch 100, Loss: 0.6901
Epoch 103 learning rate: 0.04764467746451789
Epoch 103 time: 90.09633111953735 seconds
Epoch 103 accuracy: 73.38%
Batch 100, Loss: 0.6914
Epoch 104 learning rate: 0.046860474023534354
Epoch 104 time: 90.1909589767456 seconds
Epoch 104 accuracy: 73.54%
Batch 100, Loss: 0.6823
Epoch 105 learning rate: 0.04607704521360778
Epoch 105 time: 90.18982291221619 seconds
Epoch 105 accuracy: 73.96%
Batch 100, Loss: 0.6625
Epoch 106 learning rate: 0.04529458433407431
Epoch 106 time: 90.17831945419312 seconds
Epoch 106 accuracy: 74.23%
Batch 100, Loss: 0.6600
Epoch 107 learning rate: 0.04451328444544776
Epoch 107 time: 90.13253688812256 seconds
Epoch 107 accuracy: 73.64%
Batch 100, Loss: 0.6677
Epoch 108 learning rate: 0.04373333832178482
Epoch 108 time: 90.38650846481323 seconds
Epoch 108 accuracy: 74.34%
Batch 100, Loss: 0.6493
Epoch 109 learning rate: 0.0429549384031209
Epoch 109 time: 90.29338240623474 seconds
Epoch 109 accuracy: 73.35%
Batch 100, Loss: 0.6319
Epoch 110 learning rate: 0.042178276747988484
Epoch 110 time: 90.18084788322449 seconds
Epoch 110 accuracy: 73.49%
Batch 100, Loss: 0.6312
Epoch 111 learning rate: 0.04140354498602954
Epoch 111 time: 90.24635457992554 seconds
Epoch 111 accuracy: 74.73%
Batch 100, Loss: 0.6214
Epoch 112 learning rate: 0.0406309342707138
Epoch 112 time: 90.2525737285614 seconds
Epoch 112 accuracy: 74.78%
Batch 100, Loss: 0.6151
Epoch 113 learning rate: 0.03986063523217441
Epoch 113 time: 90.30439567565918 seconds
Epoch 113 accuracy: 74.52%
Batch 100, Loss: 0.6136
Epoch 114 learning rate: 0.039092837930172916
Epoch 114 time: 90.27880430221558 seconds
Epoch 114 accuracy: 74.67%
Batch 100, Loss: 0.6101
Epoch 115 learning rate: 0.03832773180720475
Epoch 115 time: 90.20285844802856 seconds
Epoch 115 accuracy: 75.63%
Batch 100, Loss: 0.5916
Epoch 116 learning rate: 0.037565505641757285
Epoch 116 time: 90.29056239128113 seconds
Epoch 116 accuracy: 73.96%
Batch 100, Loss: 0.5812
Epoch 117 learning rate: 0.03680634750173138
Epoch 117 time: 90.34796476364136 seconds
Epoch 117 accuracy: 75.01%
Batch 100, Loss: 0.5721
Epoch 118 learning rate: 0.036050444698038565
Epoch 118 time: 90.23703455924988 seconds
Epoch 118 accuracy: 75.14%
Batch 100, Loss: 0.5668
Epoch 119 learning rate: 0.03529798373838483
Epoch 119 time: 90.36136054992676 seconds
Epoch 119 accuracy: 75.97%
Batch 100, Loss: 0.5656
Epoch 120 learning rate: 0.03454915028125267
Epoch 120 time: 90.077321767807 seconds
Epoch 120 accuracy: 74.66%
Batch 100, Loss: 0.5518
Epoch 121 learning rate: 0.03380412909009255
Epoch 121 time: 90.26642394065857 seconds
Epoch 121 accuracy: 76.05%
Batch 100, Loss: 0.5527
Epoch 122 learning rate: 0.03306310398773545
Epoch 122 time: 89.89037370681763 seconds
Epoch 122 accuracy: 75.75%
Batch 100, Loss: 0.5361
Epoch 123 learning rate: 0.03232625781103717
Epoch 123 time: 90.30256748199463 seconds
Epoch 123 accuracy: 75.86%
Batch 100, Loss: 0.5404
Epoch 124 learning rate: 0.03159377236576613
Epoch 124 time: 90.11342239379883 seconds
Epoch 124 accuracy: 75.45%
Batch 100, Loss: 0.5237
Epoch 125 learning rate: 0.030865828381745543
Epoch 125 time: 90.10186815261841 seconds
Epoch 125 accuracy: 75.51%
Batch 100, Loss: 0.5157
Epoch 126 learning rate: 0.03014260546826098
Epoch 126 time: 90.26295685768127 seconds
Epoch 126 accuracy: 76.22%
Batch 100, Loss: 0.5136
Epoch 127 learning rate: 0.02942428206974458
Epoch 127 time: 90.14293074607849 seconds
Epoch 127 accuracy: 76.14%
Batch 100, Loss: 0.5018
Epoch 128 learning rate: 0.028711035421746387
Epoch 128 time: 90.10803771018982 seconds
Epoch 128 accuracy: 75.69%
Batch 100, Loss: 0.4907
Epoch 129 learning rate: 0.02800304150720426
Epoch 129 time: 90.36854338645935 seconds
Epoch 129 accuracy: 76.15%
Batch 100, Loss: 0.4809
Epoch 130 learning rate: 0.02730047501302268
Epoch 130 time: 90.38157820701599 seconds
Epoch 130 accuracy: 76.13%
Batch 100, Loss: 0.4782
Epoch 131 learning rate: 0.026603509286971357
Epoch 131 time: 90.25741648674011 seconds
Epoch 131 accuracy: 75.44%
Batch 100, Loss: 0.4748
Epoch 132 learning rate: 0.025912316294914244
Epoch 132 time: 90.35748291015625 seconds
Epoch 132 accuracy: 76.39%
Batch 100, Loss: 0.4629
Epoch 133 learning rate: 0.025227066578379632
Epoch 133 time: 90.25706648826599 seconds
Epoch 133 accuracy: 77.59%
Batch 100, Loss: 0.4654
Epoch 134 learning rate: 0.024547929212481445
Epoch 134 time: 90.34223055839539 seconds
Epoch 134 accuracy: 76.1%
Batch 100, Loss: 0.4560
Epoch 135 learning rate: 0.02387507176420257
Epoch 135 time: 90.16664099693298 seconds
Epoch 135 accuracy: 77.21%
Batch 100, Loss: 0.4434
Epoch 136 learning rate: 0.023208660251050166
Epoch 136 time: 90.22798991203308 seconds
Epoch 136 accuracy: 77.52%
Batch 100, Loss: 0.4295
Epoch 137 learning rate: 0.022548859100093414
Epoch 137 time: 90.25689458847046 seconds
Epoch 137 accuracy: 77.15%
Batch 100, Loss: 0.4302
Epoch 138 learning rate: 0.021895831107393474
Epoch 138 time: 90.22542428970337 seconds
Epoch 138 accuracy: 77.25%
Batch 100, Loss: 0.4284
Epoch 139 learning rate: 0.02124973739783608
Epoch 139 time: 90.24483108520508 seconds
Epoch 139 accuracy: 76.95%
Batch 100, Loss: 0.4141
Epoch 140 learning rate: 0.02061073738537636
Epoch 140 time: 90.06575870513916 seconds
Epoch 140 accuracy: 77.53%
Batch 100, Loss: 0.4135
Epoch 141 learning rate: 0.019978988733705814
Epoch 141 time: 90.26090931892395 seconds
Epoch 141 accuracy: 77.32%
Batch 100, Loss: 0.4031
Epoch 142 learning rate: 0.01935464731735118
Epoch 142 time: 90.09448456764221 seconds
Epoch 142 accuracy: 77.55%
Batch 100, Loss: 0.3940
Epoch 143 learning rate: 0.018737867183214747
Epoch 143 time: 90.26457118988037 seconds
Epoch 143 accuracy: 77.95%
Batch 100, Loss: 0.3860
Epoch 144 learning rate: 0.01812880051256552
Epoch 144 time: 90.19461417198181 seconds
Epoch 144 accuracy: 77.64%
Batch 100, Loss: 0.3773
Epoch 145 learning rate: 0.017527597583490827
Epoch 145 time: 90.26820254325867 seconds
Epoch 145 accuracy: 78.25%
Batch 100, Loss: 0.3732
Epoch 146 learning rate: 0.01693440673381742
Epoch 146 time: 90.26078486442566 seconds
Epoch 146 accuracy: 77.97%
Batch 100, Loss: 0.3660
Epoch 147 learning rate: 0.016349374324511334
Epoch 147 time: 90.16331124305725 seconds
Epoch 147 accuracy: 78.16%
Batch 100, Loss: 0.3687
Epoch 148 learning rate: 0.01577264470356557
Epoch 148 time: 90.22768974304199 seconds
Epoch 148 accuracy: 78.02%
Batch 100, Loss: 0.3520
Epoch 149 learning rate: 0.01520436017038429
Epoch 149 time: 90.20936584472656 seconds
Epoch 149 accuracy: 78.56%
Batch 100, Loss: 0.3478
Epoch 150 learning rate: 0.014644660940672632
Epoch 150 time: 90.2695369720459 seconds
Epoch 150 accuracy: 78.48%
Batch 100, Loss: 0.3448
Epoch 151 learning rate: 0.01409368511184057
Epoch 151 time: 90.41351962089539 seconds
Epoch 151 accuracy: 78.04%
Batch 100, Loss: 0.3385
Epoch 152 learning rate: 0.013551568628929438
Epoch 152 time: 90.27933835983276 seconds
Epoch 152 accuracy: 78.87%
Batch 100, Loss: 0.3320
Epoch 153 learning rate: 0.013018445251069516
Epoch 153 time: 90.35450601577759 seconds
Epoch 153 accuracy: 78.4%
Batch 100, Loss: 0.3276
Epoch 154 learning rate: 0.012494446518477026
Epoch 154 time: 90.27787351608276 seconds
Epoch 154 accuracy: 78.35%
Batch 100, Loss: 0.3208
Epoch 155 learning rate: 0.011979701719998459
Epoch 155 time: 90.2119870185852 seconds
Epoch 155 accuracy: 78.48%
Batch 100, Loss: 0.3167
Epoch 156 learning rate: 0.011474337861210548
Epoch 156 time: 90.11536049842834 seconds
Epoch 156 accuracy: 78.96%
Batch 100, Loss: 0.3083
Epoch 157 learning rate: 0.010978479633083526
Epoch 157 time: 90.22730088233948 seconds
Epoch 157 accuracy: 79.13%
Batch 100, Loss: 0.3052
Epoch 158 learning rate: 0.010492249381215483
Epoch 158 time: 90.00689458847046 seconds
Epoch 158 accuracy: 78.9%
Batch 100, Loss: 0.3050
Epoch 159 learning rate: 0.010015767075645474
Epoch 159 time: 90.31161952018738 seconds
Epoch 159 accuracy: 79.28%
Batch 100, Loss: 0.2995
Epoch 160 learning rate: 0.009549150281252637
Epoch 160 time: 90.2499406337738 seconds
Epoch 160 accuracy: 79.73%
Batch 100, Loss: 0.3014
Epoch 161 learning rate: 0.00909251412874884
Epoch 161 time: 90.01210737228394 seconds
Epoch 161 accuracy: 79.57%
Batch 100, Loss: 0.2951
Epoch 162 learning rate: 0.008645971286271918
Epoch 162 time: 90.36054372787476 seconds
Epoch 162 accuracy: 79.6%
Batch 100, Loss: 0.2897
Epoch 163 learning rate: 0.008209631931586501
Epoch 163 time: 90.39052367210388 seconds
Epoch 163 accuracy: 79.82%
Batch 100, Loss: 0.2851
Epoch 164 learning rate: 0.0077836037248992605
Epoch 164 time: 90.22808837890625 seconds
Epoch 164 accuracy: 79.75%
Batch 100, Loss: 0.2785
Epoch 165 learning rate: 0.0073679917822954055
Epoch 165 time: 90.09274506568909 seconds
Epoch 165 accuracy: 80.03%
Batch 100, Loss: 0.2744
Epoch 166 learning rate: 0.006962898649802815
Epoch 166 time: 90.18476557731628 seconds
Epoch 166 accuracy: 80.05%
Batch 100, Loss: 0.2748
Epoch 167 learning rate: 0.006568424278090438
Epoch 167 time: 90.50540208816528 seconds
Epoch 167 accuracy: 80.04%
Batch 100, Loss: 0.2717
Epoch 168 learning rate: 0.006184665997806824
Epoch 168 time: 90.2533700466156 seconds
Epoch 168 accuracy: 80.27%
Batch 100, Loss: 0.2717
Epoch 169 learning rate: 0.00581171849556533
Epoch 169 time: 90.20293879508972 seconds
Epoch 169 accuracy: 80.11%
Batch 100, Loss: 0.2543
Epoch 170 learning rate: 0.0054496737905816136
Epoch 170 time: 90.21560335159302 seconds
Epoch 170 accuracy: 79.9%
Batch 100, Loss: 0.2602
Epoch 171 learning rate: 0.005098621211969226
Epoch 171 time: 90.17950749397278 seconds
Epoch 171 accuracy: 80.2%
Batch 100, Loss: 0.2640
Epoch 172 learning rate: 0.004758647376699035
Epoch 172 time: 90.36854648590088 seconds
Epoch 172 accuracy: 80.44%
Batch 100, Loss: 0.2485
Epoch 173 learning rate: 0.00442983616822775
Epoch 173 time: 90.32429671287537 seconds
Epoch 173 accuracy: 80.33%
Batch 100, Loss: 0.2520
Epoch 174 learning rate: 0.004112268715800957
Epoch 174 time: 90.15279030799866 seconds
Epoch 174 accuracy: 80.2%
Batch 100, Loss: 0.2417
Epoch 175 learning rate: 0.003806023374435677
Epoch 175 time: 90.09106492996216 seconds
Epoch 175 accuracy: 80.49%
Batch 100, Loss: 0.2433
Epoch 176 learning rate: 0.003511175705587435
Epoch 176 time: 90.19729995727539 seconds
Epoch 176 accuracy: 80.61%
Batch 100, Loss: 0.2498
Epoch 177 learning rate: 0.0032277984585066333
Epoch 177 time: 90.34773707389832 seconds
Epoch 177 accuracy: 80.66%
Batch 100, Loss: 0.2442
Epoch 178 learning rate: 0.002955961552288729
Epoch 178 time: 90.37169289588928 seconds
Epoch 178 accuracy: 80.84%
Batch 100, Loss: 0.2405
Epoch 179 learning rate: 0.0026957320586227366
Epoch 179 time: 90.353600025177 seconds
Epoch 179 accuracy: 80.8%
Batch 100, Loss: 0.2407
Epoch 180 learning rate: 0.002447174185242325
Epoch 180 time: 90.22912049293518 seconds
Epoch 180 accuracy: 80.66%
Batch 100, Loss: 0.2367
Epoch 181 learning rate: 0.0022103492600834954
Epoch 181 time: 90.1987771987915 seconds
Epoch 181 accuracy: 80.54%
Batch 100, Loss: 0.2362
Epoch 182 learning rate: 0.0019853157161528537
Epoch 182 time: 90.22673749923706 seconds
Epoch 182 accuracy: 80.33%
Batch 100, Loss: 0.2357
Epoch 183 learning rate: 0.001772129077110103
Epoch 183 time: 90.06925296783447 seconds
Epoch 183 accuracy: 80.84%
Batch 100, Loss: 0.2315
Epoch 184 learning rate: 0.0015708419435684529
Epoch 184 time: 90.30315494537354 seconds
Epoch 184 accuracy: 80.6%
Batch 100, Loss: 0.2307
Epoch 185 learning rate: 0.0013815039801161732
Epoch 185 time: 90.29810905456543 seconds
Epoch 185 accuracy: 80.91%
Batch 100, Loss: 0.2259
Epoch 186 learning rate: 0.0012041619030626347
Epoch 186 time: 90.10332345962524 seconds
Epoch 186 accuracy: 80.98%
Batch 100, Loss: 0.2291
Epoch 187 learning rate: 0.0010388594689117077
Epoch 187 time: 90.1095130443573 seconds
Epoch 187 accuracy: 80.87%
Batch 100, Loss: 0.2309
Epoch 188 learning rate: 0.0008856374635655645
Epoch 188 time: 90.26812887191772 seconds
Epoch 188 accuracy: 80.94%
Batch 100, Loss: 0.2254
Epoch 189 learning rate: 0.000744533692261307
Epoch 189 time: 90.0871639251709 seconds
Epoch 189 accuracy: 81.06%
Batch 100, Loss: 0.2256
Epoch 190 learning rate: 0.0006155829702431174
Epoch 190 time: 90.16483855247498 seconds
Epoch 190 accuracy: 80.96%
Batch 100, Loss: 0.2183
Epoch 191 learning rate: 0.0004988171141721235
Epoch 191 time: 90.41311430931091 seconds
Epoch 191 accuracy: 80.91%
Batch 100, Loss: 0.2261
Epoch 192 learning rate: 0.00039426493427611206
Epoch 192 time: 90.12298560142517 seconds
Epoch 192 accuracy: 80.87%
Batch 100, Loss: 0.2197
Epoch 193 learning rate: 0.00030195222724102046
Epoch 193 time: 90.16139054298401 seconds
Epoch 193 accuracy: 80.93%
Batch 100, Loss: 0.2175
Epoch 194 learning rate: 0.00022190176984600036
Epoch 194 time: 90.24606132507324 seconds
Epoch 194 accuracy: 80.93%
Batch 100, Loss: 0.2183
Epoch 195 learning rate: 0.00015413331334360192
Epoch 195 time: 90.20394611358643 seconds
Epoch 195 accuracy: 80.94%
Batch 100, Loss: 0.2193
Epoch 196 learning rate: 9.866357858642213e-05
Epoch 196 time: 90.26495218276978 seconds
Epoch 196 accuracy: 80.73%
Batch 100, Loss: 0.2225
Epoch 197 learning rate: 5.5506251901504864e-05
Epoch 197 time: 90.31289434432983 seconds
Epoch 197 accuracy: 80.95%
Batch 100, Loss: 0.2234
Epoch 198 learning rate: 2.4671981713420017e-05
Epoch 198 time: 90.44115567207336 seconds
Epoch 198 accuracy: 81.04%
Batch 100, Loss: 0.2221
Epoch 199 learning rate: 6.168375916970619e-06
Epoch 199 time: 90.37984371185303 seconds
Epoch 199 accuracy: 80.78%
Batch 100, Loss: 0.2162
Epoch 200 learning rate: 0.0
Epoch 200 time: 90.12487578392029 seconds
Epoch 200 accuracy: 80.88%
Total training time: 18059.578166484833 seconds
