The following modules were not unloaded:
  (Use "module --force purge" to unload all):

  1) CCconfig        6)  ucx/1.14.1         11) flexiblas/3.3.1
  2) gentoo/2023     7)  libfabric/1.18.0   12) imkl/2023.2.0
  3) gcccore/.12.3   8)  pmix/4.2.4         13) StdEnv/2023
  4) gcc/12.3        9)  ucc/1.2.0
  5) hwloc/2.9.1     10) openmpi/4.1.5
/project/6070520/tkleinkn/Vanilla-GAM/main_cifar.py:159: UserWarning: You have chosen a specific GPU. This will completely disable data parallelism.
  warnings.warn('You have chosen a specific GPU. This will completely '
model name space ['resnet101_c', 'resnet152_c', 'resnet18_c', 'resnet34_c', 'resnet50_c']
Use GPU: 0 for training
=> creating model 'resnet18_c'
Files already downloaded and verified
Files already downloaded and verified
tensorboard dir ./results/CIFAR10/GAM
Batch 50, Loss: 2.7755
Batch 100, Loss: 1.7731
Batch 150, Loss: 1.6407
Epoch 1 learning rate: 0.09999383162408304
Epoch 1 time: 103.29111862182617 seconds
Epoch 1 accuracy: 23.26%
Batch 50, Loss: 1.5179
Batch 100, Loss: 1.4827
Batch 150, Loss: 1.4625
Epoch 2 learning rate: 0.09997532801828658
Epoch 2 time: 91.32474899291992 seconds
Epoch 2 accuracy: 31.95%
Batch 50, Loss: 1.4119
Batch 100, Loss: 1.3599
Batch 150, Loss: 1.3325
Epoch 3 learning rate: 0.09994449374809851
Epoch 3 time: 91.23815679550171 seconds
Epoch 3 accuracy: 38.24%
Batch 50, Loss: 1.2764
Batch 100, Loss: 1.2532
Batch 150, Loss: 1.2287
Epoch 4 learning rate: 0.09990133642141359
Epoch 4 time: 91.26103520393372 seconds
Epoch 4 accuracy: 43.61%
Batch 50, Loss: 1.1740
Batch 100, Loss: 1.1524
Batch 150, Loss: 1.1583
Epoch 5 learning rate: 0.09984586668665642
Epoch 5 time: 91.2464234828949 seconds
Epoch 5 accuracy: 47.1%
Batch 50, Loss: 1.0933
Batch 100, Loss: 1.0832
Batch 150, Loss: 1.0588
Epoch 6 learning rate: 0.09977809823015402
Epoch 6 time: 91.2571313381195 seconds
Epoch 6 accuracy: 49.38%
Batch 50, Loss: 1.0129
Batch 100, Loss: 0.9873
Batch 150, Loss: 0.9695
Epoch 7 learning rate: 0.09969804777275901
Epoch 7 time: 91.17575430870056 seconds
Epoch 7 accuracy: 56.24%
Batch 50, Loss: 0.9062
Batch 100, Loss: 0.8918
Batch 150, Loss: 0.8526
Epoch 8 learning rate: 0.09960573506572391
Epoch 8 time: 91.20377278327942 seconds
Epoch 8 accuracy: 61.04%
Batch 50, Loss: 0.8045
Batch 100, Loss: 0.7900
Batch 150, Loss: 0.7554
Epoch 9 learning rate: 0.09950118288582789
Epoch 9 time: 91.18138456344604 seconds
Epoch 9 accuracy: 66.95%
Batch 50, Loss: 0.7208
Batch 100, Loss: 0.6859
Batch 150, Loss: 0.6968
Epoch 10 learning rate: 0.09938441702975691
Epoch 10 time: 91.18268632888794 seconds
Epoch 10 accuracy: 66.46%
Batch 50, Loss: 0.6453
Batch 100, Loss: 0.6327
Batch 150, Loss: 0.6291
Epoch 11 learning rate: 0.09925546630773871
Epoch 11 time: 91.1500346660614 seconds
Epoch 11 accuracy: 68.5%
Batch 50, Loss: 0.5843
Batch 100, Loss: 0.5634
Batch 150, Loss: 0.5555
Epoch 12 learning rate: 0.09911436253643445
Epoch 12 time: 91.15834021568298 seconds
Epoch 12 accuracy: 74.61%
Batch 50, Loss: 0.5262
Batch 100, Loss: 0.5071
Batch 150, Loss: 0.4900
Epoch 13 learning rate: 0.0989611405310883
Epoch 13 time: 91.18054580688477 seconds
Epoch 13 accuracy: 74.94%
Batch 50, Loss: 0.4667
Batch 100, Loss: 0.4537
Batch 150, Loss: 0.4585
Epoch 14 learning rate: 0.09879583809693739
Epoch 14 time: 91.19539260864258 seconds
Epoch 14 accuracy: 78.91%
Batch 50, Loss: 0.4217
Batch 100, Loss: 0.4225
Batch 150, Loss: 0.4145
Epoch 15 learning rate: 0.09861849601988384
Epoch 15 time: 91.18343043327332 seconds
Epoch 15 accuracy: 79.99%
Batch 50, Loss: 0.3971
Batch 100, Loss: 0.3787
Batch 150, Loss: 0.3848
Epoch 16 learning rate: 0.09842915805643157
Epoch 16 time: 93.97704291343689 seconds
Epoch 16 accuracy: 82.68%
Batch 50, Loss: 0.3564
Batch 100, Loss: 0.3591
Batch 150, Loss: 0.3582
Epoch 17 learning rate: 0.09822787092288993
Epoch 17 time: 91.1943051815033 seconds
Epoch 17 accuracy: 84.12%
Batch 50, Loss: 0.3382
Batch 100, Loss: 0.3341
Batch 150, Loss: 0.3399
Epoch 18 learning rate: 0.09801468428384717
Epoch 18 time: 91.12220001220703 seconds
Epoch 18 accuracy: 84.51%
Batch 50, Loss: 0.3134
Batch 100, Loss: 0.3132
Batch 150, Loss: 0.3099
Epoch 19 learning rate: 0.09778965073991652
Epoch 19 time: 91.16070866584778 seconds
Epoch 19 accuracy: 84.03%
Batch 50, Loss: 0.2999
Batch 100, Loss: 0.2985
Batch 150, Loss: 0.3012
Epoch 20 learning rate: 0.0975528258147577
Epoch 20 time: 91.20560359954834 seconds
Epoch 20 accuracy: 85.03%
Batch 50, Loss: 0.2745
Batch 100, Loss: 0.2712
Batch 150, Loss: 0.2946
Epoch 21 learning rate: 0.09730426794137728
Epoch 21 time: 91.18303966522217 seconds
Epoch 21 accuracy: 86.0%
Batch 50, Loss: 0.2681
Batch 100, Loss: 0.2712
Batch 150, Loss: 0.2673
Epoch 22 learning rate: 0.09704403844771128
Epoch 22 time: 91.09006023406982 seconds
Epoch 22 accuracy: 85.82%
Batch 50, Loss: 0.2565
Batch 100, Loss: 0.2437
Batch 150, Loss: 0.2564
Epoch 23 learning rate: 0.09677220154149338
Epoch 23 time: 91.174649477005 seconds
Epoch 23 accuracy: 86.79%
Batch 50, Loss: 0.2421
Batch 100, Loss: 0.2440
Batch 150, Loss: 0.2478
Epoch 24 learning rate: 0.09648882429441258
Epoch 24 time: 91.17151474952698 seconds
Epoch 24 accuracy: 87.78%
Batch 50, Loss: 0.2390
Batch 100, Loss: 0.2320
Batch 150, Loss: 0.2357
Epoch 25 learning rate: 0.09619397662556435
Epoch 25 time: 91.11612010002136 seconds
Epoch 25 accuracy: 86.77%
Batch 50, Loss: 0.2267
Batch 100, Loss: 0.2212
Batch 150, Loss: 0.2272
Epoch 26 learning rate: 0.09588773128419906
Epoch 26 time: 91.15406394004822 seconds
Epoch 26 accuracy: 88.67%
Batch 50, Loss: 0.2214
Batch 100, Loss: 0.2128
Batch 150, Loss: 0.2172
Epoch 27 learning rate: 0.09557016383177226
Epoch 27 time: 91.13854002952576 seconds
Epoch 27 accuracy: 87.44%
Batch 50, Loss: 0.2130
Batch 100, Loss: 0.2075
Batch 150, Loss: 0.2093
Epoch 28 learning rate: 0.09524135262330098
Epoch 28 time: 91.16701745986938 seconds
Epoch 28 accuracy: 88.89%
Batch 50, Loss: 0.1969
Batch 100, Loss: 0.2079
Batch 150, Loss: 0.2036
Epoch 29 learning rate: 0.09490137878803079
Epoch 29 time: 91.20706915855408 seconds
Epoch 29 accuracy: 88.91%
Batch 50, Loss: 0.1885
Batch 100, Loss: 0.1950
Batch 150, Loss: 0.2013
Epoch 30 learning rate: 0.0945503262094184
Epoch 30 time: 91.17196917533875 seconds
Epoch 30 accuracy: 89.51%
Batch 50, Loss: 0.1943
Batch 100, Loss: 0.1930
Batch 150, Loss: 0.1876
Epoch 31 learning rate: 0.0941882815044347
Epoch 31 time: 91.23245978355408 seconds
Epoch 31 accuracy: 88.62%
Batch 50, Loss: 0.1842
Batch 100, Loss: 0.1791
Batch 150, Loss: 0.1891
Epoch 32 learning rate: 0.09381533400219319
Epoch 32 time: 91.2290391921997 seconds
Epoch 32 accuracy: 89.14%
Batch 50, Loss: 0.1764
Batch 100, Loss: 0.1780
Batch 150, Loss: 0.1804
Epoch 33 learning rate: 0.09343157572190958
Epoch 33 time: 91.26031112670898 seconds
Epoch 33 accuracy: 90.37%
Batch 50, Loss: 0.1644
Batch 100, Loss: 0.1725
Batch 150, Loss: 0.1713
Epoch 34 learning rate: 0.0930371013501972
Epoch 34 time: 91.21608448028564 seconds
Epoch 34 accuracy: 90.2%
Batch 50, Loss: 0.1571
Batch 100, Loss: 0.1679
Batch 150, Loss: 0.1745
Epoch 35 learning rate: 0.09263200821770463
Epoch 35 time: 91.1967670917511 seconds
Epoch 35 accuracy: 89.34%
Batch 50, Loss: 0.1689
Batch 100, Loss: 0.1644
Batch 150, Loss: 0.1697
Epoch 36 learning rate: 0.09221639627510078
Epoch 36 time: 91.20127272605896 seconds
Epoch 36 accuracy: 90.54%
Batch 50, Loss: 0.1524
Batch 100, Loss: 0.1640
Batch 150, Loss: 0.1669
Epoch 37 learning rate: 0.09179036806841355
Epoch 37 time: 91.21150350570679 seconds
Epoch 37 accuracy: 89.79%
Batch 50, Loss: 0.1551
Batch 100, Loss: 0.1529
Batch 150, Loss: 0.1560
Epoch 38 learning rate: 0.09135402871372812
Epoch 38 time: 91.24500632286072 seconds
Epoch 38 accuracy: 90.07%
Batch 50, Loss: 0.1452
Batch 100, Loss: 0.1447
Batch 150, Loss: 0.1502
Epoch 39 learning rate: 0.0909074858712512
Epoch 39 time: 91.25079703330994 seconds
Epoch 39 accuracy: 89.7%
Batch 50, Loss: 0.1443
Batch 100, Loss: 0.1491
Batch 150, Loss: 0.1521
Epoch 40 learning rate: 0.09045084971874741
Epoch 40 time: 91.1692361831665 seconds
Epoch 40 accuracy: 90.4%
Batch 50, Loss: 0.1392
Batch 100, Loss: 0.1446
Batch 150, Loss: 0.1494
Epoch 41 learning rate: 0.08998423292435458
Epoch 41 time: 91.2057409286499 seconds
Epoch 41 accuracy: 90.84%
Batch 50, Loss: 0.1410
Batch 100, Loss: 0.1364
Batch 150, Loss: 0.1481
Epoch 42 learning rate: 0.08950775061878455
Epoch 42 time: 91.28982782363892 seconds
Epoch 42 accuracy: 90.29%
Batch 50, Loss: 0.1410
Batch 100, Loss: 0.1339
Batch 150, Loss: 0.1461
Epoch 43 learning rate: 0.08902152036691653
Epoch 43 time: 91.23811435699463 seconds
Epoch 43 accuracy: 90.72%
Batch 50, Loss: 0.1304
Batch 100, Loss: 0.1349
Batch 150, Loss: 0.1388
Epoch 44 learning rate: 0.08852566213878951
Epoch 44 time: 91.21673631668091 seconds
Epoch 44 accuracy: 90.87%
Batch 50, Loss: 0.1307
Batch 100, Loss: 0.1361
Batch 150, Loss: 0.1322
Epoch 45 learning rate: 0.0880202982800016
Epoch 45 time: 91.18416380882263 seconds
Epoch 45 accuracy: 91.19%
Batch 50, Loss: 0.1241
Batch 100, Loss: 0.1325
Batch 150, Loss: 0.1309
Epoch 46 learning rate: 0.08750555348152303
Epoch 46 time: 91.21476888656616 seconds
Epoch 46 accuracy: 91.59%
Batch 50, Loss: 0.1238
Batch 100, Loss: 0.1246
Batch 150, Loss: 0.1228
Epoch 47 learning rate: 0.08698155474893052
Epoch 47 time: 91.16289901733398 seconds
Epoch 47 accuracy: 91.41%
Batch 50, Loss: 0.1186
Batch 100, Loss: 0.1283
Batch 150, Loss: 0.1303
Epoch 48 learning rate: 0.08644843137107061
Epoch 48 time: 91.26245427131653 seconds
Epoch 48 accuracy: 89.44%
Batch 50, Loss: 0.1259
Batch 100, Loss: 0.1212
Batch 150, Loss: 0.1292
Epoch 49 learning rate: 0.08590631488815947
Epoch 49 time: 91.31594753265381 seconds
Epoch 49 accuracy: 91.64%
Batch 50, Loss: 0.1152
Batch 100, Loss: 0.1173
Batch 150, Loss: 0.1252
Epoch 50 learning rate: 0.0853553390593274
Epoch 50 time: 91.33797764778137 seconds
Epoch 50 accuracy: 92.19%
Batch 50, Loss: 0.1120
Batch 100, Loss: 0.1198
Batch 150, Loss: 0.1209
Epoch 51 learning rate: 0.08479563982961574
Epoch 51 time: 91.25182271003723 seconds
Epoch 51 accuracy: 91.0%
Batch 50, Loss: 0.1095
Batch 100, Loss: 0.1169
Batch 150, Loss: 0.1164
Epoch 52 learning rate: 0.08422735529643446
Epoch 52 time: 91.55767941474915 seconds
Epoch 52 accuracy: 92.33%
Batch 50, Loss: 0.1118
Batch 100, Loss: 0.1114
Batch 150, Loss: 0.1141
Epoch 53 learning rate: 0.08365062567548869
Epoch 53 time: 91.2098708152771 seconds
Epoch 53 accuracy: 91.59%
Batch 50, Loss: 0.1118
Batch 100, Loss: 0.1131
Batch 150, Loss: 0.1053
Epoch 54 learning rate: 0.08306559326618261
Epoch 54 time: 91.25421857833862 seconds
Epoch 54 accuracy: 92.24%
Batch 50, Loss: 0.1050
Batch 100, Loss: 0.1045
Batch 150, Loss: 0.1131
Epoch 55 learning rate: 0.0824724024165092
Epoch 55 time: 91.24310231208801 seconds
Epoch 55 accuracy: 91.89%
Batch 50, Loss: 0.1065
Batch 100, Loss: 0.1011
Batch 150, Loss: 0.1102
Epoch 56 learning rate: 0.0818711994874345
Epoch 56 time: 91.32073593139648 seconds
Epoch 56 accuracy: 92.16%
Batch 50, Loss: 0.1005
Batch 100, Loss: 0.0997
Batch 150, Loss: 0.1078
Epoch 57 learning rate: 0.08126213281678528
Epoch 57 time: 91.21377229690552 seconds
Epoch 57 accuracy: 92.31%
Batch 50, Loss: 0.1040
Batch 100, Loss: 0.0957
Batch 150, Loss: 0.1035
Epoch 58 learning rate: 0.08064535268264884
Epoch 58 time: 91.16914129257202 seconds
Epoch 58 accuracy: 92.21%
Batch 50, Loss: 0.0955
Batch 100, Loss: 0.0971
Batch 150, Loss: 0.1036
Epoch 59 learning rate: 0.08002101126629421
Epoch 59 time: 91.18412160873413 seconds
Epoch 59 accuracy: 92.7%
Batch 50, Loss: 0.0968
Batch 100, Loss: 0.0963
Batch 150, Loss: 0.1042
Epoch 60 learning rate: 0.07938926261462367
Epoch 60 time: 91.26405930519104 seconds
Epoch 60 accuracy: 93.09%
Batch 50, Loss: 0.0961
Batch 100, Loss: 0.0989
Batch 150, Loss: 0.0962
Epoch 61 learning rate: 0.07875026260216395
Epoch 61 time: 91.30822110176086 seconds
Epoch 61 accuracy: 92.05%
Batch 50, Loss: 0.0949
Batch 100, Loss: 0.0963
Batch 150, Loss: 0.0986
Epoch 62 learning rate: 0.07810416889260656
Epoch 62 time: 91.22115159034729 seconds
Epoch 62 accuracy: 92.46%
Batch 50, Loss: 0.0887
Batch 100, Loss: 0.0947
Batch 150, Loss: 0.0930
Epoch 63 learning rate: 0.07745114089990661
Epoch 63 time: 91.1925323009491 seconds
Epoch 63 accuracy: 92.4%
Batch 50, Loss: 0.0859
Batch 100, Loss: 0.0867
Batch 150, Loss: 0.0974
Epoch 64 learning rate: 0.07679133974894985
Epoch 64 time: 91.19691777229309 seconds
Epoch 64 accuracy: 92.56%
Batch 50, Loss: 0.0834
Batch 100, Loss: 0.0833
Batch 150, Loss: 0.0922
Epoch 65 learning rate: 0.07612492823579746
Epoch 65 time: 91.22325944900513 seconds
Epoch 65 accuracy: 92.38%
Batch 50, Loss: 0.0779
Batch 100, Loss: 0.0837
Batch 150, Loss: 0.0896
Epoch 66 learning rate: 0.07545207078751859
Epoch 66 time: 91.28668642044067 seconds
Epoch 66 accuracy: 93.06%
Batch 50, Loss: 0.0796
Batch 100, Loss: 0.0860
Batch 150, Loss: 0.0882
Epoch 67 learning rate: 0.0747729334216204
Epoch 67 time: 91.25519061088562 seconds
Epoch 67 accuracy: 92.92%
Batch 50, Loss: 0.0816
Batch 100, Loss: 0.0847
Batch 150, Loss: 0.0896
Epoch 68 learning rate: 0.07408768370508578
Epoch 68 time: 91.22855973243713 seconds
Epoch 68 accuracy: 93.13%
Batch 50, Loss: 0.0719
Batch 100, Loss: 0.0832
Batch 150, Loss: 0.0910
Epoch 69 learning rate: 0.0733964907130287
Epoch 69 time: 91.3129780292511 seconds
Epoch 69 accuracy: 92.92%
Batch 50, Loss: 0.0744
Batch 100, Loss: 0.0762
Batch 150, Loss: 0.0780
Epoch 70 learning rate: 0.07269952498697736
Epoch 70 time: 91.19914817810059 seconds
Epoch 70 accuracy: 92.82%
Batch 50, Loss: 0.0822
Batch 100, Loss: 0.0722
Batch 150, Loss: 0.0810
Epoch 71 learning rate: 0.07199695849279578
Epoch 71 time: 91.19156670570374 seconds
Epoch 71 accuracy: 93.44%
Batch 50, Loss: 0.0761
Batch 100, Loss: 0.0754
Batch 150, Loss: 0.0842
Epoch 72 learning rate: 0.07128896457825366
Epoch 72 time: 91.31201505661011 seconds
Epoch 72 accuracy: 92.77%
Batch 50, Loss: 0.0800
Batch 100, Loss: 0.0782
Batch 150, Loss: 0.0819
Epoch 73 learning rate: 0.07057571793025548
Epoch 73 time: 91.22305226325989 seconds
Epoch 73 accuracy: 93.42%
Batch 50, Loss: 0.0723
Batch 100, Loss: 0.0723
Batch 150, Loss: 0.0759
Epoch 74 learning rate: 0.06985739453173906
Epoch 74 time: 91.3030457496643 seconds
Epoch 74 accuracy: 92.75%
Batch 50, Loss: 0.0740
Batch 100, Loss: 0.0704
Batch 150, Loss: 0.0784
Epoch 75 learning rate: 0.06913417161825453
Epoch 75 time: 91.27308630943298 seconds
Epoch 75 accuracy: 93.09%
Batch 50, Loss: 0.0731
Batch 100, Loss: 0.0656
Batch 150, Loss: 0.0743
Epoch 76 learning rate: 0.06840622763423394
Epoch 76 time: 91.26094961166382 seconds
Epoch 76 accuracy: 92.84%
Batch 50, Loss: 0.0712
Batch 100, Loss: 0.0725
Batch 150, Loss: 0.0745
Epoch 77 learning rate: 0.0676737421889629
Epoch 77 time: 91.21028852462769 seconds
Epoch 77 accuracy: 93.31%
Batch 50, Loss: 0.0692
Batch 100, Loss: 0.0668
Batch 150, Loss: 0.0725
Epoch 78 learning rate: 0.06693689601226462
Epoch 78 time: 91.22340059280396 seconds
Epoch 78 accuracy: 93.31%
Batch 50, Loss: 0.0712
Batch 100, Loss: 0.0668
Batch 150, Loss: 0.0758
Epoch 79 learning rate: 0.06619587090990751
Epoch 79 time: 91.22001218795776 seconds
Epoch 79 accuracy: 93.29%
Batch 50, Loss: 0.0638
Batch 100, Loss: 0.0662
Batch 150, Loss: 0.0716
Epoch 80 learning rate: 0.06545084971874741
Epoch 80 time: 91.2555661201477 seconds
Epoch 80 accuracy: 93.72%
Batch 50, Loss: 0.0662
Batch 100, Loss: 0.0671
Batch 150, Loss: 0.0708
Epoch 81 learning rate: 0.06470201626161524
Epoch 81 time: 91.30250430107117 seconds
Epoch 81 accuracy: 93.3%
Batch 50, Loss: 0.0602
Batch 100, Loss: 0.0669
Batch 150, Loss: 0.0661
Epoch 82 learning rate: 0.06394955530196152
Epoch 82 time: 91.29920244216919 seconds
Epoch 82 accuracy: 92.56%
Batch 50, Loss: 0.0623
Batch 100, Loss: 0.0644
Batch 150, Loss: 0.0661
Epoch 83 learning rate: 0.06319365249826868
Epoch 83 time: 91.17849063873291 seconds
Epoch 83 accuracy: 92.88%
Batch 50, Loss: 0.0676
Batch 100, Loss: 0.0620
Batch 150, Loss: 0.0662
Epoch 84 learning rate: 0.06243449435824277
Epoch 84 time: 91.1910936832428 seconds
Epoch 84 accuracy: 93.53%
Batch 50, Loss: 0.0590
Batch 100, Loss: 0.0579
Batch 150, Loss: 0.0606
Epoch 85 learning rate: 0.06167226819279532
Epoch 85 time: 91.18267631530762 seconds
Epoch 85 accuracy: 93.77%
Batch 50, Loss: 0.0598
Batch 100, Loss: 0.0599
Batch 150, Loss: 0.0635
Epoch 86 learning rate: 0.06090716206982718
Epoch 86 time: 91.17311668395996 seconds
Epoch 86 accuracy: 93.17%
Batch 50, Loss: 0.0559
Batch 100, Loss: 0.0572
Batch 150, Loss: 0.0627
Epoch 87 learning rate: 0.06013936476782568
Epoch 87 time: 91.2251079082489 seconds
Epoch 87 accuracy: 94.25%
Batch 50, Loss: 0.0515
Batch 100, Loss: 0.0553
Batch 150, Loss: 0.0612
Epoch 88 learning rate: 0.05936906572928629
Epoch 88 time: 91.20044994354248 seconds
Epoch 88 accuracy: 94.17%
Batch 50, Loss: 0.0562
Batch 100, Loss: 0.0543
Batch 150, Loss: 0.0567
Epoch 89 learning rate: 0.05859645501397052
Epoch 89 time: 91.28839540481567 seconds
Epoch 89 accuracy: 93.83%
Batch 50, Loss: 0.0540
Batch 100, Loss: 0.0510
Batch 150, Loss: 0.0572
Epoch 90 learning rate: 0.05782172325201159
Epoch 90 time: 91.20385503768921 seconds
Epoch 90 accuracy: 93.55%
Batch 50, Loss: 0.0555
Batch 100, Loss: 0.0554
Batch 150, Loss: 0.0549
Epoch 91 learning rate: 0.057045061596879186
Epoch 91 time: 91.27440047264099 seconds
Epoch 91 accuracy: 93.72%
Batch 50, Loss: 0.0505
Batch 100, Loss: 0.0532
Batch 150, Loss: 0.0527
Epoch 92 learning rate: 0.056266661678215264
Epoch 92 time: 91.2984344959259 seconds
Epoch 92 accuracy: 94.32%
Batch 50, Loss: 0.0530
Batch 100, Loss: 0.0495
Batch 150, Loss: 0.0533
Epoch 93 learning rate: 0.055486715554552306
Epoch 93 time: 91.2115330696106 seconds
Epoch 93 accuracy: 93.79%
Batch 50, Loss: 0.0494
Batch 100, Loss: 0.0537
Batch 150, Loss: 0.0520
Epoch 94 learning rate: 0.05470541566592575
Epoch 94 time: 91.16570496559143 seconds
Epoch 94 accuracy: 93.93%
Batch 50, Loss: 0.0478
Batch 100, Loss: 0.0482
Batch 150, Loss: 0.0526
Epoch 95 learning rate: 0.05392295478639229
Epoch 95 time: 91.18069458007812 seconds
Epoch 95 accuracy: 94.0%
Batch 50, Loss: 0.0453
Batch 100, Loss: 0.0523
Batch 150, Loss: 0.0517
Epoch 96 learning rate: 0.05313952597646571
Epoch 96 time: 91.15013289451599 seconds
Epoch 96 accuracy: 94.1%
Batch 50, Loss: 0.0452
Batch 100, Loss: 0.0493
Batch 150, Loss: 0.0464
Epoch 97 learning rate: 0.05235532253548216
Epoch 97 time: 91.19264793395996 seconds
Epoch 97 accuracy: 93.9%
Batch 50, Loss: 0.0458
Batch 100, Loss: 0.0478
Batch 150, Loss: 0.0476
Epoch 98 learning rate: 0.051570537953906447
Epoch 98 time: 91.2057089805603 seconds
Epoch 98 accuracy: 93.83%
Batch 50, Loss: 0.0441
Batch 100, Loss: 0.0458
Batch 150, Loss: 0.0457
Epoch 99 learning rate: 0.05078536586559106
Epoch 99 time: 91.14295268058777 seconds
Epoch 99 accuracy: 94.26%
Batch 50, Loss: 0.0432
Batch 100, Loss: 0.0439
Batch 150, Loss: 0.0490
Epoch 100 learning rate: 0.050000000000000024
Epoch 100 time: 91.22175884246826 seconds
Epoch 100 accuracy: 94.32%
Batch 50, Loss: 0.0439
Batch 100, Loss: 0.0429
Batch 150, Loss: 0.0448
Epoch 101 learning rate: 0.049214634134409
Epoch 101 time: 91.195472240448 seconds
Epoch 101 accuracy: 93.92%
Batch 50, Loss: 0.0435
Batch 100, Loss: 0.0427
Batch 150, Loss: 0.0442
Epoch 102 learning rate: 0.04842946204609361
Epoch 102 time: 91.14345455169678 seconds
Epoch 102 accuracy: 93.96%
Batch 50, Loss: 0.0420
Batch 100, Loss: 0.0413
Batch 150, Loss: 0.0458
Epoch 103 learning rate: 0.04764467746451789
Epoch 103 time: 91.12477707862854 seconds
Epoch 103 accuracy: 94.4%
Batch 50, Loss: 0.0373
Batch 100, Loss: 0.0406
Batch 150, Loss: 0.0420
Epoch 104 learning rate: 0.046860474023534354
Epoch 104 time: 91.25507831573486 seconds
Epoch 104 accuracy: 94.25%
Batch 50, Loss: 0.0400
Batch 100, Loss: 0.0402
Batch 150, Loss: 0.0408
Epoch 105 learning rate: 0.04607704521360778
Epoch 105 time: 91.25422859191895 seconds
Epoch 105 accuracy: 94.02%
Batch 50, Loss: 0.0384
Batch 100, Loss: 0.0376
Batch 150, Loss: 0.0423
Epoch 106 learning rate: 0.04529458433407431
Epoch 106 time: 91.197096824646 seconds
Epoch 106 accuracy: 93.94%
Batch 50, Loss: 0.0365
Batch 100, Loss: 0.0356
Batch 150, Loss: 0.0371
Epoch 107 learning rate: 0.04451328444544776
Epoch 107 time: 91.16753482818604 seconds
Epoch 107 accuracy: 94.25%
Batch 50, Loss: 0.0350
Batch 100, Loss: 0.0351
Batch 150, Loss: 0.0386
Epoch 108 learning rate: 0.04373333832178482
Epoch 108 time: 91.22339606285095 seconds
Epoch 108 accuracy: 94.3%
Batch 50, Loss: 0.0337
Batch 100, Loss: 0.0382
Batch 150, Loss: 0.0403
Epoch 109 learning rate: 0.0429549384031209
Epoch 109 time: 91.17911887168884 seconds
Epoch 109 accuracy: 94.21%
Batch 50, Loss: 0.0354
Batch 100, Loss: 0.0303
Batch 150, Loss: 0.0379
Epoch 110 learning rate: 0.042178276747988484
Epoch 110 time: 91.18252444267273 seconds
Epoch 110 accuracy: 93.99%
Batch 50, Loss: 0.0323
Batch 100, Loss: 0.0343
Batch 150, Loss: 0.0387
Epoch 111 learning rate: 0.04140354498602954
Epoch 111 time: 91.17636466026306 seconds
Epoch 111 accuracy: 94.06%
Batch 50, Loss: 0.0316
Batch 100, Loss: 0.0327
Batch 150, Loss: 0.0344
Epoch 112 learning rate: 0.0406309342707138
Epoch 112 time: 91.22550868988037 seconds
Epoch 112 accuracy: 94.12%
Batch 50, Loss: 0.0335
Batch 100, Loss: 0.0358
Batch 150, Loss: 0.0352
Epoch 113 learning rate: 0.03986063523217441
Epoch 113 time: 91.25034213066101 seconds
Epoch 113 accuracy: 94.29%
Batch 50, Loss: 0.0307
Batch 100, Loss: 0.0364
Batch 150, Loss: 0.0323
Epoch 114 learning rate: 0.039092837930172916
Epoch 114 time: 91.19949340820312 seconds
Epoch 114 accuracy: 94.53%
Batch 50, Loss: 0.0321
Batch 100, Loss: 0.0313
Batch 150, Loss: 0.0340
Epoch 115 learning rate: 0.03832773180720475
Epoch 115 time: 91.20475244522095 seconds
Epoch 115 accuracy: 94.06%
Batch 50, Loss: 0.0291
Batch 100, Loss: 0.0297
Batch 150, Loss: 0.0301
Epoch 116 learning rate: 0.037565505641757285
Epoch 116 time: 91.18942737579346 seconds
Epoch 116 accuracy: 94.65%
Batch 50, Loss: 0.0278
Batch 100, Loss: 0.0293
Batch 150, Loss: 0.0313
Epoch 117 learning rate: 0.03680634750173138
Epoch 117 time: 91.265625 seconds
Epoch 117 accuracy: 94.39%
Batch 50, Loss: 0.0273
Batch 100, Loss: 0.0303
Batch 150, Loss: 0.0300
Epoch 118 learning rate: 0.036050444698038565
Epoch 118 time: 91.24213218688965 seconds
Epoch 118 accuracy: 94.4%
Batch 50, Loss: 0.0288
Batch 100, Loss: 0.0256
Batch 150, Loss: 0.0307
Epoch 119 learning rate: 0.03529798373838483
Epoch 119 time: 91.24173045158386 seconds
Epoch 119 accuracy: 94.51%
Batch 50, Loss: 0.0266
Batch 100, Loss: 0.0265
Batch 150, Loss: 0.0289
Epoch 120 learning rate: 0.03454915028125267
Epoch 120 time: 91.16544556617737 seconds
Epoch 120 accuracy: 94.8%
Batch 50, Loss: 0.0260
Batch 100, Loss: 0.0267
Batch 150, Loss: 0.0267
Epoch 121 learning rate: 0.03380412909009255
Epoch 121 time: 91.24425554275513 seconds
Epoch 121 accuracy: 94.74%
Batch 50, Loss: 0.0241
Batch 100, Loss: 0.0261
Batch 150, Loss: 0.0303
Epoch 122 learning rate: 0.03306310398773545
Epoch 122 time: 91.16140222549438 seconds
Epoch 122 accuracy: 94.5%
Batch 50, Loss: 0.0253
Batch 100, Loss: 0.0283
Batch 150, Loss: 0.0277
Epoch 123 learning rate: 0.03232625781103717
Epoch 123 time: 91.27400517463684 seconds
Epoch 123 accuracy: 94.48%
Batch 50, Loss: 0.0236
Batch 100, Loss: 0.0249
Batch 150, Loss: 0.0266
Epoch 124 learning rate: 0.03159377236576613
Epoch 124 time: 91.21717476844788 seconds
Epoch 124 accuracy: 94.36%
Batch 50, Loss: 0.0246
Batch 100, Loss: 0.0236
Batch 150, Loss: 0.0253
Epoch 125 learning rate: 0.030865828381745543
Epoch 125 time: 91.20137596130371 seconds
Epoch 125 accuracy: 94.68%
Batch 50, Loss: 0.0230
Batch 100, Loss: 0.0225
Batch 150, Loss: 0.0249
Epoch 126 learning rate: 0.03014260546826098
Epoch 126 time: 91.2701108455658 seconds
Epoch 126 accuracy: 94.79%
Batch 50, Loss: 0.0242
Batch 100, Loss: 0.0253
Batch 150, Loss: 0.0255
Epoch 127 learning rate: 0.02942428206974458
Epoch 127 time: 91.18556308746338 seconds
Epoch 127 accuracy: 94.57%
Batch 50, Loss: 0.0223
Batch 100, Loss: 0.0219
Batch 150, Loss: 0.0221
Epoch 128 learning rate: 0.028711035421746387
Epoch 128 time: 91.18798470497131 seconds
Epoch 128 accuracy: 94.73%
Batch 50, Loss: 0.0218
Batch 100, Loss: 0.0231
Batch 150, Loss: 0.0227
Epoch 129 learning rate: 0.02800304150720426
Epoch 129 time: 91.20898270606995 seconds
Epoch 129 accuracy: 95.18%
Batch 50, Loss: 0.0209
Batch 100, Loss: 0.0193
Batch 150, Loss: 0.0206
Epoch 130 learning rate: 0.02730047501302268
Epoch 130 time: 91.13923811912537 seconds
Epoch 130 accuracy: 94.67%
Batch 50, Loss: 0.0180
Batch 100, Loss: 0.0193
Batch 150, Loss: 0.0213
Epoch 131 learning rate: 0.026603509286971357
Epoch 131 time: 91.30058860778809 seconds
Epoch 131 accuracy: 94.92%
Batch 50, Loss: 0.0206
Batch 100, Loss: 0.0198
Batch 150, Loss: 0.0201
Epoch 132 learning rate: 0.025912316294914244
Epoch 132 time: 91.19098162651062 seconds
Epoch 132 accuracy: 94.94%
Batch 50, Loss: 0.0204
Batch 100, Loss: 0.0191
Batch 150, Loss: 0.0192
Epoch 133 learning rate: 0.025227066578379632
Epoch 133 time: 91.2146487236023 seconds
Epoch 133 accuracy: 94.94%
Batch 50, Loss: 0.0189
Batch 100, Loss: 0.0184
Batch 150, Loss: 0.0193
Epoch 134 learning rate: 0.024547929212481445
Epoch 134 time: 91.2301254272461 seconds
Epoch 134 accuracy: 95.24%
Batch 50, Loss: 0.0165
Batch 100, Loss: 0.0184
Batch 150, Loss: 0.0194
Epoch 135 learning rate: 0.02387507176420257
Epoch 135 time: 91.18967533111572 seconds
Epoch 135 accuracy: 94.63%
Batch 50, Loss: 0.0184
Batch 100, Loss: 0.0170
Batch 150, Loss: 0.0197
Epoch 136 learning rate: 0.023208660251050166
Epoch 136 time: 91.16936779022217 seconds
Epoch 136 accuracy: 94.98%
Batch 50, Loss: 0.0176
Batch 100, Loss: 0.0171
Batch 150, Loss: 0.0189
Epoch 137 learning rate: 0.022548859100093414
Epoch 137 time: 91.21582078933716 seconds
Epoch 137 accuracy: 95.06%
Batch 50, Loss: 0.0161
Batch 100, Loss: 0.0167
Batch 150, Loss: 0.0178
Epoch 138 learning rate: 0.021895831107393474
Epoch 138 time: 91.25789332389832 seconds
Epoch 138 accuracy: 94.84%
Batch 50, Loss: 0.0164
Batch 100, Loss: 0.0167
Batch 150, Loss: 0.0172
Epoch 139 learning rate: 0.02124973739783608
Epoch 139 time: 91.30932021141052 seconds
Epoch 139 accuracy: 94.91%
Batch 50, Loss: 0.0170
Batch 100, Loss: 0.0159
Batch 150, Loss: 0.0171
Epoch 140 learning rate: 0.02061073738537636
Epoch 140 time: 91.20864939689636 seconds
Epoch 140 accuracy: 95.13%
Batch 50, Loss: 0.0146
Batch 100, Loss: 0.0143
Batch 150, Loss: 0.0155
Epoch 141 learning rate: 0.019978988733705814
Epoch 141 time: 91.19509768486023 seconds
Epoch 141 accuracy: 95.3%
Batch 50, Loss: 0.0153
Batch 100, Loss: 0.0149
Batch 150, Loss: 0.0144
Epoch 142 learning rate: 0.01935464731735118
Epoch 142 time: 91.2151288986206 seconds
Epoch 142 accuracy: 94.93%
Batch 50, Loss: 0.0151
Batch 100, Loss: 0.0137
Batch 150, Loss: 0.0138
Epoch 143 learning rate: 0.018737867183214747
Epoch 143 time: 91.1763973236084 seconds
Epoch 143 accuracy: 95.25%
Batch 50, Loss: 0.0128
Batch 100, Loss: 0.0143
Batch 150, Loss: 0.0142
Epoch 144 learning rate: 0.01812880051256552
Epoch 144 time: 91.2476372718811 seconds
Epoch 144 accuracy: 95.28%
Batch 50, Loss: 0.0136
Batch 100, Loss: 0.0133
Batch 150, Loss: 0.0141
Epoch 145 learning rate: 0.017527597583490827
Epoch 145 time: 91.22632217407227 seconds
Epoch 145 accuracy: 95.09%
Batch 50, Loss: 0.0129
Batch 100, Loss: 0.0130
Batch 150, Loss: 0.0137
Epoch 146 learning rate: 0.01693440673381742
Epoch 146 time: 91.17281579971313 seconds
Epoch 146 accuracy: 95.14%
Batch 50, Loss: 0.0134
Batch 100, Loss: 0.0134
Batch 150, Loss: 0.0139
Epoch 147 learning rate: 0.016349374324511334
Epoch 147 time: 91.30741429328918 seconds
Epoch 147 accuracy: 95.37%
Batch 50, Loss: 0.0128
Batch 100, Loss: 0.0127
Batch 150, Loss: 0.0122
Epoch 148 learning rate: 0.01577264470356557
Epoch 148 time: 91.21240282058716 seconds
Epoch 148 accuracy: 95.32%
Batch 50, Loss: 0.0130
Batch 100, Loss: 0.0123
Batch 150, Loss: 0.0118
Epoch 149 learning rate: 0.01520436017038429
Epoch 149 time: 91.19861698150635 seconds
Epoch 149 accuracy: 95.45%
Batch 50, Loss: 0.0110
Batch 100, Loss: 0.0110
Batch 150, Loss: 0.0112
Epoch 150 learning rate: 0.014644660940672632
Epoch 150 time: 91.2369933128357 seconds
Epoch 150 accuracy: 95.36%
Batch 50, Loss: 0.0109
Batch 100, Loss: 0.0107
Batch 150, Loss: 0.0102
Epoch 151 learning rate: 0.01409368511184057
Epoch 151 time: 91.20263886451721 seconds
Epoch 151 accuracy: 95.28%
Batch 50, Loss: 0.0109
Batch 100, Loss: 0.0107
Batch 150, Loss: 0.0110
Epoch 152 learning rate: 0.013551568628929438
Epoch 152 time: 91.30668902397156 seconds
Epoch 152 accuracy: 95.28%
Batch 50, Loss: 0.0113
Batch 100, Loss: 0.0104
Batch 150, Loss: 0.0105
Epoch 153 learning rate: 0.013018445251069516
Epoch 153 time: 91.16162967681885 seconds
Epoch 153 accuracy: 95.36%
Batch 50, Loss: 0.0095
Batch 100, Loss: 0.0100
Batch 150, Loss: 0.0097
Epoch 154 learning rate: 0.012494446518477026
Epoch 154 time: 91.16812491416931 seconds
Epoch 154 accuracy: 95.39%
Batch 50, Loss: 0.0093
Batch 100, Loss: 0.0098
Batch 150, Loss: 0.0085
Epoch 155 learning rate: 0.011979701719998459
Epoch 155 time: 91.22737169265747 seconds
Epoch 155 accuracy: 95.52%
Batch 50, Loss: 0.0102
Batch 100, Loss: 0.0084
Batch 150, Loss: 0.0097
Epoch 156 learning rate: 0.011474337861210548
Epoch 156 time: 91.22381210327148 seconds
Epoch 156 accuracy: 95.17%
Batch 50, Loss: 0.0088
Batch 100, Loss: 0.0096
Batch 150, Loss: 0.0102
Epoch 157 learning rate: 0.010978479633083526
Epoch 157 time: 91.12524318695068 seconds
Epoch 157 accuracy: 95.61%
Batch 50, Loss: 0.0089
Batch 100, Loss: 0.0085
Batch 150, Loss: 0.0089
Epoch 158 learning rate: 0.010492249381215483
Epoch 158 time: 91.2771725654602 seconds
Epoch 158 accuracy: 95.42%
Batch 50, Loss: 0.0094
Batch 100, Loss: 0.0082
Batch 150, Loss: 0.0078
Epoch 159 learning rate: 0.010015767075645474
Epoch 159 time: 91.23139953613281 seconds
Epoch 159 accuracy: 95.28%
Batch 50, Loss: 0.0079
Batch 100, Loss: 0.0082
Batch 150, Loss: 0.0083
Epoch 160 learning rate: 0.009549150281252637
Epoch 160 time: 91.26529026031494 seconds
Epoch 160 accuracy: 95.33%
Batch 50, Loss: 0.0079
Batch 100, Loss: 0.0080
Batch 150, Loss: 0.0073
Epoch 161 learning rate: 0.00909251412874884
Epoch 161 time: 91.21108555793762 seconds
Epoch 161 accuracy: 95.36%
Batch 50, Loss: 0.0075
Batch 100, Loss: 0.0082
Batch 150, Loss: 0.0079
Epoch 162 learning rate: 0.008645971286271918
Epoch 162 time: 91.23179531097412 seconds
Epoch 162 accuracy: 95.55%
Batch 50, Loss: 0.0073
Batch 100, Loss: 0.0072
Batch 150, Loss: 0.0076
Epoch 163 learning rate: 0.008209631931586501
Epoch 163 time: 91.2109317779541 seconds
Epoch 163 accuracy: 95.62%
Batch 50, Loss: 0.0070
Batch 100, Loss: 0.0068
Batch 150, Loss: 0.0077
Epoch 164 learning rate: 0.0077836037248992605
Epoch 164 time: 91.18423342704773 seconds
Epoch 164 accuracy: 95.62%
Batch 50, Loss: 0.0074
Batch 100, Loss: 0.0075
Batch 150, Loss: 0.0074
Epoch 165 learning rate: 0.0073679917822954055
Epoch 165 time: 91.15216255187988 seconds
Epoch 165 accuracy: 95.54%
Batch 50, Loss: 0.0076
Batch 100, Loss: 0.0067
Batch 150, Loss: 0.0072
Epoch 166 learning rate: 0.006962898649802815
Epoch 166 time: 91.24748706817627 seconds
Epoch 166 accuracy: 95.59%
Batch 50, Loss: 0.0059
Batch 100, Loss: 0.0063
Batch 150, Loss: 0.0066
Epoch 167 learning rate: 0.006568424278090438
Epoch 167 time: 91.23797917366028 seconds
Epoch 167 accuracy: 95.53%
Batch 50, Loss: 0.0064
Batch 100, Loss: 0.0061
Batch 150, Loss: 0.0069
Epoch 168 learning rate: 0.006184665997806824
Epoch 168 time: 91.189120054245 seconds
Epoch 168 accuracy: 95.5%
Batch 50, Loss: 0.0065
Batch 100, Loss: 0.0057
Batch 150, Loss: 0.0060
Epoch 169 learning rate: 0.00581171849556533
Epoch 169 time: 91.16723918914795 seconds
Epoch 169 accuracy: 95.6%
Batch 50, Loss: 0.0068
Batch 100, Loss: 0.0056
Batch 150, Loss: 0.0066
Epoch 170 learning rate: 0.0054496737905816136
Epoch 170 time: 91.26768827438354 seconds
Epoch 170 accuracy: 95.49%
Batch 50, Loss: 0.0057
Batch 100, Loss: 0.0052
Batch 150, Loss: 0.0067
Epoch 171 learning rate: 0.005098621211969226
Epoch 171 time: 91.24206614494324 seconds
Epoch 171 accuracy: 95.65%
Batch 50, Loss: 0.0064
Batch 100, Loss: 0.0058
Batch 150, Loss: 0.0057
Epoch 172 learning rate: 0.004758647376699035
Epoch 172 time: 91.22243356704712 seconds
Epoch 172 accuracy: 95.53%
Batch 50, Loss: 0.0059
Batch 100, Loss: 0.0056
Batch 150, Loss: 0.0057
Epoch 173 learning rate: 0.00442983616822775
Epoch 173 time: 91.16200876235962 seconds
Epoch 173 accuracy: 95.53%
Batch 50, Loss: 0.0059
Batch 100, Loss: 0.0056
Batch 150, Loss: 0.0057
Epoch 174 learning rate: 0.004112268715800957
Epoch 174 time: 91.2288134098053 seconds
Epoch 174 accuracy: 95.7%
Batch 50, Loss: 0.0055
Batch 100, Loss: 0.0055
Batch 150, Loss: 0.0060
Epoch 175 learning rate: 0.003806023374435677
Epoch 175 time: 91.21758389472961 seconds
Epoch 175 accuracy: 95.66%
Batch 50, Loss: 0.0053
Batch 100, Loss: 0.0052
Batch 150, Loss: 0.0059
Epoch 176 learning rate: 0.003511175705587435
Epoch 176 time: 91.24099516868591 seconds
Epoch 176 accuracy: 95.59%
Batch 50, Loss: 0.0063
Batch 100, Loss: 0.0055
Batch 150, Loss: 0.0054
Epoch 177 learning rate: 0.0032277984585066333
Epoch 177 time: 91.21746492385864 seconds
Epoch 177 accuracy: 95.75%
Batch 50, Loss: 0.0053
Batch 100, Loss: 0.0051
Batch 150, Loss: 0.0054
Epoch 178 learning rate: 0.002955961552288729
Epoch 178 time: 91.23637390136719 seconds
Epoch 178 accuracy: 95.62%
Batch 50, Loss: 0.0056
Batch 100, Loss: 0.0053
Batch 150, Loss: 0.0049
Epoch 179 learning rate: 0.0026957320586227366
Epoch 179 time: 91.20786714553833 seconds
Epoch 179 accuracy: 95.75%
Batch 50, Loss: 0.0054
Batch 100, Loss: 0.0049
Batch 150, Loss: 0.0051
Epoch 180 learning rate: 0.002447174185242325
Epoch 180 time: 91.24732041358948 seconds
Epoch 180 accuracy: 95.75%
Batch 50, Loss: 0.0047
Batch 100, Loss: 0.0050
Batch 150, Loss: 0.0052
Epoch 181 learning rate: 0.0022103492600834954
Epoch 181 time: 91.15353536605835 seconds
Epoch 181 accuracy: 95.77%
Batch 50, Loss: 0.0048
Batch 100, Loss: 0.0050
Batch 150, Loss: 0.0048
Epoch 182 learning rate: 0.0019853157161528537
Epoch 182 time: 91.23816967010498 seconds
Epoch 182 accuracy: 95.78%
Batch 50, Loss: 0.0047
Batch 100, Loss: 0.0046
Batch 150, Loss: 0.0047
Epoch 183 learning rate: 0.001772129077110103
Epoch 183 time: 91.19261026382446 seconds
Epoch 183 accuracy: 95.62%
Batch 50, Loss: 0.0046
Batch 100, Loss: 0.0049
Batch 150, Loss: 0.0044
Epoch 184 learning rate: 0.0015708419435684529
Epoch 184 time: 91.27665185928345 seconds
Epoch 184 accuracy: 95.75%
Batch 50, Loss: 0.0054
Batch 100, Loss: 0.0046
Batch 150, Loss: 0.0045
Epoch 185 learning rate: 0.0013815039801161732
Epoch 185 time: 91.2537784576416 seconds
Epoch 185 accuracy: 95.73%
Batch 50, Loss: 0.0049
Batch 100, Loss: 0.0043
Batch 150, Loss: 0.0043
Epoch 186 learning rate: 0.0012041619030626347
Epoch 186 time: 91.20770287513733 seconds
Epoch 186 accuracy: 95.84%
Batch 50, Loss: 0.0043
Batch 100, Loss: 0.0052
Batch 150, Loss: 0.0045
Epoch 187 learning rate: 0.0010388594689117077
Epoch 187 time: 91.1932806968689 seconds
Epoch 187 accuracy: 95.96%
Batch 50, Loss: 0.0052
Batch 100, Loss: 0.0047
Batch 150, Loss: 0.0047
Epoch 188 learning rate: 0.0008856374635655645
Epoch 188 time: 91.24868679046631 seconds
Epoch 188 accuracy: 95.78%
Batch 50, Loss: 0.0044
Batch 100, Loss: 0.0044
Batch 150, Loss: 0.0048
Epoch 189 learning rate: 0.000744533692261307
Epoch 189 time: 91.17340183258057 seconds
Epoch 189 accuracy: 95.63%
Batch 50, Loss: 0.0048
Batch 100, Loss: 0.0046
Batch 150, Loss: 0.0046
Epoch 190 learning rate: 0.0006155829702431174
Epoch 190 time: 91.23034071922302 seconds
Epoch 190 accuracy: 95.76%
Batch 50, Loss: 0.0040
Batch 100, Loss: 0.0050
Batch 150, Loss: 0.0048
Epoch 191 learning rate: 0.0004988171141721235
Epoch 191 time: 91.18540549278259 seconds
Epoch 191 accuracy: 95.89%
Batch 50, Loss: 0.0041
Batch 100, Loss: 0.0049
Batch 150, Loss: 0.0050
Epoch 192 learning rate: 0.00039426493427611206
Epoch 192 time: 91.267404794693 seconds
Epoch 192 accuracy: 95.86%
Batch 50, Loss: 0.0047
Batch 100, Loss: 0.0054
Batch 150, Loss: 0.0038
Epoch 193 learning rate: 0.00030195222724102046
Epoch 193 time: 91.17781329154968 seconds
Epoch 193 accuracy: 95.69%
Batch 50, Loss: 0.0050
Batch 100, Loss: 0.0040
Batch 150, Loss: 0.0045
Epoch 194 learning rate: 0.00022190176984600036
Epoch 194 time: 91.29441142082214 seconds
Epoch 194 accuracy: 95.85%
Batch 50, Loss: 0.0043
Batch 100, Loss: 0.0045
Batch 150, Loss: 0.0052
Epoch 195 learning rate: 0.00015413331334360192
Epoch 195 time: 91.149653673172 seconds
Epoch 195 accuracy: 95.92%
Batch 50, Loss: 0.0045
Batch 100, Loss: 0.0047
Batch 150, Loss: 0.0045
Epoch 196 learning rate: 9.866357858642213e-05
Epoch 196 time: 91.30240082740784 seconds
Epoch 196 accuracy: 95.86%
Batch 50, Loss: 0.0043
Batch 100, Loss: 0.0047
Batch 150, Loss: 0.0049
Epoch 197 learning rate: 5.5506251901504864e-05
Epoch 197 time: 91.25433778762817 seconds
Epoch 197 accuracy: 95.78%
Batch 50, Loss: 0.0044
Batch 100, Loss: 0.0045
Batch 150, Loss: 0.0054
Epoch 198 learning rate: 2.4671981713420017e-05
Epoch 198 time: 91.62106680870056 seconds
Epoch 198 accuracy: 95.75%
Batch 50, Loss: 0.0045
Batch 100, Loss: 0.0041
Batch 150, Loss: 0.0040
Epoch 199 learning rate: 6.168375916970619e-06
Epoch 199 time: 91.17061066627502 seconds
Epoch 199 accuracy: 95.94%
Batch 50, Loss: 0.0044
Batch 100, Loss: 0.0044
Batch 150, Loss: 0.0045
Epoch 200 learning rate: 0.0
Epoch 200 time: 91.2126612663269 seconds
Epoch 200 accuracy: 95.78%
Total training time: 18259.02242255211 seconds
