The following modules were not unloaded:
  (Use "module --force purge" to unload all):

  1) CCconfig        6)  ucx/1.14.1         11) flexiblas/3.3.1
  2) gentoo/2023     7)  libfabric/1.18.0   12) imkl/2023.2.0
  3) gcccore/.12.3   8)  pmix/4.2.4         13) StdEnv/2023
  4) gcc/12.3        9)  ucc/1.2.0
  5) hwloc/2.9.1     10) openmpi/4.1.5
/project/6070520/tkleinkn/Vanilla-GAM/main_cifar.py:165: UserWarning: You have chosen a specific GPU. This will completely disable data parallelism.
  warnings.warn('You have chosen a specific GPU. This will completely '
model name space ['resnet101_c', 'resnet152_c', 'resnet18_c', 'resnet34_c', 'resnet50_c']
Use GPU: 0 for training
=> creating model 'resnet18_c'
Files already downloaded and verified
Files already downloaded and verified
tensorboard dir ./results/CIFAR10/GAM
Batch 100, Loss: 2.1513
Epoch 1 learning rate: 0.09999383162408304
Epoch 1 time: 100.51307821273804 seconds
Epoch 1 accuracy: 22.49%
Batch 100, Loss: 1.6158
Epoch 2 learning rate: 0.09997532801828658
Epoch 2 time: 91.80088710784912 seconds
Epoch 2 accuracy: 28.35%
Batch 100, Loss: 1.5290
Epoch 3 learning rate: 0.09994449374809851
Epoch 3 time: 91.85135245323181 seconds
Epoch 3 accuracy: 35.11%
Batch 100, Loss: 1.4614
Epoch 4 learning rate: 0.09990133642141359
Epoch 4 time: 91.71549940109253 seconds
Epoch 4 accuracy: 40.99%
Batch 100, Loss: 1.4033
Epoch 5 learning rate: 0.09984586668665642
Epoch 5 time: 91.76639699935913 seconds
Epoch 5 accuracy: 43.32%
Batch 100, Loss: 1.3412
Epoch 6 learning rate: 0.09977809823015402
Epoch 6 time: 91.85061001777649 seconds
Epoch 6 accuracy: 49.1%
Batch 100, Loss: 1.2592
Epoch 7 learning rate: 0.09969804777275901
Epoch 7 time: 91.89768075942993 seconds
Epoch 7 accuracy: 51.62%
Batch 100, Loss: 1.1756
Epoch 8 learning rate: 0.09960573506572391
Epoch 8 time: 92.0173602104187 seconds
Epoch 8 accuracy: 57.68%
Batch 100, Loss: 1.1193
Epoch 9 learning rate: 0.09950118288582789
Epoch 9 time: 91.75782060623169 seconds
Epoch 9 accuracy: 61.03%
Batch 100, Loss: 1.0390
Epoch 10 learning rate: 0.09938441702975691
Epoch 10 time: 91.72392010688782 seconds
Epoch 10 accuracy: 63.94%
Batch 100, Loss: 0.9826
Epoch 11 learning rate: 0.09925546630773871
Epoch 11 time: 91.85346579551697 seconds
Epoch 11 accuracy: 66.66%
Batch 100, Loss: 0.9314
Epoch 12 learning rate: 0.09911436253643445
Epoch 12 time: 91.91880011558533 seconds
Epoch 12 accuracy: 69.09%
Batch 100, Loss: 0.8960
Epoch 13 learning rate: 0.0989611405310883
Epoch 13 time: 91.94737315177917 seconds
Epoch 13 accuracy: 69.71%
Batch 100, Loss: 0.8489
Epoch 14 learning rate: 0.09879583809693739
Epoch 14 time: 91.77233123779297 seconds
Epoch 14 accuracy: 67.84%
Batch 100, Loss: 0.8194
Epoch 15 learning rate: 0.09861849601988384
Epoch 15 time: 91.68408846855164 seconds
Epoch 15 accuracy: 75.53%
Batch 100, Loss: 0.7678
Epoch 16 learning rate: 0.09842915805643157
Epoch 16 time: 91.67513513565063 seconds
Epoch 16 accuracy: 77.04%
Batch 100, Loss: 0.7357
Epoch 17 learning rate: 0.09822787092288993
Epoch 17 time: 91.71599674224854 seconds
Epoch 17 accuracy: 76.82%
Batch 100, Loss: 0.7132
Epoch 18 learning rate: 0.09801468428384717
Epoch 18 time: 91.77657580375671 seconds
Epoch 18 accuracy: 78.19%
Batch 100, Loss: 0.6735
Epoch 19 learning rate: 0.09778965073991652
Epoch 19 time: 91.72096681594849 seconds
Epoch 19 accuracy: 80.92%
Batch 100, Loss: 0.6615
Epoch 20 learning rate: 0.0975528258147577
Epoch 20 time: 91.65622806549072 seconds
Epoch 20 accuracy: 80.94%
Batch 100, Loss: 0.6416
Epoch 21 learning rate: 0.09730426794137728
Epoch 21 time: 91.63703298568726 seconds
Epoch 21 accuracy: 82.49%
Batch 100, Loss: 0.6206
Epoch 22 learning rate: 0.09704403844771128
Epoch 22 time: 91.75159001350403 seconds
Epoch 22 accuracy: 82.32%
Batch 100, Loss: 0.6049
Epoch 23 learning rate: 0.09677220154149338
Epoch 23 time: 91.7873432636261 seconds
Epoch 23 accuracy: 81.02%
Batch 100, Loss: 0.5758
Epoch 24 learning rate: 0.09648882429441258
Epoch 24 time: 91.88013935089111 seconds
Epoch 24 accuracy: 83.65%
Batch 100, Loss: 0.5708
Epoch 25 learning rate: 0.09619397662556435
Epoch 25 time: 91.76229476928711 seconds
Epoch 25 accuracy: 82.83%
Batch 100, Loss: 0.5561
Epoch 26 learning rate: 0.09588773128419906
Epoch 26 time: 91.58934950828552 seconds
Epoch 26 accuracy: 84.19%
Batch 100, Loss: 0.5524
Epoch 27 learning rate: 0.09557016383177226
Epoch 27 time: 91.76487851142883 seconds
Epoch 27 accuracy: 84.51%
Batch 100, Loss: 0.5466
Epoch 28 learning rate: 0.09524135262330098
Epoch 28 time: 91.76544499397278 seconds
Epoch 28 accuracy: 85.76%
Batch 100, Loss: 0.5288
Epoch 29 learning rate: 0.09490137878803079
Epoch 29 time: 91.9833414554596 seconds
Epoch 29 accuracy: 85.98%
Batch 100, Loss: 0.5245
Epoch 30 learning rate: 0.0945503262094184
Epoch 30 time: 91.80146217346191 seconds
Epoch 30 accuracy: 86.14%
Batch 100, Loss: 0.5046
Epoch 31 learning rate: 0.0941882815044347
Epoch 31 time: 91.6680703163147 seconds
Epoch 31 accuracy: 85.92%
Batch 100, Loss: 0.5037
Epoch 32 learning rate: 0.09381533400219319
Epoch 32 time: 91.7710657119751 seconds
Epoch 32 accuracy: 87.5%
Batch 100, Loss: 0.4987
Epoch 33 learning rate: 0.09343157572190958
Epoch 33 time: 91.7802221775055 seconds
Epoch 33 accuracy: 86.4%
Batch 100, Loss: 0.4906
Epoch 34 learning rate: 0.0930371013501972
Epoch 34 time: 91.734304189682 seconds
Epoch 34 accuracy: 87.2%
Batch 100, Loss: 0.4883
Epoch 35 learning rate: 0.09263200821770463
Epoch 35 time: 91.75625801086426 seconds
Epoch 35 accuracy: 87.72%
Batch 100, Loss: 0.4741
Epoch 36 learning rate: 0.09221639627510078
Epoch 36 time: 91.83489608764648 seconds
Epoch 36 accuracy: 87.95%
Batch 100, Loss: 0.4753
Epoch 37 learning rate: 0.09179036806841355
Epoch 37 time: 91.56931519508362 seconds
Epoch 37 accuracy: 87.63%
Batch 100, Loss: 0.4695
Epoch 38 learning rate: 0.09135402871372812
Epoch 38 time: 91.6727647781372 seconds
Epoch 38 accuracy: 88.58%
Batch 100, Loss: 0.4581
Epoch 39 learning rate: 0.0909074858712512
Epoch 39 time: 91.69523572921753 seconds
Epoch 39 accuracy: 88.27%
Batch 100, Loss: 0.4518
Epoch 40 learning rate: 0.09045084971874741
Epoch 40 time: 92.06112217903137 seconds
Epoch 40 accuracy: 88.69%
Batch 100, Loss: 0.4495
Epoch 41 learning rate: 0.08998423292435458
Epoch 41 time: 91.62710642814636 seconds
Epoch 41 accuracy: 88.56%
Batch 100, Loss: 0.4450
Epoch 42 learning rate: 0.08950775061878455
Epoch 42 time: 91.75493121147156 seconds
Epoch 42 accuracy: 89.46%
Batch 100, Loss: 0.4459
Epoch 43 learning rate: 0.08902152036691653
Epoch 43 time: 91.6517288684845 seconds
Epoch 43 accuracy: 89.13%
Batch 100, Loss: 0.4425
Epoch 44 learning rate: 0.08852566213878951
Epoch 44 time: 91.49752759933472 seconds
Epoch 44 accuracy: 88.77%
Batch 100, Loss: 0.4338
Epoch 45 learning rate: 0.0880202982800016
Epoch 45 time: 91.85053253173828 seconds
Epoch 45 accuracy: 89.69%
Batch 100, Loss: 0.4249
Epoch 46 learning rate: 0.08750555348152303
Epoch 46 time: 91.72781801223755 seconds
Epoch 46 accuracy: 88.89%
Batch 100, Loss: 0.4299
Epoch 47 learning rate: 0.08698155474893052
Epoch 47 time: 91.63898611068726 seconds
Epoch 47 accuracy: 89.96%
Batch 100, Loss: 0.4252
Epoch 48 learning rate: 0.08644843137107061
Epoch 48 time: 91.66222023963928 seconds
Epoch 48 accuracy: 90.09%
Batch 100, Loss: 0.4183
Epoch 49 learning rate: 0.08590631488815947
Epoch 49 time: 91.72788095474243 seconds
Epoch 49 accuracy: 89.43%
Batch 100, Loss: 0.4194
Epoch 50 learning rate: 0.0853553390593274
Epoch 50 time: 91.78092336654663 seconds
Epoch 50 accuracy: 90.44%
Batch 100, Loss: 0.4132
Epoch 51 learning rate: 0.08479563982961574
Epoch 51 time: 91.72494840621948 seconds
Epoch 51 accuracy: 88.46%
Batch 100, Loss: 0.4066
Epoch 52 learning rate: 0.08422735529643446
Epoch 52 time: 92.74568367004395 seconds
Epoch 52 accuracy: 90.27%
Batch 100, Loss: 0.4157
Epoch 53 learning rate: 0.08365062567548869
Epoch 53 time: 91.60223174095154 seconds
Epoch 53 accuracy: 89.68%
Batch 100, Loss: 0.4021
Epoch 54 learning rate: 0.08306559326618261
Epoch 54 time: 91.62971091270447 seconds
Epoch 54 accuracy: 89.7%
Batch 100, Loss: 0.4079
Epoch 55 learning rate: 0.0824724024165092
Epoch 55 time: 91.72513222694397 seconds
Epoch 55 accuracy: 88.97%
Batch 100, Loss: 0.4016
Epoch 56 learning rate: 0.0818711994874345
Epoch 56 time: 91.73773837089539 seconds
Epoch 56 accuracy: 90.97%
Batch 100, Loss: 0.4009
Epoch 57 learning rate: 0.08126213281678528
Epoch 57 time: 91.71635699272156 seconds
Epoch 57 accuracy: 90.94%
Batch 100, Loss: 0.3950
Epoch 58 learning rate: 0.08064535268264884
Epoch 58 time: 91.66066265106201 seconds
Epoch 58 accuracy: 90.03%
Batch 100, Loss: 0.3872
Epoch 59 learning rate: 0.08002101126629421
Epoch 59 time: 91.80191540718079 seconds
Epoch 59 accuracy: 89.21%
Batch 100, Loss: 0.3901
Epoch 60 learning rate: 0.07938926261462367
Epoch 60 time: 91.85839366912842 seconds
Epoch 60 accuracy: 90.15%
Batch 100, Loss: 0.3945
Epoch 61 learning rate: 0.07875026260216395
Epoch 61 time: 91.78876852989197 seconds
Epoch 61 accuracy: 89.88%
Batch 100, Loss: 0.3853
Epoch 62 learning rate: 0.07810416889260656
Epoch 62 time: 91.71253275871277 seconds
Epoch 62 accuracy: 91.04%
Batch 100, Loss: 0.3867
Epoch 63 learning rate: 0.07745114089990661
Epoch 63 time: 91.87854385375977 seconds
Epoch 63 accuracy: 91.25%
Batch 100, Loss: 0.3797
Epoch 64 learning rate: 0.07679133974894985
Epoch 64 time: 91.80843257904053 seconds
Epoch 64 accuracy: 91.5%
Batch 100, Loss: 0.3746
Epoch 65 learning rate: 0.07612492823579746
Epoch 65 time: 91.76262021064758 seconds
Epoch 65 accuracy: 91.72%
Batch 100, Loss: 0.3823
Epoch 66 learning rate: 0.07545207078751859
Epoch 66 time: 91.79867005348206 seconds
Epoch 66 accuracy: 90.53%
Batch 100, Loss: 0.3713
Epoch 67 learning rate: 0.0747729334216204
Epoch 67 time: 91.75992131233215 seconds
Epoch 67 accuracy: 91.93%
Batch 100, Loss: 0.3767
Epoch 68 learning rate: 0.07408768370508578
Epoch 68 time: 91.81939482688904 seconds
Epoch 68 accuracy: 90.29%
Batch 100, Loss: 0.3714
Epoch 69 learning rate: 0.0733964907130287
Epoch 69 time: 91.7248067855835 seconds
Epoch 69 accuracy: 92.3%
Batch 100, Loss: 0.3620
Epoch 70 learning rate: 0.07269952498697736
Epoch 70 time: 91.75936102867126 seconds
Epoch 70 accuracy: 91.7%
Batch 100, Loss: 0.3634
Epoch 71 learning rate: 0.07199695849279578
Epoch 71 time: 91.78726530075073 seconds
Epoch 71 accuracy: 92.23%
Batch 100, Loss: 0.3653
Epoch 72 learning rate: 0.07128896457825366
Epoch 72 time: 91.78416395187378 seconds
Epoch 72 accuracy: 89.19%
Batch 100, Loss: 0.3567
Epoch 73 learning rate: 0.07057571793025548
Epoch 73 time: 91.86245584487915 seconds
Epoch 73 accuracy: 92.2%
Batch 100, Loss: 0.3604
Epoch 74 learning rate: 0.06985739453173906
Epoch 74 time: 91.77022290229797 seconds
Epoch 74 accuracy: 91.78%
Batch 100, Loss: 0.3578
Epoch 75 learning rate: 0.06913417161825453
Epoch 75 time: 91.81532955169678 seconds
Epoch 75 accuracy: 91.74%
Batch 100, Loss: 0.3498
Epoch 76 learning rate: 0.06840622763423394
Epoch 76 time: 91.80531287193298 seconds
Epoch 76 accuracy: 92.71%
Batch 100, Loss: 0.3535
Epoch 77 learning rate: 0.0676737421889629
Epoch 77 time: 91.67155575752258 seconds
Epoch 77 accuracy: 92.78%
Batch 100, Loss: 0.3516
Epoch 78 learning rate: 0.06693689601226462
Epoch 78 time: 91.89146256446838 seconds
Epoch 78 accuracy: 92.79%
Batch 100, Loss: 0.3458
Epoch 79 learning rate: 0.06619587090990751
Epoch 79 time: 91.70654773712158 seconds
Epoch 79 accuracy: 89.94%
Batch 100, Loss: 0.3455
Epoch 80 learning rate: 0.06545084971874741
Epoch 80 time: 91.67450141906738 seconds
Epoch 80 accuracy: 92.35%
Batch 100, Loss: 0.3467
Epoch 81 learning rate: 0.06470201626161524
Epoch 81 time: 91.69452977180481 seconds
Epoch 81 accuracy: 92.14%
Batch 100, Loss: 0.3451
Epoch 82 learning rate: 0.06394955530196152
Epoch 82 time: 91.70886015892029 seconds
Epoch 82 accuracy: 92.82%
Batch 100, Loss: 0.3449
Epoch 83 learning rate: 0.06319365249826868
Epoch 83 time: 91.74664759635925 seconds
Epoch 83 accuracy: 91.83%
Batch 100, Loss: 0.3341
Epoch 84 learning rate: 0.06243449435824277
Epoch 84 time: 91.97560119628906 seconds
Epoch 84 accuracy: 92.8%
Batch 100, Loss: 0.3400
Epoch 85 learning rate: 0.06167226819279532
Epoch 85 time: 91.77454686164856 seconds
Epoch 85 accuracy: 92.82%
Batch 100, Loss: 0.3364
Epoch 86 learning rate: 0.06090716206982718
Epoch 86 time: 91.67837071418762 seconds
Epoch 86 accuracy: 93.17%
Batch 100, Loss: 0.3376
Epoch 87 learning rate: 0.06013936476782568
Epoch 87 time: 91.68447709083557 seconds
Epoch 87 accuracy: 92.83%
Batch 100, Loss: 0.3315
Epoch 88 learning rate: 0.05936906572928629
Epoch 88 time: 91.78274917602539 seconds
Epoch 88 accuracy: 92.88%
Batch 100, Loss: 0.3279
Epoch 89 learning rate: 0.05859645501397052
Epoch 89 time: 91.69937539100647 seconds
Epoch 89 accuracy: 93.28%
Batch 100, Loss: 0.3214
Epoch 90 learning rate: 0.05782172325201159
Epoch 90 time: 91.81569480895996 seconds
Epoch 90 accuracy: 92.59%
Batch 100, Loss: 0.3233
Epoch 91 learning rate: 0.057045061596879186
Epoch 91 time: 91.66407322883606 seconds
Epoch 91 accuracy: 92.85%
Batch 100, Loss: 0.3214
Epoch 92 learning rate: 0.056266661678215264
Epoch 92 time: 91.67126226425171 seconds
Epoch 92 accuracy: 92.85%
Batch 100, Loss: 0.3190
Epoch 93 learning rate: 0.055486715554552306
Epoch 93 time: 91.70201301574707 seconds
Epoch 93 accuracy: 93.37%
Batch 100, Loss: 0.3191
Epoch 94 learning rate: 0.05470541566592575
Epoch 94 time: 91.56667804718018 seconds
Epoch 94 accuracy: 92.95%
Batch 100, Loss: 0.3143
Epoch 95 learning rate: 0.05392295478639229
Epoch 95 time: 91.6747317314148 seconds
Epoch 95 accuracy: 93.15%
Batch 100, Loss: 0.3147
Epoch 96 learning rate: 0.05313952597646571
Epoch 96 time: 91.68403935432434 seconds
Epoch 96 accuracy: 93.57%
Batch 100, Loss: 0.3037
Epoch 97 learning rate: 0.05235532253548216
Epoch 97 time: 91.67432880401611 seconds
Epoch 97 accuracy: 93.18%
Batch 100, Loss: 0.3088
Epoch 98 learning rate: 0.051570537953906447
Epoch 98 time: 92.00758790969849 seconds
Epoch 98 accuracy: 93.25%
Batch 100, Loss: 0.3103
Epoch 99 learning rate: 0.05078536586559106
Epoch 99 time: 91.62232232093811 seconds
Epoch 99 accuracy: 93.11%
Batch 100, Loss: 0.2974
Epoch 100 learning rate: 0.050000000000000024
Epoch 100 time: 91.62749648094177 seconds
Epoch 100 accuracy: 91.94%
Batch 100, Loss: 0.3073
Epoch 101 learning rate: 0.049214634134409
Epoch 101 time: 91.73459362983704 seconds
Epoch 101 accuracy: 93.19%
Batch 100, Loss: 0.3082
Epoch 102 learning rate: 0.04842946204609361
Epoch 102 time: 91.6265640258789 seconds
Epoch 102 accuracy: 93.51%
Batch 100, Loss: 0.2973
Epoch 103 learning rate: 0.04764467746451789
Epoch 103 time: 91.64424324035645 seconds
Epoch 103 accuracy: 93.93%
Batch 100, Loss: 0.2938
Epoch 104 learning rate: 0.046860474023534354
Epoch 104 time: 91.61159181594849 seconds
Epoch 104 accuracy: 93.82%
Batch 100, Loss: 0.2968
Epoch 105 learning rate: 0.04607704521360778
Epoch 105 time: 91.5409803390503 seconds
Epoch 105 accuracy: 93.87%
Batch 100, Loss: 0.2978
Epoch 106 learning rate: 0.04529458433407431
Epoch 106 time: 91.70295715332031 seconds
Epoch 106 accuracy: 93.88%
Batch 100, Loss: 0.2937
Epoch 107 learning rate: 0.04451328444544776
Epoch 107 time: 91.842280626297 seconds
Epoch 107 accuracy: 93.96%
Batch 100, Loss: 0.2836
Epoch 108 learning rate: 0.04373333832178482
Epoch 108 time: 91.80737042427063 seconds
Epoch 108 accuracy: 94.12%
Batch 100, Loss: 0.2949
Epoch 109 learning rate: 0.0429549384031209
Epoch 109 time: 91.6751229763031 seconds
Epoch 109 accuracy: 93.94%
Batch 100, Loss: 0.2836
Epoch 110 learning rate: 0.042178276747988484
Epoch 110 time: 91.67745614051819 seconds
Epoch 110 accuracy: 94.31%
Batch 100, Loss: 0.2785
Epoch 111 learning rate: 0.04140354498602954
Epoch 111 time: 91.69025301933289 seconds
Epoch 111 accuracy: 93.81%
Batch 100, Loss: 0.2834
Epoch 112 learning rate: 0.0406309342707138
Epoch 112 time: 91.64933800697327 seconds
Epoch 112 accuracy: 93.98%
Batch 100, Loss: 0.2762
Epoch 113 learning rate: 0.03986063523217441
Epoch 113 time: 91.61716985702515 seconds
Epoch 113 accuracy: 94.27%
Batch 100, Loss: 0.2762
Epoch 114 learning rate: 0.039092837930172916
Epoch 114 time: 91.68702554702759 seconds
Epoch 114 accuracy: 94.47%
Batch 100, Loss: 0.2740
Epoch 115 learning rate: 0.03832773180720475
Epoch 115 time: 91.82876658439636 seconds
Epoch 115 accuracy: 93.93%
Batch 100, Loss: 0.2701
Epoch 116 learning rate: 0.037565505641757285
Epoch 116 time: 91.64849925041199 seconds
Epoch 116 accuracy: 94.48%
Batch 100, Loss: 0.2710
Epoch 117 learning rate: 0.03680634750173138
Epoch 117 time: 91.79871010780334 seconds
Epoch 117 accuracy: 94.63%
Batch 100, Loss: 0.2672
Epoch 118 learning rate: 0.036050444698038565
Epoch 118 time: 91.74975657463074 seconds
Epoch 118 accuracy: 94.92%
Batch 100, Loss: 0.2643
Epoch 119 learning rate: 0.03529798373838483
Epoch 119 time: 91.691885471344 seconds
Epoch 119 accuracy: 94.68%
Batch 100, Loss: 0.2568
Epoch 120 learning rate: 0.03454915028125267
Epoch 120 time: 91.57562685012817 seconds
Epoch 120 accuracy: 94.34%
Batch 100, Loss: 0.2681
Epoch 121 learning rate: 0.03380412909009255
Epoch 121 time: 91.35657596588135 seconds
Epoch 121 accuracy: 94.71%
Batch 100, Loss: 0.2606
Epoch 122 learning rate: 0.03306310398773545
Epoch 122 time: 91.47870826721191 seconds
Epoch 122 accuracy: 95.02%
Batch 100, Loss: 0.2621
Epoch 123 learning rate: 0.03232625781103717
Epoch 123 time: 91.42924356460571 seconds
Epoch 123 accuracy: 94.72%
Batch 100, Loss: 0.2544
Epoch 124 learning rate: 0.03159377236576613
Epoch 124 time: 91.42560172080994 seconds
Epoch 124 accuracy: 94.66%
Batch 100, Loss: 0.2556
Epoch 125 learning rate: 0.030865828381745543
Epoch 125 time: 91.31736373901367 seconds
Epoch 125 accuracy: 94.77%
Batch 100, Loss: 0.2542
Epoch 126 learning rate: 0.03014260546826098
Epoch 126 time: 91.38281512260437 seconds
Epoch 126 accuracy: 94.88%
Batch 100, Loss: 0.2490
Epoch 127 learning rate: 0.02942428206974458
Epoch 127 time: 91.35609865188599 seconds
Epoch 127 accuracy: 95.42%
Batch 100, Loss: 0.2510
Epoch 128 learning rate: 0.028711035421746387
Epoch 128 time: 91.4587185382843 seconds
Epoch 128 accuracy: 94.86%
Batch 100, Loss: 0.2452
Epoch 129 learning rate: 0.02800304150720426
Epoch 129 time: 91.42606091499329 seconds
Epoch 129 accuracy: 95.03%
Batch 100, Loss: 0.2495
Epoch 130 learning rate: 0.02730047501302268
Epoch 130 time: 91.35286235809326 seconds
Epoch 130 accuracy: 94.73%
Batch 100, Loss: 0.2476
Epoch 131 learning rate: 0.026603509286971357
Epoch 131 time: 91.36410021781921 seconds
Epoch 131 accuracy: 94.61%
Batch 100, Loss: 0.2454
Epoch 132 learning rate: 0.025912316294914244
Epoch 132 time: 91.32428407669067 seconds
Epoch 132 accuracy: 95.19%
Batch 100, Loss: 0.2350
Epoch 133 learning rate: 0.025227066578379632
Epoch 133 time: 91.38122153282166 seconds
Epoch 133 accuracy: 95.36%
Batch 100, Loss: 0.2428
Epoch 134 learning rate: 0.024547929212481445
Epoch 134 time: 91.36225509643555 seconds
Epoch 134 accuracy: 95.39%
Batch 100, Loss: 0.2327
Epoch 135 learning rate: 0.02387507176420257
Epoch 135 time: 91.28930187225342 seconds
Epoch 135 accuracy: 95.37%
Batch 100, Loss: 0.2342
Epoch 136 learning rate: 0.023208660251050166
Epoch 136 time: 91.50853872299194 seconds
Epoch 136 accuracy: 95.49%
Batch 100, Loss: 0.2308
Epoch 137 learning rate: 0.022548859100093414
Epoch 137 time: 91.31821131706238 seconds
Epoch 137 accuracy: 95.35%
Batch 100, Loss: 0.2338
Epoch 138 learning rate: 0.021895831107393474
Epoch 138 time: 91.42727780342102 seconds
Epoch 138 accuracy: 95.58%
Batch 100, Loss: 0.2239
Epoch 139 learning rate: 0.02124973739783608
Epoch 139 time: 91.39703488349915 seconds
Epoch 139 accuracy: 95.12%
Batch 100, Loss: 0.2249
Epoch 140 learning rate: 0.02061073738537636
Epoch 140 time: 91.45709753036499 seconds
Epoch 140 accuracy: 95.52%
Batch 100, Loss: 0.2259
Epoch 141 learning rate: 0.019978988733705814
Epoch 141 time: 91.45456528663635 seconds
Epoch 141 accuracy: 95.54%
Batch 100, Loss: 0.2267
Epoch 142 learning rate: 0.01935464731735118
Epoch 142 time: 91.51301431655884 seconds
Epoch 142 accuracy: 95.78%
Batch 100, Loss: 0.2238
Epoch 143 learning rate: 0.018737867183214747
Epoch 143 time: 91.47245931625366 seconds
Epoch 143 accuracy: 95.42%
Batch 100, Loss: 0.2170
Epoch 144 learning rate: 0.01812880051256552
Epoch 144 time: 91.30260610580444 seconds
Epoch 144 accuracy: 95.58%
Batch 100, Loss: 0.2176
Epoch 145 learning rate: 0.017527597583490827
Epoch 145 time: 91.3304352760315 seconds
Epoch 145 accuracy: 95.25%
Batch 100, Loss: 0.2163
Epoch 146 learning rate: 0.01693440673381742
Epoch 146 time: 91.3604588508606 seconds
Epoch 146 accuracy: 95.76%
Batch 100, Loss: 0.2158
Epoch 147 learning rate: 0.016349374324511334
Epoch 147 time: 91.45668530464172 seconds
Epoch 147 accuracy: 95.64%
Batch 100, Loss: 0.2083
Epoch 148 learning rate: 0.01577264470356557
Epoch 148 time: 91.6680109500885 seconds
Epoch 148 accuracy: 95.89%
Batch 100, Loss: 0.2065
Epoch 149 learning rate: 0.01520436017038429
Epoch 149 time: 91.6646203994751 seconds
Epoch 149 accuracy: 95.86%
Batch 100, Loss: 0.2147
Epoch 150 learning rate: 0.014644660940672632
Epoch 150 time: 91.79180264472961 seconds
Epoch 150 accuracy: 96.1%
Batch 100, Loss: 0.2053
Epoch 151 learning rate: 0.01409368511184057
Epoch 151 time: 91.82731008529663 seconds
Epoch 151 accuracy: 95.89%
Batch 100, Loss: 0.2080
Epoch 152 learning rate: 0.013551568628929438
Epoch 152 time: 91.7034695148468 seconds
Epoch 152 accuracy: 96.12%
Batch 100, Loss: 0.2041
Epoch 153 learning rate: 0.013018445251069516
Epoch 153 time: 91.72388935089111 seconds
Epoch 153 accuracy: 96.12%
Batch 100, Loss: 0.2003
Epoch 154 learning rate: 0.012494446518477026
Epoch 154 time: 91.83035397529602 seconds
Epoch 154 accuracy: 95.87%
Batch 100, Loss: 0.1966
Epoch 155 learning rate: 0.011979701719998459
Epoch 155 time: 91.77945971488953 seconds
Epoch 155 accuracy: 96.04%
Batch 100, Loss: 0.1998
Epoch 156 learning rate: 0.011474337861210548
Epoch 156 time: 91.54396343231201 seconds
Epoch 156 accuracy: 96.04%
Batch 100, Loss: 0.1940
Epoch 157 learning rate: 0.010978479633083526
Epoch 157 time: 91.51147294044495 seconds
Epoch 157 accuracy: 96.13%
Batch 100, Loss: 0.1988
Epoch 158 learning rate: 0.010492249381215483
Epoch 158 time: 91.55741810798645 seconds
Epoch 158 accuracy: 96.21%
Batch 100, Loss: 0.1941
Epoch 159 learning rate: 0.010015767075645474
Epoch 159 time: 91.76409459114075 seconds
Epoch 159 accuracy: 96.2%
Batch 100, Loss: 0.1954
Epoch 160 learning rate: 0.009549150281252637
Epoch 160 time: 91.59201788902283 seconds
Epoch 160 accuracy: 96.18%
Batch 100, Loss: 0.1935
Epoch 161 learning rate: 0.00909251412874884
Epoch 161 time: 91.78336548805237 seconds
Epoch 161 accuracy: 96.27%
Batch 100, Loss: 0.1880
Epoch 162 learning rate: 0.008645971286271918
Epoch 162 time: 91.77802968025208 seconds
Epoch 162 accuracy: 96.0%
Batch 100, Loss: 0.1962
Epoch 163 learning rate: 0.008209631931586501
Epoch 163 time: 91.42628955841064 seconds
Epoch 163 accuracy: 96.46%
Batch 100, Loss: 0.1829
Epoch 164 learning rate: 0.0077836037248992605
Epoch 164 time: 91.55292129516602 seconds
Epoch 164 accuracy: 96.16%
Batch 100, Loss: 0.1849
Epoch 165 learning rate: 0.0073679917822954055
Epoch 165 time: 91.83259892463684 seconds
Epoch 165 accuracy: 96.32%
Batch 100, Loss: 0.1857
Epoch 166 learning rate: 0.006962898649802815
Epoch 166 time: 91.6236367225647 seconds
Epoch 166 accuracy: 96.2%
Batch 100, Loss: 0.1893
Epoch 167 learning rate: 0.006568424278090438
Epoch 167 time: 91.68956661224365 seconds
Epoch 167 accuracy: 96.36%
Batch 100, Loss: 0.1831
Epoch 168 learning rate: 0.006184665997806824
Epoch 168 time: 91.82980442047119 seconds
Epoch 168 accuracy: 96.34%
Batch 100, Loss: 0.1834
Epoch 169 learning rate: 0.00581171849556533
Epoch 169 time: 91.64259910583496 seconds
Epoch 169 accuracy: 96.31%
Batch 100, Loss: 0.1774
Epoch 170 learning rate: 0.0054496737905816136
Epoch 170 time: 91.80536603927612 seconds
Epoch 170 accuracy: 96.41%
Batch 100, Loss: 0.1806
Epoch 171 learning rate: 0.005098621211969226
Epoch 171 time: 91.51181864738464 seconds
Epoch 171 accuracy: 96.27%
Batch 100, Loss: 0.1792
Epoch 172 learning rate: 0.004758647376699035
Epoch 172 time: 91.88041543960571 seconds
Epoch 172 accuracy: 96.65%
Batch 100, Loss: 0.1778
Epoch 173 learning rate: 0.00442983616822775
Epoch 173 time: 91.68575763702393 seconds
Epoch 173 accuracy: 96.43%
Batch 100, Loss: 0.1795
Epoch 174 learning rate: 0.004112268715800957
Epoch 174 time: 91.67867350578308 seconds
Epoch 174 accuracy: 96.46%
Batch 100, Loss: 0.1793
Epoch 175 learning rate: 0.003806023374435677
Epoch 175 time: 91.66272068023682 seconds
Epoch 175 accuracy: 96.5%
Batch 100, Loss: 0.1782
Epoch 176 learning rate: 0.003511175705587435
Epoch 176 time: 91.60051202774048 seconds
Epoch 176 accuracy: 96.5%
Batch 100, Loss: 0.1757
Epoch 177 learning rate: 0.0032277984585066333
Epoch 177 time: 91.8318178653717 seconds
Epoch 177 accuracy: 96.45%
Batch 100, Loss: 0.1719
Epoch 178 learning rate: 0.002955961552288729
Epoch 178 time: 91.77552366256714 seconds
Epoch 178 accuracy: 96.55%
Batch 100, Loss: 0.1748
Epoch 179 learning rate: 0.0026957320586227366
Epoch 179 time: 91.73619866371155 seconds
Epoch 179 accuracy: 96.53%
Batch 100, Loss: 0.1720
Epoch 180 learning rate: 0.002447174185242325
Epoch 180 time: 91.48878216743469 seconds
Epoch 180 accuracy: 96.47%
Batch 100, Loss: 0.1702
Epoch 181 learning rate: 0.0022103492600834954
Epoch 181 time: 91.70706963539124 seconds
Epoch 181 accuracy: 96.51%
Batch 100, Loss: 0.1727
Epoch 182 learning rate: 0.0019853157161528537
Epoch 182 time: 91.62319827079773 seconds
Epoch 182 accuracy: 96.56%
Batch 100, Loss: 0.1674
Epoch 183 learning rate: 0.001772129077110103
Epoch 183 time: 91.6861343383789 seconds
Epoch 183 accuracy: 96.57%
Batch 100, Loss: 0.1667
Epoch 184 learning rate: 0.0015708419435684529
Epoch 184 time: 91.66553521156311 seconds
Epoch 184 accuracy: 96.67%
Batch 100, Loss: 0.1730
Epoch 185 learning rate: 0.0013815039801161732
Epoch 185 time: 91.64547371864319 seconds
Epoch 185 accuracy: 96.67%
Batch 100, Loss: 0.1654
Epoch 186 learning rate: 0.0012041619030626347
Epoch 186 time: 91.6277391910553 seconds
Epoch 186 accuracy: 96.53%
Batch 100, Loss: 0.1694
Epoch 187 learning rate: 0.0010388594689117077
Epoch 187 time: 91.58787059783936 seconds
Epoch 187 accuracy: 96.66%
Batch 100, Loss: 0.1689
Epoch 188 learning rate: 0.0008856374635655645
Epoch 188 time: 91.86585259437561 seconds
Epoch 188 accuracy: 96.62%
Batch 100, Loss: 0.1727
Epoch 189 learning rate: 0.000744533692261307
Epoch 189 time: 91.65209722518921 seconds
Epoch 189 accuracy: 96.61%
Batch 100, Loss: 0.1654
Epoch 190 learning rate: 0.0006155829702431174
Epoch 190 time: 91.58044528961182 seconds
Epoch 190 accuracy: 96.61%
Batch 100, Loss: 0.1706
Epoch 191 learning rate: 0.0004988171141721235
Epoch 191 time: 91.89163398742676 seconds
Epoch 191 accuracy: 96.57%
Batch 100, Loss: 0.1655
Epoch 192 learning rate: 0.00039426493427611206
Epoch 192 time: 91.65050101280212 seconds
Epoch 192 accuracy: 96.66%
Batch 100, Loss: 0.1679
Epoch 193 learning rate: 0.00030195222724102046
Epoch 193 time: 91.57979440689087 seconds
Epoch 193 accuracy: 96.68%
Batch 100, Loss: 0.1670
Epoch 194 learning rate: 0.00022190176984600036
Epoch 194 time: 91.5387351512909 seconds
Epoch 194 accuracy: 96.67%
Batch 100, Loss: 0.1658
Epoch 195 learning rate: 0.00015413331334360192
Epoch 195 time: 91.56733059883118 seconds
Epoch 195 accuracy: 96.73%
Batch 100, Loss: 0.1655
Epoch 196 learning rate: 9.866357858642213e-05
Epoch 196 time: 91.54878163337708 seconds
Epoch 196 accuracy: 96.65%
Batch 100, Loss: 0.1681
Epoch 197 learning rate: 5.5506251901504864e-05
Epoch 197 time: 91.66290640830994 seconds
Epoch 197 accuracy: 96.6%
Batch 100, Loss: 0.1619
Epoch 198 learning rate: 2.4671981713420017e-05
Epoch 198 time: 91.91803789138794 seconds
Epoch 198 accuracy: 96.71%
Batch 100, Loss: 0.1676
Epoch 199 learning rate: 6.168375916970619e-06
Epoch 199 time: 91.76930546760559 seconds
Epoch 199 accuracy: 96.7%
Batch 100, Loss: 0.1635
Epoch 200 learning rate: 0.0
Epoch 200 time: 91.86200737953186 seconds
Epoch 200 accuracy: 96.59%
Total training time: 18346.126232147217 seconds
