The following modules were not unloaded:
  (Use "module --force purge" to unload all):

  1) CCconfig        6)  ucx/1.14.1         11) flexiblas/3.3.1
  2) gentoo/2023     7)  libfabric/1.18.0   12) imkl/2023.2.0
  3) gcccore/.12.3   8)  pmix/4.2.4         13) StdEnv/2023
  4) gcc/12.3        9)  ucc/1.2.0
  5) hwloc/2.9.1     10) openmpi/4.1.5
/project/6070520/tkleinkn/Vanilla-GAM/main_cifar.py:159: UserWarning: You have chosen a specific GPU. This will completely disable data parallelism.
  warnings.warn('You have chosen a specific GPU. This will completely '
model name space ['resnet101_c', 'resnet152_c', 'resnet18_c', 'resnet34_c', 'resnet50_c']
Use GPU: 0 for training
=> creating model 'resnet18_c'
Files already downloaded and verified
Files already downloaded and verified
tensorboard dir ./results/CIFAR100/GAM
Batch 50, Loss: 3.8111
Batch 100, Loss: 3.3166
Batch 150, Loss: 3.1936
Epoch 1 learning rate: 0.09999383162408304
Epoch 1 time: 103.45133686065674 seconds
Epoch 1 accuracy: 13.49%
Batch 50, Loss: 2.9991
Batch 100, Loss: 2.9139
Batch 150, Loss: 2.8212
Epoch 2 learning rate: 0.09997532801828658
Epoch 2 time: 90.91135597229004 seconds
Epoch 2 accuracy: 20.38%
Batch 50, Loss: 2.6651
Batch 100, Loss: 2.5697
Batch 150, Loss: 2.4815
Epoch 3 learning rate: 0.09994449374809851
Epoch 3 time: 91.00605010986328 seconds
Epoch 3 accuracy: 25.3%
Batch 50, Loss: 2.3222
Batch 100, Loss: 2.2621
Batch 150, Loss: 2.1756
Epoch 4 learning rate: 0.09990133642141359
Epoch 4 time: 90.98721361160278 seconds
Epoch 4 accuracy: 34.75%
Batch 50, Loss: 2.0039
Batch 100, Loss: 1.9770
Batch 150, Loss: 1.9011
Epoch 5 learning rate: 0.09984586668665642
Epoch 5 time: 90.90880703926086 seconds
Epoch 5 accuracy: 42.71%
Batch 50, Loss: 1.7812
Batch 100, Loss: 1.7653
Batch 150, Loss: 1.6992
Epoch 6 learning rate: 0.09977809823015402
Epoch 6 time: 90.84727787971497 seconds
Epoch 6 accuracy: 45.81%
Batch 50, Loss: 1.5774
Batch 100, Loss: 1.5950
Batch 150, Loss: 1.5244
Epoch 7 learning rate: 0.09969804777275901
Epoch 7 time: 90.87755942344666 seconds
Epoch 7 accuracy: 50.93%
Batch 50, Loss: 1.4596
Batch 100, Loss: 1.4275
Batch 150, Loss: 1.3960
Epoch 8 learning rate: 0.09960573506572391
Epoch 8 time: 90.94857597351074 seconds
Epoch 8 accuracy: 53.71%
Batch 50, Loss: 1.3210
Batch 100, Loss: 1.3368
Batch 150, Loss: 1.3039
Epoch 9 learning rate: 0.09950118288582789
Epoch 9 time: 90.91133213043213 seconds
Epoch 9 accuracy: 56.09%
Batch 50, Loss: 1.2170
Batch 100, Loss: 1.2275
Batch 150, Loss: 1.2262
Epoch 10 learning rate: 0.09938441702975691
Epoch 10 time: 90.85206246376038 seconds
Epoch 10 accuracy: 57.81%
Batch 50, Loss: 1.1588
Batch 100, Loss: 1.1532
Batch 150, Loss: 1.1444
Epoch 11 learning rate: 0.09925546630773871
Epoch 11 time: 90.89587116241455 seconds
Epoch 11 accuracy: 60.53%
Batch 50, Loss: 1.0874
Batch 100, Loss: 1.0907
Batch 150, Loss: 1.0820
Epoch 12 learning rate: 0.09911436253643445
Epoch 12 time: 90.83024740219116 seconds
Epoch 12 accuracy: 61.13%
Batch 50, Loss: 1.0045
Batch 100, Loss: 1.0228
Batch 150, Loss: 1.0343
Epoch 13 learning rate: 0.0989611405310883
Epoch 13 time: 90.83915710449219 seconds
Epoch 13 accuracy: 61.52%
Batch 50, Loss: 0.9601
Batch 100, Loss: 0.9752
Batch 150, Loss: 0.9863
Epoch 14 learning rate: 0.09879583809693739
Epoch 14 time: 90.85833716392517 seconds
Epoch 14 accuracy: 61.58%
Batch 50, Loss: 0.9205
Batch 100, Loss: 0.9271
Batch 150, Loss: 0.9613
Epoch 15 learning rate: 0.09861849601988384
Epoch 15 time: 90.83152508735657 seconds
Epoch 15 accuracy: 61.96%
Batch 50, Loss: 0.8795
Batch 100, Loss: 0.8942
Batch 150, Loss: 0.9180
Epoch 16 learning rate: 0.09842915805643157
Epoch 16 time: 90.86434173583984 seconds
Epoch 16 accuracy: 61.85%
Batch 50, Loss: 0.8372
Batch 100, Loss: 0.8631
Batch 150, Loss: 0.8610
Epoch 17 learning rate: 0.09822787092288993
Epoch 17 time: 90.92856049537659 seconds
Epoch 17 accuracy: 63.26%
Batch 50, Loss: 0.8152
Batch 100, Loss: 0.8276
Batch 150, Loss: 0.8580
Epoch 18 learning rate: 0.09801468428384717
Epoch 18 time: 94.78061723709106 seconds
Epoch 18 accuracy: 64.15%
Batch 50, Loss: 0.7755
Batch 100, Loss: 0.7902
Batch 150, Loss: 0.8147
Epoch 19 learning rate: 0.09778965073991652
Epoch 19 time: 90.88762927055359 seconds
Epoch 19 accuracy: 62.7%
Batch 50, Loss: 0.7508
Batch 100, Loss: 0.7670
Batch 150, Loss: 0.7957
Epoch 20 learning rate: 0.0975528258147577
Epoch 20 time: 90.81154155731201 seconds
Epoch 20 accuracy: 65.73%
Batch 50, Loss: 0.7258
Batch 100, Loss: 0.7335
Batch 150, Loss: 0.7527
Epoch 21 learning rate: 0.09730426794137728
Epoch 21 time: 90.86221051216125 seconds
Epoch 21 accuracy: 63.63%
Batch 50, Loss: 0.7003
Batch 100, Loss: 0.7064
Batch 150, Loss: 0.7531
Epoch 22 learning rate: 0.09704403844771128
Epoch 22 time: 90.86350011825562 seconds
Epoch 22 accuracy: 65.4%
Batch 50, Loss: 0.6591
Batch 100, Loss: 0.7087
Batch 150, Loss: 0.7270
Epoch 23 learning rate: 0.09677220154149338
Epoch 23 time: 90.91308999061584 seconds
Epoch 23 accuracy: 65.23%
Batch 50, Loss: 0.6395
Batch 100, Loss: 0.6897
Batch 150, Loss: 0.7165
Epoch 24 learning rate: 0.09648882429441258
Epoch 24 time: 90.94500660896301 seconds
Epoch 24 accuracy: 65.45%
Batch 50, Loss: 0.6494
Batch 100, Loss: 0.6570
Batch 150, Loss: 0.6895
Epoch 25 learning rate: 0.09619397662556435
Epoch 25 time: 90.89063668251038 seconds
Epoch 25 accuracy: 65.77%
Batch 50, Loss: 0.6113
Batch 100, Loss: 0.6273
Batch 150, Loss: 0.6555
Epoch 26 learning rate: 0.09588773128419906
Epoch 26 time: 90.84733700752258 seconds
Epoch 26 accuracy: 66.23%
Batch 50, Loss: 0.6061
Batch 100, Loss: 0.6184
Batch 150, Loss: 0.6417
Epoch 27 learning rate: 0.09557016383177226
Epoch 27 time: 90.90549540519714 seconds
Epoch 27 accuracy: 66.03%
Batch 50, Loss: 0.5728
Batch 100, Loss: 0.5965
Batch 150, Loss: 0.6173
Epoch 28 learning rate: 0.09524135262330098
Epoch 28 time: 90.78412938117981 seconds
Epoch 28 accuracy: 66.76%
Batch 50, Loss: 0.5819
Batch 100, Loss: 0.5819
Batch 150, Loss: 0.6061
Epoch 29 learning rate: 0.09490137878803079
Epoch 29 time: 90.81833791732788 seconds
Epoch 29 accuracy: 66.28%
Batch 50, Loss: 0.5551
Batch 100, Loss: 0.5702
Batch 150, Loss: 0.5827
Epoch 30 learning rate: 0.0945503262094184
Epoch 30 time: 90.90161633491516 seconds
Epoch 30 accuracy: 65.21%
Batch 50, Loss: 0.5458
Batch 100, Loss: 0.5534
Batch 150, Loss: 0.5730
Epoch 31 learning rate: 0.0941882815044347
Epoch 31 time: 90.84137535095215 seconds
Epoch 31 accuracy: 67.2%
Batch 50, Loss: 0.5355
Batch 100, Loss: 0.5507
Batch 150, Loss: 0.5706
Epoch 32 learning rate: 0.09381533400219319
Epoch 32 time: 90.8088366985321 seconds
Epoch 32 accuracy: 67.02%
Batch 50, Loss: 0.5239
Batch 100, Loss: 0.5238
Batch 150, Loss: 0.5527
Epoch 33 learning rate: 0.09343157572190958
Epoch 33 time: 90.91012382507324 seconds
Epoch 33 accuracy: 68.09%
Batch 50, Loss: 0.4851
Batch 100, Loss: 0.5210
Batch 150, Loss: 0.5312
Epoch 34 learning rate: 0.0930371013501972
Epoch 34 time: 90.81597065925598 seconds
Epoch 34 accuracy: 66.97%
Batch 50, Loss: 0.4952
Batch 100, Loss: 0.4973
Batch 150, Loss: 0.5363
Epoch 35 learning rate: 0.09263200821770463
Epoch 35 time: 90.91180610656738 seconds
Epoch 35 accuracy: 66.6%
Batch 50, Loss: 0.4781
Batch 100, Loss: 0.4793
Batch 150, Loss: 0.5115
Epoch 36 learning rate: 0.09221639627510078
Epoch 36 time: 90.836665391922 seconds
Epoch 36 accuracy: 68.16%
Batch 50, Loss: 0.4792
Batch 100, Loss: 0.4785
Batch 150, Loss: 0.5115
Epoch 37 learning rate: 0.09179036806841355
Epoch 37 time: 90.75966048240662 seconds
Epoch 37 accuracy: 69.11%
Batch 50, Loss: 0.4635
Batch 100, Loss: 0.4738
Batch 150, Loss: 0.4891
Epoch 38 learning rate: 0.09135402871372812
Epoch 38 time: 90.81777310371399 seconds
Epoch 38 accuracy: 69.18%
Batch 50, Loss: 0.4522
Batch 100, Loss: 0.4614
Batch 150, Loss: 0.4778
Epoch 39 learning rate: 0.0909074858712512
Epoch 39 time: 90.83228468894958 seconds
Epoch 39 accuracy: 68.34%
Batch 50, Loss: 0.4467
Batch 100, Loss: 0.4588
Batch 150, Loss: 0.4787
Epoch 40 learning rate: 0.09045084971874741
Epoch 40 time: 90.86352157592773 seconds
Epoch 40 accuracy: 67.85%
Batch 50, Loss: 0.4404
Batch 100, Loss: 0.4459
Batch 150, Loss: 0.4762
Epoch 41 learning rate: 0.08998423292435458
Epoch 41 time: 90.77114677429199 seconds
Epoch 41 accuracy: 66.39%
Batch 50, Loss: 0.4254
Batch 100, Loss: 0.4224
Batch 150, Loss: 0.4469
Epoch 42 learning rate: 0.08950775061878455
Epoch 42 time: 90.85608100891113 seconds
Epoch 42 accuracy: 68.38%
Batch 50, Loss: 0.4111
Batch 100, Loss: 0.4210
Batch 150, Loss: 0.4594
Epoch 43 learning rate: 0.08902152036691653
Epoch 43 time: 90.92539572715759 seconds
Epoch 43 accuracy: 68.11%
Batch 50, Loss: 0.4001
Batch 100, Loss: 0.4111
Batch 150, Loss: 0.4434
Epoch 44 learning rate: 0.08852566213878951
Epoch 44 time: 90.84641790390015 seconds
Epoch 44 accuracy: 68.73%
Batch 50, Loss: 0.4000
Batch 100, Loss: 0.4095
Batch 150, Loss: 0.4307
Epoch 45 learning rate: 0.0880202982800016
Epoch 45 time: 90.88409686088562 seconds
Epoch 45 accuracy: 68.95%
Batch 50, Loss: 0.3896
Batch 100, Loss: 0.3999
Batch 150, Loss: 0.4328
Epoch 46 learning rate: 0.08750555348152303
Epoch 46 time: 90.8645658493042 seconds
Epoch 46 accuracy: 69.36%
Batch 50, Loss: 0.3791
Batch 100, Loss: 0.3799
Batch 150, Loss: 0.4195
Epoch 47 learning rate: 0.08698155474893052
Epoch 47 time: 90.88289761543274 seconds
Epoch 47 accuracy: 68.57%
Batch 50, Loss: 0.3772
Batch 100, Loss: 0.3817
Batch 150, Loss: 0.4098
Epoch 48 learning rate: 0.08644843137107061
Epoch 48 time: 90.89294004440308 seconds
Epoch 48 accuracy: 68.62%
Batch 50, Loss: 0.3656
Batch 100, Loss: 0.3717
Batch 150, Loss: 0.4103
Epoch 49 learning rate: 0.08590631488815947
Epoch 49 time: 90.83488607406616 seconds
Epoch 49 accuracy: 69.63%
Batch 50, Loss: 0.3729
Batch 100, Loss: 0.3578
Batch 150, Loss: 0.4109
Epoch 50 learning rate: 0.0853553390593274
Epoch 50 time: 90.88004040718079 seconds
Epoch 50 accuracy: 68.52%
Batch 50, Loss: 0.3475
Batch 100, Loss: 0.3570
Batch 150, Loss: 0.3874
Epoch 51 learning rate: 0.08479563982961574
Epoch 51 time: 90.90929079055786 seconds
Epoch 51 accuracy: 69.42%
Batch 50, Loss: 0.3574
Batch 100, Loss: 0.3474
Batch 150, Loss: 0.3845
Epoch 52 learning rate: 0.08422735529643446
Epoch 52 time: 90.811594247818 seconds
Epoch 52 accuracy: 69.1%
Batch 50, Loss: 0.3385
Batch 100, Loss: 0.3445
Batch 150, Loss: 0.3657
Epoch 53 learning rate: 0.08365062567548869
Epoch 53 time: 90.8171079158783 seconds
Epoch 53 accuracy: 69.19%
Batch 50, Loss: 0.3386
Batch 100, Loss: 0.3415
Batch 150, Loss: 0.3699
Epoch 54 learning rate: 0.08306559326618261
Epoch 54 time: 90.85981225967407 seconds
Epoch 54 accuracy: 70.54%
Batch 50, Loss: 0.3275
Batch 100, Loss: 0.3378
Batch 150, Loss: 0.3665
Epoch 55 learning rate: 0.0824724024165092
Epoch 55 time: 90.92359519004822 seconds
Epoch 55 accuracy: 69.12%
Batch 50, Loss: 0.3457
Batch 100, Loss: 0.3387
Batch 150, Loss: 0.3694
Epoch 56 learning rate: 0.0818711994874345
Epoch 56 time: 91.2603075504303 seconds
Epoch 56 accuracy: 69.64%
Batch 50, Loss: 0.3149
Batch 100, Loss: 0.3239
Batch 150, Loss: 0.3442
Epoch 57 learning rate: 0.08126213281678528
Epoch 57 time: 90.84872913360596 seconds
Epoch 57 accuracy: 69.08%
Batch 50, Loss: 0.3125
Batch 100, Loss: 0.3140
Batch 150, Loss: 0.3389
Epoch 58 learning rate: 0.08064535268264884
Epoch 58 time: 90.89750123023987 seconds
Epoch 58 accuracy: 69.09%
Batch 50, Loss: 0.3103
Batch 100, Loss: 0.3042
Batch 150, Loss: 0.3307
Epoch 59 learning rate: 0.08002101126629421
Epoch 59 time: 90.81062626838684 seconds
Epoch 59 accuracy: 68.26%
Batch 50, Loss: 0.2974
Batch 100, Loss: 0.3056
Batch 150, Loss: 0.3292
Epoch 60 learning rate: 0.07938926261462367
Epoch 60 time: 90.90722060203552 seconds
Epoch 60 accuracy: 69.08%
Batch 50, Loss: 0.3003
Batch 100, Loss: 0.3048
Batch 150, Loss: 0.3201
Epoch 61 learning rate: 0.07875026260216395
Epoch 61 time: 90.99009799957275 seconds
Epoch 61 accuracy: 69.39%
Batch 50, Loss: 0.2996
Batch 100, Loss: 0.2978
Batch 150, Loss: 0.3172
Epoch 62 learning rate: 0.07810416889260656
Epoch 62 time: 90.87712144851685 seconds
Epoch 62 accuracy: 70.41%
Batch 50, Loss: 0.2835
Batch 100, Loss: 0.2949
Batch 150, Loss: 0.3174
Epoch 63 learning rate: 0.07745114089990661
Epoch 63 time: 90.91017699241638 seconds
Epoch 63 accuracy: 69.99%
Batch 50, Loss: 0.2751
Batch 100, Loss: 0.2802
Batch 150, Loss: 0.3003
Epoch 64 learning rate: 0.07679133974894985
Epoch 64 time: 90.79948830604553 seconds
Epoch 64 accuracy: 69.93%
Batch 50, Loss: 0.2737
Batch 100, Loss: 0.2825
Batch 150, Loss: 0.3044
Epoch 65 learning rate: 0.07612492823579746
Epoch 65 time: 90.87783098220825 seconds
Epoch 65 accuracy: 71.07%
Batch 50, Loss: 0.2633
Batch 100, Loss: 0.2639
Batch 150, Loss: 0.2814
Epoch 66 learning rate: 0.07545207078751859
Epoch 66 time: 90.89859390258789 seconds
Epoch 66 accuracy: 70.09%
Batch 50, Loss: 0.2730
Batch 100, Loss: 0.2649
Batch 150, Loss: 0.2846
Epoch 67 learning rate: 0.0747729334216204
Epoch 67 time: 90.8808708190918 seconds
Epoch 67 accuracy: 70.82%
Batch 50, Loss: 0.2598
Batch 100, Loss: 0.2568
Batch 150, Loss: 0.2716
Epoch 68 learning rate: 0.07408768370508578
Epoch 68 time: 90.91637682914734 seconds
Epoch 68 accuracy: 70.53%
Batch 50, Loss: 0.2551
Batch 100, Loss: 0.2588
Batch 150, Loss: 0.2853
Epoch 69 learning rate: 0.0733964907130287
Epoch 69 time: 90.96981358528137 seconds
Epoch 69 accuracy: 71.09%
Batch 50, Loss: 0.2532
Batch 100, Loss: 0.2525
Batch 150, Loss: 0.2696
Epoch 70 learning rate: 0.07269952498697736
Epoch 70 time: 90.98657989501953 seconds
Epoch 70 accuracy: 71.23%
Batch 50, Loss: 0.2543
Batch 100, Loss: 0.2496
Batch 150, Loss: 0.2674
Epoch 71 learning rate: 0.07199695849279578
Epoch 71 time: 90.93176984786987 seconds
Epoch 71 accuracy: 70.81%
Batch 50, Loss: 0.2451
Batch 100, Loss: 0.2501
Batch 150, Loss: 0.2637
Epoch 72 learning rate: 0.07128896457825366
Epoch 72 time: 90.94247627258301 seconds
Epoch 72 accuracy: 70.86%
Batch 50, Loss: 0.2416
Batch 100, Loss: 0.2283
Batch 150, Loss: 0.2576
Epoch 73 learning rate: 0.07057571793025548
Epoch 73 time: 90.83276391029358 seconds
Epoch 73 accuracy: 71.13%
Batch 50, Loss: 0.2412
Batch 100, Loss: 0.2433
Batch 150, Loss: 0.2539
Epoch 74 learning rate: 0.06985739453173906
Epoch 74 time: 90.85102462768555 seconds
Epoch 74 accuracy: 70.44%
Batch 50, Loss: 0.2305
Batch 100, Loss: 0.2236
Batch 150, Loss: 0.2375
Epoch 75 learning rate: 0.06913417161825453
Epoch 75 time: 90.84915709495544 seconds
Epoch 75 accuracy: 71.11%
Batch 50, Loss: 0.2209
Batch 100, Loss: 0.2299
Batch 150, Loss: 0.2328
Epoch 76 learning rate: 0.06840622763423394
Epoch 76 time: 90.88467526435852 seconds
Epoch 76 accuracy: 71.25%
Batch 50, Loss: 0.2136
Batch 100, Loss: 0.2147
Batch 150, Loss: 0.2246
Epoch 77 learning rate: 0.0676737421889629
Epoch 77 time: 90.7910270690918 seconds
Epoch 77 accuracy: 71.68%
Batch 50, Loss: 0.2080
Batch 100, Loss: 0.2034
Batch 150, Loss: 0.2248
Epoch 78 learning rate: 0.06693689601226462
Epoch 78 time: 90.8617959022522 seconds
Epoch 78 accuracy: 71.28%
Batch 50, Loss: 0.2113
Batch 100, Loss: 0.2219
Batch 150, Loss: 0.2358
Epoch 79 learning rate: 0.06619587090990751
Epoch 79 time: 90.87033939361572 seconds
Epoch 79 accuracy: 70.82%
Batch 50, Loss: 0.2047
Batch 100, Loss: 0.2024
Batch 150, Loss: 0.2136
Epoch 80 learning rate: 0.06545084971874741
Epoch 80 time: 90.8295910358429 seconds
Epoch 80 accuracy: 70.7%
Batch 50, Loss: 0.2072
Batch 100, Loss: 0.2021
Batch 150, Loss: 0.2185
Epoch 81 learning rate: 0.06470201626161524
Epoch 81 time: 90.91919922828674 seconds
Epoch 81 accuracy: 70.95%
Batch 50, Loss: 0.2105
Batch 100, Loss: 0.2061
Batch 150, Loss: 0.2070
Epoch 82 learning rate: 0.06394955530196152
Epoch 82 time: 90.94409728050232 seconds
Epoch 82 accuracy: 70.92%
Batch 50, Loss: 0.1990
Batch 100, Loss: 0.1941
Batch 150, Loss: 0.1988
Epoch 83 learning rate: 0.06319365249826868
Epoch 83 time: 90.85183620452881 seconds
Epoch 83 accuracy: 72.22%
Batch 50, Loss: 0.1862
Batch 100, Loss: 0.1907
Batch 150, Loss: 0.1996
Epoch 84 learning rate: 0.06243449435824277
Epoch 84 time: 90.89005136489868 seconds
Epoch 84 accuracy: 72.05%
Batch 50, Loss: 0.1929
Batch 100, Loss: 0.1859
Batch 150, Loss: 0.1954
Epoch 85 learning rate: 0.06167226819279532
Epoch 85 time: 90.8624951839447 seconds
Epoch 85 accuracy: 71.89%
Batch 50, Loss: 0.1687
Batch 100, Loss: 0.1715
Batch 150, Loss: 0.1852
Epoch 86 learning rate: 0.06090716206982718
Epoch 86 time: 90.83227825164795 seconds
Epoch 86 accuracy: 71.84%
Batch 50, Loss: 0.1789
Batch 100, Loss: 0.1822
Batch 150, Loss: 0.1858
Epoch 87 learning rate: 0.06013936476782568
Epoch 87 time: 90.86506843566895 seconds
Epoch 87 accuracy: 71.99%
Batch 50, Loss: 0.1804
Batch 100, Loss: 0.1755
Batch 150, Loss: 0.1862
Epoch 88 learning rate: 0.05936906572928629
Epoch 88 time: 90.88431406021118 seconds
Epoch 88 accuracy: 73.1%
Batch 50, Loss: 0.1744
Batch 100, Loss: 0.1680
Batch 150, Loss: 0.1824
Epoch 89 learning rate: 0.05859645501397052
Epoch 89 time: 90.87062358856201 seconds
Epoch 89 accuracy: 71.71%
Batch 50, Loss: 0.1728
Batch 100, Loss: 0.1726
Batch 150, Loss: 0.1782
Epoch 90 learning rate: 0.05782172325201159
Epoch 90 time: 90.82072639465332 seconds
Epoch 90 accuracy: 72.15%
Batch 50, Loss: 0.1629
Batch 100, Loss: 0.1626
Batch 150, Loss: 0.1701
Epoch 91 learning rate: 0.057045061596879186
Epoch 91 time: 90.77326989173889 seconds
Epoch 91 accuracy: 71.68%
Batch 50, Loss: 0.1622
Batch 100, Loss: 0.1548
Batch 150, Loss: 0.1627
Epoch 92 learning rate: 0.056266661678215264
Epoch 92 time: 90.90081000328064 seconds
Epoch 92 accuracy: 72.87%
Batch 50, Loss: 0.1525
Batch 100, Loss: 0.1518
Batch 150, Loss: 0.1624
Epoch 93 learning rate: 0.055486715554552306
Epoch 93 time: 90.88571834564209 seconds
Epoch 93 accuracy: 73.46%
Batch 50, Loss: 0.1521
Batch 100, Loss: 0.1478
Batch 150, Loss: 0.1577
Epoch 94 learning rate: 0.05470541566592575
Epoch 94 time: 90.80657196044922 seconds
Epoch 94 accuracy: 73.47%
Batch 50, Loss: 0.1523
Batch 100, Loss: 0.1494
Batch 150, Loss: 0.1557
Epoch 95 learning rate: 0.05392295478639229
Epoch 95 time: 90.80605959892273 seconds
Epoch 95 accuracy: 73.4%
Batch 50, Loss: 0.1443
Batch 100, Loss: 0.1432
Batch 150, Loss: 0.1474
Epoch 96 learning rate: 0.05313952597646571
Epoch 96 time: 90.92028498649597 seconds
Epoch 96 accuracy: 72.96%
Batch 50, Loss: 0.1448
Batch 100, Loss: 0.1407
Batch 150, Loss: 0.1493
Epoch 97 learning rate: 0.05235532253548216
Epoch 97 time: 90.80800223350525 seconds
Epoch 97 accuracy: 73.43%
Batch 50, Loss: 0.1368
Batch 100, Loss: 0.1323
Batch 150, Loss: 0.1398
Epoch 98 learning rate: 0.051570537953906447
Epoch 98 time: 90.87003064155579 seconds
Epoch 98 accuracy: 74.23%
Batch 50, Loss: 0.1336
Batch 100, Loss: 0.1310
Batch 150, Loss: 0.1393
Epoch 99 learning rate: 0.05078536586559106
Epoch 99 time: 90.86194396018982 seconds
Epoch 99 accuracy: 73.33%
Batch 50, Loss: 0.1295
Batch 100, Loss: 0.1288
Batch 150, Loss: 0.1367
Epoch 100 learning rate: 0.050000000000000024
Epoch 100 time: 90.81296682357788 seconds
Epoch 100 accuracy: 73.1%
Batch 50, Loss: 0.1347
Batch 100, Loss: 0.1265
Batch 150, Loss: 0.1324
Epoch 101 learning rate: 0.049214634134409
Epoch 101 time: 90.82878589630127 seconds
Epoch 101 accuracy: 73.84%
Batch 50, Loss: 0.1249
Batch 100, Loss: 0.1194
Batch 150, Loss: 0.1249
Epoch 102 learning rate: 0.04842946204609361
Epoch 102 time: 90.80311942100525 seconds
Epoch 102 accuracy: 73.63%
Batch 50, Loss: 0.1221
Batch 100, Loss: 0.1186
Batch 150, Loss: 0.1230
Epoch 103 learning rate: 0.04764467746451789
Epoch 103 time: 90.93319821357727 seconds
Epoch 103 accuracy: 73.79%
Batch 50, Loss: 0.1214
Batch 100, Loss: 0.1187
Batch 150, Loss: 0.1214
Epoch 104 learning rate: 0.046860474023534354
Epoch 104 time: 90.92555952072144 seconds
Epoch 104 accuracy: 73.91%
Batch 50, Loss: 0.1171
Batch 100, Loss: 0.1124
Batch 150, Loss: 0.1183
Epoch 105 learning rate: 0.04607704521360778
Epoch 105 time: 90.82308459281921 seconds
Epoch 105 accuracy: 74.79%
Batch 50, Loss: 0.1087
Batch 100, Loss: 0.1086
Batch 150, Loss: 0.1151
Epoch 106 learning rate: 0.04529458433407431
Epoch 106 time: 90.79504203796387 seconds
Epoch 106 accuracy: 73.75%
Batch 50, Loss: 0.1099
Batch 100, Loss: 0.1130
Batch 150, Loss: 0.1135
Epoch 107 learning rate: 0.04451328444544776
Epoch 107 time: 90.88028740882874 seconds
Epoch 107 accuracy: 73.95%
Batch 50, Loss: 0.1086
Batch 100, Loss: 0.1047
Batch 150, Loss: 0.1122
Epoch 108 learning rate: 0.04373333832178482
Epoch 108 time: 90.8652765750885 seconds
Epoch 108 accuracy: 74.55%
Batch 50, Loss: 0.1031
Batch 100, Loss: 0.0994
Batch 150, Loss: 0.1016
Epoch 109 learning rate: 0.0429549384031209
Epoch 109 time: 90.85833477973938 seconds
Epoch 109 accuracy: 75.03%
Batch 50, Loss: 0.0984
Batch 100, Loss: 0.1003
Batch 150, Loss: 0.1010
Epoch 110 learning rate: 0.042178276747988484
Epoch 110 time: 90.97748136520386 seconds
Epoch 110 accuracy: 74.94%
Batch 50, Loss: 0.0965
Batch 100, Loss: 0.0914
Batch 150, Loss: 0.0991
Epoch 111 learning rate: 0.04140354498602954
Epoch 111 time: 90.9373824596405 seconds
Epoch 111 accuracy: 75.19%
Batch 50, Loss: 0.0930
Batch 100, Loss: 0.0962
Batch 150, Loss: 0.0990
Epoch 112 learning rate: 0.0406309342707138
Epoch 112 time: 90.85532808303833 seconds
Epoch 112 accuracy: 74.99%
Batch 50, Loss: 0.0933
Batch 100, Loss: 0.0910
Batch 150, Loss: 0.0958
Epoch 113 learning rate: 0.03986063523217441
Epoch 113 time: 90.80181455612183 seconds
Epoch 113 accuracy: 75.23%
Batch 50, Loss: 0.0905
Batch 100, Loss: 0.0875
Batch 150, Loss: 0.0907
Epoch 114 learning rate: 0.039092837930172916
Epoch 114 time: 90.8634603023529 seconds
Epoch 114 accuracy: 74.39%
Batch 50, Loss: 0.0941
Batch 100, Loss: 0.0880
Batch 150, Loss: 0.0887
Epoch 115 learning rate: 0.03832773180720475
Epoch 115 time: 90.89057183265686 seconds
Epoch 115 accuracy: 75.77%
Batch 50, Loss: 0.0831
Batch 100, Loss: 0.0803
Batch 150, Loss: 0.0863
Epoch 116 learning rate: 0.037565505641757285
Epoch 116 time: 90.8204755783081 seconds
Epoch 116 accuracy: 75.17%
Batch 50, Loss: 0.0834
Batch 100, Loss: 0.0807
Batch 150, Loss: 0.0837
Epoch 117 learning rate: 0.03680634750173138
Epoch 117 time: 90.82750940322876 seconds
Epoch 117 accuracy: 75.37%
Batch 50, Loss: 0.0795
Batch 100, Loss: 0.0822
Batch 150, Loss: 0.0811
Epoch 118 learning rate: 0.036050444698038565
Epoch 118 time: 90.91872215270996 seconds
Epoch 118 accuracy: 75.85%
Batch 50, Loss: 0.0774
Batch 100, Loss: 0.0765
Batch 150, Loss: 0.0795
Epoch 119 learning rate: 0.03529798373838483
Epoch 119 time: 90.84841394424438 seconds
Epoch 119 accuracy: 75.56%
Batch 50, Loss: 0.0774
Batch 100, Loss: 0.0727
Batch 150, Loss: 0.0754
Epoch 120 learning rate: 0.03454915028125267
Epoch 120 time: 90.8079571723938 seconds
Epoch 120 accuracy: 76.18%
Batch 50, Loss: 0.0719
Batch 100, Loss: 0.0721
Batch 150, Loss: 0.0731
Epoch 121 learning rate: 0.03380412909009255
Epoch 121 time: 90.89469480514526 seconds
Epoch 121 accuracy: 75.84%
Batch 50, Loss: 0.0729
Batch 100, Loss: 0.0703
Batch 150, Loss: 0.0707
Epoch 122 learning rate: 0.03306310398773545
Epoch 122 time: 90.76068830490112 seconds
Epoch 122 accuracy: 76.08%
Batch 50, Loss: 0.0701
Batch 100, Loss: 0.0675
Batch 150, Loss: 0.0693
Epoch 123 learning rate: 0.03232625781103717
Epoch 123 time: 90.90760397911072 seconds
Epoch 123 accuracy: 76.4%
Batch 50, Loss: 0.0641
Batch 100, Loss: 0.0658
Batch 150, Loss: 0.0663
Epoch 124 learning rate: 0.03159377236576613
Epoch 124 time: 90.89816808700562 seconds
Epoch 124 accuracy: 76.19%
Batch 50, Loss: 0.0644
Batch 100, Loss: 0.0637
Batch 150, Loss: 0.0641
Epoch 125 learning rate: 0.030865828381745543
Epoch 125 time: 90.87864398956299 seconds
Epoch 125 accuracy: 76.31%
Batch 50, Loss: 0.0623
Batch 100, Loss: 0.0610
Batch 150, Loss: 0.0648
Epoch 126 learning rate: 0.03014260546826098
Epoch 126 time: 90.85147523880005 seconds
Epoch 126 accuracy: 76.37%
Batch 50, Loss: 0.0636
Batch 100, Loss: 0.0596
Batch 150, Loss: 0.0608
Epoch 127 learning rate: 0.02942428206974458
Epoch 127 time: 90.8310182094574 seconds
Epoch 127 accuracy: 76.53%
Batch 50, Loss: 0.0591
Batch 100, Loss: 0.0570
Batch 150, Loss: 0.0600
Epoch 128 learning rate: 0.028711035421746387
Epoch 128 time: 90.80503439903259 seconds
Epoch 128 accuracy: 76.89%
Batch 50, Loss: 0.0568
Batch 100, Loss: 0.0540
Batch 150, Loss: 0.0572
Epoch 129 learning rate: 0.02800304150720426
Epoch 129 time: 90.82794427871704 seconds
Epoch 129 accuracy: 77.07%
Batch 50, Loss: 0.0557
Batch 100, Loss: 0.0548
Batch 150, Loss: 0.0568
Epoch 130 learning rate: 0.02730047501302268
Epoch 130 time: 90.85021996498108 seconds
Epoch 130 accuracy: 76.96%
Batch 50, Loss: 0.0531
Batch 100, Loss: 0.0531
Batch 150, Loss: 0.0534
Epoch 131 learning rate: 0.026603509286971357
Epoch 131 time: 90.93871212005615 seconds
Epoch 131 accuracy: 76.93%
Batch 50, Loss: 0.0524
Batch 100, Loss: 0.0518
Batch 150, Loss: 0.0516
Epoch 132 learning rate: 0.025912316294914244
Epoch 132 time: 90.8369312286377 seconds
Epoch 132 accuracy: 76.56%
Batch 50, Loss: 0.0507
Batch 100, Loss: 0.0483
Batch 150, Loss: 0.0508
Epoch 133 learning rate: 0.025227066578379632
Epoch 133 time: 90.84835052490234 seconds
Epoch 133 accuracy: 76.95%
Batch 50, Loss: 0.0479
Batch 100, Loss: 0.0486
Batch 150, Loss: 0.0490
Epoch 134 learning rate: 0.024547929212481445
Epoch 134 time: 90.81806445121765 seconds
Epoch 134 accuracy: 77.05%
Batch 50, Loss: 0.0505
Batch 100, Loss: 0.0472
Batch 150, Loss: 0.0483
Epoch 135 learning rate: 0.02387507176420257
Epoch 135 time: 90.85215163230896 seconds
Epoch 135 accuracy: 77.37%
Batch 50, Loss: 0.0461
Batch 100, Loss: 0.0461
Batch 150, Loss: 0.0461
Epoch 136 learning rate: 0.023208660251050166
Epoch 136 time: 90.84660387039185 seconds
Epoch 136 accuracy: 76.57%
Batch 50, Loss: 0.0456
Batch 100, Loss: 0.0446
Batch 150, Loss: 0.0447
Epoch 137 learning rate: 0.022548859100093414
Epoch 137 time: 90.84300446510315 seconds
Epoch 137 accuracy: 77.36%
Batch 50, Loss: 0.0428
Batch 100, Loss: 0.0427
Batch 150, Loss: 0.0433
Epoch 138 learning rate: 0.021895831107393474
Epoch 138 time: 90.78737545013428 seconds
Epoch 138 accuracy: 77.2%
Batch 50, Loss: 0.0428
Batch 100, Loss: 0.0407
Batch 150, Loss: 0.0410
Epoch 139 learning rate: 0.02124973739783608
Epoch 139 time: 90.9554169178009 seconds
Epoch 139 accuracy: 77.95%
Batch 50, Loss: 0.0420
Batch 100, Loss: 0.0413
Batch 150, Loss: 0.0419
Epoch 140 learning rate: 0.02061073738537636
Epoch 140 time: 90.81943988800049 seconds
Epoch 140 accuracy: 77.64%
Batch 50, Loss: 0.0409
Batch 100, Loss: 0.0397
Batch 150, Loss: 0.0397
Epoch 141 learning rate: 0.019978988733705814
Epoch 141 time: 90.83542585372925 seconds
Epoch 141 accuracy: 77.39%
Batch 50, Loss: 0.0396
Batch 100, Loss: 0.0396
Batch 150, Loss: 0.0402
Epoch 142 learning rate: 0.01935464731735118
Epoch 142 time: 90.82359218597412 seconds
Epoch 142 accuracy: 77.83%
Batch 50, Loss: 0.0375
Batch 100, Loss: 0.0373
Batch 150, Loss: 0.0379
Epoch 143 learning rate: 0.018737867183214747
Epoch 143 time: 90.81645488739014 seconds
Epoch 143 accuracy: 77.79%
Batch 50, Loss: 0.0361
Batch 100, Loss: 0.0369
Batch 150, Loss: 0.0370
Epoch 144 learning rate: 0.01812880051256552
Epoch 144 time: 90.85088586807251 seconds
Epoch 144 accuracy: 77.71%
Batch 50, Loss: 0.0354
Batch 100, Loss: 0.0352
Batch 150, Loss: 0.0365
Epoch 145 learning rate: 0.017527597583490827
Epoch 145 time: 90.96985363960266 seconds
Epoch 145 accuracy: 77.86%
Batch 50, Loss: 0.0353
Batch 100, Loss: 0.0347
Batch 150, Loss: 0.0347
Epoch 146 learning rate: 0.01693440673381742
Epoch 146 time: 90.93664312362671 seconds
Epoch 146 accuracy: 77.87%
Batch 50, Loss: 0.0334
Batch 100, Loss: 0.0330
Batch 150, Loss: 0.0347
Epoch 147 learning rate: 0.016349374324511334
Epoch 147 time: 90.9038438796997 seconds
Epoch 147 accuracy: 77.94%
Batch 50, Loss: 0.0331
Batch 100, Loss: 0.0330
Batch 150, Loss: 0.0341
Epoch 148 learning rate: 0.01577264470356557
Epoch 148 time: 90.92753171920776 seconds
Epoch 148 accuracy: 78.13%
Batch 50, Loss: 0.0319
Batch 100, Loss: 0.0315
Batch 150, Loss: 0.0330
Epoch 149 learning rate: 0.01520436017038429
Epoch 149 time: 90.8709225654602 seconds
Epoch 149 accuracy: 78.36%
Batch 50, Loss: 0.0320
Batch 100, Loss: 0.0311
Batch 150, Loss: 0.0316
Epoch 150 learning rate: 0.014644660940672632
Epoch 150 time: 90.9589192867279 seconds
Epoch 150 accuracy: 78.16%
Batch 50, Loss: 0.0308
Batch 100, Loss: 0.0302
Batch 150, Loss: 0.0301
Epoch 151 learning rate: 0.01409368511184057
Epoch 151 time: 90.96348857879639 seconds
Epoch 151 accuracy: 78.45%
Batch 50, Loss: 0.0302
Batch 100, Loss: 0.0301
Batch 150, Loss: 0.0304
Epoch 152 learning rate: 0.013551568628929438
Epoch 152 time: 90.89201974868774 seconds
Epoch 152 accuracy: 78.29%
Batch 50, Loss: 0.0298
Batch 100, Loss: 0.0290
Batch 150, Loss: 0.0299
Epoch 153 learning rate: 0.013018445251069516
Epoch 153 time: 90.95325326919556 seconds
Epoch 153 accuracy: 78.42%
Batch 50, Loss: 0.0281
Batch 100, Loss: 0.0288
Batch 150, Loss: 0.0292
Epoch 154 learning rate: 0.012494446518477026
Epoch 154 time: 90.91418528556824 seconds
Epoch 154 accuracy: 78.35%
Batch 50, Loss: 0.0282
Batch 100, Loss: 0.0273
Batch 150, Loss: 0.0273
Epoch 155 learning rate: 0.011979701719998459
Epoch 155 time: 90.88418579101562 seconds
Epoch 155 accuracy: 78.84%
Batch 50, Loss: 0.0272
Batch 100, Loss: 0.0272
Batch 150, Loss: 0.0264
Epoch 156 learning rate: 0.011474337861210548
Epoch 156 time: 90.89155435562134 seconds
Epoch 156 accuracy: 78.41%
Batch 50, Loss: 0.0262
Batch 100, Loss: 0.0263
Batch 150, Loss: 0.0265
Epoch 157 learning rate: 0.010978479633083526
Epoch 157 time: 90.89911913871765 seconds
Epoch 157 accuracy: 79.0%
Batch 50, Loss: 0.0264
Batch 100, Loss: 0.0255
Batch 150, Loss: 0.0255
Epoch 158 learning rate: 0.010492249381215483
Epoch 158 time: 90.83853816986084 seconds
Epoch 158 accuracy: 78.35%
Batch 50, Loss: 0.0253
Batch 100, Loss: 0.0257
Batch 150, Loss: 0.0258
Epoch 159 learning rate: 0.010015767075645474
Epoch 159 time: 90.85100746154785 seconds
Epoch 159 accuracy: 79.0%
Batch 50, Loss: 0.0246
Batch 100, Loss: 0.0248
Batch 150, Loss: 0.0250
Epoch 160 learning rate: 0.009549150281252637
Epoch 160 time: 90.86208200454712 seconds
Epoch 160 accuracy: 78.71%
Batch 50, Loss: 0.0243
Batch 100, Loss: 0.0241
Batch 150, Loss: 0.0245
Epoch 161 learning rate: 0.00909251412874884
Epoch 161 time: 91.00847697257996 seconds
Epoch 161 accuracy: 78.68%
Batch 50, Loss: 0.0239
Batch 100, Loss: 0.0234
Batch 150, Loss: 0.0238
Epoch 162 learning rate: 0.008645971286271918
Epoch 162 time: 90.89815950393677 seconds
Epoch 162 accuracy: 79.04%
Batch 50, Loss: 0.0234
Batch 100, Loss: 0.0236
Batch 150, Loss: 0.0230
Epoch 163 learning rate: 0.008209631931586501
Epoch 163 time: 90.83624219894409 seconds
Epoch 163 accuracy: 79.18%
Batch 50, Loss: 0.0233
Batch 100, Loss: 0.0226
Batch 150, Loss: 0.0229
Epoch 164 learning rate: 0.0077836037248992605
Epoch 164 time: 90.87220120429993 seconds
Epoch 164 accuracy: 78.91%
Batch 50, Loss: 0.0223
Batch 100, Loss: 0.0225
Batch 150, Loss: 0.0228
Epoch 165 learning rate: 0.0073679917822954055
Epoch 165 time: 91.0032250881195 seconds
Epoch 165 accuracy: 79.07%
Batch 50, Loss: 0.0220
Batch 100, Loss: 0.0219
Batch 150, Loss: 0.0219
Epoch 166 learning rate: 0.006962898649802815
Epoch 166 time: 90.93939805030823 seconds
Epoch 166 accuracy: 79.27%
Batch 50, Loss: 0.0221
Batch 100, Loss: 0.0219
Batch 150, Loss: 0.0213
Epoch 167 learning rate: 0.006568424278090438
Epoch 167 time: 90.93817663192749 seconds
Epoch 167 accuracy: 78.89%
Batch 50, Loss: 0.0216
Batch 100, Loss: 0.0218
Batch 150, Loss: 0.0212
Epoch 168 learning rate: 0.006184665997806824
Epoch 168 time: 90.84014391899109 seconds
Epoch 168 accuracy: 79.18%
Batch 50, Loss: 0.0210
Batch 100, Loss: 0.0208
Batch 150, Loss: 0.0209
Epoch 169 learning rate: 0.00581171849556533
Epoch 169 time: 90.86323571205139 seconds
Epoch 169 accuracy: 79.02%
Batch 50, Loss: 0.0205
Batch 100, Loss: 0.0204
Batch 150, Loss: 0.0203
Epoch 170 learning rate: 0.0054496737905816136
Epoch 170 time: 90.88675045967102 seconds
Epoch 170 accuracy: 79.3%
Batch 50, Loss: 0.0205
Batch 100, Loss: 0.0201
Batch 150, Loss: 0.0204
Epoch 171 learning rate: 0.005098621211969226
Epoch 171 time: 90.90249562263489 seconds
Epoch 171 accuracy: 79.3%
Batch 50, Loss: 0.0200
Batch 100, Loss: 0.0201
Batch 150, Loss: 0.0197
Epoch 172 learning rate: 0.004758647376699035
Epoch 172 time: 90.90393996238708 seconds
Epoch 172 accuracy: 79.11%
Batch 50, Loss: 0.0200
Batch 100, Loss: 0.0196
Batch 150, Loss: 0.0197
Epoch 173 learning rate: 0.00442983616822775
Epoch 173 time: 90.896968126297 seconds
Epoch 173 accuracy: 79.04%
Batch 50, Loss: 0.0197
Batch 100, Loss: 0.0192
Batch 150, Loss: 0.0193
Epoch 174 learning rate: 0.004112268715800957
Epoch 174 time: 90.92129898071289 seconds
Epoch 174 accuracy: 79.21%
Batch 50, Loss: 0.0191
Batch 100, Loss: 0.0193
Batch 150, Loss: 0.0188
Epoch 175 learning rate: 0.003806023374435677
Epoch 175 time: 90.92247414588928 seconds
Epoch 175 accuracy: 79.43%
Batch 50, Loss: 0.0187
Batch 100, Loss: 0.0193
Batch 150, Loss: 0.0192
Epoch 176 learning rate: 0.003511175705587435
Epoch 176 time: 90.89521169662476 seconds
Epoch 176 accuracy: 79.34%
Batch 50, Loss: 0.0189
Batch 100, Loss: 0.0186
Batch 150, Loss: 0.0187
Epoch 177 learning rate: 0.0032277984585066333
Epoch 177 time: 90.85521864891052 seconds
Epoch 177 accuracy: 79.14%
Batch 50, Loss: 0.0187
Batch 100, Loss: 0.0186
Batch 150, Loss: 0.0185
Epoch 178 learning rate: 0.002955961552288729
Epoch 178 time: 90.89868831634521 seconds
Epoch 178 accuracy: 79.35%
Batch 50, Loss: 0.0182
Batch 100, Loss: 0.0185
Batch 150, Loss: 0.0182
Epoch 179 learning rate: 0.0026957320586227366
Epoch 179 time: 90.90105748176575 seconds
Epoch 179 accuracy: 79.07%
Batch 50, Loss: 0.0184
Batch 100, Loss: 0.0179
Batch 150, Loss: 0.0182
Epoch 180 learning rate: 0.002447174185242325
Epoch 180 time: 90.90189743041992 seconds
Epoch 180 accuracy: 79.19%
Batch 50, Loss: 0.0180
Batch 100, Loss: 0.0179
Batch 150, Loss: 0.0180
Epoch 181 learning rate: 0.0022103492600834954
Epoch 181 time: 90.88884449005127 seconds
Epoch 181 accuracy: 79.25%
Batch 50, Loss: 0.0181
Batch 100, Loss: 0.0181
Batch 150, Loss: 0.0175
Epoch 182 learning rate: 0.0019853157161528537
Epoch 182 time: 90.90873098373413 seconds
Epoch 182 accuracy: 79.27%
Batch 50, Loss: 0.0174
Batch 100, Loss: 0.0178
Batch 150, Loss: 0.0178
Epoch 183 learning rate: 0.001772129077110103
Epoch 183 time: 90.92142748832703 seconds
Epoch 183 accuracy: 79.26%
Batch 50, Loss: 0.0176
Batch 100, Loss: 0.0172
Batch 150, Loss: 0.0174
Epoch 184 learning rate: 0.0015708419435684529
Epoch 184 time: 90.94196939468384 seconds
Epoch 184 accuracy: 79.27%
Batch 50, Loss: 0.0172
Batch 100, Loss: 0.0175
Batch 150, Loss: 0.0175
Epoch 185 learning rate: 0.0013815039801161732
Epoch 185 time: 90.95393347740173 seconds
Epoch 185 accuracy: 79.27%
Batch 50, Loss: 0.0172
Batch 100, Loss: 0.0176
Batch 150, Loss: 0.0170
Epoch 186 learning rate: 0.0012041619030626347
Epoch 186 time: 90.81996560096741 seconds
Epoch 186 accuracy: 79.39%
Batch 50, Loss: 0.0170
Batch 100, Loss: 0.0173
Batch 150, Loss: 0.0176
Epoch 187 learning rate: 0.0010388594689117077
Epoch 187 time: 91.00654864311218 seconds
Epoch 187 accuracy: 79.36%
Batch 50, Loss: 0.0172
Batch 100, Loss: 0.0169
Batch 150, Loss: 0.0172
Epoch 188 learning rate: 0.0008856374635655645
Epoch 188 time: 90.86563754081726 seconds
Epoch 188 accuracy: 79.18%
Batch 50, Loss: 0.0169
Batch 100, Loss: 0.0171
Batch 150, Loss: 0.0170
Epoch 189 learning rate: 0.000744533692261307
Epoch 189 time: 90.87055730819702 seconds
Epoch 189 accuracy: 79.36%
Batch 50, Loss: 0.0169
Batch 100, Loss: 0.0170
Batch 150, Loss: 0.0174
Epoch 190 learning rate: 0.0006155829702431174
Epoch 190 time: 90.85622453689575 seconds
Epoch 190 accuracy: 79.42%
Batch 50, Loss: 0.0172
Batch 100, Loss: 0.0169
Batch 150, Loss: 0.0170
Epoch 191 learning rate: 0.0004988171141721235
Epoch 191 time: 90.94013690948486 seconds
Epoch 191 accuracy: 79.57%
Batch 50, Loss: 0.0173
Batch 100, Loss: 0.0164
Batch 150, Loss: 0.0168
Epoch 192 learning rate: 0.00039426493427611206
Epoch 192 time: 90.92179083824158 seconds
Epoch 192 accuracy: 79.72%
Batch 50, Loss: 0.0168
Batch 100, Loss: 0.0168
Batch 150, Loss: 0.0171
Epoch 193 learning rate: 0.00030195222724102046
Epoch 193 time: 91.0068109035492 seconds
Epoch 193 accuracy: 79.59%
Batch 50, Loss: 0.0166
Batch 100, Loss: 0.0167
Batch 150, Loss: 0.0167
Epoch 194 learning rate: 0.00022190176984600036
Epoch 194 time: 90.88351535797119 seconds
Epoch 194 accuracy: 79.51%
Batch 50, Loss: 0.0165
Batch 100, Loss: 0.0170
Batch 150, Loss: 0.0166
Epoch 195 learning rate: 0.00015413331334360192
Epoch 195 time: 90.8579831123352 seconds
Epoch 195 accuracy: 79.59%
Batch 50, Loss: 0.0168
Batch 100, Loss: 0.0170
Batch 150, Loss: 0.0169
Epoch 196 learning rate: 9.866357858642213e-05
Epoch 196 time: 90.88872599601746 seconds
Epoch 196 accuracy: 79.6%
Batch 50, Loss: 0.0164
Batch 100, Loss: 0.0168
Batch 150, Loss: 0.0170
Epoch 197 learning rate: 5.5506251901504864e-05
Epoch 197 time: 90.9065260887146 seconds
Epoch 197 accuracy: 79.51%
Batch 50, Loss: 0.0170
Batch 100, Loss: 0.0167
Batch 150, Loss: 0.0168
Epoch 198 learning rate: 2.4671981713420017e-05
Epoch 198 time: 90.85298919677734 seconds
Epoch 198 accuracy: 79.44%
Batch 50, Loss: 0.0169
Batch 100, Loss: 0.0167
Batch 150, Loss: 0.0168
Epoch 199 learning rate: 6.168375916970619e-06
Epoch 199 time: 90.8600959777832 seconds
Epoch 199 accuracy: 79.37%
Batch 50, Loss: 0.0163
Batch 100, Loss: 0.0168
Batch 150, Loss: 0.0170
Epoch 200 learning rate: 0.0
Epoch 200 time: 90.89398670196533 seconds
Epoch 200 accuracy: 79.35%
Total training time: 18192.365030765533 seconds
