The following modules were not unloaded:
  (Use "module --force purge" to unload all):

  1) CCconfig        6)  ucx/1.14.1         11) flexiblas/3.3.1
  2) gentoo/2023     7)  libfabric/1.18.0   12) imkl/2023.2.0
  3) gcccore/.12.3   8)  pmix/4.2.4         13) StdEnv/2023
  4) gcc/12.3        9)  ucc/1.2.0
  5) hwloc/2.9.1     10) openmpi/4.1.5
/project/6070520/tkleinkn/Vanilla-GAM/main_cifar.py:165: UserWarning: You have chosen a specific GPU. This will completely disable data parallelism.
  warnings.warn('You have chosen a specific GPU. This will completely '
model name space ['resnet101_c', 'resnet152_c', 'resnet18_c', 'resnet34_c', 'resnet50_c']
Use GPU: 0 for training
=> creating model 'resnet18_c'
Files already downloaded and verified
Files already downloaded and verified
tensorboard dir ./results/CIFAR10/GAM
Batch 100, Loss: 2.0521
Epoch 1 learning rate: 0.09999383162408304
Epoch 1 time: 100.54527306556702 seconds
Epoch 1 accuracy: 16.79%
Batch 100, Loss: 1.7471
Epoch 2 learning rate: 0.09997532801828658
Epoch 2 time: 91.71643042564392 seconds
Epoch 2 accuracy: 16.5%
Batch 100, Loss: 1.7191
Epoch 3 learning rate: 0.09994449374809851
Epoch 3 time: 91.80415177345276 seconds
Epoch 3 accuracy: 21.23%
Batch 100, Loss: 1.6924
Epoch 4 learning rate: 0.09990133642141359
Epoch 4 time: 91.9358172416687 seconds
Epoch 4 accuracy: 22.41%
Batch 100, Loss: 1.6701
Epoch 5 learning rate: 0.09984586668665642
Epoch 5 time: 91.56726503372192 seconds
Epoch 5 accuracy: 29.62%
Batch 100, Loss: 1.6436
Epoch 6 learning rate: 0.09977809823015402
Epoch 6 time: 91.8387222290039 seconds
Epoch 6 accuracy: 29.85%
Batch 100, Loss: 1.6070
Epoch 7 learning rate: 0.09969804777275901
Epoch 7 time: 91.91070985794067 seconds
Epoch 7 accuracy: 32.89%
Batch 100, Loss: 1.5747
Epoch 8 learning rate: 0.09960573506572391
Epoch 8 time: 91.70579552650452 seconds
Epoch 8 accuracy: 30.5%
Batch 100, Loss: 1.5476
Epoch 9 learning rate: 0.09950118288582789
Epoch 9 time: 91.75518870353699 seconds
Epoch 9 accuracy: 39.4%
Batch 100, Loss: 1.5049
Epoch 10 learning rate: 0.09938441702975691
Epoch 10 time: 91.78206038475037 seconds
Epoch 10 accuracy: 39.97%
Batch 100, Loss: 1.4713
Epoch 11 learning rate: 0.09925546630773871
Epoch 11 time: 91.81404066085815 seconds
Epoch 11 accuracy: 41.2%
Batch 100, Loss: 1.4306
Epoch 12 learning rate: 0.09911436253643445
Epoch 12 time: 91.66563296318054 seconds
Epoch 12 accuracy: 47.28%
Batch 100, Loss: 1.3939
Epoch 13 learning rate: 0.0989611405310883
Epoch 13 time: 91.79867553710938 seconds
Epoch 13 accuracy: 48.8%
Batch 100, Loss: 1.3571
Epoch 14 learning rate: 0.09879583809693739
Epoch 14 time: 91.5929811000824 seconds
Epoch 14 accuracy: 49.43%
Batch 100, Loss: 1.3200
Epoch 15 learning rate: 0.09861849601988384
Epoch 15 time: 91.52119016647339 seconds
Epoch 15 accuracy: 54.92%
Batch 100, Loss: 1.2645
Epoch 16 learning rate: 0.09842915805643157
Epoch 16 time: 91.53850960731506 seconds
Epoch 16 accuracy: 57.76%
Batch 100, Loss: 1.2240
Epoch 17 learning rate: 0.09822787092288993
Epoch 17 time: 91.78525280952454 seconds
Epoch 17 accuracy: 58.59%
Batch 100, Loss: 1.2018
Epoch 18 learning rate: 0.09801468428384717
Epoch 18 time: 91.68336606025696 seconds
Epoch 18 accuracy: 63.97%
Batch 100, Loss: 1.1470
Epoch 19 learning rate: 0.09778965073991652
Epoch 19 time: 91.66146516799927 seconds
Epoch 19 accuracy: 63.01%
Batch 100, Loss: 1.1114
Epoch 20 learning rate: 0.0975528258147577
Epoch 20 time: 91.77573728561401 seconds
Epoch 20 accuracy: 68.86%
Batch 100, Loss: 1.0761
Epoch 21 learning rate: 0.09730426794137728
Epoch 21 time: 91.5215847492218 seconds
Epoch 21 accuracy: 68.97%
Batch 100, Loss: 1.0481
Epoch 22 learning rate: 0.09704403844771128
Epoch 22 time: 91.46141529083252 seconds
Epoch 22 accuracy: 67.1%
Batch 100, Loss: 1.0103
Epoch 23 learning rate: 0.09677220154149338
Epoch 23 time: 91.70945906639099 seconds
Epoch 23 accuracy: 72.05%
Batch 100, Loss: 0.9818
Epoch 24 learning rate: 0.09648882429441258
Epoch 24 time: 91.59414386749268 seconds
Epoch 24 accuracy: 73.56%
Batch 100, Loss: 0.9584
Epoch 25 learning rate: 0.09619397662556435
Epoch 25 time: 91.59184551239014 seconds
Epoch 25 accuracy: 76.5%
Batch 100, Loss: 0.9478
Epoch 26 learning rate: 0.09588773128419906
Epoch 26 time: 91.70875597000122 seconds
Epoch 26 accuracy: 76.43%
Batch 100, Loss: 0.9301
Epoch 27 learning rate: 0.09557016383177226
Epoch 27 time: 91.76429677009583 seconds
Epoch 27 accuracy: 75.86%
Batch 100, Loss: 0.9079
Epoch 28 learning rate: 0.09524135262330098
Epoch 28 time: 91.64891409873962 seconds
Epoch 28 accuracy: 73.51%
Batch 100, Loss: 0.8830
Epoch 29 learning rate: 0.09490137878803079
Epoch 29 time: 91.66197109222412 seconds
Epoch 29 accuracy: 79.28%
Batch 100, Loss: 0.8753
Epoch 30 learning rate: 0.0945503262094184
Epoch 30 time: 91.55629467964172 seconds
Epoch 30 accuracy: 78.26%
Batch 100, Loss: 0.8669
Epoch 31 learning rate: 0.0941882815044347
Epoch 31 time: 91.74822211265564 seconds
Epoch 31 accuracy: 79.16%
Batch 100, Loss: 0.8509
Epoch 32 learning rate: 0.09381533400219319
Epoch 32 time: 91.64123749732971 seconds
Epoch 32 accuracy: 79.42%
Batch 100, Loss: 0.8485
Epoch 33 learning rate: 0.09343157572190958
Epoch 33 time: 91.58011484146118 seconds
Epoch 33 accuracy: 80.17%
Batch 100, Loss: 0.8376
Epoch 34 learning rate: 0.0930371013501972
Epoch 34 time: 91.66049790382385 seconds
Epoch 34 accuracy: 79.92%
Batch 100, Loss: 0.8242
Epoch 35 learning rate: 0.09263200821770463
Epoch 35 time: 91.49417448043823 seconds
Epoch 35 accuracy: 75.35%
Batch 100, Loss: 0.8079
Epoch 36 learning rate: 0.09221639627510078
Epoch 36 time: 91.83241271972656 seconds
Epoch 36 accuracy: 80.06%
Batch 100, Loss: 0.8066
Epoch 37 learning rate: 0.09179036806841355
Epoch 37 time: 91.44639825820923 seconds
Epoch 37 accuracy: 81.32%
Batch 100, Loss: 0.7989
Epoch 38 learning rate: 0.09135402871372812
Epoch 38 time: 91.52608275413513 seconds
Epoch 38 accuracy: 80.61%
Batch 100, Loss: 0.7909
Epoch 39 learning rate: 0.0909074858712512
Epoch 39 time: 91.68453764915466 seconds
Epoch 39 accuracy: 80.48%
Batch 100, Loss: 0.7964
Epoch 40 learning rate: 0.09045084971874741
Epoch 40 time: 91.60224556922913 seconds
Epoch 40 accuracy: 81.88%
Batch 100, Loss: 0.7864
Epoch 41 learning rate: 0.08998423292435458
Epoch 41 time: 91.73074793815613 seconds
Epoch 41 accuracy: 82.41%
Batch 100, Loss: 0.7782
Epoch 42 learning rate: 0.08950775061878455
Epoch 42 time: 91.57181239128113 seconds
Epoch 42 accuracy: 82.54%
Batch 100, Loss: 0.7742
Epoch 43 learning rate: 0.08902152036691653
Epoch 43 time: 91.61399173736572 seconds
Epoch 43 accuracy: 83.79%
Batch 100, Loss: 0.7678
Epoch 44 learning rate: 0.08852566213878951
Epoch 44 time: 91.64946246147156 seconds
Epoch 44 accuracy: 84.3%
Batch 100, Loss: 0.7606
Epoch 45 learning rate: 0.0880202982800016
Epoch 45 time: 91.60626029968262 seconds
Epoch 45 accuracy: 82.79%
Batch 100, Loss: 0.7477
Epoch 46 learning rate: 0.08750555348152303
Epoch 46 time: 91.60222864151001 seconds
Epoch 46 accuracy: 82.9%
Batch 100, Loss: 0.7556
Epoch 47 learning rate: 0.08698155474893052
Epoch 47 time: 91.62162899971008 seconds
Epoch 47 accuracy: 84.42%
Batch 100, Loss: 0.7462
Epoch 48 learning rate: 0.08644843137107061
Epoch 48 time: 91.63348340988159 seconds
Epoch 48 accuracy: 83.07%
Batch 100, Loss: 0.7496
Epoch 49 learning rate: 0.08590631488815947
Epoch 49 time: 91.72036647796631 seconds
Epoch 49 accuracy: 84.94%
Batch 100, Loss: 0.7274
Epoch 50 learning rate: 0.0853553390593274
Epoch 50 time: 91.62797522544861 seconds
Epoch 50 accuracy: 83.4%
Batch 100, Loss: 0.7331
Epoch 51 learning rate: 0.08479563982961574
Epoch 51 time: 91.75111126899719 seconds
Epoch 51 accuracy: 85.16%
Batch 100, Loss: 0.7380
Epoch 52 learning rate: 0.08422735529643446
Epoch 52 time: 91.78417134284973 seconds
Epoch 52 accuracy: 84.36%
Batch 100, Loss: 0.7269
Epoch 53 learning rate: 0.08365062567548869
Epoch 53 time: 91.59997701644897 seconds
Epoch 53 accuracy: 84.63%
Batch 100, Loss: 0.7244
Epoch 54 learning rate: 0.08306559326618261
Epoch 54 time: 91.65040755271912 seconds
Epoch 54 accuracy: 85.54%
Batch 100, Loss: 0.7213
Epoch 55 learning rate: 0.0824724024165092
Epoch 55 time: 91.8087568283081 seconds
Epoch 55 accuracy: 85.04%
Batch 100, Loss: 0.7249
Epoch 56 learning rate: 0.0818711994874345
Epoch 56 time: 91.69984555244446 seconds
Epoch 56 accuracy: 86.31%
Batch 100, Loss: 0.7127
Epoch 57 learning rate: 0.08126213281678528
Epoch 57 time: 91.64676713943481 seconds
Epoch 57 accuracy: 85.16%
Batch 100, Loss: 0.7147
Epoch 58 learning rate: 0.08064535268264884
Epoch 58 time: 91.8192036151886 seconds
Epoch 58 accuracy: 85.65%
Batch 100, Loss: 0.6953
Epoch 59 learning rate: 0.08002101126629421
Epoch 59 time: 91.74153256416321 seconds
Epoch 59 accuracy: 86.06%
Batch 100, Loss: 0.7084
Epoch 60 learning rate: 0.07938926261462367
Epoch 60 time: 91.61027717590332 seconds
Epoch 60 accuracy: 85.85%
Batch 100, Loss: 0.7015
Epoch 61 learning rate: 0.07875026260216395
Epoch 61 time: 91.69119572639465 seconds
Epoch 61 accuracy: 85.03%
Batch 100, Loss: 0.7105
Epoch 62 learning rate: 0.07810416889260656
Epoch 62 time: 91.77654981613159 seconds
Epoch 62 accuracy: 86.57%
Batch 100, Loss: 0.6982
Epoch 63 learning rate: 0.07745114089990661
Epoch 63 time: 91.68509101867676 seconds
Epoch 63 accuracy: 86.47%
Batch 100, Loss: 0.6972
Epoch 64 learning rate: 0.07679133974894985
Epoch 64 time: 91.85933041572571 seconds
Epoch 64 accuracy: 84.26%
Batch 100, Loss: 0.6890
Epoch 65 learning rate: 0.07612492823579746
Epoch 65 time: 91.80932307243347 seconds
Epoch 65 accuracy: 85.06%
Batch 100, Loss: 0.6783
Epoch 66 learning rate: 0.07545207078751859
Epoch 66 time: 91.94680190086365 seconds
Epoch 66 accuracy: 87.56%
Batch 100, Loss: 0.6888
Epoch 67 learning rate: 0.0747729334216204
Epoch 67 time: 91.68225407600403 seconds
Epoch 67 accuracy: 86.57%
Batch 100, Loss: 0.6812
Epoch 68 learning rate: 0.07408768370508578
Epoch 68 time: 91.46105098724365 seconds
Epoch 68 accuracy: 86.35%
Batch 100, Loss: 0.6747
Epoch 69 learning rate: 0.0733964907130287
Epoch 69 time: 91.6256320476532 seconds
Epoch 69 accuracy: 85.81%
Batch 100, Loss: 0.6837
Epoch 70 learning rate: 0.07269952498697736
Epoch 70 time: 91.78144097328186 seconds
Epoch 70 accuracy: 87.19%
Batch 100, Loss: 0.6748
Epoch 71 learning rate: 0.07199695849279578
Epoch 71 time: 91.63901948928833 seconds
Epoch 71 accuracy: 86.48%
Batch 100, Loss: 0.6717
Epoch 72 learning rate: 0.07128896457825366
Epoch 72 time: 91.68229126930237 seconds
Epoch 72 accuracy: 85.98%
Batch 100, Loss: 0.6732
Epoch 73 learning rate: 0.07057571793025548
Epoch 73 time: 91.86439728736877 seconds
Epoch 73 accuracy: 87.25%
Batch 100, Loss: 0.6675
Epoch 74 learning rate: 0.06985739453173906
Epoch 74 time: 91.7877299785614 seconds
Epoch 74 accuracy: 87.51%
Batch 100, Loss: 0.6624
Epoch 75 learning rate: 0.06913417161825453
Epoch 75 time: 91.80115294456482 seconds
Epoch 75 accuracy: 87.77%
Batch 100, Loss: 0.6616
Epoch 76 learning rate: 0.06840622763423394
Epoch 76 time: 91.75097012519836 seconds
Epoch 76 accuracy: 88.3%
Batch 100, Loss: 0.6697
Epoch 77 learning rate: 0.0676737421889629
Epoch 77 time: 91.63481760025024 seconds
Epoch 77 accuracy: 88.38%
Batch 100, Loss: 0.6512
Epoch 78 learning rate: 0.06693689601226462
Epoch 78 time: 91.75384426116943 seconds
Epoch 78 accuracy: 86.34%
Batch 100, Loss: 0.6536
Epoch 79 learning rate: 0.06619587090990751
Epoch 79 time: 91.80203890800476 seconds
Epoch 79 accuracy: 87.94%
Batch 100, Loss: 0.6516
Epoch 80 learning rate: 0.06545084971874741
Epoch 80 time: 91.77195572853088 seconds
Epoch 80 accuracy: 88.54%
Batch 100, Loss: 0.6479
Epoch 81 learning rate: 0.06470201626161524
Epoch 81 time: 91.56070971488953 seconds
Epoch 81 accuracy: 87.85%
Batch 100, Loss: 0.6427
Epoch 82 learning rate: 0.06394955530196152
Epoch 82 time: 91.59559798240662 seconds
Epoch 82 accuracy: 88.21%
Batch 100, Loss: 0.6364
Epoch 83 learning rate: 0.06319365249826868
Epoch 83 time: 91.79314851760864 seconds
Epoch 83 accuracy: 87.79%
Batch 100, Loss: 0.6413
Epoch 84 learning rate: 0.06243449435824277
Epoch 84 time: 91.64507126808167 seconds
Epoch 84 accuracy: 88.44%
Batch 100, Loss: 0.6376
Epoch 85 learning rate: 0.06167226819279532
Epoch 85 time: 91.87393093109131 seconds
Epoch 85 accuracy: 88.7%
Batch 100, Loss: 0.6280
Epoch 86 learning rate: 0.06090716206982718
Epoch 86 time: 91.806889295578 seconds
Epoch 86 accuracy: 88.99%
Batch 100, Loss: 0.6337
Epoch 87 learning rate: 0.06013936476782568
Epoch 87 time: 91.45093631744385 seconds
Epoch 87 accuracy: 88.48%
Batch 100, Loss: 0.6268
Epoch 88 learning rate: 0.05936906572928629
Epoch 88 time: 91.3615972995758 seconds
Epoch 88 accuracy: 87.69%
Batch 100, Loss: 0.6355
Epoch 89 learning rate: 0.05859645501397052
Epoch 89 time: 91.5370614528656 seconds
Epoch 89 accuracy: 87.46%
Batch 100, Loss: 0.6250
Epoch 90 learning rate: 0.05782172325201159
Epoch 90 time: 91.50978493690491 seconds
Epoch 90 accuracy: 88.57%
Batch 100, Loss: 0.6259
Epoch 91 learning rate: 0.057045061596879186
Epoch 91 time: 91.49964189529419 seconds
Epoch 91 accuracy: 89.01%
Batch 100, Loss: 0.6184
Epoch 92 learning rate: 0.056266661678215264
Epoch 92 time: 91.57582640647888 seconds
Epoch 92 accuracy: 89.3%
Batch 100, Loss: 0.6168
Epoch 93 learning rate: 0.055486715554552306
Epoch 93 time: 91.5979208946228 seconds
Epoch 93 accuracy: 89.69%
Batch 100, Loss: 0.6148
Epoch 94 learning rate: 0.05470541566592575
Epoch 94 time: 91.78604340553284 seconds
Epoch 94 accuracy: 89.28%
Batch 100, Loss: 0.6067
Epoch 95 learning rate: 0.05392295478639229
Epoch 95 time: 91.67025542259216 seconds
Epoch 95 accuracy: 89.9%
Batch 100, Loss: 0.6067
Epoch 96 learning rate: 0.05313952597646571
Epoch 96 time: 91.66288423538208 seconds
Epoch 96 accuracy: 89.88%
Batch 100, Loss: 0.5992
Epoch 97 learning rate: 0.05235532253548216
Epoch 97 time: 91.66431140899658 seconds
Epoch 97 accuracy: 90.4%
Batch 100, Loss: 0.6006
Epoch 98 learning rate: 0.051570537953906447
Epoch 98 time: 91.4961769580841 seconds
Epoch 98 accuracy: 89.56%
Batch 100, Loss: 0.6093
Epoch 99 learning rate: 0.05078536586559106
Epoch 99 time: 91.72163915634155 seconds
Epoch 99 accuracy: 90.15%
Batch 100, Loss: 0.6056
Epoch 100 learning rate: 0.050000000000000024
Epoch 100 time: 91.52568030357361 seconds
Epoch 100 accuracy: 90.54%
Batch 100, Loss: 0.5893
Epoch 101 learning rate: 0.049214634134409
Epoch 101 time: 91.54112768173218 seconds
Epoch 101 accuracy: 89.74%
Batch 100, Loss: 0.5982
Epoch 102 learning rate: 0.04842946204609361
Epoch 102 time: 91.81257820129395 seconds
Epoch 102 accuracy: 89.74%
Batch 100, Loss: 0.5877
Epoch 103 learning rate: 0.04764467746451789
Epoch 103 time: 91.54169845581055 seconds
Epoch 103 accuracy: 90.34%
Batch 100, Loss: 0.5871
Epoch 104 learning rate: 0.046860474023534354
Epoch 104 time: 91.75464868545532 seconds
Epoch 104 accuracy: 89.84%
Batch 100, Loss: 0.5835
Epoch 105 learning rate: 0.04607704521360778
Epoch 105 time: 91.75569462776184 seconds
Epoch 105 accuracy: 89.7%
Batch 100, Loss: 0.5867
Epoch 106 learning rate: 0.04529458433407431
Epoch 106 time: 91.53598523139954 seconds
Epoch 106 accuracy: 90.84%
Batch 100, Loss: 0.5792
Epoch 107 learning rate: 0.04451328444544776
Epoch 107 time: 91.78129363059998 seconds
Epoch 107 accuracy: 90.02%
Batch 100, Loss: 0.5747
Epoch 108 learning rate: 0.04373333832178482
Epoch 108 time: 91.57981443405151 seconds
Epoch 108 accuracy: 90.8%
Batch 100, Loss: 0.5717
Epoch 109 learning rate: 0.0429549384031209
Epoch 109 time: 91.72907733917236 seconds
Epoch 109 accuracy: 90.86%
Batch 100, Loss: 0.5764
Epoch 110 learning rate: 0.042178276747988484
Epoch 110 time: 91.82592225074768 seconds
Epoch 110 accuracy: 90.87%
Batch 100, Loss: 0.5776
Epoch 111 learning rate: 0.04140354498602954
Epoch 111 time: 91.87839794158936 seconds
Epoch 111 accuracy: 90.94%
Batch 100, Loss: 0.5645
Epoch 112 learning rate: 0.0406309342707138
Epoch 112 time: 91.68346381187439 seconds
Epoch 112 accuracy: 91.37%
Batch 100, Loss: 0.5619
Epoch 113 learning rate: 0.03986063523217441
Epoch 113 time: 91.99600410461426 seconds
Epoch 113 accuracy: 90.9%
Batch 100, Loss: 0.5644
Epoch 114 learning rate: 0.039092837930172916
Epoch 114 time: 91.76819133758545 seconds
Epoch 114 accuracy: 91.21%
Batch 100, Loss: 0.5656
Epoch 115 learning rate: 0.03832773180720475
Epoch 115 time: 91.72556519508362 seconds
Epoch 115 accuracy: 91.1%
Batch 100, Loss: 0.5581
Epoch 116 learning rate: 0.037565505641757285
Epoch 116 time: 91.61286282539368 seconds
Epoch 116 accuracy: 91.6%
Batch 100, Loss: 0.5501
Epoch 117 learning rate: 0.03680634750173138
Epoch 117 time: 91.68526315689087 seconds
Epoch 117 accuracy: 91.23%
Batch 100, Loss: 0.5656
Epoch 118 learning rate: 0.036050444698038565
Epoch 118 time: 91.7503297328949 seconds
Epoch 118 accuracy: 91.38%
Batch 100, Loss: 0.5454
Epoch 119 learning rate: 0.03529798373838483
Epoch 119 time: 91.80673289299011 seconds
Epoch 119 accuracy: 91.37%
Batch 100, Loss: 0.5447
Epoch 120 learning rate: 0.03454915028125267
Epoch 120 time: 91.65892672538757 seconds
Epoch 120 accuracy: 91.53%
Batch 100, Loss: 0.5425
Epoch 121 learning rate: 0.03380412909009255
Epoch 121 time: 91.69641780853271 seconds
Epoch 121 accuracy: 91.29%
Batch 100, Loss: 0.5425
Epoch 122 learning rate: 0.03306310398773545
Epoch 122 time: 91.62854385375977 seconds
Epoch 122 accuracy: 91.98%
Batch 100, Loss: 0.5434
Epoch 123 learning rate: 0.03232625781103717
Epoch 123 time: 91.75700330734253 seconds
Epoch 123 accuracy: 91.83%
Batch 100, Loss: 0.5349
Epoch 124 learning rate: 0.03159377236576613
Epoch 124 time: 91.38367080688477 seconds
Epoch 124 accuracy: 91.39%
Batch 100, Loss: 0.5341
Epoch 125 learning rate: 0.030865828381745543
Epoch 125 time: 91.68778467178345 seconds
Epoch 125 accuracy: 91.82%
Batch 100, Loss: 0.5360
Epoch 126 learning rate: 0.03014260546826098
Epoch 126 time: 91.71784210205078 seconds
Epoch 126 accuracy: 91.57%
Batch 100, Loss: 0.5321
Epoch 127 learning rate: 0.02942428206974458
Epoch 127 time: 91.70829772949219 seconds
Epoch 127 accuracy: 91.88%
Batch 100, Loss: 0.5222
Epoch 128 learning rate: 0.028711035421746387
Epoch 128 time: 91.87759256362915 seconds
Epoch 128 accuracy: 92.44%
Batch 100, Loss: 0.5187
Epoch 129 learning rate: 0.02800304150720426
Epoch 129 time: 91.80793571472168 seconds
Epoch 129 accuracy: 92.09%
Batch 100, Loss: 0.5147
Epoch 130 learning rate: 0.02730047501302268
Epoch 130 time: 91.75086522102356 seconds
Epoch 130 accuracy: 92.13%
Batch 100, Loss: 0.5252
Epoch 131 learning rate: 0.026603509286971357
Epoch 131 time: 91.79544925689697 seconds
Epoch 131 accuracy: 92.68%
Batch 100, Loss: 0.5192
Epoch 132 learning rate: 0.025912316294914244
Epoch 132 time: 91.76029968261719 seconds
Epoch 132 accuracy: 92.32%
Batch 100, Loss: 0.5157
Epoch 133 learning rate: 0.025227066578379632
Epoch 133 time: 91.73683500289917 seconds
Epoch 133 accuracy: 92.82%
Batch 100, Loss: 0.5086
Epoch 134 learning rate: 0.024547929212481445
Epoch 134 time: 91.62224984169006 seconds
Epoch 134 accuracy: 92.61%
Batch 100, Loss: 0.5040
Epoch 135 learning rate: 0.02387507176420257
Epoch 135 time: 91.84227776527405 seconds
Epoch 135 accuracy: 92.42%
Batch 100, Loss: 0.5041
Epoch 136 learning rate: 0.023208660251050166
Epoch 136 time: 91.49513602256775 seconds
Epoch 136 accuracy: 92.38%
Batch 100, Loss: 0.5024
Epoch 137 learning rate: 0.022548859100093414
Epoch 137 time: 91.66368317604065 seconds
Epoch 137 accuracy: 93.01%
Batch 100, Loss: 0.4917
Epoch 138 learning rate: 0.021895831107393474
Epoch 138 time: 91.72767353057861 seconds
Epoch 138 accuracy: 92.92%
Batch 100, Loss: 0.4998
Epoch 139 learning rate: 0.02124973739783608
Epoch 139 time: 91.66901779174805 seconds
Epoch 139 accuracy: 93.23%
Batch 100, Loss: 0.4932
Epoch 140 learning rate: 0.02061073738537636
Epoch 140 time: 91.62135601043701 seconds
Epoch 140 accuracy: 92.91%
Batch 100, Loss: 0.4921
Epoch 141 learning rate: 0.019978988733705814
Epoch 141 time: 91.84666585922241 seconds
Epoch 141 accuracy: 92.9%
Batch 100, Loss: 0.4802
Epoch 142 learning rate: 0.01935464731735118
Epoch 142 time: 91.66611671447754 seconds
Epoch 142 accuracy: 93.07%
Batch 100, Loss: 0.4870
Epoch 143 learning rate: 0.018737867183214747
Epoch 143 time: 91.63924789428711 seconds
Epoch 143 accuracy: 92.96%
Batch 100, Loss: 0.4810
Epoch 144 learning rate: 0.01812880051256552
Epoch 144 time: 91.72476434707642 seconds
Epoch 144 accuracy: 92.94%
Batch 100, Loss: 0.4734
Epoch 145 learning rate: 0.017527597583490827
Epoch 145 time: 91.76094603538513 seconds
Epoch 145 accuracy: 93.3%
Batch 100, Loss: 0.4838
Epoch 146 learning rate: 0.01693440673381742
Epoch 146 time: 91.74529504776001 seconds
Epoch 146 accuracy: 93.83%
Batch 100, Loss: 0.4802
Epoch 147 learning rate: 0.016349374324511334
Epoch 147 time: 91.88137674331665 seconds
Epoch 147 accuracy: 93.4%
Batch 100, Loss: 0.4753
Epoch 148 learning rate: 0.01577264470356557
Epoch 148 time: 91.68744850158691 seconds
Epoch 148 accuracy: 93.77%
Batch 100, Loss: 0.4732
Epoch 149 learning rate: 0.01520436017038429
Epoch 149 time: 91.79504823684692 seconds
Epoch 149 accuracy: 93.29%
Batch 100, Loss: 0.4635
Epoch 150 learning rate: 0.014644660940672632
Epoch 150 time: 91.53461265563965 seconds
Epoch 150 accuracy: 93.92%
Batch 100, Loss: 0.4645
Epoch 151 learning rate: 0.01409368511184057
Epoch 151 time: 91.7229413986206 seconds
Epoch 151 accuracy: 94.01%
Batch 100, Loss: 0.4654
Epoch 152 learning rate: 0.013551568628929438
Epoch 152 time: 91.77639818191528 seconds
Epoch 152 accuracy: 93.82%
Batch 100, Loss: 0.4658
Epoch 153 learning rate: 0.013018445251069516
Epoch 153 time: 91.93409967422485 seconds
Epoch 153 accuracy: 93.55%
Batch 100, Loss: 0.4548
Epoch 154 learning rate: 0.012494446518477026
Epoch 154 time: 91.61648201942444 seconds
Epoch 154 accuracy: 94.27%
Batch 100, Loss: 0.4594
Epoch 155 learning rate: 0.011979701719998459
Epoch 155 time: 91.59979820251465 seconds
Epoch 155 accuracy: 94.14%
Batch 100, Loss: 0.4548
Epoch 156 learning rate: 0.011474337861210548
Epoch 156 time: 91.68583369255066 seconds
Epoch 156 accuracy: 93.92%
Batch 100, Loss: 0.4523
Epoch 157 learning rate: 0.010978479633083526
Epoch 157 time: 91.72603464126587 seconds
Epoch 157 accuracy: 94.25%
Batch 100, Loss: 0.4463
Epoch 158 learning rate: 0.010492249381215483
Epoch 158 time: 91.73554682731628 seconds
Epoch 158 accuracy: 94.29%
Batch 100, Loss: 0.4463
Epoch 159 learning rate: 0.010015767075645474
Epoch 159 time: 91.68511819839478 seconds
Epoch 159 accuracy: 94.18%
Batch 100, Loss: 0.4409
Epoch 160 learning rate: 0.009549150281252637
Epoch 160 time: 91.64426064491272 seconds
Epoch 160 accuracy: 94.19%
Batch 100, Loss: 0.4428
Epoch 161 learning rate: 0.00909251412874884
Epoch 161 time: 91.59596133232117 seconds
Epoch 161 accuracy: 94.53%
Batch 100, Loss: 0.4359
Epoch 162 learning rate: 0.008645971286271918
Epoch 162 time: 91.77612113952637 seconds
Epoch 162 accuracy: 94.21%
Batch 100, Loss: 0.4367
Epoch 163 learning rate: 0.008209631931586501
Epoch 163 time: 91.6301257610321 seconds
Epoch 163 accuracy: 94.29%
Batch 100, Loss: 0.4423
Epoch 164 learning rate: 0.0077836037248992605
Epoch 164 time: 91.66948962211609 seconds
Epoch 164 accuracy: 94.62%
Batch 100, Loss: 0.4409
Epoch 165 learning rate: 0.0073679917822954055
Epoch 165 time: 91.87136101722717 seconds
Epoch 165 accuracy: 94.47%
Batch 100, Loss: 0.4266
Epoch 166 learning rate: 0.006962898649802815
Epoch 166 time: 91.62329173088074 seconds
Epoch 166 accuracy: 94.56%
Batch 100, Loss: 0.4325
Epoch 167 learning rate: 0.006568424278090438
Epoch 167 time: 91.56217050552368 seconds
Epoch 167 accuracy: 94.44%
Batch 100, Loss: 0.4315
Epoch 168 learning rate: 0.006184665997806824
Epoch 168 time: 91.6424252986908 seconds
Epoch 168 accuracy: 94.63%
Batch 100, Loss: 0.4274
Epoch 169 learning rate: 0.00581171849556533
Epoch 169 time: 91.69799137115479 seconds
Epoch 169 accuracy: 94.57%
Batch 100, Loss: 0.4242
Epoch 170 learning rate: 0.0054496737905816136
Epoch 170 time: 91.69975161552429 seconds
Epoch 170 accuracy: 94.71%
Batch 100, Loss: 0.4216
Epoch 171 learning rate: 0.005098621211969226
Epoch 171 time: 91.98419165611267 seconds
Epoch 171 accuracy: 94.51%
Batch 100, Loss: 0.4172
Epoch 172 learning rate: 0.004758647376699035
Epoch 172 time: 91.65882444381714 seconds
Epoch 172 accuracy: 94.51%
Batch 100, Loss: 0.4084
Epoch 173 learning rate: 0.00442983616822775
Epoch 173 time: 91.7316689491272 seconds
Epoch 173 accuracy: 94.86%
Batch 100, Loss: 0.4139
Epoch 174 learning rate: 0.004112268715800957
Epoch 174 time: 91.70501828193665 seconds
Epoch 174 accuracy: 94.84%
Batch 100, Loss: 0.4125
Epoch 175 learning rate: 0.003806023374435677
Epoch 175 time: 91.94639897346497 seconds
Epoch 175 accuracy: 94.68%
Batch 100, Loss: 0.4154
Epoch 176 learning rate: 0.003511175705587435
Epoch 176 time: 91.58002972602844 seconds
Epoch 176 accuracy: 94.6%
Batch 100, Loss: 0.4175
Epoch 177 learning rate: 0.0032277984585066333
Epoch 177 time: 91.5617446899414 seconds
Epoch 177 accuracy: 95.02%
Batch 100, Loss: 0.4104
Epoch 178 learning rate: 0.002955961552288729
Epoch 178 time: 91.77381467819214 seconds
Epoch 178 accuracy: 94.84%
Batch 100, Loss: 0.4159
Epoch 179 learning rate: 0.0026957320586227366
Epoch 179 time: 91.47961831092834 seconds
Epoch 179 accuracy: 94.88%
Batch 100, Loss: 0.4079
Epoch 180 learning rate: 0.002447174185242325
Epoch 180 time: 91.78925585746765 seconds
Epoch 180 accuracy: 95.0%
Batch 100, Loss: 0.4078
Epoch 181 learning rate: 0.0022103492600834954
Epoch 181 time: 91.66897630691528 seconds
Epoch 181 accuracy: 94.88%
Batch 100, Loss: 0.4115
Epoch 182 learning rate: 0.0019853157161528537
Epoch 182 time: 91.8367805480957 seconds
Epoch 182 accuracy: 94.93%
Batch 100, Loss: 0.4092
Epoch 183 learning rate: 0.001772129077110103
Epoch 183 time: 91.62655663490295 seconds
Epoch 183 accuracy: 94.97%
Batch 100, Loss: 0.4076
Epoch 184 learning rate: 0.0015708419435684529
Epoch 184 time: 91.8328685760498 seconds
Epoch 184 accuracy: 94.72%
Batch 100, Loss: 0.3984
Epoch 185 learning rate: 0.0013815039801161732
Epoch 185 time: 91.73096585273743 seconds
Epoch 185 accuracy: 94.88%
Batch 100, Loss: 0.4000
Epoch 186 learning rate: 0.0012041619030626347
Epoch 186 time: 91.80462574958801 seconds
Epoch 186 accuracy: 94.9%
Batch 100, Loss: 0.3998
Epoch 187 learning rate: 0.0010388594689117077
Epoch 187 time: 91.74435567855835 seconds
Epoch 187 accuracy: 94.99%
Batch 100, Loss: 0.4015
Epoch 188 learning rate: 0.0008856374635655645
Epoch 188 time: 91.7882673740387 seconds
Epoch 188 accuracy: 94.91%
Batch 100, Loss: 0.4031
Epoch 189 learning rate: 0.000744533692261307
Epoch 189 time: 91.8263669013977 seconds
Epoch 189 accuracy: 95.15%
Batch 100, Loss: 0.4001
Epoch 190 learning rate: 0.0006155829702431174
Epoch 190 time: 91.49514961242676 seconds
Epoch 190 accuracy: 94.92%
Batch 100, Loss: 0.4002
Epoch 191 learning rate: 0.0004988171141721235
Epoch 191 time: 91.77893590927124 seconds
Epoch 191 accuracy: 95.02%
Batch 100, Loss: 0.4021
Epoch 192 learning rate: 0.00039426493427611206
Epoch 192 time: 91.86604022979736 seconds
Epoch 192 accuracy: 95.02%
Batch 100, Loss: 0.4012
Epoch 193 learning rate: 0.00030195222724102046
Epoch 193 time: 91.48184514045715 seconds
Epoch 193 accuracy: 94.93%
Batch 100, Loss: 0.4007
Epoch 194 learning rate: 0.00022190176984600036
Epoch 194 time: 91.51184940338135 seconds
Epoch 194 accuracy: 95.17%
Batch 100, Loss: 0.3953
Epoch 195 learning rate: 0.00015413331334360192
Epoch 195 time: 91.70013451576233 seconds
Epoch 195 accuracy: 94.99%
Batch 100, Loss: 0.3931
Epoch 196 learning rate: 9.866357858642213e-05
Epoch 196 time: 91.6957790851593 seconds
Epoch 196 accuracy: 95.13%
Batch 100, Loss: 0.3926
Epoch 197 learning rate: 5.5506251901504864e-05
Epoch 197 time: 91.7768394947052 seconds
Epoch 197 accuracy: 94.95%
Batch 100, Loss: 0.3981
Epoch 198 learning rate: 2.4671981713420017e-05
Epoch 198 time: 91.94486379623413 seconds
Epoch 198 accuracy: 95.01%
Batch 100, Loss: 0.3951
Epoch 199 learning rate: 6.168375916970619e-06
Epoch 199 time: 91.62915992736816 seconds
Epoch 199 accuracy: 95.12%
Batch 100, Loss: 0.3987
Epoch 200 learning rate: 0.0
Epoch 200 time: 91.6683406829834 seconds
Epoch 200 accuracy: 95.08%
Total training time: 18347.8035902977 seconds
