The following modules were not unloaded:
  (Use "module --force purge" to unload all):

  1) CCconfig        6)  ucx/1.14.1         11) flexiblas/3.3.1
  2) gentoo/2023     7)  libfabric/1.18.0   12) imkl/2023.2.0
  3) gcccore/.12.3   8)  pmix/4.2.4         13) StdEnv/2023
  4) gcc/12.3        9)  ucc/1.2.0
  5) hwloc/2.9.1     10) openmpi/4.1.5
/project/6070520/tkleinkn/Vanilla-GAM/main_cifar.py:159: UserWarning: You have chosen a specific GPU. This will completely disable data parallelism.
  warnings.warn('You have chosen a specific GPU. This will completely '
model name space ['resnet101_c', 'resnet152_c', 'resnet18_c', 'resnet34_c', 'resnet50_c']
Use GPU: 0 for training
=> creating model 'resnet18_c'
Files already downloaded and verified
Files already downloaded and verified
tensorboard dir ./results/CIFAR10/GAM
Batch 50, Loss: 2.4595
Batch 100, Loss: 1.5878
Batch 150, Loss: 1.5043
Epoch 1 learning rate: 0.09999383162408304
Epoch 1 time: 100.7459123134613 seconds
Epoch 1 accuracy: 27.06%
Batch 50, Loss: 1.3917
Batch 100, Loss: 1.3533
Batch 150, Loss: 1.2991
Epoch 2 learning rate: 0.09997532801828658
Epoch 2 time: 91.39498519897461 seconds
Epoch 2 accuracy: 40.72%
Batch 50, Loss: 1.2464
Batch 100, Loss: 1.2015
Batch 150, Loss: 1.1743
Epoch 3 learning rate: 0.09994449374809851
Epoch 3 time: 91.59599757194519 seconds
Epoch 3 accuracy: 46.03%
Batch 50, Loss: 1.1198
Batch 100, Loss: 1.0766
Batch 150, Loss: 1.0464
Epoch 4 learning rate: 0.09990133642141359
Epoch 4 time: 91.64170718193054 seconds
Epoch 4 accuracy: 53.8%
Batch 50, Loss: 0.9930
Batch 100, Loss: 0.9556
Batch 150, Loss: 0.9306
Epoch 5 learning rate: 0.09984586668665642
Epoch 5 time: 91.49262523651123 seconds
Epoch 5 accuracy: 59.16%
Batch 50, Loss: 0.8788
Batch 100, Loss: 0.8305
Batch 150, Loss: 0.8113
Epoch 6 learning rate: 0.09977809823015402
Epoch 6 time: 91.49077868461609 seconds
Epoch 6 accuracy: 64.08%
Batch 50, Loss: 0.7693
Batch 100, Loss: 0.7563
Batch 150, Loss: 0.7220
Epoch 7 learning rate: 0.09969804777275901
Epoch 7 time: 91.67552280426025 seconds
Epoch 7 accuracy: 67.09%
Batch 50, Loss: 0.6966
Batch 100, Loss: 0.6791
Batch 150, Loss: 0.6499
Epoch 8 learning rate: 0.09960573506572391
Epoch 8 time: 91.50749087333679 seconds
Epoch 8 accuracy: 69.39%
Batch 50, Loss: 0.6287
Batch 100, Loss: 0.6180
Batch 150, Loss: 0.5951
Epoch 9 learning rate: 0.09950118288582789
Epoch 9 time: 91.74982404708862 seconds
Epoch 9 accuracy: 70.73%
Batch 50, Loss: 0.5581
Batch 100, Loss: 0.5397
Batch 150, Loss: 0.5336
Epoch 10 learning rate: 0.09938441702975691
Epoch 10 time: 91.59870052337646 seconds
Epoch 10 accuracy: 76.36%
Batch 50, Loss: 0.4876
Batch 100, Loss: 0.4818
Batch 150, Loss: 0.4766
Epoch 11 learning rate: 0.09925546630773871
Epoch 11 time: 91.60311698913574 seconds
Epoch 11 accuracy: 78.84%
Batch 50, Loss: 0.4389
Batch 100, Loss: 0.4375
Batch 150, Loss: 0.4389
Epoch 12 learning rate: 0.09911436253643445
Epoch 12 time: 91.43727707862854 seconds
Epoch 12 accuracy: 80.59%
Batch 50, Loss: 0.4057
Batch 100, Loss: 0.4006
Batch 150, Loss: 0.3874
Epoch 13 learning rate: 0.0989611405310883
Epoch 13 time: 91.71966648101807 seconds
Epoch 13 accuracy: 82.06%
Batch 50, Loss: 0.3890
Batch 100, Loss: 0.3688
Batch 150, Loss: 0.3642
Epoch 14 learning rate: 0.09879583809693739
Epoch 14 time: 91.70602679252625 seconds
Epoch 14 accuracy: 81.9%
Batch 50, Loss: 0.3347
Batch 100, Loss: 0.3419
Batch 150, Loss: 0.3472
Epoch 15 learning rate: 0.09861849601988384
Epoch 15 time: 91.44051909446716 seconds
Epoch 15 accuracy: 82.8%
Batch 50, Loss: 0.3244
Batch 100, Loss: 0.3179
Batch 150, Loss: 0.3183
Epoch 16 learning rate: 0.09842915805643157
Epoch 16 time: 91.61350536346436 seconds
Epoch 16 accuracy: 85.16%
Batch 50, Loss: 0.2982
Batch 100, Loss: 0.3129
Batch 150, Loss: 0.2954
Epoch 17 learning rate: 0.09822787092288993
Epoch 17 time: 91.6424012184143 seconds
Epoch 17 accuracy: 83.63%
Batch 50, Loss: 0.2990
Batch 100, Loss: 0.2820
Batch 150, Loss: 0.2737
Epoch 18 learning rate: 0.09801468428384717
Epoch 18 time: 91.45282483100891 seconds
Epoch 18 accuracy: 86.39%
Batch 50, Loss: 0.2693
Batch 100, Loss: 0.2714
Batch 150, Loss: 0.2757
Epoch 19 learning rate: 0.09778965073991652
Epoch 19 time: 91.5165479183197 seconds
Epoch 19 accuracy: 86.24%
Batch 50, Loss: 0.2489
Batch 100, Loss: 0.2571
Batch 150, Loss: 0.2659
Epoch 20 learning rate: 0.0975528258147577
Epoch 20 time: 91.65645551681519 seconds
Epoch 20 accuracy: 86.27%
Batch 50, Loss: 0.2485
Batch 100, Loss: 0.2499
Batch 150, Loss: 0.2453
Epoch 21 learning rate: 0.09730426794137728
Epoch 21 time: 91.5044903755188 seconds
Epoch 21 accuracy: 87.28%
Batch 50, Loss: 0.2345
Batch 100, Loss: 0.2330
Batch 150, Loss: 0.2427
Epoch 22 learning rate: 0.09704403844771128
Epoch 22 time: 91.42840504646301 seconds
Epoch 22 accuracy: 87.49%
Batch 50, Loss: 0.2315
Batch 100, Loss: 0.2317
Batch 150, Loss: 0.2294
Epoch 23 learning rate: 0.09677220154149338
Epoch 23 time: 91.3044970035553 seconds
Epoch 23 accuracy: 88.38%
Batch 50, Loss: 0.2275
Batch 100, Loss: 0.2230
Batch 150, Loss: 0.2232
Epoch 24 learning rate: 0.09648882429441258
Epoch 24 time: 91.39355230331421 seconds
Epoch 24 accuracy: 88.63%
Batch 50, Loss: 0.2049
Batch 100, Loss: 0.2095
Batch 150, Loss: 0.2141
Epoch 25 learning rate: 0.09619397662556435
Epoch 25 time: 91.3872652053833 seconds
Epoch 25 accuracy: 89.12%
Batch 50, Loss: 0.2075
Batch 100, Loss: 0.2052
Batch 150, Loss: 0.2085
Epoch 26 learning rate: 0.09588773128419906
Epoch 26 time: 91.45468068122864 seconds
Epoch 26 accuracy: 87.77%
Batch 50, Loss: 0.1978
Batch 100, Loss: 0.2000
Batch 150, Loss: 0.2088
Epoch 27 learning rate: 0.09557016383177226
Epoch 27 time: 91.59644174575806 seconds
Epoch 27 accuracy: 87.89%
Batch 50, Loss: 0.1994
Batch 100, Loss: 0.1933
Batch 150, Loss: 0.1944
Epoch 28 learning rate: 0.09524135262330098
Epoch 28 time: 91.42532324790955 seconds
Epoch 28 accuracy: 87.29%
Batch 50, Loss: 0.1856
Batch 100, Loss: 0.1899
Batch 150, Loss: 0.1927
Epoch 29 learning rate: 0.09490137878803079
Epoch 29 time: 91.33993577957153 seconds
Epoch 29 accuracy: 89.33%
Batch 50, Loss: 0.1750
Batch 100, Loss: 0.1782
Batch 150, Loss: 0.1859
Epoch 30 learning rate: 0.0945503262094184
Epoch 30 time: 91.49217820167542 seconds
Epoch 30 accuracy: 89.62%
Batch 50, Loss: 0.1751
Batch 100, Loss: 0.1760
Batch 150, Loss: 0.1819
Epoch 31 learning rate: 0.0941882815044347
Epoch 31 time: 91.61150240898132 seconds
Epoch 31 accuracy: 90.23%
Batch 50, Loss: 0.1662
Batch 100, Loss: 0.1760
Batch 150, Loss: 0.1782
Epoch 32 learning rate: 0.09381533400219319
Epoch 32 time: 91.48184847831726 seconds
Epoch 32 accuracy: 90.0%
Batch 50, Loss: 0.1656
Batch 100, Loss: 0.1651
Batch 150, Loss: 0.1780
Epoch 33 learning rate: 0.09343157572190958
Epoch 33 time: 91.42650079727173 seconds
Epoch 33 accuracy: 90.64%
Batch 50, Loss: 0.1649
Batch 100, Loss: 0.1602
Batch 150, Loss: 0.1622
Epoch 34 learning rate: 0.0930371013501972
Epoch 34 time: 91.56958723068237 seconds
Epoch 34 accuracy: 90.72%
Batch 50, Loss: 0.1516
Batch 100, Loss: 0.1575
Batch 150, Loss: 0.1607
Epoch 35 learning rate: 0.09263200821770463
Epoch 35 time: 91.5979232788086 seconds
Epoch 35 accuracy: 89.53%
Batch 50, Loss: 0.1542
Batch 100, Loss: 0.1493
Batch 150, Loss: 0.1544
Epoch 36 learning rate: 0.09221639627510078
Epoch 36 time: 91.43595695495605 seconds
Epoch 36 accuracy: 91.03%
Batch 50, Loss: 0.1498
Batch 100, Loss: 0.1457
Batch 150, Loss: 0.1537
Epoch 37 learning rate: 0.09179036806841355
Epoch 37 time: 91.50683498382568 seconds
Epoch 37 accuracy: 90.73%
Batch 50, Loss: 0.1380
Batch 100, Loss: 0.1476
Batch 150, Loss: 0.1494
Epoch 38 learning rate: 0.09135402871372812
Epoch 38 time: 91.51214146614075 seconds
Epoch 38 accuracy: 90.57%
Batch 50, Loss: 0.1426
Batch 100, Loss: 0.1443
Batch 150, Loss: 0.1415
Epoch 39 learning rate: 0.0909074858712512
Epoch 39 time: 91.49703526496887 seconds
Epoch 39 accuracy: 90.85%
Batch 50, Loss: 0.1366
Batch 100, Loss: 0.1368
Batch 150, Loss: 0.1454
Epoch 40 learning rate: 0.09045084971874741
Epoch 40 time: 91.33926105499268 seconds
Epoch 40 accuracy: 91.31%
Batch 50, Loss: 0.1341
Batch 100, Loss: 0.1314
Batch 150, Loss: 0.1361
Epoch 41 learning rate: 0.08998423292435458
Epoch 41 time: 91.37673282623291 seconds
Epoch 41 accuracy: 90.54%
Batch 50, Loss: 0.1337
Batch 100, Loss: 0.1336
Batch 150, Loss: 0.1329
Epoch 42 learning rate: 0.08950775061878455
Epoch 42 time: 91.38258361816406 seconds
Epoch 42 accuracy: 91.27%
Batch 50, Loss: 0.1273
Batch 100, Loss: 0.1249
Batch 150, Loss: 0.1290
Epoch 43 learning rate: 0.08902152036691653
Epoch 43 time: 91.5232081413269 seconds
Epoch 43 accuracy: 91.82%
Batch 50, Loss: 0.1281
Batch 100, Loss: 0.1246
Batch 150, Loss: 0.1298
Epoch 44 learning rate: 0.08852566213878951
Epoch 44 time: 91.54160475730896 seconds
Epoch 44 accuracy: 91.57%
Batch 50, Loss: 0.1274
Batch 100, Loss: 0.1283
Batch 150, Loss: 0.1285
Epoch 45 learning rate: 0.0880202982800016
Epoch 45 time: 91.54106330871582 seconds
Epoch 45 accuracy: 91.4%
Batch 50, Loss: 0.1181
Batch 100, Loss: 0.1193
Batch 150, Loss: 0.1228
Epoch 46 learning rate: 0.08750555348152303
Epoch 46 time: 91.42554783821106 seconds
Epoch 46 accuracy: 91.56%
Batch 50, Loss: 0.1157
Batch 100, Loss: 0.1168
Batch 150, Loss: 0.1250
Epoch 47 learning rate: 0.08698155474893052
Epoch 47 time: 91.6740403175354 seconds
Epoch 47 accuracy: 91.71%
Batch 50, Loss: 0.1170
Batch 100, Loss: 0.1191
Batch 150, Loss: 0.1178
Epoch 48 learning rate: 0.08644843137107061
Epoch 48 time: 91.54296612739563 seconds
Epoch 48 accuracy: 91.91%
Batch 50, Loss: 0.1149
Batch 100, Loss: 0.1123
Batch 150, Loss: 0.1163
Epoch 49 learning rate: 0.08590631488815947
Epoch 49 time: 91.63207483291626 seconds
Epoch 49 accuracy: 91.46%
Batch 50, Loss: 0.1070
Batch 100, Loss: 0.1087
Batch 150, Loss: 0.1170
Epoch 50 learning rate: 0.0853553390593274
Epoch 50 time: 91.52907967567444 seconds
Epoch 50 accuracy: 91.37%
Batch 50, Loss: 0.1049
Batch 100, Loss: 0.1064
Batch 150, Loss: 0.1161
Epoch 51 learning rate: 0.08479563982961574
Epoch 51 time: 91.54914331436157 seconds
Epoch 51 accuracy: 91.67%
Batch 50, Loss: 0.1046
Batch 100, Loss: 0.1040
Batch 150, Loss: 0.1117
Epoch 52 learning rate: 0.08422735529643446
Epoch 52 time: 92.20680117607117 seconds
Epoch 52 accuracy: 91.36%
Batch 50, Loss: 0.1050
Batch 100, Loss: 0.1085
Batch 150, Loss: 0.1085
Epoch 53 learning rate: 0.08365062567548869
Epoch 53 time: 91.45540833473206 seconds
Epoch 53 accuracy: 92.07%
Batch 50, Loss: 0.1008
Batch 100, Loss: 0.1040
Batch 150, Loss: 0.1081
Epoch 54 learning rate: 0.08306559326618261
Epoch 54 time: 91.53111982345581 seconds
Epoch 54 accuracy: 91.91%
Batch 50, Loss: 0.0970
Batch 100, Loss: 0.0959
Batch 150, Loss: 0.1048
Epoch 55 learning rate: 0.0824724024165092
Epoch 55 time: 91.61166310310364 seconds
Epoch 55 accuracy: 92.63%
Batch 50, Loss: 0.0954
Batch 100, Loss: 0.0950
Batch 150, Loss: 0.0989
Epoch 56 learning rate: 0.0818711994874345
Epoch 56 time: 91.43076872825623 seconds
Epoch 56 accuracy: 91.93%
Batch 50, Loss: 0.1064
Batch 100, Loss: 0.0946
Batch 150, Loss: 0.0995
Epoch 57 learning rate: 0.08126213281678528
Epoch 57 time: 91.47487258911133 seconds
Epoch 57 accuracy: 93.13%
Batch 50, Loss: 0.0962
Batch 100, Loss: 0.0885
Batch 150, Loss: 0.0994
Epoch 58 learning rate: 0.08064535268264884
Epoch 58 time: 91.51638317108154 seconds
Epoch 58 accuracy: 91.91%
Batch 50, Loss: 0.0948
Batch 100, Loss: 0.0899
Batch 150, Loss: 0.0938
Epoch 59 learning rate: 0.08002101126629421
Epoch 59 time: 91.47491765022278 seconds
Epoch 59 accuracy: 92.07%
Batch 50, Loss: 0.0912
Batch 100, Loss: 0.0860
Batch 150, Loss: 0.0942
Epoch 60 learning rate: 0.07938926261462367
Epoch 60 time: 91.58220434188843 seconds
Epoch 60 accuracy: 91.67%
Batch 50, Loss: 0.0892
Batch 100, Loss: 0.0888
Batch 150, Loss: 0.0960
Epoch 61 learning rate: 0.07875026260216395
Epoch 61 time: 91.50426435470581 seconds
Epoch 61 accuracy: 92.66%
Batch 50, Loss: 0.0845
Batch 100, Loss: 0.0858
Batch 150, Loss: 0.0898
Epoch 62 learning rate: 0.07810416889260656
Epoch 62 time: 91.65373277664185 seconds
Epoch 62 accuracy: 92.05%
Batch 50, Loss: 0.0843
Batch 100, Loss: 0.0873
Batch 150, Loss: 0.0934
Epoch 63 learning rate: 0.07745114089990661
Epoch 63 time: 91.52557325363159 seconds
Epoch 63 accuracy: 91.26%
Batch 50, Loss: 0.0785
Batch 100, Loss: 0.0789
Batch 150, Loss: 0.0898
Epoch 64 learning rate: 0.07679133974894985
Epoch 64 time: 91.49261903762817 seconds
Epoch 64 accuracy: 92.91%
Batch 50, Loss: 0.0853
Batch 100, Loss: 0.0853
Batch 150, Loss: 0.0877
Epoch 65 learning rate: 0.07612492823579746
Epoch 65 time: 91.56200408935547 seconds
Epoch 65 accuracy: 92.81%
Batch 50, Loss: 0.0834
Batch 100, Loss: 0.0746
Batch 150, Loss: 0.0842
Epoch 66 learning rate: 0.07545207078751859
Epoch 66 time: 91.56573581695557 seconds
Epoch 66 accuracy: 92.61%
Batch 50, Loss: 0.0801
Batch 100, Loss: 0.0808
Batch 150, Loss: 0.0858
Epoch 67 learning rate: 0.0747729334216204
Epoch 67 time: 91.44541049003601 seconds
Epoch 67 accuracy: 92.92%
Batch 50, Loss: 0.0797
Batch 100, Loss: 0.0808
Batch 150, Loss: 0.0806
Epoch 68 learning rate: 0.07408768370508578
Epoch 68 time: 91.45225191116333 seconds
Epoch 68 accuracy: 92.68%
Batch 50, Loss: 0.0766
Batch 100, Loss: 0.0776
Batch 150, Loss: 0.0864
Epoch 69 learning rate: 0.0733964907130287
Epoch 69 time: 91.51184177398682 seconds
Epoch 69 accuracy: 93.06%
Batch 50, Loss: 0.0719
Batch 100, Loss: 0.0745
Batch 150, Loss: 0.0769
Epoch 70 learning rate: 0.07269952498697736
Epoch 70 time: 91.56728410720825 seconds
Epoch 70 accuracy: 92.84%
Batch 50, Loss: 0.0759
Batch 100, Loss: 0.0762
Batch 150, Loss: 0.0741
Epoch 71 learning rate: 0.07199695849279578
Epoch 71 time: 91.5068428516388 seconds
Epoch 71 accuracy: 92.81%
Batch 50, Loss: 0.0727
Batch 100, Loss: 0.0716
Batch 150, Loss: 0.0754
Epoch 72 learning rate: 0.07128896457825366
Epoch 72 time: 91.42147374153137 seconds
Epoch 72 accuracy: 93.61%
Batch 50, Loss: 0.0672
Batch 100, Loss: 0.0700
Batch 150, Loss: 0.0757
Epoch 73 learning rate: 0.07057571793025548
Epoch 73 time: 91.55713629722595 seconds
Epoch 73 accuracy: 93.17%
Batch 50, Loss: 0.0635
Batch 100, Loss: 0.0695
Batch 150, Loss: 0.0722
Epoch 74 learning rate: 0.06985739453173906
Epoch 74 time: 91.63408279418945 seconds
Epoch 74 accuracy: 93.29%
Batch 50, Loss: 0.0715
Batch 100, Loss: 0.0695
Batch 150, Loss: 0.0737
Epoch 75 learning rate: 0.06913417161825453
Epoch 75 time: 91.72095608711243 seconds
Epoch 75 accuracy: 93.51%
Batch 50, Loss: 0.0698
Batch 100, Loss: 0.0656
Batch 150, Loss: 0.0738
Epoch 76 learning rate: 0.06840622763423394
Epoch 76 time: 91.46449518203735 seconds
Epoch 76 accuracy: 92.89%
Batch 50, Loss: 0.0668
Batch 100, Loss: 0.0668
Batch 150, Loss: 0.0704
Epoch 77 learning rate: 0.0676737421889629
Epoch 77 time: 91.65494346618652 seconds
Epoch 77 accuracy: 93.16%
Batch 50, Loss: 0.0615
Batch 100, Loss: 0.0634
Batch 150, Loss: 0.0681
Epoch 78 learning rate: 0.06693689601226462
Epoch 78 time: 91.67025709152222 seconds
Epoch 78 accuracy: 93.38%
Batch 50, Loss: 0.0605
Batch 100, Loss: 0.0624
Batch 150, Loss: 0.0637
Epoch 79 learning rate: 0.06619587090990751
Epoch 79 time: 91.47167468070984 seconds
Epoch 79 accuracy: 93.31%
Batch 50, Loss: 0.0599
Batch 100, Loss: 0.0671
Batch 150, Loss: 0.0616
Epoch 80 learning rate: 0.06545084971874741
Epoch 80 time: 91.31449913978577 seconds
Epoch 80 accuracy: 93.82%
Batch 50, Loss: 0.0639
Batch 100, Loss: 0.0615
Batch 150, Loss: 0.0646
Epoch 81 learning rate: 0.06470201626161524
Epoch 81 time: 91.4458441734314 seconds
Epoch 81 accuracy: 93.87%
Batch 50, Loss: 0.0614
Batch 100, Loss: 0.0604
Batch 150, Loss: 0.0646
Epoch 82 learning rate: 0.06394955530196152
Epoch 82 time: 91.68066644668579 seconds
Epoch 82 accuracy: 93.28%
Batch 50, Loss: 0.0601
Batch 100, Loss: 0.0595
Batch 150, Loss: 0.0605
Epoch 83 learning rate: 0.06319365249826868
Epoch 83 time: 91.64525580406189 seconds
Epoch 83 accuracy: 93.87%
Batch 50, Loss: 0.0542
Batch 100, Loss: 0.0579
Batch 150, Loss: 0.0570
Epoch 84 learning rate: 0.06243449435824277
Epoch 84 time: 91.76951575279236 seconds
Epoch 84 accuracy: 93.73%
Batch 50, Loss: 0.0555
Batch 100, Loss: 0.0540
Batch 150, Loss: 0.0600
Epoch 85 learning rate: 0.06167226819279532
Epoch 85 time: 91.48855257034302 seconds
Epoch 85 accuracy: 93.58%
Batch 50, Loss: 0.0585
Batch 100, Loss: 0.0532
Batch 150, Loss: 0.0545
Epoch 86 learning rate: 0.06090716206982718
Epoch 86 time: 91.5438175201416 seconds
Epoch 86 accuracy: 93.74%
Batch 50, Loss: 0.0540
Batch 100, Loss: 0.0584
Batch 150, Loss: 0.0527
Epoch 87 learning rate: 0.06013936476782568
Epoch 87 time: 91.60799551010132 seconds
Epoch 87 accuracy: 92.47%
Batch 50, Loss: 0.0556
Batch 100, Loss: 0.0542
Batch 150, Loss: 0.0591
Epoch 88 learning rate: 0.05936906572928629
Epoch 88 time: 91.40163230895996 seconds
Epoch 88 accuracy: 94.16%
Batch 50, Loss: 0.0571
Batch 100, Loss: 0.0540
Batch 150, Loss: 0.0583
Epoch 89 learning rate: 0.05859645501397052
Epoch 89 time: 91.55394077301025 seconds
Epoch 89 accuracy: 93.6%
Batch 50, Loss: 0.0502
Batch 100, Loss: 0.0515
Batch 150, Loss: 0.0527
Epoch 90 learning rate: 0.05782172325201159
Epoch 90 time: 91.46892189979553 seconds
Epoch 90 accuracy: 94.12%
Batch 50, Loss: 0.0468
Batch 100, Loss: 0.0481
Batch 150, Loss: 0.0546
Epoch 91 learning rate: 0.057045061596879186
Epoch 91 time: 91.4611451625824 seconds
Epoch 91 accuracy: 94.09%
Batch 50, Loss: 0.0485
Batch 100, Loss: 0.0517
Batch 150, Loss: 0.0506
Epoch 92 learning rate: 0.056266661678215264
Epoch 92 time: 91.49213600158691 seconds
Epoch 92 accuracy: 93.85%
Batch 50, Loss: 0.0461
Batch 100, Loss: 0.0476
Batch 150, Loss: 0.0512
Epoch 93 learning rate: 0.055486715554552306
Epoch 93 time: 91.55664467811584 seconds
Epoch 93 accuracy: 93.83%
Batch 50, Loss: 0.0455
Batch 100, Loss: 0.0445
Batch 150, Loss: 0.0496
Epoch 94 learning rate: 0.05470541566592575
Epoch 94 time: 91.51869082450867 seconds
Epoch 94 accuracy: 93.83%
Batch 50, Loss: 0.0458
Batch 100, Loss: 0.0453
Batch 150, Loss: 0.0451
Epoch 95 learning rate: 0.05392295478639229
Epoch 95 time: 91.64621782302856 seconds
Epoch 95 accuracy: 94.3%
Batch 50, Loss: 0.0454
Batch 100, Loss: 0.0478
Batch 150, Loss: 0.0484
Epoch 96 learning rate: 0.05313952597646571
Epoch 96 time: 91.55945467948914 seconds
Epoch 96 accuracy: 94.15%
Batch 50, Loss: 0.0433
Batch 100, Loss: 0.0449
Batch 150, Loss: 0.0467
Epoch 97 learning rate: 0.05235532253548216
Epoch 97 time: 91.54027247428894 seconds
Epoch 97 accuracy: 94.58%
Batch 50, Loss: 0.0435
Batch 100, Loss: 0.0423
Batch 150, Loss: 0.0460
Epoch 98 learning rate: 0.051570537953906447
Epoch 98 time: 91.62272715568542 seconds
Epoch 98 accuracy: 94.05%
Batch 50, Loss: 0.0405
Batch 100, Loss: 0.0428
Batch 150, Loss: 0.0472
Epoch 99 learning rate: 0.05078536586559106
Epoch 99 time: 91.68573570251465 seconds
Epoch 99 accuracy: 94.06%
Batch 50, Loss: 0.0418
Batch 100, Loss: 0.0423
Batch 150, Loss: 0.0421
Epoch 100 learning rate: 0.050000000000000024
Epoch 100 time: 91.59779357910156 seconds
Epoch 100 accuracy: 94.29%
Batch 50, Loss: 0.0394
Batch 100, Loss: 0.0378
Batch 150, Loss: 0.0409
Epoch 101 learning rate: 0.049214634134409
Epoch 101 time: 91.64096283912659 seconds
Epoch 101 accuracy: 94.06%
Batch 50, Loss: 0.0429
Batch 100, Loss: 0.0409
Batch 150, Loss: 0.0410
Epoch 102 learning rate: 0.04842946204609361
Epoch 102 time: 91.49612712860107 seconds
Epoch 102 accuracy: 94.36%
Batch 50, Loss: 0.0359
Batch 100, Loss: 0.0381
Batch 150, Loss: 0.0368
Epoch 103 learning rate: 0.04764467746451789
Epoch 103 time: 91.64460611343384 seconds
Epoch 103 accuracy: 94.19%
Batch 50, Loss: 0.0363
Batch 100, Loss: 0.0378
Batch 150, Loss: 0.0394
Epoch 104 learning rate: 0.046860474023534354
Epoch 104 time: 91.50332260131836 seconds
Epoch 104 accuracy: 94.01%
Batch 50, Loss: 0.0363
Batch 100, Loss: 0.0393
Batch 150, Loss: 0.0401
Epoch 105 learning rate: 0.04607704521360778
Epoch 105 time: 91.38045716285706 seconds
Epoch 105 accuracy: 94.42%
Batch 50, Loss: 0.0380
Batch 100, Loss: 0.0356
Batch 150, Loss: 0.0393
Epoch 106 learning rate: 0.04529458433407431
Epoch 106 time: 91.55562949180603 seconds
Epoch 106 accuracy: 94.56%
Batch 50, Loss: 0.0367
Batch 100, Loss: 0.0341
Batch 150, Loss: 0.0361
Epoch 107 learning rate: 0.04451328444544776
Epoch 107 time: 91.4697494506836 seconds
Epoch 107 accuracy: 94.53%
Batch 50, Loss: 0.0365
Batch 100, Loss: 0.0381
Batch 150, Loss: 0.0397
Epoch 108 learning rate: 0.04373333832178482
Epoch 108 time: 91.41242027282715 seconds
Epoch 108 accuracy: 94.37%
Batch 50, Loss: 0.0360
Batch 100, Loss: 0.0347
Batch 150, Loss: 0.0385
Epoch 109 learning rate: 0.0429549384031209
Epoch 109 time: 91.57787799835205 seconds
Epoch 109 accuracy: 94.15%
Batch 50, Loss: 0.0348
Batch 100, Loss: 0.0354
Batch 150, Loss: 0.0339
Epoch 110 learning rate: 0.042178276747988484
Epoch 110 time: 91.46780109405518 seconds
Epoch 110 accuracy: 94.7%
Batch 50, Loss: 0.0348
Batch 100, Loss: 0.0343
Batch 150, Loss: 0.0318
Epoch 111 learning rate: 0.04140354498602954
Epoch 111 time: 91.73350763320923 seconds
Epoch 111 accuracy: 94.45%
Batch 50, Loss: 0.0322
Batch 100, Loss: 0.0311
Batch 150, Loss: 0.0355
Epoch 112 learning rate: 0.0406309342707138
Epoch 112 time: 91.4600236415863 seconds
Epoch 112 accuracy: 94.65%
Batch 50, Loss: 0.0289
Batch 100, Loss: 0.0310
Batch 150, Loss: 0.0342
Epoch 113 learning rate: 0.03986063523217441
Epoch 113 time: 91.415123462677 seconds
Epoch 113 accuracy: 94.66%
Batch 50, Loss: 0.0314
Batch 100, Loss: 0.0307
Batch 150, Loss: 0.0316
Epoch 114 learning rate: 0.039092837930172916
Epoch 114 time: 91.5877468585968 seconds
Epoch 114 accuracy: 94.65%
Batch 50, Loss: 0.0308
Batch 100, Loss: 0.0306
Batch 150, Loss: 0.0316
Epoch 115 learning rate: 0.03832773180720475
Epoch 115 time: 91.60398411750793 seconds
Epoch 115 accuracy: 94.92%
Batch 50, Loss: 0.0264
Batch 100, Loss: 0.0304
Batch 150, Loss: 0.0306
Epoch 116 learning rate: 0.037565505641757285
Epoch 116 time: 91.40050220489502 seconds
Epoch 116 accuracy: 94.87%
Batch 50, Loss: 0.0261
Batch 100, Loss: 0.0286
Batch 150, Loss: 0.0316
Epoch 117 learning rate: 0.03680634750173138
Epoch 117 time: 91.28121709823608 seconds
Epoch 117 accuracy: 94.9%
Batch 50, Loss: 0.0276
Batch 100, Loss: 0.0290
Batch 150, Loss: 0.0301
Epoch 118 learning rate: 0.036050444698038565
Epoch 118 time: 91.4733259677887 seconds
Epoch 118 accuracy: 94.65%
Batch 50, Loss: 0.0278
Batch 100, Loss: 0.0279
Batch 150, Loss: 0.0293
Epoch 119 learning rate: 0.03529798373838483
Epoch 119 time: 91.52497363090515 seconds
Epoch 119 accuracy: 94.74%
Batch 50, Loss: 0.0255
Batch 100, Loss: 0.0235
Batch 150, Loss: 0.0265
Epoch 120 learning rate: 0.03454915028125267
Epoch 120 time: 91.6211724281311 seconds
Epoch 120 accuracy: 94.54%
Batch 50, Loss: 0.0236
Batch 100, Loss: 0.0248
Batch 150, Loss: 0.0272
Epoch 121 learning rate: 0.03380412909009255
Epoch 121 time: 91.61125183105469 seconds
Epoch 121 accuracy: 94.87%
Batch 50, Loss: 0.0255
Batch 100, Loss: 0.0250
Batch 150, Loss: 0.0267
Epoch 122 learning rate: 0.03306310398773545
Epoch 122 time: 91.59522914886475 seconds
Epoch 122 accuracy: 94.78%
Batch 50, Loss: 0.0238
Batch 100, Loss: 0.0235
Batch 150, Loss: 0.0261
Epoch 123 learning rate: 0.03232625781103717
Epoch 123 time: 91.34944272041321 seconds
Epoch 123 accuracy: 94.67%
Batch 50, Loss: 0.0263
Batch 100, Loss: 0.0245
Batch 150, Loss: 0.0242
Epoch 124 learning rate: 0.03159377236576613
Epoch 124 time: 91.45422053337097 seconds
Epoch 124 accuracy: 95.04%
Batch 50, Loss: 0.0258
Batch 100, Loss: 0.0231
Batch 150, Loss: 0.0229
Epoch 125 learning rate: 0.030865828381745543
Epoch 125 time: 91.26771116256714 seconds
Epoch 125 accuracy: 94.99%
Batch 50, Loss: 0.0229
Batch 100, Loss: 0.0224
Batch 150, Loss: 0.0230
Epoch 126 learning rate: 0.03014260546826098
Epoch 126 time: 91.32521438598633 seconds
Epoch 126 accuracy: 94.83%
Batch 50, Loss: 0.0213
Batch 100, Loss: 0.0217
Batch 150, Loss: 0.0218
Epoch 127 learning rate: 0.02942428206974458
Epoch 127 time: 91.62135624885559 seconds
Epoch 127 accuracy: 95.08%
Batch 50, Loss: 0.0213
Batch 100, Loss: 0.0223
Batch 150, Loss: 0.0223
Epoch 128 learning rate: 0.028711035421746387
Epoch 128 time: 91.56154870986938 seconds
Epoch 128 accuracy: 95.15%
Batch 50, Loss: 0.0227
Batch 100, Loss: 0.0200
Batch 150, Loss: 0.0218
Epoch 129 learning rate: 0.02800304150720426
Epoch 129 time: 91.57896637916565 seconds
Epoch 129 accuracy: 94.84%
Batch 50, Loss: 0.0227
Batch 100, Loss: 0.0197
Batch 150, Loss: 0.0213
Epoch 130 learning rate: 0.02730047501302268
Epoch 130 time: 91.52025485038757 seconds
Epoch 130 accuracy: 95.06%
Batch 50, Loss: 0.0209
Batch 100, Loss: 0.0194
Batch 150, Loss: 0.0206
Epoch 131 learning rate: 0.026603509286971357
Epoch 131 time: 91.47514200210571 seconds
Epoch 131 accuracy: 94.94%
Batch 50, Loss: 0.0195
Batch 100, Loss: 0.0211
Batch 150, Loss: 0.0204
Epoch 132 learning rate: 0.025912316294914244
Epoch 132 time: 91.42494058609009 seconds
Epoch 132 accuracy: 95.15%
Batch 50, Loss: 0.0195
Batch 100, Loss: 0.0204
Batch 150, Loss: 0.0185
Epoch 133 learning rate: 0.025227066578379632
Epoch 133 time: 91.41139435768127 seconds
Epoch 133 accuracy: 95.3%
Batch 50, Loss: 0.0179
Batch 100, Loss: 0.0179
Batch 150, Loss: 0.0198
Epoch 134 learning rate: 0.024547929212481445
Epoch 134 time: 91.61832213401794 seconds
Epoch 134 accuracy: 95.23%
Batch 50, Loss: 0.0172
Batch 100, Loss: 0.0186
Batch 150, Loss: 0.0173
Epoch 135 learning rate: 0.02387507176420257
Epoch 135 time: 91.62357449531555 seconds
Epoch 135 accuracy: 95.34%
Batch 50, Loss: 0.0159
Batch 100, Loss: 0.0163
Batch 150, Loss: 0.0179
Epoch 136 learning rate: 0.023208660251050166
Epoch 136 time: 91.75058007240295 seconds
Epoch 136 accuracy: 95.33%
Batch 50, Loss: 0.0171
Batch 100, Loss: 0.0161
Batch 150, Loss: 0.0178
Epoch 137 learning rate: 0.022548859100093414
Epoch 137 time: 91.37503695487976 seconds
Epoch 137 accuracy: 94.86%
Batch 50, Loss: 0.0172
Batch 100, Loss: 0.0165
Batch 150, Loss: 0.0168
Epoch 138 learning rate: 0.021895831107393474
Epoch 138 time: 91.43455934524536 seconds
Epoch 138 accuracy: 94.97%
Batch 50, Loss: 0.0148
Batch 100, Loss: 0.0156
Batch 150, Loss: 0.0150
Epoch 139 learning rate: 0.02124973739783608
Epoch 139 time: 91.59755039215088 seconds
Epoch 139 accuracy: 95.26%
Batch 50, Loss: 0.0147
Batch 100, Loss: 0.0156
Batch 150, Loss: 0.0150
Epoch 140 learning rate: 0.02061073738537636
Epoch 140 time: 91.45603156089783 seconds
Epoch 140 accuracy: 95.09%
Batch 50, Loss: 0.0151
Batch 100, Loss: 0.0150
Batch 150, Loss: 0.0143
Epoch 141 learning rate: 0.019978988733705814
Epoch 141 time: 91.68371391296387 seconds
Epoch 141 accuracy: 95.45%
Batch 50, Loss: 0.0144
Batch 100, Loss: 0.0135
Batch 150, Loss: 0.0147
Epoch 142 learning rate: 0.01935464731735118
Epoch 142 time: 91.50894474983215 seconds
Epoch 142 accuracy: 95.28%
Batch 50, Loss: 0.0139
Batch 100, Loss: 0.0127
Batch 150, Loss: 0.0134
Epoch 143 learning rate: 0.018737867183214747
Epoch 143 time: 91.45032858848572 seconds
Epoch 143 accuracy: 95.47%
Batch 50, Loss: 0.0138
Batch 100, Loss: 0.0132
Batch 150, Loss: 0.0133
Epoch 144 learning rate: 0.01812880051256552
Epoch 144 time: 91.46325635910034 seconds
Epoch 144 accuracy: 95.36%
Batch 50, Loss: 0.0137
Batch 100, Loss: 0.0123
Batch 150, Loss: 0.0132
Epoch 145 learning rate: 0.017527597583490827
Epoch 145 time: 91.43520426750183 seconds
Epoch 145 accuracy: 95.23%
Batch 50, Loss: 0.0133
Batch 100, Loss: 0.0133
Batch 150, Loss: 0.0125
Epoch 146 learning rate: 0.01693440673381742
Epoch 146 time: 91.36550641059875 seconds
Epoch 146 accuracy: 95.34%
Batch 50, Loss: 0.0122
Batch 100, Loss: 0.0122
Batch 150, Loss: 0.0126
Epoch 147 learning rate: 0.016349374324511334
Epoch 147 time: 91.50246381759644 seconds
Epoch 147 accuracy: 95.26%
Batch 50, Loss: 0.0132
Batch 100, Loss: 0.0126
Batch 150, Loss: 0.0122
Epoch 148 learning rate: 0.01577264470356557
Epoch 148 time: 91.5462257862091 seconds
Epoch 148 accuracy: 95.5%
Batch 50, Loss: 0.0116
Batch 100, Loss: 0.0112
Batch 150, Loss: 0.0114
Epoch 149 learning rate: 0.01520436017038429
Epoch 149 time: 91.46193289756775 seconds
Epoch 149 accuracy: 95.52%
Batch 50, Loss: 0.0110
Batch 100, Loss: 0.0109
Batch 150, Loss: 0.0116
Epoch 150 learning rate: 0.014644660940672632
Epoch 150 time: 91.40137672424316 seconds
Epoch 150 accuracy: 95.4%
Batch 50, Loss: 0.0117
Batch 100, Loss: 0.0114
Batch 150, Loss: 0.0101
Epoch 151 learning rate: 0.01409368511184057
Epoch 151 time: 91.54316234588623 seconds
Epoch 151 accuracy: 95.29%
Batch 50, Loss: 0.0108
Batch 100, Loss: 0.0100
Batch 150, Loss: 0.0097
Epoch 152 learning rate: 0.013551568628929438
Epoch 152 time: 91.47220706939697 seconds
Epoch 152 accuracy: 95.62%
Batch 50, Loss: 0.0097
Batch 100, Loss: 0.0103
Batch 150, Loss: 0.0097
Epoch 153 learning rate: 0.013018445251069516
Epoch 153 time: 91.4112913608551 seconds
Epoch 153 accuracy: 95.58%
Batch 50, Loss: 0.0088
Batch 100, Loss: 0.0097
Batch 150, Loss: 0.0117
Epoch 154 learning rate: 0.012494446518477026
Epoch 154 time: 91.3752932548523 seconds
Epoch 154 accuracy: 95.7%
Batch 50, Loss: 0.0103
Batch 100, Loss: 0.0097
Batch 150, Loss: 0.0094
Epoch 155 learning rate: 0.011979701719998459
Epoch 155 time: 91.20539855957031 seconds
Epoch 155 accuracy: 95.45%
Batch 50, Loss: 0.0099
Batch 100, Loss: 0.0092
Batch 150, Loss: 0.0097
Epoch 156 learning rate: 0.011474337861210548
Epoch 156 time: 91.52602934837341 seconds
Epoch 156 accuracy: 95.58%
Batch 50, Loss: 0.0092
Batch 100, Loss: 0.0094
Batch 150, Loss: 0.0083
Epoch 157 learning rate: 0.010978479633083526
Epoch 157 time: 91.43936443328857 seconds
Epoch 157 accuracy: 95.74%
Batch 50, Loss: 0.0089
Batch 100, Loss: 0.0085
Batch 150, Loss: 0.0083
Epoch 158 learning rate: 0.010492249381215483
Epoch 158 time: 91.56892156600952 seconds
Epoch 158 accuracy: 95.51%
Batch 50, Loss: 0.0082
Batch 100, Loss: 0.0083
Batch 150, Loss: 0.0081
Epoch 159 learning rate: 0.010015767075645474
Epoch 159 time: 91.59291315078735 seconds
Epoch 159 accuracy: 95.75%
Batch 50, Loss: 0.0085
Batch 100, Loss: 0.0078
Batch 150, Loss: 0.0084
Epoch 160 learning rate: 0.009549150281252637
Epoch 160 time: 91.60098004341125 seconds
Epoch 160 accuracy: 95.75%
Batch 50, Loss: 0.0088
Batch 100, Loss: 0.0076
Batch 150, Loss: 0.0079
Epoch 161 learning rate: 0.00909251412874884
Epoch 161 time: 91.58859491348267 seconds
Epoch 161 accuracy: 95.58%
Batch 50, Loss: 0.0075
Batch 100, Loss: 0.0076
Batch 150, Loss: 0.0086
Epoch 162 learning rate: 0.008645971286271918
Epoch 162 time: 91.55821895599365 seconds
Epoch 162 accuracy: 95.8%
Batch 50, Loss: 0.0071
Batch 100, Loss: 0.0078
Batch 150, Loss: 0.0076
Epoch 163 learning rate: 0.008209631931586501
Epoch 163 time: 91.53922963142395 seconds
Epoch 163 accuracy: 95.58%
Batch 50, Loss: 0.0067
Batch 100, Loss: 0.0077
Batch 150, Loss: 0.0070
Epoch 164 learning rate: 0.0077836037248992605
Epoch 164 time: 91.5816285610199 seconds
Epoch 164 accuracy: 95.74%
Batch 50, Loss: 0.0073
Batch 100, Loss: 0.0068
Batch 150, Loss: 0.0075
Epoch 165 learning rate: 0.0073679917822954055
Epoch 165 time: 91.44090437889099 seconds
Epoch 165 accuracy: 95.75%
Batch 50, Loss: 0.0074
Batch 100, Loss: 0.0070
Batch 150, Loss: 0.0069
Epoch 166 learning rate: 0.006962898649802815
Epoch 166 time: 91.26451063156128 seconds
Epoch 166 accuracy: 95.85%
Batch 50, Loss: 0.0062
Batch 100, Loss: 0.0073
Batch 150, Loss: 0.0068
Epoch 167 learning rate: 0.006568424278090438
Epoch 167 time: 91.6419768333435 seconds
Epoch 167 accuracy: 95.99%
Batch 50, Loss: 0.0066
Batch 100, Loss: 0.0074
Batch 150, Loss: 0.0069
Epoch 168 learning rate: 0.006184665997806824
Epoch 168 time: 91.5478835105896 seconds
Epoch 168 accuracy: 95.82%
Batch 50, Loss: 0.0064
Batch 100, Loss: 0.0065
Batch 150, Loss: 0.0072
Epoch 169 learning rate: 0.00581171849556533
Epoch 169 time: 91.68686556816101 seconds
Epoch 169 accuracy: 95.85%
Batch 50, Loss: 0.0065
Batch 100, Loss: 0.0060
Batch 150, Loss: 0.0065
Epoch 170 learning rate: 0.0054496737905816136
Epoch 170 time: 91.4621901512146 seconds
Epoch 170 accuracy: 95.81%
Batch 50, Loss: 0.0065
Batch 100, Loss: 0.0061
Batch 150, Loss: 0.0058
Epoch 171 learning rate: 0.005098621211969226
Epoch 171 time: 91.66851210594177 seconds
Epoch 171 accuracy: 95.76%
Batch 50, Loss: 0.0063
Batch 100, Loss: 0.0060
Batch 150, Loss: 0.0061
Epoch 172 learning rate: 0.004758647376699035
Epoch 172 time: 91.7059919834137 seconds
Epoch 172 accuracy: 95.82%
Batch 50, Loss: 0.0061
Batch 100, Loss: 0.0052
Batch 150, Loss: 0.0063
Epoch 173 learning rate: 0.00442983616822775
Epoch 173 time: 91.5037271976471 seconds
Epoch 173 accuracy: 95.88%
Batch 50, Loss: 0.0057
Batch 100, Loss: 0.0061
Batch 150, Loss: 0.0058
Epoch 174 learning rate: 0.004112268715800957
Epoch 174 time: 91.48539090156555 seconds
Epoch 174 accuracy: 95.9%
Batch 50, Loss: 0.0054
Batch 100, Loss: 0.0054
Batch 150, Loss: 0.0052
Epoch 175 learning rate: 0.003806023374435677
Epoch 175 time: 91.67853355407715 seconds
Epoch 175 accuracy: 95.87%
Batch 50, Loss: 0.0054
Batch 100, Loss: 0.0052
Batch 150, Loss: 0.0057
Epoch 176 learning rate: 0.003511175705587435
Epoch 176 time: 91.36497354507446 seconds
Epoch 176 accuracy: 95.98%
Batch 50, Loss: 0.0053
Batch 100, Loss: 0.0049
Batch 150, Loss: 0.0055
Epoch 177 learning rate: 0.0032277984585066333
Epoch 177 time: 91.48312330245972 seconds
Epoch 177 accuracy: 95.95%
Batch 50, Loss: 0.0049
Batch 100, Loss: 0.0048
Batch 150, Loss: 0.0060
Epoch 178 learning rate: 0.002955961552288729
Epoch 178 time: 91.70423793792725 seconds
Epoch 178 accuracy: 96.01%
Batch 50, Loss: 0.0054
Batch 100, Loss: 0.0054
Batch 150, Loss: 0.0050
Epoch 179 learning rate: 0.0026957320586227366
Epoch 179 time: 91.60420346260071 seconds
Epoch 179 accuracy: 96.08%
Batch 50, Loss: 0.0059
Batch 100, Loss: 0.0048
Batch 150, Loss: 0.0058
Epoch 180 learning rate: 0.002447174185242325
Epoch 180 time: 91.54686450958252 seconds
Epoch 180 accuracy: 96.13%
Batch 50, Loss: 0.0058
Batch 100, Loss: 0.0056
Batch 150, Loss: 0.0045
Epoch 181 learning rate: 0.0022103492600834954
Epoch 181 time: 91.59935760498047 seconds
Epoch 181 accuracy: 96.13%
Batch 50, Loss: 0.0050
Batch 100, Loss: 0.0044
Batch 150, Loss: 0.0053
Epoch 182 learning rate: 0.0019853157161528537
Epoch 182 time: 91.41813039779663 seconds
Epoch 182 accuracy: 95.85%
Batch 50, Loss: 0.0047
Batch 100, Loss: 0.0053
Batch 150, Loss: 0.0049
Epoch 183 learning rate: 0.001772129077110103
Epoch 183 time: 91.49836993217468 seconds
Epoch 183 accuracy: 96.15%
Batch 50, Loss: 0.0047
Batch 100, Loss: 0.0044
Batch 150, Loss: 0.0056
Epoch 184 learning rate: 0.0015708419435684529
Epoch 184 time: 91.41619682312012 seconds
Epoch 184 accuracy: 95.97%
Batch 50, Loss: 0.0065
Batch 100, Loss: 0.0045
Batch 150, Loss: 0.0041
Epoch 185 learning rate: 0.0013815039801161732
Epoch 185 time: 91.70151424407959 seconds
Epoch 185 accuracy: 96.19%
Batch 50, Loss: 0.0042
Batch 100, Loss: 0.0047
Batch 150, Loss: 0.0047
Epoch 186 learning rate: 0.0012041619030626347
Epoch 186 time: 91.4762761592865 seconds
Epoch 186 accuracy: 96.11%
Batch 50, Loss: 0.0042
Batch 100, Loss: 0.0049
Batch 150, Loss: 0.0046
Epoch 187 learning rate: 0.0010388594689117077
Epoch 187 time: 91.45296263694763 seconds
Epoch 187 accuracy: 95.94%
Batch 50, Loss: 0.0051
Batch 100, Loss: 0.0039
Batch 150, Loss: 0.0052
Epoch 188 learning rate: 0.0008856374635655645
Epoch 188 time: 91.5383939743042 seconds
Epoch 188 accuracy: 95.98%
Batch 50, Loss: 0.0045
Batch 100, Loss: 0.0048
Batch 150, Loss: 0.0050
Epoch 189 learning rate: 0.000744533692261307
Epoch 189 time: 91.59260559082031 seconds
Epoch 189 accuracy: 95.97%
Batch 50, Loss: 0.0042
Batch 100, Loss: 0.0048
Batch 150, Loss: 0.0047
Epoch 190 learning rate: 0.0006155829702431174
Epoch 190 time: 91.55533742904663 seconds
Epoch 190 accuracy: 95.99%
Batch 50, Loss: 0.0047
Batch 100, Loss: 0.0038
Batch 150, Loss: 0.0049
Epoch 191 learning rate: 0.0004988171141721235
Epoch 191 time: 91.56667733192444 seconds
Epoch 191 accuracy: 95.93%
Batch 50, Loss: 0.0051
Batch 100, Loss: 0.0041
Batch 150, Loss: 0.0048
Epoch 192 learning rate: 0.00039426493427611206
Epoch 192 time: 91.40374684333801 seconds
Epoch 192 accuracy: 96.02%
Batch 50, Loss: 0.0056
Batch 100, Loss: 0.0048
Batch 150, Loss: 0.0046
Epoch 193 learning rate: 0.00030195222724102046
Epoch 193 time: 91.62348937988281 seconds
Epoch 193 accuracy: 96.07%
Batch 50, Loss: 0.0040
Batch 100, Loss: 0.0050
Batch 150, Loss: 0.0047
Epoch 194 learning rate: 0.00022190176984600036
Epoch 194 time: 91.6724841594696 seconds
Epoch 194 accuracy: 96.1%
Batch 50, Loss: 0.0042
Batch 100, Loss: 0.0049
Batch 150, Loss: 0.0052
Epoch 195 learning rate: 0.00015413331334360192
Epoch 195 time: 91.35865187644958 seconds
Epoch 195 accuracy: 96.17%
Batch 50, Loss: 0.0041
Batch 100, Loss: 0.0050
Batch 150, Loss: 0.0051
Epoch 196 learning rate: 9.866357858642213e-05
Epoch 196 time: 91.48251461982727 seconds
Epoch 196 accuracy: 96.06%
Batch 50, Loss: 0.0045
Batch 100, Loss: 0.0047
Batch 150, Loss: 0.0049
Epoch 197 learning rate: 5.5506251901504864e-05
Epoch 197 time: 91.33448791503906 seconds
Epoch 197 accuracy: 96.08%
Batch 50, Loss: 0.0047
Batch 100, Loss: 0.0046
Batch 150, Loss: 0.0045
Epoch 198 learning rate: 2.4671981713420017e-05
Epoch 198 time: 91.51383018493652 seconds
Epoch 198 accuracy: 96.04%
Batch 50, Loss: 0.0049
Batch 100, Loss: 0.0051
Batch 150, Loss: 0.0041
Epoch 199 learning rate: 6.168375916970619e-06
Epoch 199 time: 91.51274156570435 seconds
Epoch 199 accuracy: 96.07%
Batch 50, Loss: 0.0045
Batch 100, Loss: 0.0043
Batch 150, Loss: 0.0058
Epoch 200 learning rate: 0.0
Epoch 200 time: 91.61576461791992 seconds
Epoch 200 accuracy: 96.02%
Total training time: 18314.378762960434 seconds
