The following modules were not unloaded:
  (Use "module --force purge" to unload all):

  1) CCconfig        6)  ucx/1.14.1         11) flexiblas/3.3.1
  2) gentoo/2023     7)  libfabric/1.18.0   12) imkl/2023.2.0
  3) gcccore/.12.3   8)  pmix/4.2.4         13) StdEnv/2023
  4) gcc/12.3        9)  ucc/1.2.0
  5) hwloc/2.9.1     10) openmpi/4.1.5
/project/6070520/tkleinkn/Vanilla-GAM/main_cifar.py:187: UserWarning: You have chosen a specific GPU. This will completely disable data parallelism.
  warnings.warn('You have chosen a specific GPU. This will completely '
model name space ['resnet101_c', 'resnet152_c', 'resnet18_c', 'resnet34_c', 'resnet50_c']
Use GPU: 0 for training
=> creating model 'resnet18_c'
Files already downloaded and verified
Files already downloaded and verified
tensorboard dir ./results/CIFAR10/GNOM
Using Gradient-Norm Only Minimization (GNOM)
/home/tkleinkn/GAMtest/lib/python3.11/site-packages/torch/autograd/graph.py:744: UserWarning: Using backward() with create_graph=True will create a reference cycle between the parameter and its gradient which can cause a memory leak. We recommend using autograd.grad when creating the graph to avoid this. If you have to use this function, make sure to reset the .grad fields of your parameters to None after use to break the cycle and avoid the leak. (Triggered internally at /home/coulombc/wheels_builder/tmp.2617/python-3.11/torch/torch/csrc/autograd/engine.cpp:1203.)
  return Variable._execution_engine.run_backward(  # Calls into the C++ engine to run the backward pass
Batch 100, Loss: 282.7003
Batch 200, Loss: 34.7841
Batch 300, Loss: 17.9325
Epoch 1 learning rate: 0.09999383162408304
Epoch 1 time: 128.11416125297546 seconds
Epoch 1 accuracy: 9.51%
Batch 100, Loss: 9.2896
Batch 200, Loss: 7.2752
Batch 300, Loss: 5.7540
Epoch 2 learning rate: 0.09997532801828658
Epoch 2 time: 119.43829345703125 seconds
Epoch 2 accuracy: 10.44%
Batch 100, Loss: 4.1216
Batch 200, Loss: 3.5760
Batch 300, Loss: 3.2071
Epoch 3 learning rate: 0.09994449374809851
Epoch 3 time: 119.35585761070251 seconds
Epoch 3 accuracy: 12.13%
Batch 100, Loss: 2.7199
Batch 200, Loss: 2.5483
Batch 300, Loss: 2.3951
Epoch 4 learning rate: 0.09990133642141359
Epoch 4 time: 119.4236741065979 seconds
Epoch 4 accuracy: 12.35%
Batch 100, Loss: 2.1424
Batch 200, Loss: 2.0976
Batch 300, Loss: 2.0214
Epoch 5 learning rate: 0.09984586668665642
Epoch 5 time: 119.31985020637512 seconds
Epoch 5 accuracy: 13.38%
Batch 100, Loss: 1.9297
Batch 200, Loss: 1.8785
Batch 300, Loss: 1.8665
Epoch 6 learning rate: 0.09977809823015402
Epoch 6 time: 119.25848031044006 seconds
Epoch 6 accuracy: 13.82%
Batch 100, Loss: 1.8214
Batch 200, Loss: 1.8138
Batch 300, Loss: 1.7946
Epoch 7 learning rate: 0.09969804777275901
Epoch 7 time: 119.22078323364258 seconds
Epoch 7 accuracy: 13.76%
Batch 100, Loss: 1.7796
Batch 200, Loss: 1.7776
Batch 300, Loss: 1.7731
Epoch 8 learning rate: 0.09960573506572391
Epoch 8 time: 119.29277300834656 seconds
Epoch 8 accuracy: 14.0%
Batch 100, Loss: 1.7676
Batch 200, Loss: 1.7637
Batch 300, Loss: 1.7628
Epoch 9 learning rate: 0.09950118288582789
Epoch 9 time: 119.17080879211426 seconds
Epoch 9 accuracy: 14.5%
Batch 100, Loss: 1.7571
Batch 200, Loss: 1.7561
Batch 300, Loss: 1.7552
Epoch 10 learning rate: 0.09938441702975691
Epoch 10 time: 119.32383680343628 seconds
Epoch 10 accuracy: 14.48%
Batch 100, Loss: 1.7549
Batch 200, Loss: 1.7536
Batch 300, Loss: 1.7525
Epoch 11 learning rate: 0.09925546630773871
Epoch 11 time: 119.22867059707642 seconds
Epoch 11 accuracy: 14.06%
Batch 100, Loss: 1.7522
Batch 200, Loss: 1.7528
Batch 300, Loss: 1.7517
Epoch 12 learning rate: 0.09911436253643445
Epoch 12 time: 119.27497911453247 seconds
Epoch 12 accuracy: 14.23%
Batch 100, Loss: 1.7524
Batch 200, Loss: 1.7529
Batch 300, Loss: 1.7527
Epoch 13 learning rate: 0.0989611405310883
Epoch 13 time: 119.19405913352966 seconds
Epoch 13 accuracy: 11.82%
Batch 100, Loss: 1.7526
Batch 200, Loss: 1.7531
Batch 300, Loss: 1.7534
Epoch 14 learning rate: 0.09879583809693739
Epoch 14 time: 119.11492252349854 seconds
Epoch 14 accuracy: 12.91%
Batch 100, Loss: 1.7538
Batch 200, Loss: 1.7538
Batch 300, Loss: 1.7536
Epoch 15 learning rate: 0.09861849601988384
Epoch 15 time: 119.26066851615906 seconds
Epoch 15 accuracy: 12.54%
Batch 100, Loss: 1.7539
Batch 200, Loss: 1.7543
Batch 300, Loss: 1.7544
Epoch 16 learning rate: 0.09842915805643157
Epoch 16 time: 119.25875997543335 seconds
Epoch 16 accuracy: 12.75%
Batch 100, Loss: 1.7537
Batch 200, Loss: 1.7538
Batch 300, Loss: 1.7541
Epoch 17 learning rate: 0.09822787092288993
Epoch 17 time: 119.17268085479736 seconds
Epoch 17 accuracy: 13.81%
Batch 100, Loss: 1.7537
Batch 200, Loss: 1.7536
Batch 300, Loss: 1.7540
Epoch 18 learning rate: 0.09801468428384717
Epoch 18 time: 119.1947250366211 seconds
Epoch 18 accuracy: 12.05%
Batch 100, Loss: 1.7533
Batch 200, Loss: 1.7539
Batch 300, Loss: 1.7538
Epoch 19 learning rate: 0.09778965073991652
Epoch 19 time: 119.23033380508423 seconds
Epoch 19 accuracy: 12.05%
Batch 100, Loss: 1.7542
Batch 200, Loss: 1.7550
Batch 300, Loss: 1.7551
Epoch 20 learning rate: 0.0975528258147577
Epoch 20 time: 119.17022609710693 seconds
Epoch 20 accuracy: 10.43%
Batch 100, Loss: 1.7553
Batch 200, Loss: 1.7556
Batch 300, Loss: 1.7561
Epoch 21 learning rate: 0.09730426794137728
Epoch 21 time: 119.0043613910675 seconds
Epoch 21 accuracy: 9.95%
Batch 100, Loss: 1.7561
Batch 200, Loss: 1.7562
Batch 300, Loss: 1.7568
Epoch 22 learning rate: 0.09704403844771128
Epoch 22 time: 119.26840853691101 seconds
Epoch 22 accuracy: 9.73%
Batch 100, Loss: 1.7568
Batch 200, Loss: 1.7568
Batch 300, Loss: 1.7571
Epoch 23 learning rate: 0.09677220154149338
Epoch 23 time: 119.1813268661499 seconds
Epoch 23 accuracy: 10.34%
Batch 100, Loss: 1.7572
Batch 200, Loss: 1.7574
Batch 300, Loss: 1.7575
Epoch 24 learning rate: 0.09648882429441258
Epoch 24 time: 119.26713871955872 seconds
Epoch 24 accuracy: 9.92%
Batch 100, Loss: 1.7574
Batch 200, Loss: 1.7577
Batch 300, Loss: 1.7576
Epoch 25 learning rate: 0.09619397662556435
Epoch 25 time: 119.2197732925415 seconds
Epoch 25 accuracy: 10.08%
Batch 100, Loss: 1.7576
Batch 200, Loss: 1.7578
Batch 300, Loss: 1.7579
Epoch 26 learning rate: 0.09588773128419906
Epoch 26 time: 119.245032787323 seconds
Epoch 26 accuracy: 10.0%
Batch 100, Loss: 1.7576
Batch 200, Loss: 1.7580
Batch 300, Loss: 1.7579
Epoch 27 learning rate: 0.09557016383177226
Epoch 27 time: 119.23343181610107 seconds
Epoch 27 accuracy: 9.96%
Batch 100, Loss: 1.7579
Batch 200, Loss: 1.7580
Batch 300, Loss: 1.7578
Epoch 28 learning rate: 0.09524135262330098
Epoch 28 time: 119.23008799552917 seconds
Epoch 28 accuracy: 10.0%
Batch 100, Loss: 1.7579
Batch 200, Loss: 1.7579
Batch 300, Loss: 1.7579
Epoch 29 learning rate: 0.09490137878803079
Epoch 29 time: 119.26257658004761 seconds
Epoch 29 accuracy: 10.0%
Batch 100, Loss: 1.7578
Batch 200, Loss: 1.7579
Batch 300, Loss: 1.7580
Epoch 30 learning rate: 0.0945503262094184
Epoch 30 time: 119.33738565444946 seconds
Epoch 30 accuracy: 10.0%
Batch 100, Loss: 1.7580
Batch 200, Loss: 1.7579
Batch 300, Loss: 1.7580
Epoch 31 learning rate: 0.0941882815044347
Epoch 31 time: 119.3639702796936 seconds
Epoch 31 accuracy: 10.0%
Batch 100, Loss: 1.7579
Batch 200, Loss: 1.7579
Batch 300, Loss: 1.7581
Epoch 32 learning rate: 0.09381533400219319
Epoch 32 time: 119.28220677375793 seconds
Epoch 32 accuracy: 10.0%
Batch 100, Loss: 1.7578
Batch 200, Loss: 1.7580
Batch 300, Loss: 1.7580
Epoch 33 learning rate: 0.09343157572190958
Epoch 33 time: 119.37393260002136 seconds
Epoch 33 accuracy: 10.0%
Batch 100, Loss: 1.7578
Batch 200, Loss: 1.7580
Batch 300, Loss: 1.7580
Epoch 34 learning rate: 0.0930371013501972
Epoch 34 time: 119.27143716812134 seconds
Epoch 34 accuracy: 10.0%
Batch 100, Loss: 1.7579
Batch 200, Loss: 1.7580
Batch 300, Loss: 1.7580
Epoch 35 learning rate: 0.09263200821770463
Epoch 35 time: 119.2890248298645 seconds
Epoch 35 accuracy: 10.0%
Batch 100, Loss: 1.7579
Batch 200, Loss: 1.7579
Batch 300, Loss: 1.7579
Epoch 36 learning rate: 0.09221639627510078
Epoch 36 time: 119.2624158859253 seconds
Epoch 36 accuracy: 10.0%
Batch 100, Loss: 1.7578
Batch 200, Loss: 1.7580
Batch 300, Loss: 1.7580
Epoch 37 learning rate: 0.09179036806841355
Epoch 37 time: 119.17548155784607 seconds
Epoch 37 accuracy: 10.0%
Batch 100, Loss: 1.7579
Batch 200, Loss: 1.7578
Batch 300, Loss: 1.7580
Epoch 38 learning rate: 0.09135402871372812
Epoch 38 time: 119.21098279953003 seconds
Epoch 38 accuracy: 10.0%
Batch 100, Loss: 1.7579
Batch 200, Loss: 1.7580
Batch 300, Loss: 1.7580
Epoch 39 learning rate: 0.0909074858712512
Epoch 39 time: 119.35857462882996 seconds
Epoch 39 accuracy: 10.0%
Batch 100, Loss: 1.7579
Batch 200, Loss: 1.7580
Batch 300, Loss: 1.7580
Epoch 40 learning rate: 0.09045084971874741
Epoch 40 time: 119.21334862709045 seconds
Epoch 40 accuracy: 10.0%
Batch 100, Loss: 1.7579
Batch 200, Loss: 1.7580
Batch 300, Loss: 1.7580
Epoch 41 learning rate: 0.08998423292435458
Epoch 41 time: 119.07889533042908 seconds
Epoch 41 accuracy: 10.0%
Batch 100, Loss: 1.7578
Batch 200, Loss: 1.7581
Batch 300, Loss: 1.7581
Epoch 42 learning rate: 0.08950775061878455
Epoch 42 time: 119.05238199234009 seconds
Epoch 42 accuracy: 10.0%
Batch 100, Loss: 1.7579
Batch 200, Loss: 1.7580
Batch 300, Loss: 1.7579
Epoch 43 learning rate: 0.08902152036691653
Epoch 43 time: 119.2846314907074 seconds
Epoch 43 accuracy: 10.0%
Batch 100, Loss: 1.7578
Batch 200, Loss: 1.7579
Batch 300, Loss: 1.7580
Epoch 44 learning rate: 0.08852566213878951
Epoch 44 time: 118.99400234222412 seconds
Epoch 44 accuracy: 10.0%
Batch 100, Loss: 1.7578
Batch 200, Loss: 1.7579
Batch 300, Loss: 1.7580
Epoch 45 learning rate: 0.0880202982800016
Epoch 45 time: 119.08863067626953 seconds
Epoch 45 accuracy: 10.0%
Batch 100, Loss: 1.7581
Batch 200, Loss: 1.7579
Batch 300, Loss: 1.7580
Epoch 46 learning rate: 0.08750555348152303
Epoch 46 time: 119.27985286712646 seconds
Epoch 46 accuracy: 10.0%
Batch 100, Loss: 1.7578
Batch 200, Loss: 1.7580
Batch 300, Loss: 1.7579
Epoch 47 learning rate: 0.08698155474893052
Epoch 47 time: 119.17972207069397 seconds
Epoch 47 accuracy: 10.0%
Batch 100, Loss: 1.7579
Batch 200, Loss: 1.7578
Batch 300, Loss: 1.7580
Epoch 48 learning rate: 0.08644843137107061
Epoch 48 time: 119.1417486667633 seconds
Epoch 48 accuracy: 10.0%
Batch 100, Loss: 1.7579
Batch 200, Loss: 1.7579
Batch 300, Loss: 1.7581
Epoch 49 learning rate: 0.08590631488815947
Epoch 49 time: 119.21992874145508 seconds
Epoch 49 accuracy: 10.0%
Batch 100, Loss: 1.7578
Batch 200, Loss: 1.7580
Batch 300, Loss: 1.7580
Epoch 50 learning rate: 0.0853553390593274
Epoch 50 time: 119.06034088134766 seconds
Epoch 50 accuracy: 10.0%
Batch 100, Loss: 1.7578
Batch 200, Loss: 1.7580
Batch 300, Loss: 1.7581
Epoch 51 learning rate: 0.08479563982961574
Epoch 51 time: 119.30900573730469 seconds
Epoch 51 accuracy: 10.0%
Batch 100, Loss: 1.7580
Batch 200, Loss: 1.7579
Batch 300, Loss: 1.7581
Epoch 52 learning rate: 0.08422735529643446
Epoch 52 time: 119.2912540435791 seconds
Epoch 52 accuracy: 10.0%
Batch 100, Loss: 1.7580
Batch 200, Loss: 1.7579
Batch 300, Loss: 1.7580
Epoch 53 learning rate: 0.08365062567548869
Epoch 53 time: 119.15128183364868 seconds
Epoch 53 accuracy: 10.0%
Batch 100, Loss: 1.7580
Batch 200, Loss: 1.7579
Batch 300, Loss: 1.7580
Epoch 54 learning rate: 0.08306559326618261
Epoch 54 time: 119.27677130699158 seconds
Epoch 54 accuracy: 10.0%
Batch 100, Loss: 1.7579
Batch 200, Loss: 1.7580
Batch 300, Loss: 1.7578
Epoch 55 learning rate: 0.0824724024165092
Epoch 55 time: 119.22877478599548 seconds
Epoch 55 accuracy: 10.0%
Batch 100, Loss: 1.7579
Batch 200, Loss: 1.7579
Batch 300, Loss: 1.7579
Epoch 56 learning rate: 0.0818711994874345
Epoch 56 time: 119.02733039855957 seconds
Epoch 56 accuracy: 10.0%
Batch 100, Loss: 1.7579
Batch 200, Loss: 1.7579
Batch 300, Loss: 1.7580
Epoch 57 learning rate: 0.08126213281678528
Epoch 57 time: 119.08184289932251 seconds
Epoch 57 accuracy: 10.0%
Batch 100, Loss: 1.7579
Batch 200, Loss: 1.7579
Batch 300, Loss: 1.7579
Epoch 58 learning rate: 0.08064535268264884
Epoch 58 time: 119.2180848121643 seconds
Epoch 58 accuracy: 10.0%
Batch 100, Loss: 1.7580
Batch 200, Loss: 1.7579
Batch 300, Loss: 1.7579
Epoch 59 learning rate: 0.08002101126629421
Epoch 59 time: 119.37188196182251 seconds
Epoch 59 accuracy: 10.0%
Batch 100, Loss: 1.7579
Batch 200, Loss: 1.7579
Batch 300, Loss: 1.7581
Epoch 60 learning rate: 0.07938926261462367
Epoch 60 time: 119.15146231651306 seconds
Epoch 60 accuracy: 10.0%
Batch 100, Loss: 1.7580
Batch 200, Loss: 1.7578
Batch 300, Loss: 1.7579
Epoch 61 learning rate: 0.07875026260216395
Epoch 61 time: 119.21671772003174 seconds
Epoch 61 accuracy: 10.0%
Batch 100, Loss: 1.7579
Batch 200, Loss: 1.7579
Batch 300, Loss: 1.7581
Epoch 62 learning rate: 0.07810416889260656
Epoch 62 time: 119.13419103622437 seconds
Epoch 62 accuracy: 10.0%
Batch 100, Loss: 1.7578
Batch 200, Loss: 1.7580
Batch 300, Loss: 1.7579
Epoch 63 learning rate: 0.07745114089990661
Epoch 63 time: 119.15829086303711 seconds
Epoch 63 accuracy: 10.0%
Batch 100, Loss: 1.7579
Batch 200, Loss: 1.7578
Batch 300, Loss: 1.7580
Epoch 64 learning rate: 0.07679133974894985
Epoch 64 time: 119.18698239326477 seconds
Epoch 64 accuracy: 10.0%
Batch 100, Loss: 1.7579
Batch 200, Loss: 1.7579
Batch 300, Loss: 1.7580
Epoch 65 learning rate: 0.07612492823579746
Epoch 65 time: 119.23326444625854 seconds
Epoch 65 accuracy: 10.0%
Batch 100, Loss: 1.7579
Batch 200, Loss: 1.7580
Batch 300, Loss: 1.7579
Epoch 66 learning rate: 0.07545207078751859
Epoch 66 time: 119.25549125671387 seconds
Epoch 66 accuracy: 10.0%
Batch 100, Loss: 1.7579
Batch 200, Loss: 1.7579
Batch 300, Loss: 1.7579
Epoch 67 learning rate: 0.0747729334216204
Epoch 67 time: 119.21752762794495 seconds
Epoch 67 accuracy: 10.0%
Batch 100, Loss: 1.7578
Batch 200, Loss: 1.7580
Batch 300, Loss: 1.7579
Epoch 68 learning rate: 0.07408768370508578
Epoch 68 time: 119.18336486816406 seconds
Epoch 68 accuracy: 10.0%
Batch 100, Loss: 1.7579
Batch 200, Loss: 1.7579
Batch 300, Loss: 1.7579
Epoch 69 learning rate: 0.0733964907130287
Epoch 69 time: 119.20417499542236 seconds
Epoch 69 accuracy: 10.0%
Batch 100, Loss: 1.7579
Batch 200, Loss: 1.7579
Batch 300, Loss: 1.7580
Epoch 70 learning rate: 0.07269952498697736
Epoch 70 time: 119.25825667381287 seconds
Epoch 70 accuracy: 10.0%
Batch 100, Loss: 1.7579
Batch 200, Loss: 1.7578
Batch 300, Loss: 1.7580
Epoch 71 learning rate: 0.07199695849279578
Epoch 71 time: 119.1453173160553 seconds
Epoch 71 accuracy: 10.0%
Batch 100, Loss: 1.7579
Batch 200, Loss: 1.7579
Batch 300, Loss: 1.7579
Epoch 72 learning rate: 0.07128896457825366
Epoch 72 time: 119.00233149528503 seconds
Epoch 72 accuracy: 10.0%
Batch 100, Loss: 1.7579
Batch 200, Loss: 1.7579
Batch 300, Loss: 1.7579
Epoch 73 learning rate: 0.07057571793025548
Epoch 73 time: 119.23770046234131 seconds
Epoch 73 accuracy: 10.0%
Batch 100, Loss: 1.7579
Batch 200, Loss: 1.7579
Batch 300, Loss: 1.7580
Epoch 74 learning rate: 0.06985739453173906
Epoch 74 time: 119.16978025436401 seconds
Epoch 74 accuracy: 10.0%
Batch 100, Loss: 1.7578
Batch 200, Loss: 1.7579
Batch 300, Loss: 1.7580
Epoch 75 learning rate: 0.06913417161825453
Epoch 75 time: 119.11154866218567 seconds
Epoch 75 accuracy: 10.0%
Batch 100, Loss: 1.7579
Batch 200, Loss: 1.7578
Batch 300, Loss: 1.7579
Epoch 76 learning rate: 0.06840622763423394
Epoch 76 time: 119.22734260559082 seconds
Epoch 76 accuracy: 10.0%
Batch 100, Loss: 1.7579
Batch 200, Loss: 1.7579
Batch 300, Loss: 1.7579
Epoch 77 learning rate: 0.0676737421889629
Epoch 77 time: 119.2193648815155 seconds
Epoch 77 accuracy: 10.0%
Batch 100, Loss: 1.7579
Batch 200, Loss: 1.7579
Batch 300, Loss: 1.7580
Epoch 78 learning rate: 0.06693689601226462
Epoch 78 time: 119.20136284828186 seconds
Epoch 78 accuracy: 10.0%
Batch 100, Loss: 1.7579
Batch 200, Loss: 1.7579
Batch 300, Loss: 1.7579
Epoch 79 learning rate: 0.06619587090990751
Epoch 79 time: 119.22853207588196 seconds
Epoch 79 accuracy: 10.0%
Batch 100, Loss: 1.7579
Batch 200, Loss: 1.7580
Batch 300, Loss: 1.7579
Epoch 80 learning rate: 0.06545084971874741
Epoch 80 time: 119.15085625648499 seconds
Epoch 80 accuracy: 10.0%
Batch 100, Loss: 1.7579
Batch 200, Loss: 1.7579
Batch 300, Loss: 1.7579
Epoch 81 learning rate: 0.06470201626161524
Epoch 81 time: 119.0886173248291 seconds
Epoch 81 accuracy: 10.0%
Batch 100, Loss: 1.7579
Batch 200, Loss: 1.7578
Batch 300, Loss: 1.7580
Epoch 82 learning rate: 0.06394955530196152
Epoch 82 time: 119.05426931381226 seconds
Epoch 82 accuracy: 10.0%
Batch 100, Loss: 1.7578
Batch 200, Loss: 1.7580
Batch 300, Loss: 1.7578
Epoch 83 learning rate: 0.06319365249826868
Epoch 83 time: 119.2596230506897 seconds
Epoch 83 accuracy: 10.0%
Batch 100, Loss: 1.7578
Batch 200, Loss: 1.7580
Batch 300, Loss: 1.7579
Epoch 84 learning rate: 0.06243449435824277
Epoch 84 time: 119.25721859931946 seconds
Epoch 84 accuracy: 10.0%
Batch 100, Loss: 1.7578
Batch 200, Loss: 1.7578
Batch 300, Loss: 1.7580
Epoch 85 learning rate: 0.06167226819279532
Epoch 85 time: 119.25484657287598 seconds
Epoch 85 accuracy: 10.0%
Batch 100, Loss: 1.7579
Batch 200, Loss: 1.7578
Batch 300, Loss: 1.7580
Epoch 86 learning rate: 0.06090716206982718
Epoch 86 time: 119.23714256286621 seconds
Epoch 86 accuracy: 10.0%
Batch 100, Loss: 1.7579
Batch 200, Loss: 1.7578
Batch 300, Loss: 1.7580
Epoch 87 learning rate: 0.06013936476782568
Epoch 87 time: 119.23406481742859 seconds
Epoch 87 accuracy: 10.0%
Batch 100, Loss: 1.7579
Batch 200, Loss: 1.7579
Batch 300, Loss: 1.7579
Epoch 88 learning rate: 0.05936906572928629
Epoch 88 time: 119.12433409690857 seconds
Epoch 88 accuracy: 10.0%
Batch 100, Loss: 1.7579
Batch 200, Loss: 1.7578
Batch 300, Loss: 1.7580
Epoch 89 learning rate: 0.05859645501397052
Epoch 89 time: 119.1781690120697 seconds
Epoch 89 accuracy: 10.0%
Batch 100, Loss: 1.7578
Batch 200, Loss: 1.7580
Batch 300, Loss: 1.7579
Epoch 90 learning rate: 0.05782172325201159
Epoch 90 time: 119.14741277694702 seconds
Epoch 90 accuracy: 10.0%
Batch 100, Loss: 1.7579
Batch 200, Loss: 1.7579
Batch 300, Loss: 1.7579
Epoch 91 learning rate: 0.057045061596879186
Epoch 91 time: 119.23705768585205 seconds
Epoch 91 accuracy: 10.0%
Batch 100, Loss: 1.7578
Batch 200, Loss: 1.7579
Batch 300, Loss: 1.7579
Epoch 92 learning rate: 0.056266661678215264
Epoch 92 time: 119.18537545204163 seconds
Epoch 92 accuracy: 10.0%
Batch 100, Loss: 1.7578
Batch 200, Loss: 1.7579
Batch 300, Loss: 1.7579
Epoch 93 learning rate: 0.055486715554552306
Epoch 93 time: 119.20960330963135 seconds
Epoch 93 accuracy: 10.0%
Batch 100, Loss: 1.7578
Batch 200, Loss: 1.7579
Batch 300, Loss: 1.7579
Epoch 94 learning rate: 0.05470541566592575
Epoch 94 time: 119.12189102172852 seconds
Epoch 94 accuracy: 10.0%
Batch 100, Loss: 1.7579
Batch 200, Loss: 1.7579
Batch 300, Loss: 1.7579
Epoch 95 learning rate: 0.05392295478639229
Epoch 95 time: 119.34190249443054 seconds
Epoch 95 accuracy: 10.0%
Batch 100, Loss: 1.7579
Batch 200, Loss: 1.7579
Batch 300, Loss: 1.7579
Epoch 96 learning rate: 0.05313952597646571
Epoch 96 time: 119.20847177505493 seconds
Epoch 96 accuracy: 10.0%
Batch 100, Loss: 1.7578
Batch 200, Loss: 1.7580
Batch 300, Loss: 1.7579
Epoch 97 learning rate: 0.05235532253548216
Epoch 97 time: 119.27136898040771 seconds
Epoch 97 accuracy: 10.0%
Batch 100, Loss: 1.7578
Batch 200, Loss: 1.7579
Batch 300, Loss: 1.7579
Epoch 98 learning rate: 0.051570537953906447
Epoch 98 time: 119.12820434570312 seconds
Epoch 98 accuracy: 10.0%
Batch 100, Loss: 1.7578
Batch 200, Loss: 1.7578
Batch 300, Loss: 1.7580
Epoch 99 learning rate: 0.05078536586559106
Epoch 99 time: 119.1104371547699 seconds
Epoch 99 accuracy: 10.0%
Batch 100, Loss: 1.7579
Batch 200, Loss: 1.7579
Batch 300, Loss: 1.7578
Epoch 100 learning rate: 0.050000000000000024
Epoch 100 time: 119.28383159637451 seconds
Epoch 100 accuracy: 10.0%
Batch 100, Loss: 1.7578
Batch 200, Loss: 1.7579
Batch 300, Loss: 1.7579
Epoch 101 learning rate: 0.049214634134409
Epoch 101 time: 119.13337230682373 seconds
Epoch 101 accuracy: 10.0%
Batch 100, Loss: 1.7579
Batch 200, Loss: 1.7578
Batch 300, Loss: 1.7579
Epoch 102 learning rate: 0.04842946204609361
Epoch 102 time: 119.26557970046997 seconds
Epoch 102 accuracy: 10.0%
Batch 100, Loss: 1.7578
Batch 200, Loss: 1.7578
Batch 300, Loss: 1.7579
Epoch 103 learning rate: 0.04764467746451789
Epoch 103 time: 119.17143511772156 seconds
Epoch 103 accuracy: 10.0%
Batch 100, Loss: 1.7578
Batch 200, Loss: 1.7579
Batch 300, Loss: 1.7579
Epoch 104 learning rate: 0.046860474023534354
Epoch 104 time: 119.25335049629211 seconds
Epoch 104 accuracy: 10.0%
Batch 100, Loss: 1.7578
Batch 200, Loss: 1.7578
Batch 300, Loss: 1.7579
Epoch 105 learning rate: 0.04607704521360778
Epoch 105 time: 119.076669216156 seconds
Epoch 105 accuracy: 10.0%
Batch 100, Loss: 1.7579
Batch 200, Loss: 1.7579
Batch 300, Loss: 1.7579
Epoch 106 learning rate: 0.04529458433407431
Epoch 106 time: 119.21229100227356 seconds
Epoch 106 accuracy: 10.0%
Batch 100, Loss: 1.7578
Batch 200, Loss: 1.7579
Batch 300, Loss: 1.7579
Epoch 107 learning rate: 0.04451328444544776
Epoch 107 time: 119.2184190750122 seconds
Epoch 107 accuracy: 10.0%
Batch 100, Loss: 1.7579
Batch 200, Loss: 1.7578
Batch 300, Loss: 1.7579
Epoch 108 learning rate: 0.04373333832178482
Epoch 108 time: 119.0473096370697 seconds
Epoch 108 accuracy: 10.0%
Batch 100, Loss: 1.7578
Batch 200, Loss: 1.7579
Batch 300, Loss: 1.7579
Epoch 109 learning rate: 0.0429549384031209
Epoch 109 time: 119.19927668571472 seconds
Epoch 109 accuracy: 10.0%
Batch 100, Loss: 1.7578
Batch 200, Loss: 1.7579
Batch 300, Loss: 1.7579
Epoch 110 learning rate: 0.042178276747988484
Epoch 110 time: 119.18976426124573 seconds
Epoch 110 accuracy: 10.0%
Batch 100, Loss: 1.7578
Batch 200, Loss: 1.7578
Batch 300, Loss: 1.7580
Epoch 111 learning rate: 0.04140354498602954
Epoch 111 time: 119.03580212593079 seconds
Epoch 111 accuracy: 10.0%
Batch 100, Loss: 1.7579
Batch 200, Loss: 1.7579
Batch 300, Loss: 1.7579
Epoch 112 learning rate: 0.0406309342707138
Epoch 112 time: 119.07198882102966 seconds
Epoch 112 accuracy: 10.0%
Batch 100, Loss: 1.7578
Batch 200, Loss: 1.7579
Batch 300, Loss: 1.7579
Epoch 113 learning rate: 0.03986063523217441
Epoch 113 time: 119.19231629371643 seconds
Epoch 113 accuracy: 10.0%
Batch 100, Loss: 1.7579
Batch 200, Loss: 1.7578
Batch 300, Loss: 1.7579
Epoch 114 learning rate: 0.039092837930172916
Epoch 114 time: 119.1051139831543 seconds
Epoch 114 accuracy: 10.0%
Batch 100, Loss: 1.7579
Batch 200, Loss: 1.7578
Batch 300, Loss: 1.7579
Epoch 115 learning rate: 0.03832773180720475
Epoch 115 time: 119.16172456741333 seconds
Epoch 115 accuracy: 10.0%
Batch 100, Loss: 1.7578
Batch 200, Loss: 1.7579
Batch 300, Loss: 1.7578
Epoch 116 learning rate: 0.037565505641757285
Epoch 116 time: 119.14127397537231 seconds
Epoch 116 accuracy: 10.0%
Batch 100, Loss: 1.7578
Batch 200, Loss: 1.7579
Batch 300, Loss: 1.7579
Epoch 117 learning rate: 0.03680634750173138
Epoch 117 time: 119.18875050544739 seconds
Epoch 117 accuracy: 10.0%
Batch 100, Loss: 1.7579
Batch 200, Loss: 1.7578
Batch 300, Loss: 1.7579
Epoch 118 learning rate: 0.036050444698038565
Epoch 118 time: 119.13842606544495 seconds
Epoch 118 accuracy: 10.0%
Batch 100, Loss: 1.7578
Batch 200, Loss: 1.7578
Batch 300, Loss: 1.7580
Epoch 119 learning rate: 0.03529798373838483
Epoch 119 time: 119.15756034851074 seconds
Epoch 119 accuracy: 10.0%
Batch 100, Loss: 1.7578
Batch 200, Loss: 1.7579
Batch 300, Loss: 1.7579
Epoch 120 learning rate: 0.03454915028125267
Epoch 120 time: 119.22874999046326 seconds
Epoch 120 accuracy: 10.0%
Batch 100, Loss: 1.7578
Batch 200, Loss: 1.7578
Batch 300, Loss: 1.7579
Epoch 121 learning rate: 0.03380412909009255
Epoch 121 time: 119.2371015548706 seconds
Epoch 121 accuracy: 10.0%
Batch 100, Loss: 1.7579
Batch 200, Loss: 1.7578
Batch 300, Loss: 1.7579
Epoch 122 learning rate: 0.03306310398773545
Epoch 122 time: 119.2242636680603 seconds
Epoch 122 accuracy: 10.0%
Batch 100, Loss: 1.7578
Batch 200, Loss: 1.7579
Batch 300, Loss: 1.7578
Epoch 123 learning rate: 0.03232625781103717
Epoch 123 time: 119.20640468597412 seconds
Epoch 123 accuracy: 10.0%
Batch 100, Loss: 1.7578
Batch 200, Loss: 1.7579
Batch 300, Loss: 1.7579
Epoch 124 learning rate: 0.03159377236576613
Epoch 124 time: 119.28493309020996 seconds
Epoch 124 accuracy: 10.0%
Batch 100, Loss: 1.7578
Batch 200, Loss: 1.7579
Batch 300, Loss: 1.7578
Epoch 125 learning rate: 0.030865828381745543
Epoch 125 time: 119.27789521217346 seconds
Epoch 125 accuracy: 10.0%
Batch 100, Loss: 1.7578
Batch 200, Loss: 1.7579
Batch 300, Loss: 1.7579
Epoch 126 learning rate: 0.03014260546826098
Epoch 126 time: 119.18223834037781 seconds
Epoch 126 accuracy: 10.0%
Batch 100, Loss: 1.7578
Batch 200, Loss: 1.7578
Batch 300, Loss: 1.7579
Epoch 127 learning rate: 0.02942428206974458
Epoch 127 time: 119.27665734291077 seconds
Epoch 127 accuracy: 10.0%
Batch 100, Loss: 1.7578
Batch 200, Loss: 1.7579
Batch 300, Loss: 1.7579
Epoch 128 learning rate: 0.028711035421746387
Epoch 128 time: 119.30633330345154 seconds
Epoch 128 accuracy: 10.0%
Batch 100, Loss: 1.7578
Batch 200, Loss: 1.7579
Batch 300, Loss: 1.7579
Epoch 129 learning rate: 0.02800304150720426
Epoch 129 time: 119.25578379631042 seconds
Epoch 129 accuracy: 10.0%
Batch 100, Loss: 1.7578
Batch 200, Loss: 1.7578
Batch 300, Loss: 1.7579
Epoch 130 learning rate: 0.02730047501302268
Epoch 130 time: 119.32193064689636 seconds
Epoch 130 accuracy: 10.0%
Batch 100, Loss: 1.7578
Batch 200, Loss: 1.7577
Batch 300, Loss: 1.7579
Epoch 131 learning rate: 0.026603509286971357
Epoch 131 time: 119.2504711151123 seconds
Epoch 131 accuracy: 10.0%
Batch 100, Loss: 1.7578
Batch 200, Loss: 1.7579
Batch 300, Loss: 1.7579
Epoch 132 learning rate: 0.025912316294914244
Epoch 132 time: 119.16334748268127 seconds
Epoch 132 accuracy: 10.0%
Batch 100, Loss: 1.7578
Batch 200, Loss: 1.7578
Batch 300, Loss: 1.7579
Epoch 133 learning rate: 0.025227066578379632
Epoch 133 time: 119.20828747749329 seconds
Epoch 133 accuracy: 10.0%
Batch 100, Loss: 1.7578
Batch 200, Loss: 1.7578
Batch 300, Loss: 1.7579
Epoch 134 learning rate: 0.024547929212481445
Epoch 134 time: 119.21785807609558 seconds
Epoch 134 accuracy: 10.0%
Batch 100, Loss: 1.7578
Batch 200, Loss: 1.7578
Batch 300, Loss: 1.7578
Epoch 135 learning rate: 0.02387507176420257
Epoch 135 time: 119.20585560798645 seconds
Epoch 135 accuracy: 10.0%
Batch 100, Loss: 1.7578
Batch 200, Loss: 1.7578
Batch 300, Loss: 1.7579
Epoch 136 learning rate: 0.023208660251050166
Epoch 136 time: 119.15164518356323 seconds
Epoch 136 accuracy: 10.0%
Batch 100, Loss: 1.7578
Batch 200, Loss: 1.7578
Batch 300, Loss: 1.7578
Epoch 137 learning rate: 0.022548859100093414
Epoch 137 time: 119.15187668800354 seconds
Epoch 137 accuracy: 10.0%
Batch 100, Loss: 1.7577
Batch 200, Loss: 1.7579
Batch 300, Loss: 1.7579
Epoch 138 learning rate: 0.021895831107393474
Epoch 138 time: 119.1868691444397 seconds
Epoch 138 accuracy: 10.0%
Batch 100, Loss: 1.7578
Batch 200, Loss: 1.7578
Batch 300, Loss: 1.7579
Epoch 139 learning rate: 0.02124973739783608
Epoch 139 time: 119.23497581481934 seconds
Epoch 139 accuracy: 10.0%
Batch 100, Loss: 1.7578
Batch 200, Loss: 1.7579
Batch 300, Loss: 1.7578
Epoch 140 learning rate: 0.02061073738537636
Epoch 140 time: 119.16910910606384 seconds
Epoch 140 accuracy: 10.0%
Batch 100, Loss: 1.7578
Batch 200, Loss: 1.7578
Batch 300, Loss: 1.7579
Epoch 141 learning rate: 0.019978988733705814
Epoch 141 time: 119.0779299736023 seconds
Epoch 141 accuracy: 10.0%
Batch 100, Loss: 1.7578
Batch 200, Loss: 1.7578
Batch 300, Loss: 1.7578
Epoch 142 learning rate: 0.01935464731735118
Epoch 142 time: 119.26782393455505 seconds
Epoch 142 accuracy: 10.0%
Batch 100, Loss: 1.7578
Batch 200, Loss: 1.7578
Batch 300, Loss: 1.7578
Epoch 143 learning rate: 0.018737867183214747
Epoch 143 time: 119.27670335769653 seconds
Epoch 143 accuracy: 10.0%
Batch 100, Loss: 1.7578
Batch 200, Loss: 1.7578
Batch 300, Loss: 1.7578
Epoch 144 learning rate: 0.01812880051256552
Epoch 144 time: 119.10612416267395 seconds
Epoch 144 accuracy: 10.0%
Batch 100, Loss: 1.7578
Batch 200, Loss: 1.7578
Batch 300, Loss: 1.7579
Epoch 145 learning rate: 0.017527597583490827
Epoch 145 time: 119.2625105381012 seconds
Epoch 145 accuracy: 10.0%
Batch 100, Loss: 1.7578
Batch 200, Loss: 1.7578
Batch 300, Loss: 1.7578
Epoch 146 learning rate: 0.01693440673381742
Epoch 146 time: 119.37198996543884 seconds
Epoch 146 accuracy: 10.0%
Batch 100, Loss: 1.7578
Batch 200, Loss: 1.7578
Batch 300, Loss: 1.7578
Epoch 147 learning rate: 0.016349374324511334
Epoch 147 time: 119.19787120819092 seconds
Epoch 147 accuracy: 10.0%
Batch 100, Loss: 1.7578
Batch 200, Loss: 1.7578
Batch 300, Loss: 1.7578
Epoch 148 learning rate: 0.01577264470356557
Epoch 148 time: 119.59539461135864 seconds
Epoch 148 accuracy: 10.0%
Batch 100, Loss: 1.7578
Batch 200, Loss: 1.7578
Batch 300, Loss: 1.7579
Epoch 149 learning rate: 0.01520436017038429
Epoch 149 time: 119.27069449424744 seconds
Epoch 149 accuracy: 10.0%
Batch 100, Loss: 1.7577
Batch 200, Loss: 1.7579
Batch 300, Loss: 1.7578
Epoch 150 learning rate: 0.014644660940672632
Epoch 150 time: 119.09150981903076 seconds
Epoch 150 accuracy: 10.0%
Batch 100, Loss: 1.7578
Batch 200, Loss: 1.7578
Batch 300, Loss: 1.7578
Epoch 151 learning rate: 0.01409368511184057
Epoch 151 time: 119.15587425231934 seconds
Epoch 151 accuracy: 10.0%
Batch 100, Loss: 1.7578
Batch 200, Loss: 1.7578
Batch 300, Loss: 1.7578
Epoch 152 learning rate: 0.013551568628929438
Epoch 152 time: 119.21621060371399 seconds
Epoch 152 accuracy: 10.0%
Batch 100, Loss: 1.7578
Batch 200, Loss: 1.7578
Batch 300, Loss: 1.7578
Epoch 153 learning rate: 0.013018445251069516
Epoch 153 time: 119.26795172691345 seconds
Epoch 153 accuracy: 10.0%
Batch 100, Loss: 1.7578
Batch 200, Loss: 1.7578
Batch 300, Loss: 1.7578
Epoch 154 learning rate: 0.012494446518477026
Epoch 154 time: 119.20397877693176 seconds
Epoch 154 accuracy: 10.0%
Batch 100, Loss: 1.7578
Batch 200, Loss: 1.7578
Batch 300, Loss: 1.7578
Epoch 155 learning rate: 0.011979701719998459
Epoch 155 time: 119.1663408279419 seconds
Epoch 155 accuracy: 10.0%
Batch 100, Loss: 1.7578
Batch 200, Loss: 1.7578
Batch 300, Loss: 1.7578
Epoch 156 learning rate: 0.011474337861210548
Epoch 156 time: 119.18805074691772 seconds
Epoch 156 accuracy: 10.0%
Batch 100, Loss: 1.7578
Batch 200, Loss: 1.7578
Batch 300, Loss: 1.7578
Epoch 157 learning rate: 0.010978479633083526
Epoch 157 time: 119.32237219810486 seconds
Epoch 157 accuracy: 10.0%
Batch 100, Loss: 1.7578
Batch 200, Loss: 1.7578
Batch 300, Loss: 1.7578
Epoch 158 learning rate: 0.010492249381215483
Epoch 158 time: 119.19107675552368 seconds
Epoch 158 accuracy: 10.0%
Batch 100, Loss: 1.7578
Batch 200, Loss: 1.7578
Batch 300, Loss: 1.7578
Epoch 159 learning rate: 0.010015767075645474
Epoch 159 time: 119.11333084106445 seconds
Epoch 159 accuracy: 10.0%
Batch 100, Loss: 1.7578
Batch 200, Loss: 1.7578
Batch 300, Loss: 1.7578
Epoch 160 learning rate: 0.009549150281252637
Epoch 160 time: 119.28631782531738 seconds
Epoch 160 accuracy: 10.0%
Batch 100, Loss: 1.7578
Batch 200, Loss: 1.7578
Batch 300, Loss: 1.7578
Epoch 161 learning rate: 0.00909251412874884
Epoch 161 time: 119.28732061386108 seconds
Epoch 161 accuracy: 10.0%
Batch 100, Loss: 1.7578
Batch 200, Loss: 1.7578
Batch 300, Loss: 1.7578
Epoch 162 learning rate: 0.008645971286271918
Epoch 162 time: 119.18524980545044 seconds
Epoch 162 accuracy: 10.0%
Batch 100, Loss: 1.7578
Batch 200, Loss: 1.7578
Batch 300, Loss: 1.7578
Epoch 163 learning rate: 0.008209631931586501
Epoch 163 time: 119.17183256149292 seconds
Epoch 163 accuracy: 10.0%
Batch 100, Loss: 1.7578
Batch 200, Loss: 1.7578
Batch 300, Loss: 1.7578
Epoch 164 learning rate: 0.0077836037248992605
Epoch 164 time: 119.22917342185974 seconds
Epoch 164 accuracy: 10.0%
Batch 100, Loss: 1.7578
Batch 200, Loss: 1.7578
Batch 300, Loss: 1.7578
Epoch 165 learning rate: 0.0073679917822954055
Epoch 165 time: 119.20117044448853 seconds
Epoch 165 accuracy: 10.0%
Batch 100, Loss: 1.7578
Batch 200, Loss: 1.7578
Batch 300, Loss: 1.7578
Epoch 166 learning rate: 0.006962898649802815
Epoch 166 time: 119.15170884132385 seconds
Epoch 166 accuracy: 10.0%
Batch 100, Loss: 1.7578
Batch 200, Loss: 1.7578
Batch 300, Loss: 1.7578
Epoch 167 learning rate: 0.006568424278090438
Epoch 167 time: 119.26272487640381 seconds
Epoch 167 accuracy: 10.0%
Batch 100, Loss: 1.7578
Batch 200, Loss: 1.7578
Batch 300, Loss: 1.7578
Epoch 168 learning rate: 0.006184665997806824
Epoch 168 time: 119.16495442390442 seconds
Epoch 168 accuracy: 10.0%
Batch 100, Loss: 1.7578
Batch 200, Loss: 1.7578
Batch 300, Loss: 1.7578
Epoch 169 learning rate: 0.00581171849556533
Epoch 169 time: 119.14089775085449 seconds
Epoch 169 accuracy: 10.0%
Batch 100, Loss: 1.7578
Batch 200, Loss: 1.7578
Batch 300, Loss: 1.7578
Epoch 170 learning rate: 0.0054496737905816136
Epoch 170 time: 119.12168264389038 seconds
Epoch 170 accuracy: 10.0%
Batch 100, Loss: 1.7578
Batch 200, Loss: 1.7578
Batch 300, Loss: 1.7578
Epoch 171 learning rate: 0.005098621211969226
Epoch 171 time: 119.07783460617065 seconds
Epoch 171 accuracy: 10.0%
Batch 100, Loss: 1.7578
Batch 200, Loss: 1.7578
Batch 300, Loss: 1.7578
Epoch 172 learning rate: 0.004758647376699035
Epoch 172 time: 119.22726678848267 seconds
Epoch 172 accuracy: 10.0%
Batch 100, Loss: 1.7578
Batch 200, Loss: 1.7578
Batch 300, Loss: 1.7578
Epoch 173 learning rate: 0.00442983616822775
Epoch 173 time: 119.29186725616455 seconds
Epoch 173 accuracy: 10.0%
Batch 100, Loss: 1.7578
Batch 200, Loss: 1.7578
Batch 300, Loss: 1.7578
Epoch 174 learning rate: 0.004112268715800957
Epoch 174 time: 119.09456896781921 seconds
Epoch 174 accuracy: 10.0%
Batch 100, Loss: 1.7578
Batch 200, Loss: 1.7578
Batch 300, Loss: 1.7578
Epoch 175 learning rate: 0.003806023374435677
Epoch 175 time: 119.12964177131653 seconds
Epoch 175 accuracy: 10.0%
Batch 100, Loss: 1.7578
Batch 200, Loss: 1.7578
Batch 300, Loss: 1.7578
Epoch 176 learning rate: 0.003511175705587435
Epoch 176 time: 119.11719727516174 seconds
Epoch 176 accuracy: 10.0%
Batch 100, Loss: 1.7578
Batch 200, Loss: 1.7578
Batch 300, Loss: 1.7578
Epoch 177 learning rate: 0.0032277984585066333
Epoch 177 time: 119.0448317527771 seconds
Epoch 177 accuracy: 10.0%
Batch 100, Loss: 1.7578
Batch 200, Loss: 1.7578
Batch 300, Loss: 1.7578
Epoch 178 learning rate: 0.002955961552288729
Epoch 178 time: 119.29887795448303 seconds
Epoch 178 accuracy: 10.0%
Batch 100, Loss: 1.7578
Batch 200, Loss: 1.7578
Batch 300, Loss: 1.7578
Epoch 179 learning rate: 0.0026957320586227366
Epoch 179 time: 119.25046467781067 seconds
Epoch 179 accuracy: 10.0%
Batch 100, Loss: 1.7578
Batch 200, Loss: 1.7578
Batch 300, Loss: 1.7578
Epoch 180 learning rate: 0.002447174185242325
Epoch 180 time: 119.28070831298828 seconds
Epoch 180 accuracy: 10.0%
Batch 100, Loss: 1.7578
Batch 200, Loss: 1.7578
Batch 300, Loss: 1.7578
Epoch 181 learning rate: 0.0022103492600834954
Epoch 181 time: 119.13337469100952 seconds
Epoch 181 accuracy: 10.0%
Batch 100, Loss: 1.7578
Batch 200, Loss: 1.7578
Batch 300, Loss: 1.7578
Epoch 182 learning rate: 0.0019853157161528537
Epoch 182 time: 119.2317283153534 seconds
Epoch 182 accuracy: 10.0%
Batch 100, Loss: 1.7578
Batch 200, Loss: 1.7578
Batch 300, Loss: 1.7578
Epoch 183 learning rate: 0.001772129077110103
Epoch 183 time: 119.26805186271667 seconds
Epoch 183 accuracy: 10.0%
Batch 100, Loss: 1.7578
Batch 200, Loss: 1.7578
Batch 300, Loss: 1.7578
Epoch 184 learning rate: 0.0015708419435684529
Epoch 184 time: 119.15921330451965 seconds
Epoch 184 accuracy: 10.0%
Batch 100, Loss: 1.7578
Batch 200, Loss: 1.7578
Batch 300, Loss: 1.7578
Epoch 185 learning rate: 0.0013815039801161732
Epoch 185 time: 119.20231866836548 seconds
Epoch 185 accuracy: 10.0%
Batch 100, Loss: 1.7578
Batch 200, Loss: 1.7578
Batch 300, Loss: 1.7578
Epoch 186 learning rate: 0.0012041619030626347
Epoch 186 time: 119.16801428794861 seconds
Epoch 186 accuracy: 10.0%
Batch 100, Loss: 1.7578
Batch 200, Loss: 1.7578
Batch 300, Loss: 1.7578
Epoch 187 learning rate: 0.0010388594689117077
Epoch 187 time: 119.17868447303772 seconds
Epoch 187 accuracy: 10.0%
Batch 100, Loss: 1.7578
Batch 200, Loss: 1.7578
Batch 300, Loss: 1.7578
Epoch 188 learning rate: 0.0008856374635655645
Epoch 188 time: 119.1734070777893 seconds
Epoch 188 accuracy: 10.0%
Batch 100, Loss: 1.7578
Batch 200, Loss: 1.7578
Batch 300, Loss: 1.7578
Epoch 189 learning rate: 0.000744533692261307
Epoch 189 time: 119.28390717506409 seconds
Epoch 189 accuracy: 10.0%
Batch 100, Loss: 1.7578
Batch 200, Loss: 1.7578
Batch 300, Loss: 1.7578
Epoch 190 learning rate: 0.0006155829702431174
Epoch 190 time: 119.28523254394531 seconds
Epoch 190 accuracy: 10.0%
Batch 100, Loss: 1.7578
Batch 200, Loss: 1.7578
Batch 300, Loss: 1.7578
Epoch 191 learning rate: 0.0004988171141721235
Epoch 191 time: 119.1346230506897 seconds
Epoch 191 accuracy: 10.0%
Batch 100, Loss: 1.7578
Batch 200, Loss: 1.7578
Batch 300, Loss: 1.7578
Epoch 192 learning rate: 0.00039426493427611206
Epoch 192 time: 119.05470371246338 seconds
Epoch 192 accuracy: 10.0%
Batch 100, Loss: 1.7578
Batch 200, Loss: 1.7578
Batch 300, Loss: 1.7578
Epoch 193 learning rate: 0.00030195222724102046
Epoch 193 time: 119.24917674064636 seconds
Epoch 193 accuracy: 10.0%
Batch 100, Loss: 1.7578
Batch 200, Loss: 1.7578
Batch 300, Loss: 1.7578
Epoch 194 learning rate: 0.00022190176984600036
Epoch 194 time: 119.11047196388245 seconds
Epoch 194 accuracy: 10.0%
Batch 100, Loss: 1.7578
Batch 200, Loss: 1.7578
Batch 300, Loss: 1.7578
Epoch 195 learning rate: 0.00015413331334360192
Epoch 195 time: 118.96928334236145 seconds
Epoch 195 accuracy: 10.0%
Batch 100, Loss: 1.7578
Batch 200, Loss: 1.7578
Batch 300, Loss: 1.7578
Epoch 196 learning rate: 9.866357858642213e-05
Epoch 196 time: 119.38149690628052 seconds
Epoch 196 accuracy: 10.0%
Batch 100, Loss: 1.7578
Batch 200, Loss: 1.7578
Batch 300, Loss: 1.7578
Epoch 197 learning rate: 5.5506251901504864e-05
Epoch 197 time: 119.13599610328674 seconds
Epoch 197 accuracy: 10.0%
Batch 100, Loss: 1.7578
Batch 200, Loss: 1.7578
Batch 300, Loss: 1.7578
Epoch 198 learning rate: 2.4671981713420017e-05
Epoch 198 time: 119.1227719783783 seconds
Epoch 198 accuracy: 10.0%
Batch 100, Loss: 1.7578
Batch 200, Loss: 1.7578
Batch 300, Loss: 1.7578
Epoch 199 learning rate: 6.168375916970619e-06
Epoch 199 time: 119.19339203834534 seconds
Epoch 199 accuracy: 10.0%
Batch 100, Loss: 1.7578
Batch 200, Loss: 1.7578
Batch 300, Loss: 1.7578
Epoch 200 learning rate: 0.0
Epoch 200 time: 119.27735137939453 seconds
Epoch 200 accuracy: 10.0%
Total training time: 23850.153357982635 seconds
