The following modules were not unloaded:
  (Use "module --force purge" to unload all):

  1) CCconfig        6)  ucx/1.14.1         11) flexiblas/3.3.1
  2) gentoo/2023     7)  libfabric/1.18.0   12) imkl/2023.2.0
  3) gcccore/.12.3   8)  pmix/4.2.4         13) StdEnv/2023
  4) gcc/12.3        9)  ucc/1.2.0
  5) hwloc/2.9.1     10) openmpi/4.1.5
/project/6070520/tkleinkn/Vanilla-GAM/main_cifar.py:187: UserWarning: You have chosen a specific GPU. This will completely disable data parallelism.
  warnings.warn('You have chosen a specific GPU. This will completely '
model name space ['resnet101_c', 'resnet152_c', 'resnet18_c', 'resnet34_c', 'resnet50_c']
Use GPU: 0 for training
=> creating model 'resnet18_c'
Files already downloaded and verified
Files already downloaded and verified
tensorboard dir ./results/CIFAR100/GNOM
Using Gradient-Norm Only Minimization (GNOM)
/home/tkleinkn/GAMtest/lib/python3.11/site-packages/torch/autograd/graph.py:744: UserWarning: Using backward() with create_graph=True will create a reference cycle between the parameter and its gradient which can cause a memory leak. We recommend using autograd.grad when creating the graph to avoid this. If you have to use this function, make sure to reset the .grad fields of your parameters to None after use to break the cycle and avoid the leak. (Triggered internally at /home/coulombc/wheels_builder/tmp.2617/python-3.11/torch/torch/csrc/autograd/engine.cpp:1203.)
  return Variable._execution_engine.run_backward(  # Calls into the C++ engine to run the backward pass
Batch 100, Loss: 1008.8497
Batch 200, Loss: 87.1933
Batch 300, Loss: 48.4477
Epoch 1 learning rate: 0.09999383162408304
Epoch 1 time: 128.01773738861084 seconds
Epoch 1 accuracy: 0.95%
Batch 100, Loss: 24.5896
Batch 200, Loss: 20.3662
Batch 300, Loss: 13.7264
Epoch 2 learning rate: 0.09997532801828658
Epoch 2 time: 119.07102227210999 seconds
Epoch 2 accuracy: 1.03%
Batch 100, Loss: 6.8636
Batch 200, Loss: 5.6404
Batch 300, Loss: 4.7040
Epoch 3 learning rate: 0.09994449374809851
Epoch 3 time: 119.01146197319031 seconds
Epoch 3 accuracy: 1.13%
Batch 100, Loss: 4.6075
Batch 200, Loss: 4.5400
Batch 300, Loss: 4.1914
Epoch 4 learning rate: 0.09990133642141359
Epoch 4 time: 119.15603876113892 seconds
Epoch 4 accuracy: 1.08%
Batch 100, Loss: 3.9717
Batch 200, Loss: 3.9012
Batch 300, Loss: 3.8719
Epoch 5 learning rate: 0.09984586668665642
Epoch 5 time: 119.0223331451416 seconds
Epoch 5 accuracy: 1.11%
Batch 100, Loss: 3.8718
Batch 200, Loss: 3.8555
Batch 300, Loss: 3.8402
Epoch 6 learning rate: 0.09977809823015402
Epoch 6 time: 119.04803919792175 seconds
Epoch 6 accuracy: 1.13%
Batch 100, Loss: 3.8396
Batch 200, Loss: 3.8441
Batch 300, Loss: 3.8415
Epoch 7 learning rate: 0.09969804777275901
Epoch 7 time: 118.99387621879578 seconds
Epoch 7 accuracy: 1.13%
Batch 100, Loss: 3.8365
Batch 200, Loss: 3.8321
Batch 300, Loss: 3.8355
Epoch 8 learning rate: 0.09960573506572391
Epoch 8 time: 118.95894241333008 seconds
Epoch 8 accuracy: 1.13%
Batch 100, Loss: 3.8311
Batch 200, Loss: 3.8302
Batch 300, Loss: 3.8297
Epoch 9 learning rate: 0.09950118288582789
Epoch 9 time: 118.95273303985596 seconds
Epoch 9 accuracy: 1.12%
Batch 100, Loss: 3.8261
Batch 200, Loss: 3.8277
Batch 300, Loss: 3.8254
Epoch 10 learning rate: 0.09938441702975691
Epoch 10 time: 118.9738085269928 seconds
Epoch 10 accuracy: 1.11%
Batch 100, Loss: 3.8249
Batch 200, Loss: 3.8238
Batch 300, Loss: 3.8230
Epoch 11 learning rate: 0.09925546630773871
Epoch 11 time: 118.90883111953735 seconds
Epoch 11 accuracy: 1.09%
Batch 100, Loss: 3.8240
Batch 200, Loss: 3.8223
Batch 300, Loss: 3.8244
Epoch 12 learning rate: 0.09911436253643445
Epoch 12 time: 118.91207361221313 seconds
Epoch 12 accuracy: 1.05%
Batch 100, Loss: 3.8220
Batch 200, Loss: 3.8227
Batch 300, Loss: 3.8221
Epoch 13 learning rate: 0.0989611405310883
Epoch 13 time: 118.93768858909607 seconds
Epoch 13 accuracy: 1.07%
Batch 100, Loss: 3.8211
Batch 200, Loss: 3.8222
Batch 300, Loss: 3.8212
Epoch 14 learning rate: 0.09879583809693739
Epoch 14 time: 118.93817639350891 seconds
Epoch 14 accuracy: 1.07%
Batch 100, Loss: 3.8215
Batch 200, Loss: 3.8209
Batch 300, Loss: 3.8212
Epoch 15 learning rate: 0.09861849601988384
Epoch 15 time: 118.90192008018494 seconds
Epoch 15 accuracy: 0.99%
Batch 100, Loss: 3.8208
Batch 200, Loss: 3.8206
Batch 300, Loss: 3.8212
Epoch 16 learning rate: 0.09842915805643157
Epoch 16 time: 118.96469306945801 seconds
Epoch 16 accuracy: 1.0%
Batch 100, Loss: 3.8211
Batch 200, Loss: 3.8205
Batch 300, Loss: 3.8207
Epoch 17 learning rate: 0.09822787092288993
Epoch 17 time: 118.92306208610535 seconds
Epoch 17 accuracy: 0.99%
Batch 100, Loss: 3.8207
Batch 200, Loss: 3.8206
Batch 300, Loss: 3.8210
Epoch 18 learning rate: 0.09801468428384717
Epoch 18 time: 118.99782967567444 seconds
Epoch 18 accuracy: 1.0%
Batch 100, Loss: 3.8209
Batch 200, Loss: 3.8207
Batch 300, Loss: 3.8204
Epoch 19 learning rate: 0.09778965073991652
Epoch 19 time: 118.88549709320068 seconds
Epoch 19 accuracy: 1.0%
Batch 100, Loss: 3.8206
Batch 200, Loss: 3.8207
Batch 300, Loss: 3.8206
Epoch 20 learning rate: 0.0975528258147577
Epoch 20 time: 118.90421271324158 seconds
Epoch 20 accuracy: 1.0%
Batch 100, Loss: 3.8204
Batch 200, Loss: 3.8208
Batch 300, Loss: 3.8207
Epoch 21 learning rate: 0.09730426794137728
Epoch 21 time: 118.91961574554443 seconds
Epoch 21 accuracy: 1.0%
Batch 100, Loss: 3.8206
Batch 200, Loss: 3.8207
Batch 300, Loss: 3.8207
Epoch 22 learning rate: 0.09704403844771128
Epoch 22 time: 119.01792550086975 seconds
Epoch 22 accuracy: 1.0%
Batch 100, Loss: 3.8206
Batch 200, Loss: 3.8207
Batch 300, Loss: 3.8206
Epoch 23 learning rate: 0.09677220154149338
Epoch 23 time: 118.90879082679749 seconds
Epoch 23 accuracy: 1.0%
Batch 100, Loss: 3.8206
Batch 200, Loss: 3.8206
Batch 300, Loss: 3.8206
Epoch 24 learning rate: 0.09648882429441258
Epoch 24 time: 118.91975498199463 seconds
Epoch 24 accuracy: 1.0%
Batch 100, Loss: 3.8206
Batch 200, Loss: 3.8206
Batch 300, Loss: 3.8206
Epoch 25 learning rate: 0.09619397662556435
Epoch 25 time: 118.92523574829102 seconds
Epoch 25 accuracy: 1.0%
Batch 100, Loss: 3.8206
Batch 200, Loss: 3.8206
Batch 300, Loss: 3.8206
Epoch 26 learning rate: 0.09588773128419906
Epoch 26 time: 118.94601368904114 seconds
Epoch 26 accuracy: 1.0%
Batch 100, Loss: 3.8206
Batch 200, Loss: 3.8206
Batch 300, Loss: 3.8206
Epoch 27 learning rate: 0.09557016383177226
Epoch 27 time: 118.93674826622009 seconds
Epoch 27 accuracy: 1.0%
Batch 100, Loss: 3.8206
Batch 200, Loss: 3.8206
Batch 300, Loss: 3.8206
Epoch 28 learning rate: 0.09524135262330098
Epoch 28 time: 118.9272198677063 seconds
Epoch 28 accuracy: 1.0%
Batch 100, Loss: 3.8206
Batch 200, Loss: 3.8206
Batch 300, Loss: 3.8206
Epoch 29 learning rate: 0.09490137878803079
Epoch 29 time: 118.93226599693298 seconds
Epoch 29 accuracy: 1.0%
Batch 100, Loss: 3.8206
Batch 200, Loss: 3.8206
Batch 300, Loss: 3.8206
Epoch 30 learning rate: 0.0945503262094184
Epoch 30 time: 118.8849184513092 seconds
Epoch 30 accuracy: 1.0%
Batch 100, Loss: 3.8206
Batch 200, Loss: 3.8206
Batch 300, Loss: 3.8206
Epoch 31 learning rate: 0.0941882815044347
Epoch 31 time: 118.91876459121704 seconds
Epoch 31 accuracy: 1.0%
Batch 100, Loss: 3.8206
Batch 200, Loss: 3.8206
Batch 300, Loss: 3.8206
Epoch 32 learning rate: 0.09381533400219319
Epoch 32 time: 118.88384413719177 seconds
Epoch 32 accuracy: 1.0%
Batch 100, Loss: 3.8206
Batch 200, Loss: 3.8206
Batch 300, Loss: 3.8206
Epoch 33 learning rate: 0.09343157572190958
Epoch 33 time: 118.91526222229004 seconds
Epoch 33 accuracy: 1.0%
Batch 100, Loss: 3.8206
Batch 200, Loss: 3.8206
Batch 300, Loss: 3.8206
Epoch 34 learning rate: 0.0930371013501972
Epoch 34 time: 118.92916750907898 seconds
Epoch 34 accuracy: 1.0%
Batch 100, Loss: 3.8206
Batch 200, Loss: 3.8206
Batch 300, Loss: 3.8206
Epoch 35 learning rate: 0.09263200821770463
Epoch 35 time: 118.87798190116882 seconds
Epoch 35 accuracy: 1.0%
Batch 100, Loss: 3.8206
Batch 200, Loss: 3.8206
Batch 300, Loss: 3.8206
Epoch 36 learning rate: 0.09221639627510078
Epoch 36 time: 118.94176602363586 seconds
Epoch 36 accuracy: 0.99%
Batch 100, Loss: 3.8206
Batch 200, Loss: 3.8206
Batch 300, Loss: 3.8206
Epoch 37 learning rate: 0.09179036806841355
Epoch 37 time: 118.93339729309082 seconds
Epoch 37 accuracy: 0.98%
Batch 100, Loss: 3.8206
Batch 200, Loss: 3.8206
Batch 300, Loss: 3.8206
Epoch 38 learning rate: 0.09135402871372812
Epoch 38 time: 118.89530086517334 seconds
Epoch 38 accuracy: 0.97%
Batch 100, Loss: 3.8206
Batch 200, Loss: 3.8206
Batch 300, Loss: 3.8206
Epoch 39 learning rate: 0.0909074858712512
Epoch 39 time: 118.90040254592896 seconds
Epoch 39 accuracy: 0.98%
Batch 100, Loss: 3.8206
Batch 200, Loss: 3.8206
Batch 300, Loss: 3.8206
Epoch 40 learning rate: 0.09045084971874741
Epoch 40 time: 118.91258382797241 seconds
Epoch 40 accuracy: 0.99%
Batch 100, Loss: 3.8206
Batch 200, Loss: 3.8206
Batch 300, Loss: 3.8206
Epoch 41 learning rate: 0.08998423292435458
Epoch 41 time: 118.85001230239868 seconds
Epoch 41 accuracy: 0.95%
Batch 100, Loss: 3.8206
Batch 200, Loss: 3.8206
Batch 300, Loss: 3.8206
Epoch 42 learning rate: 0.08950775061878455
Epoch 42 time: 118.88308787345886 seconds
Epoch 42 accuracy: 1.07%
Batch 100, Loss: 3.8206
Batch 200, Loss: 3.8206
Batch 300, Loss: 3.8206
Epoch 43 learning rate: 0.08902152036691653
Epoch 43 time: 118.8889708518982 seconds
Epoch 43 accuracy: 1.07%
Batch 100, Loss: 3.8206
Batch 200, Loss: 3.8206
Batch 300, Loss: 3.8206
Epoch 44 learning rate: 0.08852566213878951
Epoch 44 time: 118.90754723548889 seconds
Epoch 44 accuracy: 1.31%
Batch 100, Loss: 3.8206
Batch 200, Loss: 3.8206
Batch 300, Loss: 3.8206
Epoch 45 learning rate: 0.0880202982800016
Epoch 45 time: 118.89702701568604 seconds
Epoch 45 accuracy: 1.0%
Batch 100, Loss: 3.8206
Batch 200, Loss: 3.8206
Batch 300, Loss: 3.8206
Epoch 46 learning rate: 0.08750555348152303
Epoch 46 time: 118.87228393554688 seconds
Epoch 46 accuracy: 1.0%
Batch 100, Loss: 3.8206
Batch 200, Loss: 3.8206
Batch 300, Loss: 3.8206
Epoch 47 learning rate: 0.08698155474893052
Epoch 47 time: 118.91662168502808 seconds
Epoch 47 accuracy: 1.0%
Batch 100, Loss: 3.8206
Batch 200, Loss: 3.8206
Batch 300, Loss: 3.8206
Epoch 48 learning rate: 0.08644843137107061
Epoch 48 time: 118.89318490028381 seconds
Epoch 48 accuracy: 1.0%
Batch 100, Loss: 3.8206
Batch 200, Loss: 3.8206
Batch 300, Loss: 3.8206
Epoch 49 learning rate: 0.08590631488815947
Epoch 49 time: 118.89869713783264 seconds
Epoch 49 accuracy: 1.0%
Batch 100, Loss: 3.8206
Batch 200, Loss: 3.8206
Batch 300, Loss: 3.8206
Epoch 50 learning rate: 0.0853553390593274
Epoch 50 time: 118.86552286148071 seconds
Epoch 50 accuracy: 1.0%
Batch 100, Loss: 3.8206
Batch 200, Loss: 3.8206
Batch 300, Loss: 3.8206
Epoch 51 learning rate: 0.08479563982961574
Epoch 51 time: 118.9188814163208 seconds
Epoch 51 accuracy: 1.0%
Batch 100, Loss: 3.8206
Batch 200, Loss: 3.8206
Batch 300, Loss: 3.8206
Epoch 52 learning rate: 0.08422735529643446
Epoch 52 time: 118.98672604560852 seconds
Epoch 52 accuracy: 1.0%
Batch 100, Loss: 3.8206
Batch 200, Loss: 3.8206
Batch 300, Loss: 3.8206
Epoch 53 learning rate: 0.08365062567548869
Epoch 53 time: 118.87506699562073 seconds
Epoch 53 accuracy: 1.0%
Batch 100, Loss: 3.8206
Batch 200, Loss: 3.8206
Batch 300, Loss: 3.8206
Epoch 54 learning rate: 0.08306559326618261
Epoch 54 time: 118.89324808120728 seconds
Epoch 54 accuracy: 1.0%
Batch 100, Loss: 3.8206
Batch 200, Loss: 3.8206
Batch 300, Loss: 3.8206
Epoch 55 learning rate: 0.0824724024165092
Epoch 55 time: 118.90798115730286 seconds
Epoch 55 accuracy: 1.0%
Batch 100, Loss: 3.8206
Batch 200, Loss: 3.8206
Batch 300, Loss: 3.8206
Epoch 56 learning rate: 0.0818711994874345
Epoch 56 time: 118.89443778991699 seconds
Epoch 56 accuracy: 1.0%
Batch 100, Loss: 3.8206
Batch 200, Loss: 3.8206
Batch 300, Loss: 3.8206
Epoch 57 learning rate: 0.08126213281678528
Epoch 57 time: 118.92049264907837 seconds
Epoch 57 accuracy: 1.0%
Batch 100, Loss: 3.8206
Batch 200, Loss: 3.8206
Batch 300, Loss: 3.8206
Epoch 58 learning rate: 0.08064535268264884
Epoch 58 time: 118.85922932624817 seconds
Epoch 58 accuracy: 1.0%
Batch 100, Loss: 3.8206
Batch 200, Loss: 3.8206
Batch 300, Loss: 3.8206
Epoch 59 learning rate: 0.08002101126629421
Epoch 59 time: 118.84804654121399 seconds
Epoch 59 accuracy: 1.0%
Batch 100, Loss: 3.8206
Batch 200, Loss: 3.8206
Batch 300, Loss: 3.8206
Epoch 60 learning rate: 0.07938926261462367
Epoch 60 time: 119.02841591835022 seconds
Epoch 60 accuracy: 1.0%
Batch 100, Loss: 3.8206
Batch 200, Loss: 3.8206
Batch 300, Loss: 3.8206
Epoch 61 learning rate: 0.07875026260216395
Epoch 61 time: 118.91030645370483 seconds
Epoch 61 accuracy: 1.0%
Batch 100, Loss: 3.8206
Batch 200, Loss: 3.8206
Batch 300, Loss: 3.8206
Epoch 62 learning rate: 0.07810416889260656
Epoch 62 time: 118.91114950180054 seconds
Epoch 62 accuracy: 1.0%
Batch 100, Loss: 3.8206
Batch 200, Loss: 3.8206
Batch 300, Loss: 3.8206
Epoch 63 learning rate: 0.07745114089990661
Epoch 63 time: 118.9276921749115 seconds
Epoch 63 accuracy: 1.0%
Batch 100, Loss: 3.8206
Batch 200, Loss: 3.8206
Batch 300, Loss: 3.8206
Epoch 64 learning rate: 0.07679133974894985
Epoch 64 time: 118.97221159934998 seconds
Epoch 64 accuracy: 1.0%
Batch 100, Loss: 3.8206
Batch 200, Loss: 3.8206
Batch 300, Loss: 3.8206
Epoch 65 learning rate: 0.07612492823579746
Epoch 65 time: 119.0259644985199 seconds
Epoch 65 accuracy: 1.0%
Batch 100, Loss: 3.8206
Batch 200, Loss: 3.8206
Batch 300, Loss: 3.8206
Epoch 66 learning rate: 0.07545207078751859
Epoch 66 time: 118.92852544784546 seconds
Epoch 66 accuracy: 1.0%
Batch 100, Loss: 3.8206
Batch 200, Loss: 3.8206
Batch 300, Loss: 3.8206
Epoch 67 learning rate: 0.0747729334216204
Epoch 67 time: 118.86996555328369 seconds
Epoch 67 accuracy: 1.0%
Batch 100, Loss: 3.8206
Batch 200, Loss: 3.8206
Batch 300, Loss: 3.8206
Epoch 68 learning rate: 0.07408768370508578
Epoch 68 time: 118.85353589057922 seconds
Epoch 68 accuracy: 1.0%
Batch 100, Loss: 3.8206
Batch 200, Loss: 3.8206
Batch 300, Loss: 3.8206
Epoch 69 learning rate: 0.0733964907130287
Epoch 69 time: 118.94505453109741 seconds
Epoch 69 accuracy: 1.0%
Batch 100, Loss: 3.8206
Batch 200, Loss: 3.8206
Batch 300, Loss: 3.8206
Epoch 70 learning rate: 0.07269952498697736
Epoch 70 time: 118.86920285224915 seconds
Epoch 70 accuracy: 1.0%
Batch 100, Loss: 3.8206
Batch 200, Loss: 3.8206
Batch 300, Loss: 3.8206
Epoch 71 learning rate: 0.07199695849279578
Epoch 71 time: 118.93067264556885 seconds
Epoch 71 accuracy: 1.0%
Batch 100, Loss: 3.8206
Batch 200, Loss: 3.8206
Batch 300, Loss: 3.8206
Epoch 72 learning rate: 0.07128896457825366
Epoch 72 time: 118.91030716896057 seconds
Epoch 72 accuracy: 1.0%
Batch 100, Loss: 3.8206
Batch 200, Loss: 3.8206
Batch 300, Loss: 3.8206
Epoch 73 learning rate: 0.07057571793025548
Epoch 73 time: 118.87566924095154 seconds
Epoch 73 accuracy: 1.0%
Batch 100, Loss: 3.8206
Batch 200, Loss: 3.8206
Batch 300, Loss: 3.8206
Epoch 74 learning rate: 0.06985739453173906
Epoch 74 time: 118.90107989311218 seconds
Epoch 74 accuracy: 1.0%
Batch 100, Loss: 3.8206
Batch 200, Loss: 3.8206
Batch 300, Loss: 3.8206
Epoch 75 learning rate: 0.06913417161825453
Epoch 75 time: 118.93476223945618 seconds
Epoch 75 accuracy: 1.0%
Batch 100, Loss: 3.8206
Batch 200, Loss: 3.8206
Batch 300, Loss: 3.8206
Epoch 76 learning rate: 0.06840622763423394
Epoch 76 time: 118.88223385810852 seconds
Epoch 76 accuracy: 1.0%
Batch 100, Loss: 3.8206
Batch 200, Loss: 3.8206
Batch 300, Loss: 3.8206
Epoch 77 learning rate: 0.0676737421889629
Epoch 77 time: 118.86713480949402 seconds
Epoch 77 accuracy: 1.0%
Batch 100, Loss: 3.8206
Batch 200, Loss: 3.8206
Batch 300, Loss: 3.8206
Epoch 78 learning rate: 0.06693689601226462
Epoch 78 time: 118.89064288139343 seconds
Epoch 78 accuracy: 1.0%
Batch 100, Loss: 3.8206
Batch 200, Loss: 3.8206
Batch 300, Loss: 3.8206
Epoch 79 learning rate: 0.06619587090990751
Epoch 79 time: 118.9245297908783 seconds
Epoch 79 accuracy: 1.0%
Batch 100, Loss: 3.8206
Batch 200, Loss: 3.8206
Batch 300, Loss: 3.8206
Epoch 80 learning rate: 0.06545084971874741
Epoch 80 time: 118.96441578865051 seconds
Epoch 80 accuracy: 1.0%
Batch 100, Loss: 3.8206
Batch 200, Loss: 3.8206
Batch 300, Loss: 3.8206
Epoch 81 learning rate: 0.06470201626161524
Epoch 81 time: 118.93412470817566 seconds
Epoch 81 accuracy: 1.0%
Batch 100, Loss: 3.8206
Batch 200, Loss: 3.8206
Batch 300, Loss: 3.8206
Epoch 82 learning rate: 0.06394955530196152
Epoch 82 time: 119.05584049224854 seconds
Epoch 82 accuracy: 1.0%
Batch 100, Loss: 3.8206
Batch 200, Loss: 3.8206
Batch 300, Loss: 3.8206
Epoch 83 learning rate: 0.06319365249826868
Epoch 83 time: 118.9040138721466 seconds
Epoch 83 accuracy: 1.0%
Batch 100, Loss: 3.8206
Batch 200, Loss: 3.8206
Batch 300, Loss: 3.8206
Epoch 84 learning rate: 0.06243449435824277
Epoch 84 time: 118.94874262809753 seconds
Epoch 84 accuracy: 1.0%
Batch 100, Loss: 3.8206
Batch 200, Loss: 3.8206
Batch 300, Loss: 3.8206
Epoch 85 learning rate: 0.06167226819279532
Epoch 85 time: 118.90843486785889 seconds
Epoch 85 accuracy: 1.0%
Batch 100, Loss: 3.8206
Batch 200, Loss: 3.8206
Batch 300, Loss: 3.8206
Epoch 86 learning rate: 0.06090716206982718
Epoch 86 time: 118.92357087135315 seconds
Epoch 86 accuracy: 1.0%
Batch 100, Loss: 3.8206
Batch 200, Loss: 3.8206
Batch 300, Loss: 3.8206
Epoch 87 learning rate: 0.06013936476782568
Epoch 87 time: 118.92818880081177 seconds
Epoch 87 accuracy: 1.0%
Batch 100, Loss: 3.8206
Batch 200, Loss: 3.8206
Batch 300, Loss: 3.8206
Epoch 88 learning rate: 0.05936906572928629
Epoch 88 time: 118.93131709098816 seconds
Epoch 88 accuracy: 1.0%
Batch 100, Loss: 3.8206
Batch 200, Loss: 3.8206
Batch 300, Loss: 3.8206
Epoch 89 learning rate: 0.05859645501397052
Epoch 89 time: 118.89988851547241 seconds
Epoch 89 accuracy: 1.0%
Batch 100, Loss: 3.8206
Batch 200, Loss: 3.8206
Batch 300, Loss: 3.8206
Epoch 90 learning rate: 0.05782172325201159
Epoch 90 time: 118.95883107185364 seconds
Epoch 90 accuracy: 1.0%
Batch 100, Loss: 3.8206
Batch 200, Loss: 3.8206
Batch 300, Loss: 3.8206
Epoch 91 learning rate: 0.057045061596879186
Epoch 91 time: 118.9325499534607 seconds
Epoch 91 accuracy: 1.0%
Batch 100, Loss: 3.8206
Batch 200, Loss: 3.8206
Batch 300, Loss: 3.8206
Epoch 92 learning rate: 0.056266661678215264
Epoch 92 time: 118.9194028377533 seconds
Epoch 92 accuracy: 1.0%
Batch 100, Loss: 3.8206
Batch 200, Loss: 3.8206
Batch 300, Loss: 3.8206
Epoch 93 learning rate: 0.055486715554552306
Epoch 93 time: 118.9130187034607 seconds
Epoch 93 accuracy: 1.0%
Batch 100, Loss: 3.8206
Batch 200, Loss: 3.8206
Batch 300, Loss: 3.8206
Epoch 94 learning rate: 0.05470541566592575
Epoch 94 time: 118.86039447784424 seconds
Epoch 94 accuracy: 1.0%
Batch 100, Loss: 3.8206
Batch 200, Loss: 3.8206
Batch 300, Loss: 3.8206
Epoch 95 learning rate: 0.05392295478639229
Epoch 95 time: 118.82463502883911 seconds
Epoch 95 accuracy: 1.0%
Batch 100, Loss: 3.8206
Batch 200, Loss: 3.8206
Batch 300, Loss: 3.8206
Epoch 96 learning rate: 0.05313952597646571
Epoch 96 time: 118.91242623329163 seconds
Epoch 96 accuracy: 1.0%
Batch 100, Loss: 3.8206
Batch 200, Loss: 3.8206
Batch 300, Loss: 3.8206
Epoch 97 learning rate: 0.05235532253548216
Epoch 97 time: 118.95567727088928 seconds
Epoch 97 accuracy: 1.0%
Batch 100, Loss: 3.8206
Batch 200, Loss: 3.8206
Batch 300, Loss: 3.8206
Epoch 98 learning rate: 0.051570537953906447
Epoch 98 time: 118.93601632118225 seconds
Epoch 98 accuracy: 1.0%
Batch 100, Loss: 3.8206
Batch 200, Loss: 3.8206
Batch 300, Loss: 3.8206
Epoch 99 learning rate: 0.05078536586559106
Epoch 99 time: 118.9133620262146 seconds
Epoch 99 accuracy: 1.0%
Batch 100, Loss: 3.8206
Batch 200, Loss: 3.8206
Batch 300, Loss: 3.8206
Epoch 100 learning rate: 0.050000000000000024
Epoch 100 time: 118.86302471160889 seconds
Epoch 100 accuracy: 1.0%
Batch 100, Loss: 3.8206
Batch 200, Loss: 3.8206
Batch 300, Loss: 3.8206
Epoch 101 learning rate: 0.049214634134409
Epoch 101 time: 118.88973140716553 seconds
Epoch 101 accuracy: 1.0%
Batch 100, Loss: 3.8206
Batch 200, Loss: 3.8206
Batch 300, Loss: 3.8206
Epoch 102 learning rate: 0.04842946204609361
Epoch 102 time: 118.94009494781494 seconds
Epoch 102 accuracy: 1.0%
Batch 100, Loss: 3.8206
Batch 200, Loss: 3.8206
Batch 300, Loss: 3.8206
Epoch 103 learning rate: 0.04764467746451789
Epoch 103 time: 119.38636422157288 seconds
Epoch 103 accuracy: 1.0%
Batch 100, Loss: 3.8206
Batch 200, Loss: 3.8206
Batch 300, Loss: 3.8206
Epoch 104 learning rate: 0.046860474023534354
Epoch 104 time: 118.8895616531372 seconds
Epoch 104 accuracy: 1.0%
Batch 100, Loss: 3.8206
Batch 200, Loss: 3.8206
Batch 300, Loss: 3.8206
Epoch 105 learning rate: 0.04607704521360778
Epoch 105 time: 118.87570428848267 seconds
Epoch 105 accuracy: 1.0%
Batch 100, Loss: 3.8206
Batch 200, Loss: 3.8206
Batch 300, Loss: 3.8206
Epoch 106 learning rate: 0.04529458433407431
Epoch 106 time: 118.87912058830261 seconds
Epoch 106 accuracy: 1.0%
Batch 100, Loss: 3.8206
Batch 200, Loss: 3.8206
Batch 300, Loss: 3.8206
Epoch 107 learning rate: 0.04451328444544776
Epoch 107 time: 118.88211369514465 seconds
Epoch 107 accuracy: 1.0%
Batch 100, Loss: 3.8206
Batch 200, Loss: 3.8206
Batch 300, Loss: 3.8206
Epoch 108 learning rate: 0.04373333832178482
Epoch 108 time: 118.88598847389221 seconds
Epoch 108 accuracy: 1.0%
Batch 100, Loss: 3.8206
Batch 200, Loss: 3.8206
Batch 300, Loss: 3.8206
Epoch 109 learning rate: 0.0429549384031209
Epoch 109 time: 118.86031532287598 seconds
Epoch 109 accuracy: 1.0%
Batch 100, Loss: 3.8206
Batch 200, Loss: 3.8206
Batch 300, Loss: 3.8206
Epoch 110 learning rate: 0.042178276747988484
Epoch 110 time: 118.86982464790344 seconds
Epoch 110 accuracy: 1.0%
Batch 100, Loss: 3.8206
Batch 200, Loss: 3.8206
Batch 300, Loss: 3.8206
Epoch 111 learning rate: 0.04140354498602954
Epoch 111 time: 118.90497374534607 seconds
Epoch 111 accuracy: 1.0%
Batch 100, Loss: 3.8206
Batch 200, Loss: 3.8206
Batch 300, Loss: 3.8206
Epoch 112 learning rate: 0.0406309342707138
Epoch 112 time: 118.91568541526794 seconds
Epoch 112 accuracy: 1.0%
Batch 100, Loss: 3.8206
Batch 200, Loss: 3.8206
Batch 300, Loss: 3.8206
Epoch 113 learning rate: 0.03986063523217441
Epoch 113 time: 118.96064639091492 seconds
Epoch 113 accuracy: 1.0%
Batch 100, Loss: 3.8206
Batch 200, Loss: 3.8206
Batch 300, Loss: 3.8206
Epoch 114 learning rate: 0.039092837930172916
Epoch 114 time: 118.9719250202179 seconds
Epoch 114 accuracy: 1.0%
Batch 100, Loss: 3.8206
Batch 200, Loss: 3.8206
Batch 300, Loss: 3.8206
Epoch 115 learning rate: 0.03832773180720475
Epoch 115 time: 118.87343406677246 seconds
Epoch 115 accuracy: 1.0%
Batch 100, Loss: 3.8206
Batch 200, Loss: 3.8206
Batch 300, Loss: 3.8206
Epoch 116 learning rate: 0.037565505641757285
Epoch 116 time: 118.95613861083984 seconds
Epoch 116 accuracy: 1.0%
Batch 100, Loss: 3.8206
Batch 200, Loss: 3.8206
Batch 300, Loss: 3.8206
Epoch 117 learning rate: 0.03680634750173138
Epoch 117 time: 118.93526434898376 seconds
Epoch 117 accuracy: 1.0%
Batch 100, Loss: 3.8206
Batch 200, Loss: 3.8206
Batch 300, Loss: 3.8206
Epoch 118 learning rate: 0.036050444698038565
Epoch 118 time: 118.88780999183655 seconds
Epoch 118 accuracy: 1.0%
Batch 100, Loss: 3.8206
Batch 200, Loss: 3.8206
Batch 300, Loss: 3.8206
Epoch 119 learning rate: 0.03529798373838483
Epoch 119 time: 118.88925457000732 seconds
Epoch 119 accuracy: 1.0%
Batch 100, Loss: 3.8206
Batch 200, Loss: 3.8206
Batch 300, Loss: 3.8206
Epoch 120 learning rate: 0.03454915028125267
Epoch 120 time: 118.87609195709229 seconds
Epoch 120 accuracy: 1.0%
Batch 100, Loss: 3.8206
Batch 200, Loss: 3.8206
Batch 300, Loss: 3.8206
Epoch 121 learning rate: 0.03380412909009255
Epoch 121 time: 119.01476621627808 seconds
Epoch 121 accuracy: 1.0%
Batch 100, Loss: 3.8206
Batch 200, Loss: 3.8206
Batch 300, Loss: 3.8206
Epoch 122 learning rate: 0.03306310398773545
Epoch 122 time: 119.05693125724792 seconds
Epoch 122 accuracy: 1.0%
Batch 100, Loss: 3.8206
Batch 200, Loss: 3.8206
Batch 300, Loss: 3.8206
Epoch 123 learning rate: 0.03232625781103717
Epoch 123 time: 118.90630316734314 seconds
Epoch 123 accuracy: 1.0%
Batch 100, Loss: 3.8206
Batch 200, Loss: 3.8206
Batch 300, Loss: 3.8206
Epoch 124 learning rate: 0.03159377236576613
Epoch 124 time: 118.93260550498962 seconds
Epoch 124 accuracy: 1.0%
Batch 100, Loss: 3.8206
Batch 200, Loss: 3.8206
Batch 300, Loss: 3.8206
Epoch 125 learning rate: 0.030865828381745543
Epoch 125 time: 118.90209460258484 seconds
Epoch 125 accuracy: 1.0%
Batch 100, Loss: 3.8206
Batch 200, Loss: 3.8206
Batch 300, Loss: 3.8206
Epoch 126 learning rate: 0.03014260546826098
Epoch 126 time: 118.98986768722534 seconds
Epoch 126 accuracy: 1.0%
Batch 100, Loss: 3.8206
Batch 200, Loss: 3.8206
Batch 300, Loss: 3.8206
Epoch 127 learning rate: 0.02942428206974458
Epoch 127 time: 118.99088835716248 seconds
Epoch 127 accuracy: 1.0%
Batch 100, Loss: 3.8206
Batch 200, Loss: 3.8206
Batch 300, Loss: 3.8206
Epoch 128 learning rate: 0.028711035421746387
Epoch 128 time: 118.91679739952087 seconds
Epoch 128 accuracy: 1.0%
Batch 100, Loss: 3.8206
Batch 200, Loss: 3.8206
Batch 300, Loss: 3.8206
Epoch 129 learning rate: 0.02800304150720426
Epoch 129 time: 118.95020484924316 seconds
Epoch 129 accuracy: 1.0%
Batch 100, Loss: 3.8206
Batch 200, Loss: 3.8206
Batch 300, Loss: 3.8206
Epoch 130 learning rate: 0.02730047501302268
Epoch 130 time: 118.93838429450989 seconds
Epoch 130 accuracy: 1.0%
Batch 100, Loss: 3.8206
Batch 200, Loss: 3.8206
Batch 300, Loss: 3.8206
Epoch 131 learning rate: 0.026603509286971357
Epoch 131 time: 118.91352319717407 seconds
Epoch 131 accuracy: 1.0%
Batch 100, Loss: 3.8206
Batch 200, Loss: 3.8206
Batch 300, Loss: 3.8206
Epoch 132 learning rate: 0.025912316294914244
Epoch 132 time: 118.94516158103943 seconds
Epoch 132 accuracy: 1.0%
Batch 100, Loss: 3.8206
Batch 200, Loss: 3.8206
Batch 300, Loss: 3.8206
Epoch 133 learning rate: 0.025227066578379632
Epoch 133 time: 118.9421591758728 seconds
Epoch 133 accuracy: 1.0%
Batch 100, Loss: 3.8206
Batch 200, Loss: 3.8206
Batch 300, Loss: 3.8206
Epoch 134 learning rate: 0.024547929212481445
Epoch 134 time: 118.9613471031189 seconds
Epoch 134 accuracy: 1.0%
Batch 100, Loss: 3.8206
Batch 200, Loss: 3.8206
Batch 300, Loss: 3.8206
Epoch 135 learning rate: 0.02387507176420257
Epoch 135 time: 118.88356876373291 seconds
Epoch 135 accuracy: 1.0%
Batch 100, Loss: 3.8206
Batch 200, Loss: 3.8206
Batch 300, Loss: 3.8206
Epoch 136 learning rate: 0.023208660251050166
Epoch 136 time: 118.9121732711792 seconds
Epoch 136 accuracy: 1.0%
Batch 100, Loss: 3.8206
Batch 200, Loss: 3.8206
Batch 300, Loss: 3.8206
Epoch 137 learning rate: 0.022548859100093414
Epoch 137 time: 118.92841362953186 seconds
Epoch 137 accuracy: 1.0%
Batch 100, Loss: 3.8206
Batch 200, Loss: 3.8206
Batch 300, Loss: 3.8206
Epoch 138 learning rate: 0.021895831107393474
Epoch 138 time: 118.88538527488708 seconds
Epoch 138 accuracy: 1.0%
Batch 100, Loss: 3.8206
Batch 200, Loss: 3.8206
Batch 300, Loss: 3.8206
Epoch 139 learning rate: 0.02124973739783608
Epoch 139 time: 118.87666463851929 seconds
Epoch 139 accuracy: 1.0%
Batch 100, Loss: 3.8206
Batch 200, Loss: 3.8206
Batch 300, Loss: 3.8206
Epoch 140 learning rate: 0.02061073738537636
Epoch 140 time: 118.86391639709473 seconds
Epoch 140 accuracy: 1.0%
Batch 100, Loss: 3.8206
Batch 200, Loss: 3.8206
Batch 300, Loss: 3.8206
Epoch 141 learning rate: 0.019978988733705814
Epoch 141 time: 118.92901539802551 seconds
Epoch 141 accuracy: 1.0%
Batch 100, Loss: 3.8206
Batch 200, Loss: 3.8206
Batch 300, Loss: 3.8206
Epoch 142 learning rate: 0.01935464731735118
Epoch 142 time: 118.88200664520264 seconds
Epoch 142 accuracy: 1.0%
Batch 100, Loss: 3.8206
Batch 200, Loss: 3.8206
Batch 300, Loss: 3.8206
Epoch 143 learning rate: 0.018737867183214747
Epoch 143 time: 118.96146893501282 seconds
Epoch 143 accuracy: 1.0%
Batch 100, Loss: 3.8206
Batch 200, Loss: 3.8206
Batch 300, Loss: 3.8206
Epoch 144 learning rate: 0.01812880051256552
Epoch 144 time: 118.9149317741394 seconds
Epoch 144 accuracy: 1.0%
Batch 100, Loss: 3.8206
Batch 200, Loss: 3.8206
Batch 300, Loss: 3.8206
Epoch 145 learning rate: 0.017527597583490827
Epoch 145 time: 118.96735262870789 seconds
Epoch 145 accuracy: 1.0%
Batch 100, Loss: 3.8206
Batch 200, Loss: 3.8206
Batch 300, Loss: 3.8206
Epoch 146 learning rate: 0.01693440673381742
Epoch 146 time: 118.96479415893555 seconds
Epoch 146 accuracy: 1.0%
Batch 100, Loss: 3.8206
Batch 200, Loss: 3.8206
Batch 300, Loss: 3.8206
Epoch 147 learning rate: 0.016349374324511334
Epoch 147 time: 118.83121657371521 seconds
Epoch 147 accuracy: 1.0%
Batch 100, Loss: 3.8206
Batch 200, Loss: 3.8206
Batch 300, Loss: 3.8206
Epoch 148 learning rate: 0.01577264470356557
Epoch 148 time: 118.92568778991699 seconds
Epoch 148 accuracy: 1.0%
Batch 100, Loss: 3.8206
Batch 200, Loss: 3.8206
Batch 300, Loss: 3.8206
Epoch 149 learning rate: 0.01520436017038429
Epoch 149 time: 119.27417588233948 seconds
Epoch 149 accuracy: 1.0%
Batch 100, Loss: 3.8206
Batch 200, Loss: 3.8206
Batch 300, Loss: 3.8206
Epoch 150 learning rate: 0.014644660940672632
Epoch 150 time: 118.94448828697205 seconds
Epoch 150 accuracy: 1.0%
Batch 100, Loss: 3.8206
Batch 200, Loss: 3.8206
Batch 300, Loss: 3.8206
Epoch 151 learning rate: 0.01409368511184057
Epoch 151 time: 118.95711827278137 seconds
Epoch 151 accuracy: 1.0%
Batch 100, Loss: 3.8206
Batch 200, Loss: 3.8206
Batch 300, Loss: 3.8206
Epoch 152 learning rate: 0.013551568628929438
Epoch 152 time: 118.92160701751709 seconds
Epoch 152 accuracy: 1.0%
Batch 100, Loss: 3.8206
Batch 200, Loss: 3.8206
Batch 300, Loss: 3.8206
Epoch 153 learning rate: 0.013018445251069516
Epoch 153 time: 118.94961667060852 seconds
Epoch 153 accuracy: 1.0%
Batch 100, Loss: 3.8206
Batch 200, Loss: 3.8206
Batch 300, Loss: 3.8206
Epoch 154 learning rate: 0.012494446518477026
Epoch 154 time: 118.85945510864258 seconds
Epoch 154 accuracy: 1.0%
Batch 100, Loss: 3.8206
Batch 200, Loss: 3.8206
Batch 300, Loss: 3.8206
Epoch 155 learning rate: 0.011979701719998459
Epoch 155 time: 118.93640470504761 seconds
Epoch 155 accuracy: 1.0%
Batch 100, Loss: 3.8206
Batch 200, Loss: 3.8206
Batch 300, Loss: 3.8206
Epoch 156 learning rate: 0.011474337861210548
Epoch 156 time: 118.8982617855072 seconds
Epoch 156 accuracy: 1.0%
Batch 100, Loss: 3.8206
Batch 200, Loss: 3.8206
Batch 300, Loss: 3.8206
Epoch 157 learning rate: 0.010978479633083526
Epoch 157 time: 118.92881751060486 seconds
Epoch 157 accuracy: 1.0%
Batch 100, Loss: 3.8206
Batch 200, Loss: 3.8206
Batch 300, Loss: 3.8206
Epoch 158 learning rate: 0.010492249381215483
Epoch 158 time: 118.9266037940979 seconds
Epoch 158 accuracy: 1.0%
Batch 100, Loss: 3.8206
Batch 200, Loss: 3.8206
Batch 300, Loss: 3.8206
Epoch 159 learning rate: 0.010015767075645474
Epoch 159 time: 118.97778272628784 seconds
Epoch 159 accuracy: 1.0%
Batch 100, Loss: 3.8206
Batch 200, Loss: 3.8206
Batch 300, Loss: 3.8206
Epoch 160 learning rate: 0.009549150281252637
Epoch 160 time: 118.90012979507446 seconds
Epoch 160 accuracy: 1.0%
Batch 100, Loss: 3.8206
Batch 200, Loss: 3.8206
Batch 300, Loss: 3.8206
Epoch 161 learning rate: 0.00909251412874884
Epoch 161 time: 118.99797701835632 seconds
Epoch 161 accuracy: 1.0%
Batch 100, Loss: 3.8206
Batch 200, Loss: 3.8206
Batch 300, Loss: 3.8206
Epoch 162 learning rate: 0.008645971286271918
Epoch 162 time: 118.92011547088623 seconds
Epoch 162 accuracy: 1.0%
Batch 100, Loss: 3.8206
Batch 200, Loss: 3.8206
Batch 300, Loss: 3.8206
Epoch 163 learning rate: 0.008209631931586501
Epoch 163 time: 119.21026921272278 seconds
Epoch 163 accuracy: 1.0%
Batch 100, Loss: 3.8206
Batch 200, Loss: 3.8206
Batch 300, Loss: 3.8206
Epoch 164 learning rate: 0.0077836037248992605
Epoch 164 time: 118.89976477622986 seconds
Epoch 164 accuracy: 1.0%
Batch 100, Loss: 3.8206
Batch 200, Loss: 3.8206
Batch 300, Loss: 3.8206
Epoch 165 learning rate: 0.0073679917822954055
Epoch 165 time: 118.84554028511047 seconds
Epoch 165 accuracy: 1.0%
Batch 100, Loss: 3.8206
Batch 200, Loss: 3.8206
Batch 300, Loss: 3.8206
Epoch 166 learning rate: 0.006962898649802815
Epoch 166 time: 118.90695405006409 seconds
Epoch 166 accuracy: 1.0%
Batch 100, Loss: 3.8206
Batch 200, Loss: 3.8206
Batch 300, Loss: 3.8206
Epoch 167 learning rate: 0.006568424278090438
Epoch 167 time: 118.9189555644989 seconds
Epoch 167 accuracy: 1.0%
Batch 100, Loss: 3.8206
Batch 200, Loss: 3.8206
Batch 300, Loss: 3.8206
Epoch 168 learning rate: 0.006184665997806824
Epoch 168 time: 118.86771821975708 seconds
Epoch 168 accuracy: 1.0%
Batch 100, Loss: 3.8206
Batch 200, Loss: 3.8206
Batch 300, Loss: 3.8206
Epoch 169 learning rate: 0.00581171849556533
Epoch 169 time: 118.91010332107544 seconds
Epoch 169 accuracy: 1.0%
Batch 100, Loss: 3.8206
Batch 200, Loss: 3.8206
Batch 300, Loss: 3.8206
Epoch 170 learning rate: 0.0054496737905816136
Epoch 170 time: 118.88739371299744 seconds
Epoch 170 accuracy: 1.0%
Batch 100, Loss: 3.8206
Batch 200, Loss: 3.8206
Batch 300, Loss: 3.8206
Epoch 171 learning rate: 0.005098621211969226
Epoch 171 time: 118.91446805000305 seconds
Epoch 171 accuracy: 1.0%
Batch 100, Loss: 3.8206
Batch 200, Loss: 3.8206
Batch 300, Loss: 3.8206
Epoch 172 learning rate: 0.004758647376699035
Epoch 172 time: 118.91161227226257 seconds
Epoch 172 accuracy: 1.0%
Batch 100, Loss: 3.8206
Batch 200, Loss: 3.8206
Batch 300, Loss: 3.8206
Epoch 173 learning rate: 0.00442983616822775
Epoch 173 time: 118.91095733642578 seconds
Epoch 173 accuracy: 1.0%
Batch 100, Loss: 3.8206
Batch 200, Loss: 3.8206
Batch 300, Loss: 3.8206
Epoch 174 learning rate: 0.004112268715800957
Epoch 174 time: 118.87140727043152 seconds
Epoch 174 accuracy: 1.0%
Batch 100, Loss: 3.8206
Batch 200, Loss: 3.8206
Batch 300, Loss: 3.8206
Epoch 175 learning rate: 0.003806023374435677
Epoch 175 time: 118.89069247245789 seconds
Epoch 175 accuracy: 1.0%
Batch 100, Loss: 3.8206
Batch 200, Loss: 3.8206
Batch 300, Loss: 3.8206
Epoch 176 learning rate: 0.003511175705587435
Epoch 176 time: 118.88145351409912 seconds
Epoch 176 accuracy: 1.0%
Batch 100, Loss: 3.8206
Batch 200, Loss: 3.8206
Batch 300, Loss: 3.8206
Epoch 177 learning rate: 0.0032277984585066333
Epoch 177 time: 118.98883867263794 seconds
Epoch 177 accuracy: 1.0%
Batch 100, Loss: 3.8206
Batch 200, Loss: 3.8206
Batch 300, Loss: 3.8206
Epoch 178 learning rate: 0.002955961552288729
Epoch 178 time: 118.96523332595825 seconds
Epoch 178 accuracy: 1.0%
Batch 100, Loss: 3.8206
Batch 200, Loss: 3.8206
Batch 300, Loss: 3.8206
Epoch 179 learning rate: 0.0026957320586227366
Epoch 179 time: 118.95345520973206 seconds
Epoch 179 accuracy: 1.0%
Batch 100, Loss: 3.8206
Batch 200, Loss: 3.8206
Batch 300, Loss: 3.8206
Epoch 180 learning rate: 0.002447174185242325
Epoch 180 time: 119.00968718528748 seconds
Epoch 180 accuracy: 1.0%
Batch 100, Loss: 3.8206
Batch 200, Loss: 3.8206
Batch 300, Loss: 3.8206
Epoch 181 learning rate: 0.0022103492600834954
Epoch 181 time: 118.94000244140625 seconds
Epoch 181 accuracy: 1.0%
Batch 100, Loss: 3.8206
Batch 200, Loss: 3.8206
Batch 300, Loss: 3.8206
Epoch 182 learning rate: 0.0019853157161528537
Epoch 182 time: 118.92448592185974 seconds
Epoch 182 accuracy: 1.0%
Batch 100, Loss: 3.8206
Batch 200, Loss: 3.8206
Batch 300, Loss: 3.8206
Epoch 183 learning rate: 0.001772129077110103
Epoch 183 time: 118.92218899726868 seconds
Epoch 183 accuracy: 1.0%
Batch 100, Loss: 3.8206
Batch 200, Loss: 3.8206
Batch 300, Loss: 3.8206
Epoch 184 learning rate: 0.0015708419435684529
Epoch 184 time: 118.90557146072388 seconds
Epoch 184 accuracy: 1.0%
Batch 100, Loss: 3.8206
Batch 200, Loss: 3.8206
Batch 300, Loss: 3.8206
Epoch 185 learning rate: 0.0013815039801161732
Epoch 185 time: 118.92561483383179 seconds
Epoch 185 accuracy: 1.0%
Batch 100, Loss: 3.8206
Batch 200, Loss: 3.8206
Batch 300, Loss: 3.8206
Epoch 186 learning rate: 0.0012041619030626347
Epoch 186 time: 118.95404887199402 seconds
Epoch 186 accuracy: 1.0%
Batch 100, Loss: 3.8206
Batch 200, Loss: 3.8206
Batch 300, Loss: 3.8206
Epoch 187 learning rate: 0.0010388594689117077
Epoch 187 time: 118.87468934059143 seconds
Epoch 187 accuracy: 1.0%
Batch 100, Loss: 3.8206
Batch 200, Loss: 3.8206
Batch 300, Loss: 3.8206
Epoch 188 learning rate: 0.0008856374635655645
Epoch 188 time: 118.92025828361511 seconds
Epoch 188 accuracy: 1.0%
Batch 100, Loss: 3.8206
Batch 200, Loss: 3.8206
Batch 300, Loss: 3.8206
Epoch 189 learning rate: 0.000744533692261307
Epoch 189 time: 118.9227557182312 seconds
Epoch 189 accuracy: 1.0%
Batch 100, Loss: 3.8206
Batch 200, Loss: 3.8206
Batch 300, Loss: 3.8206
Epoch 190 learning rate: 0.0006155829702431174
Epoch 190 time: 118.88798832893372 seconds
Epoch 190 accuracy: 1.0%
Batch 100, Loss: 3.8206
Batch 200, Loss: 3.8206
Batch 300, Loss: 3.8206
Epoch 191 learning rate: 0.0004988171141721235
Epoch 191 time: 118.92437839508057 seconds
Epoch 191 accuracy: 1.0%
Batch 100, Loss: 3.8206
Batch 200, Loss: 3.8206
Batch 300, Loss: 3.8206
Epoch 192 learning rate: 0.00039426493427611206
Epoch 192 time: 118.94123458862305 seconds
Epoch 192 accuracy: 1.0%
Batch 100, Loss: 3.8206
Batch 200, Loss: 3.8206
Batch 300, Loss: 3.8206
Epoch 193 learning rate: 0.00030195222724102046
Epoch 193 time: 118.96319460868835 seconds
Epoch 193 accuracy: 1.0%
Batch 100, Loss: 3.8206
Batch 200, Loss: 3.8206
Batch 300, Loss: 3.8206
Epoch 194 learning rate: 0.00022190176984600036
Epoch 194 time: 118.87464666366577 seconds
Epoch 194 accuracy: 1.0%
Batch 100, Loss: 3.8206
Batch 200, Loss: 3.8206
Batch 300, Loss: 3.8206
Epoch 195 learning rate: 0.00015413331334360192
Epoch 195 time: 118.9578378200531 seconds
Epoch 195 accuracy: 1.0%
Batch 100, Loss: 3.8206
Batch 200, Loss: 3.8206
Batch 300, Loss: 3.8206
Epoch 196 learning rate: 9.866357858642213e-05
Epoch 196 time: 118.96420502662659 seconds
Epoch 196 accuracy: 1.0%
Batch 100, Loss: 3.8206
Batch 200, Loss: 3.8206
Batch 300, Loss: 3.8206
Epoch 197 learning rate: 5.5506251901504864e-05
Epoch 197 time: 118.8923728466034 seconds
Epoch 197 accuracy: 1.0%
Batch 100, Loss: 3.8206
Batch 200, Loss: 3.8206
Batch 300, Loss: 3.8206
Epoch 198 learning rate: 2.4671981713420017e-05
Epoch 198 time: 118.9417097568512 seconds
Epoch 198 accuracy: 1.0%
Batch 100, Loss: 3.8206
Batch 200, Loss: 3.8206
Batch 300, Loss: 3.8206
Epoch 199 learning rate: 6.168375916970619e-06
Epoch 199 time: 118.93200898170471 seconds
Epoch 199 accuracy: 1.0%
Batch 100, Loss: 3.8206
Batch 200, Loss: 3.8206
Batch 300, Loss: 3.8206
Epoch 200 learning rate: 0.0
Epoch 200 time: 118.91266179084778 seconds
Epoch 200 accuracy: 1.0%
Total training time: 23794.963953256607 seconds
