The following modules were not unloaded:
  (Use "module --force purge" to unload all):

  1) CCconfig        6)  ucx/1.14.1         11) flexiblas/3.3.1
  2) gentoo/2023     7)  libfabric/1.18.0   12) imkl/2023.2.0
  3) gcccore/.12.3   8)  pmix/4.2.4         13) StdEnv/2023
  4) gcc/12.3        9)  ucc/1.2.0
  5) hwloc/2.9.1     10) openmpi/4.1.5
/project/6070520/tkleinkn/Vanilla-GAM/main_cifar.py:187: UserWarning: You have chosen a specific GPU. This will completely disable data parallelism.
  warnings.warn('You have chosen a specific GPU. This will completely '
model name space ['resnet101_c', 'resnet152_c', 'resnet18_c', 'resnet34_c', 'resnet50_c']
Use GPU: 0 for training
=> creating model 'resnet18_c'
Files already downloaded and verified
Files already downloaded and verified
tensorboard dir ./results/CIFAR10/GNOM
Using Gradient-Norm Only Minimization (GNOM)
/home/tkleinkn/GAMtest/lib/python3.11/site-packages/torch/autograd/graph.py:744: UserWarning: Using backward() with create_graph=True will create a reference cycle between the parameter and its gradient which can cause a memory leak. We recommend using autograd.grad when creating the graph to avoid this. If you have to use this function, make sure to reset the .grad fields of your parameters to None after use to break the cycle and avoid the leak. (Triggered internally at /home/coulombc/wheels_builder/tmp.2617/python-3.11/torch/torch/csrc/autograd/engine.cpp:1203.)
  return Variable._execution_engine.run_backward(  # Calls into the C++ engine to run the backward pass
Batch 100, Loss: 459311.7575
Batch 200, Loss: 59635.9371
Batch 300, Loss: 22806.4635
Epoch 1 learning rate: 0.09999383162408304
Epoch 1 time: 127.63741445541382 seconds
Epoch 1 accuracy: 10.61%
Batch 100, Loss: 19958.1647
Batch 200, Loss: 15571.2003
Batch 300, Loss: 4145.9594
Epoch 2 learning rate: 0.09997532801828658
Epoch 2 time: 118.9393138885498 seconds
Epoch 2 accuracy: 9.9%
Batch 100, Loss: 4884.7645
Batch 200, Loss: 9549.1391
Batch 300, Loss: 38741.6782
Epoch 3 learning rate: 0.09994449374809851
Epoch 3 time: 118.97628355026245 seconds
Epoch 3 accuracy: 10.21%
Batch 100, Loss: 7707.1940
Batch 200, Loss: 4101.1211
Batch 300, Loss: 2617.7703
Epoch 4 learning rate: 0.09990133642141359
Epoch 4 time: 118.9078140258789 seconds
Epoch 4 accuracy: 10.25%
Batch 100, Loss: 1373.6102
Batch 200, Loss: 1071.5890
Batch 300, Loss: 814.1122
Epoch 5 learning rate: 0.09984586668665642
Epoch 5 time: 118.84382057189941 seconds
Epoch 5 accuracy: 9.89%
Batch 100, Loss: 6636.4399
Batch 200, Loss: 1424.8163
Batch 300, Loss: 1159.9390
Epoch 6 learning rate: 0.09977809823015402
Epoch 6 time: 118.82002758979797 seconds
Epoch 6 accuracy: 9.78%
Batch 100, Loss: 392.9763
Batch 200, Loss: 310.3566
Batch 300, Loss: 251.1303
Epoch 7 learning rate: 0.09969804777275901
Epoch 7 time: 118.86058020591736 seconds
Epoch 7 accuracy: 9.84%
Batch 100, Loss: 1093.8251
Batch 200, Loss: 273.3849
Batch 300, Loss: 187.3776
Epoch 8 learning rate: 0.09960573506572391
Epoch 8 time: 118.69822096824646 seconds
Epoch 8 accuracy: 9.99%
Batch 100, Loss: 139.0910
Batch 200, Loss: 182.2107
Batch 300, Loss: 118.0777
Epoch 9 learning rate: 0.09950118288582789
Epoch 9 time: 118.73946166038513 seconds
Epoch 9 accuracy: 10.08%
Batch 100, Loss: 112.2261
Batch 200, Loss: 107.3915
Batch 300, Loss: 83.5475
Epoch 10 learning rate: 0.09938441702975691
Epoch 10 time: 118.7757556438446 seconds
Epoch 10 accuracy: 9.65%
Batch 100, Loss: 633.6539
Batch 200, Loss: 266.6909
Batch 300, Loss: 417535.7903
Epoch 11 learning rate: 0.09925546630773871
Epoch 11 time: 118.76205062866211 seconds
Epoch 11 accuracy: 9.7%
Batch 100, Loss: 4350658.7609
Batch 200, Loss: 3501945.3725
Batch 300, Loss: 777056.4031
Epoch 12 learning rate: 0.09911436253643445
Epoch 12 time: 118.75694131851196 seconds
Epoch 12 accuracy: 9.89%
Batch 100, Loss: 160879.0346
Batch 200, Loss: 100616.4679
Batch 300, Loss: 73232.7313
Epoch 13 learning rate: 0.0989611405310883
Epoch 13 time: 118.78477096557617 seconds
Epoch 13 accuracy: 10.41%
Batch 100, Loss: 169365.6725
Batch 200, Loss: 61363.8619
Batch 300, Loss: 144526.6020
Epoch 14 learning rate: 0.09879583809693739
Epoch 14 time: 118.73495054244995 seconds
Epoch 14 accuracy: 9.68%
Batch 100, Loss: 26343.4704
Batch 200, Loss: 15199.2549
Batch 300, Loss: 22421.0948
Epoch 15 learning rate: 0.09861849601988384
Epoch 15 time: 118.75178003311157 seconds
Epoch 15 accuracy: 10.92%
Batch 100, Loss: 14668.4529
Batch 200, Loss: 9290.0299
Batch 300, Loss: 7642.1941
Epoch 16 learning rate: 0.09842915805643157
Epoch 16 time: 118.74776530265808 seconds
Epoch 16 accuracy: 9.63%
Batch 100, Loss: 5652.7733
Batch 200, Loss: 4328.2832
Batch 300, Loss: 3182.9543
Epoch 17 learning rate: 0.09822787092288993
Epoch 17 time: 118.69708490371704 seconds
Epoch 17 accuracy: 9.55%
Batch 100, Loss: 1550.2760
Batch 200, Loss: 1432.8714
Batch 300, Loss: 1292.1450
Epoch 18 learning rate: 0.09801468428384717
Epoch 18 time: 118.70001149177551 seconds
Epoch 18 accuracy: 10.04%
Batch 100, Loss: 936.0234
Batch 200, Loss: 678.6936
Batch 300, Loss: 809.9874
Epoch 19 learning rate: 0.09778965073991652
Epoch 19 time: 118.76027226448059 seconds
Epoch 19 accuracy: 9.86%
Batch 100, Loss: 602.3032
Batch 200, Loss: 556.5803
Batch 300, Loss: 391.0967
Epoch 20 learning rate: 0.0975528258147577
Epoch 20 time: 118.76404738426208 seconds
Epoch 20 accuracy: 10.01%
Batch 100, Loss: 2105.6820
Batch 200, Loss: 2092.9778
Batch 300, Loss: 3365.6186
Epoch 21 learning rate: 0.09730426794137728
Epoch 21 time: 118.72761607170105 seconds
Epoch 21 accuracy: 10.2%
Batch 100, Loss: 842.2868
Batch 200, Loss: 331.5808
Batch 300, Loss: 206.2151
Epoch 22 learning rate: 0.09704403844771128
Epoch 22 time: 118.81522345542908 seconds
Epoch 22 accuracy: 9.98%
Batch 100, Loss: 158.1541
Batch 200, Loss: 158.9829
Batch 300, Loss: 118.6251
Epoch 23 learning rate: 0.09677220154149338
Epoch 23 time: 118.73688554763794 seconds
Epoch 23 accuracy: 9.61%
Batch 100, Loss: 103.2154
Batch 200, Loss: 87.1671
Batch 300, Loss: 86.6712
Epoch 24 learning rate: 0.09648882429441258
Epoch 24 time: 118.7885594367981 seconds
Epoch 24 accuracy: 9.87%
Batch 100, Loss: 68.7359
Batch 200, Loss: 58.1504
Batch 300, Loss: 59.0893
Epoch 25 learning rate: 0.09619397662556435
Epoch 25 time: 118.73723888397217 seconds
Epoch 25 accuracy: 9.73%
Batch 100, Loss: 49.4556
Batch 200, Loss: 46.3431
Batch 300, Loss: 47.6994
Epoch 26 learning rate: 0.09588773128419906
Epoch 26 time: 118.7033212184906 seconds
Epoch 26 accuracy: 9.84%
Batch 100, Loss: 38.0850
Batch 200, Loss: 35.3581
Batch 300, Loss: 30.4392
Epoch 27 learning rate: 0.09557016383177226
Epoch 27 time: 118.75802326202393 seconds
Epoch 27 accuracy: 9.87%
Batch 100, Loss: 27.1158
Batch 200, Loss: 24.7582
Batch 300, Loss: 22.3713
Epoch 28 learning rate: 0.09524135262330098
Epoch 28 time: 118.770348072052 seconds
Epoch 28 accuracy: 9.89%
Batch 100, Loss: 20.3227
Batch 200, Loss: 17.1085
Batch 300, Loss: 16.6821
Epoch 29 learning rate: 0.09490137878803079
Epoch 29 time: 118.76284742355347 seconds
Epoch 29 accuracy: 9.98%
Batch 100, Loss: 13.4728
Batch 200, Loss: 13.8630
Batch 300, Loss: 9.5832
Epoch 30 learning rate: 0.0945503262094184
Epoch 30 time: 118.84478688240051 seconds
Epoch 30 accuracy: 10.17%
Batch 100, Loss: 8.7630
Batch 200, Loss: 7.7506
Batch 300, Loss: 6.6433
Epoch 31 learning rate: 0.0941882815044347
Epoch 31 time: 118.89619445800781 seconds
Epoch 31 accuracy: 10.15%
Batch 100, Loss: 4.6090
Batch 200, Loss: 3.9756
Batch 300, Loss: 3.6351
Epoch 32 learning rate: 0.09381533400219319
Epoch 32 time: 118.93722224235535 seconds
Epoch 32 accuracy: 10.21%
Batch 100, Loss: 3.4600
Batch 200, Loss: 3.1709
Batch 300, Loss: 2.9924
Epoch 33 learning rate: 0.09343157572190958
Epoch 33 time: 118.79305362701416 seconds
Epoch 33 accuracy: 9.94%
Batch 100, Loss: 2.5974
Batch 200, Loss: 2.5548
Batch 300, Loss: 2.3178
Epoch 34 learning rate: 0.0930371013501972
Epoch 34 time: 118.86541938781738 seconds
Epoch 34 accuracy: 11.05%
Batch 100, Loss: 2.2335
Batch 200, Loss: 2.1214
Batch 300, Loss: 2.1059
Epoch 35 learning rate: 0.09263200821770463
Epoch 35 time: 118.77232241630554 seconds
Epoch 35 accuracy: 11.05%
Batch 100, Loss: 2.0777
Batch 200, Loss: 1.9461
Batch 300, Loss: 1.9351
Epoch 36 learning rate: 0.09221639627510078
Epoch 36 time: 118.83047294616699 seconds
Epoch 36 accuracy: 10.81%
Batch 100, Loss: 1.8981
Batch 200, Loss: 1.8765
Batch 300, Loss: 1.9127
Epoch 37 learning rate: 0.09179036806841355
Epoch 37 time: 118.86156725883484 seconds
Epoch 37 accuracy: 10.65%
Batch 100, Loss: 1.8474
Batch 200, Loss: 1.8161
Batch 300, Loss: 1.8198
Epoch 38 learning rate: 0.09135402871372812
Epoch 38 time: 118.78429222106934 seconds
Epoch 38 accuracy: 10.5%
Batch 100, Loss: 1.8142
Batch 200, Loss: 1.7876
Batch 300, Loss: 1.8272
Epoch 39 learning rate: 0.0909074858712512
Epoch 39 time: 118.725661277771 seconds
Epoch 39 accuracy: 10.04%
Batch 100, Loss: 1.7811
Batch 200, Loss: 1.7913
Batch 300, Loss: 1.7834
Epoch 40 learning rate: 0.09045084971874741
Epoch 40 time: 118.77909994125366 seconds
Epoch 40 accuracy: 10.62%
Batch 100, Loss: 1.7799
Batch 200, Loss: 1.7752
Batch 300, Loss: 1.7677
Epoch 41 learning rate: 0.08998423292435458
Epoch 41 time: 118.72832822799683 seconds
Epoch 41 accuracy: 10.14%
Batch 100, Loss: 1.7707
Batch 200, Loss: 1.7677
Batch 300, Loss: 1.7653
Epoch 42 learning rate: 0.08950775061878455
Epoch 42 time: 118.82503056526184 seconds
Epoch 42 accuracy: 10.91%
Batch 100, Loss: 1.7607
Batch 200, Loss: 1.7614
Batch 300, Loss: 1.7643
Epoch 43 learning rate: 0.08902152036691653
Epoch 43 time: 118.74760317802429 seconds
Epoch 43 accuracy: 10.63%
Batch 100, Loss: 1.7618
Batch 200, Loss: 1.7600
Batch 300, Loss: 1.7587
Epoch 44 learning rate: 0.08852566213878951
Epoch 44 time: 118.84718418121338 seconds
Epoch 44 accuracy: 10.5%
Batch 100, Loss: 1.7602
Batch 200, Loss: 1.7593
Batch 300, Loss: 1.7588
Epoch 45 learning rate: 0.0880202982800016
Epoch 45 time: 118.79787278175354 seconds
Epoch 45 accuracy: 9.46%
Batch 100, Loss: 1.7605
Batch 200, Loss: 1.7598
Batch 300, Loss: 1.7585
Epoch 46 learning rate: 0.08750555348152303
Epoch 46 time: 118.72987937927246 seconds
Epoch 46 accuracy: 10.91%
Batch 100, Loss: 1.7583
Batch 200, Loss: 1.7582
Batch 300, Loss: 1.7614
Epoch 47 learning rate: 0.08698155474893052
Epoch 47 time: 118.74476170539856 seconds
Epoch 47 accuracy: 9.72%
Batch 100, Loss: 1.7576
Batch 200, Loss: 1.7581
Batch 300, Loss: 1.7582
Epoch 48 learning rate: 0.08644843137107061
Epoch 48 time: 118.81796169281006 seconds
Epoch 48 accuracy: 10.04%
Batch 100, Loss: 1.7585
Batch 200, Loss: 1.7581
Batch 300, Loss: 1.7579
Epoch 49 learning rate: 0.08590631488815947
Epoch 49 time: 118.77848315238953 seconds
Epoch 49 accuracy: 9.77%
Batch 100, Loss: 1.7578
Batch 200, Loss: 1.7581
Batch 300, Loss: 1.7581
Epoch 50 learning rate: 0.0853553390593274
Epoch 50 time: 118.84369373321533 seconds
Epoch 50 accuracy: 9.62%
Batch 100, Loss: 1.7579
Batch 200, Loss: 1.7579
Batch 300, Loss: 1.7579
Epoch 51 learning rate: 0.08479563982961574
Epoch 51 time: 118.72784161567688 seconds
Epoch 51 accuracy: 9.99%
Batch 100, Loss: 1.7577
Batch 200, Loss: 1.7585
Batch 300, Loss: 1.7578
Epoch 52 learning rate: 0.08422735529643446
Epoch 52 time: 118.67228031158447 seconds
Epoch 52 accuracy: 10.1%
Batch 100, Loss: 1.7579
Batch 200, Loss: 1.7578
Batch 300, Loss: 1.7581
Epoch 53 learning rate: 0.08365062567548869
Epoch 53 time: 118.73514151573181 seconds
Epoch 53 accuracy: 10.0%
Batch 100, Loss: 1.7577
Batch 200, Loss: 1.7582
Batch 300, Loss: 1.7579
Epoch 54 learning rate: 0.08306559326618261
Epoch 54 time: 118.8671383857727 seconds
Epoch 54 accuracy: 9.93%
Batch 100, Loss: 1.7580
Batch 200, Loss: 1.7579
Batch 300, Loss: 1.7580
Epoch 55 learning rate: 0.0824724024165092
Epoch 55 time: 118.65584778785706 seconds
Epoch 55 accuracy: 9.99%
Batch 100, Loss: 1.7579
Batch 200, Loss: 1.7579
Batch 300, Loss: 1.7579
Epoch 56 learning rate: 0.0818711994874345
Epoch 56 time: 118.74458885192871 seconds
Epoch 56 accuracy: 10.47%
Batch 100, Loss: 1.7578
Batch 200, Loss: 1.7579
Batch 300, Loss: 1.7580
Epoch 57 learning rate: 0.08126213281678528
Epoch 57 time: 118.78596687316895 seconds
Epoch 57 accuracy: 10.0%
Batch 100, Loss: 1.7580
Batch 200, Loss: 1.7579
Batch 300, Loss: 1.7578
Epoch 58 learning rate: 0.08064535268264884
Epoch 58 time: 118.8081591129303 seconds
Epoch 58 accuracy: 9.94%
Batch 100, Loss: 1.7579
Batch 200, Loss: 1.7579
Batch 300, Loss: 1.7579
Epoch 59 learning rate: 0.08002101126629421
Epoch 59 time: 118.87444353103638 seconds
Epoch 59 accuracy: 9.99%
Batch 100, Loss: 1.7579
Batch 200, Loss: 1.7579
Batch 300, Loss: 1.7580
Epoch 60 learning rate: 0.07938926261462367
Epoch 60 time: 118.78930616378784 seconds
Epoch 60 accuracy: 9.9%
Batch 100, Loss: 1.7579
Batch 200, Loss: 1.7580
Batch 300, Loss: 1.7578
Epoch 61 learning rate: 0.07875026260216395
Epoch 61 time: 118.65101027488708 seconds
Epoch 61 accuracy: 10.0%
Batch 100, Loss: 1.7578
Batch 200, Loss: 1.7580
Batch 300, Loss: 1.7579
Epoch 62 learning rate: 0.07810416889260656
Epoch 62 time: 118.91641926765442 seconds
Epoch 62 accuracy: 10.0%
Batch 100, Loss: 1.7579
Batch 200, Loss: 1.7580
Batch 300, Loss: 1.7579
Epoch 63 learning rate: 0.07745114089990661
Epoch 63 time: 118.75173115730286 seconds
Epoch 63 accuracy: 10.0%
Batch 100, Loss: 1.7577
Batch 200, Loss: 1.7581
Batch 300, Loss: 1.7580
Epoch 64 learning rate: 0.07679133974894985
Epoch 64 time: 118.83868193626404 seconds
Epoch 64 accuracy: 10.0%
Batch 100, Loss: 1.7579
Batch 200, Loss: 1.7579
Batch 300, Loss: 1.7579
Epoch 65 learning rate: 0.07612492823579746
Epoch 65 time: 118.77730941772461 seconds
Epoch 65 accuracy: 10.0%
Batch 100, Loss: 1.7577
Batch 200, Loss: 1.7581
Batch 300, Loss: 1.7579
Epoch 66 learning rate: 0.07545207078751859
Epoch 66 time: 118.803635597229 seconds
Epoch 66 accuracy: 10.01%
Batch 100, Loss: 1.7579
Batch 200, Loss: 1.7579
Batch 300, Loss: 1.7579
Epoch 67 learning rate: 0.0747729334216204
Epoch 67 time: 118.83139491081238 seconds
Epoch 67 accuracy: 9.97%
Batch 100, Loss: 1.7579
Batch 200, Loss: 1.7579
Batch 300, Loss: 1.7580
Epoch 68 learning rate: 0.07408768370508578
Epoch 68 time: 118.75716829299927 seconds
Epoch 68 accuracy: 10.0%
Batch 100, Loss: 1.7579
Batch 200, Loss: 1.7580
Batch 300, Loss: 1.7579
Epoch 69 learning rate: 0.0733964907130287
Epoch 69 time: 118.71136593818665 seconds
Epoch 69 accuracy: 10.0%
Batch 100, Loss: 1.7579
Batch 200, Loss: 1.7579
Batch 300, Loss: 1.7579
Epoch 70 learning rate: 0.07269952498697736
Epoch 70 time: 118.78504872322083 seconds
Epoch 70 accuracy: 10.0%
Batch 100, Loss: 1.7578
Batch 200, Loss: 1.7580
Batch 300, Loss: 1.7579
Epoch 71 learning rate: 0.07199695849279578
Epoch 71 time: 118.73515129089355 seconds
Epoch 71 accuracy: 10.0%
Batch 100, Loss: 1.7579
Batch 200, Loss: 1.7579
Batch 300, Loss: 1.7580
Epoch 72 learning rate: 0.07128896457825366
Epoch 72 time: 118.78401231765747 seconds
Epoch 72 accuracy: 10.0%
Batch 100, Loss: 1.7579
Batch 200, Loss: 1.7580
Batch 300, Loss: 1.7580
Epoch 73 learning rate: 0.07057571793025548
Epoch 73 time: 118.74629163742065 seconds
Epoch 73 accuracy: 10.0%
Batch 100, Loss: 1.7578
Batch 200, Loss: 1.7579
Batch 300, Loss: 1.7580
Epoch 74 learning rate: 0.06985739453173906
Epoch 74 time: 118.6890709400177 seconds
Epoch 74 accuracy: 10.0%
Batch 100, Loss: 1.7579
Batch 200, Loss: 1.7580
Batch 300, Loss: 1.7579
Epoch 75 learning rate: 0.06913417161825453
Epoch 75 time: 118.83958196640015 seconds
Epoch 75 accuracy: 10.0%
Batch 100, Loss: 1.7580
Batch 200, Loss: 1.7579
Batch 300, Loss: 1.7580
Epoch 76 learning rate: 0.06840622763423394
Epoch 76 time: 118.79485154151917 seconds
Epoch 76 accuracy: 10.0%
Batch 100, Loss: 1.7579
Batch 200, Loss: 1.7579
Batch 300, Loss: 1.7579
Epoch 77 learning rate: 0.0676737421889629
Epoch 77 time: 118.79213428497314 seconds
Epoch 77 accuracy: 10.0%
Batch 100, Loss: 1.7579
Batch 200, Loss: 1.7579
Batch 300, Loss: 1.7579
Epoch 78 learning rate: 0.06693689601226462
Epoch 78 time: 118.68566370010376 seconds
Epoch 78 accuracy: 10.0%
Batch 100, Loss: 1.7578
Batch 200, Loss: 1.7580
Batch 300, Loss: 1.7578
Epoch 79 learning rate: 0.06619587090990751
Epoch 79 time: 118.73000645637512 seconds
Epoch 79 accuracy: 10.0%
Batch 100, Loss: 1.7579
Batch 200, Loss: 1.7580
Batch 300, Loss: 1.7579
Epoch 80 learning rate: 0.06545084971874741
Epoch 80 time: 118.84254169464111 seconds
Epoch 80 accuracy: 10.0%
Batch 100, Loss: 1.7579
Batch 200, Loss: 1.7579
Batch 300, Loss: 1.7579
Epoch 81 learning rate: 0.06470201626161524
Epoch 81 time: 118.76805567741394 seconds
Epoch 81 accuracy: 10.0%
Batch 100, Loss: 1.7579
Batch 200, Loss: 1.7579
Batch 300, Loss: 1.7579
Epoch 82 learning rate: 0.06394955530196152
Epoch 82 time: 118.70788192749023 seconds
Epoch 82 accuracy: 10.0%
Batch 100, Loss: 1.7579
Batch 200, Loss: 1.7579
Batch 300, Loss: 1.7579
Epoch 83 learning rate: 0.06319365249826868
Epoch 83 time: 118.75473117828369 seconds
Epoch 83 accuracy: 10.0%
Batch 100, Loss: 1.7578
Batch 200, Loss: 1.7579
Batch 300, Loss: 1.7579
Epoch 84 learning rate: 0.06243449435824277
Epoch 84 time: 118.83540797233582 seconds
Epoch 84 accuracy: 10.0%
Batch 100, Loss: 1.7579
Batch 200, Loss: 1.7579
Batch 300, Loss: 1.7579
Epoch 85 learning rate: 0.06167226819279532
Epoch 85 time: 118.77110266685486 seconds
Epoch 85 accuracy: 10.0%
Batch 100, Loss: 1.7579
Batch 200, Loss: 1.7579
Batch 300, Loss: 1.7579
Epoch 86 learning rate: 0.06090716206982718
Epoch 86 time: 118.78902220726013 seconds
Epoch 86 accuracy: 10.0%
Batch 100, Loss: 1.7578
Batch 200, Loss: 1.7579
Batch 300, Loss: 1.7579
Epoch 87 learning rate: 0.06013936476782568
Epoch 87 time: 118.8252260684967 seconds
Epoch 87 accuracy: 10.0%
Batch 100, Loss: 1.7578
Batch 200, Loss: 1.7578
Batch 300, Loss: 1.7580
Epoch 88 learning rate: 0.05936906572928629
Epoch 88 time: 118.74407434463501 seconds
Epoch 88 accuracy: 10.0%
Batch 100, Loss: 1.7579
Batch 200, Loss: 1.7580
Batch 300, Loss: 1.7579
Epoch 89 learning rate: 0.05859645501397052
Epoch 89 time: 118.76399970054626 seconds
Epoch 89 accuracy: 10.0%
Batch 100, Loss: 1.7578
Batch 200, Loss: 1.7579
Batch 300, Loss: 1.7578
Epoch 90 learning rate: 0.05782172325201159
Epoch 90 time: 118.82331466674805 seconds
Epoch 90 accuracy: 10.0%
Batch 100, Loss: 1.7579
Batch 200, Loss: 1.7578
Batch 300, Loss: 1.7580
Epoch 91 learning rate: 0.057045061596879186
Epoch 91 time: 118.78976249694824 seconds
Epoch 91 accuracy: 10.0%
Batch 100, Loss: 1.7579
Batch 200, Loss: 1.7579
Batch 300, Loss: 1.7579
Epoch 92 learning rate: 0.056266661678215264
Epoch 92 time: 118.7783591747284 seconds
Epoch 92 accuracy: 10.0%
Batch 100, Loss: 1.7578
Batch 200, Loss: 1.7579
Batch 300, Loss: 1.7579
Epoch 93 learning rate: 0.055486715554552306
Epoch 93 time: 118.72920846939087 seconds
Epoch 93 accuracy: 10.0%
Batch 100, Loss: 1.7579
Batch 200, Loss: 1.7579
Batch 300, Loss: 1.7579
Epoch 94 learning rate: 0.05470541566592575
Epoch 94 time: 118.7224452495575 seconds
Epoch 94 accuracy: 10.0%
Batch 100, Loss: 1.7578
Batch 200, Loss: 1.7578
Batch 300, Loss: 1.7579
Epoch 95 learning rate: 0.05392295478639229
Epoch 95 time: 118.69538998603821 seconds
Epoch 95 accuracy: 10.0%
Batch 100, Loss: 1.7579
Batch 200, Loss: 1.7580
Batch 300, Loss: 1.7579
Epoch 96 learning rate: 0.05313952597646571
Epoch 96 time: 118.67090559005737 seconds
Epoch 96 accuracy: 10.0%
Batch 100, Loss: 1.7578
Batch 200, Loss: 1.7579
Batch 300, Loss: 1.7580
Epoch 97 learning rate: 0.05235532253548216
Epoch 97 time: 118.8449969291687 seconds
Epoch 97 accuracy: 10.0%
Batch 100, Loss: 1.7578
Batch 200, Loss: 1.7580
Batch 300, Loss: 1.7579
Epoch 98 learning rate: 0.051570537953906447
Epoch 98 time: 118.8604691028595 seconds
Epoch 98 accuracy: 10.0%
Batch 100, Loss: 1.7578
Batch 200, Loss: 1.7580
Batch 300, Loss: 1.7579
Epoch 99 learning rate: 0.05078536586559106
Epoch 99 time: 118.75079393386841 seconds
Epoch 99 accuracy: 10.0%
Batch 100, Loss: 1.7579
Batch 200, Loss: 1.7579
Batch 300, Loss: 1.7579
Epoch 100 learning rate: 0.050000000000000024
Epoch 100 time: 118.82341742515564 seconds
Epoch 100 accuracy: 10.0%
Batch 100, Loss: 1.7579
Batch 200, Loss: 1.7578
Batch 300, Loss: 1.7580
Epoch 101 learning rate: 0.049214634134409
Epoch 101 time: 118.77479696273804 seconds
Epoch 101 accuracy: 10.0%
Batch 100, Loss: 1.7578
Batch 200, Loss: 1.7579
Batch 300, Loss: 1.7579
Epoch 102 learning rate: 0.04842946204609361
Epoch 102 time: 118.73195099830627 seconds
Epoch 102 accuracy: 10.0%
Batch 100, Loss: 1.7578
Batch 200, Loss: 1.7579
Batch 300, Loss: 1.7579
Epoch 103 learning rate: 0.04764467746451789
Epoch 103 time: 118.77019000053406 seconds
Epoch 103 accuracy: 10.0%
Batch 100, Loss: 1.7578
Batch 200, Loss: 1.7579
Batch 300, Loss: 1.7579
Epoch 104 learning rate: 0.046860474023534354
Epoch 104 time: 118.65378332138062 seconds
Epoch 104 accuracy: 10.0%
Batch 100, Loss: 1.7577
Batch 200, Loss: 1.7579
Batch 300, Loss: 1.7579
Epoch 105 learning rate: 0.04607704521360778
Epoch 105 time: 118.69615530967712 seconds
Epoch 105 accuracy: 10.0%
Batch 100, Loss: 1.7578
Batch 200, Loss: 1.7579
Batch 300, Loss: 1.7579
Epoch 106 learning rate: 0.04529458433407431
Epoch 106 time: 118.7687566280365 seconds
Epoch 106 accuracy: 10.0%
Batch 100, Loss: 1.7578
Batch 200, Loss: 1.7579
Batch 300, Loss: 1.7579
Epoch 107 learning rate: 0.04451328444544776
Epoch 107 time: 118.76693415641785 seconds
Epoch 107 accuracy: 10.0%
Batch 100, Loss: 1.7578
Batch 200, Loss: 1.7579
Batch 300, Loss: 1.7579
Epoch 108 learning rate: 0.04373333832178482
Epoch 108 time: 118.77277755737305 seconds
Epoch 108 accuracy: 10.0%
Batch 100, Loss: 1.7578
Batch 200, Loss: 1.7580
Batch 300, Loss: 1.7578
Epoch 109 learning rate: 0.0429549384031209
Epoch 109 time: 118.75067377090454 seconds
Epoch 109 accuracy: 10.0%
Batch 100, Loss: 1.7578
Batch 200, Loss: 1.7579
Batch 300, Loss: 1.7579
Epoch 110 learning rate: 0.042178276747988484
Epoch 110 time: 118.74626302719116 seconds
Epoch 110 accuracy: 10.0%
Batch 100, Loss: 1.7578
Batch 200, Loss: 1.7578
Batch 300, Loss: 1.7579
Epoch 111 learning rate: 0.04140354498602954
Epoch 111 time: 118.683846950531 seconds
Epoch 111 accuracy: 10.0%
Batch 100, Loss: 1.7578
Batch 200, Loss: 1.7579
Batch 300, Loss: 1.7579
Epoch 112 learning rate: 0.0406309342707138
Epoch 112 time: 118.74583148956299 seconds
Epoch 112 accuracy: 10.0%
Batch 100, Loss: 1.7579
Batch 200, Loss: 1.7578
Batch 300, Loss: 1.7579
Epoch 113 learning rate: 0.03986063523217441
Epoch 113 time: 118.70442199707031 seconds
Epoch 113 accuracy: 10.0%
Batch 100, Loss: 1.7578
Batch 200, Loss: 1.7578
Batch 300, Loss: 1.7578
Epoch 114 learning rate: 0.039092837930172916
Epoch 114 time: 118.76548457145691 seconds
Epoch 114 accuracy: 10.0%
Batch 100, Loss: 1.7579
Batch 200, Loss: 1.7579
Batch 300, Loss: 1.7579
Epoch 115 learning rate: 0.03832773180720475
Epoch 115 time: 118.87930536270142 seconds
Epoch 115 accuracy: 10.0%
Batch 100, Loss: 1.7578
Batch 200, Loss: 1.7578
Batch 300, Loss: 1.7579
Epoch 116 learning rate: 0.037565505641757285
Epoch 116 time: 118.82170104980469 seconds
Epoch 116 accuracy: 10.0%
Batch 100, Loss: 1.7578
Batch 200, Loss: 1.7579
Batch 300, Loss: 1.7579
Epoch 117 learning rate: 0.03680634750173138
Epoch 117 time: 118.67081212997437 seconds
Epoch 117 accuracy: 10.0%
Batch 100, Loss: 1.7578
Batch 200, Loss: 1.7579
Batch 300, Loss: 1.7579
Epoch 118 learning rate: 0.036050444698038565
Epoch 118 time: 118.76024341583252 seconds
Epoch 118 accuracy: 10.0%
Batch 100, Loss: 1.7578
Batch 200, Loss: 1.7579
Batch 300, Loss: 1.7579
Epoch 119 learning rate: 0.03529798373838483
Epoch 119 time: 118.87690138816833 seconds
Epoch 119 accuracy: 10.0%
Batch 100, Loss: 1.7578
Batch 200, Loss: 1.7579
Batch 300, Loss: 1.7579
Epoch 120 learning rate: 0.03454915028125267
Epoch 120 time: 118.80437064170837 seconds
Epoch 120 accuracy: 10.0%
Batch 100, Loss: 1.7578
Batch 200, Loss: 1.7579
Batch 300, Loss: 1.7578
Epoch 121 learning rate: 0.03380412909009255
Epoch 121 time: 118.81728649139404 seconds
Epoch 121 accuracy: 10.0%
Batch 100, Loss: 1.7578
Batch 200, Loss: 1.7578
Batch 300, Loss: 1.7579
Epoch 122 learning rate: 0.03306310398773545
Epoch 122 time: 118.73021697998047 seconds
Epoch 122 accuracy: 10.0%
Batch 100, Loss: 1.7578
Batch 200, Loss: 1.7578
Batch 300, Loss: 1.7579
Epoch 123 learning rate: 0.03232625781103717
Epoch 123 time: 118.89262294769287 seconds
Epoch 123 accuracy: 10.0%
Batch 100, Loss: 1.7579
Batch 200, Loss: 1.7579
Batch 300, Loss: 1.7578
Epoch 124 learning rate: 0.03159377236576613
Epoch 124 time: 118.79864835739136 seconds
Epoch 124 accuracy: 10.0%
Batch 100, Loss: 1.7578
Batch 200, Loss: 1.7579
Batch 300, Loss: 1.7579
Epoch 125 learning rate: 0.030865828381745543
Epoch 125 time: 118.71159362792969 seconds
Epoch 125 accuracy: 10.0%
Batch 100, Loss: 1.7578
Batch 200, Loss: 1.7578
Batch 300, Loss: 1.7579
Epoch 126 learning rate: 0.03014260546826098
Epoch 126 time: 118.70836615562439 seconds
Epoch 126 accuracy: 10.0%
Batch 100, Loss: 1.7578
Batch 200, Loss: 1.7578
Batch 300, Loss: 1.7579
Epoch 127 learning rate: 0.02942428206974458
Epoch 127 time: 118.76996445655823 seconds
Epoch 127 accuracy: 10.0%
Batch 100, Loss: 1.7578
Batch 200, Loss: 1.7578
Batch 300, Loss: 1.7579
Epoch 128 learning rate: 0.028711035421746387
Epoch 128 time: 118.74565625190735 seconds
Epoch 128 accuracy: 10.0%
Batch 100, Loss: 1.7578
Batch 200, Loss: 1.7578
Batch 300, Loss: 1.7579
Epoch 129 learning rate: 0.02800304150720426
Epoch 129 time: 118.89635753631592 seconds
Epoch 129 accuracy: 10.0%
Batch 100, Loss: 1.7578
Batch 200, Loss: 1.7578
Batch 300, Loss: 1.7579
Epoch 130 learning rate: 0.02730047501302268
Epoch 130 time: 118.77392172813416 seconds
Epoch 130 accuracy: 10.0%
Batch 100, Loss: 1.7578
Batch 200, Loss: 1.7579
Batch 300, Loss: 1.7578
Epoch 131 learning rate: 0.026603509286971357
Epoch 131 time: 118.90261030197144 seconds
Epoch 131 accuracy: 10.0%
Batch 100, Loss: 1.7578
Batch 200, Loss: 1.7578
Batch 300, Loss: 1.7578
Epoch 132 learning rate: 0.025912316294914244
Epoch 132 time: 118.77330374717712 seconds
Epoch 132 accuracy: 10.0%
Batch 100, Loss: 1.7578
Batch 200, Loss: 1.7578
Batch 300, Loss: 1.7579
Epoch 133 learning rate: 0.025227066578379632
Epoch 133 time: 118.80665564537048 seconds
Epoch 133 accuracy: 10.0%
Batch 100, Loss: 1.7578
Batch 200, Loss: 1.7578
Batch 300, Loss: 1.7579
Epoch 134 learning rate: 0.024547929212481445
Epoch 134 time: 118.81176328659058 seconds
Epoch 134 accuracy: 10.0%
Batch 100, Loss: 1.7578
Batch 200, Loss: 1.7578
Batch 300, Loss: 1.7579
Epoch 135 learning rate: 0.02387507176420257
Epoch 135 time: 118.85967350006104 seconds
Epoch 135 accuracy: 10.0%
Batch 100, Loss: 1.7578
Batch 200, Loss: 1.7579
Batch 300, Loss: 1.7579
Epoch 136 learning rate: 0.023208660251050166
Epoch 136 time: 118.85607194900513 seconds
Epoch 136 accuracy: 10.0%
Batch 100, Loss: 1.7578
Batch 200, Loss: 1.7578
Batch 300, Loss: 1.7579
Epoch 137 learning rate: 0.022548859100093414
Epoch 137 time: 118.84557127952576 seconds
Epoch 137 accuracy: 10.0%
Batch 100, Loss: 1.7578
Batch 200, Loss: 1.7579
Batch 300, Loss: 1.7579
Epoch 138 learning rate: 0.021895831107393474
Epoch 138 time: 118.81220555305481 seconds
Epoch 138 accuracy: 10.0%
Batch 100, Loss: 1.7578
Batch 200, Loss: 1.7578
Batch 300, Loss: 1.7579
Epoch 139 learning rate: 0.02124973739783608
Epoch 139 time: 118.73922038078308 seconds
Epoch 139 accuracy: 10.0%
Batch 100, Loss: 1.7578
Batch 200, Loss: 1.7578
Batch 300, Loss: 1.7579
Epoch 140 learning rate: 0.02061073738537636
Epoch 140 time: 118.70288300514221 seconds
Epoch 140 accuracy: 10.0%
Batch 100, Loss: 1.7578
Batch 200, Loss: 1.7578
Batch 300, Loss: 1.7578
Epoch 141 learning rate: 0.019978988733705814
Epoch 141 time: 118.75778532028198 seconds
Epoch 141 accuracy: 10.0%
Batch 100, Loss: 1.7578
Batch 200, Loss: 1.7578
Batch 300, Loss: 1.7578
Epoch 142 learning rate: 0.01935464731735118
Epoch 142 time: 118.84376955032349 seconds
Epoch 142 accuracy: 10.0%
Batch 100, Loss: 1.7578
Batch 200, Loss: 1.7578
Batch 300, Loss: 1.7578
Epoch 143 learning rate: 0.018737867183214747
Epoch 143 time: 118.73609352111816 seconds
Epoch 143 accuracy: 10.0%
Batch 100, Loss: 1.7578
Batch 200, Loss: 1.7579
Batch 300, Loss: 1.7578
Epoch 144 learning rate: 0.01812880051256552
Epoch 144 time: 118.66676926612854 seconds
Epoch 144 accuracy: 10.0%
Batch 100, Loss: 1.7578
Batch 200, Loss: 1.7578
Batch 300, Loss: 1.7578
Epoch 145 learning rate: 0.017527597583490827
Epoch 145 time: 118.78457641601562 seconds
Epoch 145 accuracy: 10.0%
Batch 100, Loss: 1.7578
Batch 200, Loss: 1.7579
Batch 300, Loss: 1.7578
Epoch 146 learning rate: 0.01693440673381742
Epoch 146 time: 118.84337377548218 seconds
Epoch 146 accuracy: 10.0%
Batch 100, Loss: 1.7578
Batch 200, Loss: 1.7578
Batch 300, Loss: 1.7578
Epoch 147 learning rate: 0.016349374324511334
Epoch 147 time: 118.79454588890076 seconds
Epoch 147 accuracy: 10.0%
Batch 100, Loss: 1.7578
Batch 200, Loss: 1.7578
Batch 300, Loss: 1.7578
Epoch 148 learning rate: 0.01577264470356557
Epoch 148 time: 118.76659321784973 seconds
Epoch 148 accuracy: 10.0%
Batch 100, Loss: 1.7578
Batch 200, Loss: 1.7578
Batch 300, Loss: 1.7578
Epoch 149 learning rate: 0.01520436017038429
Epoch 149 time: 118.70818305015564 seconds
Epoch 149 accuracy: 10.0%
Batch 100, Loss: 1.7578
Batch 200, Loss: 1.7578
Batch 300, Loss: 1.7578
Epoch 150 learning rate: 0.014644660940672632
Epoch 150 time: 118.82009840011597 seconds
Epoch 150 accuracy: 10.0%
Batch 100, Loss: 1.7578
Batch 200, Loss: 1.7578
Batch 300, Loss: 1.7578
Epoch 151 learning rate: 0.01409368511184057
Epoch 151 time: 118.71158766746521 seconds
Epoch 151 accuracy: 10.0%
Batch 100, Loss: 1.7578
Batch 200, Loss: 1.7578
Batch 300, Loss: 1.7578
Epoch 152 learning rate: 0.013551568628929438
Epoch 152 time: 118.71400547027588 seconds
Epoch 152 accuracy: 10.0%
Batch 100, Loss: 1.7578
Batch 200, Loss: 1.7578
Batch 300, Loss: 1.7578
Epoch 153 learning rate: 0.013018445251069516
Epoch 153 time: 118.91895866394043 seconds
Epoch 153 accuracy: 10.0%
Batch 100, Loss: 1.7578
Batch 200, Loss: 1.7578
Batch 300, Loss: 1.7578
Epoch 154 learning rate: 0.012494446518477026
Epoch 154 time: 118.60860586166382 seconds
Epoch 154 accuracy: 10.0%
Batch 100, Loss: 1.7577
Batch 200, Loss: 1.7578
Batch 300, Loss: 1.7578
Epoch 155 learning rate: 0.011979701719998459
Epoch 155 time: 118.73630023002625 seconds
Epoch 155 accuracy: 10.0%
Batch 100, Loss: 1.7578
Batch 200, Loss: 1.7578
Batch 300, Loss: 1.7578
Epoch 156 learning rate: 0.011474337861210548
Epoch 156 time: 118.78603029251099 seconds
Epoch 156 accuracy: 10.0%
Batch 100, Loss: 1.7578
Batch 200, Loss: 1.7578
Batch 300, Loss: 1.7578
Epoch 157 learning rate: 0.010978479633083526
Epoch 157 time: 118.78992676734924 seconds
Epoch 157 accuracy: 10.0%
Batch 100, Loss: 1.7578
Batch 200, Loss: 1.7578
Batch 300, Loss: 1.7578
Epoch 158 learning rate: 0.010492249381215483
Epoch 158 time: 118.82956981658936 seconds
Epoch 158 accuracy: 10.0%
Batch 100, Loss: 1.7578
Batch 200, Loss: 1.7578
Batch 300, Loss: 1.7578
Epoch 159 learning rate: 0.010015767075645474
Epoch 159 time: 118.81173515319824 seconds
Epoch 159 accuracy: 10.0%
Batch 100, Loss: 1.7578
Batch 200, Loss: 1.7578
Batch 300, Loss: 1.7578
Epoch 160 learning rate: 0.009549150281252637
Epoch 160 time: 118.69691491127014 seconds
Epoch 160 accuracy: 10.0%
Batch 100, Loss: 1.7578
Batch 200, Loss: 1.7578
Batch 300, Loss: 1.7578
Epoch 161 learning rate: 0.00909251412874884
Epoch 161 time: 118.71235680580139 seconds
Epoch 161 accuracy: 10.0%
Batch 100, Loss: 1.7578
Batch 200, Loss: 1.7578
Batch 300, Loss: 1.7578
Epoch 162 learning rate: 0.008645971286271918
Epoch 162 time: 118.82359576225281 seconds
Epoch 162 accuracy: 10.0%
Batch 100, Loss: 1.7578
Batch 200, Loss: 1.7578
Batch 300, Loss: 1.7578
Epoch 163 learning rate: 0.008209631931586501
Epoch 163 time: 118.75581693649292 seconds
Epoch 163 accuracy: 10.0%
Batch 100, Loss: 1.7578
Batch 200, Loss: 1.7578
Batch 300, Loss: 1.7578
Epoch 164 learning rate: 0.0077836037248992605
Epoch 164 time: 118.80863046646118 seconds
Epoch 164 accuracy: 10.0%
Batch 100, Loss: 1.7578
Batch 200, Loss: 1.7578
Batch 300, Loss: 1.7578
Epoch 165 learning rate: 0.0073679917822954055
Epoch 165 time: 118.80256199836731 seconds
Epoch 165 accuracy: 10.0%
Batch 100, Loss: 1.7578
Batch 200, Loss: 1.7578
Batch 300, Loss: 1.7578
Epoch 166 learning rate: 0.006962898649802815
Epoch 166 time: 118.82129454612732 seconds
Epoch 166 accuracy: 10.0%
Batch 100, Loss: 1.7578
Batch 200, Loss: 1.7578
Batch 300, Loss: 1.7578
Epoch 167 learning rate: 0.006568424278090438
Epoch 167 time: 118.79865455627441 seconds
Epoch 167 accuracy: 10.0%
Batch 100, Loss: 1.7578
Batch 200, Loss: 1.7578
Batch 300, Loss: 1.7578
Epoch 168 learning rate: 0.006184665997806824
Epoch 168 time: 118.86193776130676 seconds
Epoch 168 accuracy: 10.0%
Batch 100, Loss: 1.7578
Batch 200, Loss: 1.7578
Batch 300, Loss: 1.7578
Epoch 169 learning rate: 0.00581171849556533
Epoch 169 time: 118.7307198047638 seconds
Epoch 169 accuracy: 10.0%
Batch 100, Loss: 1.7578
Batch 200, Loss: 1.7578
Batch 300, Loss: 1.7578
Epoch 170 learning rate: 0.0054496737905816136
Epoch 170 time: 118.78245759010315 seconds
Epoch 170 accuracy: 10.0%
Batch 100, Loss: 1.7578
Batch 200, Loss: 1.7578
Batch 300, Loss: 1.7578
Epoch 171 learning rate: 0.005098621211969226
Epoch 171 time: 118.77690434455872 seconds
Epoch 171 accuracy: 10.0%
Batch 100, Loss: 1.7578
Batch 200, Loss: 1.7578
Batch 300, Loss: 1.7578
Epoch 172 learning rate: 0.004758647376699035
Epoch 172 time: 118.82357597351074 seconds
Epoch 172 accuracy: 10.0%
Batch 100, Loss: 1.7578
Batch 200, Loss: 1.7578
Batch 300, Loss: 1.7578
Epoch 173 learning rate: 0.00442983616822775
Epoch 173 time: 118.73395609855652 seconds
Epoch 173 accuracy: 10.0%
Batch 100, Loss: 1.7578
Batch 200, Loss: 1.7578
Batch 300, Loss: 1.7578
Epoch 174 learning rate: 0.004112268715800957
Epoch 174 time: 118.75947046279907 seconds
Epoch 174 accuracy: 10.0%
Batch 100, Loss: 1.7578
Batch 200, Loss: 1.7578
Batch 300, Loss: 1.7578
Epoch 175 learning rate: 0.003806023374435677
Epoch 175 time: 118.81066727638245 seconds
Epoch 175 accuracy: 10.0%
Batch 100, Loss: 1.7578
Batch 200, Loss: 1.7578
Batch 300, Loss: 1.7578
Epoch 176 learning rate: 0.003511175705587435
Epoch 176 time: 118.69282865524292 seconds
Epoch 176 accuracy: 10.0%
Batch 100, Loss: 1.7578
Batch 200, Loss: 1.7578
Batch 300, Loss: 1.7578
Epoch 177 learning rate: 0.0032277984585066333
Epoch 177 time: 118.79169344902039 seconds
Epoch 177 accuracy: 10.0%
Batch 100, Loss: 1.7578
Batch 200, Loss: 1.7578
Batch 300, Loss: 1.7578
Epoch 178 learning rate: 0.002955961552288729
Epoch 178 time: 118.8181939125061 seconds
Epoch 178 accuracy: 10.0%
Batch 100, Loss: 1.7578
Batch 200, Loss: 1.7578
Batch 300, Loss: 1.7578
Epoch 179 learning rate: 0.0026957320586227366
Epoch 179 time: 118.78262162208557 seconds
Epoch 179 accuracy: 10.0%
Batch 100, Loss: 1.7578
Batch 200, Loss: 1.7578
Batch 300, Loss: 1.7578
Epoch 180 learning rate: 0.002447174185242325
Epoch 180 time: 118.75351166725159 seconds
Epoch 180 accuracy: 10.0%
Batch 100, Loss: 1.7578
Batch 200, Loss: 1.7578
Batch 300, Loss: 1.7578
Epoch 181 learning rate: 0.0022103492600834954
Epoch 181 time: 118.79727149009705 seconds
Epoch 181 accuracy: 10.0%
Batch 100, Loss: 1.7578
Batch 200, Loss: 1.7578
Batch 300, Loss: 1.7578
Epoch 182 learning rate: 0.0019853157161528537
Epoch 182 time: 118.84652042388916 seconds
Epoch 182 accuracy: 10.0%
Batch 100, Loss: 1.7578
Batch 200, Loss: 1.7578
Batch 300, Loss: 1.7578
Epoch 183 learning rate: 0.001772129077110103
Epoch 183 time: 118.74713325500488 seconds
Epoch 183 accuracy: 10.0%
Batch 100, Loss: 1.7578
Batch 200, Loss: 1.7578
Batch 300, Loss: 1.7578
Epoch 184 learning rate: 0.0015708419435684529
Epoch 184 time: 118.71008491516113 seconds
Epoch 184 accuracy: 10.0%
Batch 100, Loss: 1.7578
Batch 200, Loss: 1.7578
Batch 300, Loss: 1.7578
Epoch 185 learning rate: 0.0013815039801161732
Epoch 185 time: 118.79290318489075 seconds
Epoch 185 accuracy: 10.0%
Batch 100, Loss: 1.7578
Batch 200, Loss: 1.7578
Batch 300, Loss: 1.7578
Epoch 186 learning rate: 0.0012041619030626347
Epoch 186 time: 118.76700091362 seconds
Epoch 186 accuracy: 10.0%
Batch 100, Loss: 1.7578
Batch 200, Loss: 1.7578
Batch 300, Loss: 1.7578
Epoch 187 learning rate: 0.0010388594689117077
Epoch 187 time: 118.74105906486511 seconds
Epoch 187 accuracy: 10.0%
Batch 100, Loss: 1.7578
Batch 200, Loss: 1.7578
Batch 300, Loss: 1.7578
Epoch 188 learning rate: 0.0008856374635655645
Epoch 188 time: 118.7003173828125 seconds
Epoch 188 accuracy: 10.0%
Batch 100, Loss: 1.7578
Batch 200, Loss: 1.7578
Batch 300, Loss: 1.7578
Epoch 189 learning rate: 0.000744533692261307
Epoch 189 time: 118.76830267906189 seconds
Epoch 189 accuracy: 10.0%
Batch 100, Loss: 1.7578
Batch 200, Loss: 1.7578
Batch 300, Loss: 1.7578
Epoch 190 learning rate: 0.0006155829702431174
Epoch 190 time: 118.7724997997284 seconds
Epoch 190 accuracy: 10.0%
Batch 100, Loss: 1.7578
Batch 200, Loss: 1.7578
Batch 300, Loss: 1.7578
Epoch 191 learning rate: 0.0004988171141721235
Epoch 191 time: 118.78301095962524 seconds
Epoch 191 accuracy: 10.0%
Batch 100, Loss: 1.7578
Batch 200, Loss: 1.7578
Batch 300, Loss: 1.7578
Epoch 192 learning rate: 0.00039426493427611206
Epoch 192 time: 118.69140100479126 seconds
Epoch 192 accuracy: 10.0%
Batch 100, Loss: 1.7578
Batch 200, Loss: 1.7578
Batch 300, Loss: 1.7578
Epoch 193 learning rate: 0.00030195222724102046
Epoch 193 time: 118.75357460975647 seconds
Epoch 193 accuracy: 10.0%
Batch 100, Loss: 1.7578
Batch 200, Loss: 1.7578
Batch 300, Loss: 1.7578
Epoch 194 learning rate: 0.00022190176984600036
Epoch 194 time: 118.7122392654419 seconds
Epoch 194 accuracy: 10.0%
Batch 100, Loss: 1.7578
Batch 200, Loss: 1.7578
Batch 300, Loss: 1.7578
Epoch 195 learning rate: 0.00015413331334360192
Epoch 195 time: 118.7619366645813 seconds
Epoch 195 accuracy: 10.0%
Batch 100, Loss: 1.7578
Batch 200, Loss: 1.7578
Batch 300, Loss: 1.7578
Epoch 196 learning rate: 9.866357858642213e-05
Epoch 196 time: 118.86187624931335 seconds
Epoch 196 accuracy: 10.0%
Batch 100, Loss: 1.7578
Batch 200, Loss: 1.7578
Batch 300, Loss: 1.7578
Epoch 197 learning rate: 5.5506251901504864e-05
Epoch 197 time: 118.69900703430176 seconds
Epoch 197 accuracy: 10.0%
Batch 100, Loss: 1.7578
Batch 200, Loss: 1.7578
Batch 300, Loss: 1.7578
Epoch 198 learning rate: 2.4671981713420017e-05
Epoch 198 time: 118.69632124900818 seconds
Epoch 198 accuracy: 10.0%
Batch 100, Loss: 1.7578
Batch 200, Loss: 1.7578
Batch 300, Loss: 1.7578
Epoch 199 learning rate: 6.168375916970619e-06
Epoch 199 time: 118.71954035758972 seconds
Epoch 199 accuracy: 10.0%
Batch 100, Loss: 1.7578
Batch 200, Loss: 1.7578
Batch 300, Loss: 1.7578
Epoch 200 learning rate: 0.0
Epoch 200 time: 118.76698851585388 seconds
Epoch 200 accuracy: 10.0%
Total training time: 23764.28136563301 seconds
