The following modules were not unloaded:
  (Use "module --force purge" to unload all):

  1) CCconfig        6)  ucx/1.14.1         11) flexiblas/3.3.1
  2) gentoo/2023     7)  libfabric/1.18.0   12) imkl/2023.2.0
  3) gcccore/.12.3   8)  pmix/4.2.4         13) StdEnv/2023
  4) gcc/12.3        9)  ucc/1.2.0
  5) hwloc/2.9.1     10) openmpi/4.1.5
/project/6070520/tkleinkn/Vanilla-GAM/main_cifar.py:187: UserWarning: You have chosen a specific GPU. This will completely disable data parallelism.
  warnings.warn('You have chosen a specific GPU. This will completely '
model name space ['resnet101_c', 'resnet152_c', 'resnet18_c', 'resnet34_c', 'resnet50_c']
Use GPU: 0 for training
=> creating model 'resnet18_c'
Files already downloaded and verified
Files already downloaded and verified
tensorboard dir ./results/CIFAR10/GAMNonAccelerated
Using non-accelerated GAM
/home/tkleinkn/GAMtest/lib/python3.11/site-packages/torch/autograd/graph.py:744: UserWarning: Using backward() with create_graph=True will create a reference cycle between the parameter and its gradient which can cause a memory leak. We recommend using autograd.grad when creating the graph to avoid this. If you have to use this function, make sure to reset the .grad fields of your parameters to None after use to break the cycle and avoid the leak. (Triggered internally at /home/coulombc/wheels_builder/tmp.2617/python-3.11/torch/torch/csrc/autograd/engine.cpp:1203.)
  return Variable._execution_engine.run_backward(  # Calls into the C++ engine to run the backward pass
Batch 100, Loss: 2.0027
Batch 200, Loss: 1.4637
Batch 300, Loss: 1.3699
Epoch 1 learning rate: 0.09999383162408304
Epoch 1 time: 245.6064794063568 seconds
Epoch 1 accuracy: 42.17%
Batch 100, Loss: 1.2338
Batch 200, Loss: 1.1956
Batch 300, Loss: 1.1368
Epoch 2 learning rate: 0.09997532801828658
Epoch 2 time: 236.50433087348938 seconds
Epoch 2 accuracy: 52.14%
Batch 100, Loss: 1.0639
Batch 200, Loss: 1.0283
Batch 300, Loss: 0.9934
Epoch 3 learning rate: 0.09994449374809851
Epoch 3 time: 236.31779861450195 seconds
Epoch 3 accuracy: 54.91%
Batch 100, Loss: 0.9280
Batch 200, Loss: 0.8944
Batch 300, Loss: 0.8726
Epoch 4 learning rate: 0.09990133642141359
Epoch 4 time: 236.12401366233826 seconds
Epoch 4 accuracy: 60.72%
Batch 100, Loss: 0.8238
Batch 200, Loss: 0.8022
Batch 300, Loss: 0.7854
Epoch 5 learning rate: 0.09984586668665642
Epoch 5 time: 236.30079197883606 seconds
Epoch 5 accuracy: 65.57%
Batch 100, Loss: 0.7405
Batch 200, Loss: 0.7277
Batch 300, Loss: 0.7017
Epoch 6 learning rate: 0.09977809823015402
Epoch 6 time: 235.95332169532776 seconds
Epoch 6 accuracy: 71.68%
Batch 100, Loss: 0.6658
Batch 200, Loss: 0.6468
Batch 300, Loss: 0.6309
Epoch 7 learning rate: 0.09969804777275901
Epoch 7 time: 235.99336194992065 seconds
Epoch 7 accuracy: 76.28%
Batch 100, Loss: 0.6178
Batch 200, Loss: 0.5973
Batch 300, Loss: 0.5966
Epoch 8 learning rate: 0.09960573506572391
Epoch 8 time: 236.15439629554749 seconds
Epoch 8 accuracy: 67.83%
Batch 100, Loss: 0.5779
Batch 200, Loss: 0.5605
Batch 300, Loss: 0.5746
Epoch 9 learning rate: 0.09950118288582789
Epoch 9 time: 235.98482537269592 seconds
Epoch 9 accuracy: 70.98%
Batch 100, Loss: 0.5461
Batch 200, Loss: 0.5498
Batch 300, Loss: 0.5481
Epoch 10 learning rate: 0.09938441702975691
Epoch 10 time: 236.09099555015564 seconds
Epoch 10 accuracy: 74.84%
Batch 100, Loss: 0.5161
Batch 200, Loss: 0.5260
Batch 300, Loss: 0.5333
Epoch 11 learning rate: 0.09925546630773871
Epoch 11 time: 236.14671206474304 seconds
Epoch 11 accuracy: 76.24%
Batch 100, Loss: 0.5135
Batch 200, Loss: 0.5107
Batch 300, Loss: 0.5119
Epoch 12 learning rate: 0.09911436253643445
Epoch 12 time: 236.05638980865479 seconds
Epoch 12 accuracy: 79.99%
Batch 100, Loss: 0.4998
Batch 200, Loss: 0.4903
Batch 300, Loss: 0.4888
Epoch 13 learning rate: 0.0989611405310883
Epoch 13 time: 235.99544286727905 seconds
Epoch 13 accuracy: 72.89%
Batch 100, Loss: 0.4929
Batch 200, Loss: 0.4901
Batch 300, Loss: 0.4751
Epoch 14 learning rate: 0.09879583809693739
Epoch 14 time: 236.01160144805908 seconds
Epoch 14 accuracy: 80.6%
Batch 100, Loss: 0.4785
Batch 200, Loss: 0.4698
Batch 300, Loss: 0.4714
Epoch 15 learning rate: 0.09861849601988384
Epoch 15 time: 236.0482668876648 seconds
Epoch 15 accuracy: 79.6%
Batch 100, Loss: 0.4603
Batch 200, Loss: 0.4665
Batch 300, Loss: 0.4673
Epoch 16 learning rate: 0.09842915805643157
Epoch 16 time: 236.1905472278595 seconds
Epoch 16 accuracy: 81.75%
Batch 100, Loss: 0.4511
Batch 200, Loss: 0.4482
Batch 300, Loss: 0.4667
Epoch 17 learning rate: 0.09822787092288993
Epoch 17 time: 235.9991283416748 seconds
Epoch 17 accuracy: 81.19%
Batch 100, Loss: 0.4439
Batch 200, Loss: 0.4366
Batch 300, Loss: 0.4436
Epoch 18 learning rate: 0.09801468428384717
Epoch 18 time: 236.02940559387207 seconds
Epoch 18 accuracy: 82.25%
Batch 100, Loss: 0.4461
Batch 200, Loss: 0.4395
Batch 300, Loss: 0.4284
Epoch 19 learning rate: 0.09778965073991652
Epoch 19 time: 236.05142664909363 seconds
Epoch 19 accuracy: 81.25%
Batch 100, Loss: 0.4287
Batch 200, Loss: 0.4435
Batch 300, Loss: 0.4272
Epoch 20 learning rate: 0.0975528258147577
Epoch 20 time: 235.95545029640198 seconds
Epoch 20 accuracy: 82.9%
Batch 100, Loss: 0.4294
Batch 200, Loss: 0.4346
Batch 300, Loss: 0.4293
Epoch 21 learning rate: 0.09730426794137728
Epoch 21 time: 236.21362495422363 seconds
Epoch 21 accuracy: 81.32%
Batch 100, Loss: 0.4274
Batch 200, Loss: 0.4295
Batch 300, Loss: 0.4263
Epoch 22 learning rate: 0.09704403844771128
Epoch 22 time: 236.03696084022522 seconds
Epoch 22 accuracy: 83.42%
Batch 100, Loss: 0.4173
Batch 200, Loss: 0.4126
Batch 300, Loss: 0.4234
Epoch 23 learning rate: 0.09677220154149338
Epoch 23 time: 236.15386843681335 seconds
Epoch 23 accuracy: 79.83%
Batch 100, Loss: 0.4050
Batch 200, Loss: 0.4198
Batch 300, Loss: 0.4100
Epoch 24 learning rate: 0.09648882429441258
Epoch 24 time: 236.00069379806519 seconds
Epoch 24 accuracy: 83.57%
Batch 100, Loss: 0.4020
Batch 200, Loss: 0.4199
Batch 300, Loss: 0.4183
Epoch 25 learning rate: 0.09619397662556435
Epoch 25 time: 236.02620029449463 seconds
Epoch 25 accuracy: 85.4%
Batch 100, Loss: 0.4034
Batch 200, Loss: 0.4044
Batch 300, Loss: 0.4136
Epoch 26 learning rate: 0.09588773128419906
Epoch 26 time: 236.08263230323792 seconds
Epoch 26 accuracy: 83.09%
Batch 100, Loss: 0.4031
Batch 200, Loss: 0.4083
Batch 300, Loss: 0.4099
Epoch 27 learning rate: 0.09557016383177226
Epoch 27 time: 236.05284428596497 seconds
Epoch 27 accuracy: 84.5%
Batch 100, Loss: 0.3992
Batch 200, Loss: 0.4065
Batch 300, Loss: 0.4060
Epoch 28 learning rate: 0.09524135262330098
Epoch 28 time: 236.0738389492035 seconds
Epoch 28 accuracy: 84.55%
Batch 100, Loss: 0.3868
Batch 200, Loss: 0.4031
Batch 300, Loss: 0.4021
Epoch 29 learning rate: 0.09490137878803079
Epoch 29 time: 235.94410181045532 seconds
Epoch 29 accuracy: 85.25%
Batch 100, Loss: 0.3807
Batch 200, Loss: 0.4019
Batch 300, Loss: 0.3970
Epoch 30 learning rate: 0.0945503262094184
Epoch 30 time: 236.03218579292297 seconds
Epoch 30 accuracy: 85.82%
Batch 100, Loss: 0.3898
Batch 200, Loss: 0.3936
Batch 300, Loss: 0.4147
Epoch 31 learning rate: 0.0941882815044347
Epoch 31 time: 236.00044083595276 seconds
Epoch 31 accuracy: 85.85%
Batch 100, Loss: 0.3809
Batch 200, Loss: 0.3870
Batch 300, Loss: 0.3949
Epoch 32 learning rate: 0.09381533400219319
Epoch 32 time: 236.02563285827637 seconds
Epoch 32 accuracy: 86.15%
Batch 100, Loss: 0.3770
Batch 200, Loss: 0.3901
Batch 300, Loss: 0.3862
Epoch 33 learning rate: 0.09343157572190958
Epoch 33 time: 236.07790446281433 seconds
Epoch 33 accuracy: 84.97%
Batch 100, Loss: 0.3781
Batch 200, Loss: 0.3730
Batch 300, Loss: 0.3847
Epoch 34 learning rate: 0.0930371013501972
Epoch 34 time: 236.04446244239807 seconds
Epoch 34 accuracy: 84.74%
Batch 100, Loss: 0.3695
Batch 200, Loss: 0.3811
Batch 300, Loss: 0.3781
Epoch 35 learning rate: 0.09263200821770463
Epoch 35 time: 236.10778331756592 seconds
Epoch 35 accuracy: 84.69%
Batch 100, Loss: 0.3642
Batch 200, Loss: 0.3746
Batch 300, Loss: 0.3781
Epoch 36 learning rate: 0.09221639627510078
Epoch 36 time: 236.06491923332214 seconds
Epoch 36 accuracy: 85.35%
Batch 100, Loss: 0.3701
Batch 200, Loss: 0.3771
Batch 300, Loss: 0.3844
Epoch 37 learning rate: 0.09179036806841355
Epoch 37 time: 235.87070035934448 seconds
Epoch 37 accuracy: 84.64%
Batch 100, Loss: 0.3761
Batch 200, Loss: 0.3733
Batch 300, Loss: 0.3828
Epoch 38 learning rate: 0.09135402871372812
Epoch 38 time: 236.09048342704773 seconds
Epoch 38 accuracy: 85.48%
Batch 100, Loss: 0.3567
Batch 200, Loss: 0.3829
Batch 300, Loss: 0.3686
Epoch 39 learning rate: 0.0909074858712512
Epoch 39 time: 236.0891797542572 seconds
Epoch 39 accuracy: 84.33%
Batch 100, Loss: 0.3637
Batch 200, Loss: 0.3795
Batch 300, Loss: 0.3814
Epoch 40 learning rate: 0.09045084971874741
Epoch 40 time: 236.067143201828 seconds
Epoch 40 accuracy: 82.09%
Batch 100, Loss: 0.3633
Batch 200, Loss: 0.3707
Batch 300, Loss: 0.3696
Epoch 41 learning rate: 0.08998423292435458
Epoch 41 time: 236.0166757106781 seconds
Epoch 41 accuracy: 85.94%
Batch 100, Loss: 0.3660
Batch 200, Loss: 0.3670
Batch 300, Loss: 0.3653
Epoch 42 learning rate: 0.08950775061878455
Epoch 42 time: 236.12649512290955 seconds
Epoch 42 accuracy: 82.38%
Batch 100, Loss: 0.3576
Batch 200, Loss: 0.3547
Batch 300, Loss: 0.3701
Epoch 43 learning rate: 0.08902152036691653
Epoch 43 time: 236.11981320381165 seconds
Epoch 43 accuracy: 86.02%
Batch 100, Loss: 0.3588
Batch 200, Loss: 0.3656
Batch 300, Loss: 0.3745
Epoch 44 learning rate: 0.08852566213878951
Epoch 44 time: 235.970712184906 seconds
Epoch 44 accuracy: 83.64%
Batch 100, Loss: 0.3538
Batch 200, Loss: 0.3719
Batch 300, Loss: 0.3643
Epoch 45 learning rate: 0.0880202982800016
Epoch 45 time: 236.15345406532288 seconds
Epoch 45 accuracy: 84.99%
Batch 100, Loss: 0.3632
Batch 200, Loss: 0.3520
Batch 300, Loss: 0.3601
Epoch 46 learning rate: 0.08750555348152303
Epoch 46 time: 235.98561072349548 seconds
Epoch 46 accuracy: 86.78%
Batch 100, Loss: 0.3517
Batch 200, Loss: 0.3528
Batch 300, Loss: 0.3557
Epoch 47 learning rate: 0.08698155474893052
Epoch 47 time: 236.07048678398132 seconds
Epoch 47 accuracy: 85.87%
Batch 100, Loss: 0.3515
Batch 200, Loss: 0.3548
Batch 300, Loss: 0.3520
Epoch 48 learning rate: 0.08644843137107061
Epoch 48 time: 236.02914714813232 seconds
Epoch 48 accuracy: 87.57%
Batch 100, Loss: 0.3528
Batch 200, Loss: 0.3542
Batch 300, Loss: 0.3568
Epoch 49 learning rate: 0.08590631488815947
Epoch 49 time: 236.19381070137024 seconds
Epoch 49 accuracy: 84.69%
Batch 100, Loss: 0.3544
Batch 200, Loss: 0.3404
Batch 300, Loss: 0.3545
Epoch 50 learning rate: 0.0853553390593274
Epoch 50 time: 236.23513007164001 seconds
Epoch 50 accuracy: 82.4%
Batch 100, Loss: 0.3438
Batch 200, Loss: 0.3557
Batch 300, Loss: 0.3604
Epoch 51 learning rate: 0.08479563982961574
Epoch 51 time: 236.195214509964 seconds
Epoch 51 accuracy: 84.74%
Batch 100, Loss: 0.3313
Batch 200, Loss: 0.3470
Batch 300, Loss: 0.3475
Epoch 52 learning rate: 0.08422735529643446
Epoch 52 time: 236.00669193267822 seconds
Epoch 52 accuracy: 84.96%
Batch 100, Loss: 0.3419
Batch 200, Loss: 0.3426
Batch 300, Loss: 0.3500
Epoch 53 learning rate: 0.08365062567548869
Epoch 53 time: 236.05279421806335 seconds
Epoch 53 accuracy: 84.97%
Batch 100, Loss: 0.3464
Batch 200, Loss: 0.3549
Batch 300, Loss: 0.3446
Epoch 54 learning rate: 0.08306559326618261
Epoch 54 time: 236.03655815124512 seconds
Epoch 54 accuracy: 86.61%
Batch 100, Loss: 0.3264
Batch 200, Loss: 0.3403
Batch 300, Loss: 0.3436
Epoch 55 learning rate: 0.0824724024165092
Epoch 55 time: 235.9342761039734 seconds
Epoch 55 accuracy: 87.08%
Batch 100, Loss: 0.3430
Batch 200, Loss: 0.3534
Batch 300, Loss: 0.3444
Epoch 56 learning rate: 0.0818711994874345
Epoch 56 time: 236.16036009788513 seconds
Epoch 56 accuracy: 86.05%
Batch 100, Loss: 0.3262
Batch 200, Loss: 0.3330
Batch 300, Loss: 0.3391
Epoch 57 learning rate: 0.08126213281678528
Epoch 57 time: 236.05410242080688 seconds
Epoch 57 accuracy: 87.76%
Batch 100, Loss: 0.3287
Batch 200, Loss: 0.3382
Batch 300, Loss: 0.3365
Epoch 58 learning rate: 0.08064535268264884
Epoch 58 time: 236.1506426334381 seconds
Epoch 58 accuracy: 85.66%
Batch 100, Loss: 0.3249
Batch 200, Loss: 0.3383
Batch 300, Loss: 0.3427
Epoch 59 learning rate: 0.08002101126629421
Epoch 59 time: 236.34462809562683 seconds
Epoch 59 accuracy: 87.3%
Batch 100, Loss: 0.3240
Batch 200, Loss: 0.3223
Batch 300, Loss: 0.3296
Epoch 60 learning rate: 0.07938926261462367
Epoch 60 time: 235.9365255832672 seconds
Epoch 60 accuracy: 87.95%
Batch 100, Loss: 0.3352
Batch 200, Loss: 0.3354
Batch 300, Loss: 0.3255
Epoch 61 learning rate: 0.07875026260216395
Epoch 61 time: 236.12483286857605 seconds
Epoch 61 accuracy: 86.46%
Batch 100, Loss: 0.3207
Batch 200, Loss: 0.3283
Batch 300, Loss: 0.3280
Epoch 62 learning rate: 0.07810416889260656
Epoch 62 time: 235.97802662849426 seconds
Epoch 62 accuracy: 86.74%
Batch 100, Loss: 0.3254
Batch 200, Loss: 0.3256
Batch 300, Loss: 0.3359
Epoch 63 learning rate: 0.07745114089990661
Epoch 63 time: 236.10076785087585 seconds
Epoch 63 accuracy: 87.49%
Batch 100, Loss: 0.3126
Batch 200, Loss: 0.3303
Batch 300, Loss: 0.3275
Epoch 64 learning rate: 0.07679133974894985
Epoch 64 time: 236.1421308517456 seconds
Epoch 64 accuracy: 87.67%
Batch 100, Loss: 0.3198
Batch 200, Loss: 0.3222
Batch 300, Loss: 0.3227
Epoch 65 learning rate: 0.07612492823579746
Epoch 65 time: 236.17991995811462 seconds
Epoch 65 accuracy: 87.0%
Batch 100, Loss: 0.3237
Batch 200, Loss: 0.3163
Batch 300, Loss: 0.3211
Epoch 66 learning rate: 0.07545207078751859
Epoch 66 time: 236.03507947921753 seconds
Epoch 66 accuracy: 86.11%
Batch 100, Loss: 0.3129
Batch 200, Loss: 0.3270
Batch 300, Loss: 0.3298
Epoch 67 learning rate: 0.0747729334216204
Epoch 67 time: 236.17680263519287 seconds
Epoch 67 accuracy: 86.61%
Batch 100, Loss: 0.3072
Batch 200, Loss: 0.3326
Batch 300, Loss: 0.3280
Epoch 68 learning rate: 0.07408768370508578
Epoch 68 time: 236.20807480812073 seconds
Epoch 68 accuracy: 85.49%
Batch 100, Loss: 0.3183
Batch 200, Loss: 0.3100
Batch 300, Loss: 0.3193
Epoch 69 learning rate: 0.0733964907130287
Epoch 69 time: 236.04683113098145 seconds
Epoch 69 accuracy: 87.9%
Batch 100, Loss: 0.3117
Batch 200, Loss: 0.3081
Batch 300, Loss: 0.3156
Epoch 70 learning rate: 0.07269952498697736
Epoch 70 time: 236.0703694820404 seconds
Epoch 70 accuracy: 87.74%
Batch 100, Loss: 0.3241
Batch 200, Loss: 0.3099
Batch 300, Loss: 0.3201
Epoch 71 learning rate: 0.07199695849279578
Epoch 71 time: 236.13257575035095 seconds
Epoch 71 accuracy: 87.3%
Batch 100, Loss: 0.3062
Batch 200, Loss: 0.3108
Batch 300, Loss: 0.3196
Epoch 72 learning rate: 0.07128896457825366
Epoch 72 time: 236.0246376991272 seconds
Epoch 72 accuracy: 89.56%
Batch 100, Loss: 0.2984
Batch 200, Loss: 0.3092
Batch 300, Loss: 0.3049
Epoch 73 learning rate: 0.07057571793025548
Epoch 73 time: 236.05824446678162 seconds
Epoch 73 accuracy: 85.42%
Batch 100, Loss: 0.3066
Batch 200, Loss: 0.3057
Batch 300, Loss: 0.3144
Epoch 74 learning rate: 0.06985739453173906
Epoch 74 time: 236.11789894104004 seconds
Epoch 74 accuracy: 90.11%
Batch 100, Loss: 0.3049
Batch 200, Loss: 0.3015
Batch 300, Loss: 0.3096
Epoch 75 learning rate: 0.06913417161825453
Epoch 75 time: 236.06988334655762 seconds
Epoch 75 accuracy: 87.94%
Batch 100, Loss: 0.2926
Batch 200, Loss: 0.3097
Batch 300, Loss: 0.3138
Epoch 76 learning rate: 0.06840622763423394
Epoch 76 time: 236.07678079605103 seconds
Epoch 76 accuracy: 88.65%
Batch 100, Loss: 0.3029
Batch 200, Loss: 0.3051
Batch 300, Loss: 0.2954
Epoch 77 learning rate: 0.0676737421889629
Epoch 77 time: 236.06022262573242 seconds
Epoch 77 accuracy: 89.71%
Batch 100, Loss: 0.2894
Batch 200, Loss: 0.3155
Batch 300, Loss: 0.3014
Epoch 78 learning rate: 0.06693689601226462
Epoch 78 time: 235.93365502357483 seconds
Epoch 78 accuracy: 88.85%
Batch 100, Loss: 0.2848
Batch 200, Loss: 0.2953
Batch 300, Loss: 0.3040
Epoch 79 learning rate: 0.06619587090990751
Epoch 79 time: 236.1556899547577 seconds
Epoch 79 accuracy: 89.95%
Batch 100, Loss: 0.2861
Batch 200, Loss: 0.2981
Batch 300, Loss: 0.3073
Epoch 80 learning rate: 0.06545084971874741
Epoch 80 time: 236.0702350139618 seconds
Epoch 80 accuracy: 88.72%
Batch 100, Loss: 0.2953
Batch 200, Loss: 0.2974
Batch 300, Loss: 0.2904
Epoch 81 learning rate: 0.06470201626161524
Epoch 81 time: 236.08914375305176 seconds
Epoch 81 accuracy: 89.66%
Batch 100, Loss: 0.2810
Batch 200, Loss: 0.2881
Batch 300, Loss: 0.3104
Epoch 82 learning rate: 0.06394955530196152
Epoch 82 time: 236.00372982025146 seconds
Epoch 82 accuracy: 89.14%
Batch 100, Loss: 0.2937
Batch 200, Loss: 0.2919
Batch 300, Loss: 0.2865
Epoch 83 learning rate: 0.06319365249826868
Epoch 83 time: 235.97480964660645 seconds
Epoch 83 accuracy: 88.43%
Batch 100, Loss: 0.2898
Batch 200, Loss: 0.2928
Batch 300, Loss: 0.2990
Epoch 84 learning rate: 0.06243449435824277
Epoch 84 time: 236.25423622131348 seconds
Epoch 84 accuracy: 88.9%
Batch 100, Loss: 0.2783
Batch 200, Loss: 0.2850
Batch 300, Loss: 0.2902
Epoch 85 learning rate: 0.06167226819279532
Epoch 85 time: 236.0259668827057 seconds
Epoch 85 accuracy: 88.75%
Batch 100, Loss: 0.2768
Batch 200, Loss: 0.2810
Batch 300, Loss: 0.2959
Epoch 86 learning rate: 0.06090716206982718
Epoch 86 time: 236.17904615402222 seconds
Epoch 86 accuracy: 87.71%
Batch 100, Loss: 0.2798
Batch 200, Loss: 0.2829
Batch 300, Loss: 0.2860
Epoch 87 learning rate: 0.06013936476782568
Epoch 87 time: 235.99794149398804 seconds
Epoch 87 accuracy: 88.26%
Batch 100, Loss: 0.2747
Batch 200, Loss: 0.2854
Batch 300, Loss: 0.2888
Epoch 88 learning rate: 0.05936906572928629
Epoch 88 time: 235.88439464569092 seconds
Epoch 88 accuracy: 86.69%
Batch 100, Loss: 0.2843
Batch 200, Loss: 0.2749
Batch 300, Loss: 0.2849
Epoch 89 learning rate: 0.05859645501397052
Epoch 89 time: 236.09599947929382 seconds
Epoch 89 accuracy: 86.82%
Batch 100, Loss: 0.2777
Batch 200, Loss: 0.2805
Batch 300, Loss: 0.2900
Epoch 90 learning rate: 0.05782172325201159
Epoch 90 time: 235.8897786140442 seconds
Epoch 90 accuracy: 87.13%
Batch 100, Loss: 0.2682
Batch 200, Loss: 0.2813
Batch 300, Loss: 0.2770
Epoch 91 learning rate: 0.057045061596879186
Epoch 91 time: 236.04028248786926 seconds
Epoch 91 accuracy: 90.11%
Batch 100, Loss: 0.2648
Batch 200, Loss: 0.2717
Batch 300, Loss: 0.2802
Epoch 92 learning rate: 0.056266661678215264
Epoch 92 time: 236.1475372314453 seconds
Epoch 92 accuracy: 87.78%
Batch 100, Loss: 0.2767
Batch 200, Loss: 0.2768
Batch 300, Loss: 0.2777
Epoch 93 learning rate: 0.055486715554552306
Epoch 93 time: 236.16509914398193 seconds
Epoch 93 accuracy: 89.11%
Batch 100, Loss: 0.2647
Batch 200, Loss: 0.2751
Batch 300, Loss: 0.2680
Epoch 94 learning rate: 0.05470541566592575
Epoch 94 time: 235.99897456169128 seconds
Epoch 94 accuracy: 90.61%
Batch 100, Loss: 0.2661
Batch 200, Loss: 0.2681
Batch 300, Loss: 0.2710
Epoch 95 learning rate: 0.05392295478639229
Epoch 95 time: 235.95228576660156 seconds
Epoch 95 accuracy: 90.5%
Batch 100, Loss: 0.2611
Batch 200, Loss: 0.2643
Batch 300, Loss: 0.2593
Epoch 96 learning rate: 0.05313952597646571
Epoch 96 time: 235.95064210891724 seconds
Epoch 96 accuracy: 89.25%
Batch 100, Loss: 0.2651
Batch 200, Loss: 0.2618
Batch 300, Loss: 0.2562
Epoch 97 learning rate: 0.05235532253548216
Epoch 97 time: 235.8660843372345 seconds
Epoch 97 accuracy: 88.55%
Batch 100, Loss: 0.2541
Batch 200, Loss: 0.2554
Batch 300, Loss: 0.2769
Epoch 98 learning rate: 0.051570537953906447
Epoch 98 time: 235.9989447593689 seconds
Epoch 98 accuracy: 90.8%
Batch 100, Loss: 0.2533
Batch 200, Loss: 0.2591
Batch 300, Loss: 0.2574
Epoch 99 learning rate: 0.05078536586559106
Epoch 99 time: 236.1610231399536 seconds
Epoch 99 accuracy: 89.55%
Batch 100, Loss: 0.2568
Batch 200, Loss: 0.2522
Batch 300, Loss: 0.2588
Epoch 100 learning rate: 0.050000000000000024
Epoch 100 time: 236.06135749816895 seconds
Epoch 100 accuracy: 90.23%
Batch 100, Loss: 0.2502
Batch 200, Loss: 0.2585
Batch 300, Loss: 0.2587
Epoch 101 learning rate: 0.049214634134409
Epoch 101 time: 235.92588472366333 seconds
Epoch 101 accuracy: 90.33%
Batch 100, Loss: 0.2470
Batch 200, Loss: 0.2529
Batch 300, Loss: 0.2629
Epoch 102 learning rate: 0.04842946204609361
Epoch 102 time: 235.93981981277466 seconds
Epoch 102 accuracy: 91.92%
Batch 100, Loss: 0.2423
Batch 200, Loss: 0.2614
Batch 300, Loss: 0.2550
Epoch 103 learning rate: 0.04764467746451789
Epoch 103 time: 235.8182623386383 seconds
Epoch 103 accuracy: 90.04%
Batch 100, Loss: 0.2391
Batch 200, Loss: 0.2465
Batch 300, Loss: 0.2493
Epoch 104 learning rate: 0.046860474023534354
Epoch 104 time: 235.86344861984253 seconds
Epoch 104 accuracy: 90.28%
Batch 100, Loss: 0.2404
Batch 200, Loss: 0.2524
Batch 300, Loss: 0.2498
Epoch 105 learning rate: 0.04607704521360778
Epoch 105 time: 235.83987998962402 seconds
Epoch 105 accuracy: 90.12%
Batch 100, Loss: 0.2471
Batch 200, Loss: 0.2468
Batch 300, Loss: 0.2490
Epoch 106 learning rate: 0.04529458433407431
Epoch 106 time: 235.82861590385437 seconds
Epoch 106 accuracy: 90.79%
Batch 100, Loss: 0.2330
Batch 200, Loss: 0.2495
Batch 300, Loss: 0.2423
Epoch 107 learning rate: 0.04451328444544776
Epoch 107 time: 235.86075711250305 seconds
Epoch 107 accuracy: 91.63%
Batch 100, Loss: 0.2298
Batch 200, Loss: 0.2404
Batch 300, Loss: 0.2460
Epoch 108 learning rate: 0.04373333832178482
Epoch 108 time: 235.85045194625854 seconds
Epoch 108 accuracy: 90.14%
Batch 100, Loss: 0.2358
Batch 200, Loss: 0.2352
Batch 300, Loss: 0.2319
Epoch 109 learning rate: 0.0429549384031209
Epoch 109 time: 235.87336230278015 seconds
Epoch 109 accuracy: 91.79%
Batch 100, Loss: 0.2186
Batch 200, Loss: 0.2383
Batch 300, Loss: 0.2393
Epoch 110 learning rate: 0.042178276747988484
Epoch 110 time: 235.8642499446869 seconds
Epoch 110 accuracy: 90.08%
Batch 100, Loss: 0.2286
Batch 200, Loss: 0.2251
Batch 300, Loss: 0.2405
Epoch 111 learning rate: 0.04140354498602954
Epoch 111 time: 235.96583318710327 seconds
Epoch 111 accuracy: 90.4%
Batch 100, Loss: 0.2252
Batch 200, Loss: 0.2295
Batch 300, Loss: 0.2323
Epoch 112 learning rate: 0.0406309342707138
Epoch 112 time: 235.80695128440857 seconds
Epoch 112 accuracy: 91.68%
Batch 100, Loss: 0.2230
Batch 200, Loss: 0.2331
Batch 300, Loss: 0.2204
Epoch 113 learning rate: 0.03986063523217441
Epoch 113 time: 235.8614764213562 seconds
Epoch 113 accuracy: 91.65%
Batch 100, Loss: 0.2134
Batch 200, Loss: 0.2331
Batch 300, Loss: 0.2246
Epoch 114 learning rate: 0.039092837930172916
Epoch 114 time: 235.92962288856506 seconds
Epoch 114 accuracy: 90.7%
Batch 100, Loss: 0.2113
Batch 200, Loss: 0.2209
Batch 300, Loss: 0.2326
Epoch 115 learning rate: 0.03832773180720475
Epoch 115 time: 235.89229655265808 seconds
Epoch 115 accuracy: 88.93%
Batch 100, Loss: 0.2155
Batch 200, Loss: 0.2178
Batch 300, Loss: 0.2174
Epoch 116 learning rate: 0.037565505641757285
Epoch 116 time: 235.8250789642334 seconds
Epoch 116 accuracy: 91.54%
Batch 100, Loss: 0.2052
Batch 200, Loss: 0.2156
Batch 300, Loss: 0.2227
Epoch 117 learning rate: 0.03680634750173138
Epoch 117 time: 235.8822476863861 seconds
Epoch 117 accuracy: 90.81%
Batch 100, Loss: 0.2156
Batch 200, Loss: 0.2161
Batch 300, Loss: 0.2176
Epoch 118 learning rate: 0.036050444698038565
Epoch 118 time: 235.75963044166565 seconds
Epoch 118 accuracy: 90.85%
Batch 100, Loss: 0.2135
Batch 200, Loss: 0.2101
Batch 300, Loss: 0.2157
Epoch 119 learning rate: 0.03529798373838483
Epoch 119 time: 235.7457935810089 seconds
Epoch 119 accuracy: 92.17%
Batch 100, Loss: 0.2023
Batch 200, Loss: 0.2079
Batch 300, Loss: 0.2062
Epoch 120 learning rate: 0.03454915028125267
Epoch 120 time: 235.85869812965393 seconds
Epoch 120 accuracy: 91.46%
Batch 100, Loss: 0.2062
Batch 200, Loss: 0.1975
Batch 300, Loss: 0.2039
Epoch 121 learning rate: 0.03380412909009255
Epoch 121 time: 235.79729914665222 seconds
Epoch 121 accuracy: 91.95%
Batch 100, Loss: 0.2027
Batch 200, Loss: 0.2046
Batch 300, Loss: 0.2136
Epoch 122 learning rate: 0.03306310398773545
Epoch 122 time: 235.9779453277588 seconds
Epoch 122 accuracy: 90.35%
Batch 100, Loss: 0.1983
Batch 200, Loss: 0.2067
Batch 300, Loss: 0.2053
Epoch 123 learning rate: 0.03232625781103717
Epoch 123 time: 235.88875722885132 seconds
Epoch 123 accuracy: 92.08%
Batch 100, Loss: 0.1937
Batch 200, Loss: 0.1936
Batch 300, Loss: 0.2040
Epoch 124 learning rate: 0.03159377236576613
Epoch 124 time: 235.79200839996338 seconds
Epoch 124 accuracy: 92.28%
Batch 100, Loss: 0.1902
Batch 200, Loss: 0.2008
Batch 300, Loss: 0.2014
Epoch 125 learning rate: 0.030865828381745543
Epoch 125 time: 235.8385009765625 seconds
Epoch 125 accuracy: 92.42%
Batch 100, Loss: 0.1795
Batch 200, Loss: 0.1976
Batch 300, Loss: 0.1949
Epoch 126 learning rate: 0.03014260546826098
Epoch 126 time: 235.8373737335205 seconds
Epoch 126 accuracy: 91.18%
Batch 100, Loss: 0.1893
Batch 200, Loss: 0.1948
Batch 300, Loss: 0.1970
Epoch 127 learning rate: 0.02942428206974458
Epoch 127 time: 235.781893491745 seconds
Epoch 127 accuracy: 91.8%
Batch 100, Loss: 0.1845
Batch 200, Loss: 0.1809
Batch 300, Loss: 0.1946
Epoch 128 learning rate: 0.028711035421746387
Epoch 128 time: 235.90710306167603 seconds
Epoch 128 accuracy: 92.95%
Batch 100, Loss: 0.1791
Batch 200, Loss: 0.1843
Batch 300, Loss: 0.1911
Epoch 129 learning rate: 0.02800304150720426
Epoch 129 time: 235.860116481781 seconds
Epoch 129 accuracy: 93.09%
Batch 100, Loss: 0.1741
Batch 200, Loss: 0.1852
Batch 300, Loss: 0.1906
Epoch 130 learning rate: 0.02730047501302268
Epoch 130 time: 235.84134602546692 seconds
Epoch 130 accuracy: 92.06%
Batch 100, Loss: 0.1706
Batch 200, Loss: 0.1725
Batch 300, Loss: 0.1814
Epoch 131 learning rate: 0.026603509286971357
Epoch 131 time: 235.74359488487244 seconds
Epoch 131 accuracy: 92.17%
Batch 100, Loss: 0.1731
Batch 200, Loss: 0.1731
Batch 300, Loss: 0.1798
Epoch 132 learning rate: 0.025912316294914244
Epoch 132 time: 235.84062218666077 seconds
Epoch 132 accuracy: 91.76%
Batch 100, Loss: 0.1779
Batch 200, Loss: 0.1770
Batch 300, Loss: 0.1841
Epoch 133 learning rate: 0.025227066578379632
Epoch 133 time: 235.73149156570435 seconds
Epoch 133 accuracy: 92.63%
Batch 100, Loss: 0.1634
Batch 200, Loss: 0.1809
Batch 300, Loss: 0.1728
Epoch 134 learning rate: 0.024547929212481445
Epoch 134 time: 235.924174785614 seconds
Epoch 134 accuracy: 92.45%
Batch 100, Loss: 0.1658
Batch 200, Loss: 0.1690
Batch 300, Loss: 0.1652
Epoch 135 learning rate: 0.02387507176420257
Epoch 135 time: 235.74717688560486 seconds
Epoch 135 accuracy: 93.42%
Batch 100, Loss: 0.1589
Batch 200, Loss: 0.1623
Batch 300, Loss: 0.1737
Epoch 136 learning rate: 0.023208660251050166
Epoch 136 time: 235.9348659515381 seconds
Epoch 136 accuracy: 93.09%
Batch 100, Loss: 0.1563
Batch 200, Loss: 0.1679
Batch 300, Loss: 0.1760
Epoch 137 learning rate: 0.022548859100093414
Epoch 137 time: 235.83185529708862 seconds
Epoch 137 accuracy: 93.1%
Batch 100, Loss: 0.1551
Batch 200, Loss: 0.1596
Batch 300, Loss: 0.1664
Epoch 138 learning rate: 0.021895831107393474
Epoch 138 time: 236.01844835281372 seconds
Epoch 138 accuracy: 93.47%
Batch 100, Loss: 0.1497
Batch 200, Loss: 0.1604
Batch 300, Loss: 0.1538
Epoch 139 learning rate: 0.02124973739783608
Epoch 139 time: 235.94276881217957 seconds
Epoch 139 accuracy: 93.05%
Batch 100, Loss: 0.1560
Batch 200, Loss: 0.1529
Batch 300, Loss: 0.1629
Epoch 140 learning rate: 0.02061073738537636
Epoch 140 time: 235.91955280303955 seconds
Epoch 140 accuracy: 91.84%
Batch 100, Loss: 0.1484
Batch 200, Loss: 0.1568
Batch 300, Loss: 0.1507
Epoch 141 learning rate: 0.019978988733705814
Epoch 141 time: 235.7417893409729 seconds
Epoch 141 accuracy: 93.59%
Batch 100, Loss: 0.1467
Batch 200, Loss: 0.1515
Batch 300, Loss: 0.1480
Epoch 142 learning rate: 0.01935464731735118
Epoch 142 time: 236.00831413269043 seconds
Epoch 142 accuracy: 93.21%
Batch 100, Loss: 0.1435
Batch 200, Loss: 0.1398
Batch 300, Loss: 0.1502
Epoch 143 learning rate: 0.018737867183214747
Epoch 143 time: 236.03787899017334 seconds
Epoch 143 accuracy: 93.61%
Batch 100, Loss: 0.1415
Batch 200, Loss: 0.1327
Batch 300, Loss: 0.1430
Epoch 144 learning rate: 0.01812880051256552
Epoch 144 time: 235.96811652183533 seconds
Epoch 144 accuracy: 93.92%
Batch 100, Loss: 0.1365
Batch 200, Loss: 0.1366
Batch 300, Loss: 0.1452
Epoch 145 learning rate: 0.017527597583490827
Epoch 145 time: 235.8291733264923 seconds
Epoch 145 accuracy: 94.27%
Batch 100, Loss: 0.1372
Batch 200, Loss: 0.1331
Batch 300, Loss: 0.1344
Epoch 146 learning rate: 0.01693440673381742
Epoch 146 time: 235.872487783432 seconds
Epoch 146 accuracy: 93.18%
Batch 100, Loss: 0.1267
Batch 200, Loss: 0.1334
Batch 300, Loss: 0.1361
Epoch 147 learning rate: 0.016349374324511334
Epoch 147 time: 235.80416083335876 seconds
Epoch 147 accuracy: 94.23%
Batch 100, Loss: 0.1297
Batch 200, Loss: 0.1287
Batch 300, Loss: 0.1367
Epoch 148 learning rate: 0.01577264470356557
Epoch 148 time: 235.78006029129028 seconds
Epoch 148 accuracy: 94.07%
Batch 100, Loss: 0.1216
Batch 200, Loss: 0.1306
Batch 300, Loss: 0.1318
Epoch 149 learning rate: 0.01520436017038429
Epoch 149 time: 235.97733569145203 seconds
Epoch 149 accuracy: 94.18%
Batch 100, Loss: 0.1238
Batch 200, Loss: 0.1270
Batch 300, Loss: 0.1334
Epoch 150 learning rate: 0.014644660940672632
Epoch 150 time: 235.78163933753967 seconds
Epoch 150 accuracy: 93.66%
Batch 100, Loss: 0.1211
Batch 200, Loss: 0.1160
Batch 300, Loss: 0.1234
Epoch 151 learning rate: 0.01409368511184057
Epoch 151 time: 235.8532075881958 seconds
Epoch 151 accuracy: 94.18%
Batch 100, Loss: 0.1188
Batch 200, Loss: 0.1192
Batch 300, Loss: 0.1182
Epoch 152 learning rate: 0.013551568628929438
Epoch 152 time: 235.66886615753174 seconds
Epoch 152 accuracy: 94.37%
Batch 100, Loss: 0.1154
Batch 200, Loss: 0.1204
Batch 300, Loss: 0.1208
Epoch 153 learning rate: 0.013018445251069516
Epoch 153 time: 235.82047152519226 seconds
Epoch 153 accuracy: 94.26%
Batch 100, Loss: 0.1102
Batch 200, Loss: 0.1172
Batch 300, Loss: 0.1192
Epoch 154 learning rate: 0.012494446518477026
Epoch 154 time: 235.91808247566223 seconds
Epoch 154 accuracy: 94.25%
Batch 100, Loss: 0.1130
Batch 200, Loss: 0.1124
Batch 300, Loss: 0.1112
Epoch 155 learning rate: 0.011979701719998459
Epoch 155 time: 235.86377573013306 seconds
Epoch 155 accuracy: 93.78%
