The following modules were not unloaded:
  (Use "module --force purge" to unload all):

  1) CCconfig        6)  ucx/1.14.1         11) flexiblas/3.3.1
  2) gentoo/2023     7)  libfabric/1.18.0   12) imkl/2023.2.0
  3) gcccore/.12.3   8)  pmix/4.2.4         13) StdEnv/2023
  4) gcc/12.3        9)  ucc/1.2.0
  5) hwloc/2.9.1     10) openmpi/4.1.5
/project/6070520/tkleinkn/Vanilla-GAM/main_cifar.py:187: UserWarning: You have chosen a specific GPU. This will completely disable data parallelism.
  warnings.warn('You have chosen a specific GPU. This will completely '
model name space ['resnet101_c', 'resnet152_c', 'resnet18_c', 'resnet34_c', 'resnet50_c']
Use GPU: 0 for training
=> creating model 'resnet18_c'
Files already downloaded and verified
Files already downloaded and verified
tensorboard dir ./results/CIFAR10/GAMNonAccelerated
Using non-accelerated GAM
/home/tkleinkn/GAMtest/lib/python3.11/site-packages/torch/autograd/graph.py:744: UserWarning: Using backward() with create_graph=True will create a reference cycle between the parameter and its gradient which can cause a memory leak. We recommend using autograd.grad when creating the graph to avoid this. If you have to use this function, make sure to reset the .grad fields of your parameters to None after use to break the cycle and avoid the leak. (Triggered internally at /home/coulombc/wheels_builder/tmp.2617/python-3.11/torch/torch/csrc/autograd/engine.cpp:1203.)
  return Variable._execution_engine.run_backward(  # Calls into the C++ engine to run the backward pass
Batch 100, Loss: 2.0126
Batch 200, Loss: 1.4125
Batch 300, Loss: 1.3267
Epoch 1 learning rate: 0.09999383162408304
Epoch 1 time: 245.3398699760437 seconds
Epoch 1 accuracy: 40.84%
Batch 100, Loss: 1.1939
Batch 200, Loss: 1.1410
Batch 300, Loss: 1.0805
Epoch 2 learning rate: 0.09997532801828658
Epoch 2 time: 236.41855430603027 seconds
Epoch 2 accuracy: 54.05%
Batch 100, Loss: 0.9843
Batch 200, Loss: 0.9362
Batch 300, Loss: 0.8890
Epoch 3 learning rate: 0.09994449374809851
Epoch 3 time: 236.29375529289246 seconds
Epoch 3 accuracy: 60.63%
Batch 100, Loss: 0.7985
Batch 200, Loss: 0.7864
Batch 300, Loss: 0.7508
Epoch 4 learning rate: 0.09990133642141359
Epoch 4 time: 236.19297170639038 seconds
Epoch 4 accuracy: 67.18%
Batch 100, Loss: 0.7039
Batch 200, Loss: 0.6739
Batch 300, Loss: 0.6647
Epoch 5 learning rate: 0.09984586668665642
Epoch 5 time: 236.19582176208496 seconds
Epoch 5 accuracy: 66.63%
Batch 100, Loss: 0.6095
Batch 200, Loss: 0.5987
Batch 300, Loss: 0.5897
Epoch 6 learning rate: 0.09977809823015402
Epoch 6 time: 236.21810293197632 seconds
Epoch 6 accuracy: 73.6%
Batch 100, Loss: 0.5363
Batch 200, Loss: 0.5244
Batch 300, Loss: 0.5150
Epoch 7 learning rate: 0.09969804777275901
Epoch 7 time: 235.98666644096375 seconds
Epoch 7 accuracy: 72.86%
Batch 100, Loss: 0.4834
Batch 200, Loss: 0.4846
Batch 300, Loss: 0.4656
Epoch 8 learning rate: 0.09960573506572391
Epoch 8 time: 236.0313868522644 seconds
Epoch 8 accuracy: 78.31%
Batch 100, Loss: 0.4408
Batch 200, Loss: 0.4339
Batch 300, Loss: 0.4300
Epoch 9 learning rate: 0.09950118288582789
Epoch 9 time: 236.09070706367493 seconds
Epoch 9 accuracy: 78.64%
Batch 100, Loss: 0.4067
Batch 200, Loss: 0.4185
Batch 300, Loss: 0.4015
Epoch 10 learning rate: 0.09938441702975691
Epoch 10 time: 236.17268753051758 seconds
Epoch 10 accuracy: 81.0%
Batch 100, Loss: 0.3907
Batch 200, Loss: 0.3790
Batch 300, Loss: 0.3784
Epoch 11 learning rate: 0.09925546630773871
Epoch 11 time: 236.05067133903503 seconds
Epoch 11 accuracy: 82.92%
Batch 100, Loss: 0.3686
Batch 200, Loss: 0.3767
Batch 300, Loss: 0.3679
Epoch 12 learning rate: 0.09911436253643445
Epoch 12 time: 236.03679418563843 seconds
Epoch 12 accuracy: 82.12%
Batch 100, Loss: 0.3456
Batch 200, Loss: 0.3590
Batch 300, Loss: 0.3520
Epoch 13 learning rate: 0.0989611405310883
Epoch 13 time: 236.10126328468323 seconds
Epoch 13 accuracy: 83.43%
Batch 100, Loss: 0.3389
Batch 200, Loss: 0.3378
Batch 300, Loss: 0.3459
Epoch 14 learning rate: 0.09879583809693739
Epoch 14 time: 236.01545572280884 seconds
Epoch 14 accuracy: 83.49%
Batch 100, Loss: 0.3097
Batch 200, Loss: 0.3268
Batch 300, Loss: 0.3470
Epoch 15 learning rate: 0.09861849601988384
Epoch 15 time: 236.07064700126648 seconds
Epoch 15 accuracy: 82.11%
Batch 100, Loss: 0.3123
Batch 200, Loss: 0.3254
Batch 300, Loss: 0.3220
Epoch 16 learning rate: 0.09842915805643157
Epoch 16 time: 236.10916709899902 seconds
Epoch 16 accuracy: 82.31%
Batch 100, Loss: 0.3055
Batch 200, Loss: 0.3255
Batch 300, Loss: 0.3112
Epoch 17 learning rate: 0.09822787092288993
Epoch 17 time: 236.08696222305298 seconds
Epoch 17 accuracy: 82.87%
Batch 100, Loss: 0.3083
Batch 200, Loss: 0.2952
Batch 300, Loss: 0.3047
Epoch 18 learning rate: 0.09801468428384717
Epoch 18 time: 236.11108660697937 seconds
Epoch 18 accuracy: 77.88%
Batch 100, Loss: 0.2964
Batch 200, Loss: 0.3108
Batch 300, Loss: 0.3028
Epoch 19 learning rate: 0.09778965073991652
Epoch 19 time: 236.23276615142822 seconds
Epoch 19 accuracy: 82.74%
Batch 100, Loss: 0.2893
Batch 200, Loss: 0.3035
Batch 300, Loss: 0.2847
Epoch 20 learning rate: 0.0975528258147577
Epoch 20 time: 236.29540348052979 seconds
Epoch 20 accuracy: 85.44%
Batch 100, Loss: 0.2867
Batch 200, Loss: 0.2875
Batch 300, Loss: 0.2937
Epoch 21 learning rate: 0.09730426794137728
Epoch 21 time: 236.11457109451294 seconds
Epoch 21 accuracy: 84.88%
Batch 100, Loss: 0.2846
Batch 200, Loss: 0.2807
Batch 300, Loss: 0.2866
Epoch 22 learning rate: 0.09704403844771128
Epoch 22 time: 235.97365927696228 seconds
Epoch 22 accuracy: 84.81%
Batch 100, Loss: 0.2714
Batch 200, Loss: 0.2729
Batch 300, Loss: 0.2965
Epoch 23 learning rate: 0.09677220154149338
Epoch 23 time: 236.0013463497162 seconds
Epoch 23 accuracy: 81.2%
Batch 100, Loss: 0.2655
Batch 200, Loss: 0.2567
Batch 300, Loss: 0.2900
Epoch 24 learning rate: 0.09648882429441258
Epoch 24 time: 235.88659358024597 seconds
Epoch 24 accuracy: 83.35%
Batch 100, Loss: 0.2654
Batch 200, Loss: 0.2724
Batch 300, Loss: 0.2781
Epoch 25 learning rate: 0.09619397662556435
Epoch 25 time: 236.02216005325317 seconds
Epoch 25 accuracy: 81.3%
Batch 100, Loss: 0.2726
Batch 200, Loss: 0.2763
Batch 300, Loss: 0.2650
Epoch 26 learning rate: 0.09588773128419906
Epoch 26 time: 236.08301663398743 seconds
Epoch 26 accuracy: 84.61%
Batch 100, Loss: 0.2598
Batch 200, Loss: 0.2705
Batch 300, Loss: 0.2785
Epoch 27 learning rate: 0.09557016383177226
Epoch 27 time: 236.1464123725891 seconds
Epoch 27 accuracy: 82.51%
Batch 100, Loss: 0.2607
Batch 200, Loss: 0.2590
Batch 300, Loss: 0.2688
Epoch 28 learning rate: 0.09524135262330098
Epoch 28 time: 235.99016070365906 seconds
Epoch 28 accuracy: 85.74%
Batch 100, Loss: 0.2506
Batch 200, Loss: 0.2587
Batch 300, Loss: 0.2697
Epoch 29 learning rate: 0.09490137878803079
Epoch 29 time: 236.1533579826355 seconds
Epoch 29 accuracy: 84.23%
Batch 100, Loss: 0.2405
Batch 200, Loss: 0.2628
Batch 300, Loss: 0.2699
Epoch 30 learning rate: 0.0945503262094184
Epoch 30 time: 236.1367347240448 seconds
Epoch 30 accuracy: 84.26%
Batch 100, Loss: 0.2519
Batch 200, Loss: 0.2581
Batch 300, Loss: 0.2625
Epoch 31 learning rate: 0.0941882815044347
Epoch 31 time: 236.1738245487213 seconds
Epoch 31 accuracy: 83.92%
Batch 100, Loss: 0.2474
Batch 200, Loss: 0.2461
Batch 300, Loss: 0.2538
Epoch 32 learning rate: 0.09381533400219319
Epoch 32 time: 236.2127947807312 seconds
Epoch 32 accuracy: 86.72%
Batch 100, Loss: 0.2396
Batch 200, Loss: 0.2448
Batch 300, Loss: 0.2686
Epoch 33 learning rate: 0.09343157572190958
Epoch 33 time: 236.10836672782898 seconds
Epoch 33 accuracy: 87.63%
Batch 100, Loss: 0.2291
Batch 200, Loss: 0.2464
Batch 300, Loss: 0.2607
Epoch 34 learning rate: 0.0930371013501972
Epoch 34 time: 236.11135339736938 seconds
Epoch 34 accuracy: 85.13%
Batch 100, Loss: 0.2385
Batch 200, Loss: 0.2424
Batch 300, Loss: 0.2414
Epoch 35 learning rate: 0.09263200821770463
Epoch 35 time: 235.95394945144653 seconds
Epoch 35 accuracy: 85.47%
Batch 100, Loss: 0.2397
Batch 200, Loss: 0.2422
Batch 300, Loss: 0.2474
Epoch 36 learning rate: 0.09221639627510078
Epoch 36 time: 236.07806730270386 seconds
Epoch 36 accuracy: 87.4%
Batch 100, Loss: 0.2262
Batch 200, Loss: 0.2494
Batch 300, Loss: 0.2444
Epoch 37 learning rate: 0.09179036806841355
Epoch 37 time: 236.1846363544464 seconds
Epoch 37 accuracy: 85.79%
Batch 100, Loss: 0.2433
Batch 200, Loss: 0.2346
Batch 300, Loss: 0.2452
Epoch 38 learning rate: 0.09135402871372812
Epoch 38 time: 236.14280605316162 seconds
Epoch 38 accuracy: 86.98%
Batch 100, Loss: 0.2305
Batch 200, Loss: 0.2465
Batch 300, Loss: 0.2350
Epoch 39 learning rate: 0.0909074858712512
Epoch 39 time: 235.99728274345398 seconds
Epoch 39 accuracy: 84.87%
Batch 100, Loss: 0.2338
Batch 200, Loss: 0.2409
Batch 300, Loss: 0.2429
Epoch 40 learning rate: 0.09045084971874741
Epoch 40 time: 236.02545475959778 seconds
Epoch 40 accuracy: 86.78%
Batch 100, Loss: 0.2206
Batch 200, Loss: 0.2426
Batch 300, Loss: 0.2438
Epoch 41 learning rate: 0.08998423292435458
Epoch 41 time: 235.99456644058228 seconds
Epoch 41 accuracy: 85.78%
Batch 100, Loss: 0.2316
Batch 200, Loss: 0.2297
Batch 300, Loss: 0.2440
Epoch 42 learning rate: 0.08950775061878455
Epoch 42 time: 235.99856615066528 seconds
Epoch 42 accuracy: 86.03%
Batch 100, Loss: 0.2176
Batch 200, Loss: 0.2214
Batch 300, Loss: 0.2402
Epoch 43 learning rate: 0.08902152036691653
Epoch 43 time: 236.0409755706787 seconds
Epoch 43 accuracy: 85.03%
Batch 100, Loss: 0.2191
Batch 200, Loss: 0.2430
Batch 300, Loss: 0.2390
Epoch 44 learning rate: 0.08852566213878951
Epoch 44 time: 236.31662917137146 seconds
Epoch 44 accuracy: 87.19%
Batch 100, Loss: 0.2288
Batch 200, Loss: 0.2277
Batch 300, Loss: 0.2381
Epoch 45 learning rate: 0.0880202982800016
Epoch 45 time: 236.2122082710266 seconds
Epoch 45 accuracy: 84.69%
Batch 100, Loss: 0.2129
Batch 200, Loss: 0.2189
Batch 300, Loss: 0.2294
Epoch 46 learning rate: 0.08750555348152303
Epoch 46 time: 236.1126000881195 seconds
Epoch 46 accuracy: 83.34%
Batch 100, Loss: 0.2218
Batch 200, Loss: 0.2218
Batch 300, Loss: 0.2407
Epoch 47 learning rate: 0.08698155474893052
Epoch 47 time: 236.3298056125641 seconds
Epoch 47 accuracy: 87.01%
Batch 100, Loss: 0.2188
Batch 200, Loss: 0.2210
Batch 300, Loss: 0.2289
Epoch 48 learning rate: 0.08644843137107061
Epoch 48 time: 236.1977686882019 seconds
Epoch 48 accuracy: 86.99%
Batch 100, Loss: 0.2155
Batch 200, Loss: 0.2114
Batch 300, Loss: 0.2380
Epoch 49 learning rate: 0.08590631488815947
Epoch 49 time: 236.08629417419434 seconds
Epoch 49 accuracy: 86.07%
Batch 100, Loss: 0.2248
Batch 200, Loss: 0.2107
Batch 300, Loss: 0.2239
Epoch 50 learning rate: 0.0853553390593274
Epoch 50 time: 236.05268716812134 seconds
Epoch 50 accuracy: 87.87%
Batch 100, Loss: 0.2118
Batch 200, Loss: 0.2196
Batch 300, Loss: 0.2173
Epoch 51 learning rate: 0.08479563982961574
Epoch 51 time: 236.04134964942932 seconds
Epoch 51 accuracy: 86.48%
Batch 100, Loss: 0.2029
Batch 200, Loss: 0.2181
Batch 300, Loss: 0.2202
Epoch 52 learning rate: 0.08422735529643446
Epoch 52 time: 236.23060750961304 seconds
Epoch 52 accuracy: 87.47%
Batch 100, Loss: 0.2083
Batch 200, Loss: 0.2118
Batch 300, Loss: 0.2258
Epoch 53 learning rate: 0.08365062567548869
Epoch 53 time: 236.1656470298767 seconds
Epoch 53 accuracy: 87.43%
Batch 100, Loss: 0.2064
Batch 200, Loss: 0.2120
Batch 300, Loss: 0.2199
Epoch 54 learning rate: 0.08306559326618261
Epoch 54 time: 236.29959559440613 seconds
Epoch 54 accuracy: 87.65%
Batch 100, Loss: 0.1963
Batch 200, Loss: 0.2079
Batch 300, Loss: 0.2131
Epoch 55 learning rate: 0.0824724024165092
Epoch 55 time: 236.16644167900085 seconds
Epoch 55 accuracy: 87.88%
Batch 100, Loss: 0.1994
Batch 200, Loss: 0.2162
Batch 300, Loss: 0.2159
Epoch 56 learning rate: 0.0818711994874345
Epoch 56 time: 236.07708096504211 seconds
Epoch 56 accuracy: 87.9%
Batch 100, Loss: 0.2035
Batch 200, Loss: 0.2088
Batch 300, Loss: 0.2154
Epoch 57 learning rate: 0.08126213281678528
Epoch 57 time: 236.07038640975952 seconds
Epoch 57 accuracy: 83.19%
Batch 100, Loss: 0.2003
Batch 200, Loss: 0.2020
Batch 300, Loss: 0.2087
Epoch 58 learning rate: 0.08064535268264884
Epoch 58 time: 236.0426104068756 seconds
Epoch 58 accuracy: 88.36%
Batch 100, Loss: 0.2071
Batch 200, Loss: 0.1968
Batch 300, Loss: 0.2187
Epoch 59 learning rate: 0.08002101126629421
Epoch 59 time: 236.23033213615417 seconds
Epoch 59 accuracy: 86.08%
Batch 100, Loss: 0.1912
Batch 200, Loss: 0.2052
Batch 300, Loss: 0.2099
Epoch 60 learning rate: 0.07938926261462367
Epoch 60 time: 236.2669017314911 seconds
Epoch 60 accuracy: 85.8%
Batch 100, Loss: 0.1962
Batch 200, Loss: 0.2079
Batch 300, Loss: 0.1993
Epoch 61 learning rate: 0.07875026260216395
Epoch 61 time: 236.21845054626465 seconds
Epoch 61 accuracy: 88.2%
Batch 100, Loss: 0.1924
Batch 200, Loss: 0.2009
Batch 300, Loss: 0.2047
Epoch 62 learning rate: 0.07810416889260656
Epoch 62 time: 236.2146155834198 seconds
Epoch 62 accuracy: 88.5%
Batch 100, Loss: 0.1952
Batch 200, Loss: 0.1963
Batch 300, Loss: 0.2044
Epoch 63 learning rate: 0.07745114089990661
Epoch 63 time: 236.07533597946167 seconds
Epoch 63 accuracy: 88.03%
Batch 100, Loss: 0.1866
Batch 200, Loss: 0.2012
Batch 300, Loss: 0.1957
Epoch 64 learning rate: 0.07679133974894985
Epoch 64 time: 235.87644362449646 seconds
Epoch 64 accuracy: 88.18%
Batch 100, Loss: 0.1907
Batch 200, Loss: 0.2025
Batch 300, Loss: 0.2072
Epoch 65 learning rate: 0.07612492823579746
Epoch 65 time: 235.9158592224121 seconds
Epoch 65 accuracy: 85.03%
Batch 100, Loss: 0.1900
Batch 200, Loss: 0.2045
Batch 300, Loss: 0.1900
Epoch 66 learning rate: 0.07545207078751859
Epoch 66 time: 236.16390299797058 seconds
Epoch 66 accuracy: 87.15%
Batch 100, Loss: 0.1898
Batch 200, Loss: 0.1814
Batch 300, Loss: 0.1998
Epoch 67 learning rate: 0.0747729334216204
Epoch 67 time: 236.208087682724 seconds
Epoch 67 accuracy: 88.03%
Batch 100, Loss: 0.1852
Batch 200, Loss: 0.1818
Batch 300, Loss: 0.1987
Epoch 68 learning rate: 0.07408768370508578
Epoch 68 time: 235.93443131446838 seconds
Epoch 68 accuracy: 87.4%
Batch 100, Loss: 0.1834
Batch 200, Loss: 0.1809
Batch 300, Loss: 0.1870
Epoch 69 learning rate: 0.0733964907130287
Epoch 69 time: 235.8978147506714 seconds
Epoch 69 accuracy: 87.66%
Batch 100, Loss: 0.1889
Batch 200, Loss: 0.1832
Batch 300, Loss: 0.1904
Epoch 70 learning rate: 0.07269952498697736
Epoch 70 time: 236.08725500106812 seconds
Epoch 70 accuracy: 88.14%
Batch 100, Loss: 0.1829
Batch 200, Loss: 0.1847
Batch 300, Loss: 0.1775
Epoch 71 learning rate: 0.07199695849279578
Epoch 71 time: 236.16217494010925 seconds
Epoch 71 accuracy: 88.6%
Batch 100, Loss: 0.1821
Batch 200, Loss: 0.1813
Batch 300, Loss: 0.1916
Epoch 72 learning rate: 0.07128896457825366
Epoch 72 time: 235.91894340515137 seconds
Epoch 72 accuracy: 88.6%
Batch 100, Loss: 0.1864
Batch 200, Loss: 0.1841
Batch 300, Loss: 0.1840
Epoch 73 learning rate: 0.07057571793025548
Epoch 73 time: 236.17555975914001 seconds
Epoch 73 accuracy: 88.61%
Batch 100, Loss: 0.1705
Batch 200, Loss: 0.1780
Batch 300, Loss: 0.1934
Epoch 74 learning rate: 0.06985739453173906
Epoch 74 time: 236.08533191680908 seconds
Epoch 74 accuracy: 85.64%
Batch 100, Loss: 0.1686
Batch 200, Loss: 0.1859
Batch 300, Loss: 0.1924
Epoch 75 learning rate: 0.06913417161825453
Epoch 75 time: 235.93957471847534 seconds
Epoch 75 accuracy: 88.32%
Batch 100, Loss: 0.1727
Batch 200, Loss: 0.1796
Batch 300, Loss: 0.1725
Epoch 76 learning rate: 0.06840622763423394
Epoch 76 time: 236.13932132720947 seconds
Epoch 76 accuracy: 86.38%
Batch 100, Loss: 0.1674
Batch 200, Loss: 0.1697
Batch 300, Loss: 0.1734
Epoch 77 learning rate: 0.0676737421889629
Epoch 77 time: 236.15790343284607 seconds
Epoch 77 accuracy: 86.67%
Batch 100, Loss: 0.1771
Batch 200, Loss: 0.1732
Batch 300, Loss: 0.1817
Epoch 78 learning rate: 0.06693689601226462
Epoch 78 time: 236.31780910491943 seconds
Epoch 78 accuracy: 88.31%
Batch 100, Loss: 0.1648
Batch 200, Loss: 0.1609
Batch 300, Loss: 0.1756
Epoch 79 learning rate: 0.06619587090990751
Epoch 79 time: 236.1514608860016 seconds
Epoch 79 accuracy: 88.39%
Batch 100, Loss: 0.1575
Batch 200, Loss: 0.1671
Batch 300, Loss: 0.1881
Epoch 80 learning rate: 0.06545084971874741
Epoch 80 time: 236.10183835029602 seconds
Epoch 80 accuracy: 88.56%
Batch 100, Loss: 0.1599
Batch 200, Loss: 0.1696
Batch 300, Loss: 0.1682
Epoch 81 learning rate: 0.06470201626161524
Epoch 81 time: 236.07926225662231 seconds
Epoch 81 accuracy: 89.5%
Batch 100, Loss: 0.1466
Batch 200, Loss: 0.1651
Batch 300, Loss: 0.1832
Epoch 82 learning rate: 0.06394955530196152
Epoch 82 time: 236.19080352783203 seconds
Epoch 82 accuracy: 88.38%
Batch 100, Loss: 0.1574
Batch 200, Loss: 0.1727
Batch 300, Loss: 0.1752
Epoch 83 learning rate: 0.06319365249826868
Epoch 83 time: 236.09051656723022 seconds
Epoch 83 accuracy: 88.4%
Batch 100, Loss: 0.1591
Batch 200, Loss: 0.1622
Batch 300, Loss: 0.1672
Epoch 84 learning rate: 0.06243449435824277
Epoch 84 time: 236.08336782455444 seconds
Epoch 84 accuracy: 86.34%
Batch 100, Loss: 0.1589
Batch 200, Loss: 0.1606
Batch 300, Loss: 0.1626
Epoch 85 learning rate: 0.06167226819279532
Epoch 85 time: 236.06739234924316 seconds
Epoch 85 accuracy: 89.26%
Batch 100, Loss: 0.1543
Batch 200, Loss: 0.1551
Batch 300, Loss: 0.1694
Epoch 86 learning rate: 0.06090716206982718
Epoch 86 time: 236.15296244621277 seconds
Epoch 86 accuracy: 89.46%
Batch 100, Loss: 0.1434
Batch 200, Loss: 0.1555
Batch 300, Loss: 0.1557
Epoch 87 learning rate: 0.06013936476782568
Epoch 87 time: 236.0874376296997 seconds
Epoch 87 accuracy: 89.4%
Batch 100, Loss: 0.1474
Batch 200, Loss: 0.1572
Batch 300, Loss: 0.1522
Epoch 88 learning rate: 0.05936906572928629
Epoch 88 time: 236.13919830322266 seconds
Epoch 88 accuracy: 89.17%
Batch 100, Loss: 0.1454
Batch 200, Loss: 0.1570
Batch 300, Loss: 0.1560
Epoch 89 learning rate: 0.05859645501397052
Epoch 89 time: 236.1237952709198 seconds
Epoch 89 accuracy: 88.44%
Batch 100, Loss: 0.1402
Batch 200, Loss: 0.1456
Batch 300, Loss: 0.1501
Epoch 90 learning rate: 0.05782172325201159
Epoch 90 time: 236.19596672058105 seconds
Epoch 90 accuracy: 89.17%
Batch 100, Loss: 0.1406
Batch 200, Loss: 0.1454
Batch 300, Loss: 0.1634
Epoch 91 learning rate: 0.057045061596879186
Epoch 91 time: 236.23889708518982 seconds
Epoch 91 accuracy: 89.21%
Batch 100, Loss: 0.1438
Batch 200, Loss: 0.1470
Batch 300, Loss: 0.1515
Epoch 92 learning rate: 0.056266661678215264
Epoch 92 time: 236.14670038223267 seconds
Epoch 92 accuracy: 90.26%
Batch 100, Loss: 0.1379
Batch 200, Loss: 0.1462
Batch 300, Loss: 0.1531
Epoch 93 learning rate: 0.055486715554552306
Epoch 93 time: 236.0975959300995 seconds
Epoch 93 accuracy: 89.58%
Batch 100, Loss: 0.1411
Batch 200, Loss: 0.1493
Batch 300, Loss: 0.1480
Epoch 94 learning rate: 0.05470541566592575
Epoch 94 time: 235.9040858745575 seconds
Epoch 94 accuracy: 90.18%
Batch 100, Loss: 0.1316
Batch 200, Loss: 0.1439
Batch 300, Loss: 0.1504
Epoch 95 learning rate: 0.05392295478639229
Epoch 95 time: 236.1565544605255 seconds
Epoch 95 accuracy: 90.85%
Batch 100, Loss: 0.1330
Batch 200, Loss: 0.1377
Batch 300, Loss: 0.1474
Epoch 96 learning rate: 0.05313952597646571
Epoch 96 time: 235.98062324523926 seconds
Epoch 96 accuracy: 89.06%
Batch 100, Loss: 0.1377
Batch 200, Loss: 0.1421
Batch 300, Loss: 0.1432
Epoch 97 learning rate: 0.05235532253548216
Epoch 97 time: 236.220472574234 seconds
Epoch 97 accuracy: 87.3%
Batch 100, Loss: 0.1222
Batch 200, Loss: 0.1383
Batch 300, Loss: 0.1435
Epoch 98 learning rate: 0.051570537953906447
Epoch 98 time: 236.21759581565857 seconds
Epoch 98 accuracy: 88.7%
Batch 100, Loss: 0.1342
Batch 200, Loss: 0.1411
Batch 300, Loss: 0.1344
Epoch 99 learning rate: 0.05078536586559106
Epoch 99 time: 236.19184589385986 seconds
Epoch 99 accuracy: 90.09%
Batch 100, Loss: 0.1283
Batch 200, Loss: 0.1343
Batch 300, Loss: 0.1276
Epoch 100 learning rate: 0.050000000000000024
Epoch 100 time: 236.22462964057922 seconds
Epoch 100 accuracy: 89.75%
Batch 100, Loss: 0.1246
Batch 200, Loss: 0.1319
Batch 300, Loss: 0.1396
Epoch 101 learning rate: 0.049214634134409
Epoch 101 time: 236.20113921165466 seconds
Epoch 101 accuracy: 87.91%
Batch 100, Loss: 0.1272
Batch 200, Loss: 0.1246
Batch 300, Loss: 0.1305
Epoch 102 learning rate: 0.04842946204609361
Epoch 102 time: 236.02655816078186 seconds
Epoch 102 accuracy: 90.56%
Batch 100, Loss: 0.1187
Batch 200, Loss: 0.1296
Batch 300, Loss: 0.1283
Epoch 103 learning rate: 0.04764467746451789
Epoch 103 time: 236.1558699607849 seconds
Epoch 103 accuracy: 89.22%
Batch 100, Loss: 0.1175
Batch 200, Loss: 0.1186
Batch 300, Loss: 0.1266
Epoch 104 learning rate: 0.046860474023534354
Epoch 104 time: 236.15473771095276 seconds
Epoch 104 accuracy: 90.78%
Batch 100, Loss: 0.1185
Batch 200, Loss: 0.1305
Batch 300, Loss: 0.1316
Epoch 105 learning rate: 0.04607704521360778
Epoch 105 time: 236.0325527191162 seconds
Epoch 105 accuracy: 88.36%
Batch 100, Loss: 0.1115
Batch 200, Loss: 0.1147
Batch 300, Loss: 0.1331
Epoch 106 learning rate: 0.04529458433407431
Epoch 106 time: 235.90729022026062 seconds
Epoch 106 accuracy: 90.61%
Batch 100, Loss: 0.1095
Batch 200, Loss: 0.1117
Batch 300, Loss: 0.1210
Epoch 107 learning rate: 0.04451328444544776
Epoch 107 time: 236.0229434967041 seconds
Epoch 107 accuracy: 89.68%
Batch 100, Loss: 0.1171
Batch 200, Loss: 0.1192
Batch 300, Loss: 0.1265
Epoch 108 learning rate: 0.04373333832178482
Epoch 108 time: 236.11900210380554 seconds
Epoch 108 accuracy: 90.94%
Batch 100, Loss: 0.1080
Batch 200, Loss: 0.1088
Batch 300, Loss: 0.1159
Epoch 109 learning rate: 0.0429549384031209
Epoch 109 time: 236.14847874641418 seconds
Epoch 109 accuracy: 88.43%
Batch 100, Loss: 0.1100
Batch 200, Loss: 0.1072
Batch 300, Loss: 0.1217
Epoch 110 learning rate: 0.042178276747988484
Epoch 110 time: 236.22785568237305 seconds
Epoch 110 accuracy: 90.76%
Batch 100, Loss: 0.1078
Batch 200, Loss: 0.1173
Batch 300, Loss: 0.1111
Epoch 111 learning rate: 0.04140354498602954
Epoch 111 time: 236.1240358352661 seconds
Epoch 111 accuracy: 90.55%
Batch 100, Loss: 0.0975
Batch 200, Loss: 0.1024
Batch 300, Loss: 0.1224
Epoch 112 learning rate: 0.0406309342707138
Epoch 112 time: 236.04171085357666 seconds
Epoch 112 accuracy: 90.84%
Batch 100, Loss: 0.0961
Batch 200, Loss: 0.1106
Batch 300, Loss: 0.1077
Epoch 113 learning rate: 0.03986063523217441
Epoch 113 time: 236.14299774169922 seconds
Epoch 113 accuracy: 90.78%
Batch 100, Loss: 0.1004
Batch 200, Loss: 0.1052
Batch 300, Loss: 0.1035
Epoch 114 learning rate: 0.039092837930172916
Epoch 114 time: 236.17460441589355 seconds
Epoch 114 accuracy: 90.48%
Batch 100, Loss: 0.0930
Batch 200, Loss: 0.1051
Batch 300, Loss: 0.1017
Epoch 115 learning rate: 0.03832773180720475
Epoch 115 time: 235.971506357193 seconds
Epoch 115 accuracy: 90.17%
Batch 100, Loss: 0.0940
Batch 200, Loss: 0.0992
Batch 300, Loss: 0.0998
Epoch 116 learning rate: 0.037565505641757285
Epoch 116 time: 235.95331859588623 seconds
Epoch 116 accuracy: 90.96%
Batch 100, Loss: 0.0860
Batch 200, Loss: 0.0968
Batch 300, Loss: 0.1024
Epoch 117 learning rate: 0.03680634750173138
Epoch 117 time: 236.0361909866333 seconds
Epoch 117 accuracy: 91.47%
Batch 100, Loss: 0.0926
Batch 200, Loss: 0.0949
Batch 300, Loss: 0.0968
Epoch 118 learning rate: 0.036050444698038565
Epoch 118 time: 236.05498886108398 seconds
Epoch 118 accuracy: 90.09%
Batch 100, Loss: 0.0846
Batch 200, Loss: 0.0925
Batch 300, Loss: 0.1049
Epoch 119 learning rate: 0.03529798373838483
Epoch 119 time: 236.13557863235474 seconds
Epoch 119 accuracy: 90.93%
Batch 100, Loss: 0.0835
Batch 200, Loss: 0.0821
Batch 300, Loss: 0.1004
Epoch 120 learning rate: 0.03454915028125267
Epoch 120 time: 236.23007369041443 seconds
Epoch 120 accuracy: 91.5%
Batch 100, Loss: 0.0868
Batch 200, Loss: 0.0846
Batch 300, Loss: 0.0949
Epoch 121 learning rate: 0.03380412909009255
Epoch 121 time: 236.2840278148651 seconds
Epoch 121 accuracy: 91.11%
Batch 100, Loss: 0.0823
Batch 200, Loss: 0.0782
Batch 300, Loss: 0.0918
Epoch 122 learning rate: 0.03306310398773545
Epoch 122 time: 236.16361951828003 seconds
Epoch 122 accuracy: 91.28%
Batch 100, Loss: 0.0774
Batch 200, Loss: 0.0803
Batch 300, Loss: 0.0857
Epoch 123 learning rate: 0.03232625781103717
Epoch 123 time: 236.06383061408997 seconds
Epoch 123 accuracy: 90.83%
Batch 100, Loss: 0.0707
Batch 200, Loss: 0.0864
Batch 300, Loss: 0.0794
Epoch 124 learning rate: 0.03159377236576613
Epoch 124 time: 236.2036657333374 seconds
Epoch 124 accuracy: 91.74%
Batch 100, Loss: 0.0793
Batch 200, Loss: 0.0837
Batch 300, Loss: 0.0877
Epoch 125 learning rate: 0.030865828381745543
Epoch 125 time: 236.23571181297302 seconds
Epoch 125 accuracy: 90.98%
Batch 100, Loss: 0.0700
Batch 200, Loss: 0.0756
Batch 300, Loss: 0.0844
Epoch 126 learning rate: 0.03014260546826098
Epoch 126 time: 236.28719067573547 seconds
Epoch 126 accuracy: 91.97%
Batch 100, Loss: 0.0669
Batch 200, Loss: 0.0778
Batch 300, Loss: 0.0744
Epoch 127 learning rate: 0.02942428206974458
Epoch 127 time: 236.31834149360657 seconds
Epoch 127 accuracy: 92.53%
Batch 100, Loss: 0.0617
Batch 200, Loss: 0.0748
Batch 300, Loss: 0.0769
Epoch 128 learning rate: 0.028711035421746387
Epoch 128 time: 236.22204566001892 seconds
Epoch 128 accuracy: 91.67%
Batch 100, Loss: 0.0677
Batch 200, Loss: 0.0633
Batch 300, Loss: 0.0823
Epoch 129 learning rate: 0.02800304150720426
Epoch 129 time: 236.222473859787 seconds
Epoch 129 accuracy: 92.27%
Batch 100, Loss: 0.0650
Batch 200, Loss: 0.0660
Batch 300, Loss: 0.0654
Epoch 130 learning rate: 0.02730047501302268
Epoch 130 time: 236.19024538993835 seconds
Epoch 130 accuracy: 91.41%
Batch 100, Loss: 0.0604
Batch 200, Loss: 0.0669
Batch 300, Loss: 0.0605
Epoch 131 learning rate: 0.026603509286971357
Epoch 131 time: 236.1963770389557 seconds
Epoch 131 accuracy: 91.18%
Batch 100, Loss: 0.0617
Batch 200, Loss: 0.0608
Batch 300, Loss: 0.0637
Epoch 132 learning rate: 0.025912316294914244
Epoch 132 time: 236.04306960105896 seconds
Epoch 132 accuracy: 91.71%
Batch 100, Loss: 0.0535
Batch 200, Loss: 0.0643
Batch 300, Loss: 0.0602
Epoch 133 learning rate: 0.025227066578379632
Epoch 133 time: 236.10980558395386 seconds
Epoch 133 accuracy: 92.85%
Batch 100, Loss: 0.0548
Batch 200, Loss: 0.0552
Batch 300, Loss: 0.0606
Epoch 134 learning rate: 0.024547929212481445
Epoch 134 time: 236.06883788108826 seconds
Epoch 134 accuracy: 91.69%
Batch 100, Loss: 0.0554
Batch 200, Loss: 0.0584
Batch 300, Loss: 0.0560
Epoch 135 learning rate: 0.02387507176420257
Epoch 135 time: 236.01414442062378 seconds
Epoch 135 accuracy: 92.65%
Batch 100, Loss: 0.0478
Batch 200, Loss: 0.0483
Batch 300, Loss: 0.0561
Epoch 136 learning rate: 0.023208660251050166
Epoch 136 time: 236.15648245811462 seconds
Epoch 136 accuracy: 93.25%
Batch 100, Loss: 0.0464
Batch 200, Loss: 0.0496
Batch 300, Loss: 0.0566
Epoch 137 learning rate: 0.022548859100093414
Epoch 137 time: 236.01860547065735 seconds
Epoch 137 accuracy: 92.95%
Batch 100, Loss: 0.0456
Batch 200, Loss: 0.0480
Batch 300, Loss: 0.0474
Epoch 138 learning rate: 0.021895831107393474
Epoch 138 time: 236.2610456943512 seconds
Epoch 138 accuracy: 91.29%
Batch 100, Loss: 0.0497
Batch 200, Loss: 0.0471
Batch 300, Loss: 0.0497
Epoch 139 learning rate: 0.02124973739783608
Epoch 139 time: 236.14304947853088 seconds
Epoch 139 accuracy: 93.06%
Batch 100, Loss: 0.0462
Batch 200, Loss: 0.0444
Batch 300, Loss: 0.0466
Epoch 140 learning rate: 0.02061073738537636
Epoch 140 time: 236.0493927001953 seconds
Epoch 140 accuracy: 92.65%
Batch 100, Loss: 0.0410
Batch 200, Loss: 0.0411
Batch 300, Loss: 0.0407
Epoch 141 learning rate: 0.019978988733705814
Epoch 141 time: 236.296710729599 seconds
Epoch 141 accuracy: 93.08%
Batch 100, Loss: 0.0344
Batch 200, Loss: 0.0419
Batch 300, Loss: 0.0374
Epoch 142 learning rate: 0.01935464731735118
Epoch 142 time: 236.12714076042175 seconds
Epoch 142 accuracy: 92.61%
Batch 100, Loss: 0.0388
Batch 200, Loss: 0.0344
Batch 300, Loss: 0.0345
Epoch 143 learning rate: 0.018737867183214747
Epoch 143 time: 236.09228992462158 seconds
Epoch 143 accuracy: 93.05%
Batch 100, Loss: 0.0345
Batch 200, Loss: 0.0331
Batch 300, Loss: 0.0392
Epoch 144 learning rate: 0.01812880051256552
Epoch 144 time: 236.17850756645203 seconds
Epoch 144 accuracy: 92.29%
Batch 100, Loss: 0.0334
Batch 200, Loss: 0.0336
Batch 300, Loss: 0.0297
Epoch 145 learning rate: 0.017527597583490827
Epoch 145 time: 236.0408124923706 seconds
Epoch 145 accuracy: 92.63%
Batch 100, Loss: 0.0332
Batch 200, Loss: 0.0327
Batch 300, Loss: 0.0340
Epoch 146 learning rate: 0.01693440673381742
Epoch 146 time: 236.21213841438293 seconds
Epoch 146 accuracy: 93.52%
Batch 100, Loss: 0.0302
Batch 200, Loss: 0.0281
Batch 300, Loss: 0.0319
Epoch 147 learning rate: 0.016349374324511334
Epoch 147 time: 236.20717978477478 seconds
Epoch 147 accuracy: 93.36%
Batch 100, Loss: 0.0291
Batch 200, Loss: 0.0267
Batch 300, Loss: 0.0248
Epoch 148 learning rate: 0.01577264470356557
Epoch 148 time: 235.95773887634277 seconds
Epoch 148 accuracy: 93.37%
Batch 100, Loss: 0.0221
Batch 200, Loss: 0.0281
Batch 300, Loss: 0.0312
Epoch 149 learning rate: 0.01520436017038429
Epoch 149 time: 236.05432415008545 seconds
Epoch 149 accuracy: 93.62%
Batch 100, Loss: 0.0220
Batch 200, Loss: 0.0250
Batch 300, Loss: 0.0236
Epoch 150 learning rate: 0.014644660940672632
Epoch 150 time: 236.10379338264465 seconds
Epoch 150 accuracy: 93.57%
Batch 100, Loss: 0.0244
Batch 200, Loss: 0.0257
Batch 300, Loss: 0.0230
Epoch 151 learning rate: 0.01409368511184057
Epoch 151 time: 236.03601908683777 seconds
Epoch 151 accuracy: 93.74%
Batch 100, Loss: 0.0217
Batch 200, Loss: 0.0196
Batch 300, Loss: 0.0194
Epoch 152 learning rate: 0.013551568628929438
Epoch 152 time: 236.020592212677 seconds
Epoch 152 accuracy: 94.14%
Batch 100, Loss: 0.0193
Batch 200, Loss: 0.0191
Batch 300, Loss: 0.0182
Epoch 153 learning rate: 0.013018445251069516
Epoch 153 time: 236.2482409477234 seconds
Epoch 153 accuracy: 93.83%
Batch 100, Loss: 0.0184
Batch 200, Loss: 0.0178
Batch 300, Loss: 0.0204
Epoch 154 learning rate: 0.012494446518477026
Epoch 154 time: 236.21788120269775 seconds
Epoch 154 accuracy: 93.75%
Batch 100, Loss: 0.0168
Batch 200, Loss: 0.0188
Batch 300, Loss: 0.0148
Epoch 155 learning rate: 0.011979701719998459
Epoch 155 time: 235.9596722126007 seconds
Epoch 155 accuracy: 94.0%
Batch 100, Loss: 0.0119
Batch 200, Loss: 0.0139
Batch 300, Loss: 0.0151
Epoch 156 learning rate: 0.011474337861210548
Epoch 156 time: 236.06625413894653 seconds
Epoch 156 accuracy: 94.19%
Batch 100, Loss: 0.0129
Batch 200, Loss: 0.0126
Batch 300, Loss: 0.0127
Epoch 157 learning rate: 0.010978479633083526
Epoch 157 time: 235.94660353660583 seconds
Epoch 157 accuracy: 94.53%
Batch 100, Loss: 0.0138
Batch 200, Loss: 0.0124
Batch 300, Loss: 0.0115
Epoch 158 learning rate: 0.010492249381215483
Epoch 158 time: 235.88099193572998 seconds
Epoch 158 accuracy: 94.31%
Batch 100, Loss: 0.0123
Batch 200, Loss: 0.0127
Batch 300, Loss: 0.0120
Epoch 159 learning rate: 0.010015767075645474
Epoch 159 time: 236.17614102363586 seconds
Epoch 159 accuracy: 94.28%
Batch 100, Loss: 0.0094
Batch 200, Loss: 0.0093
Batch 300, Loss: 0.0094
Epoch 160 learning rate: 0.009549150281252637
Epoch 160 time: 236.20867609977722 seconds
Epoch 160 accuracy: 94.74%
Batch 100, Loss: 0.0083
Batch 200, Loss: 0.0086
Batch 300, Loss: 0.0098
Epoch 161 learning rate: 0.00909251412874884
Epoch 161 time: 236.10652232170105 seconds
Epoch 161 accuracy: 94.6%
Batch 100, Loss: 0.0080
Batch 200, Loss: 0.0084
Batch 300, Loss: 0.0092
Epoch 162 learning rate: 0.008645971286271918
Epoch 162 time: 236.02658319473267 seconds
Epoch 162 accuracy: 94.83%
Batch 100, Loss: 0.0081
Batch 200, Loss: 0.0093
Batch 300, Loss: 0.0086
Epoch 163 learning rate: 0.008209631931586501
Epoch 163 time: 236.11733841896057 seconds
Epoch 163 accuracy: 94.64%
Batch 100, Loss: 0.0080
Batch 200, Loss: 0.0083
Batch 300, Loss: 0.0071
Epoch 164 learning rate: 0.0077836037248992605
Epoch 164 time: 236.17522764205933 seconds
Epoch 164 accuracy: 94.81%
Batch 100, Loss: 0.0079
Batch 200, Loss: 0.0063
Batch 300, Loss: 0.0063
Epoch 165 learning rate: 0.0073679917822954055
Epoch 165 time: 236.04751801490784 seconds
Epoch 165 accuracy: 94.87%
Batch 100, Loss: 0.0062
Batch 200, Loss: 0.0059
Batch 300, Loss: 0.0068
Epoch 166 learning rate: 0.006962898649802815
Epoch 166 time: 236.22594261169434 seconds
Epoch 166 accuracy: 95.32%
Batch 100, Loss: 0.0058
Batch 200, Loss: 0.0055
Batch 300, Loss: 0.0062
Epoch 167 learning rate: 0.006568424278090438
Epoch 167 time: 236.08956265449524 seconds
Epoch 167 accuracy: 95.01%
Batch 100, Loss: 0.0058
Batch 200, Loss: 0.0054
Batch 300, Loss: 0.0054
Epoch 168 learning rate: 0.006184665997806824
Epoch 168 time: 236.13496375083923 seconds
Epoch 168 accuracy: 95.04%
Batch 100, Loss: 0.0054
Batch 200, Loss: 0.0058
Batch 300, Loss: 0.0058
Epoch 169 learning rate: 0.00581171849556533
Epoch 169 time: 236.11224937438965 seconds
Epoch 169 accuracy: 94.93%
Batch 100, Loss: 0.0065
Batch 200, Loss: 0.0053
Batch 300, Loss: 0.0053
Epoch 170 learning rate: 0.0054496737905816136
Epoch 170 time: 236.24147033691406 seconds
Epoch 170 accuracy: 95.34%
Batch 100, Loss: 0.0046
Batch 200, Loss: 0.0051
Batch 300, Loss: 0.0042
Epoch 171 learning rate: 0.005098621211969226
Epoch 171 time: 236.09548139572144 seconds
Epoch 171 accuracy: 94.95%
Batch 100, Loss: 0.0046
Batch 200, Loss: 0.0048
Batch 300, Loss: 0.0053
Epoch 172 learning rate: 0.004758647376699035
Epoch 172 time: 236.10521841049194 seconds
Epoch 172 accuracy: 95.04%
Batch 100, Loss: 0.0047
Batch 200, Loss: 0.0047
Batch 300, Loss: 0.0053
Epoch 173 learning rate: 0.00442983616822775
Epoch 173 time: 236.0820062160492 seconds
Epoch 173 accuracy: 95.31%
Batch 100, Loss: 0.0043
Batch 200, Loss: 0.0046
Batch 300, Loss: 0.0047
Epoch 174 learning rate: 0.004112268715800957
Epoch 174 time: 236.1676435470581 seconds
Epoch 174 accuracy: 95.3%
Batch 100, Loss: 0.0044
Batch 200, Loss: 0.0045
Batch 300, Loss: 0.0047
Epoch 175 learning rate: 0.003806023374435677
Epoch 175 time: 236.05226469039917 seconds
Epoch 175 accuracy: 95.2%
Batch 100, Loss: 0.0046
Batch 200, Loss: 0.0042
Batch 300, Loss: 0.0047
Epoch 176 learning rate: 0.003511175705587435
Epoch 176 time: 236.1965732574463 seconds
Epoch 176 accuracy: 95.35%
Batch 100, Loss: 0.0048
Batch 200, Loss: 0.0043
Batch 300, Loss: 0.0044
Epoch 177 learning rate: 0.0032277984585066333
Epoch 177 time: 236.09030556678772 seconds
Epoch 177 accuracy: 95.42%
Batch 100, Loss: 0.0041
Batch 200, Loss: 0.0042
Batch 300, Loss: 0.0047
Epoch 178 learning rate: 0.002955961552288729
Epoch 178 time: 236.17572927474976 seconds
Epoch 178 accuracy: 95.44%
Batch 100, Loss: 0.0040
Batch 200, Loss: 0.0046
Batch 300, Loss: 0.0043
Epoch 179 learning rate: 0.0026957320586227366
Epoch 179 time: 236.13427472114563 seconds
Epoch 179 accuracy: 95.57%
Batch 100, Loss: 0.0038
Batch 200, Loss: 0.0047
Batch 300, Loss: 0.0043
Epoch 180 learning rate: 0.002447174185242325
Epoch 180 time: 236.10454487800598 seconds
Epoch 180 accuracy: 95.45%
Batch 100, Loss: 0.0039
Batch 200, Loss: 0.0042
Batch 300, Loss: 0.0035
Epoch 181 learning rate: 0.0022103492600834954
Epoch 181 time: 236.11517596244812 seconds
Epoch 181 accuracy: 95.47%
Batch 100, Loss: 0.0039
Batch 200, Loss: 0.0039
Batch 300, Loss: 0.0041
Epoch 182 learning rate: 0.0019853157161528537
Epoch 182 time: 236.1435010433197 seconds
Epoch 182 accuracy: 95.59%
Batch 100, Loss: 0.0041
Batch 200, Loss: 0.0038
Batch 300, Loss: 0.0039
Epoch 183 learning rate: 0.001772129077110103
Epoch 183 time: 236.0063190460205 seconds
Epoch 183 accuracy: 95.47%
Batch 100, Loss: 0.0039
Batch 200, Loss: 0.0037
Batch 300, Loss: 0.0040
Epoch 184 learning rate: 0.0015708419435684529
Epoch 184 time: 236.0455710887909 seconds
Epoch 184 accuracy: 95.44%
Batch 100, Loss: 0.0037
Batch 200, Loss: 0.0041
Batch 300, Loss: 0.0038
Epoch 185 learning rate: 0.0013815039801161732
Epoch 185 time: 236.0924060344696 seconds
Epoch 185 accuracy: 95.52%
Batch 100, Loss: 0.0039
Batch 200, Loss: 0.0034
Batch 300, Loss: 0.0035
Epoch 186 learning rate: 0.0012041619030626347
Epoch 186 time: 236.148442029953 seconds
Epoch 186 accuracy: 95.51%
Batch 100, Loss: 0.0035
Batch 200, Loss: 0.0035
Batch 300, Loss: 0.0039
Epoch 187 learning rate: 0.0010388594689117077
Epoch 187 time: 236.17132878303528 seconds
Epoch 187 accuracy: 95.55%
Batch 100, Loss: 0.0036
Batch 200, Loss: 0.0035
Batch 300, Loss: 0.0037
Epoch 188 learning rate: 0.0008856374635655645
Epoch 188 time: 236.25686597824097 seconds
Epoch 188 accuracy: 95.6%
Batch 100, Loss: 0.0035
Batch 200, Loss: 0.0038
Batch 300, Loss: 0.0039
Epoch 189 learning rate: 0.000744533692261307
Epoch 189 time: 236.18289494514465 seconds
Epoch 189 accuracy: 95.35%
Batch 100, Loss: 0.0036
Batch 200, Loss: 0.0033
Batch 300, Loss: 0.0038
Epoch 190 learning rate: 0.0006155829702431174
Epoch 190 time: 236.0889105796814 seconds
Epoch 190 accuracy: 95.61%
Batch 100, Loss: 0.0034
Batch 200, Loss: 0.0035
Batch 300, Loss: 0.0035
Epoch 191 learning rate: 0.0004988171141721235
Epoch 191 time: 236.0593273639679 seconds
Epoch 191 accuracy: 95.63%
Batch 100, Loss: 0.0037
Batch 200, Loss: 0.0035
Batch 300, Loss: 0.0035
Epoch 192 learning rate: 0.00039426493427611206
Epoch 192 time: 236.0720136165619 seconds
Epoch 192 accuracy: 95.61%
Batch 100, Loss: 0.0034
Batch 200, Loss: 0.0034
Batch 300, Loss: 0.0035
Epoch 193 learning rate: 0.00030195222724102046
Epoch 193 time: 236.0635302066803 seconds
Epoch 193 accuracy: 95.48%
Batch 100, Loss: 0.0039
Batch 200, Loss: 0.0036
Batch 300, Loss: 0.0036
Epoch 194 learning rate: 0.00022190176984600036
Epoch 194 time: 236.15691494941711 seconds
Epoch 194 accuracy: 95.56%
Batch 100, Loss: 0.0036
Batch 200, Loss: 0.0033
Batch 300, Loss: 0.0035
Epoch 195 learning rate: 0.00015413331334360192
Epoch 195 time: 236.2730758190155 seconds
Epoch 195 accuracy: 95.65%
Batch 100, Loss: 0.0034
Batch 200, Loss: 0.0033
Batch 300, Loss: 0.0036
Epoch 196 learning rate: 9.866357858642213e-05
Epoch 196 time: 236.06891226768494 seconds
Epoch 196 accuracy: 95.34%
Batch 100, Loss: 0.0033
Batch 200, Loss: 0.0037
Batch 300, Loss: 0.0037
Epoch 197 learning rate: 5.5506251901504864e-05
Epoch 197 time: 236.14192390441895 seconds
Epoch 197 accuracy: 95.47%
Batch 100, Loss: 0.0033
Batch 200, Loss: 0.0034
Batch 300, Loss: 0.0037
Epoch 198 learning rate: 2.4671981713420017e-05
Epoch 198 time: 236.1172091960907 seconds
Epoch 198 accuracy: 95.5%
Batch 100, Loss: 0.0034
Batch 200, Loss: 0.0036
Batch 300, Loss: 0.0036
Epoch 199 learning rate: 6.168375916970619e-06
Epoch 199 time: 236.0823745727539 seconds
Epoch 199 accuracy: 95.6%
Batch 100, Loss: 0.0035
Batch 200, Loss: 0.0033
Batch 300, Loss: 0.0033
Epoch 200 learning rate: 0.0
Epoch 200 time: 235.83482432365417 seconds
Epoch 200 accuracy: 95.65%
rho:  0.04 , alpha:  0.3
Total training time: 47232.708763599396 seconds
