The following modules were not unloaded:
  (Use "module --force purge" to unload all):

  1) CCconfig        6)  ucx/1.14.1         11) flexiblas/3.3.1
  2) gentoo/2023     7)  libfabric/1.18.0   12) imkl/2023.2.0
  3) gcccore/.12.3   8)  pmix/4.2.4         13) StdEnv/2023
  4) gcc/12.3        9)  ucc/1.2.0
  5) hwloc/2.9.1     10) openmpi/4.1.5
/project/6070520/tkleinkn/Vanilla-GAM/main_cifar.py:187: UserWarning: You have chosen a specific GPU. This will completely disable data parallelism.
  warnings.warn('You have chosen a specific GPU. This will completely '
model name space ['resnet101_c', 'resnet152_c', 'resnet18_c', 'resnet34_c', 'resnet50_c']
Use GPU: 0 for training
=> creating model 'resnet18_c'
Files already downloaded and verified
Files already downloaded and verified
tensorboard dir ./results/CIFAR100/GAMNonAccelerated
Using non-accelerated GAM
/home/tkleinkn/GAMtest/lib/python3.11/site-packages/torch/autograd/graph.py:744: UserWarning: Using backward() with create_graph=True will create a reference cycle between the parameter and its gradient which can cause a memory leak. We recommend using autograd.grad when creating the graph to avoid this. If you have to use this function, make sure to reset the .grad fields of your parameters to None after use to break the cycle and avoid the leak. (Triggered internally at /home/coulombc/wheels_builder/tmp.2617/python-3.11/torch/torch/csrc/autograd/engine.cpp:1203.)
  return Variable._execution_engine.run_backward(  # Calls into the C++ engine to run the backward pass
Batch 100, Loss: 3.7400
Batch 200, Loss: 3.3774
Batch 300, Loss: 3.2373
Epoch 1 learning rate: 0.09999383162408304
Epoch 1 time: 245.81752490997314 seconds
Epoch 1 accuracy: 12.33%
Batch 100, Loss: 3.0881
Batch 200, Loss: 2.9953
Batch 300, Loss: 2.8951
Epoch 2 learning rate: 0.09997532801828658
Epoch 2 time: 236.50304412841797 seconds
Epoch 2 accuracy: 19.15%
Batch 100, Loss: 2.7335
Batch 200, Loss: 2.6751
Batch 300, Loss: 2.5733
Epoch 3 learning rate: 0.09994449374809851
Epoch 3 time: 236.37545657157898 seconds
Epoch 3 accuracy: 26.9%
Batch 100, Loss: 2.4304
Batch 200, Loss: 2.3798
Batch 300, Loss: 2.3086
Epoch 4 learning rate: 0.09990133642141359
Epoch 4 time: 236.37353682518005 seconds
Epoch 4 accuracy: 34.23%
Batch 100, Loss: 2.1458
Batch 200, Loss: 2.0705
Batch 300, Loss: 2.0161
Epoch 5 learning rate: 0.09984586668665642
Epoch 5 time: 236.11404752731323 seconds
Epoch 5 accuracy: 38.01%
Batch 100, Loss: 1.8981
Batch 200, Loss: 1.8748
Batch 300, Loss: 1.8551
Epoch 6 learning rate: 0.09977809823015402
Epoch 6 time: 236.32430458068848 seconds
Epoch 6 accuracy: 44.75%
Batch 100, Loss: 1.7227
Batch 200, Loss: 1.7117
Batch 300, Loss: 1.6908
Epoch 7 learning rate: 0.09969804777275901
Epoch 7 time: 236.25662660598755 seconds
Epoch 7 accuracy: 46.32%
Batch 100, Loss: 1.5996
Batch 200, Loss: 1.6090
Batch 300, Loss: 1.6003
Epoch 8 learning rate: 0.09960573506572391
Epoch 8 time: 236.23882222175598 seconds
Epoch 8 accuracy: 47.31%
Batch 100, Loss: 1.5080
Batch 200, Loss: 1.5095
Batch 300, Loss: 1.5210
Epoch 9 learning rate: 0.09950118288582789
Epoch 9 time: 236.23078608512878 seconds
Epoch 9 accuracy: 51.31%
Batch 100, Loss: 1.4156
Batch 200, Loss: 1.4470
Batch 300, Loss: 1.4620
Epoch 10 learning rate: 0.09938441702975691
Epoch 10 time: 236.0876235961914 seconds
Epoch 10 accuracy: 51.93%
Batch 100, Loss: 1.3707
Batch 200, Loss: 1.3931
Batch 300, Loss: 1.3942
Epoch 11 learning rate: 0.09925546630773871
Epoch 11 time: 236.29307436943054 seconds
Epoch 11 accuracy: 51.21%
Batch 100, Loss: 1.3260
Batch 200, Loss: 1.3487
Batch 300, Loss: 1.3685
Epoch 12 learning rate: 0.09911436253643445
Epoch 12 time: 236.29484295845032 seconds
Epoch 12 accuracy: 53.79%
Batch 100, Loss: 1.3013
Batch 200, Loss: 1.2792
Batch 300, Loss: 1.3322
Epoch 13 learning rate: 0.0989611405310883
Epoch 13 time: 236.11617183685303 seconds
Epoch 13 accuracy: 51.48%
Batch 100, Loss: 1.2415
Batch 200, Loss: 1.2702
Batch 300, Loss: 1.2993
Epoch 14 learning rate: 0.09879583809693739
Epoch 14 time: 236.26414585113525 seconds
Epoch 14 accuracy: 57.15%
Batch 100, Loss: 1.2199
Batch 200, Loss: 1.2674
Batch 300, Loss: 1.2439
Epoch 15 learning rate: 0.09861849601988384
Epoch 15 time: 236.19113039970398 seconds
Epoch 15 accuracy: 52.66%
Batch 100, Loss: 1.1877
Batch 200, Loss: 1.2052
Batch 300, Loss: 1.2306
Epoch 16 learning rate: 0.09842915805643157
Epoch 16 time: 236.13666677474976 seconds
Epoch 16 accuracy: 56.28%
Batch 100, Loss: 1.1765
Batch 200, Loss: 1.1890
Batch 300, Loss: 1.2118
Epoch 17 learning rate: 0.09822787092288993
Epoch 17 time: 236.1859369277954 seconds
Epoch 17 accuracy: 55.99%
Batch 100, Loss: 1.1582
Batch 200, Loss: 1.1747
Batch 300, Loss: 1.1813
Epoch 18 learning rate: 0.09801468428384717
Epoch 18 time: 236.18705677986145 seconds
Epoch 18 accuracy: 56.98%
Batch 100, Loss: 1.1153
Batch 200, Loss: 1.1409
Batch 300, Loss: 1.1811
Epoch 19 learning rate: 0.09778965073991652
Epoch 19 time: 236.15278506278992 seconds
Epoch 19 accuracy: 56.82%
Batch 100, Loss: 1.1071
Batch 200, Loss: 1.1527
Batch 300, Loss: 1.1521
Epoch 20 learning rate: 0.0975528258147577
Epoch 20 time: 236.2437081336975 seconds
Epoch 20 accuracy: 56.19%
Batch 100, Loss: 1.0867
Batch 200, Loss: 1.1199
Batch 300, Loss: 1.1495
Epoch 21 learning rate: 0.09730426794137728
Epoch 21 time: 236.33764219284058 seconds
Epoch 21 accuracy: 59.79%
Batch 100, Loss: 1.0734
Batch 200, Loss: 1.1112
Batch 300, Loss: 1.1177
Epoch 22 learning rate: 0.09704403844771128
Epoch 22 time: 236.25947093963623 seconds
Epoch 22 accuracy: 59.33%
Batch 100, Loss: 1.0512
Batch 200, Loss: 1.1004
Batch 300, Loss: 1.1158
Epoch 23 learning rate: 0.09677220154149338
Epoch 23 time: 236.08313179016113 seconds
Epoch 23 accuracy: 60.25%
Batch 100, Loss: 1.0547
Batch 200, Loss: 1.0616
Batch 300, Loss: 1.1111
Epoch 24 learning rate: 0.09648882429441258
Epoch 24 time: 236.18662881851196 seconds
Epoch 24 accuracy: 59.41%
Batch 100, Loss: 1.0299
Batch 200, Loss: 1.0778
Batch 300, Loss: 1.0764
Epoch 25 learning rate: 0.09619397662556435
Epoch 25 time: 236.13208174705505 seconds
Epoch 25 accuracy: 60.63%
Batch 100, Loss: 1.0116
Batch 200, Loss: 1.0449
Batch 300, Loss: 1.0885
Epoch 26 learning rate: 0.09588773128419906
Epoch 26 time: 236.23673105239868 seconds
Epoch 26 accuracy: 58.58%
Batch 100, Loss: 1.0216
Batch 200, Loss: 1.0185
Batch 300, Loss: 1.0580
Epoch 27 learning rate: 0.09557016383177226
Epoch 27 time: 236.20828366279602 seconds
Epoch 27 accuracy: 60.51%
Batch 100, Loss: 0.9992
Batch 200, Loss: 1.0481
Batch 300, Loss: 1.0557
Epoch 28 learning rate: 0.09524135262330098
Epoch 28 time: 236.2021861076355 seconds
Epoch 28 accuracy: 56.28%
Batch 100, Loss: 0.9804
Batch 200, Loss: 1.0500
Batch 300, Loss: 1.0409
Epoch 29 learning rate: 0.09490137878803079
Epoch 29 time: 236.19287490844727 seconds
Epoch 29 accuracy: 60.75%
Batch 100, Loss: 0.9799
Batch 200, Loss: 1.0099
Batch 300, Loss: 1.0490
Epoch 30 learning rate: 0.0945503262094184
Epoch 30 time: 236.20409893989563 seconds
Epoch 30 accuracy: 62.13%
Batch 100, Loss: 0.9697
Batch 200, Loss: 1.0116
Batch 300, Loss: 1.0254
Epoch 31 learning rate: 0.0941882815044347
Epoch 31 time: 236.16963458061218 seconds
Epoch 31 accuracy: 60.91%
Batch 100, Loss: 0.9400
Batch 200, Loss: 0.9913
Batch 300, Loss: 1.0277
Epoch 32 learning rate: 0.09381533400219319
Epoch 32 time: 236.04330587387085 seconds
Epoch 32 accuracy: 59.06%
Batch 100, Loss: 0.9519
Batch 200, Loss: 0.9880
Batch 300, Loss: 1.0071
Epoch 33 learning rate: 0.09343157572190958
Epoch 33 time: 236.15953516960144 seconds
Epoch 33 accuracy: 60.62%
Batch 100, Loss: 0.9224
Batch 200, Loss: 0.9879
Batch 300, Loss: 0.9893
Epoch 34 learning rate: 0.0930371013501972
Epoch 34 time: 236.21682047843933 seconds
Epoch 34 accuracy: 61.03%
Batch 100, Loss: 0.9185
Batch 200, Loss: 0.9583
Batch 300, Loss: 1.0124
Epoch 35 learning rate: 0.09263200821770463
Epoch 35 time: 236.2284426689148 seconds
Epoch 35 accuracy: 62.3%
Batch 100, Loss: 0.9357
Batch 200, Loss: 0.9861
Batch 300, Loss: 0.9961
Epoch 36 learning rate: 0.09221639627510078
Epoch 36 time: 236.20301485061646 seconds
Epoch 36 accuracy: 62.96%
Batch 100, Loss: 0.9093
Batch 200, Loss: 0.9639
Batch 300, Loss: 0.9612
Epoch 37 learning rate: 0.09179036806841355
Epoch 37 time: 236.21648693084717 seconds
Epoch 37 accuracy: 63.69%
Batch 100, Loss: 0.9256
Batch 200, Loss: 0.9431
Batch 300, Loss: 0.9866
Epoch 38 learning rate: 0.09135402871372812
Epoch 38 time: 236.2135865688324 seconds
Epoch 38 accuracy: 64.63%
Batch 100, Loss: 0.8982
Batch 200, Loss: 0.9427
Batch 300, Loss: 0.9866
Epoch 39 learning rate: 0.0909074858712512
Epoch 39 time: 236.24827647209167 seconds
Epoch 39 accuracy: 56.84%
Batch 100, Loss: 0.9002
Batch 200, Loss: 0.9526
Batch 300, Loss: 0.9734
Epoch 40 learning rate: 0.09045084971874741
Epoch 40 time: 236.13147830963135 seconds
Epoch 40 accuracy: 63.04%
Batch 100, Loss: 0.8895
Batch 200, Loss: 0.9068
Batch 300, Loss: 0.9577
Epoch 41 learning rate: 0.08998423292435458
Epoch 41 time: 236.3068859577179 seconds
Epoch 41 accuracy: 61.51%
Batch 100, Loss: 0.8902
Batch 200, Loss: 0.9195
Batch 300, Loss: 0.9577
Epoch 42 learning rate: 0.08950775061878455
Epoch 42 time: 236.11319828033447 seconds
Epoch 42 accuracy: 61.72%
Batch 100, Loss: 0.8676
Batch 200, Loss: 0.9173
Batch 300, Loss: 0.9477
Epoch 43 learning rate: 0.08902152036691653
Epoch 43 time: 236.24367356300354 seconds
Epoch 43 accuracy: 61.8%
Batch 100, Loss: 0.8740
Batch 200, Loss: 0.9146
Batch 300, Loss: 0.9247
Epoch 44 learning rate: 0.08852566213878951
Epoch 44 time: 236.28574180603027 seconds
Epoch 44 accuracy: 61.19%
Batch 100, Loss: 0.8721
Batch 200, Loss: 0.9077
Batch 300, Loss: 0.9389
Epoch 45 learning rate: 0.0880202982800016
Epoch 45 time: 236.25650930404663 seconds
Epoch 45 accuracy: 61.51%
Batch 100, Loss: 0.8543
Batch 200, Loss: 0.9069
Batch 300, Loss: 0.9222
Epoch 46 learning rate: 0.08750555348152303
Epoch 46 time: 236.32006549835205 seconds
Epoch 46 accuracy: 63.28%
Batch 100, Loss: 0.8443
Batch 200, Loss: 0.8881
Batch 300, Loss: 0.9132
Epoch 47 learning rate: 0.08698155474893052
Epoch 47 time: 236.13119912147522 seconds
Epoch 47 accuracy: 63.09%
Batch 100, Loss: 0.8529
Batch 200, Loss: 0.8809
Batch 300, Loss: 0.8979
Epoch 48 learning rate: 0.08644843137107061
Epoch 48 time: 236.20408129692078 seconds
Epoch 48 accuracy: 62.67%
Batch 100, Loss: 0.8270
Batch 200, Loss: 0.8851
Batch 300, Loss: 0.9042
Epoch 49 learning rate: 0.08590631488815947
Epoch 49 time: 236.1515176296234 seconds
Epoch 49 accuracy: 62.97%
Batch 100, Loss: 0.8201
Batch 200, Loss: 0.8647
Batch 300, Loss: 0.8897
Epoch 50 learning rate: 0.0853553390593274
Epoch 50 time: 236.15626764297485 seconds
Epoch 50 accuracy: 64.06%
Batch 100, Loss: 0.8321
Batch 200, Loss: 0.8635
Batch 300, Loss: 0.8956
Epoch 51 learning rate: 0.08479563982961574
Epoch 51 time: 236.25832343101501 seconds
Epoch 51 accuracy: 64.76%
Batch 100, Loss: 0.8127
Batch 200, Loss: 0.8626
Batch 300, Loss: 0.9018
Epoch 52 learning rate: 0.08422735529643446
Epoch 52 time: 236.16871666908264 seconds
Epoch 52 accuracy: 64.07%
Batch 100, Loss: 0.8330
Batch 200, Loss: 0.8349
Batch 300, Loss: 0.8863
Epoch 53 learning rate: 0.08365062567548869
Epoch 53 time: 236.11824488639832 seconds
Epoch 53 accuracy: 62.83%
Batch 100, Loss: 0.8164
Batch 200, Loss: 0.8421
Batch 300, Loss: 0.8630
Epoch 54 learning rate: 0.08306559326618261
Epoch 54 time: 236.23329305648804 seconds
Epoch 54 accuracy: 63.89%
Batch 100, Loss: 0.8039
Batch 200, Loss: 0.8305
Batch 300, Loss: 0.8683
Epoch 55 learning rate: 0.0824724024165092
Epoch 55 time: 236.22158122062683 seconds
Epoch 55 accuracy: 65.75%
Batch 100, Loss: 0.7894
Batch 200, Loss: 0.8398
Batch 300, Loss: 0.8402
Epoch 56 learning rate: 0.0818711994874345
Epoch 56 time: 236.3076479434967 seconds
Epoch 56 accuracy: 63.42%
Batch 100, Loss: 0.7894
Batch 200, Loss: 0.8277
Batch 300, Loss: 0.8740
Epoch 57 learning rate: 0.08126213281678528
Epoch 57 time: 236.28685593605042 seconds
Epoch 57 accuracy: 65.22%
Batch 100, Loss: 0.7767
Batch 200, Loss: 0.8212
Batch 300, Loss: 0.8503
Epoch 58 learning rate: 0.08064535268264884
Epoch 58 time: 236.3197374343872 seconds
Epoch 58 accuracy: 62.38%
Batch 100, Loss: 0.7727
Batch 200, Loss: 0.8122
Batch 300, Loss: 0.8661
Epoch 59 learning rate: 0.08002101126629421
Epoch 59 time: 236.35032439231873 seconds
Epoch 59 accuracy: 63.47%
Batch 100, Loss: 0.7761
Batch 200, Loss: 0.8173
Batch 300, Loss: 0.8460
Epoch 60 learning rate: 0.07938926261462367
Epoch 60 time: 236.2610137462616 seconds
Epoch 60 accuracy: 64.39%
Batch 100, Loss: 0.7652
Batch 200, Loss: 0.8066
Batch 300, Loss: 0.8309
Epoch 61 learning rate: 0.07875026260216395
Epoch 61 time: 236.30514407157898 seconds
Epoch 61 accuracy: 63.1%
Batch 100, Loss: 0.7786
Batch 200, Loss: 0.7842
Batch 300, Loss: 0.8147
Epoch 62 learning rate: 0.07810416889260656
Epoch 62 time: 236.312433719635 seconds
Epoch 62 accuracy: 64.86%
Batch 100, Loss: 0.7661
Batch 200, Loss: 0.7981
Batch 300, Loss: 0.8319
Epoch 63 learning rate: 0.07745114089990661
Epoch 63 time: 236.21629810333252 seconds
Epoch 63 accuracy: 66.03%
Batch 100, Loss: 0.7364
Batch 200, Loss: 0.7741
Batch 300, Loss: 0.8126
Epoch 64 learning rate: 0.07679133974894985
Epoch 64 time: 236.264728307724 seconds
Epoch 64 accuracy: 63.8%
Batch 100, Loss: 0.7472
Batch 200, Loss: 0.7626
Batch 300, Loss: 0.8092
Epoch 65 learning rate: 0.07612492823579746
Epoch 65 time: 236.19344019889832 seconds
Epoch 65 accuracy: 66.18%
Batch 100, Loss: 0.7396
Batch 200, Loss: 0.7555
Batch 300, Loss: 0.7863
Epoch 66 learning rate: 0.07545207078751859
Epoch 66 time: 236.2013087272644 seconds
Epoch 66 accuracy: 63.32%
Batch 100, Loss: 0.7294
Batch 200, Loss: 0.7495
Batch 300, Loss: 0.7945
Epoch 67 learning rate: 0.0747729334216204
Epoch 67 time: 236.21259188652039 seconds
Epoch 67 accuracy: 67.13%
Batch 100, Loss: 0.6986
Batch 200, Loss: 0.7804
Batch 300, Loss: 0.7990
Epoch 68 learning rate: 0.07408768370508578
Epoch 68 time: 236.2015256881714 seconds
Epoch 68 accuracy: 64.31%
Batch 100, Loss: 0.6976
Batch 200, Loss: 0.7515
Batch 300, Loss: 0.7773
Epoch 69 learning rate: 0.0733964907130287
Epoch 69 time: 236.12729787826538 seconds
Epoch 69 accuracy: 66.12%
Batch 100, Loss: 0.7159
Batch 200, Loss: 0.7503
Batch 300, Loss: 0.7746
Epoch 70 learning rate: 0.07269952498697736
Epoch 70 time: 236.224383354187 seconds
Epoch 70 accuracy: 64.47%
Batch 100, Loss: 0.6862
Batch 200, Loss: 0.7300
Batch 300, Loss: 0.7804
Epoch 71 learning rate: 0.07199695849279578
Epoch 71 time: 236.1932978630066 seconds
Epoch 71 accuracy: 65.48%
Batch 100, Loss: 0.7101
Batch 200, Loss: 0.7215
Batch 300, Loss: 0.7494
Epoch 72 learning rate: 0.07128896457825366
Epoch 72 time: 236.20362877845764 seconds
Epoch 72 accuracy: 65.32%
Batch 100, Loss: 0.6789
Batch 200, Loss: 0.7166
Batch 300, Loss: 0.7294
Epoch 73 learning rate: 0.07057571793025548
Epoch 73 time: 236.37263131141663 seconds
Epoch 73 accuracy: 64.4%
Batch 100, Loss: 0.6847
Batch 200, Loss: 0.7072
Batch 300, Loss: 0.7603
Epoch 74 learning rate: 0.06985739453173906
Epoch 74 time: 236.1341519355774 seconds
Epoch 74 accuracy: 66.02%
Batch 100, Loss: 0.6564
Batch 200, Loss: 0.7066
Batch 300, Loss: 0.7323
Epoch 75 learning rate: 0.06913417161825453
Epoch 75 time: 236.2610592842102 seconds
Epoch 75 accuracy: 66.53%
Batch 100, Loss: 0.6695
Batch 200, Loss: 0.6970
Batch 300, Loss: 0.7126
Epoch 76 learning rate: 0.06840622763423394
Epoch 76 time: 236.2176423072815 seconds
Epoch 76 accuracy: 65.3%
Batch 100, Loss: 0.6421
Batch 200, Loss: 0.6996
Batch 300, Loss: 0.7135
Epoch 77 learning rate: 0.0676737421889629
Epoch 77 time: 236.16824913024902 seconds
Epoch 77 accuracy: 66.79%
Batch 100, Loss: 0.6538
Batch 200, Loss: 0.6807
Batch 300, Loss: 0.7021
Epoch 78 learning rate: 0.06693689601226462
Epoch 78 time: 236.208566904068 seconds
Epoch 78 accuracy: 66.19%
Batch 100, Loss: 0.6281
Batch 200, Loss: 0.6850
Batch 300, Loss: 0.7191
Epoch 79 learning rate: 0.06619587090990751
Epoch 79 time: 236.18500971794128 seconds
Epoch 79 accuracy: 67.52%
Batch 100, Loss: 0.6213
Batch 200, Loss: 0.6847
Batch 300, Loss: 0.6976
Epoch 80 learning rate: 0.06545084971874741
Epoch 80 time: 236.28437495231628 seconds
Epoch 80 accuracy: 65.85%
Batch 100, Loss: 0.6192
Batch 200, Loss: 0.6607
Batch 300, Loss: 0.6874
Epoch 81 learning rate: 0.06470201626161524
Epoch 81 time: 236.19862747192383 seconds
Epoch 81 accuracy: 66.36%
Batch 100, Loss: 0.6323
Batch 200, Loss: 0.6600
Batch 300, Loss: 0.6843
Epoch 82 learning rate: 0.06394955530196152
Epoch 82 time: 236.05311369895935 seconds
Epoch 82 accuracy: 66.99%
Batch 100, Loss: 0.6157
Batch 200, Loss: 0.6424
Batch 300, Loss: 0.6828
Epoch 83 learning rate: 0.06319365249826868
Epoch 83 time: 236.2375864982605 seconds
Epoch 83 accuracy: 67.08%
Batch 100, Loss: 0.6044
Batch 200, Loss: 0.6339
Batch 300, Loss: 0.6573
Epoch 84 learning rate: 0.06243449435824277
Epoch 84 time: 236.2999448776245 seconds
Epoch 84 accuracy: 68.14%
Batch 100, Loss: 0.6091
Batch 200, Loss: 0.6363
Batch 300, Loss: 0.6736
Epoch 85 learning rate: 0.06167226819279532
Epoch 85 time: 236.15316438674927 seconds
Epoch 85 accuracy: 67.74%
Batch 100, Loss: 0.5996
Batch 200, Loss: 0.6175
Batch 300, Loss: 0.6615
Epoch 86 learning rate: 0.06090716206982718
Epoch 86 time: 236.28401350975037 seconds
Epoch 86 accuracy: 68.24%
Batch 100, Loss: 0.5765
Batch 200, Loss: 0.6266
Batch 300, Loss: 0.6381
Epoch 87 learning rate: 0.06013936476782568
Epoch 87 time: 236.20342183113098 seconds
Epoch 87 accuracy: 67.97%
Batch 100, Loss: 0.5653
Batch 200, Loss: 0.6205
Batch 300, Loss: 0.6411
Epoch 88 learning rate: 0.05936906572928629
Epoch 88 time: 236.2573697566986 seconds
Epoch 88 accuracy: 68.07%
Batch 100, Loss: 0.5637
Batch 200, Loss: 0.6110
Batch 300, Loss: 0.6216
Epoch 89 learning rate: 0.05859645501397052
Epoch 89 time: 236.10115122795105 seconds
Epoch 89 accuracy: 67.21%
Batch 100, Loss: 0.5490
Batch 200, Loss: 0.5952
Batch 300, Loss: 0.6274
Epoch 90 learning rate: 0.05782172325201159
Epoch 90 time: 236.3506224155426 seconds
Epoch 90 accuracy: 67.52%
Batch 100, Loss: 0.5586
Batch 200, Loss: 0.5844
Batch 300, Loss: 0.6104
Epoch 91 learning rate: 0.057045061596879186
Epoch 91 time: 236.1611807346344 seconds
Epoch 91 accuracy: 69.95%
Batch 100, Loss: 0.5381
Batch 200, Loss: 0.5692
Batch 300, Loss: 0.6116
Epoch 92 learning rate: 0.056266661678215264
Epoch 92 time: 236.11609148979187 seconds
Epoch 92 accuracy: 67.36%
Batch 100, Loss: 0.5301
Batch 200, Loss: 0.5658
Batch 300, Loss: 0.5978
Epoch 93 learning rate: 0.055486715554552306
Epoch 93 time: 236.0856282711029 seconds
Epoch 93 accuracy: 67.57%
Batch 100, Loss: 0.5285
Batch 200, Loss: 0.5794
Batch 300, Loss: 0.5863
Epoch 94 learning rate: 0.05470541566592575
Epoch 94 time: 236.0583529472351 seconds
Epoch 94 accuracy: 68.46%
Batch 100, Loss: 0.5217
Batch 200, Loss: 0.5560
Batch 300, Loss: 0.5915
Epoch 95 learning rate: 0.05392295478639229
Epoch 95 time: 236.20201778411865 seconds
Epoch 95 accuracy: 68.04%
Batch 100, Loss: 0.5121
Batch 200, Loss: 0.5328
Batch 300, Loss: 0.5804
Epoch 96 learning rate: 0.05313952597646571
Epoch 96 time: 236.12421107292175 seconds
Epoch 96 accuracy: 69.46%
Batch 100, Loss: 0.5046
Batch 200, Loss: 0.5320
Batch 300, Loss: 0.5756
Epoch 97 learning rate: 0.05235532253548216
Epoch 97 time: 236.20698881149292 seconds
Epoch 97 accuracy: 67.6%
Batch 100, Loss: 0.5026
Batch 200, Loss: 0.5215
Batch 300, Loss: 0.5514
Epoch 98 learning rate: 0.051570537953906447
Epoch 98 time: 236.33661317825317 seconds
Epoch 98 accuracy: 69.03%
Batch 100, Loss: 0.4830
Batch 200, Loss: 0.5139
Batch 300, Loss: 0.5539
Epoch 99 learning rate: 0.05078536586559106
Epoch 99 time: 236.12578892707825 seconds
Epoch 99 accuracy: 69.79%
Batch 100, Loss: 0.4798
Batch 200, Loss: 0.5207
Batch 300, Loss: 0.5458
Epoch 100 learning rate: 0.050000000000000024
Epoch 100 time: 236.09217309951782 seconds
Epoch 100 accuracy: 69.72%
Batch 100, Loss: 0.4704
Batch 200, Loss: 0.5120
Batch 300, Loss: 0.5313
Epoch 101 learning rate: 0.049214634134409
Epoch 101 time: 236.21386003494263 seconds
Epoch 101 accuracy: 69.72%
Batch 100, Loss: 0.4622
Batch 200, Loss: 0.4987
Batch 300, Loss: 0.5231
Epoch 102 learning rate: 0.04842946204609361
Epoch 102 time: 236.1699788570404 seconds
Epoch 102 accuracy: 70.01%
Batch 100, Loss: 0.4494
Batch 200, Loss: 0.4799
Batch 300, Loss: 0.5105
Epoch 103 learning rate: 0.04764467746451789
Epoch 103 time: 236.10498094558716 seconds
Epoch 103 accuracy: 69.16%
Batch 100, Loss: 0.4500
Batch 200, Loss: 0.4833
Batch 300, Loss: 0.4965
Epoch 104 learning rate: 0.046860474023534354
Epoch 104 time: 236.21745252609253 seconds
Epoch 104 accuracy: 70.79%
Batch 100, Loss: 0.4323
Batch 200, Loss: 0.4818
Batch 300, Loss: 0.5057
Epoch 105 learning rate: 0.04607704521360778
Epoch 105 time: 236.17913699150085 seconds
Epoch 105 accuracy: 69.42%
Batch 100, Loss: 0.4215
Batch 200, Loss: 0.4597
Batch 300, Loss: 0.4963
Epoch 106 learning rate: 0.04529458433407431
Epoch 106 time: 236.19224882125854 seconds
Epoch 106 accuracy: 70.81%
Batch 100, Loss: 0.4254
Batch 200, Loss: 0.4423
Batch 300, Loss: 0.4766
Epoch 107 learning rate: 0.04451328444544776
Epoch 107 time: 236.13157749176025 seconds
Epoch 107 accuracy: 70.61%
Batch 100, Loss: 0.4080
Batch 200, Loss: 0.4346
Batch 300, Loss: 0.4583
Epoch 108 learning rate: 0.04373333832178482
Epoch 108 time: 236.13165473937988 seconds
Epoch 108 accuracy: 68.31%
Batch 100, Loss: 0.4049
Batch 200, Loss: 0.4355
Batch 300, Loss: 0.4558
Epoch 109 learning rate: 0.0429549384031209
Epoch 109 time: 236.04369139671326 seconds
Epoch 109 accuracy: 70.88%
Batch 100, Loss: 0.4054
Batch 200, Loss: 0.4049
Batch 300, Loss: 0.4468
Epoch 110 learning rate: 0.042178276747988484
Epoch 110 time: 236.17994260787964 seconds
Epoch 110 accuracy: 70.89%
Batch 100, Loss: 0.3705
Batch 200, Loss: 0.4070
Batch 300, Loss: 0.4421
Epoch 111 learning rate: 0.04140354498602954
Epoch 111 time: 236.20284461975098 seconds
Epoch 111 accuracy: 70.71%
Batch 100, Loss: 0.3797
Batch 200, Loss: 0.3948
Batch 300, Loss: 0.4389
Epoch 112 learning rate: 0.0406309342707138
Epoch 112 time: 236.2475118637085 seconds
Epoch 112 accuracy: 70.24%
Batch 100, Loss: 0.3760
Batch 200, Loss: 0.4067
Batch 300, Loss: 0.4274
Epoch 113 learning rate: 0.03986063523217441
Epoch 113 time: 236.2022087574005 seconds
Epoch 113 accuracy: 69.11%
Batch 100, Loss: 0.3541
Batch 200, Loss: 0.3888
Batch 300, Loss: 0.4183
Epoch 114 learning rate: 0.039092837930172916
Epoch 114 time: 236.1861593723297 seconds
Epoch 114 accuracy: 69.47%
Batch 100, Loss: 0.3534
Batch 200, Loss: 0.3745
Batch 300, Loss: 0.4064
Epoch 115 learning rate: 0.03832773180720475
Epoch 115 time: 236.21169781684875 seconds
Epoch 115 accuracy: 71.29%
Batch 100, Loss: 0.3452
Batch 200, Loss: 0.3682
Batch 300, Loss: 0.3923
Epoch 116 learning rate: 0.037565505641757285
Epoch 116 time: 236.18413591384888 seconds
Epoch 116 accuracy: 71.07%
Batch 100, Loss: 0.3517
Batch 200, Loss: 0.3582
Batch 300, Loss: 0.3754
Epoch 117 learning rate: 0.03680634750173138
Epoch 117 time: 236.11226153373718 seconds
Epoch 117 accuracy: 70.59%
Batch 100, Loss: 0.3392
Batch 200, Loss: 0.3384
Batch 300, Loss: 0.3645
Epoch 118 learning rate: 0.036050444698038565
Epoch 118 time: 236.3284866809845 seconds
Epoch 118 accuracy: 71.24%
Batch 100, Loss: 0.3148
Batch 200, Loss: 0.3401
Batch 300, Loss: 0.3601
Epoch 119 learning rate: 0.03529798373838483
Epoch 119 time: 236.24448537826538 seconds
Epoch 119 accuracy: 71.74%
Batch 100, Loss: 0.3203
Batch 200, Loss: 0.3480
Batch 300, Loss: 0.3572
Epoch 120 learning rate: 0.03454915028125267
Epoch 120 time: 236.28399634361267 seconds
Epoch 120 accuracy: 71.57%
Batch 100, Loss: 0.3043
Batch 200, Loss: 0.3231
Batch 300, Loss: 0.3420
Epoch 121 learning rate: 0.03380412909009255
Epoch 121 time: 236.17429041862488 seconds
Epoch 121 accuracy: 73.33%
Batch 100, Loss: 0.2988
Batch 200, Loss: 0.3178
Batch 300, Loss: 0.3339
Epoch 122 learning rate: 0.03306310398773545
Epoch 122 time: 236.20639538764954 seconds
Epoch 122 accuracy: 71.2%
Batch 100, Loss: 0.2907
Batch 200, Loss: 0.3122
Batch 300, Loss: 0.3251
Epoch 123 learning rate: 0.03232625781103717
Epoch 123 time: 236.3041000366211 seconds
Epoch 123 accuracy: 72.56%
Batch 100, Loss: 0.2807
Batch 200, Loss: 0.2974
Batch 300, Loss: 0.3131
Epoch 124 learning rate: 0.03159377236576613
Epoch 124 time: 236.29513359069824 seconds
Epoch 124 accuracy: 72.89%
Batch 100, Loss: 0.2793
Batch 200, Loss: 0.2854
Batch 300, Loss: 0.3129
Epoch 125 learning rate: 0.030865828381745543
Epoch 125 time: 236.22372317314148 seconds
Epoch 125 accuracy: 72.72%
Batch 100, Loss: 0.2621
Batch 200, Loss: 0.2902
Batch 300, Loss: 0.3032
Epoch 126 learning rate: 0.03014260546826098
Epoch 126 time: 236.2370069026947 seconds
Epoch 126 accuracy: 73.54%
Batch 100, Loss: 0.2618
Batch 200, Loss: 0.2800
Batch 300, Loss: 0.2889
Epoch 127 learning rate: 0.02942428206974458
Epoch 127 time: 236.132488489151 seconds
Epoch 127 accuracy: 72.72%
Batch 100, Loss: 0.2479
Batch 200, Loss: 0.2684
Batch 300, Loss: 0.2828
Epoch 128 learning rate: 0.028711035421746387
Epoch 128 time: 236.27321910858154 seconds
Epoch 128 accuracy: 73.33%
Batch 100, Loss: 0.2474
Batch 200, Loss: 0.2547
Batch 300, Loss: 0.2736
Epoch 129 learning rate: 0.02800304150720426
Epoch 129 time: 237.0443468093872 seconds
Epoch 129 accuracy: 73.12%
Batch 100, Loss: 0.2373
Batch 200, Loss: 0.2506
Batch 300, Loss: 0.2605
Epoch 130 learning rate: 0.02730047501302268
Epoch 130 time: 236.14448809623718 seconds
Epoch 130 accuracy: 72.58%
Batch 100, Loss: 0.2358
Batch 200, Loss: 0.2306
Batch 300, Loss: 0.2570
Epoch 131 learning rate: 0.026603509286971357
Epoch 131 time: 236.12822222709656 seconds
Epoch 131 accuracy: 73.79%
Batch 100, Loss: 0.2230
Batch 200, Loss: 0.2307
Batch 300, Loss: 0.2517
Epoch 132 learning rate: 0.025912316294914244
Epoch 132 time: 236.1146523952484 seconds
Epoch 132 accuracy: 73.72%
Batch 100, Loss: 0.2117
Batch 200, Loss: 0.2264
Batch 300, Loss: 0.2390
Epoch 133 learning rate: 0.025227066578379632
Epoch 133 time: 236.27715373039246 seconds
Epoch 133 accuracy: 73.47%
Batch 100, Loss: 0.2079
Batch 200, Loss: 0.2289
Batch 300, Loss: 0.2365
Epoch 134 learning rate: 0.024547929212481445
Epoch 134 time: 236.2708830833435 seconds
Epoch 134 accuracy: 74.2%
Batch 100, Loss: 0.2024
Batch 200, Loss: 0.2074
Batch 300, Loss: 0.2254
Epoch 135 learning rate: 0.02387507176420257
Epoch 135 time: 236.33620882034302 seconds
Epoch 135 accuracy: 74.1%
Batch 100, Loss: 0.1988
Batch 200, Loss: 0.2047
Batch 300, Loss: 0.2114
Epoch 136 learning rate: 0.023208660251050166
Epoch 136 time: 236.1971082687378 seconds
Epoch 136 accuracy: 73.99%
Batch 100, Loss: 0.1882
Batch 200, Loss: 0.1938
Batch 300, Loss: 0.2002
Epoch 137 learning rate: 0.022548859100093414
Epoch 137 time: 236.23158359527588 seconds
Epoch 137 accuracy: 74.68%
Batch 100, Loss: 0.1846
Batch 200, Loss: 0.1880
Batch 300, Loss: 0.1985
Epoch 138 learning rate: 0.021895831107393474
Epoch 138 time: 236.31112599372864 seconds
Epoch 138 accuracy: 75.13%
Batch 100, Loss: 0.1799
Batch 200, Loss: 0.1858
Batch 300, Loss: 0.1941
Epoch 139 learning rate: 0.02124973739783608
Epoch 139 time: 236.3258876800537 seconds
Epoch 139 accuracy: 74.9%
Batch 100, Loss: 0.1709
Batch 200, Loss: 0.1724
Batch 300, Loss: 0.1857
Epoch 140 learning rate: 0.02061073738537636
Epoch 140 time: 236.18181824684143 seconds
Epoch 140 accuracy: 75.09%
Batch 100, Loss: 0.1683
Batch 200, Loss: 0.1724
Batch 300, Loss: 0.1845
Epoch 141 learning rate: 0.019978988733705814
Epoch 141 time: 236.04637455940247 seconds
Epoch 141 accuracy: 75.49%
Batch 100, Loss: 0.1553
Batch 200, Loss: 0.1670
Batch 300, Loss: 0.1843
Epoch 142 learning rate: 0.01935464731735118
Epoch 142 time: 236.1433401107788 seconds
Epoch 142 accuracy: 75.13%
Batch 100, Loss: 0.1507
Batch 200, Loss: 0.1608
Batch 300, Loss: 0.1647
Epoch 143 learning rate: 0.018737867183214747
Epoch 143 time: 236.24558210372925 seconds
Epoch 143 accuracy: 75.76%
Batch 100, Loss: 0.1454
Batch 200, Loss: 0.1595
Batch 300, Loss: 0.1668
Epoch 144 learning rate: 0.01812880051256552
Epoch 144 time: 236.27448654174805 seconds
Epoch 144 accuracy: 75.39%
Batch 100, Loss: 0.1484
Batch 200, Loss: 0.1515
Batch 300, Loss: 0.1572
Epoch 145 learning rate: 0.017527597583490827
Epoch 145 time: 236.23362684249878 seconds
Epoch 145 accuracy: 76.16%
Batch 100, Loss: 0.1391
Batch 200, Loss: 0.1378
Batch 300, Loss: 0.1526
Epoch 146 learning rate: 0.01693440673381742
Epoch 146 time: 236.20931696891785 seconds
Epoch 146 accuracy: 76.61%
Batch 100, Loss: 0.1397
Batch 200, Loss: 0.1369
Batch 300, Loss: 0.1465
Epoch 147 learning rate: 0.016349374324511334
Epoch 147 time: 236.21415162086487 seconds
Epoch 147 accuracy: 76.56%
Batch 100, Loss: 0.1293
Batch 200, Loss: 0.1342
Batch 300, Loss: 0.1406
Epoch 148 learning rate: 0.01577264470356557
Epoch 148 time: 236.12003183364868 seconds
Epoch 148 accuracy: 76.82%
Batch 100, Loss: 0.1275
Batch 200, Loss: 0.1301
Batch 300, Loss: 0.1324
Epoch 149 learning rate: 0.01520436017038429
Epoch 149 time: 236.1837604045868 seconds
Epoch 149 accuracy: 76.34%
Batch 100, Loss: 0.1227
Batch 200, Loss: 0.1263
Batch 300, Loss: 0.1259
Epoch 150 learning rate: 0.014644660940672632
Epoch 150 time: 236.26599526405334 seconds
Epoch 150 accuracy: 76.57%
