The following modules were not unloaded:
  (Use "module --force purge" to unload all):

  1) CCconfig        6)  ucx/1.14.1         11) flexiblas/3.3.1
  2) gentoo/2023     7)  libfabric/1.18.0   12) imkl/2023.2.0
  3) gcccore/.12.3   8)  pmix/4.2.4         13) StdEnv/2023
  4) gcc/12.3        9)  ucc/1.2.0
  5) hwloc/2.9.1     10) openmpi/4.1.5
/project/6070520/tkleinkn/Vanilla-GAM/main_cifar.py:187: UserWarning: You have chosen a specific GPU. This will completely disable data parallelism.
  warnings.warn('You have chosen a specific GPU. This will completely '
model name space ['resnet101_c', 'resnet152_c', 'resnet18_c', 'resnet34_c', 'resnet50_c']
Use GPU: 0 for training
=> creating model 'resnet18_c'
Files already downloaded and verified
Files already downloaded and verified
tensorboard dir ./results/CIFAR100/GAMNonAccelerated
Using non-accelerated GAM
/home/tkleinkn/GAMtest/lib/python3.11/site-packages/torch/autograd/graph.py:744: UserWarning: Using backward() with create_graph=True will create a reference cycle between the parameter and its gradient which can cause a memory leak. We recommend using autograd.grad when creating the graph to avoid this. If you have to use this function, make sure to reset the .grad fields of your parameters to None after use to break the cycle and avoid the leak. (Triggered internally at /home/coulombc/wheels_builder/tmp.2617/python-3.11/torch/torch/csrc/autograd/engine.cpp:1203.)
  return Variable._execution_engine.run_backward(  # Calls into the C++ engine to run the backward pass
Batch 100, Loss: 3.7559
Batch 200, Loss: 3.3662
Batch 300, Loss: 3.2543
Epoch 1 learning rate: 0.09999383162408304
Epoch 1 time: 245.06957983970642 seconds
Epoch 1 accuracy: 11.53%
Batch 100, Loss: 3.0720
Batch 200, Loss: 2.9859
Batch 300, Loss: 2.9072
Epoch 2 learning rate: 0.09997532801828658
Epoch 2 time: 236.13873314857483 seconds
Epoch 2 accuracy: 19.3%
Batch 100, Loss: 2.7212
Batch 200, Loss: 2.6426
Batch 300, Loss: 2.5888
Epoch 3 learning rate: 0.09994449374809851
Epoch 3 time: 236.0575933456421 seconds
Epoch 3 accuracy: 27.43%
Batch 100, Loss: 2.4090
Batch 200, Loss: 2.3571
Batch 300, Loss: 2.2935
Epoch 4 learning rate: 0.09990133642141359
Epoch 4 time: 235.96326327323914 seconds
Epoch 4 accuracy: 34.05%
Batch 100, Loss: 2.0971
Batch 200, Loss: 2.0443
Batch 300, Loss: 2.0174
Epoch 5 learning rate: 0.09984586668665642
Epoch 5 time: 235.80349159240723 seconds
Epoch 5 accuracy: 36.95%
Batch 100, Loss: 1.8775
Batch 200, Loss: 1.8101
Batch 300, Loss: 1.7874
Epoch 6 learning rate: 0.09977809823015402
Epoch 6 time: 235.91486239433289 seconds
Epoch 6 accuracy: 40.58%
Batch 100, Loss: 1.6881
Batch 200, Loss: 1.6555
Batch 300, Loss: 1.6568
Epoch 7 learning rate: 0.09969804777275901
Epoch 7 time: 235.80828619003296 seconds
Epoch 7 accuracy: 46.79%
Batch 100, Loss: 1.5428
Batch 200, Loss: 1.5499
Batch 300, Loss: 1.5318
Epoch 8 learning rate: 0.09960573506572391
Epoch 8 time: 235.71935892105103 seconds
Epoch 8 accuracy: 48.41%
Batch 100, Loss: 1.4560
Batch 200, Loss: 1.4557
Batch 300, Loss: 1.4163
Epoch 9 learning rate: 0.09950118288582789
Epoch 9 time: 235.7155225276947 seconds
Epoch 9 accuracy: 53.33%
Batch 100, Loss: 1.3608
Batch 200, Loss: 1.3773
Batch 300, Loss: 1.3798
Epoch 10 learning rate: 0.09938441702975691
Epoch 10 time: 235.81812357902527 seconds
Epoch 10 accuracy: 51.93%
Batch 100, Loss: 1.3068
Batch 200, Loss: 1.3519
Batch 300, Loss: 1.3138
Epoch 11 learning rate: 0.09925546630773871
Epoch 11 time: 235.7871425151825 seconds
Epoch 11 accuracy: 52.46%
Batch 100, Loss: 1.2506
Batch 200, Loss: 1.2675
Batch 300, Loss: 1.2861
Epoch 12 learning rate: 0.09911436253643445
Epoch 12 time: 235.79069805145264 seconds
Epoch 12 accuracy: 56.99%
Batch 100, Loss: 1.1951
Batch 200, Loss: 1.2358
Batch 300, Loss: 1.2505
Epoch 13 learning rate: 0.0989611405310883
Epoch 13 time: 235.84665036201477 seconds
Epoch 13 accuracy: 56.68%
Batch 100, Loss: 1.1382
Batch 200, Loss: 1.1953
Batch 300, Loss: 1.2108
Epoch 14 learning rate: 0.09879583809693739
Epoch 14 time: 235.79819345474243 seconds
Epoch 14 accuracy: 57.55%
Batch 100, Loss: 1.1212
Batch 200, Loss: 1.1689
Batch 300, Loss: 1.1633
Epoch 15 learning rate: 0.09861849601988384
Epoch 15 time: 235.832750082016 seconds
Epoch 15 accuracy: 57.45%
Batch 100, Loss: 1.0880
Batch 200, Loss: 1.1303
Batch 300, Loss: 1.1560
Epoch 16 learning rate: 0.09842915805643157
Epoch 16 time: 235.84359049797058 seconds
Epoch 16 accuracy: 57.44%
Batch 100, Loss: 1.0752
Batch 200, Loss: 1.1072
Batch 300, Loss: 1.1283
Epoch 17 learning rate: 0.09822787092288993
Epoch 17 time: 235.72685408592224 seconds
Epoch 17 accuracy: 55.76%
Batch 100, Loss: 1.0530
Batch 200, Loss: 1.0823
Batch 300, Loss: 1.1108
Epoch 18 learning rate: 0.09801468428384717
Epoch 18 time: 235.60034728050232 seconds
Epoch 18 accuracy: 59.5%
Batch 100, Loss: 1.0358
Batch 200, Loss: 1.0689
Batch 300, Loss: 1.0781
Epoch 19 learning rate: 0.09778965073991652
Epoch 19 time: 235.674085855484 seconds
Epoch 19 accuracy: 60.31%
Batch 100, Loss: 1.0023
Batch 200, Loss: 1.0362
Batch 300, Loss: 1.0747
Epoch 20 learning rate: 0.0975528258147577
Epoch 20 time: 235.80315780639648 seconds
Epoch 20 accuracy: 61.71%
Batch 100, Loss: 0.9779
Batch 200, Loss: 1.0322
Batch 300, Loss: 1.0420
Epoch 21 learning rate: 0.09730426794137728
Epoch 21 time: 235.79701399803162 seconds
Epoch 21 accuracy: 58.77%
Batch 100, Loss: 0.9650
Batch 200, Loss: 1.0158
Batch 300, Loss: 1.0254
Epoch 22 learning rate: 0.09704403844771128
Epoch 22 time: 235.72609543800354 seconds
Epoch 22 accuracy: 55.93%
Batch 100, Loss: 0.9440
Batch 200, Loss: 0.9944
Batch 300, Loss: 1.0347
Epoch 23 learning rate: 0.09677220154149338
Epoch 23 time: 235.66650533676147 seconds
Epoch 23 accuracy: 57.11%
Batch 100, Loss: 0.9492
Batch 200, Loss: 0.9914
Batch 300, Loss: 0.9943
Epoch 24 learning rate: 0.09648882429441258
Epoch 24 time: 235.70790123939514 seconds
Epoch 24 accuracy: 56.17%
Batch 100, Loss: 0.9402
Batch 200, Loss: 0.9599
Batch 300, Loss: 0.9969
Epoch 25 learning rate: 0.09619397662556435
Epoch 25 time: 235.76797008514404 seconds
Epoch 25 accuracy: 61.2%
Batch 100, Loss: 0.9061
Batch 200, Loss: 0.9517
Batch 300, Loss: 0.9723
Epoch 26 learning rate: 0.09588773128419906
Epoch 26 time: 236.13640117645264 seconds
Epoch 26 accuracy: 62.35%
Batch 100, Loss: 0.8959
Batch 200, Loss: 0.9459
Batch 300, Loss: 0.9682
Epoch 27 learning rate: 0.09557016383177226
Epoch 27 time: 236.19823169708252 seconds
Epoch 27 accuracy: 59.87%
Batch 100, Loss: 0.8994
Batch 200, Loss: 0.9394
Batch 300, Loss: 0.9531
Epoch 28 learning rate: 0.09524135262330098
Epoch 28 time: 236.19512557983398 seconds
Epoch 28 accuracy: 62.43%
Batch 100, Loss: 0.8710
Batch 200, Loss: 0.9272
Batch 300, Loss: 0.9743
Epoch 29 learning rate: 0.09490137878803079
Epoch 29 time: 236.1521966457367 seconds
Epoch 29 accuracy: 60.26%
Batch 100, Loss: 0.8634
Batch 200, Loss: 0.9000
Batch 300, Loss: 0.9349
Epoch 30 learning rate: 0.0945503262094184
Epoch 30 time: 236.27792978286743 seconds
Epoch 30 accuracy: 58.31%
Batch 100, Loss: 0.8734
Batch 200, Loss: 0.9001
Batch 300, Loss: 0.9210
Epoch 31 learning rate: 0.0941882815044347
Epoch 31 time: 236.20835208892822 seconds
Epoch 31 accuracy: 61.83%
Batch 100, Loss: 0.8609
Batch 200, Loss: 0.8968
Batch 300, Loss: 0.9259
Epoch 32 learning rate: 0.09381533400219319
Epoch 32 time: 236.1718065738678 seconds
Epoch 32 accuracy: 63.77%
Batch 100, Loss: 0.8323
Batch 200, Loss: 0.8798
Batch 300, Loss: 0.8988
Epoch 33 learning rate: 0.09343157572190958
Epoch 33 time: 236.1971402168274 seconds
Epoch 33 accuracy: 62.9%
Batch 100, Loss: 0.8631
Batch 200, Loss: 0.8731
Batch 300, Loss: 0.9075
Epoch 34 learning rate: 0.0930371013501972
Epoch 34 time: 236.1452009677887 seconds
Epoch 34 accuracy: 62.68%
Batch 100, Loss: 0.8362
Batch 200, Loss: 0.8582
Batch 300, Loss: 0.9048
Epoch 35 learning rate: 0.09263200821770463
Epoch 35 time: 236.03778719902039 seconds
Epoch 35 accuracy: 58.22%
Batch 100, Loss: 0.8151
Batch 200, Loss: 0.8815
Batch 300, Loss: 0.8972
Epoch 36 learning rate: 0.09221639627510078
Epoch 36 time: 236.20342755317688 seconds
Epoch 36 accuracy: 61.94%
Batch 100, Loss: 0.8040
Batch 200, Loss: 0.8603
Batch 300, Loss: 0.8911
Epoch 37 learning rate: 0.09179036806841355
Epoch 37 time: 236.2866599559784 seconds
Epoch 37 accuracy: 62.79%
Batch 100, Loss: 0.7896
Batch 200, Loss: 0.8512
Batch 300, Loss: 0.8763
Epoch 38 learning rate: 0.09135402871372812
Epoch 38 time: 236.08195090293884 seconds
Epoch 38 accuracy: 61.51%
Batch 100, Loss: 0.8148
Batch 200, Loss: 0.8481
Batch 300, Loss: 0.8553
Epoch 39 learning rate: 0.0909074858712512
Epoch 39 time: 236.10659003257751 seconds
Epoch 39 accuracy: 63.68%
Batch 100, Loss: 0.8057
Batch 200, Loss: 0.8225
Batch 300, Loss: 0.8618
Epoch 40 learning rate: 0.09045084971874741
Epoch 40 time: 236.12926030158997 seconds
Epoch 40 accuracy: 62.43%
Batch 100, Loss: 0.7777
Batch 200, Loss: 0.8337
Batch 300, Loss: 0.8606
Epoch 41 learning rate: 0.08998423292435458
Epoch 41 time: 236.21860790252686 seconds
Epoch 41 accuracy: 62.28%
Batch 100, Loss: 0.7639
Batch 200, Loss: 0.8159
Batch 300, Loss: 0.8504
Epoch 42 learning rate: 0.08950775061878455
Epoch 42 time: 236.231192111969 seconds
Epoch 42 accuracy: 61.58%
Batch 100, Loss: 0.7684
Batch 200, Loss: 0.8316
Batch 300, Loss: 0.8445
Epoch 43 learning rate: 0.08902152036691653
Epoch 43 time: 236.2239646911621 seconds
Epoch 43 accuracy: 62.94%
Batch 100, Loss: 0.7575
Batch 200, Loss: 0.8236
Batch 300, Loss: 0.8203
Epoch 44 learning rate: 0.08852566213878951
Epoch 44 time: 236.0418152809143 seconds
Epoch 44 accuracy: 64.28%
Batch 100, Loss: 0.7405
Batch 200, Loss: 0.7951
Batch 300, Loss: 0.8358
Epoch 45 learning rate: 0.0880202982800016
Epoch 45 time: 235.64583802223206 seconds
Epoch 45 accuracy: 61.04%
Batch 100, Loss: 0.7636
Batch 200, Loss: 0.7921
Batch 300, Loss: 0.8163
Epoch 46 learning rate: 0.08750555348152303
Epoch 46 time: 236.1230070590973 seconds
Epoch 46 accuracy: 64.76%
Batch 100, Loss: 0.7214
Batch 200, Loss: 0.7759
Batch 300, Loss: 0.8225
Epoch 47 learning rate: 0.08698155474893052
Epoch 47 time: 236.14794898033142 seconds
Epoch 47 accuracy: 62.82%
Batch 100, Loss: 0.7222
Batch 200, Loss: 0.7953
Batch 300, Loss: 0.8042
Epoch 48 learning rate: 0.08644843137107061
Epoch 48 time: 236.1188292503357 seconds
Epoch 48 accuracy: 63.26%
Batch 100, Loss: 0.7318
Batch 200, Loss: 0.7708
Batch 300, Loss: 0.7790
Epoch 49 learning rate: 0.08590631488815947
Epoch 49 time: 235.81889700889587 seconds
Epoch 49 accuracy: 63.38%
Batch 100, Loss: 0.7251
Batch 200, Loss: 0.7640
Batch 300, Loss: 0.8099
Epoch 50 learning rate: 0.0853553390593274
Epoch 50 time: 235.70802307128906 seconds
Epoch 50 accuracy: 64.15%
Batch 100, Loss: 0.7178
Batch 200, Loss: 0.7628
Batch 300, Loss: 0.7841
Epoch 51 learning rate: 0.08479563982961574
Epoch 51 time: 235.82908272743225 seconds
Epoch 51 accuracy: 65.0%
Batch 100, Loss: 0.6877
Batch 200, Loss: 0.7406
Batch 300, Loss: 0.8071
Epoch 52 learning rate: 0.08422735529643446
Epoch 52 time: 235.81688046455383 seconds
Epoch 52 accuracy: 59.72%
Batch 100, Loss: 0.6969
Batch 200, Loss: 0.7475
Batch 300, Loss: 0.7638
Epoch 53 learning rate: 0.08365062567548869
Epoch 53 time: 235.78433680534363 seconds
Epoch 53 accuracy: 62.86%
Batch 100, Loss: 0.7120
Batch 200, Loss: 0.7557
Batch 300, Loss: 0.7408
Epoch 54 learning rate: 0.08306559326618261
Epoch 54 time: 235.7095308303833 seconds
Epoch 54 accuracy: 62.84%
Batch 100, Loss: 0.7046
Batch 200, Loss: 0.7269
Batch 300, Loss: 0.7586
Epoch 55 learning rate: 0.0824724024165092
Epoch 55 time: 235.8556673526764 seconds
Epoch 55 accuracy: 64.65%
Batch 100, Loss: 0.6785
Batch 200, Loss: 0.7160
Batch 300, Loss: 0.7698
Epoch 56 learning rate: 0.0818711994874345
Epoch 56 time: 235.9284896850586 seconds
Epoch 56 accuracy: 64.35%
Batch 100, Loss: 0.6717
Batch 200, Loss: 0.7154
Batch 300, Loss: 0.7595
Epoch 57 learning rate: 0.08126213281678528
Epoch 57 time: 235.72769284248352 seconds
Epoch 57 accuracy: 63.32%
Batch 100, Loss: 0.6803
Batch 200, Loss: 0.7035
Batch 300, Loss: 0.7449
Epoch 58 learning rate: 0.08064535268264884
Epoch 58 time: 235.74765181541443 seconds
Epoch 58 accuracy: 64.01%
Batch 100, Loss: 0.6623
Batch 200, Loss: 0.6901
Batch 300, Loss: 0.7415
Epoch 59 learning rate: 0.08002101126629421
Epoch 59 time: 235.7045600414276 seconds
Epoch 59 accuracy: 64.54%
Batch 100, Loss: 0.6492
Batch 200, Loss: 0.7191
Batch 300, Loss: 0.7326
Epoch 60 learning rate: 0.07938926261462367
Epoch 60 time: 235.78105568885803 seconds
Epoch 60 accuracy: 64.38%
Batch 100, Loss: 0.6326
Batch 200, Loss: 0.7096
Batch 300, Loss: 0.7084
Epoch 61 learning rate: 0.07875026260216395
Epoch 61 time: 235.7716600894928 seconds
Epoch 61 accuracy: 65.13%
Batch 100, Loss: 0.6320
Batch 200, Loss: 0.6896
Batch 300, Loss: 0.7194
Epoch 62 learning rate: 0.07810416889260656
Epoch 62 time: 235.82005190849304 seconds
Epoch 62 accuracy: 63.95%
Batch 100, Loss: 0.6429
Batch 200, Loss: 0.6588
Batch 300, Loss: 0.6993
Epoch 63 learning rate: 0.07745114089990661
Epoch 63 time: 235.82498931884766 seconds
Epoch 63 accuracy: 65.54%
Batch 100, Loss: 0.6317
Batch 200, Loss: 0.6710
Batch 300, Loss: 0.7224
Epoch 64 learning rate: 0.07679133974894985
Epoch 64 time: 235.79045796394348 seconds
Epoch 64 accuracy: 65.47%
Batch 100, Loss: 0.6355
Batch 200, Loss: 0.6648
Batch 300, Loss: 0.7093
Epoch 65 learning rate: 0.07612492823579746
Epoch 65 time: 235.96333193778992 seconds
Epoch 65 accuracy: 64.77%
Batch 100, Loss: 0.6254
Batch 200, Loss: 0.6557
Batch 300, Loss: 0.6807
Epoch 66 learning rate: 0.07545207078751859
Epoch 66 time: 235.90388226509094 seconds
Epoch 66 accuracy: 65.98%
Batch 100, Loss: 0.6175
Batch 200, Loss: 0.6659
Batch 300, Loss: 0.6858
Epoch 67 learning rate: 0.0747729334216204
Epoch 67 time: 235.8016448020935 seconds
Epoch 67 accuracy: 66.02%
Batch 100, Loss: 0.6162
Batch 200, Loss: 0.6464
Batch 300, Loss: 0.6665
Epoch 68 learning rate: 0.07408768370508578
Epoch 68 time: 235.7524709701538 seconds
Epoch 68 accuracy: 64.97%
Batch 100, Loss: 0.5701
Batch 200, Loss: 0.6379
Batch 300, Loss: 0.6789
Epoch 69 learning rate: 0.0733964907130287
Epoch 69 time: 235.85052490234375 seconds
Epoch 69 accuracy: 62.9%
Batch 100, Loss: 0.6046
Batch 200, Loss: 0.6372
Batch 300, Loss: 0.6569
Epoch 70 learning rate: 0.07269952498697736
Epoch 70 time: 235.89036798477173 seconds
Epoch 70 accuracy: 64.83%
Batch 100, Loss: 0.5912
Batch 200, Loss: 0.6186
Batch 300, Loss: 0.6671
Epoch 71 learning rate: 0.07199695849279578
Epoch 71 time: 235.77186965942383 seconds
Epoch 71 accuracy: 64.7%
Batch 100, Loss: 0.5732
Batch 200, Loss: 0.6261
Batch 300, Loss: 0.6394
Epoch 72 learning rate: 0.07128896457825366
Epoch 72 time: 235.84610152244568 seconds
Epoch 72 accuracy: 65.21%
Batch 100, Loss: 0.5766
Batch 200, Loss: 0.6214
Batch 300, Loss: 0.6430
Epoch 73 learning rate: 0.07057571793025548
Epoch 73 time: 235.87692832946777 seconds
Epoch 73 accuracy: 62.96%
Batch 100, Loss: 0.5557
Batch 200, Loss: 0.5930
Batch 300, Loss: 0.6287
Epoch 74 learning rate: 0.06985739453173906
Epoch 74 time: 235.869469165802 seconds
Epoch 74 accuracy: 66.3%
Batch 100, Loss: 0.5382
Batch 200, Loss: 0.5891
Batch 300, Loss: 0.6266
Epoch 75 learning rate: 0.06913417161825453
Epoch 75 time: 235.86063814163208 seconds
Epoch 75 accuracy: 66.45%
Batch 100, Loss: 0.5538
Batch 200, Loss: 0.5847
Batch 300, Loss: 0.6196
Epoch 76 learning rate: 0.06840622763423394
Epoch 76 time: 235.78010869026184 seconds
Epoch 76 accuracy: 65.03%
Batch 100, Loss: 0.5522
Batch 200, Loss: 0.5908
Batch 300, Loss: 0.5998
Epoch 77 learning rate: 0.0676737421889629
Epoch 77 time: 235.80995225906372 seconds
Epoch 77 accuracy: 67.28%
Batch 100, Loss: 0.5402
Batch 200, Loss: 0.5673
Batch 300, Loss: 0.6327
Epoch 78 learning rate: 0.06693689601226462
Epoch 78 time: 235.80639004707336 seconds
Epoch 78 accuracy: 67.39%
Batch 100, Loss: 0.5227
Batch 200, Loss: 0.5586
Batch 300, Loss: 0.5938
Epoch 79 learning rate: 0.06619587090990751
Epoch 79 time: 235.88947463035583 seconds
Epoch 79 accuracy: 66.97%
Batch 100, Loss: 0.5090
Batch 200, Loss: 0.5568
Batch 300, Loss: 0.5933
Epoch 80 learning rate: 0.06545084971874741
Epoch 80 time: 235.7560818195343 seconds
Epoch 80 accuracy: 67.44%
Batch 100, Loss: 0.5243
Batch 200, Loss: 0.5406
Batch 300, Loss: 0.6030
Epoch 81 learning rate: 0.06470201626161524
Epoch 81 time: 235.7595567703247 seconds
Epoch 81 accuracy: 66.85%
Batch 100, Loss: 0.5067
Batch 200, Loss: 0.5453
Batch 300, Loss: 0.5742
Epoch 82 learning rate: 0.06394955530196152
Epoch 82 time: 235.72496104240417 seconds
Epoch 82 accuracy: 65.64%
Batch 100, Loss: 0.5157
Batch 200, Loss: 0.5479
Batch 300, Loss: 0.5647
Epoch 83 learning rate: 0.06319365249826868
Epoch 83 time: 235.81527948379517 seconds
Epoch 83 accuracy: 66.18%
Batch 100, Loss: 0.4881
Batch 200, Loss: 0.5424
Batch 300, Loss: 0.5590
Epoch 84 learning rate: 0.06243449435824277
Epoch 84 time: 235.819269657135 seconds
Epoch 84 accuracy: 67.22%
Batch 100, Loss: 0.4785
Batch 200, Loss: 0.5252
Batch 300, Loss: 0.5511
Epoch 85 learning rate: 0.06167226819279532
Epoch 85 time: 235.76633596420288 seconds
Epoch 85 accuracy: 66.69%
Batch 100, Loss: 0.4948
Batch 200, Loss: 0.5140
Batch 300, Loss: 0.5288
Epoch 86 learning rate: 0.06090716206982718
Epoch 86 time: 235.88772130012512 seconds
Epoch 86 accuracy: 68.48%
Batch 100, Loss: 0.4629
Batch 200, Loss: 0.4985
Batch 300, Loss: 0.5422
Epoch 87 learning rate: 0.06013936476782568
Epoch 87 time: 235.7804880142212 seconds
Epoch 87 accuracy: 66.07%
Batch 100, Loss: 0.4860
Batch 200, Loss: 0.5028
Batch 300, Loss: 0.5239
Epoch 88 learning rate: 0.05936906572928629
Epoch 88 time: 235.91337943077087 seconds
Epoch 88 accuracy: 67.81%
Batch 100, Loss: 0.4705
Batch 200, Loss: 0.4915
Batch 300, Loss: 0.5216
Epoch 89 learning rate: 0.05859645501397052
Epoch 89 time: 235.8822422027588 seconds
Epoch 89 accuracy: 68.04%
Batch 100, Loss: 0.4409
Batch 200, Loss: 0.4794
Batch 300, Loss: 0.5122
Epoch 90 learning rate: 0.05782172325201159
Epoch 90 time: 235.77446675300598 seconds
Epoch 90 accuracy: 66.85%
Batch 100, Loss: 0.4404
Batch 200, Loss: 0.4710
Batch 300, Loss: 0.5075
Epoch 91 learning rate: 0.057045061596879186
Epoch 91 time: 235.92014980316162 seconds
Epoch 91 accuracy: 66.86%
Batch 100, Loss: 0.4411
Batch 200, Loss: 0.4587
Batch 300, Loss: 0.4943
Epoch 92 learning rate: 0.056266661678215264
Epoch 92 time: 235.75024247169495 seconds
Epoch 92 accuracy: 68.47%
Batch 100, Loss: 0.4188
Batch 200, Loss: 0.4504
Batch 300, Loss: 0.4869
Epoch 93 learning rate: 0.055486715554552306
Epoch 93 time: 235.86748623847961 seconds
Epoch 93 accuracy: 68.43%
Batch 100, Loss: 0.4220
Batch 200, Loss: 0.4334
Batch 300, Loss: 0.4939
Epoch 94 learning rate: 0.05470541566592575
Epoch 94 time: 235.84301471710205 seconds
Epoch 94 accuracy: 66.53%
Batch 100, Loss: 0.4138
Batch 200, Loss: 0.4356
Batch 300, Loss: 0.4634
Epoch 95 learning rate: 0.05392295478639229
Epoch 95 time: 235.833411693573 seconds
Epoch 95 accuracy: 66.83%
Batch 100, Loss: 0.4071
Batch 200, Loss: 0.4251
Batch 300, Loss: 0.4723
Epoch 96 learning rate: 0.05313952597646571
Epoch 96 time: 235.8751621246338 seconds
Epoch 96 accuracy: 67.79%
Batch 100, Loss: 0.3994
Batch 200, Loss: 0.4233
Batch 300, Loss: 0.4489
Epoch 97 learning rate: 0.05235532253548216
Epoch 97 time: 235.83102679252625 seconds
Epoch 97 accuracy: 69.62%
Batch 100, Loss: 0.3924
Batch 200, Loss: 0.4256
Batch 300, Loss: 0.4574
Epoch 98 learning rate: 0.051570537953906447
Epoch 98 time: 235.76856422424316 seconds
Epoch 98 accuracy: 69.88%
Batch 100, Loss: 0.3844
Batch 200, Loss: 0.4108
Batch 300, Loss: 0.4404
Epoch 99 learning rate: 0.05078536586559106
Epoch 99 time: 235.9145483970642 seconds
Epoch 99 accuracy: 68.76%
Batch 100, Loss: 0.3733
Batch 200, Loss: 0.3993
Batch 300, Loss: 0.4314
Epoch 100 learning rate: 0.050000000000000024
Epoch 100 time: 235.80215787887573 seconds
Epoch 100 accuracy: 67.38%
Batch 100, Loss: 0.3661
Batch 200, Loss: 0.3900
Batch 300, Loss: 0.4107
Epoch 101 learning rate: 0.049214634134409
Epoch 101 time: 235.80331373214722 seconds
Epoch 101 accuracy: 69.07%
Batch 100, Loss: 0.3609
Batch 200, Loss: 0.3809
Batch 300, Loss: 0.4147
Epoch 102 learning rate: 0.04842946204609361
Epoch 102 time: 235.80005717277527 seconds
Epoch 102 accuracy: 70.0%
Batch 100, Loss: 0.3433
Batch 200, Loss: 0.3773
Batch 300, Loss: 0.4067
Epoch 103 learning rate: 0.04764467746451789
Epoch 103 time: 235.80792093276978 seconds
Epoch 103 accuracy: 69.73%
Batch 100, Loss: 0.3523
Batch 200, Loss: 0.3643
Batch 300, Loss: 0.3924
Epoch 104 learning rate: 0.046860474023534354
Epoch 104 time: 235.74119973182678 seconds
Epoch 104 accuracy: 69.85%
Batch 100, Loss: 0.3426
Batch 200, Loss: 0.3676
Batch 300, Loss: 0.3949
Epoch 105 learning rate: 0.04607704521360778
Epoch 105 time: 235.72959184646606 seconds
Epoch 105 accuracy: 69.23%
Batch 100, Loss: 0.3290
Batch 200, Loss: 0.3495
Batch 300, Loss: 0.3659
Epoch 106 learning rate: 0.04529458433407431
Epoch 106 time: 235.77796173095703 seconds
Epoch 106 accuracy: 69.2%
Batch 100, Loss: 0.3195
Batch 200, Loss: 0.3339
Batch 300, Loss: 0.3635
Epoch 107 learning rate: 0.04451328444544776
Epoch 107 time: 235.93591833114624 seconds
Epoch 107 accuracy: 70.45%
Batch 100, Loss: 0.3052
Batch 200, Loss: 0.3255
Batch 300, Loss: 0.3603
Epoch 108 learning rate: 0.04373333832178482
Epoch 108 time: 235.8130807876587 seconds
Epoch 108 accuracy: 70.24%
Batch 100, Loss: 0.3100
Batch 200, Loss: 0.3184
Batch 300, Loss: 0.3531
Epoch 109 learning rate: 0.0429549384031209
Epoch 109 time: 235.70806646347046 seconds
Epoch 109 accuracy: 70.21%
Batch 100, Loss: 0.2966
Batch 200, Loss: 0.3165
Batch 300, Loss: 0.3599
Epoch 110 learning rate: 0.042178276747988484
Epoch 110 time: 235.7989091873169 seconds
Epoch 110 accuracy: 68.84%
Batch 100, Loss: 0.2915
Batch 200, Loss: 0.3086
Batch 300, Loss: 0.3231
Epoch 111 learning rate: 0.04140354498602954
Epoch 111 time: 235.9223654270172 seconds
Epoch 111 accuracy: 68.2%
Batch 100, Loss: 0.2995
Batch 200, Loss: 0.2960
Batch 300, Loss: 0.3330
Epoch 112 learning rate: 0.0406309342707138
Epoch 112 time: 235.761132478714 seconds
Epoch 112 accuracy: 70.13%
Batch 100, Loss: 0.2716
Batch 200, Loss: 0.2897
Batch 300, Loss: 0.3097
Epoch 113 learning rate: 0.03986063523217441
Epoch 113 time: 235.82775020599365 seconds
Epoch 113 accuracy: 69.03%
Batch 100, Loss: 0.2647
Batch 200, Loss: 0.2823
Batch 300, Loss: 0.2969
Epoch 114 learning rate: 0.039092837930172916
Epoch 114 time: 235.75858569145203 seconds
Epoch 114 accuracy: 70.89%
Batch 100, Loss: 0.2623
Batch 200, Loss: 0.2810
Batch 300, Loss: 0.3027
Epoch 115 learning rate: 0.03832773180720475
Epoch 115 time: 235.83534121513367 seconds
Epoch 115 accuracy: 70.88%
Batch 100, Loss: 0.2559
Batch 200, Loss: 0.2647
Batch 300, Loss: 0.2874
Epoch 116 learning rate: 0.037565505641757285
Epoch 116 time: 235.74025177955627 seconds
Epoch 116 accuracy: 71.52%
Batch 100, Loss: 0.2433
Batch 200, Loss: 0.2502
Batch 300, Loss: 0.2822
Epoch 117 learning rate: 0.03680634750173138
Epoch 117 time: 235.83693957328796 seconds
Epoch 117 accuracy: 70.98%
Batch 100, Loss: 0.2415
Batch 200, Loss: 0.2511
Batch 300, Loss: 0.2718
Epoch 118 learning rate: 0.036050444698038565
Epoch 118 time: 235.79159140586853 seconds
Epoch 118 accuracy: 71.52%
Batch 100, Loss: 0.2381
Batch 200, Loss: 0.2420
Batch 300, Loss: 0.2732
Epoch 119 learning rate: 0.03529798373838483
Epoch 119 time: 235.84045839309692 seconds
Epoch 119 accuracy: 72.33%
Batch 100, Loss: 0.2359
Batch 200, Loss: 0.2418
Batch 300, Loss: 0.2657
Epoch 120 learning rate: 0.03454915028125267
Epoch 120 time: 235.82014727592468 seconds
Epoch 120 accuracy: 71.99%
Batch 100, Loss: 0.2250
Batch 200, Loss: 0.2418
Batch 300, Loss: 0.2524
Epoch 121 learning rate: 0.03380412909009255
Epoch 121 time: 235.96578288078308 seconds
Epoch 121 accuracy: 72.0%
Batch 100, Loss: 0.2196
Batch 200, Loss: 0.2263
Batch 300, Loss: 0.2504
Epoch 122 learning rate: 0.03306310398773545
Epoch 122 time: 235.74664664268494 seconds
Epoch 122 accuracy: 72.27%
Batch 100, Loss: 0.2166
Batch 200, Loss: 0.2185
Batch 300, Loss: 0.2372
Epoch 123 learning rate: 0.03232625781103717
Epoch 123 time: 235.8570680618286 seconds
Epoch 123 accuracy: 72.76%
Batch 100, Loss: 0.1987
Batch 200, Loss: 0.2037
Batch 300, Loss: 0.2334
Epoch 124 learning rate: 0.03159377236576613
Epoch 124 time: 235.69577074050903 seconds
Epoch 124 accuracy: 72.2%
Batch 100, Loss: 0.1985
Batch 200, Loss: 0.2082
Batch 300, Loss: 0.2276
Epoch 125 learning rate: 0.030865828381745543
Epoch 125 time: 235.8186182975769 seconds
Epoch 125 accuracy: 72.8%
Batch 100, Loss: 0.1850
Batch 200, Loss: 0.1959
Batch 300, Loss: 0.2162
Epoch 126 learning rate: 0.03014260546826098
Epoch 126 time: 235.95445322990417 seconds
Epoch 126 accuracy: 72.64%
Batch 100, Loss: 0.1898
Batch 200, Loss: 0.1878
Batch 300, Loss: 0.1986
Epoch 127 learning rate: 0.02942428206974458
Epoch 127 time: 235.88155937194824 seconds
Epoch 127 accuracy: 70.7%
Batch 100, Loss: 0.1786
Batch 200, Loss: 0.1825
Batch 300, Loss: 0.1993
Epoch 128 learning rate: 0.028711035421746387
Epoch 128 time: 235.86333560943604 seconds
Epoch 128 accuracy: 72.81%
Batch 100, Loss: 0.1706
Batch 200, Loss: 0.1833
Batch 300, Loss: 0.1904
Epoch 129 learning rate: 0.02800304150720426
Epoch 129 time: 235.78308844566345 seconds
Epoch 129 accuracy: 72.79%
Batch 100, Loss: 0.1662
Batch 200, Loss: 0.1729
Batch 300, Loss: 0.1865
Epoch 130 learning rate: 0.02730047501302268
Epoch 130 time: 235.88624715805054 seconds
Epoch 130 accuracy: 72.98%
Batch 100, Loss: 0.1742
Batch 200, Loss: 0.1686
Batch 300, Loss: 0.1826
Epoch 131 learning rate: 0.026603509286971357
Epoch 131 time: 235.69231748580933 seconds
Epoch 131 accuracy: 73.76%
Batch 100, Loss: 0.1592
Batch 200, Loss: 0.1604
Batch 300, Loss: 0.1741
Epoch 132 learning rate: 0.025912316294914244
Epoch 132 time: 235.68420219421387 seconds
Epoch 132 accuracy: 72.89%
Batch 100, Loss: 0.1553
Batch 200, Loss: 0.1573
Batch 300, Loss: 0.1693
Epoch 133 learning rate: 0.025227066578379632
Epoch 133 time: 235.80381870269775 seconds
Epoch 133 accuracy: 73.18%
Batch 100, Loss: 0.1453
Batch 200, Loss: 0.1421
Batch 300, Loss: 0.1553
Epoch 134 learning rate: 0.024547929212481445
Epoch 134 time: 235.83469343185425 seconds
Epoch 134 accuracy: 73.79%
Batch 100, Loss: 0.1374
Batch 200, Loss: 0.1412
Batch 300, Loss: 0.1507
Epoch 135 learning rate: 0.02387507176420257
Epoch 135 time: 235.79585599899292 seconds
Epoch 135 accuracy: 73.76%
Batch 100, Loss: 0.1395
Batch 200, Loss: 0.1393
Batch 300, Loss: 0.1488
Epoch 136 learning rate: 0.023208660251050166
Epoch 136 time: 235.8292121887207 seconds
Epoch 136 accuracy: 74.14%
Batch 100, Loss: 0.1303
Batch 200, Loss: 0.1286
Batch 300, Loss: 0.1407
Epoch 137 learning rate: 0.022548859100093414
Epoch 137 time: 235.7921838760376 seconds
Epoch 137 accuracy: 74.98%
Batch 100, Loss: 0.1305
Batch 200, Loss: 0.1309
Batch 300, Loss: 0.1369
Epoch 138 learning rate: 0.021895831107393474
Epoch 138 time: 235.89792919158936 seconds
Epoch 138 accuracy: 74.02%
Batch 100, Loss: 0.1197
Batch 200, Loss: 0.1241
Batch 300, Loss: 0.1336
Epoch 139 learning rate: 0.02124973739783608
Epoch 139 time: 235.7356140613556 seconds
Epoch 139 accuracy: 74.36%
Batch 100, Loss: 0.1193
Batch 200, Loss: 0.1178
Batch 300, Loss: 0.1214
Epoch 140 learning rate: 0.02061073738537636
Epoch 140 time: 235.76709246635437 seconds
Epoch 140 accuracy: 74.95%
Batch 100, Loss: 0.1100
Batch 200, Loss: 0.1138
Batch 300, Loss: 0.1207
Epoch 141 learning rate: 0.019978988733705814
Epoch 141 time: 235.74256372451782 seconds
Epoch 141 accuracy: 74.28%
Batch 100, Loss: 0.1105
Batch 200, Loss: 0.1129
Batch 300, Loss: 0.1173
Epoch 142 learning rate: 0.01935464731735118
Epoch 142 time: 235.81132578849792 seconds
Epoch 142 accuracy: 75.49%
Batch 100, Loss: 0.1045
Batch 200, Loss: 0.1030
Batch 300, Loss: 0.1136
Epoch 143 learning rate: 0.018737867183214747
Epoch 143 time: 235.76458835601807 seconds
Epoch 143 accuracy: 75.52%
Batch 100, Loss: 0.1030
Batch 200, Loss: 0.1035
Batch 300, Loss: 0.1104
Epoch 144 learning rate: 0.01812880051256552
Epoch 144 time: 235.96947312355042 seconds
Epoch 144 accuracy: 75.37%
Batch 100, Loss: 0.0964
Batch 200, Loss: 0.0993
Batch 300, Loss: 0.0986
Epoch 145 learning rate: 0.017527597583490827
Epoch 145 time: 235.7738800048828 seconds
Epoch 145 accuracy: 75.43%
Batch 100, Loss: 0.0934
Batch 200, Loss: 0.0992
Batch 300, Loss: 0.0995
Epoch 146 learning rate: 0.01693440673381742
Epoch 146 time: 235.77440690994263 seconds
Epoch 146 accuracy: 76.62%
Batch 100, Loss: 0.0877
Batch 200, Loss: 0.0913
Batch 300, Loss: 0.0957
Epoch 147 learning rate: 0.016349374324511334
Epoch 147 time: 235.7838385105133 seconds
Epoch 147 accuracy: 76.22%
Batch 100, Loss: 0.0901
Batch 200, Loss: 0.0927
Batch 300, Loss: 0.0978
Epoch 148 learning rate: 0.01577264470356557
Epoch 148 time: 235.71094393730164 seconds
Epoch 148 accuracy: 76.25%
Batch 100, Loss: 0.0833
Batch 200, Loss: 0.0861
Batch 300, Loss: 0.0924
Epoch 149 learning rate: 0.01520436017038429
Epoch 149 time: 235.82839441299438 seconds
Epoch 149 accuracy: 76.05%
Batch 100, Loss: 0.0817
Batch 200, Loss: 0.0865
Batch 300, Loss: 0.0861
Epoch 150 learning rate: 0.014644660940672632
Epoch 150 time: 235.75985145568848 seconds
Epoch 150 accuracy: 76.51%
Batch 100, Loss: 0.0798
Batch 200, Loss: 0.0811
Batch 300, Loss: 0.0818
Epoch 151 learning rate: 0.01409368511184057
Epoch 151 time: 235.8729727268219 seconds
Epoch 151 accuracy: 76.89%
Batch 100, Loss: 0.0758
Batch 200, Loss: 0.0764
Batch 300, Loss: 0.0802
Epoch 152 learning rate: 0.013551568628929438
Epoch 152 time: 235.72758603096008 seconds
Epoch 152 accuracy: 76.73%
Batch 100, Loss: 0.0734
Batch 200, Loss: 0.0722
Batch 300, Loss: 0.0788
Epoch 153 learning rate: 0.013018445251069516
Epoch 153 time: 235.86242032051086 seconds
Epoch 153 accuracy: 76.93%
Batch 100, Loss: 0.0704
Batch 200, Loss: 0.0722
Batch 300, Loss: 0.0767
Epoch 154 learning rate: 0.012494446518477026
Epoch 154 time: 235.73627376556396 seconds
Epoch 154 accuracy: 77.18%
Batch 100, Loss: 0.0662
Batch 200, Loss: 0.0694
Batch 300, Loss: 0.0723
Epoch 155 learning rate: 0.011979701719998459
Epoch 155 time: 235.87113738059998 seconds
Epoch 155 accuracy: 77.07%
Batch 100, Loss: 0.0673
Batch 200, Loss: 0.0684
Batch 300, Loss: 0.0726
Epoch 156 learning rate: 0.011474337861210548
Epoch 156 time: 235.79524326324463 seconds
Epoch 156 accuracy: 77.12%
Batch 100, Loss: 0.0646
Batch 200, Loss: 0.0644
Batch 300, Loss: 0.0675
Epoch 157 learning rate: 0.010978479633083526
Epoch 157 time: 235.86219716072083 seconds
Epoch 157 accuracy: 77.45%
Batch 100, Loss: 0.0603
Batch 200, Loss: 0.0634
Batch 300, Loss: 0.0651
Epoch 158 learning rate: 0.010492249381215483
Epoch 158 time: 235.73587083816528 seconds
Epoch 158 accuracy: 77.75%
Batch 100, Loss: 0.0600
Batch 200, Loss: 0.0613
Batch 300, Loss: 0.0629
Epoch 159 learning rate: 0.010015767075645474
Epoch 159 time: 235.8345811367035 seconds
Epoch 159 accuracy: 77.53%
Batch 100, Loss: 0.0582
Batch 200, Loss: 0.0588
Batch 300, Loss: 0.0608
Epoch 160 learning rate: 0.009549150281252637
Epoch 160 time: 235.79966282844543 seconds
Epoch 160 accuracy: 78.25%
Batch 100, Loss: 0.0570
Batch 200, Loss: 0.0567
Batch 300, Loss: 0.0597
Epoch 161 learning rate: 0.00909251412874884
Epoch 161 time: 235.8791790008545 seconds
Epoch 161 accuracy: 77.82%
Batch 100, Loss: 0.0541
Batch 200, Loss: 0.0555
Batch 300, Loss: 0.0570
Epoch 162 learning rate: 0.008645971286271918
Epoch 162 time: 235.87862539291382 seconds
Epoch 162 accuracy: 78.2%
Batch 100, Loss: 0.0538
Batch 200, Loss: 0.0557
Batch 300, Loss: 0.0552
Epoch 163 learning rate: 0.008209631931586501
Epoch 163 time: 235.9138011932373 seconds
Epoch 163 accuracy: 78.13%
Batch 100, Loss: 0.0513
Batch 200, Loss: 0.0541
Batch 300, Loss: 0.0540
Epoch 164 learning rate: 0.0077836037248992605
Epoch 164 time: 235.89982295036316 seconds
Epoch 164 accuracy: 78.79%
Batch 100, Loss: 0.0505
Batch 200, Loss: 0.0510
Batch 300, Loss: 0.0518
Epoch 165 learning rate: 0.0073679917822954055
Epoch 165 time: 235.8917784690857 seconds
Epoch 165 accuracy: 78.55%
Batch 100, Loss: 0.0484
Batch 200, Loss: 0.0511
Batch 300, Loss: 0.0517
Epoch 166 learning rate: 0.006962898649802815
Epoch 166 time: 235.86070346832275 seconds
Epoch 166 accuracy: 78.5%
Batch 100, Loss: 0.0478
Batch 200, Loss: 0.0494
Batch 300, Loss: 0.0513
Epoch 167 learning rate: 0.006568424278090438
Epoch 167 time: 235.96203541755676 seconds
Epoch 167 accuracy: 78.73%
Batch 100, Loss: 0.0461
Batch 200, Loss: 0.0478
Batch 300, Loss: 0.0496
Epoch 168 learning rate: 0.006184665997806824
Epoch 168 time: 235.92529129981995 seconds
Epoch 168 accuracy: 78.76%
Batch 100, Loss: 0.0455
Batch 200, Loss: 0.0471
Batch 300, Loss: 0.0463
Epoch 169 learning rate: 0.00581171849556533
Epoch 169 time: 237.58415246009827 seconds
Epoch 169 accuracy: 78.54%
Batch 100, Loss: 0.0442
Batch 200, Loss: 0.0458
Batch 300, Loss: 0.0455
Epoch 170 learning rate: 0.0054496737905816136
Epoch 170 time: 235.7499930858612 seconds
Epoch 170 accuracy: 78.6%
Batch 100, Loss: 0.0446
Batch 200, Loss: 0.0435
Batch 300, Loss: 0.0436
Epoch 171 learning rate: 0.005098621211969226
Epoch 171 time: 235.87085580825806 seconds
Epoch 171 accuracy: 78.95%
Batch 100, Loss: 0.0411
Batch 200, Loss: 0.0430
Batch 300, Loss: 0.0446
Epoch 172 learning rate: 0.004758647376699035
Epoch 172 time: 235.7547891139984 seconds
Epoch 172 accuracy: 78.87%
Batch 100, Loss: 0.0415
Batch 200, Loss: 0.0430
Batch 300, Loss: 0.0425
Epoch 173 learning rate: 0.00442983616822775
Epoch 173 time: 235.88789463043213 seconds
Epoch 173 accuracy: 78.88%
Batch 100, Loss: 0.0394
Batch 200, Loss: 0.0412
Batch 300, Loss: 0.0421
Epoch 174 learning rate: 0.004112268715800957
Epoch 174 time: 235.85204434394836 seconds
Epoch 174 accuracy: 79.04%
Batch 100, Loss: 0.0396
Batch 200, Loss: 0.0407
Batch 300, Loss: 0.0412
Epoch 175 learning rate: 0.003806023374435677
Epoch 175 time: 235.89621663093567 seconds
Epoch 175 accuracy: 78.84%
Batch 100, Loss: 0.0395
Batch 200, Loss: 0.0397
Batch 300, Loss: 0.0406
Epoch 176 learning rate: 0.003511175705587435
Epoch 176 time: 235.83034133911133 seconds
Epoch 176 accuracy: 79.07%
Batch 100, Loss: 0.0391
Batch 200, Loss: 0.0382
Batch 300, Loss: 0.0401
Epoch 177 learning rate: 0.0032277984585066333
Epoch 177 time: 235.92355036735535 seconds
Epoch 177 accuracy: 79.17%
Batch 100, Loss: 0.0375
Batch 200, Loss: 0.0379
Batch 300, Loss: 0.0393
Epoch 178 learning rate: 0.002955961552288729
Epoch 178 time: 235.9040641784668 seconds
Epoch 178 accuracy: 79.1%
Batch 100, Loss: 0.0377
Batch 200, Loss: 0.0373
Batch 300, Loss: 0.0377
Epoch 179 learning rate: 0.0026957320586227366
Epoch 179 time: 235.96798729896545 seconds
Epoch 179 accuracy: 79.27%
Batch 100, Loss: 0.0359
Batch 200, Loss: 0.0365
Batch 300, Loss: 0.0379
Epoch 180 learning rate: 0.002447174185242325
Epoch 180 time: 235.86508178710938 seconds
Epoch 180 accuracy: 79.45%
Batch 100, Loss: 0.0361
Batch 200, Loss: 0.0357
Batch 300, Loss: 0.0370
Epoch 181 learning rate: 0.0022103492600834954
Epoch 181 time: 235.83844709396362 seconds
Epoch 181 accuracy: 79.49%
Batch 100, Loss: 0.0349
Batch 200, Loss: 0.0352
Batch 300, Loss: 0.0363
Epoch 182 learning rate: 0.0019853157161528537
Epoch 182 time: 235.78267693519592 seconds
Epoch 182 accuracy: 79.58%
Batch 100, Loss: 0.0347
Batch 200, Loss: 0.0361
Batch 300, Loss: 0.0359
Epoch 183 learning rate: 0.001772129077110103
Epoch 183 time: 235.81760811805725 seconds
Epoch 183 accuracy: 79.75%
Batch 100, Loss: 0.0343
Batch 200, Loss: 0.0348
Batch 300, Loss: 0.0349
Epoch 184 learning rate: 0.0015708419435684529
Epoch 184 time: 235.91323590278625 seconds
Epoch 184 accuracy: 79.26%
Batch 100, Loss: 0.0337
Batch 200, Loss: 0.0347
Batch 300, Loss: 0.0348
Epoch 185 learning rate: 0.0013815039801161732
Epoch 185 time: 235.78515577316284 seconds
Epoch 185 accuracy: 79.6%
Batch 100, Loss: 0.0344
Batch 200, Loss: 0.0343
Batch 300, Loss: 0.0342
Epoch 186 learning rate: 0.0012041619030626347
Epoch 186 time: 235.88040947914124 seconds
Epoch 186 accuracy: 79.51%
Batch 100, Loss: 0.0333
Batch 200, Loss: 0.0342
Batch 300, Loss: 0.0334
Epoch 187 learning rate: 0.0010388594689117077
Epoch 187 time: 235.71800231933594 seconds
Epoch 187 accuracy: 79.64%
Batch 100, Loss: 0.0331
Batch 200, Loss: 0.0335
Batch 300, Loss: 0.0335
Epoch 188 learning rate: 0.0008856374635655645
Epoch 188 time: 235.76072692871094 seconds
Epoch 188 accuracy: 79.6%
Batch 100, Loss: 0.0327
Batch 200, Loss: 0.0321
Batch 300, Loss: 0.0324
Epoch 189 learning rate: 0.000744533692261307
Epoch 189 time: 235.80760407447815 seconds
Epoch 189 accuracy: 79.8%
Batch 100, Loss: 0.0331
Batch 200, Loss: 0.0328
Batch 300, Loss: 0.0323
Epoch 190 learning rate: 0.0006155829702431174
Epoch 190 time: 235.75814723968506 seconds
Epoch 190 accuracy: 79.65%
