The following modules were not unloaded:
  (Use "module --force purge" to unload all):

  1) CCconfig        6)  ucx/1.14.1         11) flexiblas/3.3.1
  2) gentoo/2023     7)  libfabric/1.18.0   12) imkl/2023.2.0
  3) gcccore/.12.3   8)  pmix/4.2.4         13) StdEnv/2023
  4) gcc/12.3        9)  ucc/1.2.0
  5) hwloc/2.9.1     10) openmpi/4.1.5
/project/6070520/tkleinkn/Vanilla-GAM/main_cifar.py:187: UserWarning: You have chosen a specific GPU. This will completely disable data parallelism.
  warnings.warn('You have chosen a specific GPU. This will completely '
model name space ['resnet101_c', 'resnet152_c', 'resnet18_c', 'resnet34_c', 'resnet50_c']
Use GPU: 0 for training
=> creating model 'resnet18_c'
Files already downloaded and verified
Files already downloaded and verified
tensorboard dir ./results/CIFAR10/GAMNonAccelerated
Using non-accelerated GAM
/home/tkleinkn/GAMtest/lib/python3.11/site-packages/torch/autograd/graph.py:744: UserWarning: Using backward() with create_graph=True will create a reference cycle between the parameter and its gradient which can cause a memory leak. We recommend using autograd.grad when creating the graph to avoid this. If you have to use this function, make sure to reset the .grad fields of your parameters to None after use to break the cycle and avoid the leak. (Triggered internally at /home/coulombc/wheels_builder/tmp.2617/python-3.11/torch/torch/csrc/autograd/engine.cpp:1203.)
  return Variable._execution_engine.run_backward(  # Calls into the C++ engine to run the backward pass
Batch 100, Loss: 1.9457
Batch 200, Loss: 1.4623
Batch 300, Loss: 1.3899
Epoch 1 learning rate: 0.09999383162408304
Epoch 1 time: 245.447359085083 seconds
Epoch 1 accuracy: 41.46%
Batch 100, Loss: 1.2823
Batch 200, Loss: 1.2363
Batch 300, Loss: 1.1955
Epoch 2 learning rate: 0.09997532801828658
Epoch 2 time: 236.34543418884277 seconds
Epoch 2 accuracy: 47.91%
Batch 100, Loss: 1.1318
Batch 200, Loss: 1.0935
Batch 300, Loss: 1.0569
Epoch 3 learning rate: 0.09994449374809851
Epoch 3 time: 236.44951248168945 seconds
Epoch 3 accuracy: 53.89%
Batch 100, Loss: 0.9900
Batch 200, Loss: 0.9471
Batch 300, Loss: 0.9079
Epoch 4 learning rate: 0.09990133642141359
Epoch 4 time: 236.3067171573639 seconds
Epoch 4 accuracy: 62.14%
Batch 100, Loss: 0.8739
Batch 200, Loss: 0.8410
Batch 300, Loss: 0.8288
Epoch 5 learning rate: 0.09984586668665642
Epoch 5 time: 236.18184399604797 seconds
Epoch 5 accuracy: 63.99%
Batch 100, Loss: 0.7986
Batch 200, Loss: 0.7866
Batch 300, Loss: 0.7585
Epoch 6 learning rate: 0.09977809823015402
Epoch 6 time: 236.15402030944824 seconds
Epoch 6 accuracy: 68.01%
Batch 100, Loss: 0.7279
Batch 200, Loss: 0.7153
Batch 300, Loss: 0.7223
Epoch 7 learning rate: 0.09969804777275901
Epoch 7 time: 236.16112852096558 seconds
Epoch 7 accuracy: 65.89%
Batch 100, Loss: 0.6889
Batch 200, Loss: 0.6671
Batch 300, Loss: 0.6762
Epoch 8 learning rate: 0.09960573506572391
Epoch 8 time: 236.0834083557129 seconds
Epoch 8 accuracy: 71.35%
Batch 100, Loss: 0.6282
Batch 200, Loss: 0.6255
Batch 300, Loss: 0.6334
Epoch 9 learning rate: 0.09950118288582789
Epoch 9 time: 236.04064464569092 seconds
Epoch 9 accuracy: 77.56%
Batch 100, Loss: 0.6008
Batch 200, Loss: 0.5851
Batch 300, Loss: 0.5842
Epoch 10 learning rate: 0.09938441702975691
Epoch 10 time: 236.11371731758118 seconds
Epoch 10 accuracy: 72.77%
Batch 100, Loss: 0.5762
Batch 200, Loss: 0.5673
Batch 300, Loss: 0.5591
Epoch 11 learning rate: 0.09925546630773871
Epoch 11 time: 236.1678764820099 seconds
Epoch 11 accuracy: 75.97%
Batch 100, Loss: 0.5528
Batch 200, Loss: 0.5551
Batch 300, Loss: 0.5436
Epoch 12 learning rate: 0.09911436253643445
Epoch 12 time: 236.19562077522278 seconds
Epoch 12 accuracy: 77.41%
Batch 100, Loss: 0.5508
Batch 200, Loss: 0.5234
Batch 300, Loss: 0.5189
Epoch 13 learning rate: 0.0989611405310883
Epoch 13 time: 236.35936450958252 seconds
Epoch 13 accuracy: 77.51%
Batch 100, Loss: 0.5204
Batch 200, Loss: 0.5194
Batch 300, Loss: 0.5217
Epoch 14 learning rate: 0.09879583809693739
Epoch 14 time: 236.04991102218628 seconds
Epoch 14 accuracy: 79.14%
Batch 100, Loss: 0.5098
Batch 200, Loss: 0.5104
Batch 300, Loss: 0.5038
Epoch 15 learning rate: 0.09861849601988384
Epoch 15 time: 236.26016688346863 seconds
Epoch 15 accuracy: 80.19%
Batch 100, Loss: 0.5003
Batch 200, Loss: 0.4977
Batch 300, Loss: 0.4987
Epoch 16 learning rate: 0.09842915805643157
Epoch 16 time: 236.14502239227295 seconds
Epoch 16 accuracy: 79.4%
Batch 100, Loss: 0.4847
Batch 200, Loss: 0.4996
Batch 300, Loss: 0.4826
Epoch 17 learning rate: 0.09822787092288993
Epoch 17 time: 236.2781879901886 seconds
Epoch 17 accuracy: 78.19%
Batch 100, Loss: 0.4699
Batch 200, Loss: 0.4847
Batch 300, Loss: 0.4799
Epoch 18 learning rate: 0.09801468428384717
Epoch 18 time: 236.1456892490387 seconds
Epoch 18 accuracy: 81.79%
Batch 100, Loss: 0.4752
Batch 200, Loss: 0.4763
Batch 300, Loss: 0.4636
Epoch 19 learning rate: 0.09778965073991652
Epoch 19 time: 236.0906059741974 seconds
Epoch 19 accuracy: 79.69%
Batch 100, Loss: 0.4679
Batch 200, Loss: 0.4883
Batch 300, Loss: 0.4591
Epoch 20 learning rate: 0.0975528258147577
Epoch 20 time: 236.12778520584106 seconds
Epoch 20 accuracy: 80.72%
Batch 100, Loss: 0.4491
Batch 200, Loss: 0.4698
Batch 300, Loss: 0.4641
Epoch 21 learning rate: 0.09730426794137728
Epoch 21 time: 236.1400101184845 seconds
Epoch 21 accuracy: 80.22%
Batch 100, Loss: 0.4512
Batch 200, Loss: 0.4572
Batch 300, Loss: 0.4469
Epoch 22 learning rate: 0.09704403844771128
Epoch 22 time: 236.20601892471313 seconds
Epoch 22 accuracy: 82.35%
Batch 100, Loss: 0.4459
Batch 200, Loss: 0.4540
Batch 300, Loss: 0.4314
Epoch 23 learning rate: 0.09677220154149338
Epoch 23 time: 236.20183753967285 seconds
Epoch 23 accuracy: 82.22%
Batch 100, Loss: 0.4435
Batch 200, Loss: 0.4452
Batch 300, Loss: 0.4366
Epoch 24 learning rate: 0.09648882429441258
Epoch 24 time: 236.1266176700592 seconds
Epoch 24 accuracy: 80.5%
Batch 100, Loss: 0.4292
Batch 200, Loss: 0.4477
Batch 300, Loss: 0.4454
Epoch 25 learning rate: 0.09619397662556435
Epoch 25 time: 236.26492595672607 seconds
Epoch 25 accuracy: 81.66%
Batch 100, Loss: 0.4347
Batch 200, Loss: 0.4246
Batch 300, Loss: 0.4490
Epoch 26 learning rate: 0.09588773128419906
Epoch 26 time: 236.18071722984314 seconds
Epoch 26 accuracy: 81.04%
Batch 100, Loss: 0.4187
Batch 200, Loss: 0.4227
Batch 300, Loss: 0.4372
Epoch 27 learning rate: 0.09557016383177226
Epoch 27 time: 236.1869170665741 seconds
Epoch 27 accuracy: 81.0%
Batch 100, Loss: 0.4286
Batch 200, Loss: 0.4279
Batch 300, Loss: 0.4225
Epoch 28 learning rate: 0.09524135262330098
Epoch 28 time: 236.14912033081055 seconds
Epoch 28 accuracy: 78.4%
Batch 100, Loss: 0.4105
Batch 200, Loss: 0.4156
Batch 300, Loss: 0.4086
Epoch 29 learning rate: 0.09490137878803079
Epoch 29 time: 236.18154573440552 seconds
Epoch 29 accuracy: 83.52%
Batch 100, Loss: 0.4171
Batch 200, Loss: 0.4132
Batch 300, Loss: 0.4129
Epoch 30 learning rate: 0.0945503262094184
Epoch 30 time: 236.15733289718628 seconds
Epoch 30 accuracy: 85.37%
Batch 100, Loss: 0.4123
Batch 200, Loss: 0.4232
Batch 300, Loss: 0.4142
Epoch 31 learning rate: 0.0941882815044347
Epoch 31 time: 236.29211044311523 seconds
Epoch 31 accuracy: 83.15%
Batch 100, Loss: 0.4059
Batch 200, Loss: 0.4097
Batch 300, Loss: 0.4089
Epoch 32 learning rate: 0.09381533400219319
Epoch 32 time: 236.17118763923645 seconds
Epoch 32 accuracy: 81.98%
Batch 100, Loss: 0.4014
Batch 200, Loss: 0.4177
Batch 300, Loss: 0.4055
Epoch 33 learning rate: 0.09343157572190958
Epoch 33 time: 236.23565125465393 seconds
Epoch 33 accuracy: 84.86%
Batch 100, Loss: 0.4092
Batch 200, Loss: 0.3981
Batch 300, Loss: 0.4132
Epoch 34 learning rate: 0.0930371013501972
Epoch 34 time: 236.02143263816833 seconds
Epoch 34 accuracy: 80.45%
Batch 100, Loss: 0.4200
Batch 200, Loss: 0.3945
Batch 300, Loss: 0.4082
Epoch 35 learning rate: 0.09263200821770463
Epoch 35 time: 236.3125605583191 seconds
Epoch 35 accuracy: 78.07%
Batch 100, Loss: 0.4104
Batch 200, Loss: 0.4048
Batch 300, Loss: 0.4011
Epoch 36 learning rate: 0.09221639627510078
Epoch 36 time: 236.45260381698608 seconds
Epoch 36 accuracy: 75.52%
Batch 100, Loss: 0.3847
Batch 200, Loss: 0.3959
Batch 300, Loss: 0.3993
Epoch 37 learning rate: 0.09179036806841355
Epoch 37 time: 235.9814534187317 seconds
Epoch 37 accuracy: 85.63%
Batch 100, Loss: 0.3968
Batch 200, Loss: 0.3982
Batch 300, Loss: 0.3895
Epoch 38 learning rate: 0.09135402871372812
Epoch 38 time: 236.21515154838562 seconds
Epoch 38 accuracy: 85.79%
Batch 100, Loss: 0.3998
Batch 200, Loss: 0.3887
Batch 300, Loss: 0.3914
Epoch 39 learning rate: 0.0909074858712512
Epoch 39 time: 236.0680844783783 seconds
Epoch 39 accuracy: 79.28%
Batch 100, Loss: 0.3777
Batch 200, Loss: 0.4005
Batch 300, Loss: 0.3782
Epoch 40 learning rate: 0.09045084971874741
Epoch 40 time: 236.07315182685852 seconds
Epoch 40 accuracy: 84.48%
Batch 100, Loss: 0.3835
Batch 200, Loss: 0.3799
Batch 300, Loss: 0.3903
Epoch 41 learning rate: 0.08998423292435458
Epoch 41 time: 236.20941352844238 seconds
Epoch 41 accuracy: 85.36%
Batch 100, Loss: 0.3813
Batch 200, Loss: 0.3772
Batch 300, Loss: 0.3808
Epoch 42 learning rate: 0.08950775061878455
Epoch 42 time: 236.28548192977905 seconds
Epoch 42 accuracy: 82.81%
Batch 100, Loss: 0.3703
Batch 200, Loss: 0.3801
Batch 300, Loss: 0.3857
Epoch 43 learning rate: 0.08902152036691653
Epoch 43 time: 236.08801746368408 seconds
Epoch 43 accuracy: 84.51%
Batch 100, Loss: 0.3753
Batch 200, Loss: 0.3745
Batch 300, Loss: 0.3816
Epoch 44 learning rate: 0.08852566213878951
Epoch 44 time: 236.30463433265686 seconds
Epoch 44 accuracy: 85.37%
Batch 100, Loss: 0.3745
Batch 200, Loss: 0.3807
Batch 300, Loss: 0.3793
Epoch 45 learning rate: 0.0880202982800016
Epoch 45 time: 236.20013642311096 seconds
Epoch 45 accuracy: 83.44%
Batch 100, Loss: 0.3810
Batch 200, Loss: 0.3815
Batch 300, Loss: 0.3819
Epoch 46 learning rate: 0.08750555348152303
Epoch 46 time: 236.1750738620758 seconds
Epoch 46 accuracy: 85.09%
Batch 100, Loss: 0.3689
Batch 200, Loss: 0.3769
Batch 300, Loss: 0.3738
Epoch 47 learning rate: 0.08698155474893052
Epoch 47 time: 236.24849891662598 seconds
Epoch 47 accuracy: 83.91%
Batch 100, Loss: 0.3663
Batch 200, Loss: 0.3654
Batch 300, Loss: 0.3672
Epoch 48 learning rate: 0.08644843137107061
Epoch 48 time: 236.2230305671692 seconds
Epoch 48 accuracy: 86.81%
Batch 100, Loss: 0.3639
Batch 200, Loss: 0.3686
Batch 300, Loss: 0.3798
Epoch 49 learning rate: 0.08590631488815947
Epoch 49 time: 236.26419806480408 seconds
Epoch 49 accuracy: 86.32%
Batch 100, Loss: 0.3677
Batch 200, Loss: 0.3681
Batch 300, Loss: 0.3609
Epoch 50 learning rate: 0.0853553390593274
Epoch 50 time: 236.22104787826538 seconds
Epoch 50 accuracy: 85.13%
Batch 100, Loss: 0.3619
Batch 200, Loss: 0.3700
Batch 300, Loss: 0.3699
Epoch 51 learning rate: 0.08479563982961574
Epoch 51 time: 236.27462887763977 seconds
Epoch 51 accuracy: 82.55%
Batch 100, Loss: 0.3723
Batch 200, Loss: 0.3566
Batch 300, Loss: 0.3624
Epoch 52 learning rate: 0.08422735529643446
Epoch 52 time: 236.20687627792358 seconds
Epoch 52 accuracy: 81.41%
Batch 100, Loss: 0.3605
Batch 200, Loss: 0.3627
Batch 300, Loss: 0.3691
Epoch 53 learning rate: 0.08365062567548869
Epoch 53 time: 236.20806050300598 seconds
Epoch 53 accuracy: 88.09%
Batch 100, Loss: 0.3475
Batch 200, Loss: 0.3556
Batch 300, Loss: 0.3591
Epoch 54 learning rate: 0.08306559326618261
Epoch 54 time: 236.04214429855347 seconds
Epoch 54 accuracy: 84.85%
Batch 100, Loss: 0.3431
Batch 200, Loss: 0.3640
Batch 300, Loss: 0.3585
Epoch 55 learning rate: 0.0824724024165092
Epoch 55 time: 236.0747365951538 seconds
Epoch 55 accuracy: 86.9%
Batch 100, Loss: 0.3580
Batch 200, Loss: 0.3580
Batch 300, Loss: 0.3503
Epoch 56 learning rate: 0.0818711994874345
Epoch 56 time: 236.13385009765625 seconds
Epoch 56 accuracy: 87.39%
Batch 100, Loss: 0.3516
Batch 200, Loss: 0.3484
Batch 300, Loss: 0.3411
Epoch 57 learning rate: 0.08126213281678528
Epoch 57 time: 236.0171022415161 seconds
Epoch 57 accuracy: 85.93%
Batch 100, Loss: 0.3449
Batch 200, Loss: 0.3575
Batch 300, Loss: 0.3542
Epoch 58 learning rate: 0.08064535268264884
Epoch 58 time: 236.20972657203674 seconds
Epoch 58 accuracy: 83.84%
Batch 100, Loss: 0.3485
Batch 200, Loss: 0.3456
Batch 300, Loss: 0.3595
Epoch 59 learning rate: 0.08002101126629421
Epoch 59 time: 236.34506368637085 seconds
Epoch 59 accuracy: 85.32%
Batch 100, Loss: 0.3373
Batch 200, Loss: 0.3442
Batch 300, Loss: 0.3606
Epoch 60 learning rate: 0.07938926261462367
Epoch 60 time: 236.054860830307 seconds
Epoch 60 accuracy: 85.06%
Batch 100, Loss: 0.3344
Batch 200, Loss: 0.3466
Batch 300, Loss: 0.3567
Epoch 61 learning rate: 0.07875026260216395
Epoch 61 time: 236.17373609542847 seconds
Epoch 61 accuracy: 87.33%
Batch 100, Loss: 0.3358
Batch 200, Loss: 0.3413
Batch 300, Loss: 0.3545
Epoch 62 learning rate: 0.07810416889260656
Epoch 62 time: 236.0306055545807 seconds
Epoch 62 accuracy: 84.44%
Batch 100, Loss: 0.3520
Batch 200, Loss: 0.3429
Batch 300, Loss: 0.3410
Epoch 63 learning rate: 0.07745114089990661
Epoch 63 time: 236.30762028694153 seconds
Epoch 63 accuracy: 85.48%
Batch 100, Loss: 0.3238
Batch 200, Loss: 0.3343
Batch 300, Loss: 0.3381
Epoch 64 learning rate: 0.07679133974894985
Epoch 64 time: 236.1524465084076 seconds
Epoch 64 accuracy: 84.41%
Batch 100, Loss: 0.3401
Batch 200, Loss: 0.3409
Batch 300, Loss: 0.3310
Epoch 65 learning rate: 0.07612492823579746
Epoch 65 time: 236.21763110160828 seconds
Epoch 65 accuracy: 83.75%
Batch 100, Loss: 0.3351
Batch 200, Loss: 0.3347
Batch 300, Loss: 0.3383
Epoch 66 learning rate: 0.07545207078751859
Epoch 66 time: 236.0472002029419 seconds
Epoch 66 accuracy: 87.1%
Batch 100, Loss: 0.3234
Batch 200, Loss: 0.3364
Batch 300, Loss: 0.3288
Epoch 67 learning rate: 0.0747729334216204
Epoch 67 time: 236.1515772342682 seconds
Epoch 67 accuracy: 81.35%
Batch 100, Loss: 0.3219
Batch 200, Loss: 0.3316
Batch 300, Loss: 0.3333
Epoch 68 learning rate: 0.07408768370508578
Epoch 68 time: 236.0990948677063 seconds
Epoch 68 accuracy: 86.69%
Batch 100, Loss: 0.3216
Batch 200, Loss: 0.3232
Batch 300, Loss: 0.3350
Epoch 69 learning rate: 0.0733964907130287
Epoch 69 time: 236.68308973312378 seconds
Epoch 69 accuracy: 86.47%
Batch 100, Loss: 0.3251
Batch 200, Loss: 0.3265
Batch 300, Loss: 0.3338
Epoch 70 learning rate: 0.07269952498697736
Epoch 70 time: 236.17653441429138 seconds
Epoch 70 accuracy: 86.47%
Batch 100, Loss: 0.3226
Batch 200, Loss: 0.3232
Batch 300, Loss: 0.3216
Epoch 71 learning rate: 0.07199695849279578
Epoch 71 time: 236.1703851222992 seconds
Epoch 71 accuracy: 85.21%
Batch 100, Loss: 0.3101
Batch 200, Loss: 0.3162
Batch 300, Loss: 0.3256
Epoch 72 learning rate: 0.07128896457825366
Epoch 72 time: 236.22404408454895 seconds
Epoch 72 accuracy: 84.6%
Batch 100, Loss: 0.3288
Batch 200, Loss: 0.3183
Batch 300, Loss: 0.3130
Epoch 73 learning rate: 0.07057571793025548
Epoch 73 time: 236.22952008247375 seconds
Epoch 73 accuracy: 86.08%
Batch 100, Loss: 0.3144
Batch 200, Loss: 0.3149
Batch 300, Loss: 0.3210
Epoch 74 learning rate: 0.06985739453173906
Epoch 74 time: 236.0556616783142 seconds
Epoch 74 accuracy: 87.73%
Batch 100, Loss: 0.3102
Batch 200, Loss: 0.3280
Batch 300, Loss: 0.3152
Epoch 75 learning rate: 0.06913417161825453
Epoch 75 time: 236.14541339874268 seconds
Epoch 75 accuracy: 87.11%
Batch 100, Loss: 0.3164
Batch 200, Loss: 0.3071
Batch 300, Loss: 0.3238
Epoch 76 learning rate: 0.06840622763423394
Epoch 76 time: 236.31810069084167 seconds
Epoch 76 accuracy: 88.98%
Batch 100, Loss: 0.3144
Batch 200, Loss: 0.3101
Batch 300, Loss: 0.3208
Epoch 77 learning rate: 0.0676737421889629
Epoch 77 time: 236.0036108493805 seconds
Epoch 77 accuracy: 87.16%
Batch 100, Loss: 0.3074
Batch 200, Loss: 0.3140
Batch 300, Loss: 0.3273
Epoch 78 learning rate: 0.06693689601226462
Epoch 78 time: 236.15586400032043 seconds
Epoch 78 accuracy: 88.94%
Batch 100, Loss: 0.3153
Batch 200, Loss: 0.3139
Batch 300, Loss: 0.3128
Epoch 79 learning rate: 0.06619587090990751
Epoch 79 time: 236.0830204486847 seconds
Epoch 79 accuracy: 88.07%
Batch 100, Loss: 0.3026
Batch 200, Loss: 0.3085
Batch 300, Loss: 0.3111
Epoch 80 learning rate: 0.06545084971874741
Epoch 80 time: 236.06597638130188 seconds
Epoch 80 accuracy: 87.68%
Batch 100, Loss: 0.3018
Batch 200, Loss: 0.2990
Batch 300, Loss: 0.3160
Epoch 81 learning rate: 0.06470201626161524
Epoch 81 time: 236.24698281288147 seconds
Epoch 81 accuracy: 88.67%
Batch 100, Loss: 0.3076
Batch 200, Loss: 0.2992
Batch 300, Loss: 0.3146
Epoch 82 learning rate: 0.06394955530196152
Epoch 82 time: 236.2458291053772 seconds
Epoch 82 accuracy: 86.79%
Batch 100, Loss: 0.2985
Batch 200, Loss: 0.2967
Batch 300, Loss: 0.3045
Epoch 83 learning rate: 0.06319365249826868
Epoch 83 time: 236.1613974571228 seconds
Epoch 83 accuracy: 87.46%
Batch 100, Loss: 0.2925
Batch 200, Loss: 0.3096
Batch 300, Loss: 0.3092
Epoch 84 learning rate: 0.06243449435824277
Epoch 84 time: 236.11722135543823 seconds
Epoch 84 accuracy: 88.65%
Batch 100, Loss: 0.2903
Batch 200, Loss: 0.2906
Batch 300, Loss: 0.3062
Epoch 85 learning rate: 0.06167226819279532
Epoch 85 time: 236.02166271209717 seconds
Epoch 85 accuracy: 88.78%
Batch 100, Loss: 0.3021
Batch 200, Loss: 0.2876
Batch 300, Loss: 0.3132
Epoch 86 learning rate: 0.06090716206982718
Epoch 86 time: 236.16807746887207 seconds
Epoch 86 accuracy: 86.14%
Batch 100, Loss: 0.2869
Batch 200, Loss: 0.2977
Batch 300, Loss: 0.3049
Epoch 87 learning rate: 0.06013936476782568
Epoch 87 time: 236.1866660118103 seconds
Epoch 87 accuracy: 86.73%
Batch 100, Loss: 0.2887
Batch 200, Loss: 0.2838
Batch 300, Loss: 0.2976
Epoch 88 learning rate: 0.05936906572928629
Epoch 88 time: 236.08349299430847 seconds
Epoch 88 accuracy: 84.2%
Batch 100, Loss: 0.3065
Batch 200, Loss: 0.2856
Batch 300, Loss: 0.2851
Epoch 89 learning rate: 0.05859645501397052
Epoch 89 time: 236.22429156303406 seconds
Epoch 89 accuracy: 89.14%
Batch 100, Loss: 0.2790
Batch 200, Loss: 0.2914
Batch 300, Loss: 0.2968
Epoch 90 learning rate: 0.05782172325201159
Epoch 90 time: 236.2415590286255 seconds
Epoch 90 accuracy: 88.21%
Batch 100, Loss: 0.2771
Batch 200, Loss: 0.2877
Batch 300, Loss: 0.2939
Epoch 91 learning rate: 0.057045061596879186
Epoch 91 time: 236.1654658317566 seconds
Epoch 91 accuracy: 88.27%
Batch 100, Loss: 0.2725
Batch 200, Loss: 0.2968
Batch 300, Loss: 0.2854
Epoch 92 learning rate: 0.056266661678215264
Epoch 92 time: 236.09600043296814 seconds
Epoch 92 accuracy: 90.36%
Batch 100, Loss: 0.2749
Batch 200, Loss: 0.2791
Batch 300, Loss: 0.2897
Epoch 93 learning rate: 0.055486715554552306
Epoch 93 time: 235.95111680030823 seconds
Epoch 93 accuracy: 87.84%
Batch 100, Loss: 0.2851
Batch 200, Loss: 0.2861
Batch 300, Loss: 0.2850
Epoch 94 learning rate: 0.05470541566592575
Epoch 94 time: 236.06087040901184 seconds
Epoch 94 accuracy: 87.59%
Batch 100, Loss: 0.2765
Batch 200, Loss: 0.2850
Batch 300, Loss: 0.2793
Epoch 95 learning rate: 0.05392295478639229
Epoch 95 time: 236.18168878555298 seconds
Epoch 95 accuracy: 88.72%
Batch 100, Loss: 0.2726
Batch 200, Loss: 0.2801
Batch 300, Loss: 0.2774
Epoch 96 learning rate: 0.05313952597646571
Epoch 96 time: 236.06012344360352 seconds
Epoch 96 accuracy: 89.76%
Batch 100, Loss: 0.2597
Batch 200, Loss: 0.2829
Batch 300, Loss: 0.2752
Epoch 97 learning rate: 0.05235532253548216
Epoch 97 time: 236.1106767654419 seconds
Epoch 97 accuracy: 89.2%
Batch 100, Loss: 0.2612
Batch 200, Loss: 0.2805
Batch 300, Loss: 0.2785
Epoch 98 learning rate: 0.051570537953906447
Epoch 98 time: 236.0022144317627 seconds
Epoch 98 accuracy: 87.95%
Batch 100, Loss: 0.2633
Batch 200, Loss: 0.2694
Batch 300, Loss: 0.2702
Epoch 99 learning rate: 0.05078536586559106
Epoch 99 time: 236.1180498600006 seconds
Epoch 99 accuracy: 89.02%
Batch 100, Loss: 0.2623
Batch 200, Loss: 0.2731
Batch 300, Loss: 0.2777
Epoch 100 learning rate: 0.050000000000000024
Epoch 100 time: 236.0187966823578 seconds
Epoch 100 accuracy: 89.8%
Batch 100, Loss: 0.2706
Batch 200, Loss: 0.2696
Batch 300, Loss: 0.2721
Epoch 101 learning rate: 0.049214634134409
Epoch 101 time: 236.15557408332825 seconds
Epoch 101 accuracy: 88.53%
Batch 100, Loss: 0.2670
Batch 200, Loss: 0.2639
Batch 300, Loss: 0.2626
Epoch 102 learning rate: 0.04842946204609361
Epoch 102 time: 236.1322717666626 seconds
Epoch 102 accuracy: 89.95%
Batch 100, Loss: 0.2601
Batch 200, Loss: 0.2677
Batch 300, Loss: 0.2647
Epoch 103 learning rate: 0.04764467746451789
Epoch 103 time: 236.10774850845337 seconds
Epoch 103 accuracy: 86.97%
Batch 100, Loss: 0.2588
Batch 200, Loss: 0.2678
Batch 300, Loss: 0.2720
Epoch 104 learning rate: 0.046860474023534354
Epoch 104 time: 236.09029340744019 seconds
Epoch 104 accuracy: 88.69%
Batch 100, Loss: 0.2552
Batch 200, Loss: 0.2641
Batch 300, Loss: 0.2553
Epoch 105 learning rate: 0.04607704521360778
Epoch 105 time: 236.05333638191223 seconds
Epoch 105 accuracy: 88.93%
Batch 100, Loss: 0.2570
Batch 200, Loss: 0.2625
Batch 300, Loss: 0.2557
Epoch 106 learning rate: 0.04529458433407431
Epoch 106 time: 236.13458275794983 seconds
Epoch 106 accuracy: 88.19%
Batch 100, Loss: 0.2449
Batch 200, Loss: 0.2591
Batch 300, Loss: 0.2621
Epoch 107 learning rate: 0.04451328444544776
Epoch 107 time: 236.04629111289978 seconds
Epoch 107 accuracy: 91.42%
Batch 100, Loss: 0.2526
Batch 200, Loss: 0.2554
Batch 300, Loss: 0.2452
Epoch 108 learning rate: 0.04373333832178482
Epoch 108 time: 236.28057408332825 seconds
Epoch 108 accuracy: 90.23%
Batch 100, Loss: 0.2599
Batch 200, Loss: 0.2431
Batch 300, Loss: 0.2529
Epoch 109 learning rate: 0.0429549384031209
Epoch 109 time: 235.99065017700195 seconds
Epoch 109 accuracy: 90.95%
Batch 100, Loss: 0.2413
Batch 200, Loss: 0.2530
Batch 300, Loss: 0.2458
Epoch 110 learning rate: 0.042178276747988484
Epoch 110 time: 236.12389993667603 seconds
Epoch 110 accuracy: 90.79%
Batch 100, Loss: 0.2449
Batch 200, Loss: 0.2492
Batch 300, Loss: 0.2490
Epoch 111 learning rate: 0.04140354498602954
Epoch 111 time: 236.13660883903503 seconds
Epoch 111 accuracy: 90.35%
Batch 100, Loss: 0.2349
Batch 200, Loss: 0.2565
Batch 300, Loss: 0.2457
Epoch 112 learning rate: 0.0406309342707138
Epoch 112 time: 236.22611212730408 seconds
Epoch 112 accuracy: 86.15%
Batch 100, Loss: 0.2419
Batch 200, Loss: 0.2456
Batch 300, Loss: 0.2462
Epoch 113 learning rate: 0.03986063523217441
Epoch 113 time: 236.18386888504028 seconds
Epoch 113 accuracy: 90.07%
Batch 100, Loss: 0.2356
Batch 200, Loss: 0.2404
Batch 300, Loss: 0.2469
Epoch 114 learning rate: 0.039092837930172916
Epoch 114 time: 236.17478585243225 seconds
Epoch 114 accuracy: 91.17%
Batch 100, Loss: 0.2308
Batch 200, Loss: 0.2427
Batch 300, Loss: 0.2417
Epoch 115 learning rate: 0.03832773180720475
Epoch 115 time: 236.13375282287598 seconds
Epoch 115 accuracy: 90.22%
Batch 100, Loss: 0.2318
Batch 200, Loss: 0.2336
Batch 300, Loss: 0.2382
Epoch 116 learning rate: 0.037565505641757285
Epoch 116 time: 236.30404925346375 seconds
Epoch 116 accuracy: 90.18%
Batch 100, Loss: 0.2247
Batch 200, Loss: 0.2288
Batch 300, Loss: 0.2461
Epoch 117 learning rate: 0.03680634750173138
Epoch 117 time: 236.05864930152893 seconds
Epoch 117 accuracy: 89.55%
Batch 100, Loss: 0.2377
Batch 200, Loss: 0.2338
Batch 300, Loss: 0.2384
Epoch 118 learning rate: 0.036050444698038565
Epoch 118 time: 236.27179622650146 seconds
Epoch 118 accuracy: 90.47%
Batch 100, Loss: 0.2189
Batch 200, Loss: 0.2315
Batch 300, Loss: 0.2379
Epoch 119 learning rate: 0.03529798373838483
Epoch 119 time: 236.22665643692017 seconds
Epoch 119 accuracy: 91.12%
Batch 100, Loss: 0.2209
Batch 200, Loss: 0.2188
Batch 300, Loss: 0.2338
Epoch 120 learning rate: 0.03454915028125267
Epoch 120 time: 236.09683465957642 seconds
Epoch 120 accuracy: 91.42%
Batch 100, Loss: 0.2149
Batch 200, Loss: 0.2328
Batch 300, Loss: 0.2309
Epoch 121 learning rate: 0.03380412909009255
Epoch 121 time: 236.18970584869385 seconds
Epoch 121 accuracy: 91.63%
Batch 100, Loss: 0.2200
Batch 200, Loss: 0.2207
Batch 300, Loss: 0.2277
Epoch 122 learning rate: 0.03306310398773545
Epoch 122 time: 236.06533479690552 seconds
Epoch 122 accuracy: 90.64%
Batch 100, Loss: 0.2184
Batch 200, Loss: 0.2156
Batch 300, Loss: 0.2139
Epoch 123 learning rate: 0.03232625781103717
Epoch 123 time: 235.93972516059875 seconds
Epoch 123 accuracy: 91.35%
Batch 100, Loss: 0.2146
Batch 200, Loss: 0.2229
Batch 300, Loss: 0.2248
Epoch 124 learning rate: 0.03159377236576613
Epoch 124 time: 236.327232837677 seconds
Epoch 124 accuracy: 91.61%
Batch 100, Loss: 0.2103
Batch 200, Loss: 0.2195
Batch 300, Loss: 0.2171
Epoch 125 learning rate: 0.030865828381745543
Epoch 125 time: 236.08780765533447 seconds
Epoch 125 accuracy: 92.03%
Batch 100, Loss: 0.2059
Batch 200, Loss: 0.2260
Batch 300, Loss: 0.2151
Epoch 126 learning rate: 0.03014260546826098
Epoch 126 time: 236.20071935653687 seconds
Epoch 126 accuracy: 91.46%
Batch 100, Loss: 0.2083
Batch 200, Loss: 0.2108
Batch 300, Loss: 0.2145
Epoch 127 learning rate: 0.02942428206974458
Epoch 127 time: 235.99821734428406 seconds
Epoch 127 accuracy: 91.99%
Batch 100, Loss: 0.2076
Batch 200, Loss: 0.2045
Batch 300, Loss: 0.2171
Epoch 128 learning rate: 0.028711035421746387
Epoch 128 time: 236.08333587646484 seconds
Epoch 128 accuracy: 91.37%
Batch 100, Loss: 0.2043
Batch 200, Loss: 0.2056
Batch 300, Loss: 0.2064
Epoch 129 learning rate: 0.02800304150720426
Epoch 129 time: 236.18080854415894 seconds
Epoch 129 accuracy: 92.9%
Batch 100, Loss: 0.2029
Batch 200, Loss: 0.1981
Batch 300, Loss: 0.2012
Epoch 130 learning rate: 0.02730047501302268
Epoch 130 time: 236.04518246650696 seconds
Epoch 130 accuracy: 91.32%
Batch 100, Loss: 0.1879
Batch 200, Loss: 0.1932
Batch 300, Loss: 0.2042
Epoch 131 learning rate: 0.026603509286971357
Epoch 131 time: 236.12864327430725 seconds
Epoch 131 accuracy: 93.05%
Batch 100, Loss: 0.1994
Batch 200, Loss: 0.1952
Batch 300, Loss: 0.2023
Epoch 132 learning rate: 0.025912316294914244
Epoch 132 time: 236.10685467720032 seconds
Epoch 132 accuracy: 90.99%
Batch 100, Loss: 0.1861
Batch 200, Loss: 0.1957
Batch 300, Loss: 0.1899
Epoch 133 learning rate: 0.025227066578379632
Epoch 133 time: 235.99066925048828 seconds
Epoch 133 accuracy: 91.72%
Batch 100, Loss: 0.1922
Batch 200, Loss: 0.1975
Batch 300, Loss: 0.2037
Epoch 134 learning rate: 0.024547929212481445
Epoch 134 time: 236.17434763908386 seconds
Epoch 134 accuracy: 90.18%
Batch 100, Loss: 0.1861
Batch 200, Loss: 0.1938
Batch 300, Loss: 0.1911
Epoch 135 learning rate: 0.02387507176420257
Epoch 135 time: 235.89505696296692 seconds
Epoch 135 accuracy: 93.09%
Batch 100, Loss: 0.1842
Batch 200, Loss: 0.1886
Batch 300, Loss: 0.1956
Epoch 136 learning rate: 0.023208660251050166
Epoch 136 time: 235.93335103988647 seconds
Epoch 136 accuracy: 92.06%
Batch 100, Loss: 0.1845
Batch 200, Loss: 0.1860
Batch 300, Loss: 0.1877
Epoch 137 learning rate: 0.022548859100093414
Epoch 137 time: 236.0327069759369 seconds
Epoch 137 accuracy: 93.08%
Batch 100, Loss: 0.1741
Batch 200, Loss: 0.1888
Batch 300, Loss: 0.1906
Epoch 138 learning rate: 0.021895831107393474
Epoch 138 time: 235.98519253730774 seconds
Epoch 138 accuracy: 93.15%
Batch 100, Loss: 0.1764
Batch 200, Loss: 0.1792
Batch 300, Loss: 0.1826
Epoch 139 learning rate: 0.02124973739783608
Epoch 139 time: 235.99650764465332 seconds
Epoch 139 accuracy: 92.5%
Batch 100, Loss: 0.1779
Batch 200, Loss: 0.1689
Batch 300, Loss: 0.1755
Epoch 140 learning rate: 0.02061073738537636
Epoch 140 time: 235.98443722724915 seconds
Epoch 140 accuracy: 92.67%
Batch 100, Loss: 0.1728
Batch 200, Loss: 0.1789
Batch 300, Loss: 0.1818
Epoch 141 learning rate: 0.019978988733705814
Epoch 141 time: 236.0180594921112 seconds
Epoch 141 accuracy: 93.57%
Batch 100, Loss: 0.1704
Batch 200, Loss: 0.1777
Batch 300, Loss: 0.1788
Epoch 142 learning rate: 0.01935464731735118
Epoch 142 time: 236.00950741767883 seconds
Epoch 142 accuracy: 93.04%
Batch 100, Loss: 0.1673
Batch 200, Loss: 0.1708
Batch 300, Loss: 0.1716
Epoch 143 learning rate: 0.018737867183214747
Epoch 143 time: 235.99519801139832 seconds
Epoch 143 accuracy: 92.26%
Batch 100, Loss: 0.1647
Batch 200, Loss: 0.1666
Batch 300, Loss: 0.1716
Epoch 144 learning rate: 0.01812880051256552
Epoch 144 time: 236.0018036365509 seconds
Epoch 144 accuracy: 93.25%
Batch 100, Loss: 0.1606
Batch 200, Loss: 0.1699
Batch 300, Loss: 0.1634
Epoch 145 learning rate: 0.017527597583490827
Epoch 145 time: 235.91497135162354 seconds
Epoch 145 accuracy: 93.42%
Batch 100, Loss: 0.1560
Batch 200, Loss: 0.1641
Batch 300, Loss: 0.1635
Epoch 146 learning rate: 0.01693440673381742
Epoch 146 time: 236.01728510856628 seconds
Epoch 146 accuracy: 93.91%
Batch 100, Loss: 0.1600
Batch 200, Loss: 0.1577
Batch 300, Loss: 0.1657
Epoch 147 learning rate: 0.016349374324511334
Epoch 147 time: 235.96086144447327 seconds
Epoch 147 accuracy: 92.95%
Batch 100, Loss: 0.1554
Batch 200, Loss: 0.1561
Batch 300, Loss: 0.1561
Epoch 148 learning rate: 0.01577264470356557
Epoch 148 time: 236.03592491149902 seconds
Epoch 148 accuracy: 93.3%
Batch 100, Loss: 0.1545
Batch 200, Loss: 0.1577
Batch 300, Loss: 0.1597
Epoch 149 learning rate: 0.01520436017038429
Epoch 149 time: 235.88134384155273 seconds
Epoch 149 accuracy: 93.03%
Batch 100, Loss: 0.1481
Batch 200, Loss: 0.1583
Batch 300, Loss: 0.1553
Epoch 150 learning rate: 0.014644660940672632
Epoch 150 time: 235.90125250816345 seconds
Epoch 150 accuracy: 94.05%
Batch 100, Loss: 0.1484
Batch 200, Loss: 0.1471
Batch 300, Loss: 0.1569
Epoch 151 learning rate: 0.01409368511184057
Epoch 151 time: 235.97688579559326 seconds
Epoch 151 accuracy: 93.16%
Batch 100, Loss: 0.1485
Batch 200, Loss: 0.1466
Batch 300, Loss: 0.1463
Epoch 152 learning rate: 0.013551568628929438
Epoch 152 time: 235.9186146259308 seconds
Epoch 152 accuracy: 93.29%
Batch 100, Loss: 0.1396
Batch 200, Loss: 0.1447
Batch 300, Loss: 0.1476
Epoch 153 learning rate: 0.013018445251069516
Epoch 153 time: 235.93328642845154 seconds
Epoch 153 accuracy: 94.19%
Batch 100, Loss: 0.1429
Batch 200, Loss: 0.1460
Batch 300, Loss: 0.1373
Epoch 154 learning rate: 0.012494446518477026
Epoch 154 time: 235.96291732788086 seconds
Epoch 154 accuracy: 94.28%
Batch 100, Loss: 0.1310
Batch 200, Loss: 0.1375
Batch 300, Loss: 0.1397
Epoch 155 learning rate: 0.011979701719998459
Epoch 155 time: 236.02878093719482 seconds
Epoch 155 accuracy: 93.9%
Batch 100, Loss: 0.1379
Batch 200, Loss: 0.1309
Batch 300, Loss: 0.1431
Epoch 156 learning rate: 0.011474337861210548
Epoch 156 time: 236.16039633750916 seconds
Epoch 156 accuracy: 93.66%
Batch 100, Loss: 0.1312
Batch 200, Loss: 0.1343
Batch 300, Loss: 0.1437
Epoch 157 learning rate: 0.010978479633083526
Epoch 157 time: 236.0513792037964 seconds
Epoch 157 accuracy: 93.8%
Batch 100, Loss: 0.1300
Batch 200, Loss: 0.1288
Batch 300, Loss: 0.1345
Epoch 158 learning rate: 0.010492249381215483
Epoch 158 time: 236.09046506881714 seconds
Epoch 158 accuracy: 94.26%
Batch 100, Loss: 0.1342
Batch 200, Loss: 0.1289
Batch 300, Loss: 0.1351
Epoch 159 learning rate: 0.010015767075645474
Epoch 159 time: 236.2197961807251 seconds
Epoch 159 accuracy: 94.33%
Batch 100, Loss: 0.1189
Batch 200, Loss: 0.1332
Batch 300, Loss: 0.1287
Epoch 160 learning rate: 0.009549150281252637
Epoch 160 time: 236.16248893737793 seconds
Epoch 160 accuracy: 94.77%
Batch 100, Loss: 0.1254
Batch 200, Loss: 0.1269
Batch 300, Loss: 0.1280
Epoch 161 learning rate: 0.00909251412874884
Epoch 161 time: 236.2017707824707 seconds
Epoch 161 accuracy: 94.69%
Batch 100, Loss: 0.1265
Batch 200, Loss: 0.1265
Batch 300, Loss: 0.1223
Epoch 162 learning rate: 0.008645971286271918
Epoch 162 time: 236.11421060562134 seconds
Epoch 162 accuracy: 94.44%
Batch 100, Loss: 0.1170
Batch 200, Loss: 0.1188
Batch 300, Loss: 0.1278
Epoch 163 learning rate: 0.008209631931586501
Epoch 163 time: 236.11692309379578 seconds
Epoch 163 accuracy: 94.89%
Batch 100, Loss: 0.1145
Batch 200, Loss: 0.1214
Batch 300, Loss: 0.1219
Epoch 164 learning rate: 0.0077836037248992605
Epoch 164 time: 236.1142008304596 seconds
Epoch 164 accuracy: 94.92%
Batch 100, Loss: 0.1158
Batch 200, Loss: 0.1244
Batch 300, Loss: 0.1159
Epoch 165 learning rate: 0.0073679917822954055
Epoch 165 time: 236.10671424865723 seconds
Epoch 165 accuracy: 94.49%
Batch 100, Loss: 0.1113
Batch 200, Loss: 0.1201
Batch 300, Loss: 0.1124
Epoch 166 learning rate: 0.006962898649802815
Epoch 166 time: 236.21551036834717 seconds
Epoch 166 accuracy: 94.98%
Batch 100, Loss: 0.1095
Batch 200, Loss: 0.1115
Batch 300, Loss: 0.1110
Epoch 167 learning rate: 0.006568424278090438
Epoch 167 time: 236.11197304725647 seconds
Epoch 167 accuracy: 94.81%
Batch 100, Loss: 0.1087
Batch 200, Loss: 0.1154
Batch 300, Loss: 0.1085
Epoch 168 learning rate: 0.006184665997806824
Epoch 168 time: 236.24667954444885 seconds
Epoch 168 accuracy: 94.88%
Batch 100, Loss: 0.1023
Batch 200, Loss: 0.1058
Batch 300, Loss: 0.1095
Epoch 169 learning rate: 0.00581171849556533
Epoch 169 time: 236.20006203651428 seconds
Epoch 169 accuracy: 95.29%
Batch 100, Loss: 0.1044
Batch 200, Loss: 0.1066
Batch 300, Loss: 0.1056
Epoch 170 learning rate: 0.0054496737905816136
Epoch 170 time: 236.25147986412048 seconds
Epoch 170 accuracy: 94.8%
Batch 100, Loss: 0.1056
Batch 200, Loss: 0.0983
Batch 300, Loss: 0.1018
Epoch 171 learning rate: 0.005098621211969226
Epoch 171 time: 236.2549705505371 seconds
Epoch 171 accuracy: 95.29%
Batch 100, Loss: 0.0952
Batch 200, Loss: 0.1032
Batch 300, Loss: 0.0977
Epoch 172 learning rate: 0.004758647376699035
Epoch 172 time: 236.18021440505981 seconds
Epoch 172 accuracy: 95.12%
Batch 100, Loss: 0.0986
Batch 200, Loss: 0.0962
Batch 300, Loss: 0.0998
Epoch 173 learning rate: 0.00442983616822775
Epoch 173 time: 236.05815386772156 seconds
Epoch 173 accuracy: 95.21%
Batch 100, Loss: 0.0966
Batch 200, Loss: 0.1004
Batch 300, Loss: 0.0973
Epoch 174 learning rate: 0.004112268715800957
Epoch 174 time: 236.10766172409058 seconds
Epoch 174 accuracy: 95.21%
Batch 100, Loss: 0.0938
Batch 200, Loss: 0.0954
Batch 300, Loss: 0.1011
Epoch 175 learning rate: 0.003806023374435677
Epoch 175 time: 236.09881019592285 seconds
Epoch 175 accuracy: 95.34%
Batch 100, Loss: 0.0898
Batch 200, Loss: 0.0989
Batch 300, Loss: 0.0917
Epoch 176 learning rate: 0.003511175705587435
Epoch 176 time: 236.09523940086365 seconds
Epoch 176 accuracy: 95.59%
Batch 100, Loss: 0.0887
Batch 200, Loss: 0.0934
Batch 300, Loss: 0.0933
Epoch 177 learning rate: 0.0032277984585066333
Epoch 177 time: 236.02294445037842 seconds
Epoch 177 accuracy: 95.59%
Batch 100, Loss: 0.0870
Batch 200, Loss: 0.0931
Batch 300, Loss: 0.0918
Epoch 178 learning rate: 0.002955961552288729
Epoch 178 time: 236.15781140327454 seconds
Epoch 178 accuracy: 95.5%
Batch 100, Loss: 0.0849
Batch 200, Loss: 0.0883
Batch 300, Loss: 0.0903
Epoch 179 learning rate: 0.0026957320586227366
Epoch 179 time: 236.03963685035706 seconds
Epoch 179 accuracy: 95.67%
Batch 100, Loss: 0.0881
Batch 200, Loss: 0.0843
Batch 300, Loss: 0.0906
Epoch 180 learning rate: 0.002447174185242325
Epoch 180 time: 236.11197304725647 seconds
Epoch 180 accuracy: 95.67%
Batch 100, Loss: 0.0851
Batch 200, Loss: 0.0846
Batch 300, Loss: 0.0886
Epoch 181 learning rate: 0.0022103492600834954
Epoch 181 time: 236.2315640449524 seconds
Epoch 181 accuracy: 95.32%
Batch 100, Loss: 0.0796
Batch 200, Loss: 0.0873
Batch 300, Loss: 0.0860
Epoch 182 learning rate: 0.0019853157161528537
Epoch 182 time: 236.15220189094543 seconds
Epoch 182 accuracy: 95.63%
Batch 100, Loss: 0.0794
Batch 200, Loss: 0.0852
Batch 300, Loss: 0.0806
Epoch 183 learning rate: 0.001772129077110103
Epoch 183 time: 236.20482635498047 seconds
Epoch 183 accuracy: 95.6%
Batch 100, Loss: 0.0815
Batch 200, Loss: 0.0813
Batch 300, Loss: 0.0805
Epoch 184 learning rate: 0.0015708419435684529
Epoch 184 time: 236.13283014297485 seconds
Epoch 184 accuracy: 95.68%
Batch 100, Loss: 0.0780
Batch 200, Loss: 0.0797
Batch 300, Loss: 0.0799
Epoch 185 learning rate: 0.0013815039801161732
Epoch 185 time: 236.12619972229004 seconds
Epoch 185 accuracy: 95.69%
Batch 100, Loss: 0.0778
Batch 200, Loss: 0.0808
Batch 300, Loss: 0.0780
Epoch 186 learning rate: 0.0012041619030626347
Epoch 186 time: 236.19786977767944 seconds
Epoch 186 accuracy: 95.87%
Batch 100, Loss: 0.0754
Batch 200, Loss: 0.0811
Batch 300, Loss: 0.0798
Epoch 187 learning rate: 0.0010388594689117077
Epoch 187 time: 236.11129593849182 seconds
Epoch 187 accuracy: 95.87%
Batch 100, Loss: 0.0762
Batch 200, Loss: 0.0802
Batch 300, Loss: 0.0807
Epoch 188 learning rate: 0.0008856374635655645
Epoch 188 time: 236.2201325893402 seconds
Epoch 188 accuracy: 95.77%
Batch 100, Loss: 0.0775
Batch 200, Loss: 0.0763
Batch 300, Loss: 0.0788
Epoch 189 learning rate: 0.000744533692261307
Epoch 189 time: 236.06186199188232 seconds
Epoch 189 accuracy: 95.76%
Batch 100, Loss: 0.0756
Batch 200, Loss: 0.0762
Batch 300, Loss: 0.0771
Epoch 190 learning rate: 0.0006155829702431174
Epoch 190 time: 236.0569248199463 seconds
Epoch 190 accuracy: 95.79%
Batch 100, Loss: 0.0784
Batch 200, Loss: 0.0780
Batch 300, Loss: 0.0758
Epoch 191 learning rate: 0.0004988171141721235
Epoch 191 time: 236.19443249702454 seconds
Epoch 191 accuracy: 95.86%
Batch 100, Loss: 0.0749
Batch 200, Loss: 0.0771
Batch 300, Loss: 0.0733
Epoch 192 learning rate: 0.00039426493427611206
Epoch 192 time: 236.2721221446991 seconds
Epoch 192 accuracy: 95.68%
Batch 100, Loss: 0.0732
Batch 200, Loss: 0.0744
Batch 300, Loss: 0.0754
Epoch 193 learning rate: 0.00030195222724102046
Epoch 193 time: 236.2468044757843 seconds
Epoch 193 accuracy: 95.85%
Batch 100, Loss: 0.0754
Batch 200, Loss: 0.0706
Batch 300, Loss: 0.0712
Epoch 194 learning rate: 0.00022190176984600036
Epoch 194 time: 236.08140206336975 seconds
Epoch 194 accuracy: 95.8%
Batch 100, Loss: 0.0722
Batch 200, Loss: 0.0748
Batch 300, Loss: 0.0761
Epoch 195 learning rate: 0.00015413331334360192
Epoch 195 time: 235.99670886993408 seconds
Epoch 195 accuracy: 95.89%
Batch 100, Loss: 0.0720
Batch 200, Loss: 0.0732
Batch 300, Loss: 0.0731
Epoch 196 learning rate: 9.866357858642213e-05
Epoch 196 time: 236.17602038383484 seconds
Epoch 196 accuracy: 95.86%
Batch 100, Loss: 0.0701
Batch 200, Loss: 0.0747
Batch 300, Loss: 0.0719
Epoch 197 learning rate: 5.5506251901504864e-05
Epoch 197 time: 236.13696455955505 seconds
Epoch 197 accuracy: 95.9%
Batch 100, Loss: 0.0736
Batch 200, Loss: 0.0718
Batch 300, Loss: 0.0719
Epoch 198 learning rate: 2.4671981713420017e-05
Epoch 198 time: 236.17798137664795 seconds
Epoch 198 accuracy: 95.88%
Batch 100, Loss: 0.0744
Batch 200, Loss: 0.0710
Batch 300, Loss: 0.0759
Epoch 199 learning rate: 6.168375916970619e-06
Epoch 199 time: 236.17511677742004 seconds
Epoch 199 accuracy: 95.89%
Batch 100, Loss: 0.0733
Batch 200, Loss: 0.0711
Batch 300, Loss: 0.0715
Epoch 200 learning rate: 0.0
Epoch 200 time: 236.16440868377686 seconds
Epoch 200 accuracy: 95.83%
Total training time: 47237.042650938034 seconds
