The following modules were not unloaded:
  (Use "module --force purge" to unload all):

  1) CCconfig        6)  ucx/1.14.1         11) flexiblas/3.3.1
  2) gentoo/2023     7)  libfabric/1.18.0   12) imkl/2023.2.0
  3) gcccore/.12.3   8)  pmix/4.2.4         13) StdEnv/2023
  4) gcc/12.3        9)  ucc/1.2.0
  5) hwloc/2.9.1     10) openmpi/4.1.5
/project/6070520/tkleinkn/Vanilla-GAM/main_cifar.py:187: UserWarning: You have chosen a specific GPU. This will completely disable data parallelism.
  warnings.warn('You have chosen a specific GPU. This will completely '
model name space ['resnet101_c', 'resnet152_c', 'resnet18_c', 'resnet34_c', 'resnet50_c']
Use GPU: 0 for training
=> creating model 'resnet18_c'
Files already downloaded and verified
Files already downloaded and verified
tensorboard dir ./results/CIFAR100/GAMNonAccelerated
Using non-accelerated GAM
/home/tkleinkn/GAMtest/lib/python3.11/site-packages/torch/autograd/graph.py:744: UserWarning: Using backward() with create_graph=True will create a reference cycle between the parameter and its gradient which can cause a memory leak. We recommend using autograd.grad when creating the graph to avoid this. If you have to use this function, make sure to reset the .grad fields of your parameters to None after use to break the cycle and avoid the leak. (Triggered internally at /home/coulombc/wheels_builder/tmp.2617/python-3.11/torch/torch/csrc/autograd/engine.cpp:1203.)
  return Variable._execution_engine.run_backward(  # Calls into the C++ engine to run the backward pass
Batch 100, Loss: 3.6628
Batch 200, Loss: 3.2911
Batch 300, Loss: 3.1584
Epoch 1 learning rate: 0.09999383162408304
Epoch 1 time: 245.56556844711304 seconds
Epoch 1 accuracy: 15.37%
Batch 100, Loss: 2.9140
Batch 200, Loss: 2.8657
Batch 300, Loss: 2.7712
Epoch 2 learning rate: 0.09997532801828658
Epoch 2 time: 236.61979746818542 seconds
Epoch 2 accuracy: 21.62%
Batch 100, Loss: 2.5822
Batch 200, Loss: 2.5257
Batch 300, Loss: 2.4292
Epoch 3 learning rate: 0.09994449374809851
Epoch 3 time: 236.48482179641724 seconds
Epoch 3 accuracy: 30.07%
Batch 100, Loss: 2.2569
Batch 200, Loss: 2.1976
Batch 300, Loss: 2.1176
Epoch 4 learning rate: 0.09990133642141359
Epoch 4 time: 236.39395117759705 seconds
Epoch 4 accuracy: 37.04%
Batch 100, Loss: 1.9807
Batch 200, Loss: 1.9476
Batch 300, Loss: 1.8971
Epoch 5 learning rate: 0.09984586668665642
Epoch 5 time: 236.48830008506775 seconds
Epoch 5 accuracy: 39.61%
Batch 100, Loss: 1.7848
Batch 200, Loss: 1.7535
Batch 300, Loss: 1.7249
Epoch 6 learning rate: 0.09977809823015402
Epoch 6 time: 236.34019994735718 seconds
Epoch 6 accuracy: 42.98%
Batch 100, Loss: 1.6093
Batch 200, Loss: 1.6259
Batch 300, Loss: 1.6133
Epoch 7 learning rate: 0.09969804777275901
Epoch 7 time: 236.18600606918335 seconds
Epoch 7 accuracy: 49.6%
Batch 100, Loss: 1.5291
Batch 200, Loss: 1.5252
Batch 300, Loss: 1.4963
Epoch 8 learning rate: 0.09960573506572391
Epoch 8 time: 236.19259119033813 seconds
Epoch 8 accuracy: 46.24%
Batch 100, Loss: 1.4584
Batch 200, Loss: 1.4491
Batch 300, Loss: 1.4335
Epoch 9 learning rate: 0.09950118288582789
Epoch 9 time: 236.34190273284912 seconds
Epoch 9 accuracy: 51.95%
Batch 100, Loss: 1.3654
Batch 200, Loss: 1.3781
Batch 300, Loss: 1.4197
Epoch 10 learning rate: 0.09938441702975691
Epoch 10 time: 236.07333540916443 seconds
Epoch 10 accuracy: 54.24%
Batch 100, Loss: 1.3050
Batch 200, Loss: 1.3505
Batch 300, Loss: 1.3495
Epoch 11 learning rate: 0.09925546630773871
Epoch 11 time: 236.09574437141418 seconds
Epoch 11 accuracy: 54.32%
Batch 100, Loss: 1.2712
Batch 200, Loss: 1.3100
Batch 300, Loss: 1.3015
Epoch 12 learning rate: 0.09911436253643445
Epoch 12 time: 236.49673175811768 seconds
Epoch 12 accuracy: 55.62%
Batch 100, Loss: 1.2536
Batch 200, Loss: 1.2622
Batch 300, Loss: 1.2748
Epoch 13 learning rate: 0.0989611405310883
Epoch 13 time: 236.06898617744446 seconds
Epoch 13 accuracy: 55.7%
Batch 100, Loss: 1.1873
Batch 200, Loss: 1.2564
Batch 300, Loss: 1.2327
Epoch 14 learning rate: 0.09879583809693739
Epoch 14 time: 236.33818769454956 seconds
Epoch 14 accuracy: 52.42%
Batch 100, Loss: 1.1953
Batch 200, Loss: 1.1952
Batch 300, Loss: 1.2258
Epoch 15 learning rate: 0.09861849601988384
Epoch 15 time: 237.60800170898438 seconds
Epoch 15 accuracy: 55.43%
Batch 100, Loss: 1.1562
Batch 200, Loss: 1.1796
Batch 300, Loss: 1.2052
Epoch 16 learning rate: 0.09842915805643157
Epoch 16 time: 236.28352332115173 seconds
Epoch 16 accuracy: 58.39%
Batch 100, Loss: 1.1171
Batch 200, Loss: 1.1839
Batch 300, Loss: 1.1631
Epoch 17 learning rate: 0.09822787092288993
Epoch 17 time: 236.2631208896637 seconds
Epoch 17 accuracy: 58.37%
Batch 100, Loss: 1.1205
Batch 200, Loss: 1.1302
Batch 300, Loss: 1.1504
Epoch 18 learning rate: 0.09801468428384717
Epoch 18 time: 236.1419379711151 seconds
Epoch 18 accuracy: 55.83%
Batch 100, Loss: 1.0919
Batch 200, Loss: 1.1115
Batch 300, Loss: 1.1708
Epoch 19 learning rate: 0.09778965073991652
Epoch 19 time: 236.06715273857117 seconds
Epoch 19 accuracy: 59.2%
Batch 100, Loss: 1.0499
Batch 200, Loss: 1.1122
Batch 300, Loss: 1.1248
Epoch 20 learning rate: 0.0975528258147577
Epoch 20 time: 236.1807291507721 seconds
Epoch 20 accuracy: 57.47%
Batch 100, Loss: 1.0483
Batch 200, Loss: 1.0957
Batch 300, Loss: 1.1165
Epoch 21 learning rate: 0.09730426794137728
Epoch 21 time: 236.16563630104065 seconds
Epoch 21 accuracy: 58.45%
Batch 100, Loss: 1.0324
Batch 200, Loss: 1.0660
Batch 300, Loss: 1.1023
Epoch 22 learning rate: 0.09704403844771128
Epoch 22 time: 236.39960098266602 seconds
Epoch 22 accuracy: 60.33%
Batch 100, Loss: 1.0365
Batch 200, Loss: 1.0608
Batch 300, Loss: 1.1000
Epoch 23 learning rate: 0.09677220154149338
Epoch 23 time: 236.31192231178284 seconds
Epoch 23 accuracy: 59.58%
Batch 100, Loss: 1.0070
Batch 200, Loss: 1.0495
Batch 300, Loss: 1.0828
Epoch 24 learning rate: 0.09648882429441258
Epoch 24 time: 236.31441473960876 seconds
Epoch 24 accuracy: 58.26%
Batch 100, Loss: 0.9991
Batch 200, Loss: 1.0407
Batch 300, Loss: 1.0592
Epoch 25 learning rate: 0.09619397662556435
Epoch 25 time: 236.24781703948975 seconds
Epoch 25 accuracy: 59.12%
Batch 100, Loss: 0.9788
Batch 200, Loss: 1.0152
Batch 300, Loss: 1.0849
Epoch 26 learning rate: 0.09588773128419906
Epoch 26 time: 236.38459658622742 seconds
Epoch 26 accuracy: 59.86%
Batch 100, Loss: 0.9815
Batch 200, Loss: 1.0304
Batch 300, Loss: 1.0385
Epoch 27 learning rate: 0.09557016383177226
Epoch 27 time: 236.43722486495972 seconds
Epoch 27 accuracy: 57.91%
Batch 100, Loss: 0.9561
Batch 200, Loss: 1.0093
Batch 300, Loss: 1.0492
Epoch 28 learning rate: 0.09524135262330098
Epoch 28 time: 236.33042454719543 seconds
Epoch 28 accuracy: 61.4%
Batch 100, Loss: 0.9645
Batch 200, Loss: 0.9791
Batch 300, Loss: 1.0390
Epoch 29 learning rate: 0.09490137878803079
Epoch 29 time: 236.2330904006958 seconds
Epoch 29 accuracy: 61.8%
Batch 100, Loss: 0.9491
Batch 200, Loss: 0.9923
Batch 300, Loss: 1.0214
Epoch 30 learning rate: 0.0945503262094184
Epoch 30 time: 236.24179410934448 seconds
Epoch 30 accuracy: 57.74%
Batch 100, Loss: 0.9500
Batch 200, Loss: 0.9951
Batch 300, Loss: 1.0018
Epoch 31 learning rate: 0.0941882815044347
Epoch 31 time: 236.40753841400146 seconds
Epoch 31 accuracy: 61.17%
Batch 100, Loss: 0.9375
Batch 200, Loss: 0.9826
Batch 300, Loss: 1.0094
Epoch 32 learning rate: 0.09381533400219319
Epoch 32 time: 236.24567818641663 seconds
Epoch 32 accuracy: 58.2%
Batch 100, Loss: 0.9228
Batch 200, Loss: 0.9744
Batch 300, Loss: 1.0017
Epoch 33 learning rate: 0.09343157572190958
Epoch 33 time: 236.109929561615 seconds
Epoch 33 accuracy: 61.73%
Batch 100, Loss: 0.9251
Batch 200, Loss: 0.9559
Batch 300, Loss: 1.0012
Epoch 34 learning rate: 0.0930371013501972
Epoch 34 time: 236.35903429985046 seconds
Epoch 34 accuracy: 61.84%
Batch 100, Loss: 0.9362
Batch 200, Loss: 0.9603
Batch 300, Loss: 0.9807
Epoch 35 learning rate: 0.09263200821770463
Epoch 35 time: 236.16807961463928 seconds
Epoch 35 accuracy: 59.24%
Batch 100, Loss: 0.9248
Batch 200, Loss: 0.9494
Batch 300, Loss: 0.9582
Epoch 36 learning rate: 0.09221639627510078
Epoch 36 time: 236.26876997947693 seconds
Epoch 36 accuracy: 61.13%
Batch 100, Loss: 0.9183
Batch 200, Loss: 0.9412
Batch 300, Loss: 0.9617
Epoch 37 learning rate: 0.09179036806841355
Epoch 37 time: 236.3379213809967 seconds
Epoch 37 accuracy: 62.48%
Batch 100, Loss: 0.8874
Batch 200, Loss: 0.9519
Batch 300, Loss: 0.9497
Epoch 38 learning rate: 0.09135402871372812
Epoch 38 time: 236.22874188423157 seconds
Epoch 38 accuracy: 60.22%
Batch 100, Loss: 0.8829
Batch 200, Loss: 0.9284
Batch 300, Loss: 0.9603
Epoch 39 learning rate: 0.0909074858712512
Epoch 39 time: 236.10737776756287 seconds
Epoch 39 accuracy: 61.71%
Batch 100, Loss: 0.8720
Batch 200, Loss: 0.9278
Batch 300, Loss: 0.9618
Epoch 40 learning rate: 0.09045084971874741
Epoch 40 time: 236.166757106781 seconds
Epoch 40 accuracy: 59.87%
Batch 100, Loss: 0.8805
Batch 200, Loss: 0.9111
Batch 300, Loss: 0.9365
Epoch 41 learning rate: 0.08998423292435458
Epoch 41 time: 236.1795585155487 seconds
Epoch 41 accuracy: 62.89%
Batch 100, Loss: 0.8786
Batch 200, Loss: 0.9255
Batch 300, Loss: 0.9421
Epoch 42 learning rate: 0.08950775061878455
Epoch 42 time: 236.21469140052795 seconds
Epoch 42 accuracy: 60.6%
Batch 100, Loss: 0.8475
Batch 200, Loss: 0.8905
Batch 300, Loss: 0.9290
Epoch 43 learning rate: 0.08902152036691653
Epoch 43 time: 236.28230929374695 seconds
Epoch 43 accuracy: 62.13%
Batch 100, Loss: 0.8557
Batch 200, Loss: 0.8904
Batch 300, Loss: 0.9387
Epoch 44 learning rate: 0.08852566213878951
Epoch 44 time: 236.01422095298767 seconds
Epoch 44 accuracy: 61.0%
Batch 100, Loss: 0.8373
Batch 200, Loss: 0.8947
Batch 300, Loss: 0.9199
Epoch 45 learning rate: 0.0880202982800016
Epoch 45 time: 236.35176062583923 seconds
Epoch 45 accuracy: 63.01%
Batch 100, Loss: 0.8509
Batch 200, Loss: 0.8906
Batch 300, Loss: 0.9147
Epoch 46 learning rate: 0.08750555348152303
Epoch 46 time: 236.17106914520264 seconds
Epoch 46 accuracy: 62.06%
Batch 100, Loss: 0.8516
Batch 200, Loss: 0.8781
Batch 300, Loss: 0.9047
Epoch 47 learning rate: 0.08698155474893052
Epoch 47 time: 236.49388456344604 seconds
Epoch 47 accuracy: 64.52%
Batch 100, Loss: 0.8395
Batch 200, Loss: 0.8863
Batch 300, Loss: 0.9064
Epoch 48 learning rate: 0.08644843137107061
Epoch 48 time: 236.27026271820068 seconds
Epoch 48 accuracy: 64.19%
Batch 100, Loss: 0.8162
Batch 200, Loss: 0.8728
Batch 300, Loss: 0.9055
Epoch 49 learning rate: 0.08590631488815947
Epoch 49 time: 236.13631510734558 seconds
Epoch 49 accuracy: 62.99%
Batch 100, Loss: 0.8121
Batch 200, Loss: 0.8593
Batch 300, Loss: 0.8914
Epoch 50 learning rate: 0.0853553390593274
Epoch 50 time: 236.3596293926239 seconds
Epoch 50 accuracy: 62.43%
Batch 100, Loss: 0.8139
Batch 200, Loss: 0.8573
Batch 300, Loss: 0.8777
Epoch 51 learning rate: 0.08479563982961574
Epoch 51 time: 236.14636754989624 seconds
Epoch 51 accuracy: 62.59%
Batch 100, Loss: 0.8096
Batch 200, Loss: 0.8403
Batch 300, Loss: 0.8805
Epoch 52 learning rate: 0.08422735529643446
Epoch 52 time: 236.10895609855652 seconds
Epoch 52 accuracy: 64.26%
Batch 100, Loss: 0.7929
Batch 200, Loss: 0.8414
Batch 300, Loss: 0.8778
Epoch 53 learning rate: 0.08365062567548869
Epoch 53 time: 236.40153765678406 seconds
Epoch 53 accuracy: 63.07%
Batch 100, Loss: 0.7923
Batch 200, Loss: 0.8535
Batch 300, Loss: 0.8868
Epoch 54 learning rate: 0.08306559326618261
Epoch 54 time: 236.34640884399414 seconds
Epoch 54 accuracy: 63.81%
Batch 100, Loss: 0.7944
Batch 200, Loss: 0.8412
Batch 300, Loss: 0.8648
Epoch 55 learning rate: 0.0824724024165092
Epoch 55 time: 236.37064862251282 seconds
Epoch 55 accuracy: 63.69%
Batch 100, Loss: 0.7781
Batch 200, Loss: 0.8070
Batch 300, Loss: 0.8549
Epoch 56 learning rate: 0.0818711994874345
Epoch 56 time: 236.41555523872375 seconds
Epoch 56 accuracy: 61.34%
Batch 100, Loss: 0.7826
Batch 200, Loss: 0.8331
Batch 300, Loss: 0.8431
Epoch 57 learning rate: 0.08126213281678528
Epoch 57 time: 236.33025360107422 seconds
Epoch 57 accuracy: 63.98%
Batch 100, Loss: 0.7832
Batch 200, Loss: 0.8146
Batch 300, Loss: 0.8683
Epoch 58 learning rate: 0.08064535268264884
Epoch 58 time: 236.27990794181824 seconds
Epoch 58 accuracy: 63.8%
Batch 100, Loss: 0.7622
Batch 200, Loss: 0.8024
Batch 300, Loss: 0.8429
Epoch 59 learning rate: 0.08002101126629421
Epoch 59 time: 236.25319051742554 seconds
Epoch 59 accuracy: 64.07%
Batch 100, Loss: 0.7571
Batch 200, Loss: 0.8003
Batch 300, Loss: 0.8383
Epoch 60 learning rate: 0.07938926261462367
Epoch 60 time: 236.24318313598633 seconds
Epoch 60 accuracy: 65.21%
Batch 100, Loss: 0.7541
Batch 200, Loss: 0.7946
Batch 300, Loss: 0.8432
Epoch 61 learning rate: 0.07875026260216395
Epoch 61 time: 236.36382675170898 seconds
Epoch 61 accuracy: 65.28%
Batch 100, Loss: 0.7451
Batch 200, Loss: 0.7942
Batch 300, Loss: 0.8333
Epoch 62 learning rate: 0.07810416889260656
Epoch 62 time: 236.5015001296997 seconds
Epoch 62 accuracy: 61.7%
Batch 100, Loss: 0.7451
Batch 200, Loss: 0.7874
Batch 300, Loss: 0.8160
Epoch 63 learning rate: 0.07745114089990661
Epoch 63 time: 236.28551387786865 seconds
Epoch 63 accuracy: 65.24%
Batch 100, Loss: 0.7543
Batch 200, Loss: 0.7782
Batch 300, Loss: 0.8207
Epoch 64 learning rate: 0.07679133974894985
Epoch 64 time: 236.37103033065796 seconds
Epoch 64 accuracy: 63.96%
Batch 100, Loss: 0.7435
Batch 200, Loss: 0.7739
Batch 300, Loss: 0.7972
Epoch 65 learning rate: 0.07612492823579746
Epoch 65 time: 236.36594080924988 seconds
Epoch 65 accuracy: 64.46%
Batch 100, Loss: 0.7162
Batch 200, Loss: 0.7653
Batch 300, Loss: 0.7955
Epoch 66 learning rate: 0.07545207078751859
Epoch 66 time: 236.2152614593506 seconds
Epoch 66 accuracy: 64.13%
Batch 100, Loss: 0.7202
Batch 200, Loss: 0.7579
Batch 300, Loss: 0.7940
Epoch 67 learning rate: 0.0747729334216204
Epoch 67 time: 236.335355758667 seconds
Epoch 67 accuracy: 66.05%
Batch 100, Loss: 0.7055
Batch 200, Loss: 0.7647
Batch 300, Loss: 0.7820
Epoch 68 learning rate: 0.07408768370508578
Epoch 68 time: 236.21485447883606 seconds
Epoch 68 accuracy: 65.59%
Batch 100, Loss: 0.6900
Batch 200, Loss: 0.7608
Batch 300, Loss: 0.7861
Epoch 69 learning rate: 0.0733964907130287
Epoch 69 time: 236.2876260280609 seconds
Epoch 69 accuracy: 64.24%
Batch 100, Loss: 0.6964
Batch 200, Loss: 0.7403
Batch 300, Loss: 0.7757
Epoch 70 learning rate: 0.07269952498697736
Epoch 70 time: 236.21063375473022 seconds
Epoch 70 accuracy: 63.91%
Batch 100, Loss: 0.6932
Batch 200, Loss: 0.7388
Batch 300, Loss: 0.7515
Epoch 71 learning rate: 0.07199695849279578
Epoch 71 time: 236.28634905815125 seconds
Epoch 71 accuracy: 62.89%
Batch 100, Loss: 0.6888
Batch 200, Loss: 0.7193
Batch 300, Loss: 0.7498
Epoch 72 learning rate: 0.07128896457825366
Epoch 72 time: 236.44477224349976 seconds
Epoch 72 accuracy: 63.84%
Batch 100, Loss: 0.6696
Batch 200, Loss: 0.7181
Batch 300, Loss: 0.7636
Epoch 73 learning rate: 0.07057571793025548
Epoch 73 time: 236.3508973121643 seconds
Epoch 73 accuracy: 63.41%
Batch 100, Loss: 0.6866
Batch 200, Loss: 0.7117
Batch 300, Loss: 0.7458
Epoch 74 learning rate: 0.06985739453173906
Epoch 74 time: 236.3371443748474 seconds
Epoch 74 accuracy: 65.9%
Batch 100, Loss: 0.6571
Batch 200, Loss: 0.7206
Batch 300, Loss: 0.7306
Epoch 75 learning rate: 0.06913417161825453
Epoch 75 time: 236.41363739967346 seconds
Epoch 75 accuracy: 64.4%
Batch 100, Loss: 0.6645
Batch 200, Loss: 0.7066
Batch 300, Loss: 0.7398
Epoch 76 learning rate: 0.06840622763423394
Epoch 76 time: 236.34154272079468 seconds
Epoch 76 accuracy: 65.71%
Batch 100, Loss: 0.6461
Batch 200, Loss: 0.7027
Batch 300, Loss: 0.7134
Epoch 77 learning rate: 0.0676737421889629
Epoch 77 time: 236.24388480186462 seconds
Epoch 77 accuracy: 66.47%
Batch 100, Loss: 0.6410
Batch 200, Loss: 0.6837
Batch 300, Loss: 0.7087
Epoch 78 learning rate: 0.06693689601226462
Epoch 78 time: 236.36097812652588 seconds
Epoch 78 accuracy: 65.7%
Batch 100, Loss: 0.6349
Batch 200, Loss: 0.6832
Batch 300, Loss: 0.7192
Epoch 79 learning rate: 0.06619587090990751
Epoch 79 time: 236.21711778640747 seconds
Epoch 79 accuracy: 61.79%
Batch 100, Loss: 0.6361
Batch 200, Loss: 0.6613
Batch 300, Loss: 0.7115
Epoch 80 learning rate: 0.06545084971874741
Epoch 80 time: 236.3559992313385 seconds
Epoch 80 accuracy: 65.42%
Batch 100, Loss: 0.6400
Batch 200, Loss: 0.6631
Batch 300, Loss: 0.6954
Epoch 81 learning rate: 0.06470201626161524
Epoch 81 time: 236.13061475753784 seconds
Epoch 81 accuracy: 67.48%
Batch 100, Loss: 0.6015
Batch 200, Loss: 0.6607
Batch 300, Loss: 0.6861
Epoch 82 learning rate: 0.06394955530196152
Epoch 82 time: 236.2229359149933 seconds
Epoch 82 accuracy: 65.48%
Batch 100, Loss: 0.6125
Batch 200, Loss: 0.6362
Batch 300, Loss: 0.6844
Epoch 83 learning rate: 0.06319365249826868
Epoch 83 time: 236.2973256111145 seconds
Epoch 83 accuracy: 65.39%
Batch 100, Loss: 0.5926
Batch 200, Loss: 0.6177
Batch 300, Loss: 0.6824
Epoch 84 learning rate: 0.06243449435824277
Epoch 84 time: 236.31586170196533 seconds
Epoch 84 accuracy: 65.65%
Batch 100, Loss: 0.6176
Batch 200, Loss: 0.6343
Batch 300, Loss: 0.6642
Epoch 85 learning rate: 0.06167226819279532
Epoch 85 time: 236.42466235160828 seconds
Epoch 85 accuracy: 67.57%
Batch 100, Loss: 0.5874
Batch 200, Loss: 0.6375
Batch 300, Loss: 0.6620
Epoch 86 learning rate: 0.06090716206982718
Epoch 86 time: 236.1712954044342 seconds
Epoch 86 accuracy: 68.61%
Batch 100, Loss: 0.5942
Batch 200, Loss: 0.6112
Batch 300, Loss: 0.6370
Epoch 87 learning rate: 0.06013936476782568
Epoch 87 time: 236.165141582489 seconds
Epoch 87 accuracy: 66.94%
Batch 100, Loss: 0.5827
Batch 200, Loss: 0.6140
Batch 300, Loss: 0.6527
Epoch 88 learning rate: 0.05936906572928629
Epoch 88 time: 236.40857100486755 seconds
Epoch 88 accuracy: 67.38%
Batch 100, Loss: 0.5547
Batch 200, Loss: 0.6038
Batch 300, Loss: 0.6293
Epoch 89 learning rate: 0.05859645501397052
Epoch 89 time: 236.29389595985413 seconds
Epoch 89 accuracy: 69.73%
Batch 100, Loss: 0.5630
Batch 200, Loss: 0.5997
Batch 300, Loss: 0.6171
Epoch 90 learning rate: 0.05782172325201159
Epoch 90 time: 236.31946921348572 seconds
Epoch 90 accuracy: 67.07%
Batch 100, Loss: 0.5600
Batch 200, Loss: 0.5902
Batch 300, Loss: 0.6136
Epoch 91 learning rate: 0.057045061596879186
Epoch 91 time: 236.14199709892273 seconds
Epoch 91 accuracy: 67.84%
Batch 100, Loss: 0.5456
Batch 200, Loss: 0.5767
Batch 300, Loss: 0.6125
Epoch 92 learning rate: 0.056266661678215264
Epoch 92 time: 236.43762707710266 seconds
Epoch 92 accuracy: 69.01%
Batch 100, Loss: 0.5315
Batch 200, Loss: 0.5661
Batch 300, Loss: 0.5970
Epoch 93 learning rate: 0.055486715554552306
Epoch 93 time: 236.32331013679504 seconds
Epoch 93 accuracy: 68.84%
Batch 100, Loss: 0.5218
Batch 200, Loss: 0.5646
Batch 300, Loss: 0.6116
Epoch 94 learning rate: 0.05470541566592575
Epoch 94 time: 236.13939547538757 seconds
Epoch 94 accuracy: 67.63%
Batch 100, Loss: 0.5173
Batch 200, Loss: 0.5703
Batch 300, Loss: 0.5971
Epoch 95 learning rate: 0.05392295478639229
Epoch 95 time: 236.28841304779053 seconds
Epoch 95 accuracy: 68.29%
Batch 100, Loss: 0.5150
Batch 200, Loss: 0.5448
Batch 300, Loss: 0.5841
Epoch 96 learning rate: 0.05313952597646571
Epoch 96 time: 236.40320825576782 seconds
Epoch 96 accuracy: 67.44%
Batch 100, Loss: 0.5123
Batch 200, Loss: 0.5357
Batch 300, Loss: 0.5779
Epoch 97 learning rate: 0.05235532253548216
Epoch 97 time: 236.2131848335266 seconds
Epoch 97 accuracy: 67.52%
Batch 100, Loss: 0.4924
Batch 200, Loss: 0.5271
Batch 300, Loss: 0.5549
Epoch 98 learning rate: 0.051570537953906447
Epoch 98 time: 236.36985969543457 seconds
Epoch 98 accuracy: 68.76%
Batch 100, Loss: 0.4817
Batch 200, Loss: 0.5220
Batch 300, Loss: 0.5469
Epoch 99 learning rate: 0.05078536586559106
Epoch 99 time: 236.37906575202942 seconds
Epoch 99 accuracy: 69.63%
Batch 100, Loss: 0.4735
Batch 200, Loss: 0.5068
Batch 300, Loss: 0.5594
Epoch 100 learning rate: 0.050000000000000024
Epoch 100 time: 236.22299647331238 seconds
Epoch 100 accuracy: 69.58%
Batch 100, Loss: 0.4824
Batch 200, Loss: 0.5145
Batch 300, Loss: 0.5380
Epoch 101 learning rate: 0.049214634134409
Epoch 101 time: 236.3178689479828 seconds
Epoch 101 accuracy: 68.79%
Batch 100, Loss: 0.4685
Batch 200, Loss: 0.4940
Batch 300, Loss: 0.5241
Epoch 102 learning rate: 0.04842946204609361
Epoch 102 time: 236.29820275306702 seconds
Epoch 102 accuracy: 68.54%
Batch 100, Loss: 0.4678
Batch 200, Loss: 0.4869
Batch 300, Loss: 0.5300
Epoch 103 learning rate: 0.04764467746451789
Epoch 103 time: 236.24767923355103 seconds
Epoch 103 accuracy: 69.47%
Batch 100, Loss: 0.4511
Batch 200, Loss: 0.4760
Batch 300, Loss: 0.5057
Epoch 104 learning rate: 0.046860474023534354
Epoch 104 time: 236.26675844192505 seconds
Epoch 104 accuracy: 69.25%
Batch 100, Loss: 0.4367
Batch 200, Loss: 0.4667
Batch 300, Loss: 0.5071
Epoch 105 learning rate: 0.04607704521360778
Epoch 105 time: 236.45352411270142 seconds
Epoch 105 accuracy: 68.69%
Batch 100, Loss: 0.4267
Batch 200, Loss: 0.4526
Batch 300, Loss: 0.4885
Epoch 106 learning rate: 0.04529458433407431
Epoch 106 time: 236.5313823223114 seconds
Epoch 106 accuracy: 70.26%
Batch 100, Loss: 0.4126
Batch 200, Loss: 0.4557
Batch 300, Loss: 0.4769
Epoch 107 learning rate: 0.04451328444544776
Epoch 107 time: 236.33229613304138 seconds
Epoch 107 accuracy: 68.45%
Batch 100, Loss: 0.4283
Batch 200, Loss: 0.4271
Batch 300, Loss: 0.4645
Epoch 108 learning rate: 0.04373333832178482
Epoch 108 time: 236.3582603931427 seconds
Epoch 108 accuracy: 68.96%
Batch 100, Loss: 0.4122
Batch 200, Loss: 0.4292
Batch 300, Loss: 0.4571
Epoch 109 learning rate: 0.0429549384031209
Epoch 109 time: 236.171977519989 seconds
Epoch 109 accuracy: 68.19%
Batch 100, Loss: 0.3926
Batch 200, Loss: 0.4269
Batch 300, Loss: 0.4592
Epoch 110 learning rate: 0.042178276747988484
Epoch 110 time: 236.37703108787537 seconds
Epoch 110 accuracy: 69.93%
Batch 100, Loss: 0.4038
Batch 200, Loss: 0.4138
Batch 300, Loss: 0.4549
Epoch 111 learning rate: 0.04140354498602954
Epoch 111 time: 236.3596043586731 seconds
Epoch 111 accuracy: 68.76%
Batch 100, Loss: 0.3805
Batch 200, Loss: 0.3972
Batch 300, Loss: 0.4275
Epoch 112 learning rate: 0.0406309342707138
Epoch 112 time: 236.27198314666748 seconds
Epoch 112 accuracy: 69.78%
Batch 100, Loss: 0.3718
Batch 200, Loss: 0.3931
Batch 300, Loss: 0.4015
Epoch 113 learning rate: 0.03986063523217441
Epoch 113 time: 236.18752527236938 seconds
Epoch 113 accuracy: 68.94%
Batch 100, Loss: 0.3748
Batch 200, Loss: 0.3886
Batch 300, Loss: 0.4094
Epoch 114 learning rate: 0.039092837930172916
Epoch 114 time: 236.4360158443451 seconds
Epoch 114 accuracy: 69.19%
Batch 100, Loss: 0.3685
Batch 200, Loss: 0.3708
Batch 300, Loss: 0.4034
Epoch 115 learning rate: 0.03832773180720475
Epoch 115 time: 236.20488357543945 seconds
Epoch 115 accuracy: 70.6%
Batch 100, Loss: 0.3454
Batch 200, Loss: 0.3708
Batch 300, Loss: 0.3943
Epoch 116 learning rate: 0.037565505641757285
Epoch 116 time: 236.371919631958 seconds
Epoch 116 accuracy: 70.91%
Batch 100, Loss: 0.3393
Batch 200, Loss: 0.3640
Batch 300, Loss: 0.3953
Epoch 117 learning rate: 0.03680634750173138
Epoch 117 time: 236.47861099243164 seconds
Epoch 117 accuracy: 71.64%
Batch 100, Loss: 0.3275
Batch 200, Loss: 0.3351
Batch 300, Loss: 0.3765
Epoch 118 learning rate: 0.036050444698038565
Epoch 118 time: 236.50214433670044 seconds
Epoch 118 accuracy: 69.51%
Batch 100, Loss: 0.3320
Batch 200, Loss: 0.3394
Batch 300, Loss: 0.3787
Epoch 119 learning rate: 0.03529798373838483
Epoch 119 time: 236.3259162902832 seconds
Epoch 119 accuracy: 71.65%
Batch 100, Loss: 0.3157
Batch 200, Loss: 0.3385
Batch 300, Loss: 0.3546
Epoch 120 learning rate: 0.03454915028125267
Epoch 120 time: 236.3324694633484 seconds
Epoch 120 accuracy: 71.09%
Batch 100, Loss: 0.3162
Batch 200, Loss: 0.3089
Batch 300, Loss: 0.3551
Epoch 121 learning rate: 0.03380412909009255
Epoch 121 time: 241.70263051986694 seconds
Epoch 121 accuracy: 70.8%
Batch 100, Loss: 0.3152
Batch 200, Loss: 0.3157
Batch 300, Loss: 0.3296
Epoch 122 learning rate: 0.03306310398773545
Epoch 122 time: 236.26427030563354 seconds
Epoch 122 accuracy: 71.24%
Batch 100, Loss: 0.3059
Batch 200, Loss: 0.3004
Batch 300, Loss: 0.3457
Epoch 123 learning rate: 0.03232625781103717
Epoch 123 time: 236.07652020454407 seconds
Epoch 123 accuracy: 71.03%
Batch 100, Loss: 0.2809
Batch 200, Loss: 0.2994
Batch 300, Loss: 0.3285
Epoch 124 learning rate: 0.03159377236576613
Epoch 124 time: 236.44049668312073 seconds
Epoch 124 accuracy: 71.78%
Batch 100, Loss: 0.2855
Batch 200, Loss: 0.2934
Batch 300, Loss: 0.3039
Epoch 125 learning rate: 0.030865828381745543
Epoch 125 time: 236.27319049835205 seconds
Epoch 125 accuracy: 72.58%
Batch 100, Loss: 0.2665
Batch 200, Loss: 0.2743
Batch 300, Loss: 0.2914
Epoch 126 learning rate: 0.03014260546826098
Epoch 126 time: 236.3405797481537 seconds
Epoch 126 accuracy: 72.03%
Batch 100, Loss: 0.2610
Batch 200, Loss: 0.2720
Batch 300, Loss: 0.3003
Epoch 127 learning rate: 0.02942428206974458
Epoch 127 time: 236.18892693519592 seconds
Epoch 127 accuracy: 71.36%
Batch 100, Loss: 0.2474
Batch 200, Loss: 0.2667
Batch 300, Loss: 0.2779
Epoch 128 learning rate: 0.028711035421746387
Epoch 128 time: 236.3413281440735 seconds
Epoch 128 accuracy: 72.25%
Batch 100, Loss: 0.2498
Batch 200, Loss: 0.2468
Batch 300, Loss: 0.2705
Epoch 129 learning rate: 0.02800304150720426
Epoch 129 time: 236.1266884803772 seconds
Epoch 129 accuracy: 72.26%
Batch 100, Loss: 0.2371
Batch 200, Loss: 0.2362
Batch 300, Loss: 0.2566
Epoch 130 learning rate: 0.02730047501302268
Epoch 130 time: 236.37928295135498 seconds
Epoch 130 accuracy: 73.3%
Batch 100, Loss: 0.2305
Batch 200, Loss: 0.2458
Batch 300, Loss: 0.2587
Epoch 131 learning rate: 0.026603509286971357
Epoch 131 time: 236.27139043807983 seconds
Epoch 131 accuracy: 73.0%
Batch 100, Loss: 0.2226
Batch 200, Loss: 0.2225
Batch 300, Loss: 0.2466
Epoch 132 learning rate: 0.025912316294914244
Epoch 132 time: 236.45451426506042 seconds
Epoch 132 accuracy: 72.73%
Batch 100, Loss: 0.2284
Batch 200, Loss: 0.2227
Batch 300, Loss: 0.2389
Epoch 133 learning rate: 0.025227066578379632
Epoch 133 time: 236.20525598526 seconds
Epoch 133 accuracy: 73.08%
Batch 100, Loss: 0.2074
Batch 200, Loss: 0.2252
Batch 300, Loss: 0.2337
Epoch 134 learning rate: 0.024547929212481445
Epoch 134 time: 236.36940836906433 seconds
Epoch 134 accuracy: 73.66%
Batch 100, Loss: 0.2130
Batch 200, Loss: 0.2200
Batch 300, Loss: 0.2261
Epoch 135 learning rate: 0.02387507176420257
Epoch 135 time: 236.22099590301514 seconds
Epoch 135 accuracy: 73.37%
Batch 100, Loss: 0.2028
Batch 200, Loss: 0.2032
Batch 300, Loss: 0.2187
Epoch 136 learning rate: 0.023208660251050166
Epoch 136 time: 236.05631113052368 seconds
Epoch 136 accuracy: 73.79%
Batch 100, Loss: 0.1856
Batch 200, Loss: 0.1989
Batch 300, Loss: 0.2059
Epoch 137 learning rate: 0.022548859100093414
Epoch 137 time: 236.0872745513916 seconds
Epoch 137 accuracy: 73.73%
Batch 100, Loss: 0.1808
Batch 200, Loss: 0.1943
Batch 300, Loss: 0.1998
Epoch 138 learning rate: 0.021895831107393474
Epoch 138 time: 236.31087255477905 seconds
Epoch 138 accuracy: 73.94%
Batch 100, Loss: 0.1805
Batch 200, Loss: 0.1709
Batch 300, Loss: 0.1839
Epoch 139 learning rate: 0.02124973739783608
Epoch 139 time: 236.34691262245178 seconds
Epoch 139 accuracy: 73.95%
Batch 100, Loss: 0.1725
Batch 200, Loss: 0.1659
Batch 300, Loss: 0.1814
Epoch 140 learning rate: 0.02061073738537636
Epoch 140 time: 236.34799551963806 seconds
Epoch 140 accuracy: 73.81%
Batch 100, Loss: 0.1554
Batch 200, Loss: 0.1639
Batch 300, Loss: 0.1797
Epoch 141 learning rate: 0.019978988733705814
Epoch 141 time: 236.27866888046265 seconds
Epoch 141 accuracy: 74.68%
Batch 100, Loss: 0.1569
Batch 200, Loss: 0.1560
Batch 300, Loss: 0.1683
Epoch 142 learning rate: 0.01935464731735118
Epoch 142 time: 236.21673583984375 seconds
Epoch 142 accuracy: 74.74%
Batch 100, Loss: 0.1478
Batch 200, Loss: 0.1492
Batch 300, Loss: 0.1552
Epoch 143 learning rate: 0.018737867183214747
Epoch 143 time: 236.21385312080383 seconds
Epoch 143 accuracy: 74.62%
Batch 100, Loss: 0.1446
Batch 200, Loss: 0.1398
Batch 300, Loss: 0.1561
Epoch 144 learning rate: 0.01812880051256552
Epoch 144 time: 236.33722376823425 seconds
Epoch 144 accuracy: 74.37%
Batch 100, Loss: 0.1372
Batch 200, Loss: 0.1398
Batch 300, Loss: 0.1441
Epoch 145 learning rate: 0.017527597583490827
Epoch 145 time: 236.32094311714172 seconds
Epoch 145 accuracy: 75.52%
Batch 100, Loss: 0.1313
Batch 200, Loss: 0.1297
Batch 300, Loss: 0.1372
Epoch 146 learning rate: 0.01693440673381742
Epoch 146 time: 236.28380298614502 seconds
Epoch 146 accuracy: 75.48%
Batch 100, Loss: 0.1218
Batch 200, Loss: 0.1255
Batch 300, Loss: 0.1343
Epoch 147 learning rate: 0.016349374324511334
Epoch 147 time: 236.4074330329895 seconds
Epoch 147 accuracy: 75.63%
Batch 100, Loss: 0.1244
Batch 200, Loss: 0.1229
Batch 300, Loss: 0.1277
Epoch 148 learning rate: 0.01577264470356557
Epoch 148 time: 236.28249263763428 seconds
Epoch 148 accuracy: 75.49%
Batch 100, Loss: 0.1150
Batch 200, Loss: 0.1230
Batch 300, Loss: 0.1181
Epoch 149 learning rate: 0.01520436017038429
Epoch 149 time: 236.4609432220459 seconds
Epoch 149 accuracy: 76.33%
Batch 100, Loss: 0.1131
Batch 200, Loss: 0.1138
Batch 300, Loss: 0.1230
Epoch 150 learning rate: 0.014644660940672632
Epoch 150 time: 236.22794103622437 seconds
Epoch 150 accuracy: 76.31%
Batch 100, Loss: 0.1061
Batch 200, Loss: 0.1043
Batch 300, Loss: 0.1117
Epoch 151 learning rate: 0.01409368511184057
Epoch 151 time: 236.25110363960266 seconds
Epoch 151 accuracy: 76.72%
Batch 100, Loss: 0.0958
Batch 200, Loss: 0.1034
Batch 300, Loss: 0.1070
Epoch 152 learning rate: 0.013551568628929438
Epoch 152 time: 236.30907726287842 seconds
Epoch 152 accuracy: 76.53%
Batch 100, Loss: 0.0955
Batch 200, Loss: 0.0903
Batch 300, Loss: 0.0967
Epoch 153 learning rate: 0.013018445251069516
Epoch 153 time: 236.23817372322083 seconds
Epoch 153 accuracy: 76.85%
Batch 100, Loss: 0.0859
Batch 200, Loss: 0.0910
Batch 300, Loss: 0.0930
Epoch 154 learning rate: 0.012494446518477026
Epoch 154 time: 236.19243001937866 seconds
Epoch 154 accuracy: 76.71%
Batch 100, Loss: 0.0901
Batch 200, Loss: 0.0912
Batch 300, Loss: 0.0909
Epoch 155 learning rate: 0.011979701719998459
Epoch 155 time: 236.11435723304749 seconds
Epoch 155 accuracy: 77.6%
Batch 100, Loss: 0.0836
Batch 200, Loss: 0.0840
Batch 300, Loss: 0.0857
Epoch 156 learning rate: 0.011474337861210548
Epoch 156 time: 236.42201280593872 seconds
Epoch 156 accuracy: 76.97%
Batch 100, Loss: 0.0827
Batch 200, Loss: 0.0807
Batch 300, Loss: 0.0818
Epoch 157 learning rate: 0.010978479633083526
Epoch 157 time: 236.391259431839 seconds
Epoch 157 accuracy: 77.2%
Batch 100, Loss: 0.0751
Batch 200, Loss: 0.0726
Batch 300, Loss: 0.0765
Epoch 158 learning rate: 0.010492249381215483
Epoch 158 time: 236.38376712799072 seconds
Epoch 158 accuracy: 77.86%
Batch 100, Loss: 0.0711
Batch 200, Loss: 0.0746
Batch 300, Loss: 0.0737
Epoch 159 learning rate: 0.010015767075645474
Epoch 159 time: 236.17289328575134 seconds
Epoch 159 accuracy: 77.22%
Batch 100, Loss: 0.0674
Batch 200, Loss: 0.0705
Batch 300, Loss: 0.0709
Epoch 160 learning rate: 0.009549150281252637
Epoch 160 time: 236.3061501979828 seconds
Epoch 160 accuracy: 77.2%
Batch 100, Loss: 0.0660
Batch 200, Loss: 0.0636
Batch 300, Loss: 0.0699
Epoch 161 learning rate: 0.00909251412874884
Epoch 161 time: 236.4199206829071 seconds
Epoch 161 accuracy: 78.19%
Batch 100, Loss: 0.0620
Batch 200, Loss: 0.0621
Batch 300, Loss: 0.0659
Epoch 162 learning rate: 0.008645971286271918
Epoch 162 time: 236.19157028198242 seconds
Epoch 162 accuracy: 78.46%
Batch 100, Loss: 0.0602
Batch 200, Loss: 0.0594
Batch 300, Loss: 0.0616
Epoch 163 learning rate: 0.008209631931586501
Epoch 163 time: 236.29329180717468 seconds
Epoch 163 accuracy: 78.36%
Batch 100, Loss: 0.0562
Batch 200, Loss: 0.0570
Batch 300, Loss: 0.0602
Epoch 164 learning rate: 0.0077836037248992605
Epoch 164 time: 236.340149641037 seconds
Epoch 164 accuracy: 78.5%
Batch 100, Loss: 0.0548
Batch 200, Loss: 0.0545
Batch 300, Loss: 0.0544
Epoch 165 learning rate: 0.0073679917822954055
Epoch 165 time: 236.33952116966248 seconds
Epoch 165 accuracy: 78.45%
Batch 100, Loss: 0.0525
Batch 200, Loss: 0.0552
Batch 300, Loss: 0.0537
Epoch 166 learning rate: 0.006962898649802815
Epoch 166 time: 236.27044653892517 seconds
Epoch 166 accuracy: 78.56%
Batch 100, Loss: 0.0511
Batch 200, Loss: 0.0511
Batch 300, Loss: 0.0530
Epoch 167 learning rate: 0.006568424278090438
Epoch 167 time: 236.26162910461426 seconds
Epoch 167 accuracy: 78.93%
Batch 100, Loss: 0.0513
Batch 200, Loss: 0.0481
Batch 300, Loss: 0.0493
Epoch 168 learning rate: 0.006184665997806824
Epoch 168 time: 236.3568606376648 seconds
Epoch 168 accuracy: 79.13%
Batch 100, Loss: 0.0467
Batch 200, Loss: 0.0479
Batch 300, Loss: 0.0475
Epoch 169 learning rate: 0.00581171849556533
Epoch 169 time: 236.3059093952179 seconds
Epoch 169 accuracy: 78.94%
Batch 100, Loss: 0.0450
Batch 200, Loss: 0.0445
Batch 300, Loss: 0.0468
Epoch 170 learning rate: 0.0054496737905816136
Epoch 170 time: 236.08859825134277 seconds
Epoch 170 accuracy: 78.92%
Batch 100, Loss: 0.0433
Batch 200, Loss: 0.0428
Batch 300, Loss: 0.0432
Epoch 171 learning rate: 0.005098621211969226
Epoch 171 time: 236.38908410072327 seconds
Epoch 171 accuracy: 79.15%
Batch 100, Loss: 0.0425
Batch 200, Loss: 0.0420
Batch 300, Loss: 0.0426
Epoch 172 learning rate: 0.004758647376699035
Epoch 172 time: 236.46119952201843 seconds
Epoch 172 accuracy: 79.46%
Batch 100, Loss: 0.0411
Batch 200, Loss: 0.0419
Batch 300, Loss: 0.0428
Epoch 173 learning rate: 0.00442983616822775
Epoch 173 time: 236.45874500274658 seconds
Epoch 173 accuracy: 79.46%
Batch 100, Loss: 0.0402
Batch 200, Loss: 0.0399
Batch 300, Loss: 0.0409
Epoch 174 learning rate: 0.004112268715800957
Epoch 174 time: 236.00917053222656 seconds
Epoch 174 accuracy: 79.24%
Batch 100, Loss: 0.0396
Batch 200, Loss: 0.0399
Batch 300, Loss: 0.0379
Epoch 175 learning rate: 0.003806023374435677
Epoch 175 time: 236.2615385055542 seconds
Epoch 175 accuracy: 79.73%
Batch 100, Loss: 0.0365
Batch 200, Loss: 0.0378
Batch 300, Loss: 0.0373
Epoch 176 learning rate: 0.003511175705587435
Epoch 176 time: 236.25253248214722 seconds
Epoch 176 accuracy: 79.43%
Batch 100, Loss: 0.0365
Batch 200, Loss: 0.0356
Batch 300, Loss: 0.0375
Epoch 177 learning rate: 0.0032277984585066333
Epoch 177 time: 236.31669688224792 seconds
Epoch 177 accuracy: 79.92%
Batch 100, Loss: 0.0357
Batch 200, Loss: 0.0362
Batch 300, Loss: 0.0368
Epoch 178 learning rate: 0.002955961552288729
Epoch 178 time: 236.15312719345093 seconds
Epoch 178 accuracy: 79.6%
Batch 100, Loss: 0.0342
Batch 200, Loss: 0.0349
Batch 300, Loss: 0.0358
Epoch 179 learning rate: 0.0026957320586227366
Epoch 179 time: 236.41618657112122 seconds
Epoch 179 accuracy: 79.65%
Batch 100, Loss: 0.0343
Batch 200, Loss: 0.0345
Batch 300, Loss: 0.0341
Epoch 180 learning rate: 0.002447174185242325
Epoch 180 time: 236.31318402290344 seconds
Epoch 180 accuracy: 79.97%
Batch 100, Loss: 0.0331
Batch 200, Loss: 0.0335
Batch 300, Loss: 0.0348
Epoch 181 learning rate: 0.0022103492600834954
Epoch 181 time: 236.33449912071228 seconds
Epoch 181 accuracy: 79.67%
Batch 100, Loss: 0.0327
Batch 200, Loss: 0.0311
Batch 300, Loss: 0.0333
Epoch 182 learning rate: 0.0019853157161528537
Epoch 182 time: 236.44298386573792 seconds
Epoch 182 accuracy: 79.92%
Batch 100, Loss: 0.0310
Batch 200, Loss: 0.0323
Batch 300, Loss: 0.0324
Epoch 183 learning rate: 0.001772129077110103
Epoch 183 time: 236.16980147361755 seconds
Epoch 183 accuracy: 80.4%
Batch 100, Loss: 0.0304
Batch 200, Loss: 0.0314
Batch 300, Loss: 0.0321
Epoch 184 learning rate: 0.0015708419435684529
Epoch 184 time: 236.24497771263123 seconds
Epoch 184 accuracy: 79.86%
Batch 100, Loss: 0.0306
Batch 200, Loss: 0.0306
Batch 300, Loss: 0.0304
Epoch 185 learning rate: 0.0013815039801161732
Epoch 185 time: 236.2663757801056 seconds
Epoch 185 accuracy: 80.02%
Batch 100, Loss: 0.0293
Batch 200, Loss: 0.0297
Batch 300, Loss: 0.0290
Epoch 186 learning rate: 0.0012041619030626347
Epoch 186 time: 236.41783809661865 seconds
Epoch 186 accuracy: 80.01%
Batch 100, Loss: 0.0300
Batch 200, Loss: 0.0300
Batch 300, Loss: 0.0302
Epoch 187 learning rate: 0.0010388594689117077
Epoch 187 time: 236.5248966217041 seconds
Epoch 187 accuracy: 79.9%
Batch 100, Loss: 0.0298
Batch 200, Loss: 0.0288
Batch 300, Loss: 0.0300
Epoch 188 learning rate: 0.0008856374635655645
Epoch 188 time: 236.3089520931244 seconds
Epoch 188 accuracy: 80.26%
Batch 100, Loss: 0.0297
Batch 200, Loss: 0.0291
Batch 300, Loss: 0.0291
Epoch 189 learning rate: 0.000744533692261307
Epoch 189 time: 236.20854139328003 seconds
Epoch 189 accuracy: 80.32%
Batch 100, Loss: 0.0293
Batch 200, Loss: 0.0287
Batch 300, Loss: 0.0292
Epoch 190 learning rate: 0.0006155829702431174
Epoch 190 time: 236.11592626571655 seconds
Epoch 190 accuracy: 80.32%
Batch 100, Loss: 0.0290
Batch 200, Loss: 0.0282
Batch 300, Loss: 0.0281
Epoch 191 learning rate: 0.0004988171141721235
Epoch 191 time: 236.3407871723175 seconds
Epoch 191 accuracy: 80.38%
Batch 100, Loss: 0.0278
Batch 200, Loss: 0.0289
Batch 300, Loss: 0.0285
Epoch 192 learning rate: 0.00039426493427611206
Epoch 192 time: 236.37414836883545 seconds
Epoch 192 accuracy: 80.2%
Batch 100, Loss: 0.0279
Batch 200, Loss: 0.0285
Batch 300, Loss: 0.0279
Epoch 193 learning rate: 0.00030195222724102046
Epoch 193 time: 236.43278813362122 seconds
Epoch 193 accuracy: 80.18%
Batch 100, Loss: 0.0280
Batch 200, Loss: 0.0283
Batch 300, Loss: 0.0287
Epoch 194 learning rate: 0.00022190176984600036
Epoch 194 time: 236.30193638801575 seconds
Epoch 194 accuracy: 80.21%
Batch 100, Loss: 0.0282
Batch 200, Loss: 0.0280
Batch 300, Loss: 0.0281
Epoch 195 learning rate: 0.00015413331334360192
Epoch 195 time: 236.28015732765198 seconds
Epoch 195 accuracy: 80.32%
Batch 100, Loss: 0.0287
Batch 200, Loss: 0.0280
Batch 300, Loss: 0.0282
Epoch 196 learning rate: 9.866357858642213e-05
Epoch 196 time: 236.21184420585632 seconds
Epoch 196 accuracy: 80.32%
Batch 100, Loss: 0.0282
Batch 200, Loss: 0.0274
Batch 300, Loss: 0.0281
Epoch 197 learning rate: 5.5506251901504864e-05
Epoch 197 time: 236.19584369659424 seconds
Epoch 197 accuracy: 80.23%
Batch 100, Loss: 0.0276
Batch 200, Loss: 0.0272
Batch 300, Loss: 0.0289
Epoch 198 learning rate: 2.4671981713420017e-05
Epoch 198 time: 236.31112456321716 seconds
Epoch 198 accuracy: 80.48%
Batch 100, Loss: 0.0278
Batch 200, Loss: 0.0279
Batch 300, Loss: 0.0280
Epoch 199 learning rate: 6.168375916970619e-06
Epoch 199 time: 236.38303089141846 seconds
Epoch 199 accuracy: 80.25%
Batch 100, Loss: 0.0270
Batch 200, Loss: 0.0277
Batch 300, Loss: 0.0272
Epoch 200 learning rate: 0.0
Epoch 200 time: 236.2875702381134 seconds
Epoch 200 accuracy: 80.21%
Total training time: 47274.874841213226 seconds
