The following modules were not unloaded:
  (Use "module --force purge" to unload all):

  1) CCconfig        6)  ucx/1.14.1         11) flexiblas/3.3.1
  2) gentoo/2023     7)  libfabric/1.18.0   12) imkl/2023.2.0
  3) gcccore/.12.3   8)  pmix/4.2.4         13) StdEnv/2023
  4) gcc/12.3        9)  ucc/1.2.0
  5) hwloc/2.9.1     10) openmpi/4.1.5
/project/6070520/tkleinkn/Vanilla-GAM/main_cifar.py:187: UserWarning: You have chosen a specific GPU. This will completely disable data parallelism.
  warnings.warn('You have chosen a specific GPU. This will completely '
model name space ['resnet101_c', 'resnet152_c', 'resnet18_c', 'resnet34_c', 'resnet50_c']
Use GPU: 0 for training
=> creating model 'resnet18_c'
Files already downloaded and verified
Files already downloaded and verified
tensorboard dir ./results/CIFAR100/GAMNonAccelerated
Using non-accelerated GAM
/home/tkleinkn/GAMtest/lib/python3.11/site-packages/torch/autograd/graph.py:744: UserWarning: Using backward() with create_graph=True will create a reference cycle between the parameter and its gradient which can cause a memory leak. We recommend using autograd.grad when creating the graph to avoid this. If you have to use this function, make sure to reset the .grad fields of your parameters to None after use to break the cycle and avoid the leak. (Triggered internally at /home/coulombc/wheels_builder/tmp.2617/python-3.11/torch/torch/csrc/autograd/engine.cpp:1203.)
  return Variable._execution_engine.run_backward(  # Calls into the C++ engine to run the backward pass
Batch 100, Loss: 3.6700
Batch 200, Loss: 3.2729
Batch 300, Loss: 3.1573
Epoch 1 learning rate: 0.09999383162408304
Epoch 1 time: 245.49203824996948 seconds
Epoch 1 accuracy: 14.82%
Batch 100, Loss: 2.9571
Batch 200, Loss: 2.8334
Batch 300, Loss: 2.7455
Epoch 2 learning rate: 0.09997532801828658
Epoch 2 time: 236.51938652992249 seconds
Epoch 2 accuracy: 24.06%
Batch 100, Loss: 2.5585
Batch 200, Loss: 2.4860
Batch 300, Loss: 2.3760
Epoch 3 learning rate: 0.09994449374809851
Epoch 3 time: 236.40118145942688 seconds
Epoch 3 accuracy: 29.58%
Batch 100, Loss: 2.1751
Batch 200, Loss: 2.1063
Batch 300, Loss: 2.0556
Epoch 4 learning rate: 0.09990133642141359
Epoch 4 time: 236.21956825256348 seconds
Epoch 4 accuracy: 37.78%
Batch 100, Loss: 1.8820
Batch 200, Loss: 1.8287
Batch 300, Loss: 1.7846
Epoch 5 learning rate: 0.09984586668665642
Epoch 5 time: 236.24248600006104 seconds
Epoch 5 accuracy: 44.35%
Batch 100, Loss: 1.6503
Batch 200, Loss: 1.6741
Batch 300, Loss: 1.6120
Epoch 6 learning rate: 0.09977809823015402
Epoch 6 time: 236.21033596992493 seconds
Epoch 6 accuracy: 46.37%
Batch 100, Loss: 1.5133
Batch 200, Loss: 1.5110
Batch 300, Loss: 1.4897
Epoch 7 learning rate: 0.09969804777275901
Epoch 7 time: 236.188711643219 seconds
Epoch 7 accuracy: 46.98%
Batch 100, Loss: 1.4192
Batch 200, Loss: 1.4268
Batch 300, Loss: 1.4094
Epoch 8 learning rate: 0.09960573506572391
Epoch 8 time: 236.03401112556458 seconds
Epoch 8 accuracy: 53.69%
Batch 100, Loss: 1.3337
Batch 200, Loss: 1.3311
Batch 300, Loss: 1.3697
Epoch 9 learning rate: 0.09950118288582789
Epoch 9 time: 236.16333961486816 seconds
Epoch 9 accuracy: 51.34%
Batch 100, Loss: 1.2828
Batch 200, Loss: 1.3102
Batch 300, Loss: 1.2918
Epoch 10 learning rate: 0.09938441702975691
Epoch 10 time: 236.052885055542 seconds
Epoch 10 accuracy: 52.02%
Batch 100, Loss: 1.2322
Batch 200, Loss: 1.2391
Batch 300, Loss: 1.2463
Epoch 11 learning rate: 0.09925546630773871
Epoch 11 time: 236.0719654560089 seconds
Epoch 11 accuracy: 54.24%
Batch 100, Loss: 1.1650
Batch 200, Loss: 1.1940
Batch 300, Loss: 1.2264
Epoch 12 learning rate: 0.09911436253643445
Epoch 12 time: 236.077223777771 seconds
Epoch 12 accuracy: 54.01%
Batch 100, Loss: 1.1306
Batch 200, Loss: 1.1670
Batch 300, Loss: 1.1835
Epoch 13 learning rate: 0.0989611405310883
Epoch 13 time: 236.07026863098145 seconds
Epoch 13 accuracy: 54.31%
Batch 100, Loss: 1.1103
Batch 200, Loss: 1.1189
Batch 300, Loss: 1.1507
Epoch 14 learning rate: 0.09879583809693739
Epoch 14 time: 236.14933443069458 seconds
Epoch 14 accuracy: 54.27%
Batch 100, Loss: 1.0987
Batch 200, Loss: 1.1223
Batch 300, Loss: 1.1298
Epoch 15 learning rate: 0.09861849601988384
Epoch 15 time: 236.13829898834229 seconds
Epoch 15 accuracy: 58.31%
Batch 100, Loss: 1.0392
Batch 200, Loss: 1.0928
Batch 300, Loss: 1.1240
Epoch 16 learning rate: 0.09842915805643157
Epoch 16 time: 236.15656113624573 seconds
Epoch 16 accuracy: 56.28%
Batch 100, Loss: 1.0284
Batch 200, Loss: 1.0620
Batch 300, Loss: 1.0825
Epoch 17 learning rate: 0.09822787092288993
Epoch 17 time: 236.0959596633911 seconds
Epoch 17 accuracy: 57.59%
Batch 100, Loss: 1.0109
Batch 200, Loss: 1.0354
Batch 300, Loss: 1.0741
Epoch 18 learning rate: 0.09801468428384717
Epoch 18 time: 236.16306042671204 seconds
Epoch 18 accuracy: 60.24%
Batch 100, Loss: 0.9915
Batch 200, Loss: 1.0143
Batch 300, Loss: 1.0547
Epoch 19 learning rate: 0.09778965073991652
Epoch 19 time: 236.11715245246887 seconds
Epoch 19 accuracy: 59.05%
Batch 100, Loss: 0.9762
Batch 200, Loss: 1.0228
Batch 300, Loss: 1.0173
Epoch 20 learning rate: 0.0975528258147577
Epoch 20 time: 236.22948002815247 seconds
Epoch 20 accuracy: 58.47%
Batch 100, Loss: 0.9561
Batch 200, Loss: 0.9991
Batch 300, Loss: 1.0190
Epoch 21 learning rate: 0.09730426794137728
Epoch 21 time: 236.13704800605774 seconds
Epoch 21 accuracy: 61.02%
Batch 100, Loss: 0.9463
Batch 200, Loss: 0.9688
Batch 300, Loss: 1.0199
Epoch 22 learning rate: 0.09704403844771128
Epoch 22 time: 236.23945116996765 seconds
Epoch 22 accuracy: 60.65%
Batch 100, Loss: 0.9151
Batch 200, Loss: 0.9587
Batch 300, Loss: 0.9933
Epoch 23 learning rate: 0.09677220154149338
Epoch 23 time: 236.09899020195007 seconds
Epoch 23 accuracy: 60.25%
Batch 100, Loss: 0.9108
Batch 200, Loss: 0.9635
Batch 300, Loss: 0.9748
Epoch 24 learning rate: 0.09648882429441258
Epoch 24 time: 236.25580024719238 seconds
Epoch 24 accuracy: 61.68%
Batch 100, Loss: 0.8830
Batch 200, Loss: 0.9748
Batch 300, Loss: 0.9677
Epoch 25 learning rate: 0.09619397662556435
Epoch 25 time: 236.1159918308258 seconds
Epoch 25 accuracy: 60.19%
Batch 100, Loss: 0.8826
Batch 200, Loss: 0.9490
Batch 300, Loss: 0.9629
Epoch 26 learning rate: 0.09588773128419906
Epoch 26 time: 236.17954349517822 seconds
Epoch 26 accuracy: 61.18%
Batch 100, Loss: 0.8895
Batch 200, Loss: 0.9220
Batch 300, Loss: 0.9597
Epoch 27 learning rate: 0.09557016383177226
Epoch 27 time: 236.06109642982483 seconds
Epoch 27 accuracy: 56.97%
Batch 100, Loss: 0.8819
Batch 200, Loss: 0.9224
Batch 300, Loss: 0.9270
Epoch 28 learning rate: 0.09524135262330098
Epoch 28 time: 236.0304958820343 seconds
Epoch 28 accuracy: 63.11%
Batch 100, Loss: 0.8531
Batch 200, Loss: 0.9004
Batch 300, Loss: 0.9610
Epoch 29 learning rate: 0.09490137878803079
Epoch 29 time: 236.12667202949524 seconds
Epoch 29 accuracy: 61.17%
Batch 100, Loss: 0.8503
Batch 200, Loss: 0.9002
Batch 300, Loss: 0.9384
Epoch 30 learning rate: 0.0945503262094184
Epoch 30 time: 236.18297910690308 seconds
Epoch 30 accuracy: 62.01%
Batch 100, Loss: 0.8401
Batch 200, Loss: 0.8973
Batch 300, Loss: 0.9265
Epoch 31 learning rate: 0.0941882815044347
Epoch 31 time: 236.0919966697693 seconds
Epoch 31 accuracy: 61.39%
Batch 100, Loss: 0.8368
Batch 200, Loss: 0.8823
Batch 300, Loss: 0.8980
Epoch 32 learning rate: 0.09381533400219319
Epoch 32 time: 236.12078857421875 seconds
Epoch 32 accuracy: 61.92%
Batch 100, Loss: 0.8320
Batch 200, Loss: 0.8790
Batch 300, Loss: 0.8950
Epoch 33 learning rate: 0.09343157572190958
Epoch 33 time: 236.1194348335266 seconds
Epoch 33 accuracy: 59.58%
Batch 100, Loss: 0.8277
Batch 200, Loss: 0.8733
Batch 300, Loss: 0.8891
Epoch 34 learning rate: 0.0930371013501972
Epoch 34 time: 236.16308689117432 seconds
Epoch 34 accuracy: 60.63%
Batch 100, Loss: 0.8128
Batch 200, Loss: 0.8603
Batch 300, Loss: 0.8916
Epoch 35 learning rate: 0.09263200821770463
Epoch 35 time: 236.1208851337433 seconds
Epoch 35 accuracy: 58.94%
Batch 100, Loss: 0.8168
Batch 200, Loss: 0.8499
Batch 300, Loss: 0.8827
Epoch 36 learning rate: 0.09221639627510078
Epoch 36 time: 236.0941982269287 seconds
Epoch 36 accuracy: 61.74%
Batch 100, Loss: 0.8065
Batch 200, Loss: 0.8441
Batch 300, Loss: 0.8835
Epoch 37 learning rate: 0.09179036806841355
Epoch 37 time: 236.1511881351471 seconds
Epoch 37 accuracy: 62.58%
Batch 100, Loss: 0.7944
Batch 200, Loss: 0.8197
Batch 300, Loss: 0.8624
Epoch 38 learning rate: 0.09135402871372812
Epoch 38 time: 236.1758439540863 seconds
Epoch 38 accuracy: 63.48%
Batch 100, Loss: 0.7682
Batch 200, Loss: 0.8381
Batch 300, Loss: 0.8463
Epoch 39 learning rate: 0.0909074858712512
Epoch 39 time: 236.28133869171143 seconds
Epoch 39 accuracy: 62.79%
Batch 100, Loss: 0.7732
Batch 200, Loss: 0.8271
Batch 300, Loss: 0.8501
Epoch 40 learning rate: 0.09045084971874741
Epoch 40 time: 236.11160278320312 seconds
Epoch 40 accuracy: 64.53%
Batch 100, Loss: 0.7722
Batch 200, Loss: 0.8180
Batch 300, Loss: 0.8622
Epoch 41 learning rate: 0.08998423292435458
Epoch 41 time: 236.1884696483612 seconds
Epoch 41 accuracy: 62.51%
Batch 100, Loss: 0.7802
Batch 200, Loss: 0.8198
Batch 300, Loss: 0.8556
Epoch 42 learning rate: 0.08950775061878455
Epoch 42 time: 236.1309311389923 seconds
Epoch 42 accuracy: 64.33%
Batch 100, Loss: 0.7600
Batch 200, Loss: 0.7877
Batch 300, Loss: 0.8372
Epoch 43 learning rate: 0.08902152036691653
Epoch 43 time: 236.06368041038513 seconds
Epoch 43 accuracy: 63.45%
Batch 100, Loss: 0.7424
Batch 200, Loss: 0.7961
Batch 300, Loss: 0.8440
Epoch 44 learning rate: 0.08852566213878951
Epoch 44 time: 236.12806463241577 seconds
Epoch 44 accuracy: 64.69%
Batch 100, Loss: 0.7547
Batch 200, Loss: 0.8001
Batch 300, Loss: 0.8119
Epoch 45 learning rate: 0.0880202982800016
Epoch 45 time: 236.15705013275146 seconds
Epoch 45 accuracy: 61.54%
Batch 100, Loss: 0.7544
Batch 200, Loss: 0.7780
Batch 300, Loss: 0.8238
Epoch 46 learning rate: 0.08750555348152303
Epoch 46 time: 236.14516973495483 seconds
Epoch 46 accuracy: 63.58%
Batch 100, Loss: 0.7298
Batch 200, Loss: 0.7897
Batch 300, Loss: 0.7947
Epoch 47 learning rate: 0.08698155474893052
Epoch 47 time: 236.11127853393555 seconds
Epoch 47 accuracy: 62.37%
Batch 100, Loss: 0.7414
Batch 200, Loss: 0.7770
Batch 300, Loss: 0.7929
Epoch 48 learning rate: 0.08644843137107061
Epoch 48 time: 236.1538519859314 seconds
Epoch 48 accuracy: 64.2%
Batch 100, Loss: 0.7305
Batch 200, Loss: 0.7599
Batch 300, Loss: 0.8053
Epoch 49 learning rate: 0.08590631488815947
Epoch 49 time: 236.1165735721588 seconds
Epoch 49 accuracy: 63.63%
Batch 100, Loss: 0.7269
Batch 200, Loss: 0.7602
Batch 300, Loss: 0.7871
Epoch 50 learning rate: 0.0853553390593274
Epoch 50 time: 236.06639528274536 seconds
Epoch 50 accuracy: 63.17%
Batch 100, Loss: 0.7087
Batch 200, Loss: 0.7457
Batch 300, Loss: 0.7958
Epoch 51 learning rate: 0.08479563982961574
Epoch 51 time: 236.11152243614197 seconds
Epoch 51 accuracy: 62.13%
Batch 100, Loss: 0.7120
Batch 200, Loss: 0.7332
Batch 300, Loss: 0.7845
Epoch 52 learning rate: 0.08422735529643446
Epoch 52 time: 236.10096883773804 seconds
Epoch 52 accuracy: 64.88%
Batch 100, Loss: 0.6890
Batch 200, Loss: 0.7474
Batch 300, Loss: 0.8001
Epoch 53 learning rate: 0.08365062567548869
Epoch 53 time: 236.20266461372375 seconds
Epoch 53 accuracy: 64.88%
Batch 100, Loss: 0.6727
Batch 200, Loss: 0.7288
Batch 300, Loss: 0.7759
Epoch 54 learning rate: 0.08306559326618261
Epoch 54 time: 236.15136766433716 seconds
Epoch 54 accuracy: 64.47%
Batch 100, Loss: 0.6774
Batch 200, Loss: 0.7396
Batch 300, Loss: 0.7656
Epoch 55 learning rate: 0.0824724024165092
Epoch 55 time: 236.12419867515564 seconds
Epoch 55 accuracy: 62.99%
Batch 100, Loss: 0.6639
Batch 200, Loss: 0.7151
Batch 300, Loss: 0.7575
Epoch 56 learning rate: 0.0818711994874345
Epoch 56 time: 236.10378241539001 seconds
Epoch 56 accuracy: 63.82%
Batch 100, Loss: 0.6795
Batch 200, Loss: 0.7230
Batch 300, Loss: 0.7522
Epoch 57 learning rate: 0.08126213281678528
Epoch 57 time: 236.1433982849121 seconds
Epoch 57 accuracy: 64.57%
Batch 100, Loss: 0.6592
Batch 200, Loss: 0.6890
Batch 300, Loss: 0.7416
Epoch 58 learning rate: 0.08064535268264884
Epoch 58 time: 236.13648056983948 seconds
Epoch 58 accuracy: 62.73%
Batch 100, Loss: 0.6787
Batch 200, Loss: 0.6797
Batch 300, Loss: 0.7500
Epoch 59 learning rate: 0.08002101126629421
Epoch 59 time: 236.10244488716125 seconds
Epoch 59 accuracy: 63.92%
Batch 100, Loss: 0.6683
Batch 200, Loss: 0.6943
Batch 300, Loss: 0.7313
Epoch 60 learning rate: 0.07938926261462367
Epoch 60 time: 236.03741574287415 seconds
Epoch 60 accuracy: 63.26%
Batch 100, Loss: 0.6450
Batch 200, Loss: 0.6836
Batch 300, Loss: 0.7401
Epoch 61 learning rate: 0.07875026260216395
Epoch 61 time: 236.15619277954102 seconds
Epoch 61 accuracy: 63.58%
Batch 100, Loss: 0.6387
Batch 200, Loss: 0.6947
Batch 300, Loss: 0.7367
Epoch 62 learning rate: 0.07810416889260656
Epoch 62 time: 236.0759880542755 seconds
Epoch 62 accuracy: 62.19%
Batch 100, Loss: 0.6225
Batch 200, Loss: 0.6936
Batch 300, Loss: 0.7219
Epoch 63 learning rate: 0.07745114089990661
Epoch 63 time: 236.03867983818054 seconds
Epoch 63 accuracy: 63.6%
Batch 100, Loss: 0.6201
Batch 200, Loss: 0.6608
Batch 300, Loss: 0.7222
Epoch 64 learning rate: 0.07679133974894985
Epoch 64 time: 236.21241784095764 seconds
Epoch 64 accuracy: 63.97%
Batch 100, Loss: 0.6251
Batch 200, Loss: 0.6493
Batch 300, Loss: 0.7080
Epoch 65 learning rate: 0.07612492823579746
Epoch 65 time: 236.19502711296082 seconds
Epoch 65 accuracy: 65.79%
Batch 100, Loss: 0.6300
Batch 200, Loss: 0.6653
Batch 300, Loss: 0.6863
Epoch 66 learning rate: 0.07545207078751859
Epoch 66 time: 236.1620807647705 seconds
Epoch 66 accuracy: 65.12%
Batch 100, Loss: 0.6139
Batch 200, Loss: 0.6408
Batch 300, Loss: 0.6954
Epoch 67 learning rate: 0.0747729334216204
Epoch 67 time: 236.1435763835907 seconds
Epoch 67 accuracy: 63.8%
Batch 100, Loss: 0.6166
Batch 200, Loss: 0.6501
Batch 300, Loss: 0.6795
Epoch 68 learning rate: 0.07408768370508578
Epoch 68 time: 236.10171818733215 seconds
Epoch 68 accuracy: 66.52%
Batch 100, Loss: 0.6133
Batch 200, Loss: 0.6233
Batch 300, Loss: 0.6878
Epoch 69 learning rate: 0.0733964907130287
Epoch 69 time: 236.15925288200378 seconds
Epoch 69 accuracy: 67.07%
Batch 100, Loss: 0.5838
Batch 200, Loss: 0.6351
Batch 300, Loss: 0.6617
Epoch 70 learning rate: 0.07269952498697736
Epoch 70 time: 236.1104016304016 seconds
Epoch 70 accuracy: 66.26%
Batch 100, Loss: 0.5889
Batch 200, Loss: 0.6241
Batch 300, Loss: 0.6583
Epoch 71 learning rate: 0.07199695849279578
Epoch 71 time: 236.13830542564392 seconds
Epoch 71 accuracy: 66.01%
Batch 100, Loss: 0.5876
Batch 200, Loss: 0.6179
Batch 300, Loss: 0.6467
Epoch 72 learning rate: 0.07128896457825366
Epoch 72 time: 236.1229875087738 seconds
Epoch 72 accuracy: 64.48%
Batch 100, Loss: 0.5521
Batch 200, Loss: 0.6216
Batch 300, Loss: 0.6397
Epoch 73 learning rate: 0.07057571793025548
Epoch 73 time: 236.1597888469696 seconds
Epoch 73 accuracy: 64.93%
Batch 100, Loss: 0.5628
Batch 200, Loss: 0.5906
Batch 300, Loss: 0.6378
Epoch 74 learning rate: 0.06985739453173906
Epoch 74 time: 236.13279747962952 seconds
Epoch 74 accuracy: 64.09%
Batch 100, Loss: 0.5711
Batch 200, Loss: 0.5978
Batch 300, Loss: 0.6272
Epoch 75 learning rate: 0.06913417161825453
Epoch 75 time: 236.14976263046265 seconds
Epoch 75 accuracy: 66.94%
Batch 100, Loss: 0.5406
Batch 200, Loss: 0.5904
Batch 300, Loss: 0.6382
Epoch 76 learning rate: 0.06840622763423394
Epoch 76 time: 236.06372046470642 seconds
Epoch 76 accuracy: 65.87%
Batch 100, Loss: 0.5380
Batch 200, Loss: 0.5870
Batch 300, Loss: 0.6217
Epoch 77 learning rate: 0.0676737421889629
Epoch 77 time: 236.07780718803406 seconds
Epoch 77 accuracy: 66.82%
Batch 100, Loss: 0.5447
Batch 200, Loss: 0.5720
Batch 300, Loss: 0.6143
Epoch 78 learning rate: 0.06693689601226462
Epoch 78 time: 236.09533500671387 seconds
Epoch 78 accuracy: 63.55%
Batch 100, Loss: 0.5251
Batch 200, Loss: 0.5738
Batch 300, Loss: 0.6032
Epoch 79 learning rate: 0.06619587090990751
Epoch 79 time: 236.11099910736084 seconds
Epoch 79 accuracy: 63.99%
Batch 100, Loss: 0.5310
Batch 200, Loss: 0.5620
Batch 300, Loss: 0.5997
Epoch 80 learning rate: 0.06545084971874741
Epoch 80 time: 236.14572525024414 seconds
Epoch 80 accuracy: 66.14%
Batch 100, Loss: 0.5153
Batch 200, Loss: 0.5471
Batch 300, Loss: 0.5876
Epoch 81 learning rate: 0.06470201626161524
Epoch 81 time: 236.1320197582245 seconds
Epoch 81 accuracy: 66.46%
Batch 100, Loss: 0.5088
Batch 200, Loss: 0.5562
Batch 300, Loss: 0.5818
Epoch 82 learning rate: 0.06394955530196152
Epoch 82 time: 236.15429162979126 seconds
Epoch 82 accuracy: 66.22%
Batch 100, Loss: 0.5049
Batch 200, Loss: 0.5298
Batch 300, Loss: 0.5813
Epoch 83 learning rate: 0.06319365249826868
Epoch 83 time: 236.14790630340576 seconds
Epoch 83 accuracy: 65.88%
Batch 100, Loss: 0.4998
Batch 200, Loss: 0.5171
Batch 300, Loss: 0.5833
Epoch 84 learning rate: 0.06243449435824277
Epoch 84 time: 236.14561367034912 seconds
Epoch 84 accuracy: 63.98%
Batch 100, Loss: 0.4874
Batch 200, Loss: 0.5198
Batch 300, Loss: 0.5489
Epoch 85 learning rate: 0.06167226819279532
Epoch 85 time: 236.10038805007935 seconds
Epoch 85 accuracy: 66.16%
Batch 100, Loss: 0.4868
Batch 200, Loss: 0.5063
Batch 300, Loss: 0.5512
Epoch 86 learning rate: 0.06090716206982718
Epoch 86 time: 236.17321968078613 seconds
Epoch 86 accuracy: 67.09%
Batch 100, Loss: 0.4938
Batch 200, Loss: 0.5075
Batch 300, Loss: 0.5301
Epoch 87 learning rate: 0.06013936476782568
Epoch 87 time: 236.12205457687378 seconds
Epoch 87 accuracy: 65.8%
Batch 100, Loss: 0.4658
Batch 200, Loss: 0.5077
Batch 300, Loss: 0.5430
Epoch 88 learning rate: 0.05936906572928629
Epoch 88 time: 236.1005301475525 seconds
Epoch 88 accuracy: 66.75%
Batch 100, Loss: 0.4587
Batch 200, Loss: 0.4838
Batch 300, Loss: 0.5242
Epoch 89 learning rate: 0.05859645501397052
Epoch 89 time: 236.0971109867096 seconds
Epoch 89 accuracy: 67.64%
Batch 100, Loss: 0.4626
Batch 200, Loss: 0.4789
Batch 300, Loss: 0.5050
Epoch 90 learning rate: 0.05782172325201159
Epoch 90 time: 236.09374976158142 seconds
Epoch 90 accuracy: 66.33%
Batch 100, Loss: 0.4386
Batch 200, Loss: 0.4789
Batch 300, Loss: 0.5128
Epoch 91 learning rate: 0.057045061596879186
Epoch 91 time: 236.17546963691711 seconds
Epoch 91 accuracy: 67.38%
Batch 100, Loss: 0.4377
Batch 200, Loss: 0.4599
Batch 300, Loss: 0.5049
Epoch 92 learning rate: 0.056266661678215264
Epoch 92 time: 236.1038200855255 seconds
Epoch 92 accuracy: 68.05%
Batch 100, Loss: 0.4463
Batch 200, Loss: 0.4618
Batch 300, Loss: 0.4964
Epoch 93 learning rate: 0.055486715554552306
Epoch 93 time: 236.14417028427124 seconds
Epoch 93 accuracy: 67.27%
Batch 100, Loss: 0.4252
Batch 200, Loss: 0.4640
Batch 300, Loss: 0.4917
Epoch 94 learning rate: 0.05470541566592575
Epoch 94 time: 236.12557530403137 seconds
Epoch 94 accuracy: 67.96%
Batch 100, Loss: 0.4106
Batch 200, Loss: 0.4502
Batch 300, Loss: 0.4701
Epoch 95 learning rate: 0.05392295478639229
Epoch 95 time: 236.11661434173584 seconds
Epoch 95 accuracy: 66.69%
Batch 100, Loss: 0.4183
Batch 200, Loss: 0.4279
Batch 300, Loss: 0.4782
Epoch 96 learning rate: 0.05313952597646571
Epoch 96 time: 236.13481283187866 seconds
Epoch 96 accuracy: 67.39%
Batch 100, Loss: 0.3979
Batch 200, Loss: 0.4216
Batch 300, Loss: 0.4753
Epoch 97 learning rate: 0.05235532253548216
Epoch 97 time: 236.1671805381775 seconds
Epoch 97 accuracy: 68.07%
Batch 100, Loss: 0.3990
Batch 200, Loss: 0.4250
Batch 300, Loss: 0.4687
Epoch 98 learning rate: 0.051570537953906447
Epoch 98 time: 236.15705966949463 seconds
Epoch 98 accuracy: 68.39%
Batch 100, Loss: 0.3823
Batch 200, Loss: 0.4153
Batch 300, Loss: 0.4435
Epoch 99 learning rate: 0.05078536586559106
Epoch 99 time: 236.1212317943573 seconds
Epoch 99 accuracy: 68.48%
Batch 100, Loss: 0.3808
Batch 200, Loss: 0.4105
Batch 300, Loss: 0.4435
Epoch 100 learning rate: 0.050000000000000024
Epoch 100 time: 236.0651617050171 seconds
Epoch 100 accuracy: 68.14%
Batch 100, Loss: 0.3805
Batch 200, Loss: 0.3989
Batch 300, Loss: 0.4251
Epoch 101 learning rate: 0.049214634134409
Epoch 101 time: 236.1318554878235 seconds
Epoch 101 accuracy: 67.3%
Batch 100, Loss: 0.3667
Batch 200, Loss: 0.3929
Batch 300, Loss: 0.4278
Epoch 102 learning rate: 0.04842946204609361
Epoch 102 time: 236.08497619628906 seconds
Epoch 102 accuracy: 68.36%
Batch 100, Loss: 0.3565
Batch 200, Loss: 0.3787
Batch 300, Loss: 0.4005
Epoch 103 learning rate: 0.04764467746451789
Epoch 103 time: 236.13609266281128 seconds
Epoch 103 accuracy: 68.77%
Batch 100, Loss: 0.3471
Batch 200, Loss: 0.3721
Batch 300, Loss: 0.4062
Epoch 104 learning rate: 0.046860474023534354
Epoch 104 time: 236.12802124023438 seconds
Epoch 104 accuracy: 68.93%
Batch 100, Loss: 0.3500
Batch 200, Loss: 0.3658
Batch 300, Loss: 0.3978
Epoch 105 learning rate: 0.04607704521360778
Epoch 105 time: 236.14234519004822 seconds
Epoch 105 accuracy: 69.66%
Batch 100, Loss: 0.3298
Batch 200, Loss: 0.3581
Batch 300, Loss: 0.3860
Epoch 106 learning rate: 0.04529458433407431
Epoch 106 time: 236.15404987335205 seconds
Epoch 106 accuracy: 68.28%
Batch 100, Loss: 0.3287
Batch 200, Loss: 0.3467
Batch 300, Loss: 0.3823
Epoch 107 learning rate: 0.04451328444544776
Epoch 107 time: 236.17548084259033 seconds
Epoch 107 accuracy: 69.21%
Batch 100, Loss: 0.3208
Batch 200, Loss: 0.3379
Batch 300, Loss: 0.3745
Epoch 108 learning rate: 0.04373333832178482
Epoch 108 time: 236.12077355384827 seconds
Epoch 108 accuracy: 67.77%
Batch 100, Loss: 0.3153
Batch 200, Loss: 0.3235
Batch 300, Loss: 0.3613
Epoch 109 learning rate: 0.0429549384031209
Epoch 109 time: 236.09572291374207 seconds
Epoch 109 accuracy: 69.65%
Batch 100, Loss: 0.3142
Batch 200, Loss: 0.3210
Batch 300, Loss: 0.3514
Epoch 110 learning rate: 0.042178276747988484
Epoch 110 time: 236.07271194458008 seconds
Epoch 110 accuracy: 69.17%
Batch 100, Loss: 0.3110
Batch 200, Loss: 0.3063
Batch 300, Loss: 0.3390
Epoch 111 learning rate: 0.04140354498602954
Epoch 111 time: 236.0858612060547 seconds
Epoch 111 accuracy: 69.12%
Batch 100, Loss: 0.2931
Batch 200, Loss: 0.2991
Batch 300, Loss: 0.3354
Epoch 112 learning rate: 0.0406309342707138
Epoch 112 time: 236.1551868915558 seconds
Epoch 112 accuracy: 68.51%
Batch 100, Loss: 0.2867
Batch 200, Loss: 0.2910
Batch 300, Loss: 0.3273
Epoch 113 learning rate: 0.03986063523217441
Epoch 113 time: 236.1642963886261 seconds
Epoch 113 accuracy: 69.19%
Batch 100, Loss: 0.2717
Batch 200, Loss: 0.2881
Batch 300, Loss: 0.3189
Epoch 114 learning rate: 0.039092837930172916
Epoch 114 time: 236.16681599617004 seconds
Epoch 114 accuracy: 69.95%
Batch 100, Loss: 0.2757
Batch 200, Loss: 0.2835
Batch 300, Loss: 0.2995
Epoch 115 learning rate: 0.03832773180720475
Epoch 115 time: 236.07982850074768 seconds
Epoch 115 accuracy: 71.62%
Batch 100, Loss: 0.2561
Batch 200, Loss: 0.2735
Batch 300, Loss: 0.2942
Epoch 116 learning rate: 0.037565505641757285
Epoch 116 time: 236.1496136188507 seconds
Epoch 116 accuracy: 70.56%
Batch 100, Loss: 0.2643
Batch 200, Loss: 0.2661
Batch 300, Loss: 0.2926
Epoch 117 learning rate: 0.03680634750173138
Epoch 117 time: 236.16068291664124 seconds
Epoch 117 accuracy: 69.5%
Batch 100, Loss: 0.2701
Batch 200, Loss: 0.2614
Batch 300, Loss: 0.2950
Epoch 118 learning rate: 0.036050444698038565
Epoch 118 time: 236.1258659362793 seconds
Epoch 118 accuracy: 71.27%
Batch 100, Loss: 0.2507
Batch 200, Loss: 0.2502
Batch 300, Loss: 0.2794
Epoch 119 learning rate: 0.03529798373838483
Epoch 119 time: 236.15216398239136 seconds
Epoch 119 accuracy: 70.98%
Batch 100, Loss: 0.2405
Batch 200, Loss: 0.2436
Batch 300, Loss: 0.2634
Epoch 120 learning rate: 0.03454915028125267
Epoch 120 time: 236.06775951385498 seconds
Epoch 120 accuracy: 71.11%
Batch 100, Loss: 0.2313
Batch 200, Loss: 0.2320
Batch 300, Loss: 0.2529
Epoch 121 learning rate: 0.03380412909009255
Epoch 121 time: 236.12154173851013 seconds
Epoch 121 accuracy: 70.87%
Batch 100, Loss: 0.2235
Batch 200, Loss: 0.2219
Batch 300, Loss: 0.2393
Epoch 122 learning rate: 0.03306310398773545
Epoch 122 time: 236.1438307762146 seconds
Epoch 122 accuracy: 69.35%
Batch 100, Loss: 0.2197
Batch 200, Loss: 0.2215
Batch 300, Loss: 0.2307
Epoch 123 learning rate: 0.03232625781103717
Epoch 123 time: 236.13943147659302 seconds
Epoch 123 accuracy: 71.68%
Batch 100, Loss: 0.2048
Batch 200, Loss: 0.2115
Batch 300, Loss: 0.2394
Epoch 124 learning rate: 0.03159377236576613
Epoch 124 time: 236.08402037620544 seconds
Epoch 124 accuracy: 70.7%
Batch 100, Loss: 0.2165
Batch 200, Loss: 0.2155
Batch 300, Loss: 0.2208
Epoch 125 learning rate: 0.030865828381745543
Epoch 125 time: 236.08088207244873 seconds
Epoch 125 accuracy: 72.25%
Batch 100, Loss: 0.1977
Batch 200, Loss: 0.1962
Batch 300, Loss: 0.2192
Epoch 126 learning rate: 0.03014260546826098
Epoch 126 time: 236.1838788986206 seconds
Epoch 126 accuracy: 72.75%
Batch 100, Loss: 0.1796
Batch 200, Loss: 0.1987
Batch 300, Loss: 0.2139
Epoch 127 learning rate: 0.02942428206974458
Epoch 127 time: 236.1204493045807 seconds
Epoch 127 accuracy: 71.77%
Batch 100, Loss: 0.1769
Batch 200, Loss: 0.1839
Batch 300, Loss: 0.1997
Epoch 128 learning rate: 0.028711035421746387
Epoch 128 time: 236.17388343811035 seconds
Epoch 128 accuracy: 71.5%
Batch 100, Loss: 0.1765
Batch 200, Loss: 0.1811
Batch 300, Loss: 0.1936
Epoch 129 learning rate: 0.02800304150720426
Epoch 129 time: 236.08415913581848 seconds
Epoch 129 accuracy: 72.55%
Batch 100, Loss: 0.1707
Batch 200, Loss: 0.1712
Batch 300, Loss: 0.1814
Epoch 130 learning rate: 0.02730047501302268
Epoch 130 time: 236.06951570510864 seconds
Epoch 130 accuracy: 70.65%
Batch 100, Loss: 0.1700
Batch 200, Loss: 0.1704
Batch 300, Loss: 0.1732
Epoch 131 learning rate: 0.026603509286971357
Epoch 131 time: 236.09582328796387 seconds
Epoch 131 accuracy: 72.74%
Batch 100, Loss: 0.1611
Batch 200, Loss: 0.1672
Batch 300, Loss: 0.1806
Epoch 132 learning rate: 0.025912316294914244
Epoch 132 time: 236.12679290771484 seconds
Epoch 132 accuracy: 72.76%
Batch 100, Loss: 0.1648
Batch 200, Loss: 0.1572
Batch 300, Loss: 0.1714
Epoch 133 learning rate: 0.025227066578379632
Epoch 133 time: 236.12883281707764 seconds
Epoch 133 accuracy: 73.38%
Batch 100, Loss: 0.1503
Batch 200, Loss: 0.1507
Batch 300, Loss: 0.1534
Epoch 134 learning rate: 0.024547929212481445
Epoch 134 time: 236.14443135261536 seconds
Epoch 134 accuracy: 72.94%
Batch 100, Loss: 0.1409
Batch 200, Loss: 0.1375
Batch 300, Loss: 0.1471
Epoch 135 learning rate: 0.02387507176420257
Epoch 135 time: 236.1220293045044 seconds
Epoch 135 accuracy: 73.83%
Batch 100, Loss: 0.1302
Batch 200, Loss: 0.1380
Batch 300, Loss: 0.1487
Epoch 136 learning rate: 0.023208660251050166
Epoch 136 time: 236.15976572036743 seconds
Epoch 136 accuracy: 72.32%
Batch 100, Loss: 0.1303
Batch 200, Loss: 0.1282
Batch 300, Loss: 0.1404
Epoch 137 learning rate: 0.022548859100093414
Epoch 137 time: 236.08279728889465 seconds
Epoch 137 accuracy: 73.61%
Batch 100, Loss: 0.1283
Batch 200, Loss: 0.1213
Batch 300, Loss: 0.1377
Epoch 138 learning rate: 0.021895831107393474
Epoch 138 time: 236.15051293373108 seconds
Epoch 138 accuracy: 74.47%
Batch 100, Loss: 0.1173
Batch 200, Loss: 0.1189
Batch 300, Loss: 0.1270
Epoch 139 learning rate: 0.02124973739783608
Epoch 139 time: 236.13927054405212 seconds
Epoch 139 accuracy: 74.1%
Batch 100, Loss: 0.1162
Batch 200, Loss: 0.1163
Batch 300, Loss: 0.1286
Epoch 140 learning rate: 0.02061073738537636
Epoch 140 time: 236.10827159881592 seconds
Epoch 140 accuracy: 74.59%
Batch 100, Loss: 0.1034
Batch 200, Loss: 0.1106
Batch 300, Loss: 0.1127
Epoch 141 learning rate: 0.019978988733705814
Epoch 141 time: 236.07361364364624 seconds
Epoch 141 accuracy: 74.38%
Batch 100, Loss: 0.1046
Batch 200, Loss: 0.1022
Batch 300, Loss: 0.1088
Epoch 142 learning rate: 0.01935464731735118
Epoch 142 time: 236.11130809783936 seconds
Epoch 142 accuracy: 74.8%
Batch 100, Loss: 0.0977
Batch 200, Loss: 0.0990
Batch 300, Loss: 0.1041
Epoch 143 learning rate: 0.018737867183214747
Epoch 143 time: 236.15747237205505 seconds
Epoch 143 accuracy: 75.04%
Batch 100, Loss: 0.0970
Batch 200, Loss: 0.1005
Batch 300, Loss: 0.1029
Epoch 144 learning rate: 0.01812880051256552
Epoch 144 time: 236.1479742527008 seconds
Epoch 144 accuracy: 75.24%
Batch 100, Loss: 0.0908
Batch 200, Loss: 0.0904
Batch 300, Loss: 0.0937
Epoch 145 learning rate: 0.017527597583490827
Epoch 145 time: 236.0845808982849 seconds
Epoch 145 accuracy: 75.75%
Batch 100, Loss: 0.0849
Batch 200, Loss: 0.0835
Batch 300, Loss: 0.0899
Epoch 146 learning rate: 0.01693440673381742
Epoch 146 time: 236.15333890914917 seconds
Epoch 146 accuracy: 75.78%
Batch 100, Loss: 0.0821
Batch 200, Loss: 0.0794
Batch 300, Loss: 0.0856
Epoch 147 learning rate: 0.016349374324511334
Epoch 147 time: 236.09769797325134 seconds
Epoch 147 accuracy: 75.69%
Batch 100, Loss: 0.0745
Batch 200, Loss: 0.0750
Batch 300, Loss: 0.0787
Epoch 148 learning rate: 0.01577264470356557
Epoch 148 time: 236.14597821235657 seconds
Epoch 148 accuracy: 76.01%
Batch 100, Loss: 0.0708
Batch 200, Loss: 0.0708
Batch 300, Loss: 0.0723
Epoch 149 learning rate: 0.01520436017038429
Epoch 149 time: 236.13910484313965 seconds
Epoch 149 accuracy: 75.79%
Batch 100, Loss: 0.0671
Batch 200, Loss: 0.0666
Batch 300, Loss: 0.0704
Epoch 150 learning rate: 0.014644660940672632
Epoch 150 time: 236.16561436653137 seconds
Epoch 150 accuracy: 76.33%
Batch 100, Loss: 0.0644
Batch 200, Loss: 0.0639
Batch 300, Loss: 0.0653
Epoch 151 learning rate: 0.01409368511184057
Epoch 151 time: 236.1360878944397 seconds
Epoch 151 accuracy: 76.74%
Batch 100, Loss: 0.0593
Batch 200, Loss: 0.0596
Batch 300, Loss: 0.0628
Epoch 152 learning rate: 0.013551568628929438
Epoch 152 time: 236.11572265625 seconds
Epoch 152 accuracy: 76.74%
Batch 100, Loss: 0.0562
Batch 200, Loss: 0.0561
Batch 300, Loss: 0.0594
Epoch 153 learning rate: 0.013018445251069516
Epoch 153 time: 236.1174876689911 seconds
Epoch 153 accuracy: 77.31%
Batch 100, Loss: 0.0533
Batch 200, Loss: 0.0529
Batch 300, Loss: 0.0543
Epoch 154 learning rate: 0.012494446518477026
Epoch 154 time: 236.1326289176941 seconds
Epoch 154 accuracy: 77.38%
Batch 100, Loss: 0.0544
Batch 200, Loss: 0.0516
Batch 300, Loss: 0.0543
Epoch 155 learning rate: 0.011979701719998459
Epoch 155 time: 236.10866022109985 seconds
Epoch 155 accuracy: 77.21%
Batch 100, Loss: 0.0499
Batch 200, Loss: 0.0477
Batch 300, Loss: 0.0512
Epoch 156 learning rate: 0.011474337861210548
Epoch 156 time: 236.22709345817566 seconds
Epoch 156 accuracy: 77.46%
Batch 100, Loss: 0.0466
Batch 200, Loss: 0.0472
Batch 300, Loss: 0.0482
Epoch 157 learning rate: 0.010978479633083526
Epoch 157 time: 236.07039141654968 seconds
Epoch 157 accuracy: 77.69%
Batch 100, Loss: 0.0417
Batch 200, Loss: 0.0447
Batch 300, Loss: 0.0461
Epoch 158 learning rate: 0.010492249381215483
Epoch 158 time: 236.0854790210724 seconds
Epoch 158 accuracy: 77.44%
Batch 100, Loss: 0.0430
Batch 200, Loss: 0.0430
Batch 300, Loss: 0.0430
Epoch 159 learning rate: 0.010015767075645474
Epoch 159 time: 236.19090032577515 seconds
Epoch 159 accuracy: 77.98%
Batch 100, Loss: 0.0392
Batch 200, Loss: 0.0400
Batch 300, Loss: 0.0412
Epoch 160 learning rate: 0.009549150281252637
Epoch 160 time: 236.06933164596558 seconds
Epoch 160 accuracy: 77.77%
Batch 100, Loss: 0.0380
Batch 200, Loss: 0.0384
Batch 300, Loss: 0.0390
Epoch 161 learning rate: 0.00909251412874884
Epoch 161 time: 236.27369952201843 seconds
Epoch 161 accuracy: 78.2%
Batch 100, Loss: 0.0367
Batch 200, Loss: 0.0376
Batch 300, Loss: 0.0376
Epoch 162 learning rate: 0.008645971286271918
Epoch 162 time: 236.22706580162048 seconds
Epoch 162 accuracy: 78.47%
Batch 100, Loss: 0.0345
Batch 200, Loss: 0.0349
Batch 300, Loss: 0.0383
Epoch 163 learning rate: 0.008209631931586501
Epoch 163 time: 236.28306198120117 seconds
Epoch 163 accuracy: 78.19%
Batch 100, Loss: 0.0343
Batch 200, Loss: 0.0341
Batch 300, Loss: 0.0335
Epoch 164 learning rate: 0.0077836037248992605
Epoch 164 time: 236.14638137817383 seconds
Epoch 164 accuracy: 78.48%
Batch 100, Loss: 0.0323
Batch 200, Loss: 0.0323
Batch 300, Loss: 0.0330
Epoch 165 learning rate: 0.0073679917822954055
Epoch 165 time: 236.14677739143372 seconds
Epoch 165 accuracy: 78.26%
Batch 100, Loss: 0.0307
Batch 200, Loss: 0.0306
Batch 300, Loss: 0.0319
Epoch 166 learning rate: 0.006962898649802815
Epoch 166 time: 236.1809151172638 seconds
Epoch 166 accuracy: 78.62%
Batch 100, Loss: 0.0288
Batch 200, Loss: 0.0301
Batch 300, Loss: 0.0300
Epoch 167 learning rate: 0.006568424278090438
Epoch 167 time: 236.14266967773438 seconds
Epoch 167 accuracy: 78.61%
Batch 100, Loss: 0.0294
Batch 200, Loss: 0.0289
Batch 300, Loss: 0.0286
Epoch 168 learning rate: 0.006184665997806824
Epoch 168 time: 236.15951323509216 seconds
Epoch 168 accuracy: 78.56%
Batch 100, Loss: 0.0278
Batch 200, Loss: 0.0278
Batch 300, Loss: 0.0289
Epoch 169 learning rate: 0.00581171849556533
Epoch 169 time: 236.1246383190155 seconds
Epoch 169 accuracy: 78.96%
Batch 100, Loss: 0.0272
Batch 200, Loss: 0.0268
Batch 300, Loss: 0.0272
Epoch 170 learning rate: 0.0054496737905816136
Epoch 170 time: 236.1577546596527 seconds
Epoch 170 accuracy: 79.12%
Batch 100, Loss: 0.0261
Batch 200, Loss: 0.0265
Batch 300, Loss: 0.0276
Epoch 171 learning rate: 0.005098621211969226
Epoch 171 time: 236.13027572631836 seconds
Epoch 171 accuracy: 79.1%
Batch 100, Loss: 0.0254
Batch 200, Loss: 0.0259
Batch 300, Loss: 0.0261
Epoch 172 learning rate: 0.004758647376699035
Epoch 172 time: 236.1647183895111 seconds
Epoch 172 accuracy: 79.12%
Batch 100, Loss: 0.0235
Batch 200, Loss: 0.0240
Batch 300, Loss: 0.0248
Epoch 173 learning rate: 0.00442983616822775
Epoch 173 time: 236.1034164428711 seconds
Epoch 173 accuracy: 79.13%
Batch 100, Loss: 0.0242
Batch 200, Loss: 0.0243
Batch 300, Loss: 0.0244
Epoch 174 learning rate: 0.004112268715800957
Epoch 174 time: 236.16653871536255 seconds
Epoch 174 accuracy: 79.3%
Batch 100, Loss: 0.0228
Batch 200, Loss: 0.0230
Batch 300, Loss: 0.0233
Epoch 175 learning rate: 0.003806023374435677
Epoch 175 time: 236.1915409564972 seconds
Epoch 175 accuracy: 79.28%
Batch 100, Loss: 0.0226
Batch 200, Loss: 0.0227
Batch 300, Loss: 0.0231
Epoch 176 learning rate: 0.003511175705587435
Epoch 176 time: 236.11641383171082 seconds
Epoch 176 accuracy: 79.54%
Batch 100, Loss: 0.0221
Batch 200, Loss: 0.0216
Batch 300, Loss: 0.0227
Epoch 177 learning rate: 0.0032277984585066333
Epoch 177 time: 236.1416244506836 seconds
Epoch 177 accuracy: 79.43%
Batch 100, Loss: 0.0214
Batch 200, Loss: 0.0209
Batch 300, Loss: 0.0225
Epoch 178 learning rate: 0.002955961552288729
Epoch 178 time: 236.11794638633728 seconds
Epoch 178 accuracy: 79.52%
Batch 100, Loss: 0.0204
Batch 200, Loss: 0.0204
Batch 300, Loss: 0.0211
Epoch 179 learning rate: 0.0026957320586227366
Epoch 179 time: 236.24168992042542 seconds
Epoch 179 accuracy: 79.44%
Batch 100, Loss: 0.0207
Batch 200, Loss: 0.0208
Batch 300, Loss: 0.0211
Epoch 180 learning rate: 0.002447174185242325
Epoch 180 time: 236.11411309242249 seconds
Epoch 180 accuracy: 79.35%
Batch 100, Loss: 0.0199
Batch 200, Loss: 0.0202
Batch 300, Loss: 0.0204
Epoch 181 learning rate: 0.0022103492600834954
Epoch 181 time: 236.22065329551697 seconds
Epoch 181 accuracy: 79.65%
Batch 100, Loss: 0.0194
Batch 200, Loss: 0.0197
Batch 300, Loss: 0.0195
Epoch 182 learning rate: 0.0019853157161528537
Epoch 182 time: 236.0734145641327 seconds
Epoch 182 accuracy: 79.83%
Batch 100, Loss: 0.0200
Batch 200, Loss: 0.0197
Batch 300, Loss: 0.0199
Epoch 183 learning rate: 0.001772129077110103
Epoch 183 time: 236.19205498695374 seconds
Epoch 183 accuracy: 79.75%
Batch 100, Loss: 0.0188
Batch 200, Loss: 0.0193
Batch 300, Loss: 0.0195
Epoch 184 learning rate: 0.0015708419435684529
Epoch 184 time: 236.13402891159058 seconds
Epoch 184 accuracy: 79.69%
Batch 100, Loss: 0.0187
Batch 200, Loss: 0.0193
Batch 300, Loss: 0.0191
Epoch 185 learning rate: 0.0013815039801161732
Epoch 185 time: 236.1996853351593 seconds
Epoch 185 accuracy: 79.66%
Batch 100, Loss: 0.0185
Batch 200, Loss: 0.0185
Batch 300, Loss: 0.0189
Epoch 186 learning rate: 0.0012041619030626347
Epoch 186 time: 236.10964131355286 seconds
Epoch 186 accuracy: 79.86%
Batch 100, Loss: 0.0187
Batch 200, Loss: 0.0188
Batch 300, Loss: 0.0184
Epoch 187 learning rate: 0.0010388594689117077
Epoch 187 time: 236.11047792434692 seconds
Epoch 187 accuracy: 79.79%
Batch 100, Loss: 0.0182
Batch 200, Loss: 0.0179
Batch 300, Loss: 0.0182
Epoch 188 learning rate: 0.0008856374635655645
Epoch 188 time: 236.12263751029968 seconds
Epoch 188 accuracy: 79.59%
Batch 100, Loss: 0.0177
Batch 200, Loss: 0.0177
Batch 300, Loss: 0.0177
Epoch 189 learning rate: 0.000744533692261307
Epoch 189 time: 236.11870169639587 seconds
Epoch 189 accuracy: 79.64%
Batch 100, Loss: 0.0177
Batch 200, Loss: 0.0178
Batch 300, Loss: 0.0176
Epoch 190 learning rate: 0.0006155829702431174
Epoch 190 time: 236.1687741279602 seconds
Epoch 190 accuracy: 79.74%
Batch 100, Loss: 0.0169
Batch 200, Loss: 0.0171
Batch 300, Loss: 0.0181
Epoch 191 learning rate: 0.0004988171141721235
Epoch 191 time: 236.1420454978943 seconds
Epoch 191 accuracy: 79.69%
Batch 100, Loss: 0.0179
Batch 200, Loss: 0.0173
Batch 300, Loss: 0.0171
Epoch 192 learning rate: 0.00039426493427611206
Epoch 192 time: 236.21529603004456 seconds
Epoch 192 accuracy: 79.82%
Batch 100, Loss: 0.0175
Batch 200, Loss: 0.0171
Batch 300, Loss: 0.0173
Epoch 193 learning rate: 0.00030195222724102046
Epoch 193 time: 236.19693183898926 seconds
Epoch 193 accuracy: 79.7%
Batch 100, Loss: 0.0172
Batch 200, Loss: 0.0177
Batch 300, Loss: 0.0169
Epoch 194 learning rate: 0.00022190176984600036
Epoch 194 time: 236.26994276046753 seconds
Epoch 194 accuracy: 79.68%
Batch 100, Loss: 0.0169
Batch 200, Loss: 0.0166
Batch 300, Loss: 0.0177
Epoch 195 learning rate: 0.00015413331334360192
Epoch 195 time: 236.20392370224 seconds
Epoch 195 accuracy: 79.71%
Batch 100, Loss: 0.0168
Batch 200, Loss: 0.0171
Batch 300, Loss: 0.0171
Epoch 196 learning rate: 9.866357858642213e-05
Epoch 196 time: 236.0868625640869 seconds
Epoch 196 accuracy: 79.78%
Batch 100, Loss: 0.0169
Batch 200, Loss: 0.0170
Batch 300, Loss: 0.0173
Epoch 197 learning rate: 5.5506251901504864e-05
Epoch 197 time: 236.10001945495605 seconds
Epoch 197 accuracy: 79.69%
Batch 100, Loss: 0.0171
Batch 200, Loss: 0.0169
Batch 300, Loss: 0.0168
Epoch 198 learning rate: 2.4671981713420017e-05
Epoch 198 time: 236.09753584861755 seconds
Epoch 198 accuracy: 79.86%
Batch 100, Loss: 0.0170
Batch 200, Loss: 0.0168
Batch 300, Loss: 0.0171
Epoch 199 learning rate: 6.168375916970619e-06
Epoch 199 time: 236.13086795806885 seconds
Epoch 199 accuracy: 79.63%
Batch 100, Loss: 0.0171
Batch 200, Loss: 0.0166
Batch 300, Loss: 0.0167
Epoch 200 learning rate: 0.0
Epoch 200 time: 236.12087225914001 seconds
Epoch 200 accuracy: 79.74%
Total training time: 47237.24383163452 seconds
