The following modules were not unloaded:
  (Use "module --force purge" to unload all):

  1) CCconfig        6)  ucx/1.14.1         11) flexiblas/3.3.1
  2) gentoo/2023     7)  libfabric/1.18.0   12) imkl/2023.2.0
  3) gcccore/.12.3   8)  pmix/4.2.4         13) StdEnv/2023
  4) gcc/12.3        9)  ucc/1.2.0
  5) hwloc/2.9.1     10) openmpi/4.1.5
/project/6070520/tkleinkn/Vanilla-GAM/main_cifar.py:187: UserWarning: You have chosen a specific GPU. This will completely disable data parallelism.
  warnings.warn('You have chosen a specific GPU. This will completely '
model name space ['resnet101_c', 'resnet152_c', 'resnet18_c', 'resnet34_c', 'resnet50_c']
Use GPU: 0 for training
=> creating model 'resnet18_c'
Files already downloaded and verified
Files already downloaded and verified
tensorboard dir ./results/CIFAR100/GAMNonAccelerated
Using non-accelerated GAM
/home/tkleinkn/GAMtest/lib/python3.11/site-packages/torch/autograd/graph.py:744: UserWarning: Using backward() with create_graph=True will create a reference cycle between the parameter and its gradient which can cause a memory leak. We recommend using autograd.grad when creating the graph to avoid this. If you have to use this function, make sure to reset the .grad fields of your parameters to None after use to break the cycle and avoid the leak. (Triggered internally at /home/coulombc/wheels_builder/tmp.2617/python-3.11/torch/torch/csrc/autograd/engine.cpp:1203.)
  return Variable._execution_engine.run_backward(  # Calls into the C++ engine to run the backward pass
Batch 100, Loss: 3.6729
Batch 200, Loss: 3.3329
Batch 300, Loss: 3.2171
Epoch 1 learning rate: 0.09999383162408304
Epoch 1 time: 245.7346487045288 seconds
Epoch 1 accuracy: 12.23%
Batch 100, Loss: 3.0518
Batch 200, Loss: 2.9577
Batch 300, Loss: 2.8656
Epoch 2 learning rate: 0.09997532801828658
Epoch 2 time: 236.66569471359253 seconds
Epoch 2 accuracy: 18.67%
Batch 100, Loss: 2.6771
Batch 200, Loss: 2.5758
Batch 300, Loss: 2.5392
Epoch 3 learning rate: 0.09994449374809851
Epoch 3 time: 236.4475085735321 seconds
Epoch 3 accuracy: 26.35%
Batch 100, Loss: 2.3708
Batch 200, Loss: 2.3156
Batch 300, Loss: 2.2075
Epoch 4 learning rate: 0.09990133642141359
Epoch 4 time: 236.33941292762756 seconds
Epoch 4 accuracy: 34.13%
Batch 100, Loss: 2.0621
Batch 200, Loss: 2.0076
Batch 300, Loss: 1.9776
Epoch 5 learning rate: 0.09984586668665642
Epoch 5 time: 236.30054759979248 seconds
Epoch 5 accuracy: 41.08%
Batch 100, Loss: 1.8057
Batch 200, Loss: 1.7945
Batch 300, Loss: 1.7634
Epoch 6 learning rate: 0.09977809823015402
Epoch 6 time: 236.46045994758606 seconds
Epoch 6 accuracy: 46.49%
Batch 100, Loss: 1.6234
Batch 200, Loss: 1.6247
Batch 300, Loss: 1.6119
Epoch 7 learning rate: 0.09969804777275901
Epoch 7 time: 236.31877851486206 seconds
Epoch 7 accuracy: 49.37%
Batch 100, Loss: 1.4973
Batch 200, Loss: 1.5261
Batch 300, Loss: 1.5058
Epoch 8 learning rate: 0.09960573506572391
Epoch 8 time: 236.36092972755432 seconds
Epoch 8 accuracy: 48.92%
Batch 100, Loss: 1.4100
Batch 200, Loss: 1.4152
Batch 300, Loss: 1.4338
Epoch 9 learning rate: 0.09950118288582789
Epoch 9 time: 236.23323917388916 seconds
Epoch 9 accuracy: 53.19%
Batch 100, Loss: 1.3157
Batch 200, Loss: 1.3529
Batch 300, Loss: 1.3595
Epoch 10 learning rate: 0.09938441702975691
Epoch 10 time: 236.2538149356842 seconds
Epoch 10 accuracy: 50.64%
Batch 100, Loss: 1.2674
Batch 200, Loss: 1.3014
Batch 300, Loss: 1.3016
Epoch 11 learning rate: 0.09925546630773871
Epoch 11 time: 236.1867024898529 seconds
Epoch 11 accuracy: 55.32%
Batch 100, Loss: 1.2318
Batch 200, Loss: 1.2475
Batch 300, Loss: 1.2724
Epoch 12 learning rate: 0.09911436253643445
Epoch 12 time: 236.18291544914246 seconds
Epoch 12 accuracy: 54.02%
Batch 100, Loss: 1.1771
Batch 200, Loss: 1.2101
Batch 300, Loss: 1.2248
Epoch 13 learning rate: 0.0989611405310883
Epoch 13 time: 236.41615056991577 seconds
Epoch 13 accuracy: 56.8%
Batch 100, Loss: 1.1629
Batch 200, Loss: 1.1844
Batch 300, Loss: 1.1823
Epoch 14 learning rate: 0.09879583809693739
Epoch 14 time: 236.32183361053467 seconds
Epoch 14 accuracy: 51.42%
Batch 100, Loss: 1.0984
Batch 200, Loss: 1.1480
Batch 300, Loss: 1.1592
Epoch 15 learning rate: 0.09861849601988384
Epoch 15 time: 236.306382894516 seconds
Epoch 15 accuracy: 55.58%
Batch 100, Loss: 1.0959
Batch 200, Loss: 1.1277
Batch 300, Loss: 1.1254
Epoch 16 learning rate: 0.09842915805643157
Epoch 16 time: 236.15692830085754 seconds
Epoch 16 accuracy: 55.27%
Batch 100, Loss: 1.0477
Batch 200, Loss: 1.1070
Batch 300, Loss: 1.1320
Epoch 17 learning rate: 0.09822787092288993
Epoch 17 time: 236.3825330734253 seconds
Epoch 17 accuracy: 58.46%
Batch 100, Loss: 1.0281
Batch 200, Loss: 1.0620
Batch 300, Loss: 1.1002
Epoch 18 learning rate: 0.09801468428384717
Epoch 18 time: 236.289377450943 seconds
Epoch 18 accuracy: 59.51%
Batch 100, Loss: 1.0242
Batch 200, Loss: 1.0501
Batch 300, Loss: 1.0750
Epoch 19 learning rate: 0.09778965073991652
Epoch 19 time: 236.36667895317078 seconds
Epoch 19 accuracy: 57.46%
Batch 100, Loss: 0.9956
Batch 200, Loss: 1.0295
Batch 300, Loss: 1.0580
Epoch 20 learning rate: 0.0975528258147577
Epoch 20 time: 236.25259566307068 seconds
Epoch 20 accuracy: 60.19%
Batch 100, Loss: 0.9800
Batch 200, Loss: 1.0103
Batch 300, Loss: 1.0260
Epoch 21 learning rate: 0.09730426794137728
Epoch 21 time: 236.28287649154663 seconds
Epoch 21 accuracy: 57.63%
Batch 100, Loss: 0.9668
Batch 200, Loss: 0.9982
Batch 300, Loss: 1.0305
Epoch 22 learning rate: 0.09704403844771128
Epoch 22 time: 236.31758904457092 seconds
Epoch 22 accuracy: 55.27%
Batch 100, Loss: 0.9476
Batch 200, Loss: 1.0034
Batch 300, Loss: 1.0084
Epoch 23 learning rate: 0.09677220154149338
Epoch 23 time: 236.4100317955017 seconds
Epoch 23 accuracy: 59.58%
Batch 100, Loss: 0.9310
Batch 200, Loss: 0.9794
Batch 300, Loss: 0.9928
Epoch 24 learning rate: 0.09648882429441258
Epoch 24 time: 236.22188115119934 seconds
Epoch 24 accuracy: 60.29%
Batch 100, Loss: 0.9067
Batch 200, Loss: 0.9773
Batch 300, Loss: 0.9700
Epoch 25 learning rate: 0.09619397662556435
Epoch 25 time: 236.4017984867096 seconds
Epoch 25 accuracy: 61.8%
Batch 100, Loss: 0.9107
Batch 200, Loss: 0.9435
Batch 300, Loss: 0.9928
Epoch 26 learning rate: 0.09588773128419906
Epoch 26 time: 236.43472385406494 seconds
Epoch 26 accuracy: 61.11%
Batch 100, Loss: 0.8767
Batch 200, Loss: 0.9304
Batch 300, Loss: 0.9728
Epoch 27 learning rate: 0.09557016383177226
Epoch 27 time: 236.46261644363403 seconds
Epoch 27 accuracy: 59.26%
Batch 100, Loss: 0.8761
Batch 200, Loss: 0.9236
Batch 300, Loss: 0.9501
Epoch 28 learning rate: 0.09524135262330098
Epoch 28 time: 236.17261338233948 seconds
Epoch 28 accuracy: 61.32%
Batch 100, Loss: 0.8812
Batch 200, Loss: 0.9126
Batch 300, Loss: 0.9313
Epoch 29 learning rate: 0.09490137878803079
Epoch 29 time: 236.4061985015869 seconds
Epoch 29 accuracy: 62.93%
Batch 100, Loss: 0.8721
Batch 200, Loss: 0.9164
Batch 300, Loss: 0.9367
Epoch 30 learning rate: 0.0945503262094184
Epoch 30 time: 236.225768327713 seconds
Epoch 30 accuracy: 60.74%
Batch 100, Loss: 0.8650
Batch 200, Loss: 0.9102
Batch 300, Loss: 0.9305
Epoch 31 learning rate: 0.0941882815044347
Epoch 31 time: 236.2049744129181 seconds
Epoch 31 accuracy: 61.69%
Batch 100, Loss: 0.8506
Batch 200, Loss: 0.8927
Batch 300, Loss: 0.9213
Epoch 32 learning rate: 0.09381533400219319
Epoch 32 time: 236.34167575836182 seconds
Epoch 32 accuracy: 59.4%
Batch 100, Loss: 0.8310
Batch 200, Loss: 0.8871
Batch 300, Loss: 0.9008
Epoch 33 learning rate: 0.09343157572190958
Epoch 33 time: 236.27541661262512 seconds
Epoch 33 accuracy: 61.88%
Batch 100, Loss: 0.8290
Batch 200, Loss: 0.8918
Batch 300, Loss: 0.9021
Epoch 34 learning rate: 0.0930371013501972
Epoch 34 time: 236.30898261070251 seconds
Epoch 34 accuracy: 61.48%
Batch 100, Loss: 0.8150
Batch 200, Loss: 0.8765
Batch 300, Loss: 0.8796
Epoch 35 learning rate: 0.09263200821770463
Epoch 35 time: 236.37149238586426 seconds
Epoch 35 accuracy: 61.44%
Batch 100, Loss: 0.8406
Batch 200, Loss: 0.8596
Batch 300, Loss: 0.8906
Epoch 36 learning rate: 0.09221639627510078
Epoch 36 time: 236.37477827072144 seconds
Epoch 36 accuracy: 62.13%
Batch 100, Loss: 0.8079
Batch 200, Loss: 0.8473
Batch 300, Loss: 0.8804
Epoch 37 learning rate: 0.09179036806841355
Epoch 37 time: 236.3955202102661 seconds
Epoch 37 accuracy: 61.47%
Batch 100, Loss: 0.8284
Batch 200, Loss: 0.8284
Batch 300, Loss: 0.8635
Epoch 38 learning rate: 0.09135402871372812
Epoch 38 time: 236.3279435634613 seconds
Epoch 38 accuracy: 58.84%
Batch 100, Loss: 0.7860
Batch 200, Loss: 0.8260
Batch 300, Loss: 0.8719
Epoch 39 learning rate: 0.0909074858712512
Epoch 39 time: 236.1412706375122 seconds
Epoch 39 accuracy: 59.43%
Batch 100, Loss: 0.7800
Batch 200, Loss: 0.8374
Batch 300, Loss: 0.8519
Epoch 40 learning rate: 0.09045084971874741
Epoch 40 time: 236.37783575057983 seconds
Epoch 40 accuracy: 61.7%
Batch 100, Loss: 0.7928
Batch 200, Loss: 0.8237
Batch 300, Loss: 0.8520
Epoch 41 learning rate: 0.08998423292435458
Epoch 41 time: 236.43315482139587 seconds
Epoch 41 accuracy: 61.96%
Batch 100, Loss: 0.7716
Batch 200, Loss: 0.8089
Batch 300, Loss: 0.8606
Epoch 42 learning rate: 0.08950775061878455
Epoch 42 time: 236.2595579624176 seconds
Epoch 42 accuracy: 62.33%
Batch 100, Loss: 0.7551
Batch 200, Loss: 0.7915
Batch 300, Loss: 0.8585
Epoch 43 learning rate: 0.08902152036691653
Epoch 43 time: 236.41113209724426 seconds
Epoch 43 accuracy: 62.12%
Batch 100, Loss: 0.7380
Batch 200, Loss: 0.8048
Batch 300, Loss: 0.8173
Epoch 44 learning rate: 0.08852566213878951
Epoch 44 time: 236.35122799873352 seconds
Epoch 44 accuracy: 62.83%
Batch 100, Loss: 0.7512
Batch 200, Loss: 0.8043
Batch 300, Loss: 0.8198
Epoch 45 learning rate: 0.0880202982800016
Epoch 45 time: 236.41902875900269 seconds
Epoch 45 accuracy: 64.04%
Batch 100, Loss: 0.7308
Batch 200, Loss: 0.8049
Batch 300, Loss: 0.8000
Epoch 46 learning rate: 0.08750555348152303
Epoch 46 time: 236.34991765022278 seconds
Epoch 46 accuracy: 60.81%
Batch 100, Loss: 0.7381
Batch 200, Loss: 0.7758
Batch 300, Loss: 0.8234
Epoch 47 learning rate: 0.08698155474893052
Epoch 47 time: 236.36842226982117 seconds
Epoch 47 accuracy: 64.65%
Batch 100, Loss: 0.7206
Batch 200, Loss: 0.7692
Batch 300, Loss: 0.8060
Epoch 48 learning rate: 0.08644843137107061
Epoch 48 time: 236.37922525405884 seconds
Epoch 48 accuracy: 65.0%
Batch 100, Loss: 0.7431
Batch 200, Loss: 0.7719
Batch 300, Loss: 0.7853
Epoch 49 learning rate: 0.08590631488815947
Epoch 49 time: 236.25363183021545 seconds
Epoch 49 accuracy: 64.02%
Batch 100, Loss: 0.7231
Batch 200, Loss: 0.7849
Batch 300, Loss: 0.7839
Epoch 50 learning rate: 0.0853553390593274
Epoch 50 time: 236.26383328437805 seconds
Epoch 50 accuracy: 63.54%
Batch 100, Loss: 0.7119
Batch 200, Loss: 0.7489
Batch 300, Loss: 0.7763
Epoch 51 learning rate: 0.08479563982961574
Epoch 51 time: 236.3077323436737 seconds
Epoch 51 accuracy: 62.51%
Batch 100, Loss: 0.7283
Batch 200, Loss: 0.7390
Batch 300, Loss: 0.7765
Epoch 52 learning rate: 0.08422735529643446
Epoch 52 time: 236.3528332710266 seconds
Epoch 52 accuracy: 64.05%
Batch 100, Loss: 0.6966
Batch 200, Loss: 0.7245
Batch 300, Loss: 0.7769
Epoch 53 learning rate: 0.08365062567548869
Epoch 53 time: 236.2539985179901 seconds
Epoch 53 accuracy: 63.65%
Batch 100, Loss: 0.6981
Batch 200, Loss: 0.7356
Batch 300, Loss: 0.7512
Epoch 54 learning rate: 0.08306559326618261
Epoch 54 time: 236.32583594322205 seconds
Epoch 54 accuracy: 64.23%
Batch 100, Loss: 0.6789
Batch 200, Loss: 0.7366
Batch 300, Loss: 0.7675
Epoch 55 learning rate: 0.0824724024165092
Epoch 55 time: 236.42513513565063 seconds
Epoch 55 accuracy: 62.22%
Batch 100, Loss: 0.6907
Batch 200, Loss: 0.7320
Batch 300, Loss: 0.7758
Epoch 56 learning rate: 0.0818711994874345
Epoch 56 time: 236.37961721420288 seconds
Epoch 56 accuracy: 63.87%
Batch 100, Loss: 0.6707
Batch 200, Loss: 0.7156
Batch 300, Loss: 0.7523
Epoch 57 learning rate: 0.08126213281678528
Epoch 57 time: 236.3909182548523 seconds
Epoch 57 accuracy: 65.27%
Batch 100, Loss: 0.6706
Batch 200, Loss: 0.7198
Batch 300, Loss: 0.7325
Epoch 58 learning rate: 0.08064535268264884
Epoch 58 time: 236.47533917427063 seconds
Epoch 58 accuracy: 64.71%
Batch 100, Loss: 0.6581
Batch 200, Loss: 0.6995
Batch 300, Loss: 0.7210
Epoch 59 learning rate: 0.08002101126629421
Epoch 59 time: 236.37080836296082 seconds
Epoch 59 accuracy: 62.59%
Batch 100, Loss: 0.6584
Batch 200, Loss: 0.6994
Batch 300, Loss: 0.7309
Epoch 60 learning rate: 0.07938926261462367
Epoch 60 time: 236.36745834350586 seconds
Epoch 60 accuracy: 66.52%
Batch 100, Loss: 0.6569
Batch 200, Loss: 0.6860
Batch 300, Loss: 0.7295
Epoch 61 learning rate: 0.07875026260216395
Epoch 61 time: 236.25995302200317 seconds
Epoch 61 accuracy: 65.62%
Batch 100, Loss: 0.6489
Batch 200, Loss: 0.6777
Batch 300, Loss: 0.7183
Epoch 62 learning rate: 0.07810416889260656
Epoch 62 time: 236.22416853904724 seconds
Epoch 62 accuracy: 64.17%
Batch 100, Loss: 0.6567
Batch 200, Loss: 0.6697
Batch 300, Loss: 0.7020
Epoch 63 learning rate: 0.07745114089990661
Epoch 63 time: 236.30133318901062 seconds
Epoch 63 accuracy: 65.34%
Batch 100, Loss: 0.6184
Batch 200, Loss: 0.6628
Batch 300, Loss: 0.7039
Epoch 64 learning rate: 0.07679133974894985
Epoch 64 time: 236.29979252815247 seconds
Epoch 64 accuracy: 65.08%
Batch 100, Loss: 0.6283
Batch 200, Loss: 0.6667
Batch 300, Loss: 0.6863
Epoch 65 learning rate: 0.07612492823579746
Epoch 65 time: 236.42450594902039 seconds
Epoch 65 accuracy: 67.52%
Batch 100, Loss: 0.6159
Batch 200, Loss: 0.6669
Batch 300, Loss: 0.6782
Epoch 66 learning rate: 0.07545207078751859
Epoch 66 time: 236.32882452011108 seconds
Epoch 66 accuracy: 67.28%
Batch 100, Loss: 0.6215
Batch 200, Loss: 0.6503
Batch 300, Loss: 0.6802
Epoch 67 learning rate: 0.0747729334216204
Epoch 67 time: 236.39499521255493 seconds
Epoch 67 accuracy: 66.41%
Batch 100, Loss: 0.6161
Batch 200, Loss: 0.6423
Batch 300, Loss: 0.6788
Epoch 68 learning rate: 0.07408768370508578
Epoch 68 time: 236.36394143104553 seconds
Epoch 68 accuracy: 66.16%
Batch 100, Loss: 0.5943
Batch 200, Loss: 0.6395
Batch 300, Loss: 0.6622
Epoch 69 learning rate: 0.0733964907130287
Epoch 69 time: 236.41295313835144 seconds
Epoch 69 accuracy: 65.5%
Batch 100, Loss: 0.5911
Batch 200, Loss: 0.6244
Batch 300, Loss: 0.6576
Epoch 70 learning rate: 0.07269952498697736
Epoch 70 time: 236.16870045661926 seconds
Epoch 70 accuracy: 64.54%
Batch 100, Loss: 0.5809
Batch 200, Loss: 0.6176
Batch 300, Loss: 0.6569
Epoch 71 learning rate: 0.07199695849279578
Epoch 71 time: 236.35818719863892 seconds
Epoch 71 accuracy: 65.03%
Batch 100, Loss: 0.5639
Batch 200, Loss: 0.6264
Batch 300, Loss: 0.6537
Epoch 72 learning rate: 0.07128896457825366
Epoch 72 time: 236.3514759540558 seconds
Epoch 72 accuracy: 65.87%
Batch 100, Loss: 0.5721
Batch 200, Loss: 0.5984
Batch 300, Loss: 0.6355
Epoch 73 learning rate: 0.07057571793025548
Epoch 73 time: 236.22434401512146 seconds
Epoch 73 accuracy: 66.35%
Batch 100, Loss: 0.5859
Batch 200, Loss: 0.6004
Batch 300, Loss: 0.6358
Epoch 74 learning rate: 0.06985739453173906
Epoch 74 time: 236.2434802055359 seconds
Epoch 74 accuracy: 65.82%
Batch 100, Loss: 0.5483
Batch 200, Loss: 0.5907
Batch 300, Loss: 0.6305
Epoch 75 learning rate: 0.06913417161825453
Epoch 75 time: 236.2779643535614 seconds
Epoch 75 accuracy: 63.06%
Batch 100, Loss: 0.5542
Batch 200, Loss: 0.5786
Batch 300, Loss: 0.6227
Epoch 76 learning rate: 0.06840622763423394
Epoch 76 time: 236.25029253959656 seconds
Epoch 76 accuracy: 67.46%
Batch 100, Loss: 0.5335
Batch 200, Loss: 0.5768
Batch 300, Loss: 0.6094
Epoch 77 learning rate: 0.0676737421889629
Epoch 77 time: 236.08493208885193 seconds
Epoch 77 accuracy: 66.17%
Batch 100, Loss: 0.5453
Batch 200, Loss: 0.5708
Batch 300, Loss: 0.6106
Epoch 78 learning rate: 0.06693689601226462
Epoch 78 time: 236.25446105003357 seconds
Epoch 78 accuracy: 64.93%
Batch 100, Loss: 0.5205
Batch 200, Loss: 0.5742
Batch 300, Loss: 0.5945
Epoch 79 learning rate: 0.06619587090990751
Epoch 79 time: 236.23224806785583 seconds
Epoch 79 accuracy: 66.81%
Batch 100, Loss: 0.5331
Batch 200, Loss: 0.5448
Batch 300, Loss: 0.5855
Epoch 80 learning rate: 0.06545084971874741
Epoch 80 time: 236.32449436187744 seconds
Epoch 80 accuracy: 66.22%
Batch 100, Loss: 0.5159
Batch 200, Loss: 0.5537
Batch 300, Loss: 0.6017
Epoch 81 learning rate: 0.06470201626161524
Epoch 81 time: 236.37638545036316 seconds
Epoch 81 accuracy: 65.22%
Batch 100, Loss: 0.4944
Batch 200, Loss: 0.5319
Batch 300, Loss: 0.5811
Epoch 82 learning rate: 0.06394955530196152
Epoch 82 time: 236.28412890434265 seconds
Epoch 82 accuracy: 67.61%
Batch 100, Loss: 0.5059
Batch 200, Loss: 0.5149
Batch 300, Loss: 0.5365
Epoch 83 learning rate: 0.06319365249826868
Epoch 83 time: 236.3887710571289 seconds
Epoch 83 accuracy: 67.33%
Batch 100, Loss: 0.4840
Batch 200, Loss: 0.5350
Batch 300, Loss: 0.5699
Epoch 84 learning rate: 0.06243449435824277
Epoch 84 time: 236.22452545166016 seconds
Epoch 84 accuracy: 66.54%
Batch 100, Loss: 0.4810
Batch 200, Loss: 0.5299
Batch 300, Loss: 0.5472
Epoch 85 learning rate: 0.06167226819279532
Epoch 85 time: 236.14848160743713 seconds
Epoch 85 accuracy: 66.94%
Batch 100, Loss: 0.4828
Batch 200, Loss: 0.5083
Batch 300, Loss: 0.5401
Epoch 86 learning rate: 0.06090716206982718
Epoch 86 time: 236.28548383712769 seconds
Epoch 86 accuracy: 68.58%
Batch 100, Loss: 0.4785
Batch 200, Loss: 0.5084
Batch 300, Loss: 0.5400
Epoch 87 learning rate: 0.06013936476782568
Epoch 87 time: 236.25564765930176 seconds
Epoch 87 accuracy: 67.59%
Batch 100, Loss: 0.4748
Batch 200, Loss: 0.4951
Batch 300, Loss: 0.5311
Epoch 88 learning rate: 0.05936906572928629
Epoch 88 time: 236.18985176086426 seconds
Epoch 88 accuracy: 67.92%
Batch 100, Loss: 0.4650
Batch 200, Loss: 0.4784
Batch 300, Loss: 0.5184
Epoch 89 learning rate: 0.05859645501397052
Epoch 89 time: 236.25614094734192 seconds
Epoch 89 accuracy: 68.47%
Batch 100, Loss: 0.4364
Batch 200, Loss: 0.4772
Batch 300, Loss: 0.5028
Epoch 90 learning rate: 0.05782172325201159
Epoch 90 time: 236.34785437583923 seconds
Epoch 90 accuracy: 68.1%
Batch 100, Loss: 0.4496
Batch 200, Loss: 0.4649
Batch 300, Loss: 0.5184
Epoch 91 learning rate: 0.057045061596879186
Epoch 91 time: 236.05357789993286 seconds
Epoch 91 accuracy: 68.62%
Batch 100, Loss: 0.4395
Batch 200, Loss: 0.4609
Batch 300, Loss: 0.5005
Epoch 92 learning rate: 0.056266661678215264
Epoch 92 time: 236.35040831565857 seconds
Epoch 92 accuracy: 68.51%
Batch 100, Loss: 0.4276
Batch 200, Loss: 0.4536
Batch 300, Loss: 0.4987
Epoch 93 learning rate: 0.055486715554552306
Epoch 93 time: 236.31774759292603 seconds
Epoch 93 accuracy: 68.8%
Batch 100, Loss: 0.4229
Batch 200, Loss: 0.4569
Batch 300, Loss: 0.5007
Epoch 94 learning rate: 0.05470541566592575
Epoch 94 time: 236.3437581062317 seconds
Epoch 94 accuracy: 67.71%
Batch 100, Loss: 0.4188
Batch 200, Loss: 0.4429
Batch 300, Loss: 0.4672
Epoch 95 learning rate: 0.05392295478639229
Epoch 95 time: 236.22371578216553 seconds
Epoch 95 accuracy: 66.43%
Batch 100, Loss: 0.4031
Batch 200, Loss: 0.4361
Batch 300, Loss: 0.4750
Epoch 96 learning rate: 0.05313952597646571
Epoch 96 time: 236.25025868415833 seconds
Epoch 96 accuracy: 69.52%
Batch 100, Loss: 0.3994
Batch 200, Loss: 0.4228
Batch 300, Loss: 0.4439
Epoch 97 learning rate: 0.05235532253548216
Epoch 97 time: 236.26568126678467 seconds
Epoch 97 accuracy: 67.91%
Batch 100, Loss: 0.3886
Batch 200, Loss: 0.3948
Batch 300, Loss: 0.4610
Epoch 98 learning rate: 0.051570537953906447
Epoch 98 time: 236.3470377922058 seconds
Epoch 98 accuracy: 68.73%
Batch 100, Loss: 0.3808
Batch 200, Loss: 0.4066
Batch 300, Loss: 0.4477
Epoch 99 learning rate: 0.05078536586559106
Epoch 99 time: 236.30427193641663 seconds
Epoch 99 accuracy: 69.95%
Batch 100, Loss: 0.3729
Batch 200, Loss: 0.4028
Batch 300, Loss: 0.4335
Epoch 100 learning rate: 0.050000000000000024
Epoch 100 time: 236.24607968330383 seconds
Epoch 100 accuracy: 69.18%
Batch 100, Loss: 0.3655
Batch 200, Loss: 0.3950
Batch 300, Loss: 0.4283
Epoch 101 learning rate: 0.049214634134409
Epoch 101 time: 236.14812970161438 seconds
Epoch 101 accuracy: 68.88%
Batch 100, Loss: 0.3659
Batch 200, Loss: 0.3922
Batch 300, Loss: 0.4170
Epoch 102 learning rate: 0.04842946204609361
Epoch 102 time: 236.19432091712952 seconds
Epoch 102 accuracy: 70.44%
Batch 100, Loss: 0.3459
Batch 200, Loss: 0.3664
Batch 300, Loss: 0.3826
Epoch 103 learning rate: 0.04764467746451789
Epoch 103 time: 236.32520055770874 seconds
Epoch 103 accuracy: 70.38%
Batch 100, Loss: 0.3424
Batch 200, Loss: 0.3704
Batch 300, Loss: 0.3932
Epoch 104 learning rate: 0.046860474023534354
Epoch 104 time: 236.25009298324585 seconds
Epoch 104 accuracy: 67.57%
Batch 100, Loss: 0.3414
Batch 200, Loss: 0.3464
Batch 300, Loss: 0.3837
Epoch 105 learning rate: 0.04607704521360778
Epoch 105 time: 236.28692936897278 seconds
Epoch 105 accuracy: 70.73%
Batch 100, Loss: 0.3265
Batch 200, Loss: 0.3505
Batch 300, Loss: 0.3819
Epoch 106 learning rate: 0.04529458433407431
Epoch 106 time: 236.41122961044312 seconds
Epoch 106 accuracy: 70.81%
Batch 100, Loss: 0.3322
Batch 200, Loss: 0.3449
Batch 300, Loss: 0.3786
Epoch 107 learning rate: 0.04451328444544776
Epoch 107 time: 236.33972692489624 seconds
Epoch 107 accuracy: 71.83%
Batch 100, Loss: 0.3236
Batch 200, Loss: 0.3294
Batch 300, Loss: 0.3635
Epoch 108 learning rate: 0.04373333832178482
Epoch 108 time: 236.43575286865234 seconds
Epoch 108 accuracy: 70.9%
Batch 100, Loss: 0.3156
Batch 200, Loss: 0.3247
Batch 300, Loss: 0.3376
Epoch 109 learning rate: 0.0429549384031209
Epoch 109 time: 236.31237173080444 seconds
Epoch 109 accuracy: 68.46%
Batch 100, Loss: 0.3053
Batch 200, Loss: 0.3150
Batch 300, Loss: 0.3537
Epoch 110 learning rate: 0.042178276747988484
Epoch 110 time: 236.26560354232788 seconds
Epoch 110 accuracy: 70.24%
Batch 100, Loss: 0.2910
Batch 200, Loss: 0.3002
Batch 300, Loss: 0.3223
Epoch 111 learning rate: 0.04140354498602954
Epoch 111 time: 236.22649383544922 seconds
Epoch 111 accuracy: 70.41%
Batch 100, Loss: 0.2837
Batch 200, Loss: 0.3100
Batch 300, Loss: 0.3275
Epoch 112 learning rate: 0.0406309342707138
Epoch 112 time: 236.28124976158142 seconds
Epoch 112 accuracy: 70.64%
Batch 100, Loss: 0.2819
Batch 200, Loss: 0.2945
Batch 300, Loss: 0.3129
Epoch 113 learning rate: 0.03986063523217441
Epoch 113 time: 236.26739525794983 seconds
Epoch 113 accuracy: 70.95%
Batch 100, Loss: 0.2759
Batch 200, Loss: 0.2871
Batch 300, Loss: 0.3061
Epoch 114 learning rate: 0.039092837930172916
Epoch 114 time: 236.24620366096497 seconds
Epoch 114 accuracy: 71.62%
Batch 100, Loss: 0.2640
Batch 200, Loss: 0.2757
Batch 300, Loss: 0.3018
Epoch 115 learning rate: 0.03832773180720475
Epoch 115 time: 236.2808802127838 seconds
Epoch 115 accuracy: 70.03%
Batch 100, Loss: 0.2668
Batch 200, Loss: 0.2626
Batch 300, Loss: 0.2947
Epoch 116 learning rate: 0.037565505641757285
Epoch 116 time: 236.29796242713928 seconds
Epoch 116 accuracy: 71.13%
Batch 100, Loss: 0.2424
Batch 200, Loss: 0.2532
Batch 300, Loss: 0.2694
Epoch 117 learning rate: 0.03680634750173138
Epoch 117 time: 236.1718430519104 seconds
Epoch 117 accuracy: 71.45%
Batch 100, Loss: 0.2420
Batch 200, Loss: 0.2446
Batch 300, Loss: 0.2712
Epoch 118 learning rate: 0.036050444698038565
Epoch 118 time: 236.28280305862427 seconds
Epoch 118 accuracy: 71.05%
Batch 100, Loss: 0.2364
Batch 200, Loss: 0.2475
Batch 300, Loss: 0.2633
Epoch 119 learning rate: 0.03529798373838483
Epoch 119 time: 236.1827108860016 seconds
Epoch 119 accuracy: 72.56%
Batch 100, Loss: 0.2373
Batch 200, Loss: 0.2404
Batch 300, Loss: 0.2721
Epoch 120 learning rate: 0.03454915028125267
Epoch 120 time: 236.20647525787354 seconds
Epoch 120 accuracy: 72.32%
Batch 100, Loss: 0.2230
Batch 200, Loss: 0.2306
Batch 300, Loss: 0.2520
Epoch 121 learning rate: 0.03380412909009255
Epoch 121 time: 236.31409573554993 seconds
Epoch 121 accuracy: 71.79%
Batch 100, Loss: 0.2174
Batch 200, Loss: 0.2281
Batch 300, Loss: 0.2573
Epoch 122 learning rate: 0.03306310398773545
Epoch 122 time: 236.20707511901855 seconds
Epoch 122 accuracy: 71.57%
Batch 100, Loss: 0.2070
Batch 200, Loss: 0.2215
Batch 300, Loss: 0.2315
Epoch 123 learning rate: 0.03232625781103717
Epoch 123 time: 236.22323846817017 seconds
Epoch 123 accuracy: 71.38%
Batch 100, Loss: 0.1958
Batch 200, Loss: 0.2048
Batch 300, Loss: 0.2243
Epoch 124 learning rate: 0.03159377236576613
Epoch 124 time: 236.17042064666748 seconds
Epoch 124 accuracy: 73.17%
Batch 100, Loss: 0.1954
Batch 200, Loss: 0.1990
Batch 300, Loss: 0.2263
Epoch 125 learning rate: 0.030865828381745543
Epoch 125 time: 236.3273286819458 seconds
Epoch 125 accuracy: 72.27%
Batch 100, Loss: 0.1901
Batch 200, Loss: 0.1991
Batch 300, Loss: 0.2193
Epoch 126 learning rate: 0.03014260546826098
Epoch 126 time: 236.21552801132202 seconds
Epoch 126 accuracy: 72.81%
Batch 100, Loss: 0.1830
Batch 200, Loss: 0.1938
Batch 300, Loss: 0.2060
Epoch 127 learning rate: 0.02942428206974458
Epoch 127 time: 236.25892114639282 seconds
Epoch 127 accuracy: 72.09%
Batch 100, Loss: 0.1765
Batch 200, Loss: 0.1846
Batch 300, Loss: 0.2039
Epoch 128 learning rate: 0.028711035421746387
Epoch 128 time: 236.19800305366516 seconds
Epoch 128 accuracy: 72.54%
Batch 100, Loss: 0.1756
Batch 200, Loss: 0.1857
Batch 300, Loss: 0.1893
Epoch 129 learning rate: 0.02800304150720426
Epoch 129 time: 236.12302494049072 seconds
Epoch 129 accuracy: 72.94%
Batch 100, Loss: 0.1652
Batch 200, Loss: 0.1682
Batch 300, Loss: 0.1793
Epoch 130 learning rate: 0.02730047501302268
Epoch 130 time: 236.32923984527588 seconds
Epoch 130 accuracy: 73.17%
Batch 100, Loss: 0.1658
Batch 200, Loss: 0.1696
Batch 300, Loss: 0.1836
Epoch 131 learning rate: 0.026603509286971357
Epoch 131 time: 236.26455569267273 seconds
Epoch 131 accuracy: 72.88%
Batch 100, Loss: 0.1636
Batch 200, Loss: 0.1632
Batch 300, Loss: 0.1779
Epoch 132 learning rate: 0.025912316294914244
Epoch 132 time: 236.248717546463 seconds
Epoch 132 accuracy: 72.99%
Batch 100, Loss: 0.1518
Batch 200, Loss: 0.1485
Batch 300, Loss: 0.1680
Epoch 133 learning rate: 0.025227066578379632
Epoch 133 time: 236.19189643859863 seconds
Epoch 133 accuracy: 73.58%
Batch 100, Loss: 0.1475
Batch 200, Loss: 0.1455
Batch 300, Loss: 0.1565
Epoch 134 learning rate: 0.024547929212481445
Epoch 134 time: 236.88307785987854 seconds
Epoch 134 accuracy: 74.43%
Batch 100, Loss: 0.1459
Batch 200, Loss: 0.1439
Batch 300, Loss: 0.1530
Epoch 135 learning rate: 0.02387507176420257
Epoch 135 time: 236.3259997367859 seconds
Epoch 135 accuracy: 74.25%
Batch 100, Loss: 0.1355
Batch 200, Loss: 0.1352
Batch 300, Loss: 0.1464
Epoch 136 learning rate: 0.023208660251050166
Epoch 136 time: 236.37695598602295 seconds
Epoch 136 accuracy: 74.14%
Batch 100, Loss: 0.1303
Batch 200, Loss: 0.1342
Batch 300, Loss: 0.1418
Epoch 137 learning rate: 0.022548859100093414
Epoch 137 time: 236.27217841148376 seconds
Epoch 137 accuracy: 75.6%
Batch 100, Loss: 0.1220
Batch 200, Loss: 0.1247
Batch 300, Loss: 0.1371
Epoch 138 learning rate: 0.021895831107393474
Epoch 138 time: 236.3650279045105 seconds
Epoch 138 accuracy: 75.38%
Batch 100, Loss: 0.1195
Batch 200, Loss: 0.1219
Batch 300, Loss: 0.1323
Epoch 139 learning rate: 0.02124973739783608
Epoch 139 time: 236.3727686405182 seconds
Epoch 139 accuracy: 74.4%
Batch 100, Loss: 0.1231
Batch 200, Loss: 0.1229
Batch 300, Loss: 0.1275
Epoch 140 learning rate: 0.02061073738537636
Epoch 140 time: 236.1608648300171 seconds
Epoch 140 accuracy: 74.99%
Batch 100, Loss: 0.1125
Batch 200, Loss: 0.1116
Batch 300, Loss: 0.1236
Epoch 141 learning rate: 0.019978988733705814
Epoch 141 time: 236.13716888427734 seconds
Epoch 141 accuracy: 75.09%
Batch 100, Loss: 0.1123
Batch 200, Loss: 0.1140
Batch 300, Loss: 0.1176
Epoch 142 learning rate: 0.01935464731735118
Epoch 142 time: 236.2300148010254 seconds
Epoch 142 accuracy: 75.58%
Batch 100, Loss: 0.1037
Batch 200, Loss: 0.1062
Batch 300, Loss: 0.1144
Epoch 143 learning rate: 0.018737867183214747
Epoch 143 time: 236.21722388267517 seconds
Epoch 143 accuracy: 75.72%
Batch 100, Loss: 0.1031
Batch 200, Loss: 0.1039
Batch 300, Loss: 0.1118
Epoch 144 learning rate: 0.01812880051256552
Epoch 144 time: 236.18618965148926 seconds
Epoch 144 accuracy: 76.06%
Batch 100, Loss: 0.0969
Batch 200, Loss: 0.0949
Batch 300, Loss: 0.1028
Epoch 145 learning rate: 0.017527597583490827
Epoch 145 time: 236.27036547660828 seconds
Epoch 145 accuracy: 75.68%
Batch 100, Loss: 0.0956
Batch 200, Loss: 0.0944
Batch 300, Loss: 0.0979
Epoch 146 learning rate: 0.01693440673381742
Epoch 146 time: 236.30317401885986 seconds
Epoch 146 accuracy: 76.75%
Batch 100, Loss: 0.0894
Batch 200, Loss: 0.0915
Batch 300, Loss: 0.0973
Epoch 147 learning rate: 0.016349374324511334
Epoch 147 time: 236.23196291923523 seconds
Epoch 147 accuracy: 76.72%
Batch 100, Loss: 0.0852
Batch 200, Loss: 0.0893
Batch 300, Loss: 0.0942
Epoch 148 learning rate: 0.01577264470356557
Epoch 148 time: 236.26132893562317 seconds
Epoch 148 accuracy: 76.48%
Batch 100, Loss: 0.0844
Batch 200, Loss: 0.0870
Batch 300, Loss: 0.0878
Epoch 149 learning rate: 0.01520436017038429
Epoch 149 time: 236.31454801559448 seconds
Epoch 149 accuracy: 76.91%
Batch 100, Loss: 0.0797
Batch 200, Loss: 0.0803
Batch 300, Loss: 0.0844
Epoch 150 learning rate: 0.014644660940672632
Epoch 150 time: 236.36674237251282 seconds
Epoch 150 accuracy: 76.38%
Batch 100, Loss: 0.0762
Batch 200, Loss: 0.0820
Batch 300, Loss: 0.0816
Epoch 151 learning rate: 0.01409368511184057
Epoch 151 time: 236.39228463172913 seconds
Epoch 151 accuracy: 77.05%
Batch 100, Loss: 0.0766
Batch 200, Loss: 0.0790
Batch 300, Loss: 0.0771
Epoch 152 learning rate: 0.013551568628929438
Epoch 152 time: 236.15665364265442 seconds
Epoch 152 accuracy: 76.54%
Batch 100, Loss: 0.0722
Batch 200, Loss: 0.0740
Batch 300, Loss: 0.0768
Epoch 153 learning rate: 0.013018445251069516
Epoch 153 time: 236.355370759964 seconds
Epoch 153 accuracy: 77.19%
Batch 100, Loss: 0.0712
Batch 200, Loss: 0.0715
Batch 300, Loss: 0.0744
Epoch 154 learning rate: 0.012494446518477026
Epoch 154 time: 236.42072010040283 seconds
Epoch 154 accuracy: 77.78%
Batch 100, Loss: 0.0677
Batch 200, Loss: 0.0714
Batch 300, Loss: 0.0719
Epoch 155 learning rate: 0.011979701719998459
Epoch 155 time: 236.0943639278412 seconds
Epoch 155 accuracy: 77.45%
Batch 100, Loss: 0.0668
Batch 200, Loss: 0.0659
Batch 300, Loss: 0.0707
Epoch 156 learning rate: 0.011474337861210548
Epoch 156 time: 236.40746974945068 seconds
Epoch 156 accuracy: 77.6%
Batch 100, Loss: 0.0624
Batch 200, Loss: 0.0647
Batch 300, Loss: 0.0673
Epoch 157 learning rate: 0.010978479633083526
Epoch 157 time: 236.45156407356262 seconds
Epoch 157 accuracy: 77.23%
Batch 100, Loss: 0.0614
Batch 200, Loss: 0.0628
Batch 300, Loss: 0.0645
Epoch 158 learning rate: 0.010492249381215483
Epoch 158 time: 236.29588556289673 seconds
Epoch 158 accuracy: 77.9%
Batch 100, Loss: 0.0602
Batch 200, Loss: 0.0609
Batch 300, Loss: 0.0623
Epoch 159 learning rate: 0.010015767075645474
Epoch 159 time: 236.23225593566895 seconds
Epoch 159 accuracy: 77.92%
Batch 100, Loss: 0.0567
Batch 200, Loss: 0.0571
Batch 300, Loss: 0.0614
Epoch 160 learning rate: 0.009549150281252637
Epoch 160 time: 236.2991394996643 seconds
Epoch 160 accuracy: 78.14%
Batch 100, Loss: 0.0550
Batch 200, Loss: 0.0567
Batch 300, Loss: 0.0572
Epoch 161 learning rate: 0.00909251412874884
Epoch 161 time: 236.35275053977966 seconds
Epoch 161 accuracy: 78.22%
Batch 100, Loss: 0.0545
Batch 200, Loss: 0.0546
Batch 300, Loss: 0.0562
Epoch 162 learning rate: 0.008645971286271918
Epoch 162 time: 236.15031147003174 seconds
Epoch 162 accuracy: 78.22%
Batch 100, Loss: 0.0530
Batch 200, Loss: 0.0543
Batch 300, Loss: 0.0533
Epoch 163 learning rate: 0.008209631931586501
Epoch 163 time: 236.30150890350342 seconds
Epoch 163 accuracy: 78.49%
Batch 100, Loss: 0.0513
Batch 200, Loss: 0.0518
Batch 300, Loss: 0.0537
Epoch 164 learning rate: 0.0077836037248992605
Epoch 164 time: 236.42720246315002 seconds
Epoch 164 accuracy: 78.61%
Batch 100, Loss: 0.0496
Batch 200, Loss: 0.0508
Batch 300, Loss: 0.0535
Epoch 165 learning rate: 0.0073679917822954055
Epoch 165 time: 236.35266661643982 seconds
Epoch 165 accuracy: 78.65%
Batch 100, Loss: 0.0488
Batch 200, Loss: 0.0499
Batch 300, Loss: 0.0504
Epoch 166 learning rate: 0.006962898649802815
Epoch 166 time: 236.56248569488525 seconds
Epoch 166 accuracy: 78.8%
Batch 100, Loss: 0.0464
Batch 200, Loss: 0.0470
Batch 300, Loss: 0.0503
Epoch 167 learning rate: 0.006568424278090438
Epoch 167 time: 236.5215322971344 seconds
Epoch 167 accuracy: 78.87%
Batch 100, Loss: 0.0456
Batch 200, Loss: 0.0467
Batch 300, Loss: 0.0487
Epoch 168 learning rate: 0.006184665997806824
Epoch 168 time: 236.43718457221985 seconds
Epoch 168 accuracy: 78.77%
Batch 100, Loss: 0.0457
Batch 200, Loss: 0.0457
Batch 300, Loss: 0.0470
Epoch 169 learning rate: 0.00581171849556533
Epoch 169 time: 236.32504034042358 seconds
Epoch 169 accuracy: 78.67%
Batch 100, Loss: 0.0435
Batch 200, Loss: 0.0450
Batch 300, Loss: 0.0451
Epoch 170 learning rate: 0.0054496737905816136
Epoch 170 time: 236.30683660507202 seconds
Epoch 170 accuracy: 79.17%
Batch 100, Loss: 0.0424
Batch 200, Loss: 0.0438
Batch 300, Loss: 0.0448
Epoch 171 learning rate: 0.005098621211969226
Epoch 171 time: 236.2628448009491 seconds
Epoch 171 accuracy: 78.96%
Batch 100, Loss: 0.0414
Batch 200, Loss: 0.0415
Batch 300, Loss: 0.0446
Epoch 172 learning rate: 0.004758647376699035
Epoch 172 time: 236.30144262313843 seconds
Epoch 172 accuracy: 79.17%
Batch 100, Loss: 0.0409
Batch 200, Loss: 0.0415
Batch 300, Loss: 0.0431
Epoch 173 learning rate: 0.00442983616822775
Epoch 173 time: 236.39455699920654 seconds
Epoch 173 accuracy: 79.32%
Batch 100, Loss: 0.0416
Batch 200, Loss: 0.0415
Batch 300, Loss: 0.0417
Epoch 174 learning rate: 0.004112268715800957
Epoch 174 time: 236.23705005645752 seconds
Epoch 174 accuracy: 79.76%
Batch 100, Loss: 0.0394
Batch 200, Loss: 0.0405
Batch 300, Loss: 0.0409
Epoch 175 learning rate: 0.003806023374435677
Epoch 175 time: 236.15114068984985 seconds
Epoch 175 accuracy: 79.76%
Batch 100, Loss: 0.0386
Batch 200, Loss: 0.0396
Batch 300, Loss: 0.0394
Epoch 176 learning rate: 0.003511175705587435
Epoch 176 time: 236.2171754837036 seconds
Epoch 176 accuracy: 79.2%
Batch 100, Loss: 0.0379
Batch 200, Loss: 0.0380
Batch 300, Loss: 0.0395
Epoch 177 learning rate: 0.0032277984585066333
Epoch 177 time: 236.22817492485046 seconds
Epoch 177 accuracy: 79.45%
Batch 100, Loss: 0.0374
Batch 200, Loss: 0.0382
Batch 300, Loss: 0.0383
Epoch 178 learning rate: 0.002955961552288729
Epoch 178 time: 236.24581670761108 seconds
Epoch 178 accuracy: 79.66%
Batch 100, Loss: 0.0372
Batch 200, Loss: 0.0382
Batch 300, Loss: 0.0376
Epoch 179 learning rate: 0.0026957320586227366
Epoch 179 time: 236.33339834213257 seconds
Epoch 179 accuracy: 79.8%
Batch 100, Loss: 0.0356
Batch 200, Loss: 0.0368
Batch 300, Loss: 0.0367
Epoch 180 learning rate: 0.002447174185242325
Epoch 180 time: 236.23549008369446 seconds
Epoch 180 accuracy: 79.5%
Batch 100, Loss: 0.0352
Batch 200, Loss: 0.0365
Batch 300, Loss: 0.0363
Epoch 181 learning rate: 0.0022103492600834954
Epoch 181 time: 236.13915348052979 seconds
Epoch 181 accuracy: 79.68%
Batch 100, Loss: 0.0351
Batch 200, Loss: 0.0355
Batch 300, Loss: 0.0356
Epoch 182 learning rate: 0.0019853157161528537
Epoch 182 time: 236.2315318584442 seconds
Epoch 182 accuracy: 79.54%
Batch 100, Loss: 0.0344
Batch 200, Loss: 0.0343
Batch 300, Loss: 0.0362
Epoch 183 learning rate: 0.001772129077110103
Epoch 183 time: 236.24603724479675 seconds
Epoch 183 accuracy: 79.9%
Batch 100, Loss: 0.0340
Batch 200, Loss: 0.0344
Batch 300, Loss: 0.0355
Epoch 184 learning rate: 0.0015708419435684529
Epoch 184 time: 236.2077567577362 seconds
Epoch 184 accuracy: 79.61%
Batch 100, Loss: 0.0337
Batch 200, Loss: 0.0344
Batch 300, Loss: 0.0342
Epoch 185 learning rate: 0.0013815039801161732
Epoch 185 time: 236.4144983291626 seconds
Epoch 185 accuracy: 79.89%
Batch 100, Loss: 0.0332
Batch 200, Loss: 0.0341
Batch 300, Loss: 0.0336
Epoch 186 learning rate: 0.0012041619030626347
Epoch 186 time: 236.25624585151672 seconds
Epoch 186 accuracy: 79.92%
Batch 100, Loss: 0.0331
Batch 200, Loss: 0.0333
Batch 300, Loss: 0.0336
Epoch 187 learning rate: 0.0010388594689117077
Epoch 187 time: 236.25297832489014 seconds
Epoch 187 accuracy: 79.69%
Batch 100, Loss: 0.0330
Batch 200, Loss: 0.0327
Batch 300, Loss: 0.0331
Epoch 188 learning rate: 0.0008856374635655645
Epoch 188 time: 236.21893858909607 seconds
Epoch 188 accuracy: 79.9%
Batch 100, Loss: 0.0328
Batch 200, Loss: 0.0327
Batch 300, Loss: 0.0330
Epoch 189 learning rate: 0.000744533692261307
Epoch 189 time: 236.33220505714417 seconds
Epoch 189 accuracy: 79.8%
Batch 100, Loss: 0.0325
Batch 200, Loss: 0.0326
Batch 300, Loss: 0.0328
Epoch 190 learning rate: 0.0006155829702431174
Epoch 190 time: 236.26589155197144 seconds
Epoch 190 accuracy: 80.03%
Batch 100, Loss: 0.0314
Batch 200, Loss: 0.0318
Batch 300, Loss: 0.0325
Epoch 191 learning rate: 0.0004988171141721235
Epoch 191 time: 236.34063053131104 seconds
Epoch 191 accuracy: 79.66%
Batch 100, Loss: 0.0318
Batch 200, Loss: 0.0316
Batch 300, Loss: 0.0315
Epoch 192 learning rate: 0.00039426493427611206
Epoch 192 time: 236.3455650806427 seconds
Epoch 192 accuracy: 80.0%
Batch 100, Loss: 0.0314
Batch 200, Loss: 0.0317
Batch 300, Loss: 0.0314
Epoch 193 learning rate: 0.00030195222724102046
Epoch 193 time: 236.21209931373596 seconds
Epoch 193 accuracy: 80.02%
Batch 100, Loss: 0.0318
Batch 200, Loss: 0.0315
Batch 300, Loss: 0.0314
Epoch 194 learning rate: 0.00022190176984600036
Epoch 194 time: 236.29162979125977 seconds
Epoch 194 accuracy: 80.19%
Batch 100, Loss: 0.0315
Batch 200, Loss: 0.0314
Batch 300, Loss: 0.0323
Epoch 195 learning rate: 0.00015413331334360192
Epoch 195 time: 236.19585037231445 seconds
Epoch 195 accuracy: 80.02%
Batch 100, Loss: 0.0314
Batch 200, Loss: 0.0311
Batch 300, Loss: 0.0313
Epoch 196 learning rate: 9.866357858642213e-05
Epoch 196 time: 236.22987580299377 seconds
Epoch 196 accuracy: 80.0%
Batch 100, Loss: 0.0313
Batch 200, Loss: 0.0311
Batch 300, Loss: 0.0313
Epoch 197 learning rate: 5.5506251901504864e-05
Epoch 197 time: 236.19451093673706 seconds
Epoch 197 accuracy: 79.96%
Batch 100, Loss: 0.0310
Batch 200, Loss: 0.0316
Batch 300, Loss: 0.0318
Epoch 198 learning rate: 2.4671981713420017e-05
Epoch 198 time: 236.22289752960205 seconds
Epoch 198 accuracy: 79.98%
Batch 100, Loss: 0.0309
Batch 200, Loss: 0.0313
Batch 300, Loss: 0.0310
Epoch 199 learning rate: 6.168375916970619e-06
Epoch 199 time: 236.15848088264465 seconds
Epoch 199 accuracy: 80.06%
Batch 100, Loss: 0.0308
Batch 200, Loss: 0.0305
Batch 300, Loss: 0.0316
Epoch 200 learning rate: 0.0
Epoch 200 time: 236.27283191680908 seconds
Epoch 200 accuracy: 80.02%
rho:  0.1 , alpha:  0.3
Total training time: 47269.196610212326 seconds
