The following modules were not unloaded:
  (Use "module --force purge" to unload all):

  1) CCconfig        6)  ucx/1.14.1         11) flexiblas/3.3.1
  2) gentoo/2023     7)  libfabric/1.18.0   12) imkl/2023.2.0
  3) gcccore/.12.3   8)  pmix/4.2.4         13) StdEnv/2023
  4) gcc/12.3        9)  ucc/1.2.0
  5) hwloc/2.9.1     10) openmpi/4.1.5
/project/6070520/tkleinkn/Vanilla-GAM/main_cifar.py:187: UserWarning: You have chosen a specific GPU. This will completely disable data parallelism.
  warnings.warn('You have chosen a specific GPU. This will completely '
model name space ['resnet101_c', 'resnet152_c', 'resnet18_c', 'resnet34_c', 'resnet50_c']
Use GPU: 0 for training
=> creating model 'resnet18_c'
Files already downloaded and verified
Files already downloaded and verified
tensorboard dir ./results/CIFAR10/GAMNonAccelerated
Using non-accelerated GAM
/home/tkleinkn/GAMtest/lib/python3.11/site-packages/torch/autograd/graph.py:744: UserWarning: Using backward() with create_graph=True will create a reference cycle between the parameter and its gradient which can cause a memory leak. We recommend using autograd.grad when creating the graph to avoid this. If you have to use this function, make sure to reset the .grad fields of your parameters to None after use to break the cycle and avoid the leak. (Triggered internally at /home/coulombc/wheels_builder/tmp.2617/python-3.11/torch/torch/csrc/autograd/engine.cpp:1203.)
  return Variable._execution_engine.run_backward(  # Calls into the C++ engine to run the backward pass
Batch 100, Loss: 2.3154
Batch 200, Loss: 1.5819
Batch 300, Loss: 1.4427
Epoch 1 learning rate: 0.09999383162408304
Epoch 1 time: 245.8095531463623 seconds
Epoch 1 accuracy: 35.32%
Batch 100, Loss: 1.3119
Batch 200, Loss: 1.2584
Batch 300, Loss: 1.2078
Epoch 2 learning rate: 0.09997532801828658
Epoch 2 time: 236.85518670082092 seconds
Epoch 2 accuracy: 46.91%
Batch 100, Loss: 1.1342
Batch 200, Loss: 1.0837
Batch 300, Loss: 1.0678
Epoch 3 learning rate: 0.09994449374809851
Epoch 3 time: 236.67147207260132 seconds
Epoch 3 accuracy: 54.88%
Batch 100, Loss: 0.9998
Batch 200, Loss: 0.9548
Batch 300, Loss: 0.9307
Epoch 4 learning rate: 0.09990133642141359
Epoch 4 time: 236.28537511825562 seconds
Epoch 4 accuracy: 60.38%
Batch 100, Loss: 0.8874
Batch 200, Loss: 0.8646
Batch 300, Loss: 0.8423
Epoch 5 learning rate: 0.09984586668665642
Epoch 5 time: 236.30886030197144 seconds
Epoch 5 accuracy: 64.5%
Batch 100, Loss: 0.8079
Batch 200, Loss: 0.7897
Batch 300, Loss: 0.7740
Epoch 6 learning rate: 0.09977809823015402
Epoch 6 time: 236.3957018852234 seconds
Epoch 6 accuracy: 62.07%
Batch 100, Loss: 0.7294
Batch 200, Loss: 0.7276
Batch 300, Loss: 0.7139
Epoch 7 learning rate: 0.09969804777275901
Epoch 7 time: 236.2903401851654 seconds
Epoch 7 accuracy: 69.58%
Batch 100, Loss: 0.6656
Batch 200, Loss: 0.6526
Batch 300, Loss: 0.6418
Epoch 8 learning rate: 0.09960573506572391
Epoch 8 time: 236.10383987426758 seconds
Epoch 8 accuracy: 74.24%
Batch 100, Loss: 0.6149
Batch 200, Loss: 0.6105
Batch 300, Loss: 0.6177
Epoch 9 learning rate: 0.09950118288582789
Epoch 9 time: 236.17770099639893 seconds
Epoch 9 accuracy: 72.92%
Batch 100, Loss: 0.5755
Batch 200, Loss: 0.5968
Batch 300, Loss: 0.5700
Epoch 10 learning rate: 0.09938441702975691
Epoch 10 time: 236.06381607055664 seconds
Epoch 10 accuracy: 71.72%
Batch 100, Loss: 0.5587
Batch 200, Loss: 0.5600
Batch 300, Loss: 0.5552
Epoch 11 learning rate: 0.09925546630773871
Epoch 11 time: 236.11479234695435 seconds
Epoch 11 accuracy: 76.6%
Batch 100, Loss: 0.5264
Batch 200, Loss: 0.5400
Batch 300, Loss: 0.5330
Epoch 12 learning rate: 0.09911436253643445
Epoch 12 time: 236.42151045799255 seconds
Epoch 12 accuracy: 75.72%
Batch 100, Loss: 0.5184
Batch 200, Loss: 0.5228
Batch 300, Loss: 0.5300
Epoch 13 learning rate: 0.0989611405310883
Epoch 13 time: 236.2795820236206 seconds
Epoch 13 accuracy: 77.66%
Batch 100, Loss: 0.5193
Batch 200, Loss: 0.4905
Batch 300, Loss: 0.5110
Epoch 14 learning rate: 0.09879583809693739
Epoch 14 time: 236.4257733821869 seconds
Epoch 14 accuracy: 81.16%
Batch 100, Loss: 0.4995
Batch 200, Loss: 0.4936
Batch 300, Loss: 0.4823
Epoch 15 learning rate: 0.09861849601988384
Epoch 15 time: 236.3164768218994 seconds
Epoch 15 accuracy: 81.15%
Batch 100, Loss: 0.4676
Batch 200, Loss: 0.4863
Batch 300, Loss: 0.4940
Epoch 16 learning rate: 0.09842915805643157
Epoch 16 time: 236.3579592704773 seconds
Epoch 16 accuracy: 77.87%
Batch 100, Loss: 0.4705
Batch 200, Loss: 0.4753
Batch 300, Loss: 0.4627
Epoch 17 learning rate: 0.09822787092288993
Epoch 17 time: 236.20168614387512 seconds
Epoch 17 accuracy: 77.93%
Batch 100, Loss: 0.4758
Batch 200, Loss: 0.4551
Batch 300, Loss: 0.4643
Epoch 18 learning rate: 0.09801468428384717
Epoch 18 time: 236.19170236587524 seconds
Epoch 18 accuracy: 78.0%
Batch 100, Loss: 0.4655
Batch 200, Loss: 0.4600
Batch 300, Loss: 0.4521
Epoch 19 learning rate: 0.09778965073991652
Epoch 19 time: 236.29980993270874 seconds
Epoch 19 accuracy: 83.9%
Batch 100, Loss: 0.4437
Batch 200, Loss: 0.4519
Batch 300, Loss: 0.4492
Epoch 20 learning rate: 0.0975528258147577
Epoch 20 time: 236.97752404212952 seconds
Epoch 20 accuracy: 83.23%
Batch 100, Loss: 0.4437
Batch 200, Loss: 0.4476
Batch 300, Loss: 0.4402
Epoch 21 learning rate: 0.09730426794137728
Epoch 21 time: 236.09412097930908 seconds
Epoch 21 accuracy: 81.71%
Batch 100, Loss: 0.4327
Batch 200, Loss: 0.4354
Batch 300, Loss: 0.4336
Epoch 22 learning rate: 0.09704403844771128
Epoch 22 time: 236.36104130744934 seconds
Epoch 22 accuracy: 82.78%
Batch 100, Loss: 0.4230
Batch 200, Loss: 0.4280
Batch 300, Loss: 0.4408
Epoch 23 learning rate: 0.09677220154149338
Epoch 23 time: 236.23508524894714 seconds
Epoch 23 accuracy: 80.49%
Batch 100, Loss: 0.4343
Batch 200, Loss: 0.4410
Batch 300, Loss: 0.4299
Epoch 24 learning rate: 0.09648882429441258
Epoch 24 time: 236.46597361564636 seconds
Epoch 24 accuracy: 83.48%
Batch 100, Loss: 0.4296
Batch 200, Loss: 0.4164
Batch 300, Loss: 0.4223
Epoch 25 learning rate: 0.09619397662556435
Epoch 25 time: 236.49863648414612 seconds
Epoch 25 accuracy: 81.9%
Batch 100, Loss: 0.4282
Batch 200, Loss: 0.4052
Batch 300, Loss: 0.4309
Epoch 26 learning rate: 0.09588773128419906
Epoch 26 time: 236.26090955734253 seconds
Epoch 26 accuracy: 79.93%
Batch 100, Loss: 0.4196
Batch 200, Loss: 0.4219
Batch 300, Loss: 0.4167
Epoch 27 learning rate: 0.09557016383177226
Epoch 27 time: 236.2228548526764 seconds
Epoch 27 accuracy: 81.54%
Batch 100, Loss: 0.4031
Batch 200, Loss: 0.4146
Batch 300, Loss: 0.4153
Epoch 28 learning rate: 0.09524135262330098
Epoch 28 time: 236.1558346748352 seconds
Epoch 28 accuracy: 84.31%
Batch 100, Loss: 0.4075
Batch 200, Loss: 0.4197
Batch 300, Loss: 0.4122
Epoch 29 learning rate: 0.09490137878803079
Epoch 29 time: 236.31547737121582 seconds
Epoch 29 accuracy: 79.88%
Batch 100, Loss: 0.4020
Batch 200, Loss: 0.3959
Batch 300, Loss: 0.4108
Epoch 30 learning rate: 0.0945503262094184
Epoch 30 time: 236.4429533481598 seconds
Epoch 30 accuracy: 83.76%
Batch 100, Loss: 0.3972
Batch 200, Loss: 0.3999
Batch 300, Loss: 0.3956
Epoch 31 learning rate: 0.0941882815044347
Epoch 31 time: 236.31860399246216 seconds
Epoch 31 accuracy: 81.01%
Batch 100, Loss: 0.3943
Batch 200, Loss: 0.3957
Batch 300, Loss: 0.4004
Epoch 32 learning rate: 0.09381533400219319
Epoch 32 time: 236.30026602745056 seconds
Epoch 32 accuracy: 86.5%
Batch 100, Loss: 0.4096
Batch 200, Loss: 0.3958
Batch 300, Loss: 0.4124
Epoch 33 learning rate: 0.09343157572190958
Epoch 33 time: 236.50566387176514 seconds
Epoch 33 accuracy: 76.27%
Batch 100, Loss: 0.3845
Batch 200, Loss: 0.3993
Batch 300, Loss: 0.4087
Epoch 34 learning rate: 0.0930371013501972
Epoch 34 time: 236.24922609329224 seconds
Epoch 34 accuracy: 85.51%
Batch 100, Loss: 0.3895
Batch 200, Loss: 0.3956
Batch 300, Loss: 0.4039
Epoch 35 learning rate: 0.09263200821770463
Epoch 35 time: 236.3375952243805 seconds
Epoch 35 accuracy: 85.26%
Batch 100, Loss: 0.3832
Batch 200, Loss: 0.3975
Batch 300, Loss: 0.3877
Epoch 36 learning rate: 0.09221639627510078
Epoch 36 time: 236.48954033851624 seconds
Epoch 36 accuracy: 83.61%
Batch 100, Loss: 0.3768
Batch 200, Loss: 0.3935
Batch 300, Loss: 0.3953
Epoch 37 learning rate: 0.09179036806841355
Epoch 37 time: 236.25872921943665 seconds
Epoch 37 accuracy: 83.73%
Batch 100, Loss: 0.3798
Batch 200, Loss: 0.3778
Batch 300, Loss: 0.3871
Epoch 38 learning rate: 0.09135402871372812
Epoch 38 time: 236.36083388328552 seconds
Epoch 38 accuracy: 85.06%
Batch 100, Loss: 0.3876
Batch 200, Loss: 0.3705
Batch 300, Loss: 0.3877
Epoch 39 learning rate: 0.0909074858712512
Epoch 39 time: 236.23142337799072 seconds
Epoch 39 accuracy: 84.18%
Batch 100, Loss: 0.3766
Batch 200, Loss: 0.3857
Batch 300, Loss: 0.3816
Epoch 40 learning rate: 0.09045084971874741
Epoch 40 time: 236.47826862335205 seconds
Epoch 40 accuracy: 85.36%
Batch 100, Loss: 0.3846
Batch 200, Loss: 0.3853
Batch 300, Loss: 0.3804
Epoch 41 learning rate: 0.08998423292435458
Epoch 41 time: 236.11066102981567 seconds
Epoch 41 accuracy: 83.67%
Batch 100, Loss: 0.3706
Batch 200, Loss: 0.3891
Batch 300, Loss: 0.3765
Epoch 42 learning rate: 0.08950775061878455
Epoch 42 time: 236.45660877227783 seconds
Epoch 42 accuracy: 81.06%
Batch 100, Loss: 0.3648
Batch 200, Loss: 0.3785
Batch 300, Loss: 0.3902
Epoch 43 learning rate: 0.08902152036691653
Epoch 43 time: 236.41999220848083 seconds
Epoch 43 accuracy: 86.59%
Batch 100, Loss: 0.3679
Batch 200, Loss: 0.3726
Batch 300, Loss: 0.3816
Epoch 44 learning rate: 0.08852566213878951
Epoch 44 time: 236.21738576889038 seconds
Epoch 44 accuracy: 83.67%
Batch 100, Loss: 0.3576
Batch 200, Loss: 0.3804
Batch 300, Loss: 0.3783
Epoch 45 learning rate: 0.0880202982800016
Epoch 45 time: 236.28525614738464 seconds
Epoch 45 accuracy: 87.6%
Batch 100, Loss: 0.3813
Batch 200, Loss: 0.3787
Batch 300, Loss: 0.3638
Epoch 46 learning rate: 0.08750555348152303
Epoch 46 time: 236.4306938648224 seconds
Epoch 46 accuracy: 83.84%
Batch 100, Loss: 0.3612
Batch 200, Loss: 0.3633
Batch 300, Loss: 0.3864
Epoch 47 learning rate: 0.08698155474893052
Epoch 47 time: 236.15380001068115 seconds
Epoch 47 accuracy: 81.64%
Batch 100, Loss: 0.3644
Batch 200, Loss: 0.3726
Batch 300, Loss: 0.3808
Epoch 48 learning rate: 0.08644843137107061
Epoch 48 time: 236.3079216480255 seconds
Epoch 48 accuracy: 86.69%
Batch 100, Loss: 0.3626
Batch 200, Loss: 0.3724
Batch 300, Loss: 0.3750
Epoch 49 learning rate: 0.08590631488815947
Epoch 49 time: 236.17148089408875 seconds
Epoch 49 accuracy: 84.73%
Batch 100, Loss: 0.3602
Batch 200, Loss: 0.3558
Batch 300, Loss: 0.3576
Epoch 50 learning rate: 0.0853553390593274
Epoch 50 time: 236.2481632232666 seconds
Epoch 50 accuracy: 85.63%
Batch 100, Loss: 0.3581
Batch 200, Loss: 0.3611
Batch 300, Loss: 0.3550
Epoch 51 learning rate: 0.08479563982961574
Epoch 51 time: 236.22859597206116 seconds
Epoch 51 accuracy: 86.59%
Batch 100, Loss: 0.3564
Batch 200, Loss: 0.3665
Batch 300, Loss: 0.3589
Epoch 52 learning rate: 0.08422735529643446
Epoch 52 time: 236.52673172950745 seconds
Epoch 52 accuracy: 83.79%
Batch 100, Loss: 0.3508
Batch 200, Loss: 0.3796
Batch 300, Loss: 0.3621
Epoch 53 learning rate: 0.08365062567548869
Epoch 53 time: 236.46229720115662 seconds
Epoch 53 accuracy: 81.81%
Batch 100, Loss: 0.3509
Batch 200, Loss: 0.3528
Batch 300, Loss: 0.3585
Epoch 54 learning rate: 0.08306559326618261
Epoch 54 time: 236.30501580238342 seconds
Epoch 54 accuracy: 84.02%
Batch 100, Loss: 0.3534
Batch 200, Loss: 0.3504
Batch 300, Loss: 0.3587
Epoch 55 learning rate: 0.0824724024165092
Epoch 55 time: 236.24406957626343 seconds
Epoch 55 accuracy: 86.79%
Batch 100, Loss: 0.3445
Batch 200, Loss: 0.3605
Batch 300, Loss: 0.3581
Epoch 56 learning rate: 0.0818711994874345
Epoch 56 time: 236.27501678466797 seconds
Epoch 56 accuracy: 88.08%
Batch 100, Loss: 0.3380
Batch 200, Loss: 0.3401
Batch 300, Loss: 0.3540
Epoch 57 learning rate: 0.08126213281678528
Epoch 57 time: 236.2255618572235 seconds
Epoch 57 accuracy: 85.84%
Batch 100, Loss: 0.3417
Batch 200, Loss: 0.3448
Batch 300, Loss: 0.3471
Epoch 58 learning rate: 0.08064535268264884
Epoch 58 time: 236.46153116226196 seconds
Epoch 58 accuracy: 82.59%
Batch 100, Loss: 0.3317
Batch 200, Loss: 0.3628
Batch 300, Loss: 0.3423
Epoch 59 learning rate: 0.08002101126629421
Epoch 59 time: 236.59722685813904 seconds
Epoch 59 accuracy: 87.29%
Batch 100, Loss: 0.3514
Batch 200, Loss: 0.3461
Batch 300, Loss: 0.3512
Epoch 60 learning rate: 0.07938926261462367
Epoch 60 time: 236.43364548683167 seconds
Epoch 60 accuracy: 86.54%
Batch 100, Loss: 0.3352
Batch 200, Loss: 0.3403
Batch 300, Loss: 0.3361
Epoch 61 learning rate: 0.07875026260216395
Epoch 61 time: 236.52514362335205 seconds
Epoch 61 accuracy: 85.64%
Batch 100, Loss: 0.3462
Batch 200, Loss: 0.3488
Batch 300, Loss: 0.3433
Epoch 62 learning rate: 0.07810416889260656
Epoch 62 time: 236.2618911266327 seconds
Epoch 62 accuracy: 85.33%
Batch 100, Loss: 0.3314
Batch 200, Loss: 0.3459
Batch 300, Loss: 0.3400
Epoch 63 learning rate: 0.07745114089990661
Epoch 63 time: 236.28910088539124 seconds
Epoch 63 accuracy: 84.8%
Batch 100, Loss: 0.3335
Batch 200, Loss: 0.3341
Batch 300, Loss: 0.3353
Epoch 64 learning rate: 0.07679133974894985
Epoch 64 time: 236.13711047172546 seconds
Epoch 64 accuracy: 84.76%
Batch 100, Loss: 0.3362
Batch 200, Loss: 0.3307
Batch 300, Loss: 0.3490
Epoch 65 learning rate: 0.07612492823579746
Epoch 65 time: 236.05513978004456 seconds
Epoch 65 accuracy: 87.86%
Batch 100, Loss: 0.3271
Batch 200, Loss: 0.3330
Batch 300, Loss: 0.3440
Epoch 66 learning rate: 0.07545207078751859
Epoch 66 time: 236.29342031478882 seconds
Epoch 66 accuracy: 86.89%
Batch 100, Loss: 0.3235
Batch 200, Loss: 0.3383
Batch 300, Loss: 0.3296
Epoch 67 learning rate: 0.0747729334216204
Epoch 67 time: 236.1264295578003 seconds
Epoch 67 accuracy: 85.27%
Batch 100, Loss: 0.3315
Batch 200, Loss: 0.3285
Batch 300, Loss: 0.3288
Epoch 68 learning rate: 0.07408768370508578
Epoch 68 time: 236.2466881275177 seconds
Epoch 68 accuracy: 88.47%
Batch 100, Loss: 0.3214
Batch 200, Loss: 0.3420
Batch 300, Loss: 0.3320
Epoch 69 learning rate: 0.0733964907130287
Epoch 69 time: 236.47609210014343 seconds
Epoch 69 accuracy: 87.86%
Batch 100, Loss: 0.3327
Batch 200, Loss: 0.3233
Batch 300, Loss: 0.3237
Epoch 70 learning rate: 0.07269952498697736
Epoch 70 time: 236.25708627700806 seconds
Epoch 70 accuracy: 87.71%
Batch 100, Loss: 0.3203
Batch 200, Loss: 0.3211
Batch 300, Loss: 0.3181
Epoch 71 learning rate: 0.07199695849279578
Epoch 71 time: 236.39762902259827 seconds
Epoch 71 accuracy: 86.09%
Batch 100, Loss: 0.3198
Batch 200, Loss: 0.3081
Batch 300, Loss: 0.3178
Epoch 72 learning rate: 0.07128896457825366
Epoch 72 time: 236.2383632659912 seconds
Epoch 72 accuracy: 87.95%
Batch 100, Loss: 0.3143
Batch 200, Loss: 0.3136
Batch 300, Loss: 0.3387
Epoch 73 learning rate: 0.07057571793025548
Epoch 73 time: 236.26063299179077 seconds
Epoch 73 accuracy: 86.49%
Batch 100, Loss: 0.3044
Batch 200, Loss: 0.3159
Batch 300, Loss: 0.3204
Epoch 74 learning rate: 0.06985739453173906
Epoch 74 time: 236.12262630462646 seconds
Epoch 74 accuracy: 89.26%
Batch 100, Loss: 0.3189
Batch 200, Loss: 0.3131
Batch 300, Loss: 0.3029
Epoch 75 learning rate: 0.06913417161825453
Epoch 75 time: 236.35411190986633 seconds
Epoch 75 accuracy: 89.31%
Batch 100, Loss: 0.3118
Batch 200, Loss: 0.3099
Batch 300, Loss: 0.3329
Epoch 76 learning rate: 0.06840622763423394
Epoch 76 time: 236.41067028045654 seconds
Epoch 76 accuracy: 84.82%
Batch 100, Loss: 0.3045
Batch 200, Loss: 0.3122
Batch 300, Loss: 0.3159
Epoch 77 learning rate: 0.0676737421889629
Epoch 77 time: 236.3128628730774 seconds
Epoch 77 accuracy: 87.18%
Batch 100, Loss: 0.3073
Batch 200, Loss: 0.3096
Batch 300, Loss: 0.3227
Epoch 78 learning rate: 0.06693689601226462
Epoch 78 time: 236.24512839317322 seconds
Epoch 78 accuracy: 85.47%
Batch 100, Loss: 0.2978
Batch 200, Loss: 0.3107
Batch 300, Loss: 0.3113
Epoch 79 learning rate: 0.06619587090990751
Epoch 79 time: 236.45613479614258 seconds
Epoch 79 accuracy: 86.54%
Batch 100, Loss: 0.2985
Batch 200, Loss: 0.3099
Batch 300, Loss: 0.3051
Epoch 80 learning rate: 0.06545084971874741
Epoch 80 time: 236.33057498931885 seconds
Epoch 80 accuracy: 89.01%
Batch 100, Loss: 0.2926
Batch 200, Loss: 0.3031
Batch 300, Loss: 0.2979
Epoch 81 learning rate: 0.06470201626161524
Epoch 81 time: 236.2317659854889 seconds
Epoch 81 accuracy: 87.76%
Batch 100, Loss: 0.2862
Batch 200, Loss: 0.3096
Batch 300, Loss: 0.3080
Epoch 82 learning rate: 0.06394955530196152
Epoch 82 time: 236.20976090431213 seconds
Epoch 82 accuracy: 87.14%
Batch 100, Loss: 0.2994
Batch 200, Loss: 0.2992
Batch 300, Loss: 0.3082
Epoch 83 learning rate: 0.06319365249826868
Epoch 83 time: 236.32813382148743 seconds
Epoch 83 accuracy: 89.48%
Batch 100, Loss: 0.2836
Batch 200, Loss: 0.2969
Batch 300, Loss: 0.2887
Epoch 84 learning rate: 0.06243449435824277
Epoch 84 time: 236.45769715309143 seconds
Epoch 84 accuracy: 89.19%
Batch 100, Loss: 0.2896
Batch 200, Loss: 0.2934
Batch 300, Loss: 0.3018
Epoch 85 learning rate: 0.06167226819279532
Epoch 85 time: 236.4282238483429 seconds
Epoch 85 accuracy: 86.82%
Batch 100, Loss: 0.2846
Batch 200, Loss: 0.2927
Batch 300, Loss: 0.2918
Epoch 86 learning rate: 0.06090716206982718
Epoch 86 time: 236.43689036369324 seconds
Epoch 86 accuracy: 87.75%
Batch 100, Loss: 0.2838
Batch 200, Loss: 0.2892
Batch 300, Loss: 0.2865
Epoch 87 learning rate: 0.06013936476782568
Epoch 87 time: 236.4902024269104 seconds
Epoch 87 accuracy: 88.25%
Batch 100, Loss: 0.2881
Batch 200, Loss: 0.2974
Batch 300, Loss: 0.2763
Epoch 88 learning rate: 0.05936906572928629
Epoch 88 time: 236.5128698348999 seconds
Epoch 88 accuracy: 89.16%
Batch 100, Loss: 0.2842
Batch 200, Loss: 0.2922
Batch 300, Loss: 0.2874
Epoch 89 learning rate: 0.05859645501397052
Epoch 89 time: 236.61216950416565 seconds
Epoch 89 accuracy: 86.88%
Batch 100, Loss: 0.2769
Batch 200, Loss: 0.2854
Batch 300, Loss: 0.2914
Epoch 90 learning rate: 0.05782172325201159
Epoch 90 time: 236.42207217216492 seconds
Epoch 90 accuracy: 89.65%
Batch 100, Loss: 0.2774
Batch 200, Loss: 0.2808
Batch 300, Loss: 0.2898
Epoch 91 learning rate: 0.057045061596879186
Epoch 91 time: 236.36951994895935 seconds
Epoch 91 accuracy: 87.95%
Batch 100, Loss: 0.2758
Batch 200, Loss: 0.2756
Batch 300, Loss: 0.2847
Epoch 92 learning rate: 0.056266661678215264
Epoch 92 time: 236.29968428611755 seconds
Epoch 92 accuracy: 89.31%
Batch 100, Loss: 0.2648
Batch 200, Loss: 0.2730
Batch 300, Loss: 0.2868
Epoch 93 learning rate: 0.055486715554552306
Epoch 93 time: 236.61452841758728 seconds
Epoch 93 accuracy: 87.58%
Batch 100, Loss: 0.2650
Batch 200, Loss: 0.2882
Batch 300, Loss: 0.2796
Epoch 94 learning rate: 0.05470541566592575
Epoch 94 time: 236.31119966506958 seconds
Epoch 94 accuracy: 88.49%
Batch 100, Loss: 0.2639
Batch 200, Loss: 0.2717
Batch 300, Loss: 0.2745
Epoch 95 learning rate: 0.05392295478639229
Epoch 95 time: 236.38680124282837 seconds
Epoch 95 accuracy: 89.23%
Batch 100, Loss: 0.2720
Batch 200, Loss: 0.2606
Batch 300, Loss: 0.2833
Epoch 96 learning rate: 0.05313952597646571
Epoch 96 time: 236.308753490448 seconds
Epoch 96 accuracy: 89.48%
Batch 100, Loss: 0.2603
Batch 200, Loss: 0.2676
Batch 300, Loss: 0.2723
Epoch 97 learning rate: 0.05235532253548216
Epoch 97 time: 236.47585892677307 seconds
Epoch 97 accuracy: 90.01%
Batch 100, Loss: 0.2578
Batch 200, Loss: 0.2689
Batch 300, Loss: 0.2653
Epoch 98 learning rate: 0.051570537953906447
Epoch 98 time: 236.23494911193848 seconds
Epoch 98 accuracy: 89.96%
Batch 100, Loss: 0.2604
Batch 200, Loss: 0.2704
Batch 300, Loss: 0.2660
Epoch 99 learning rate: 0.05078536586559106
Epoch 99 time: 236.1077389717102 seconds
Epoch 99 accuracy: 90.02%
Batch 100, Loss: 0.2528
Batch 200, Loss: 0.2585
Batch 300, Loss: 0.2718
Epoch 100 learning rate: 0.050000000000000024
Epoch 100 time: 236.3197042942047 seconds
Epoch 100 accuracy: 91.34%
Batch 100, Loss: 0.2484
Batch 200, Loss: 0.2566
Batch 300, Loss: 0.2624
Epoch 101 learning rate: 0.049214634134409
Epoch 101 time: 236.4157383441925 seconds
Epoch 101 accuracy: 90.56%
Batch 100, Loss: 0.2569
Batch 200, Loss: 0.2392
Batch 300, Loss: 0.2691
Epoch 102 learning rate: 0.04842946204609361
Epoch 102 time: 236.39909267425537 seconds
Epoch 102 accuracy: 89.29%
Batch 100, Loss: 0.2450
Batch 200, Loss: 0.2467
Batch 300, Loss: 0.2558
Epoch 103 learning rate: 0.04764467746451789
Epoch 103 time: 236.2573709487915 seconds
Epoch 103 accuracy: 91.34%
Batch 100, Loss: 0.2461
Batch 200, Loss: 0.2541
Batch 300, Loss: 0.2444
Epoch 104 learning rate: 0.046860474023534354
Epoch 104 time: 236.12167954444885 seconds
Epoch 104 accuracy: 90.09%
Batch 100, Loss: 0.2456
Batch 200, Loss: 0.2578
Batch 300, Loss: 0.2586
Epoch 105 learning rate: 0.04607704521360778
Epoch 105 time: 236.13836932182312 seconds
Epoch 105 accuracy: 88.56%
Batch 100, Loss: 0.2502
Batch 200, Loss: 0.2462
Batch 300, Loss: 0.2500
Epoch 106 learning rate: 0.04529458433407431
Epoch 106 time: 236.3021445274353 seconds
Epoch 106 accuracy: 91.15%
Batch 100, Loss: 0.2356
Batch 200, Loss: 0.2478
Batch 300, Loss: 0.2413
Epoch 107 learning rate: 0.04451328444544776
Epoch 107 time: 236.18044233322144 seconds
Epoch 107 accuracy: 89.03%
Batch 100, Loss: 0.2410
Batch 200, Loss: 0.2395
Batch 300, Loss: 0.2415
Epoch 108 learning rate: 0.04373333832178482
Epoch 108 time: 236.06214880943298 seconds
Epoch 108 accuracy: 90.81%
Batch 100, Loss: 0.2376
Batch 200, Loss: 0.2384
Batch 300, Loss: 0.2476
Epoch 109 learning rate: 0.0429549384031209
Epoch 109 time: 236.2046251296997 seconds
Epoch 109 accuracy: 90.2%
Batch 100, Loss: 0.2276
Batch 200, Loss: 0.2453
Batch 300, Loss: 0.2409
Epoch 110 learning rate: 0.042178276747988484
Epoch 110 time: 236.2010099887848 seconds
Epoch 110 accuracy: 91.21%
Batch 100, Loss: 0.2420
Batch 200, Loss: 0.2365
Batch 300, Loss: 0.2366
Epoch 111 learning rate: 0.04140354498602954
Epoch 111 time: 236.1145179271698 seconds
Epoch 111 accuracy: 90.7%
Batch 100, Loss: 0.2340
Batch 200, Loss: 0.2281
Batch 300, Loss: 0.2337
Epoch 112 learning rate: 0.0406309342707138
Epoch 112 time: 236.09251499176025 seconds
Epoch 112 accuracy: 88.55%
Batch 100, Loss: 0.2150
Batch 200, Loss: 0.2288
Batch 300, Loss: 0.2435
Epoch 113 learning rate: 0.03986063523217441
Epoch 113 time: 236.12425827980042 seconds
Epoch 113 accuracy: 91.74%
Batch 100, Loss: 0.2197
Batch 200, Loss: 0.2375
Batch 300, Loss: 0.2329
Epoch 114 learning rate: 0.039092837930172916
Epoch 114 time: 236.30474209785461 seconds
Epoch 114 accuracy: 90.34%
Batch 100, Loss: 0.2132
Batch 200, Loss: 0.2162
Batch 300, Loss: 0.2331
Epoch 115 learning rate: 0.03832773180720475
Epoch 115 time: 236.26979184150696 seconds
Epoch 115 accuracy: 90.36%
Batch 100, Loss: 0.2218
Batch 200, Loss: 0.2247
Batch 300, Loss: 0.2231
Epoch 116 learning rate: 0.037565505641757285
Epoch 116 time: 236.35924696922302 seconds
Epoch 116 accuracy: 91.12%
Batch 100, Loss: 0.2116
Batch 200, Loss: 0.2175
Batch 300, Loss: 0.2234
Epoch 117 learning rate: 0.03680634750173138
Epoch 117 time: 236.42415952682495 seconds
Epoch 117 accuracy: 91.04%
Batch 100, Loss: 0.2162
Batch 200, Loss: 0.2114
Batch 300, Loss: 0.2200
Epoch 118 learning rate: 0.036050444698038565
Epoch 118 time: 236.72920155525208 seconds
Epoch 118 accuracy: 92.38%
Batch 100, Loss: 0.2161
Batch 200, Loss: 0.2206
Batch 300, Loss: 0.2189
Epoch 119 learning rate: 0.03529798373838483
Epoch 119 time: 236.48880672454834 seconds
Epoch 119 accuracy: 91.77%
Batch 100, Loss: 0.2046
Batch 200, Loss: 0.2119
Batch 300, Loss: 0.2153
Epoch 120 learning rate: 0.03454915028125267
Epoch 120 time: 236.3927538394928 seconds
Epoch 120 accuracy: 89.87%
Batch 100, Loss: 0.2053
Batch 200, Loss: 0.2194
Batch 300, Loss: 0.2164
Epoch 121 learning rate: 0.03380412909009255
Epoch 121 time: 236.29782724380493 seconds
Epoch 121 accuracy: 91.94%
Batch 100, Loss: 0.2033
Batch 200, Loss: 0.2065
Batch 300, Loss: 0.2024
Epoch 122 learning rate: 0.03306310398773545
Epoch 122 time: 236.33156871795654 seconds
Epoch 122 accuracy: 91.55%
Batch 100, Loss: 0.1985
Batch 200, Loss: 0.2062
Batch 300, Loss: 0.2000
Epoch 123 learning rate: 0.03232625781103717
Epoch 123 time: 236.4269082546234 seconds
Epoch 123 accuracy: 91.95%
Batch 100, Loss: 0.2083
Batch 200, Loss: 0.1937
Batch 300, Loss: 0.2115
Epoch 124 learning rate: 0.03159377236576613
Epoch 124 time: 236.49422073364258 seconds
Epoch 124 accuracy: 90.31%
Batch 100, Loss: 0.1885
Batch 200, Loss: 0.1892
Batch 300, Loss: 0.2105
Epoch 125 learning rate: 0.030865828381745543
Epoch 125 time: 236.28943014144897 seconds
Epoch 125 accuracy: 91.85%
Batch 100, Loss: 0.1923
Batch 200, Loss: 0.2027
Batch 300, Loss: 0.1899
Epoch 126 learning rate: 0.03014260546826098
Epoch 126 time: 236.43299889564514 seconds
Epoch 126 accuracy: 92.08%
Batch 100, Loss: 0.1891
Batch 200, Loss: 0.1916
Batch 300, Loss: 0.2010
Epoch 127 learning rate: 0.02942428206974458
Epoch 127 time: 236.2721676826477 seconds
Epoch 127 accuracy: 92.94%
Batch 100, Loss: 0.1808
Batch 200, Loss: 0.1833
Batch 300, Loss: 0.1934
Epoch 128 learning rate: 0.028711035421746387
Epoch 128 time: 236.35155487060547 seconds
Epoch 128 accuracy: 91.46%
Batch 100, Loss: 0.1819
Batch 200, Loss: 0.1880
Batch 300, Loss: 0.1925
Epoch 129 learning rate: 0.02800304150720426
Epoch 129 time: 236.15440368652344 seconds
Epoch 129 accuracy: 92.71%
Batch 100, Loss: 0.1838
Batch 200, Loss: 0.1825
Batch 300, Loss: 0.1850
Epoch 130 learning rate: 0.02730047501302268
Epoch 130 time: 236.12913703918457 seconds
Epoch 130 accuracy: 92.7%
Batch 100, Loss: 0.1792
Batch 200, Loss: 0.1786
Batch 300, Loss: 0.1780
Epoch 131 learning rate: 0.026603509286971357
Epoch 131 time: 236.24278259277344 seconds
Epoch 131 accuracy: 92.41%
Batch 100, Loss: 0.1714
Batch 200, Loss: 0.1804
Batch 300, Loss: 0.1825
Epoch 132 learning rate: 0.025912316294914244
Epoch 132 time: 236.418274641037 seconds
Epoch 132 accuracy: 92.15%
Batch 100, Loss: 0.1763
Batch 200, Loss: 0.1714
Batch 300, Loss: 0.1778
Epoch 133 learning rate: 0.025227066578379632
Epoch 133 time: 236.34977793693542 seconds
Epoch 133 accuracy: 92.86%
Batch 100, Loss: 0.1708
Batch 200, Loss: 0.1640
Batch 300, Loss: 0.1807
Epoch 134 learning rate: 0.024547929212481445
Epoch 134 time: 236.22878003120422 seconds
Epoch 134 accuracy: 93.24%
Batch 100, Loss: 0.1649
Batch 200, Loss: 0.1808
Batch 300, Loss: 0.1744
Epoch 135 learning rate: 0.02387507176420257
Epoch 135 time: 236.3904731273651 seconds
Epoch 135 accuracy: 93.31%
Batch 100, Loss: 0.1692
Batch 200, Loss: 0.1648
Batch 300, Loss: 0.1758
Epoch 136 learning rate: 0.023208660251050166
Epoch 136 time: 236.41846799850464 seconds
Epoch 136 accuracy: 93.62%
Batch 100, Loss: 0.1675
Batch 200, Loss: 0.1677
Batch 300, Loss: 0.1665
Epoch 137 learning rate: 0.022548859100093414
Epoch 137 time: 236.43167662620544 seconds
Epoch 137 accuracy: 92.69%
Batch 100, Loss: 0.1549
Batch 200, Loss: 0.1600
Batch 300, Loss: 0.1668
Epoch 138 learning rate: 0.021895831107393474
Epoch 138 time: 236.46244144439697 seconds
Epoch 138 accuracy: 93.04%
Batch 100, Loss: 0.1542
Batch 200, Loss: 0.1584
Batch 300, Loss: 0.1620
Epoch 139 learning rate: 0.02124973739783608
Epoch 139 time: 236.30370807647705 seconds
Epoch 139 accuracy: 93.64%
Batch 100, Loss: 0.1585
Batch 200, Loss: 0.1587
Batch 300, Loss: 0.1631
Epoch 140 learning rate: 0.02061073738537636
Epoch 140 time: 236.47491455078125 seconds
Epoch 140 accuracy: 93.21%
Batch 100, Loss: 0.1434
Batch 200, Loss: 0.1583
Batch 300, Loss: 0.1613
Epoch 141 learning rate: 0.019978988733705814
Epoch 141 time: 236.3906271457672 seconds
Epoch 141 accuracy: 93.85%
Batch 100, Loss: 0.1479
Batch 200, Loss: 0.1508
Batch 300, Loss: 0.1583
Epoch 142 learning rate: 0.01935464731735118
Epoch 142 time: 236.28853344917297 seconds
Epoch 142 accuracy: 93.35%
Batch 100, Loss: 0.1438
Batch 200, Loss: 0.1510
Batch 300, Loss: 0.1528
Epoch 143 learning rate: 0.018737867183214747
Epoch 143 time: 236.2243456840515 seconds
Epoch 143 accuracy: 92.64%
Batch 100, Loss: 0.1439
Batch 200, Loss: 0.1430
Batch 300, Loss: 0.1442
Epoch 144 learning rate: 0.01812880051256552
Epoch 144 time: 236.43212580680847 seconds
Epoch 144 accuracy: 93.63%
Batch 100, Loss: 0.1365
Batch 200, Loss: 0.1444
Batch 300, Loss: 0.1514
Epoch 145 learning rate: 0.017527597583490827
Epoch 145 time: 236.30634665489197 seconds
Epoch 145 accuracy: 93.4%
Batch 100, Loss: 0.1320
Batch 200, Loss: 0.1403
Batch 300, Loss: 0.1359
Epoch 146 learning rate: 0.01693440673381742
Epoch 146 time: 236.06982350349426 seconds
Epoch 146 accuracy: 93.31%
Batch 100, Loss: 0.1357
Batch 200, Loss: 0.1416
Batch 300, Loss: 0.1346
Epoch 147 learning rate: 0.016349374324511334
Epoch 147 time: 236.2354338169098 seconds
Epoch 147 accuracy: 93.92%
Batch 100, Loss: 0.1209
Batch 200, Loss: 0.1313
Batch 300, Loss: 0.1388
Epoch 148 learning rate: 0.01577264470356557
Epoch 148 time: 236.2814018726349 seconds
Epoch 148 accuracy: 94.21%
Batch 100, Loss: 0.1314
Batch 200, Loss: 0.1241
Batch 300, Loss: 0.1319
Epoch 149 learning rate: 0.01520436017038429
Epoch 149 time: 236.5673189163208 seconds
Epoch 149 accuracy: 94.15%
Batch 100, Loss: 0.1245
Batch 200, Loss: 0.1190
Batch 300, Loss: 0.1264
Epoch 150 learning rate: 0.014644660940672632
Epoch 150 time: 236.4784960746765 seconds
Epoch 150 accuracy: 94.25%
Batch 100, Loss: 0.1174
Batch 200, Loss: 0.1174
Batch 300, Loss: 0.1231
Epoch 151 learning rate: 0.01409368511184057
Epoch 151 time: 236.30775475502014 seconds
Epoch 151 accuracy: 94.26%
Batch 100, Loss: 0.1149
Batch 200, Loss: 0.1236
Batch 300, Loss: 0.1252
Epoch 152 learning rate: 0.013551568628929438
Epoch 152 time: 236.19684290885925 seconds
Epoch 152 accuracy: 94.4%
Batch 100, Loss: 0.1181
Batch 200, Loss: 0.1168
Batch 300, Loss: 0.1130
Epoch 153 learning rate: 0.013018445251069516
Epoch 153 time: 236.3723521232605 seconds
Epoch 153 accuracy: 94.6%
Batch 100, Loss: 0.1074
Batch 200, Loss: 0.1210
Batch 300, Loss: 0.1193
Epoch 154 learning rate: 0.012494446518477026
Epoch 154 time: 236.34604144096375 seconds
Epoch 154 accuracy: 94.58%
Batch 100, Loss: 0.1090
Batch 200, Loss: 0.1141
Batch 300, Loss: 0.1128
Epoch 155 learning rate: 0.011979701719998459
Epoch 155 time: 236.31735801696777 seconds
Epoch 155 accuracy: 94.42%
Batch 100, Loss: 0.1047
Batch 200, Loss: 0.1048
Batch 300, Loss: 0.1109
Epoch 156 learning rate: 0.011474337861210548
Epoch 156 time: 236.2073357105255 seconds
Epoch 156 accuracy: 94.63%
Batch 100, Loss: 0.1043
Batch 200, Loss: 0.1040
Batch 300, Loss: 0.1086
Epoch 157 learning rate: 0.010978479633083526
Epoch 157 time: 236.21345114707947 seconds
Epoch 157 accuracy: 94.74%
Batch 100, Loss: 0.1010
Batch 200, Loss: 0.1024
Batch 300, Loss: 0.1038
Epoch 158 learning rate: 0.010492249381215483
Epoch 158 time: 236.34789872169495 seconds
Epoch 158 accuracy: 94.86%
Batch 100, Loss: 0.0964
Batch 200, Loss: 0.0948
Batch 300, Loss: 0.1068
Epoch 159 learning rate: 0.010015767075645474
Epoch 159 time: 236.30910086631775 seconds
Epoch 159 accuracy: 95.11%
Batch 100, Loss: 0.0891
Batch 200, Loss: 0.0938
Batch 300, Loss: 0.0999
Epoch 160 learning rate: 0.009549150281252637
Epoch 160 time: 236.28492641448975 seconds
Epoch 160 accuracy: 94.87%
Batch 100, Loss: 0.0952
Batch 200, Loss: 0.0955
Batch 300, Loss: 0.0967
Epoch 161 learning rate: 0.00909251412874884
Epoch 161 time: 236.53492665290833 seconds
Epoch 161 accuracy: 95.08%
Batch 100, Loss: 0.0852
Batch 200, Loss: 0.0926
Batch 300, Loss: 0.0912
Epoch 162 learning rate: 0.008645971286271918
Epoch 162 time: 236.46261262893677 seconds
Epoch 162 accuracy: 95.17%
Batch 100, Loss: 0.0817
Batch 200, Loss: 0.0898
Batch 300, Loss: 0.0904
Epoch 163 learning rate: 0.008209631931586501
Epoch 163 time: 236.50859332084656 seconds
Epoch 163 accuracy: 95.14%
Batch 100, Loss: 0.0854
Batch 200, Loss: 0.0856
Batch 300, Loss: 0.0841
Epoch 164 learning rate: 0.0077836037248992605
Epoch 164 time: 236.39916014671326 seconds
Epoch 164 accuracy: 94.94%
Batch 100, Loss: 0.0787
Batch 200, Loss: 0.0837
Batch 300, Loss: 0.0844
Epoch 165 learning rate: 0.0073679917822954055
Epoch 165 time: 236.43423008918762 seconds
Epoch 165 accuracy: 95.02%
Batch 100, Loss: 0.0751
Batch 200, Loss: 0.0788
Batch 300, Loss: 0.0762
Epoch 166 learning rate: 0.006962898649802815
Epoch 166 time: 236.33326482772827 seconds
Epoch 166 accuracy: 95.58%
Batch 100, Loss: 0.0750
Batch 200, Loss: 0.0720
Batch 300, Loss: 0.0755
Epoch 167 learning rate: 0.006568424278090438
Epoch 167 time: 236.3803994655609 seconds
Epoch 167 accuracy: 95.4%
Batch 100, Loss: 0.0755
Batch 200, Loss: 0.0690
Batch 300, Loss: 0.0785
Epoch 168 learning rate: 0.006184665997806824
Epoch 168 time: 236.35923147201538 seconds
Epoch 168 accuracy: 95.35%
Batch 100, Loss: 0.0707
Batch 200, Loss: 0.0683
Batch 300, Loss: 0.0678
Epoch 169 learning rate: 0.00581171849556533
Epoch 169 time: 236.118399143219 seconds
Epoch 169 accuracy: 95.49%
Batch 100, Loss: 0.0670
Batch 200, Loss: 0.0683
Batch 300, Loss: 0.0672
Epoch 170 learning rate: 0.0054496737905816136
Epoch 170 time: 236.32394170761108 seconds
Epoch 170 accuracy: 95.44%
Batch 100, Loss: 0.0675
Batch 200, Loss: 0.0661
Batch 300, Loss: 0.0666
Epoch 171 learning rate: 0.005098621211969226
Epoch 171 time: 236.12672972679138 seconds
Epoch 171 accuracy: 95.58%
