The following modules were not unloaded:
  (Use "module --force purge" to unload all):

  1) CCconfig        6)  ucx/1.14.1         11) flexiblas/3.3.1
  2) gentoo/2023     7)  libfabric/1.18.0   12) imkl/2023.2.0
  3) gcccore/.12.3   8)  pmix/4.2.4         13) StdEnv/2023
  4) gcc/12.3        9)  ucc/1.2.0
  5) hwloc/2.9.1     10) openmpi/4.1.5
/project/6070520/tkleinkn/Vanilla-GAM/main_cifar.py:187: UserWarning: You have chosen a specific GPU. This will completely disable data parallelism.
  warnings.warn('You have chosen a specific GPU. This will completely '
model name space ['resnet101_c', 'resnet152_c', 'resnet18_c', 'resnet34_c', 'resnet50_c']
Use GPU: 0 for training
=> creating model 'resnet18_c'
Files already downloaded and verified
Files already downloaded and verified
tensorboard dir ./results/CIFAR100/GAMNonAccelerated
Using non-accelerated GAM
/home/tkleinkn/GAMtest/lib/python3.11/site-packages/torch/autograd/graph.py:744: UserWarning: Using backward() with create_graph=True will create a reference cycle between the parameter and its gradient which can cause a memory leak. We recommend using autograd.grad when creating the graph to avoid this. If you have to use this function, make sure to reset the .grad fields of your parameters to None after use to break the cycle and avoid the leak. (Triggered internally at /home/coulombc/wheels_builder/tmp.2617/python-3.11/torch/torch/csrc/autograd/engine.cpp:1203.)
  return Variable._execution_engine.run_backward(  # Calls into the C++ engine to run the backward pass
Batch 100, Loss: 3.6876
Batch 200, Loss: 3.3337
Batch 300, Loss: 3.2199
Epoch 1 learning rate: 0.09999383162408304
Epoch 1 time: 246.89735794067383 seconds
Epoch 1 accuracy: 12.33%
Batch 100, Loss: 3.0518
Batch 200, Loss: 2.9703
Batch 300, Loss: 2.8861
Epoch 2 learning rate: 0.09997532801828658
Epoch 2 time: 236.37019038200378 seconds
Epoch 2 accuracy: 19.69%
Batch 100, Loss: 2.7473
Batch 200, Loss: 2.6453
Batch 300, Loss: 2.5754
Epoch 3 learning rate: 0.09994449374809851
Epoch 3 time: 236.08227133750916 seconds
Epoch 3 accuracy: 25.78%
Batch 100, Loss: 2.4282
Batch 200, Loss: 2.3645
Batch 300, Loss: 2.2428
Epoch 4 learning rate: 0.09990133642141359
Epoch 4 time: 236.218252658844 seconds
Epoch 4 accuracy: 34.01%
Batch 100, Loss: 2.0907
Batch 200, Loss: 2.0321
Batch 300, Loss: 2.0077
Epoch 5 learning rate: 0.09984586668665642
Epoch 5 time: 235.76813316345215 seconds
Epoch 5 accuracy: 39.12%
Batch 100, Loss: 1.8658
Batch 200, Loss: 1.8298
Batch 300, Loss: 1.7806
Epoch 6 learning rate: 0.09977809823015402
Epoch 6 time: 235.97699522972107 seconds
Epoch 6 accuracy: 42.47%
Batch 100, Loss: 1.6941
Batch 200, Loss: 1.6755
Batch 300, Loss: 1.6717
Epoch 7 learning rate: 0.09969804777275901
Epoch 7 time: 235.90549325942993 seconds
Epoch 7 accuracy: 46.63%
Batch 100, Loss: 1.5681
Batch 200, Loss: 1.5727
Batch 300, Loss: 1.5658
Epoch 8 learning rate: 0.09960573506572391
Epoch 8 time: 235.89314317703247 seconds
Epoch 8 accuracy: 50.93%
Batch 100, Loss: 1.4665
Batch 200, Loss: 1.4894
Batch 300, Loss: 1.4843
Epoch 9 learning rate: 0.09950118288582789
Epoch 9 time: 235.91326093673706 seconds
Epoch 9 accuracy: 49.12%
Batch 100, Loss: 1.4119
Batch 200, Loss: 1.4158
Batch 300, Loss: 1.4093
Epoch 10 learning rate: 0.09938441702975691
Epoch 10 time: 236.14217352867126 seconds
Epoch 10 accuracy: 52.85%
Batch 100, Loss: 1.3637
Batch 200, Loss: 1.3698
Batch 300, Loss: 1.3732
Epoch 11 learning rate: 0.09925546630773871
Epoch 11 time: 235.8042905330658 seconds
Epoch 11 accuracy: 54.34%
Batch 100, Loss: 1.3195
Batch 200, Loss: 1.3289
Batch 300, Loss: 1.3244
Epoch 12 learning rate: 0.09911436253643445
Epoch 12 time: 235.90185570716858 seconds
Epoch 12 accuracy: 54.06%
Batch 100, Loss: 1.2683
Batch 200, Loss: 1.2974
Batch 300, Loss: 1.3031
Epoch 13 learning rate: 0.0989611405310883
Epoch 13 time: 236.04465079307556 seconds
Epoch 13 accuracy: 55.08%
Batch 100, Loss: 1.2428
Batch 200, Loss: 1.2614
Batch 300, Loss: 1.2635
Epoch 14 learning rate: 0.09879583809693739
Epoch 14 time: 236.13754153251648 seconds
Epoch 14 accuracy: 56.05%
Batch 100, Loss: 1.2046
Batch 200, Loss: 1.2307
Batch 300, Loss: 1.2442
Epoch 15 learning rate: 0.09861849601988384
Epoch 15 time: 235.9389932155609 seconds
Epoch 15 accuracy: 56.3%
Batch 100, Loss: 1.1697
Batch 200, Loss: 1.1974
Batch 300, Loss: 1.2318
Epoch 16 learning rate: 0.09842915805643157
Epoch 16 time: 236.0890827178955 seconds
Epoch 16 accuracy: 56.94%
Batch 100, Loss: 1.1489
Batch 200, Loss: 1.1654
Batch 300, Loss: 1.2147
Epoch 17 learning rate: 0.09822787092288993
Epoch 17 time: 236.28682589530945 seconds
Epoch 17 accuracy: 56.7%
Batch 100, Loss: 1.1121
Batch 200, Loss: 1.1575
Batch 300, Loss: 1.1673
Epoch 18 learning rate: 0.09801468428384717
Epoch 18 time: 235.95465660095215 seconds
Epoch 18 accuracy: 56.67%
Batch 100, Loss: 1.1042
Batch 200, Loss: 1.1515
Batch 300, Loss: 1.1496
Epoch 19 learning rate: 0.09778965073991652
Epoch 19 time: 235.9867250919342 seconds
Epoch 19 accuracy: 56.04%
Batch 100, Loss: 1.0933
Batch 200, Loss: 1.1341
Batch 300, Loss: 1.1452
Epoch 20 learning rate: 0.0975528258147577
Epoch 20 time: 235.85531759262085 seconds
Epoch 20 accuracy: 61.2%
Batch 100, Loss: 1.0890
Batch 200, Loss: 1.0861
Batch 300, Loss: 1.1345
Epoch 21 learning rate: 0.09730426794137728
Epoch 21 time: 236.04102873802185 seconds
Epoch 21 accuracy: 57.28%
Batch 100, Loss: 1.0672
Batch 200, Loss: 1.1001
Batch 300, Loss: 1.1173
Epoch 22 learning rate: 0.09704403844771128
Epoch 22 time: 236.0492844581604 seconds
Epoch 22 accuracy: 60.79%
Batch 100, Loss: 1.0529
Batch 200, Loss: 1.0856
Batch 300, Loss: 1.1059
Epoch 23 learning rate: 0.09677220154149338
Epoch 23 time: 235.93547987937927 seconds
Epoch 23 accuracy: 59.28%
Batch 100, Loss: 1.0174
Batch 200, Loss: 1.0868
Batch 300, Loss: 1.0814
Epoch 24 learning rate: 0.09648882429441258
Epoch 24 time: 235.86390161514282 seconds
Epoch 24 accuracy: 58.31%
Batch 100, Loss: 1.0123
Batch 200, Loss: 1.0559
Batch 300, Loss: 1.0653
Epoch 25 learning rate: 0.09619397662556435
Epoch 25 time: 235.8621916770935 seconds
Epoch 25 accuracy: 55.9%
Batch 100, Loss: 0.9915
Batch 200, Loss: 1.0295
Batch 300, Loss: 1.0916
Epoch 26 learning rate: 0.09588773128419906
Epoch 26 time: 235.97061777114868 seconds
Epoch 26 accuracy: 59.79%
Batch 100, Loss: 0.9908
Batch 200, Loss: 1.0358
Batch 300, Loss: 1.0469
Epoch 27 learning rate: 0.09557016383177226
Epoch 27 time: 235.96315789222717 seconds
Epoch 27 accuracy: 59.25%
Batch 100, Loss: 0.9954
Batch 200, Loss: 1.0215
Batch 300, Loss: 1.0355
Epoch 28 learning rate: 0.09524135262330098
Epoch 28 time: 235.8957097530365 seconds
Epoch 28 accuracy: 58.93%
Batch 100, Loss: 0.9661
Batch 200, Loss: 1.0099
Batch 300, Loss: 1.0591
Epoch 29 learning rate: 0.09490137878803079
Epoch 29 time: 236.08027911186218 seconds
Epoch 29 accuracy: 63.08%
Batch 100, Loss: 0.9696
Batch 200, Loss: 1.0120
Batch 300, Loss: 1.0201
Epoch 30 learning rate: 0.0945503262094184
Epoch 30 time: 236.165864944458 seconds
Epoch 30 accuracy: 59.0%
Batch 100, Loss: 0.9719
Batch 200, Loss: 0.9995
Batch 300, Loss: 1.0131
Epoch 31 learning rate: 0.0941882815044347
Epoch 31 time: 236.02796149253845 seconds
Epoch 31 accuracy: 59.73%
Batch 100, Loss: 0.9583
Batch 200, Loss: 0.9819
Batch 300, Loss: 1.0115
Epoch 32 learning rate: 0.09381533400219319
Epoch 32 time: 236.0027015209198 seconds
Epoch 32 accuracy: 61.02%
Batch 100, Loss: 0.9470
Batch 200, Loss: 1.0048
Batch 300, Loss: 0.9957
Epoch 33 learning rate: 0.09343157572190958
Epoch 33 time: 236.01293277740479 seconds
Epoch 33 accuracy: 60.07%
Batch 100, Loss: 0.9396
Batch 200, Loss: 0.9790
Batch 300, Loss: 0.9923
Epoch 34 learning rate: 0.0930371013501972
Epoch 34 time: 235.96271395683289 seconds
Epoch 34 accuracy: 60.92%
Batch 100, Loss: 0.9444
Batch 200, Loss: 0.9700
Batch 300, Loss: 1.0068
Epoch 35 learning rate: 0.09263200821770463
Epoch 35 time: 236.0131380558014 seconds
Epoch 35 accuracy: 61.34%
Batch 100, Loss: 0.9340
Batch 200, Loss: 0.9493
Batch 300, Loss: 0.9614
Epoch 36 learning rate: 0.09221639627510078
Epoch 36 time: 235.95598530769348 seconds
Epoch 36 accuracy: 63.24%
Batch 100, Loss: 0.9206
Batch 200, Loss: 0.9335
Batch 300, Loss: 0.9842
Epoch 37 learning rate: 0.09179036806841355
Epoch 37 time: 235.9145097732544 seconds
Epoch 37 accuracy: 60.93%
Batch 100, Loss: 0.8952
Batch 200, Loss: 0.9372
Batch 300, Loss: 0.9572
Epoch 38 learning rate: 0.09135402871372812
Epoch 38 time: 236.11404156684875 seconds
Epoch 38 accuracy: 62.22%
Batch 100, Loss: 0.9017
Batch 200, Loss: 0.9267
Batch 300, Loss: 0.9649
Epoch 39 learning rate: 0.0909074858712512
Epoch 39 time: 235.8998351097107 seconds
Epoch 39 accuracy: 63.75%
Batch 100, Loss: 0.8809
Batch 200, Loss: 0.9264
Batch 300, Loss: 0.9615
Epoch 40 learning rate: 0.09045084971874741
Epoch 40 time: 236.0887839794159 seconds
Epoch 40 accuracy: 63.2%
Batch 100, Loss: 0.8764
Batch 200, Loss: 0.9276
Batch 300, Loss: 0.9347
Epoch 41 learning rate: 0.08998423292435458
Epoch 41 time: 236.12474274635315 seconds
Epoch 41 accuracy: 62.36%
Batch 100, Loss: 0.8747
Batch 200, Loss: 0.9345
Batch 300, Loss: 0.9294
Epoch 42 learning rate: 0.08950775061878455
Epoch 42 time: 236.05510473251343 seconds
Epoch 42 accuracy: 60.59%
Batch 100, Loss: 0.8669
Batch 200, Loss: 0.9188
Batch 300, Loss: 0.9362
Epoch 43 learning rate: 0.08902152036691653
Epoch 43 time: 236.08505392074585 seconds
Epoch 43 accuracy: 65.37%
Batch 100, Loss: 0.8486
Batch 200, Loss: 0.8971
Batch 300, Loss: 0.9536
Epoch 44 learning rate: 0.08852566213878951
Epoch 44 time: 236.1497073173523 seconds
Epoch 44 accuracy: 62.58%
Batch 100, Loss: 0.8592
Batch 200, Loss: 0.8866
Batch 300, Loss: 0.9047
Epoch 45 learning rate: 0.0880202982800016
Epoch 45 time: 236.2715504169464 seconds
Epoch 45 accuracy: 61.85%
Batch 100, Loss: 0.8418
Batch 200, Loss: 0.8951
Batch 300, Loss: 0.9157
Epoch 46 learning rate: 0.08750555348152303
Epoch 46 time: 235.953284740448 seconds
Epoch 46 accuracy: 64.92%
Batch 100, Loss: 0.8425
Batch 200, Loss: 0.8787
Batch 300, Loss: 0.9160
Epoch 47 learning rate: 0.08698155474893052
Epoch 47 time: 236.0505714416504 seconds
Epoch 47 accuracy: 64.54%
Batch 100, Loss: 0.8222
Batch 200, Loss: 0.8887
Batch 300, Loss: 0.9191
Epoch 48 learning rate: 0.08644843137107061
Epoch 48 time: 236.10571908950806 seconds
Epoch 48 accuracy: 62.46%
Batch 100, Loss: 0.8173
Batch 200, Loss: 0.8856
Batch 300, Loss: 0.9019
Epoch 49 learning rate: 0.08590631488815947
Epoch 49 time: 236.13485527038574 seconds
Epoch 49 accuracy: 65.83%
Batch 100, Loss: 0.8205
Batch 200, Loss: 0.8556
Batch 300, Loss: 0.8927
Epoch 50 learning rate: 0.0853553390593274
Epoch 50 time: 242.00372910499573 seconds
Epoch 50 accuracy: 63.12%
Batch 100, Loss: 0.8059
Batch 200, Loss: 0.8642
Batch 300, Loss: 0.8920
Epoch 51 learning rate: 0.08479563982961574
Epoch 51 time: 292.274126291275 seconds
Epoch 51 accuracy: 64.48%
Batch 100, Loss: 0.8066
Batch 200, Loss: 0.8674
Batch 300, Loss: 0.8857
Epoch 52 learning rate: 0.08422735529643446
Epoch 52 time: 235.9415225982666 seconds
Epoch 52 accuracy: 62.29%
Batch 100, Loss: 0.8065
Batch 200, Loss: 0.8521
Batch 300, Loss: 0.8651
Epoch 53 learning rate: 0.08365062567548869
Epoch 53 time: 235.9226689338684 seconds
Epoch 53 accuracy: 65.55%
Batch 100, Loss: 0.7937
Batch 200, Loss: 0.8449
Batch 300, Loss: 0.8703
Epoch 54 learning rate: 0.08306559326618261
Epoch 54 time: 261.48455691337585 seconds
Epoch 54 accuracy: 63.01%
Batch 100, Loss: 0.7918
Batch 200, Loss: 0.8429
Batch 300, Loss: 0.8826
Epoch 55 learning rate: 0.0824724024165092
Epoch 55 time: 236.00635027885437 seconds
Epoch 55 accuracy: 63.75%
Batch 100, Loss: 0.7916
Batch 200, Loss: 0.8221
Batch 300, Loss: 0.8594
Epoch 56 learning rate: 0.0818711994874345
Epoch 56 time: 236.03129029273987 seconds
Epoch 56 accuracy: 63.67%
Batch 100, Loss: 0.7847
Batch 200, Loss: 0.8230
Batch 300, Loss: 0.8598
Epoch 57 learning rate: 0.08126213281678528
Epoch 57 time: 235.82104015350342 seconds
Epoch 57 accuracy: 64.5%
Batch 100, Loss: 0.7951
Batch 200, Loss: 0.8289
Batch 300, Loss: 0.8465
Epoch 58 learning rate: 0.08064535268264884
Epoch 58 time: 235.88646388053894 seconds
Epoch 58 accuracy: 61.75%
Batch 100, Loss: 0.7872
Batch 200, Loss: 0.8126
Batch 300, Loss: 0.8325
Epoch 59 learning rate: 0.08002101126629421
Epoch 59 time: 236.2925946712494 seconds
Epoch 59 accuracy: 65.5%
Batch 100, Loss: 0.7761
Batch 200, Loss: 0.7951
Batch 300, Loss: 0.8349
Epoch 60 learning rate: 0.07938926261462367
Epoch 60 time: 236.0057270526886 seconds
Epoch 60 accuracy: 63.38%
Batch 100, Loss: 0.7575
Batch 200, Loss: 0.7960
Batch 300, Loss: 0.8363
Epoch 61 learning rate: 0.07875026260216395
Epoch 61 time: 235.84270429611206 seconds
Epoch 61 accuracy: 66.74%
Batch 100, Loss: 0.7441
Batch 200, Loss: 0.7870
Batch 300, Loss: 0.8170
Epoch 62 learning rate: 0.07810416889260656
Epoch 62 time: 235.88515782356262 seconds
Epoch 62 accuracy: 63.84%
Batch 100, Loss: 0.7524
Batch 200, Loss: 0.7879
Batch 300, Loss: 0.8223
Epoch 63 learning rate: 0.07745114089990661
Epoch 63 time: 235.80246019363403 seconds
Epoch 63 accuracy: 66.53%
Batch 100, Loss: 0.7264
Batch 200, Loss: 0.7865
Batch 300, Loss: 0.8080
Epoch 64 learning rate: 0.07679133974894985
Epoch 64 time: 236.1554732322693 seconds
Epoch 64 accuracy: 65.99%
Batch 100, Loss: 0.7348
Batch 200, Loss: 0.7785
Batch 300, Loss: 0.7923
Epoch 65 learning rate: 0.07612492823579746
Epoch 65 time: 236.2700743675232 seconds
Epoch 65 accuracy: 63.49%
Batch 100, Loss: 0.7481
Batch 200, Loss: 0.7664
Batch 300, Loss: 0.7841
Epoch 66 learning rate: 0.07545207078751859
Epoch 66 time: 235.90800070762634 seconds
Epoch 66 accuracy: 67.54%
Batch 100, Loss: 0.7129
Batch 200, Loss: 0.7580
Batch 300, Loss: 0.7907
Epoch 67 learning rate: 0.0747729334216204
Epoch 67 time: 235.867981672287 seconds
Epoch 67 accuracy: 65.42%
Batch 100, Loss: 0.7196
Batch 200, Loss: 0.7577
Batch 300, Loss: 0.7723
Epoch 68 learning rate: 0.07408768370508578
Epoch 68 time: 236.04298400878906 seconds
Epoch 68 accuracy: 64.89%
Batch 100, Loss: 0.7178
Batch 200, Loss: 0.7598
Batch 300, Loss: 0.7776
Epoch 69 learning rate: 0.0733964907130287
Epoch 69 time: 235.69370675086975 seconds
Epoch 69 accuracy: 66.19%
Batch 100, Loss: 0.7003
Batch 200, Loss: 0.7403
Batch 300, Loss: 0.7496
Epoch 70 learning rate: 0.07269952498697736
Epoch 70 time: 235.9614748954773 seconds
Epoch 70 accuracy: 65.42%
Batch 100, Loss: 0.6836
Batch 200, Loss: 0.7316
Batch 300, Loss: 0.7538
Epoch 71 learning rate: 0.07199695849279578
Epoch 71 time: 235.79016637802124 seconds
Epoch 71 accuracy: 65.09%
Batch 100, Loss: 0.6748
Batch 200, Loss: 0.7323
Batch 300, Loss: 0.7585
Epoch 72 learning rate: 0.07128896457825366
Epoch 72 time: 235.93384552001953 seconds
Epoch 72 accuracy: 62.33%
Batch 100, Loss: 0.6794
Batch 200, Loss: 0.7159
Batch 300, Loss: 0.7478
Epoch 73 learning rate: 0.07057571793025548
Epoch 73 time: 236.1027603149414 seconds
Epoch 73 accuracy: 65.57%
Batch 100, Loss: 0.6623
Batch 200, Loss: 0.7184
Batch 300, Loss: 0.7489
Epoch 74 learning rate: 0.06985739453173906
Epoch 74 time: 236.06994080543518 seconds
Epoch 74 accuracy: 66.46%
Batch 100, Loss: 0.6574
Batch 200, Loss: 0.6984
Batch 300, Loss: 0.7552
Epoch 75 learning rate: 0.06913417161825453
Epoch 75 time: 236.096848487854 seconds
Epoch 75 accuracy: 64.9%
Batch 100, Loss: 0.6445
Batch 200, Loss: 0.7050
Batch 300, Loss: 0.7440
Epoch 76 learning rate: 0.06840622763423394
Epoch 76 time: 236.21174263954163 seconds
Epoch 76 accuracy: 65.22%
Batch 100, Loss: 0.6576
Batch 200, Loss: 0.6900
Batch 300, Loss: 0.7292
Epoch 77 learning rate: 0.0676737421889629
Epoch 77 time: 235.72136449813843 seconds
Epoch 77 accuracy: 65.55%
Batch 100, Loss: 0.6546
Batch 200, Loss: 0.6774
Batch 300, Loss: 0.7172
Epoch 78 learning rate: 0.06693689601226462
Epoch 78 time: 236.04625391960144 seconds
Epoch 78 accuracy: 66.73%
Batch 100, Loss: 0.6339
Batch 200, Loss: 0.6769
Batch 300, Loss: 0.7011
Epoch 79 learning rate: 0.06619587090990751
Epoch 79 time: 236.25332713127136 seconds
Epoch 79 accuracy: 66.43%
Batch 100, Loss: 0.6517
Batch 200, Loss: 0.6607
Batch 300, Loss: 0.6793
Epoch 80 learning rate: 0.06545084971874741
Epoch 80 time: 235.95394849777222 seconds
Epoch 80 accuracy: 66.51%
Batch 100, Loss: 0.6198
Batch 200, Loss: 0.6552
Batch 300, Loss: 0.6974
Epoch 81 learning rate: 0.06470201626161524
Epoch 81 time: 235.9696753025055 seconds
Epoch 81 accuracy: 66.03%
Batch 100, Loss: 0.6221
Batch 200, Loss: 0.6488
Batch 300, Loss: 0.6751
Epoch 82 learning rate: 0.06394955530196152
Epoch 82 time: 236.02344608306885 seconds
Epoch 82 accuracy: 66.11%
Batch 100, Loss: 0.5981
Batch 200, Loss: 0.6268
Batch 300, Loss: 0.6856
Epoch 83 learning rate: 0.06319365249826868
Epoch 83 time: 236.19621968269348 seconds
Epoch 83 accuracy: 66.89%
Batch 100, Loss: 0.6022
Batch 200, Loss: 0.6347
Batch 300, Loss: 0.6665
Epoch 84 learning rate: 0.06243449435824277
Epoch 84 time: 236.05975914001465 seconds
Epoch 84 accuracy: 66.11%
Batch 100, Loss: 0.5972
Batch 200, Loss: 0.6417
Batch 300, Loss: 0.6674
Epoch 85 learning rate: 0.06167226819279532
Epoch 85 time: 235.9497435092926 seconds
Epoch 85 accuracy: 67.61%
Batch 100, Loss: 0.5752
Batch 200, Loss: 0.6387
Batch 300, Loss: 0.6426
Epoch 86 learning rate: 0.06090716206982718
Epoch 86 time: 236.26504349708557 seconds
Epoch 86 accuracy: 66.46%
Batch 100, Loss: 0.6010
Batch 200, Loss: 0.6314
Batch 300, Loss: 0.6453
Epoch 87 learning rate: 0.06013936476782568
Epoch 87 time: 235.8849596977234 seconds
Epoch 87 accuracy: 68.07%
Batch 100, Loss: 0.5676
Batch 200, Loss: 0.6068
Batch 300, Loss: 0.6409
Epoch 88 learning rate: 0.05936906572928629
Epoch 88 time: 235.9877302646637 seconds
Epoch 88 accuracy: 68.07%
Batch 100, Loss: 0.5614
Batch 200, Loss: 0.6017
Batch 300, Loss: 0.6342
Epoch 89 learning rate: 0.05859645501397052
Epoch 89 time: 236.13529253005981 seconds
Epoch 89 accuracy: 66.64%
Batch 100, Loss: 0.5639
Batch 200, Loss: 0.6035
Batch 300, Loss: 0.6062
Epoch 90 learning rate: 0.05782172325201159
Epoch 90 time: 235.8199326992035 seconds
Epoch 90 accuracy: 67.36%
Batch 100, Loss: 0.5592
Batch 200, Loss: 0.5879
Batch 300, Loss: 0.6114
Epoch 91 learning rate: 0.057045061596879186
Epoch 91 time: 235.90497469902039 seconds
Epoch 91 accuracy: 69.27%
Batch 100, Loss: 0.5374
Batch 200, Loss: 0.5841
Batch 300, Loss: 0.6079
Epoch 92 learning rate: 0.056266661678215264
Epoch 92 time: 236.18473720550537 seconds
Epoch 92 accuracy: 69.78%
Batch 100, Loss: 0.5238
Batch 200, Loss: 0.5682
Batch 300, Loss: 0.6029
Epoch 93 learning rate: 0.055486715554552306
Epoch 93 time: 236.14333534240723 seconds
Epoch 93 accuracy: 68.44%
Batch 100, Loss: 0.5317
Batch 200, Loss: 0.5570
Batch 300, Loss: 0.5866
Epoch 94 learning rate: 0.05470541566592575
Epoch 94 time: 236.09441089630127 seconds
Epoch 94 accuracy: 69.54%
Batch 100, Loss: 0.5208
Batch 200, Loss: 0.5443
Batch 300, Loss: 0.5848
Epoch 95 learning rate: 0.05392295478639229
Epoch 95 time: 235.74370956420898 seconds
Epoch 95 accuracy: 68.54%
Batch 100, Loss: 0.5181
Batch 200, Loss: 0.5323
Batch 300, Loss: 0.6013
Epoch 96 learning rate: 0.05313952597646571
Epoch 96 time: 236.0367522239685 seconds
Epoch 96 accuracy: 69.63%
Batch 100, Loss: 0.5067
Batch 200, Loss: 0.5306
Batch 300, Loss: 0.5642
Epoch 97 learning rate: 0.05235532253548216
Epoch 97 time: 235.78850388526917 seconds
Epoch 97 accuracy: 68.63%
Batch 100, Loss: 0.4937
Batch 200, Loss: 0.5229
Batch 300, Loss: 0.5534
Epoch 98 learning rate: 0.051570537953906447
Epoch 98 time: 235.923663854599 seconds
Epoch 98 accuracy: 68.88%
Batch 100, Loss: 0.4883
Batch 200, Loss: 0.5179
Batch 300, Loss: 0.5473
Epoch 99 learning rate: 0.05078536586559106
Epoch 99 time: 236.14381957054138 seconds
Epoch 99 accuracy: 69.02%
Batch 100, Loss: 0.4767
Batch 200, Loss: 0.5061
Batch 300, Loss: 0.5471
Epoch 100 learning rate: 0.050000000000000024
Epoch 100 time: 236.08137798309326 seconds
Epoch 100 accuracy: 68.32%
Batch 100, Loss: 0.4656
Batch 200, Loss: 0.5028
Batch 300, Loss: 0.5330
Epoch 101 learning rate: 0.049214634134409
Epoch 101 time: 235.8386664390564 seconds
Epoch 101 accuracy: 68.26%
Batch 100, Loss: 0.4732
Batch 200, Loss: 0.4775
Batch 300, Loss: 0.5202
Epoch 102 learning rate: 0.04842946204609361
Epoch 102 time: 236.0978558063507 seconds
Epoch 102 accuracy: 68.16%
Batch 100, Loss: 0.4560
Batch 200, Loss: 0.4895
Batch 300, Loss: 0.5039
Epoch 103 learning rate: 0.04764467746451789
Epoch 103 time: 236.0189778804779 seconds
Epoch 103 accuracy: 68.96%
Batch 100, Loss: 0.4477
Batch 200, Loss: 0.4670
Batch 300, Loss: 0.5033
Epoch 104 learning rate: 0.046860474023534354
Epoch 104 time: 236.03899788856506 seconds
Epoch 104 accuracy: 70.58%
Batch 100, Loss: 0.4439
Batch 200, Loss: 0.4643
Batch 300, Loss: 0.4916
Epoch 105 learning rate: 0.04607704521360778
Epoch 105 time: 235.9560523033142 seconds
Epoch 105 accuracy: 68.59%
Batch 100, Loss: 0.4364
Batch 200, Loss: 0.4419
Batch 300, Loss: 0.4787
Epoch 106 learning rate: 0.04529458433407431
Epoch 106 time: 236.08298063278198 seconds
Epoch 106 accuracy: 69.07%
Batch 100, Loss: 0.4192
Batch 200, Loss: 0.4480
Batch 300, Loss: 0.4823
Epoch 107 learning rate: 0.04451328444544776
Epoch 107 time: 236.0082767009735 seconds
Epoch 107 accuracy: 69.07%
Batch 100, Loss: 0.4099
Batch 200, Loss: 0.4454
Batch 300, Loss: 0.4611
Epoch 108 learning rate: 0.04373333832178482
Epoch 108 time: 235.8022255897522 seconds
Epoch 108 accuracy: 69.83%
Batch 100, Loss: 0.4095
Batch 200, Loss: 0.4291
Batch 300, Loss: 0.4484
Epoch 109 learning rate: 0.0429549384031209
Epoch 109 time: 236.26048874855042 seconds
Epoch 109 accuracy: 69.94%
Batch 100, Loss: 0.4003
Batch 200, Loss: 0.4057
Batch 300, Loss: 0.4523
Epoch 110 learning rate: 0.042178276747988484
Epoch 110 time: 235.88071751594543 seconds
Epoch 110 accuracy: 71.35%
Batch 100, Loss: 0.3806
Batch 200, Loss: 0.4009
Batch 300, Loss: 0.4355
Epoch 111 learning rate: 0.04140354498602954
Epoch 111 time: 235.9090838432312 seconds
Epoch 111 accuracy: 68.07%
Batch 100, Loss: 0.3950
Batch 200, Loss: 0.4037
Batch 300, Loss: 0.4149
Epoch 112 learning rate: 0.0406309342707138
Epoch 112 time: 235.82001662254333 seconds
Epoch 112 accuracy: 69.61%
Batch 100, Loss: 0.3671
Batch 200, Loss: 0.3869
Batch 300, Loss: 0.4201
Epoch 113 learning rate: 0.03986063523217441
Epoch 113 time: 235.9394679069519 seconds
Epoch 113 accuracy: 71.87%
Batch 100, Loss: 0.3666
Batch 200, Loss: 0.3925
Batch 300, Loss: 0.4002
Epoch 114 learning rate: 0.039092837930172916
Epoch 114 time: 236.0186426639557 seconds
Epoch 114 accuracy: 71.52%
Batch 100, Loss: 0.3527
Batch 200, Loss: 0.3674
Batch 300, Loss: 0.4016
Epoch 115 learning rate: 0.03832773180720475
Epoch 115 time: 236.03962230682373 seconds
Epoch 115 accuracy: 71.88%
Batch 100, Loss: 0.3514
Batch 200, Loss: 0.3657
Batch 300, Loss: 0.3929
Epoch 116 learning rate: 0.037565505641757285
Epoch 116 time: 235.81633138656616 seconds
Epoch 116 accuracy: 70.94%
Batch 100, Loss: 0.3434
Batch 200, Loss: 0.3535
Batch 300, Loss: 0.3797
Epoch 117 learning rate: 0.03680634750173138
Epoch 117 time: 235.9827582836151 seconds
Epoch 117 accuracy: 71.6%
Batch 100, Loss: 0.3311
Batch 200, Loss: 0.3473
Batch 300, Loss: 0.3726
Epoch 118 learning rate: 0.036050444698038565
Epoch 118 time: 235.98128294944763 seconds
Epoch 118 accuracy: 72.31%
Batch 100, Loss: 0.3331
Batch 200, Loss: 0.3417
Batch 300, Loss: 0.3514
Epoch 119 learning rate: 0.03529798373838483
Epoch 119 time: 235.87669610977173 seconds
Epoch 119 accuracy: 73.28%
Batch 100, Loss: 0.3129
Batch 200, Loss: 0.3359
Batch 300, Loss: 0.3447
Epoch 120 learning rate: 0.03454915028125267
Epoch 120 time: 235.88876056671143 seconds
Epoch 120 accuracy: 72.36%
Batch 100, Loss: 0.3031
Batch 200, Loss: 0.3248
Batch 300, Loss: 0.3434
Epoch 121 learning rate: 0.03380412909009255
Epoch 121 time: 236.05066323280334 seconds
Epoch 121 accuracy: 71.94%
Batch 100, Loss: 0.3013
Batch 200, Loss: 0.3156
Batch 300, Loss: 0.3380
Epoch 122 learning rate: 0.03306310398773545
Epoch 122 time: 235.90835070610046 seconds
Epoch 122 accuracy: 72.94%
Batch 100, Loss: 0.2938
Batch 200, Loss: 0.3118
Batch 300, Loss: 0.3274
Epoch 123 learning rate: 0.03232625781103717
Epoch 123 time: 235.8949053287506 seconds
Epoch 123 accuracy: 71.95%
Batch 100, Loss: 0.2819
Batch 200, Loss: 0.2983
Batch 300, Loss: 0.3175
Epoch 124 learning rate: 0.03159377236576613
Epoch 124 time: 236.00321507453918 seconds
Epoch 124 accuracy: 72.34%
Batch 100, Loss: 0.2759
Batch 200, Loss: 0.2908
Batch 300, Loss: 0.3124
Epoch 125 learning rate: 0.030865828381745543
Epoch 125 time: 235.95200109481812 seconds
Epoch 125 accuracy: 72.22%
Batch 100, Loss: 0.2625
Batch 200, Loss: 0.2891
Batch 300, Loss: 0.3071
Epoch 126 learning rate: 0.03014260546826098
Epoch 126 time: 236.01393675804138 seconds
Epoch 126 accuracy: 72.74%
Batch 100, Loss: 0.2654
Batch 200, Loss: 0.2674
Batch 300, Loss: 0.2848
Epoch 127 learning rate: 0.02942428206974458
Epoch 127 time: 235.95185923576355 seconds
Epoch 127 accuracy: 73.61%
Batch 100, Loss: 0.2489
Batch 200, Loss: 0.2593
Batch 300, Loss: 0.2809
Epoch 128 learning rate: 0.028711035421746387
Epoch 128 time: 236.16824388504028 seconds
Epoch 128 accuracy: 73.1%
Batch 100, Loss: 0.2459
Batch 200, Loss: 0.2572
Batch 300, Loss: 0.2621
Epoch 129 learning rate: 0.02800304150720426
Epoch 129 time: 236.1194703578949 seconds
Epoch 129 accuracy: 73.29%
Batch 100, Loss: 0.2338
Batch 200, Loss: 0.2377
Batch 300, Loss: 0.2547
Epoch 130 learning rate: 0.02730047501302268
Epoch 130 time: 235.75330591201782 seconds
Epoch 130 accuracy: 73.57%
Batch 100, Loss: 0.2286
Batch 200, Loss: 0.2349
Batch 300, Loss: 0.2596
Epoch 131 learning rate: 0.026603509286971357
Epoch 131 time: 236.07036900520325 seconds
Epoch 131 accuracy: 73.02%
Batch 100, Loss: 0.2232
Batch 200, Loss: 0.2366
Batch 300, Loss: 0.2540
Epoch 132 learning rate: 0.025912316294914244
Epoch 132 time: 235.96258783340454 seconds
Epoch 132 accuracy: 73.16%
Batch 100, Loss: 0.2229
Batch 200, Loss: 0.2264
Batch 300, Loss: 0.2429
Epoch 133 learning rate: 0.025227066578379632
Epoch 133 time: 235.9745752811432 seconds
Epoch 133 accuracy: 73.96%
Batch 100, Loss: 0.2138
Batch 200, Loss: 0.2225
Batch 300, Loss: 0.2290
Epoch 134 learning rate: 0.024547929212481445
Epoch 134 time: 235.82566952705383 seconds
Epoch 134 accuracy: 73.38%
Batch 100, Loss: 0.2066
Batch 200, Loss: 0.2123
Batch 300, Loss: 0.2281
Epoch 135 learning rate: 0.02387507176420257
Epoch 135 time: 235.858304977417 seconds
Epoch 135 accuracy: 74.44%
Batch 100, Loss: 0.2102
Batch 200, Loss: 0.2045
Batch 300, Loss: 0.2229
Epoch 136 learning rate: 0.023208660251050166
Epoch 136 time: 236.11536407470703 seconds
Epoch 136 accuracy: 74.49%
Batch 100, Loss: 0.1914
Batch 200, Loss: 0.1997
Batch 300, Loss: 0.2150
Epoch 137 learning rate: 0.022548859100093414
Epoch 137 time: 236.11433601379395 seconds
Epoch 137 accuracy: 74.84%
Batch 100, Loss: 0.1862
Batch 200, Loss: 0.1882
Batch 300, Loss: 0.2049
Epoch 138 learning rate: 0.021895831107393474
Epoch 138 time: 236.1922585964203 seconds
Epoch 138 accuracy: 74.58%
Batch 100, Loss: 0.1813
Batch 200, Loss: 0.1823
Batch 300, Loss: 0.1915
Epoch 139 learning rate: 0.02124973739783608
Epoch 139 time: 235.95841073989868 seconds
Epoch 139 accuracy: 75.03%
Batch 100, Loss: 0.1735
Batch 200, Loss: 0.1797
Batch 300, Loss: 0.1869
Epoch 140 learning rate: 0.02061073738537636
Epoch 140 time: 235.9367640018463 seconds
Epoch 140 accuracy: 75.29%
Batch 100, Loss: 0.1643
Batch 200, Loss: 0.1737
Batch 300, Loss: 0.1797
Epoch 141 learning rate: 0.019978988733705814
Epoch 141 time: 235.8932602405548 seconds
Epoch 141 accuracy: 75.41%
Batch 100, Loss: 0.1597
Batch 200, Loss: 0.1690
Batch 300, Loss: 0.1771
Epoch 142 learning rate: 0.01935464731735118
Epoch 142 time: 235.94904732704163 seconds
Epoch 142 accuracy: 74.92%
Batch 100, Loss: 0.1525
Batch 200, Loss: 0.1672
Batch 300, Loss: 0.1697
Epoch 143 learning rate: 0.018737867183214747
Epoch 143 time: 236.0314781665802 seconds
Epoch 143 accuracy: 75.42%
Batch 100, Loss: 0.1456
Batch 200, Loss: 0.1514
Batch 300, Loss: 0.1601
Epoch 144 learning rate: 0.01812880051256552
Epoch 144 time: 236.01154947280884 seconds
Epoch 144 accuracy: 76.16%
Batch 100, Loss: 0.1423
Batch 200, Loss: 0.1448
Batch 300, Loss: 0.1607
Epoch 145 learning rate: 0.017527597583490827
Epoch 145 time: 235.88750767707825 seconds
Epoch 145 accuracy: 75.49%
Batch 100, Loss: 0.1406
Batch 200, Loss: 0.1412
Batch 300, Loss: 0.1558
Epoch 146 learning rate: 0.01693440673381742
Epoch 146 time: 235.90049028396606 seconds
Epoch 146 accuracy: 76.44%
Batch 100, Loss: 0.1321
Batch 200, Loss: 0.1366
Batch 300, Loss: 0.1458
Epoch 147 learning rate: 0.016349374324511334
Epoch 147 time: 236.16210842132568 seconds
Epoch 147 accuracy: 76.32%
Batch 100, Loss: 0.1311
Batch 200, Loss: 0.1331
Batch 300, Loss: 0.1366
Epoch 148 learning rate: 0.01577264470356557
Epoch 148 time: 235.80565357208252 seconds
Epoch 148 accuracy: 76.31%
Batch 100, Loss: 0.1266
Batch 200, Loss: 0.1284
Batch 300, Loss: 0.1324
Epoch 149 learning rate: 0.01520436017038429
Epoch 149 time: 236.0338842868805 seconds
Epoch 149 accuracy: 77.04%
Batch 100, Loss: 0.1224
Batch 200, Loss: 0.1261
Batch 300, Loss: 0.1279
Epoch 150 learning rate: 0.014644660940672632
Epoch 150 time: 236.01871132850647 seconds
Epoch 150 accuracy: 76.76%
Batch 100, Loss: 0.1199
Batch 200, Loss: 0.1212
Batch 300, Loss: 0.1256
Epoch 151 learning rate: 0.01409368511184057
Epoch 151 time: 236.10916590690613 seconds
Epoch 151 accuracy: 76.55%
Batch 100, Loss: 0.1127
Batch 200, Loss: 0.1169
Batch 300, Loss: 0.1232
Epoch 152 learning rate: 0.013551568628929438
Epoch 152 time: 236.21768498420715 seconds
Epoch 152 accuracy: 77.83%
Batch 100, Loss: 0.1079
Batch 200, Loss: 0.1100
Batch 300, Loss: 0.1154
Epoch 153 learning rate: 0.013018445251069516
Epoch 153 time: 235.82854866981506 seconds
Epoch 153 accuracy: 77.62%
Batch 100, Loss: 0.1036
Batch 200, Loss: 0.1043
Batch 300, Loss: 0.1130
Epoch 154 learning rate: 0.012494446518477026
Epoch 154 time: 235.9407958984375 seconds
Epoch 154 accuracy: 77.24%
Batch 100, Loss: 0.1029
Batch 200, Loss: 0.1063
Batch 300, Loss: 0.1092
Epoch 155 learning rate: 0.011979701719998459
Epoch 155 time: 235.68459296226501 seconds
Epoch 155 accuracy: 77.4%
Batch 100, Loss: 0.0977
Batch 200, Loss: 0.1013
Batch 300, Loss: 0.1082
Epoch 156 learning rate: 0.011474337861210548
Epoch 156 time: 235.90062403678894 seconds
Epoch 156 accuracy: 77.85%
Batch 100, Loss: 0.0976
Batch 200, Loss: 0.0970
Batch 300, Loss: 0.0983
Epoch 157 learning rate: 0.010978479633083526
Epoch 157 time: 235.86443495750427 seconds
Epoch 157 accuracy: 77.72%
Batch 100, Loss: 0.0928
Batch 200, Loss: 0.0901
Batch 300, Loss: 0.0941
Epoch 158 learning rate: 0.010492249381215483
Epoch 158 time: 235.88004064559937 seconds
Epoch 158 accuracy: 77.71%
Batch 100, Loss: 0.0871
Batch 200, Loss: 0.0902
Batch 300, Loss: 0.0901
Epoch 159 learning rate: 0.010015767075645474
Epoch 159 time: 235.84082889556885 seconds
Epoch 159 accuracy: 78.04%
Batch 100, Loss: 0.0834
Batch 200, Loss: 0.0905
Batch 300, Loss: 0.0883
Epoch 160 learning rate: 0.009549150281252637
Epoch 160 time: 235.98015356063843 seconds
Epoch 160 accuracy: 78.34%
Batch 100, Loss: 0.0818
Batch 200, Loss: 0.0869
Batch 300, Loss: 0.0883
Epoch 161 learning rate: 0.00909251412874884
Epoch 161 time: 235.88635182380676 seconds
Epoch 161 accuracy: 78.48%
Batch 100, Loss: 0.0807
Batch 200, Loss: 0.0821
Batch 300, Loss: 0.0856
Epoch 162 learning rate: 0.008645971286271918
Epoch 162 time: 235.8295829296112 seconds
Epoch 162 accuracy: 78.5%
Batch 100, Loss: 0.0777
Batch 200, Loss: 0.0818
Batch 300, Loss: 0.0836
Epoch 163 learning rate: 0.008209631931586501
Epoch 163 time: 236.087824344635 seconds
Epoch 163 accuracy: 79.09%
Batch 100, Loss: 0.0757
Batch 200, Loss: 0.0774
Batch 300, Loss: 0.0803
Epoch 164 learning rate: 0.0077836037248992605
Epoch 164 time: 236.0585322380066 seconds
Epoch 164 accuracy: 78.88%
Batch 100, Loss: 0.0737
Batch 200, Loss: 0.0745
Batch 300, Loss: 0.0776
Epoch 165 learning rate: 0.0073679917822954055
Epoch 165 time: 235.90608549118042 seconds
Epoch 165 accuracy: 78.77%
Batch 100, Loss: 0.0702
Batch 200, Loss: 0.0735
Batch 300, Loss: 0.0745
Epoch 166 learning rate: 0.006962898649802815
Epoch 166 time: 235.85565400123596 seconds
Epoch 166 accuracy: 78.82%
Batch 100, Loss: 0.0701
Batch 200, Loss: 0.0713
Batch 300, Loss: 0.0718
Epoch 167 learning rate: 0.006568424278090438
Epoch 167 time: 236.09345030784607 seconds
Epoch 167 accuracy: 79.1%
Batch 100, Loss: 0.0678
Batch 200, Loss: 0.0676
Batch 300, Loss: 0.0710
Epoch 168 learning rate: 0.006184665997806824
Epoch 168 time: 235.96069645881653 seconds
Epoch 168 accuracy: 79.23%
Batch 100, Loss: 0.0658
Batch 200, Loss: 0.0680
Batch 300, Loss: 0.0695
Epoch 169 learning rate: 0.00581171849556533
Epoch 169 time: 235.84341168403625 seconds
Epoch 169 accuracy: 79.07%
Batch 100, Loss: 0.0653
Batch 200, Loss: 0.0650
Batch 300, Loss: 0.0663
Epoch 170 learning rate: 0.0054496737905816136
Epoch 170 time: 235.81217527389526 seconds
Epoch 170 accuracy: 79.31%
Batch 100, Loss: 0.0614
Batch 200, Loss: 0.0638
Batch 300, Loss: 0.0622
Epoch 171 learning rate: 0.005098621211969226
Epoch 171 time: 236.20844793319702 seconds
Epoch 171 accuracy: 79.34%
Batch 100, Loss: 0.0601
Batch 200, Loss: 0.0609
Batch 300, Loss: 0.0646
Epoch 172 learning rate: 0.004758647376699035
Epoch 172 time: 235.93220949172974 seconds
Epoch 172 accuracy: 79.32%
Batch 100, Loss: 0.0590
Batch 200, Loss: 0.0606
Batch 300, Loss: 0.0622
Epoch 173 learning rate: 0.00442983616822775
Epoch 173 time: 235.85756945610046 seconds
Epoch 173 accuracy: 79.51%
Batch 100, Loss: 0.0575
Batch 200, Loss: 0.0591
Batch 300, Loss: 0.0596
Epoch 174 learning rate: 0.004112268715800957
Epoch 174 time: 235.97036957740784 seconds
Epoch 174 accuracy: 79.52%
Batch 100, Loss: 0.0565
Batch 200, Loss: 0.0582
Batch 300, Loss: 0.0584
Epoch 175 learning rate: 0.003806023374435677
Epoch 175 time: 235.97131443023682 seconds
Epoch 175 accuracy: 79.74%
Batch 100, Loss: 0.0569
Batch 200, Loss: 0.0576
Batch 300, Loss: 0.0590
Epoch 176 learning rate: 0.003511175705587435
Epoch 176 time: 236.06842136383057 seconds
Epoch 176 accuracy: 80.1%
Batch 100, Loss: 0.0545
Batch 200, Loss: 0.0557
Batch 300, Loss: 0.0557
Epoch 177 learning rate: 0.0032277984585066333
Epoch 177 time: 236.12760210037231 seconds
Epoch 177 accuracy: 79.9%
Batch 100, Loss: 0.0540
Batch 200, Loss: 0.0541
Batch 300, Loss: 0.0541
Epoch 178 learning rate: 0.002955961552288729
Epoch 178 time: 235.97995018959045 seconds
Epoch 178 accuracy: 79.88%
Batch 100, Loss: 0.0531
Batch 200, Loss: 0.0540
Batch 300, Loss: 0.0541
Epoch 179 learning rate: 0.0026957320586227366
Epoch 179 time: 235.90019297599792 seconds
Epoch 179 accuracy: 79.84%
Batch 100, Loss: 0.0521
Batch 200, Loss: 0.0535
Batch 300, Loss: 0.0525
Epoch 180 learning rate: 0.002447174185242325
Epoch 180 time: 235.91070079803467 seconds
Epoch 180 accuracy: 80.04%
Batch 100, Loss: 0.0510
Batch 200, Loss: 0.0524
Batch 300, Loss: 0.0540
Epoch 181 learning rate: 0.0022103492600834954
Epoch 181 time: 236.09645867347717 seconds
Epoch 181 accuracy: 80.07%
Batch 100, Loss: 0.0497
Batch 200, Loss: 0.0514
Batch 300, Loss: 0.0519
Epoch 182 learning rate: 0.0019853157161528537
Epoch 182 time: 236.0069465637207 seconds
Epoch 182 accuracy: 80.14%
Batch 100, Loss: 0.0492
Batch 200, Loss: 0.0511
Batch 300, Loss: 0.0508
Epoch 183 learning rate: 0.001772129077110103
Epoch 183 time: 236.16224265098572 seconds
Epoch 183 accuracy: 80.21%
Batch 100, Loss: 0.0498
Batch 200, Loss: 0.0496
Batch 300, Loss: 0.0495
Epoch 184 learning rate: 0.0015708419435684529
Epoch 184 time: 235.96577501296997 seconds
Epoch 184 accuracy: 80.37%
Batch 100, Loss: 0.0474
Batch 200, Loss: 0.0487
Batch 300, Loss: 0.0481
Epoch 185 learning rate: 0.0013815039801161732
Epoch 185 time: 235.88781309127808 seconds
Epoch 185 accuracy: 80.31%
Batch 100, Loss: 0.0484
Batch 200, Loss: 0.0483
Batch 300, Loss: 0.0499
Epoch 186 learning rate: 0.0012041619030626347
Epoch 186 time: 235.89408421516418 seconds
Epoch 186 accuracy: 80.35%
Batch 100, Loss: 0.0484
Batch 200, Loss: 0.0480
Batch 300, Loss: 0.0481
Epoch 187 learning rate: 0.0010388594689117077
Epoch 187 time: 236.87054204940796 seconds
Epoch 187 accuracy: 80.15%
Batch 100, Loss: 0.0482
Batch 200, Loss: 0.0478
Batch 300, Loss: 0.0479
Epoch 188 learning rate: 0.0008856374635655645
Epoch 188 time: 235.9941487312317 seconds
Epoch 188 accuracy: 80.35%
Batch 100, Loss: 0.0459
Batch 200, Loss: 0.0459
Batch 300, Loss: 0.0466
Epoch 189 learning rate: 0.000744533692261307
Epoch 189 time: 236.03034472465515 seconds
Epoch 189 accuracy: 80.23%
Batch 100, Loss: 0.0469
Batch 200, Loss: 0.0460
Batch 300, Loss: 0.0466
Epoch 190 learning rate: 0.0006155829702431174
Epoch 190 time: 236.08911538124084 seconds
Epoch 190 accuracy: 80.28%
Batch 100, Loss: 0.0464
Batch 200, Loss: 0.0461
Batch 300, Loss: 0.0457
Epoch 191 learning rate: 0.0004988171141721235
Epoch 191 time: 236.02777194976807 seconds
Epoch 191 accuracy: 80.11%
Batch 100, Loss: 0.0450
Batch 200, Loss: 0.0450
Batch 300, Loss: 0.0455
Epoch 192 learning rate: 0.00039426493427611206
Epoch 192 time: 236.11794209480286 seconds
Epoch 192 accuracy: 80.17%
Batch 100, Loss: 0.0445
Batch 200, Loss: 0.0449
Batch 300, Loss: 0.0440
Epoch 193 learning rate: 0.00030195222724102046
Epoch 193 time: 236.13619661331177 seconds
Epoch 193 accuracy: 80.09%
Batch 100, Loss: 0.0442
Batch 200, Loss: 0.0450
Batch 300, Loss: 0.0461
Epoch 194 learning rate: 0.00022190176984600036
Epoch 194 time: 236.02192878723145 seconds
Epoch 194 accuracy: 80.13%
Batch 100, Loss: 0.0443
Batch 200, Loss: 0.0448
Batch 300, Loss: 0.0444
Epoch 195 learning rate: 0.00015413331334360192
Epoch 195 time: 236.03336763381958 seconds
Epoch 195 accuracy: 80.14%
Batch 100, Loss: 0.0440
Batch 200, Loss: 0.0451
Batch 300, Loss: 0.0437
Epoch 196 learning rate: 9.866357858642213e-05
Epoch 196 time: 236.1495819091797 seconds
Epoch 196 accuracy: 80.18%
Batch 100, Loss: 0.0442
Batch 200, Loss: 0.0448
Batch 300, Loss: 0.0446
Epoch 197 learning rate: 5.5506251901504864e-05
Epoch 197 time: 236.01901817321777 seconds
Epoch 197 accuracy: 80.33%
Batch 100, Loss: 0.0443
Batch 200, Loss: 0.0452
Batch 300, Loss: 0.0449
Epoch 198 learning rate: 2.4671981713420017e-05
Epoch 198 time: 236.0549874305725 seconds
Epoch 198 accuracy: 80.31%
Batch 100, Loss: 0.0443
Batch 200, Loss: 0.0447
Batch 300, Loss: 0.0447
Epoch 199 learning rate: 6.168375916970619e-06
Epoch 199 time: 235.97526478767395 seconds
Epoch 199 accuracy: 80.37%
Batch 100, Loss: 0.0432
Batch 200, Loss: 0.0445
Batch 300, Loss: 0.0434
Epoch 200 learning rate: 0.0
Epoch 200 time: 236.2014012336731 seconds
Epoch 200 accuracy: 80.29%
rho:  0.1 , alpha:  0.3
Total training time: 47298.70178961754 seconds
