The following modules were not unloaded:
  (Use "module --force purge" to unload all):

  1) CCconfig        6)  ucx/1.14.1         11) flexiblas/3.3.1
  2) gentoo/2023     7)  libfabric/1.18.0   12) imkl/2023.2.0
  3) gcccore/.12.3   8)  pmix/4.2.4         13) StdEnv/2023
  4) gcc/12.3        9)  ucc/1.2.0
  5) hwloc/2.9.1     10) openmpi/4.1.5
/project/6070520/tkleinkn/Vanilla-GAM/main_cifar.py:187: UserWarning: You have chosen a specific GPU. This will completely disable data parallelism.
  warnings.warn('You have chosen a specific GPU. This will completely '
model name space ['resnet101_c', 'resnet152_c', 'resnet18_c', 'resnet34_c', 'resnet50_c']
Use GPU: 0 for training
=> creating model 'resnet18_c'
Files already downloaded and verified
Files already downloaded and verified
tensorboard dir ./results/CIFAR100/GAMNonAccelerated
Using non-accelerated GAM
/home/tkleinkn/GAMtest/lib/python3.11/site-packages/torch/autograd/graph.py:744: UserWarning: Using backward() with create_graph=True will create a reference cycle between the parameter and its gradient which can cause a memory leak. We recommend using autograd.grad when creating the graph to avoid this. If you have to use this function, make sure to reset the .grad fields of your parameters to None after use to break the cycle and avoid the leak. (Triggered internally at /home/coulombc/wheels_builder/tmp.2617/python-3.11/torch/torch/csrc/autograd/engine.cpp:1203.)
  return Variable._execution_engine.run_backward(  # Calls into the C++ engine to run the backward pass
Batch 100, Loss: 3.8273
Batch 200, Loss: 3.6112
Batch 300, Loss: 3.5481
Epoch 1 learning rate: 0.09999383162408304
Epoch 1 time: 245.23214030265808 seconds
Epoch 1 accuracy: 7.99%
Batch 100, Loss: 3.4341
Batch 200, Loss: 3.3749
Batch 300, Loss: 3.3156
Epoch 2 learning rate: 0.09997532801828658
Epoch 2 time: 236.43439149856567 seconds
Epoch 2 accuracy: 13.92%
Batch 100, Loss: 3.2182
Batch 200, Loss: 3.1265
Batch 300, Loss: 3.0832
Epoch 3 learning rate: 0.09994449374809851
Epoch 3 time: 236.20244574546814 seconds
Epoch 3 accuracy: 20.45%
Batch 100, Loss: 2.9669
Batch 200, Loss: 2.9251
Batch 300, Loss: 2.8430
Epoch 4 learning rate: 0.09990133642141359
Epoch 4 time: 236.31463742256165 seconds
Epoch 4 accuracy: 25.45%
Batch 100, Loss: 2.7191
Batch 200, Loss: 2.6431
Batch 300, Loss: 2.5992
Epoch 5 learning rate: 0.09984586668665642
Epoch 5 time: 236.25146102905273 seconds
Epoch 5 accuracy: 34.7%
Batch 100, Loss: 2.4903
Batch 200, Loss: 2.4353
Batch 300, Loss: 2.3998
Epoch 6 learning rate: 0.09977809823015402
Epoch 6 time: 236.0839080810547 seconds
Epoch 6 accuracy: 35.52%
Batch 100, Loss: 2.3030
Batch 200, Loss: 2.2677
Batch 300, Loss: 2.2445
Epoch 7 learning rate: 0.09969804777275901
Epoch 7 time: 236.02498054504395 seconds
Epoch 7 accuracy: 40.47%
Batch 100, Loss: 2.1715
Batch 200, Loss: 2.1548
Batch 300, Loss: 2.1299
Epoch 8 learning rate: 0.09960573506572391
Epoch 8 time: 236.1721954345703 seconds
Epoch 8 accuracy: 42.17%
Batch 100, Loss: 2.0592
Batch 200, Loss: 2.0332
Batch 300, Loss: 2.0286
Epoch 9 learning rate: 0.09950118288582789
Epoch 9 time: 235.98614120483398 seconds
Epoch 9 accuracy: 42.71%
Batch 100, Loss: 1.9745
Batch 200, Loss: 1.9636
Batch 300, Loss: 1.9393
Epoch 10 learning rate: 0.09938441702975691
Epoch 10 time: 235.94938111305237 seconds
Epoch 10 accuracy: 47.11%
Batch 100, Loss: 1.8990
Batch 200, Loss: 1.9095
Batch 300, Loss: 1.8985
Epoch 11 learning rate: 0.09925546630773871
Epoch 11 time: 236.03502082824707 seconds
Epoch 11 accuracy: 49.34%
Batch 100, Loss: 1.8547
Batch 200, Loss: 1.8546
Batch 300, Loss: 1.8601
Epoch 12 learning rate: 0.09911436253643445
Epoch 12 time: 236.1677370071411 seconds
Epoch 12 accuracy: 50.87%
Batch 100, Loss: 1.8189
Batch 200, Loss: 1.8341
Batch 300, Loss: 1.7858
Epoch 13 learning rate: 0.0989611405310883
Epoch 13 time: 236.20872569084167 seconds
Epoch 13 accuracy: 50.04%
Batch 100, Loss: 1.7486
Batch 200, Loss: 1.7922
Batch 300, Loss: 1.7738
Epoch 14 learning rate: 0.09879583809693739
Epoch 14 time: 236.15048170089722 seconds
Epoch 14 accuracy: 54.56%
Batch 100, Loss: 1.7184
Batch 200, Loss: 1.7590
Batch 300, Loss: 1.7728
Epoch 15 learning rate: 0.09861849601988384
Epoch 15 time: 236.1420862674713 seconds
Epoch 15 accuracy: 53.62%
Batch 100, Loss: 1.7107
Batch 200, Loss: 1.6985
Batch 300, Loss: 1.7185
Epoch 16 learning rate: 0.09842915805643157
Epoch 16 time: 236.05284023284912 seconds
Epoch 16 accuracy: 53.1%
Batch 100, Loss: 1.6971
Batch 200, Loss: 1.6915
Batch 300, Loss: 1.6973
Epoch 17 learning rate: 0.09822787092288993
Epoch 17 time: 235.99173521995544 seconds
Epoch 17 accuracy: 55.56%
Batch 100, Loss: 1.6604
Batch 200, Loss: 1.6546
Batch 300, Loss: 1.6704
Epoch 18 learning rate: 0.09801468428384717
Epoch 18 time: 235.98457670211792 seconds
Epoch 18 accuracy: 53.79%
Batch 100, Loss: 1.6300
Batch 200, Loss: 1.6406
Batch 300, Loss: 1.6388
Epoch 19 learning rate: 0.09778965073991652
Epoch 19 time: 236.1108832359314 seconds
Epoch 19 accuracy: 52.41%
Batch 100, Loss: 1.6329
Batch 200, Loss: 1.6236
Batch 300, Loss: 1.6518
Epoch 20 learning rate: 0.0975528258147577
Epoch 20 time: 236.01281809806824 seconds
Epoch 20 accuracy: 52.15%
Batch 100, Loss: 1.5811
Batch 200, Loss: 1.6091
Batch 300, Loss: 1.6168
Epoch 21 learning rate: 0.09730426794137728
Epoch 21 time: 236.05084609985352 seconds
Epoch 21 accuracy: 53.17%
Batch 100, Loss: 1.5703
Batch 200, Loss: 1.5867
Batch 300, Loss: 1.6084
Epoch 22 learning rate: 0.09704403844771128
Epoch 22 time: 236.00377249717712 seconds
Epoch 22 accuracy: 56.06%
Batch 100, Loss: 1.5890
Batch 200, Loss: 1.5674
Batch 300, Loss: 1.5921
Epoch 23 learning rate: 0.09677220154149338
Epoch 23 time: 236.18228602409363 seconds
Epoch 23 accuracy: 56.42%
Batch 100, Loss: 1.5605
Batch 200, Loss: 1.5802
Batch 300, Loss: 1.5963
Epoch 24 learning rate: 0.09648882429441258
Epoch 24 time: 236.1279902458191 seconds
Epoch 24 accuracy: 57.94%
Batch 100, Loss: 1.5430
Batch 200, Loss: 1.5677
Batch 300, Loss: 1.5670
Epoch 25 learning rate: 0.09619397662556435
Epoch 25 time: 235.9411005973816 seconds
Epoch 25 accuracy: 57.39%
Batch 100, Loss: 1.5456
Batch 200, Loss: 1.5729
Batch 300, Loss: 1.5736
Epoch 26 learning rate: 0.09588773128419906
Epoch 26 time: 235.93321537971497 seconds
Epoch 26 accuracy: 56.02%
Batch 100, Loss: 1.5015
Batch 200, Loss: 1.5298
Batch 300, Loss: 1.5513
Epoch 27 learning rate: 0.09557016383177226
Epoch 27 time: 236.1083424091339 seconds
Epoch 27 accuracy: 57.86%
Batch 100, Loss: 1.4949
Batch 200, Loss: 1.5522
Batch 300, Loss: 1.5468
Epoch 28 learning rate: 0.09524135262330098
Epoch 28 time: 236.05785155296326 seconds
Epoch 28 accuracy: 57.94%
Batch 100, Loss: 1.5052
Batch 200, Loss: 1.5140
Batch 300, Loss: 1.5355
Epoch 29 learning rate: 0.09490137878803079
Epoch 29 time: 236.08311820030212 seconds
Epoch 29 accuracy: 56.45%
Batch 100, Loss: 1.4817
Batch 200, Loss: 1.5205
Batch 300, Loss: 1.5277
Epoch 30 learning rate: 0.0945503262094184
Epoch 30 time: 236.02533316612244 seconds
Epoch 30 accuracy: 57.17%
Batch 100, Loss: 1.4788
Batch 200, Loss: 1.5188
Batch 300, Loss: 1.4941
Epoch 31 learning rate: 0.0941882815044347
Epoch 31 time: 236.14033722877502 seconds
Epoch 31 accuracy: 56.13%
Batch 100, Loss: 1.4800
Batch 200, Loss: 1.5194
Batch 300, Loss: 1.5013
Epoch 32 learning rate: 0.09381533400219319
Epoch 32 time: 235.94550347328186 seconds
Epoch 32 accuracy: 59.21%
Batch 100, Loss: 1.4554
Batch 200, Loss: 1.4916
Batch 300, Loss: 1.5198
Epoch 33 learning rate: 0.09343157572190958
Epoch 33 time: 236.15317058563232 seconds
Epoch 33 accuracy: 60.5%
Batch 100, Loss: 1.4582
Batch 200, Loss: 1.4723
Batch 300, Loss: 1.4902
Epoch 34 learning rate: 0.0930371013501972
Epoch 34 time: 236.2015736103058 seconds
Epoch 34 accuracy: 59.8%
Batch 100, Loss: 1.4468
Batch 200, Loss: 1.4657
Batch 300, Loss: 1.4780
Epoch 35 learning rate: 0.09263200821770463
Epoch 35 time: 236.03167271614075 seconds
Epoch 35 accuracy: 58.01%
Batch 100, Loss: 1.4398
Batch 200, Loss: 1.4647
Batch 300, Loss: 1.4725
Epoch 36 learning rate: 0.09221639627510078
Epoch 36 time: 236.17706537246704 seconds
Epoch 36 accuracy: 59.63%
Batch 100, Loss: 1.4225
Batch 200, Loss: 1.4684
Batch 300, Loss: 1.4570
Epoch 37 learning rate: 0.09179036806841355
Epoch 37 time: 236.0796365737915 seconds
Epoch 37 accuracy: 59.09%
Batch 100, Loss: 1.4195
Batch 200, Loss: 1.4451
Batch 300, Loss: 1.4770
Epoch 38 learning rate: 0.09135402871372812
Epoch 38 time: 236.04229927062988 seconds
Epoch 38 accuracy: 59.79%
Batch 100, Loss: 1.4117
Batch 200, Loss: 1.4581
Batch 300, Loss: 1.4466
Epoch 39 learning rate: 0.0909074858712512
Epoch 39 time: 235.9670763015747 seconds
Epoch 39 accuracy: 61.17%
Batch 100, Loss: 1.4315
Batch 200, Loss: 1.4295
Batch 300, Loss: 1.4538
Epoch 40 learning rate: 0.09045084971874741
Epoch 40 time: 235.92794013023376 seconds
Epoch 40 accuracy: 59.46%
Batch 100, Loss: 1.4088
Batch 200, Loss: 1.4346
Batch 300, Loss: 1.4543
Epoch 41 learning rate: 0.08998423292435458
Epoch 41 time: 235.97426342964172 seconds
Epoch 41 accuracy: 59.2%
Batch 100, Loss: 1.3860
Batch 200, Loss: 1.4373
Batch 300, Loss: 1.4504
Epoch 42 learning rate: 0.08950775061878455
Epoch 42 time: 236.0733482837677 seconds
Epoch 42 accuracy: 58.38%
Batch 100, Loss: 1.4004
Batch 200, Loss: 1.4129
Batch 300, Loss: 1.4598
Epoch 43 learning rate: 0.08902152036691653
Epoch 43 time: 236.14544868469238 seconds
Epoch 43 accuracy: 60.21%
Batch 100, Loss: 1.4024
Batch 200, Loss: 1.4162
Batch 300, Loss: 1.4264
Epoch 44 learning rate: 0.08852566213878951
Epoch 44 time: 236.13578867912292 seconds
Epoch 44 accuracy: 60.61%
Batch 100, Loss: 1.3774
Batch 200, Loss: 1.3913
Batch 300, Loss: 1.4252
Epoch 45 learning rate: 0.0880202982800016
Epoch 45 time: 236.05413031578064 seconds
Epoch 45 accuracy: 60.92%
Batch 100, Loss: 1.3927
Batch 200, Loss: 1.4014
Batch 300, Loss: 1.3897
Epoch 46 learning rate: 0.08750555348152303
Epoch 46 time: 236.20194745063782 seconds
Epoch 46 accuracy: 62.69%
Batch 100, Loss: 1.3710
Batch 200, Loss: 1.3977
Batch 300, Loss: 1.3960
Epoch 47 learning rate: 0.08698155474893052
Epoch 47 time: 236.05446815490723 seconds
Epoch 47 accuracy: 59.42%
Batch 100, Loss: 1.3548
Batch 200, Loss: 1.3802
Batch 300, Loss: 1.4285
Epoch 48 learning rate: 0.08644843137107061
Epoch 48 time: 236.24945712089539 seconds
Epoch 48 accuracy: 62.17%
Batch 100, Loss: 1.3675
Batch 200, Loss: 1.3924
Batch 300, Loss: 1.4129
Epoch 49 learning rate: 0.08590631488815947
Epoch 49 time: 236.1577925682068 seconds
Epoch 49 accuracy: 59.54%
Batch 100, Loss: 1.3629
Batch 200, Loss: 1.3786
Batch 300, Loss: 1.4025
Epoch 50 learning rate: 0.0853553390593274
Epoch 50 time: 235.9725465774536 seconds
Epoch 50 accuracy: 58.42%
Batch 100, Loss: 1.3438
Batch 200, Loss: 1.3676
Batch 300, Loss: 1.4161
Epoch 51 learning rate: 0.08479563982961574
Epoch 51 time: 236.07075834274292 seconds
Epoch 51 accuracy: 60.68%
Batch 100, Loss: 1.3490
Batch 200, Loss: 1.3733
Batch 300, Loss: 1.3814
Epoch 52 learning rate: 0.08422735529643446
Epoch 52 time: 236.04300141334534 seconds
Epoch 52 accuracy: 61.24%
Batch 100, Loss: 1.3495
Batch 200, Loss: 1.3486
Batch 300, Loss: 1.3667
Epoch 53 learning rate: 0.08365062567548869
Epoch 53 time: 236.1388123035431 seconds
Epoch 53 accuracy: 62.58%
Batch 100, Loss: 1.3470
Batch 200, Loss: 1.3827
Batch 300, Loss: 1.3670
Epoch 54 learning rate: 0.08306559326618261
Epoch 54 time: 236.03779292106628 seconds
Epoch 54 accuracy: 62.68%
Batch 100, Loss: 1.3321
Batch 200, Loss: 1.3370
Batch 300, Loss: 1.3722
Epoch 55 learning rate: 0.0824724024165092
Epoch 55 time: 236.00040459632874 seconds
Epoch 55 accuracy: 60.34%
Batch 100, Loss: 1.3254
Batch 200, Loss: 1.3522
Batch 300, Loss: 1.3616
Epoch 56 learning rate: 0.0818711994874345
Epoch 56 time: 236.1306345462799 seconds
Epoch 56 accuracy: 63.73%
Batch 100, Loss: 1.3082
Batch 200, Loss: 1.3360
Batch 300, Loss: 1.3683
Epoch 57 learning rate: 0.08126213281678528
Epoch 57 time: 236.04459857940674 seconds
Epoch 57 accuracy: 63.07%
Batch 100, Loss: 1.2999
Batch 200, Loss: 1.3342
Batch 300, Loss: 1.3596
Epoch 58 learning rate: 0.08064535268264884
Epoch 58 time: 236.01963543891907 seconds
Epoch 58 accuracy: 61.08%
Batch 100, Loss: 1.3050
Batch 200, Loss: 1.3250
Batch 300, Loss: 1.3598
Epoch 59 learning rate: 0.08002101126629421
Epoch 59 time: 236.13142800331116 seconds
Epoch 59 accuracy: 63.4%
Batch 100, Loss: 1.3147
Batch 200, Loss: 1.3337
Batch 300, Loss: 1.3722
Epoch 60 learning rate: 0.07938926261462367
Epoch 60 time: 236.16562938690186 seconds
Epoch 60 accuracy: 62.59%
Batch 100, Loss: 1.2889
Batch 200, Loss: 1.3174
Batch 300, Loss: 1.3342
Epoch 61 learning rate: 0.07875026260216395
Epoch 61 time: 235.97606205940247 seconds
Epoch 61 accuracy: 61.97%
Batch 100, Loss: 1.2792
Batch 200, Loss: 1.3172
Batch 300, Loss: 1.3409
Epoch 62 learning rate: 0.07810416889260656
Epoch 62 time: 236.12021660804749 seconds
Epoch 62 accuracy: 59.42%
Batch 100, Loss: 1.2842
Batch 200, Loss: 1.3138
Batch 300, Loss: 1.3102
Epoch 63 learning rate: 0.07745114089990661
Epoch 63 time: 236.18557620048523 seconds
Epoch 63 accuracy: 64.44%
Batch 100, Loss: 1.2651
Batch 200, Loss: 1.3188
Batch 300, Loss: 1.2976
Epoch 64 learning rate: 0.07679133974894985
Epoch 64 time: 236.1040654182434 seconds
Epoch 64 accuracy: 62.93%
Batch 100, Loss: 1.2715
Batch 200, Loss: 1.2890
Batch 300, Loss: 1.3165
Epoch 65 learning rate: 0.07612492823579746
Epoch 65 time: 236.26540207862854 seconds
Epoch 65 accuracy: 63.2%
Batch 100, Loss: 1.2786
Batch 200, Loss: 1.2885
Batch 300, Loss: 1.3099
Epoch 66 learning rate: 0.07545207078751859
Epoch 66 time: 236.0917263031006 seconds
Epoch 66 accuracy: 63.46%
Batch 100, Loss: 1.2509
Batch 200, Loss: 1.3134
Batch 300, Loss: 1.2907
Epoch 67 learning rate: 0.0747729334216204
Epoch 67 time: 236.14768862724304 seconds
Epoch 67 accuracy: 63.65%
Batch 100, Loss: 1.2689
Batch 200, Loss: 1.2798
Batch 300, Loss: 1.2932
Epoch 68 learning rate: 0.07408768370508578
Epoch 68 time: 236.1711344718933 seconds
Epoch 68 accuracy: 65.1%
Batch 100, Loss: 1.2709
Batch 200, Loss: 1.2778
Batch 300, Loss: 1.2947
Epoch 69 learning rate: 0.0733964907130287
Epoch 69 time: 236.06940722465515 seconds
Epoch 69 accuracy: 64.08%
Batch 100, Loss: 1.2484
Batch 200, Loss: 1.2760
Batch 300, Loss: 1.2839
Epoch 70 learning rate: 0.07269952498697736
Epoch 70 time: 236.2146439552307 seconds
Epoch 70 accuracy: 63.6%
Batch 100, Loss: 1.2539
Batch 200, Loss: 1.2655
Batch 300, Loss: 1.2869
Epoch 71 learning rate: 0.07199695849279578
Epoch 71 time: 236.22516298294067 seconds
Epoch 71 accuracy: 65.23%
Batch 100, Loss: 1.2405
Batch 200, Loss: 1.2651
Batch 300, Loss: 1.2815
Epoch 72 learning rate: 0.07128896457825366
Epoch 72 time: 236.30793595314026 seconds
Epoch 72 accuracy: 64.73%
Batch 100, Loss: 1.2326
Batch 200, Loss: 1.2506
Batch 300, Loss: 1.2628
Epoch 73 learning rate: 0.07057571793025548
Epoch 73 time: 236.20047092437744 seconds
Epoch 73 accuracy: 66.44%
Batch 100, Loss: 1.2047
Batch 200, Loss: 1.2570
Batch 300, Loss: 1.2864
Epoch 74 learning rate: 0.06985739453173906
Epoch 74 time: 236.17056488990784 seconds
Epoch 74 accuracy: 63.27%
Batch 100, Loss: 1.2238
Batch 200, Loss: 1.2453
Batch 300, Loss: 1.2730
Epoch 75 learning rate: 0.06913417161825453
Epoch 75 time: 235.90677332878113 seconds
Epoch 75 accuracy: 63.18%
Batch 100, Loss: 1.1787
Batch 200, Loss: 1.2396
Batch 300, Loss: 1.2511
Epoch 76 learning rate: 0.06840622763423394
Epoch 76 time: 236.01672530174255 seconds
Epoch 76 accuracy: 63.15%
Batch 100, Loss: 1.2219
Batch 200, Loss: 1.2294
Batch 300, Loss: 1.2233
Epoch 77 learning rate: 0.0676737421889629
Epoch 77 time: 236.0423023700714 seconds
Epoch 77 accuracy: 65.3%
Batch 100, Loss: 1.1868
Batch 200, Loss: 1.2266
Batch 300, Loss: 1.2260
Epoch 78 learning rate: 0.06693689601226462
Epoch 78 time: 236.00903010368347 seconds
Epoch 78 accuracy: 63.52%
Batch 100, Loss: 1.1819
Batch 200, Loss: 1.2282
Batch 300, Loss: 1.2491
Epoch 79 learning rate: 0.06619587090990751
Epoch 79 time: 236.19069123268127 seconds
Epoch 79 accuracy: 65.18%
Batch 100, Loss: 1.1884
Batch 200, Loss: 1.2207
Batch 300, Loss: 1.2221
Epoch 80 learning rate: 0.06545084971874741
Epoch 80 time: 236.19534826278687 seconds
Epoch 80 accuracy: 63.61%
Batch 100, Loss: 1.1793
Batch 200, Loss: 1.2090
Batch 300, Loss: 1.2211
Epoch 81 learning rate: 0.06470201626161524
Epoch 81 time: 236.09401392936707 seconds
Epoch 81 accuracy: 65.14%
Batch 100, Loss: 1.1935
Batch 200, Loss: 1.1996
Batch 300, Loss: 1.2114
Epoch 82 learning rate: 0.06394955530196152
Epoch 82 time: 236.19973492622375 seconds
Epoch 82 accuracy: 62.77%
Batch 100, Loss: 1.1789
Batch 200, Loss: 1.1892
Batch 300, Loss: 1.2113
Epoch 83 learning rate: 0.06319365249826868
Epoch 83 time: 236.11670398712158 seconds
Epoch 83 accuracy: 64.98%
Batch 100, Loss: 1.1685
Batch 200, Loss: 1.1912
Batch 300, Loss: 1.2044
Epoch 84 learning rate: 0.06243449435824277
Epoch 84 time: 236.04199886322021 seconds
Epoch 84 accuracy: 64.4%
Batch 100, Loss: 1.1560
Batch 200, Loss: 1.1673
Batch 300, Loss: 1.2121
Epoch 85 learning rate: 0.06167226819279532
Epoch 85 time: 236.08347415924072 seconds
Epoch 85 accuracy: 66.17%
Batch 100, Loss: 1.1402
Batch 200, Loss: 1.1737
Batch 300, Loss: 1.1952
Epoch 86 learning rate: 0.06090716206982718
Epoch 86 time: 236.08386039733887 seconds
Epoch 86 accuracy: 65.65%
Batch 100, Loss: 1.1304
Batch 200, Loss: 1.1581
Batch 300, Loss: 1.1881
Epoch 87 learning rate: 0.06013936476782568
Epoch 87 time: 236.00285291671753 seconds
Epoch 87 accuracy: 65.57%
Batch 100, Loss: 1.1353
Batch 200, Loss: 1.1647
Batch 300, Loss: 1.1550
Epoch 88 learning rate: 0.05936906572928629
Epoch 88 time: 236.035306930542 seconds
Epoch 88 accuracy: 67.99%
Batch 100, Loss: 1.1211
Batch 200, Loss: 1.1368
Batch 300, Loss: 1.1911
Epoch 89 learning rate: 0.05859645501397052
Epoch 89 time: 236.11286664009094 seconds
Epoch 89 accuracy: 66.21%
Batch 100, Loss: 1.1258
Batch 200, Loss: 1.1385
Batch 300, Loss: 1.1562
Epoch 90 learning rate: 0.05782172325201159
Epoch 90 time: 235.91784358024597 seconds
Epoch 90 accuracy: 67.18%
Batch 100, Loss: 1.1367
Batch 200, Loss: 1.1343
Batch 300, Loss: 1.1568
Epoch 91 learning rate: 0.057045061596879186
Epoch 91 time: 236.13415670394897 seconds
Epoch 91 accuracy: 67.77%
Batch 100, Loss: 1.1059
Batch 200, Loss: 1.1197
Batch 300, Loss: 1.1539
Epoch 92 learning rate: 0.056266661678215264
Epoch 92 time: 236.1787748336792 seconds
Epoch 92 accuracy: 65.05%
Batch 100, Loss: 1.1016
Batch 200, Loss: 1.1350
Batch 300, Loss: 1.1611
Epoch 93 learning rate: 0.055486715554552306
Epoch 93 time: 236.10268712043762 seconds
Epoch 93 accuracy: 67.39%
Batch 100, Loss: 1.1059
Batch 200, Loss: 1.1310
Batch 300, Loss: 1.1317
Epoch 94 learning rate: 0.05470541566592575
Epoch 94 time: 236.1478796005249 seconds
Epoch 94 accuracy: 66.89%
Batch 100, Loss: 1.0959
Batch 200, Loss: 1.1051
Batch 300, Loss: 1.1251
Epoch 95 learning rate: 0.05392295478639229
Epoch 95 time: 236.16972470283508 seconds
Epoch 95 accuracy: 64.96%
Batch 100, Loss: 1.0763
Batch 200, Loss: 1.1141
Batch 300, Loss: 1.1097
Epoch 96 learning rate: 0.05313952597646571
Epoch 96 time: 236.1800754070282 seconds
Epoch 96 accuracy: 66.74%
Batch 100, Loss: 1.0607
Batch 200, Loss: 1.0948
Batch 300, Loss: 1.1299
Epoch 97 learning rate: 0.05235532253548216
Epoch 97 time: 236.16162848472595 seconds
Epoch 97 accuracy: 67.74%
Batch 100, Loss: 1.0602
Batch 200, Loss: 1.0788
Batch 300, Loss: 1.0912
Epoch 98 learning rate: 0.051570537953906447
Epoch 98 time: 236.08635997772217 seconds
Epoch 98 accuracy: 66.96%
Batch 100, Loss: 1.0492
Batch 200, Loss: 1.0735
Batch 300, Loss: 1.1063
Epoch 99 learning rate: 0.05078536586559106
Epoch 99 time: 236.11425924301147 seconds
Epoch 99 accuracy: 67.22%
Batch 100, Loss: 1.0520
Batch 200, Loss: 1.0720
Batch 300, Loss: 1.0879
Epoch 100 learning rate: 0.050000000000000024
Epoch 100 time: 236.08325910568237 seconds
Epoch 100 accuracy: 69.16%
Batch 100, Loss: 1.0495
Batch 200, Loss: 1.0744
Batch 300, Loss: 1.0707
Epoch 101 learning rate: 0.049214634134409
Epoch 101 time: 236.03517484664917 seconds
Epoch 101 accuracy: 68.33%
Batch 100, Loss: 1.0352
Batch 200, Loss: 1.0712
Batch 300, Loss: 1.0641
Epoch 102 learning rate: 0.04842946204609361
Epoch 102 time: 236.12865591049194 seconds
Epoch 102 accuracy: 68.87%
Batch 100, Loss: 1.0495
Batch 200, Loss: 1.0410
Batch 300, Loss: 1.0569
Epoch 103 learning rate: 0.04764467746451789
Epoch 103 time: 236.02898931503296 seconds
Epoch 103 accuracy: 69.58%
Batch 100, Loss: 1.0218
Batch 200, Loss: 1.0523
Batch 300, Loss: 1.0478
Epoch 104 learning rate: 0.046860474023534354
Epoch 104 time: 236.14757418632507 seconds
Epoch 104 accuracy: 68.19%
Batch 100, Loss: 1.0140
Batch 200, Loss: 1.0413
Batch 300, Loss: 1.0690
Epoch 105 learning rate: 0.04607704521360778
Epoch 105 time: 236.05995059013367 seconds
Epoch 105 accuracy: 68.96%
Batch 100, Loss: 1.0098
Batch 200, Loss: 1.0236
Batch 300, Loss: 1.0450
Epoch 106 learning rate: 0.04529458433407431
Epoch 106 time: 235.9833755493164 seconds
Epoch 106 accuracy: 68.03%
Batch 100, Loss: 0.9994
Batch 200, Loss: 1.0248
Batch 300, Loss: 1.0303
Epoch 107 learning rate: 0.04451328444544776
Epoch 107 time: 236.198979139328 seconds
Epoch 107 accuracy: 69.45%
Batch 100, Loss: 1.0101
Batch 200, Loss: 1.0056
Batch 300, Loss: 1.0218
Epoch 108 learning rate: 0.04373333832178482
Epoch 108 time: 236.16157960891724 seconds
Epoch 108 accuracy: 69.87%
Batch 100, Loss: 0.9779
Batch 200, Loss: 0.9949
Batch 300, Loss: 1.0248
Epoch 109 learning rate: 0.0429549384031209
Epoch 109 time: 235.9720480442047 seconds
Epoch 109 accuracy: 68.6%
Batch 100, Loss: 0.9808
Batch 200, Loss: 0.9984
Batch 300, Loss: 1.0037
Epoch 110 learning rate: 0.042178276747988484
Epoch 110 time: 236.0892677307129 seconds
Epoch 110 accuracy: 69.32%
Batch 100, Loss: 0.9662
Batch 200, Loss: 0.9665
Batch 300, Loss: 1.0172
Epoch 111 learning rate: 0.04140354498602954
Epoch 111 time: 236.19399166107178 seconds
Epoch 111 accuracy: 70.22%
Batch 100, Loss: 0.9647
Batch 200, Loss: 0.9775
Batch 300, Loss: 1.0001
Epoch 112 learning rate: 0.0406309342707138
Epoch 112 time: 236.10740041732788 seconds
Epoch 112 accuracy: 70.36%
Batch 100, Loss: 0.9619
Batch 200, Loss: 0.9607
Batch 300, Loss: 0.9965
Epoch 113 learning rate: 0.03986063523217441
Epoch 113 time: 235.98337054252625 seconds
Epoch 113 accuracy: 71.21%
Batch 100, Loss: 0.9516
Batch 200, Loss: 0.9646
Batch 300, Loss: 0.9733
Epoch 114 learning rate: 0.039092837930172916
Epoch 114 time: 235.96034240722656 seconds
Epoch 114 accuracy: 70.46%
Batch 100, Loss: 0.9436
Batch 200, Loss: 0.9368
Batch 300, Loss: 0.9678
Epoch 115 learning rate: 0.03832773180720475
Epoch 115 time: 236.04508876800537 seconds
Epoch 115 accuracy: 70.51%
Batch 100, Loss: 0.9283
Batch 200, Loss: 0.9450
Batch 300, Loss: 0.9689
Epoch 116 learning rate: 0.037565505641757285
Epoch 116 time: 236.11285209655762 seconds
Epoch 116 accuracy: 70.55%
Batch 100, Loss: 0.9338
Batch 200, Loss: 0.9255
Batch 300, Loss: 0.9493
Epoch 117 learning rate: 0.03680634750173138
Epoch 117 time: 236.01457142829895 seconds
Epoch 117 accuracy: 70.25%
Batch 100, Loss: 0.9036
Batch 200, Loss: 0.9216
Batch 300, Loss: 0.9366
Epoch 118 learning rate: 0.036050444698038565
Epoch 118 time: 236.08746004104614 seconds
Epoch 118 accuracy: 71.24%
Batch 100, Loss: 0.8969
Batch 200, Loss: 0.9208
Batch 300, Loss: 0.9326
Epoch 119 learning rate: 0.03529798373838483
Epoch 119 time: 236.0066955089569 seconds
Epoch 119 accuracy: 71.11%
Batch 100, Loss: 0.8747
Batch 200, Loss: 0.9046
Batch 300, Loss: 0.9290
Epoch 120 learning rate: 0.03454915028125267
Epoch 120 time: 236.10257816314697 seconds
Epoch 120 accuracy: 70.82%
Batch 100, Loss: 0.8948
Batch 200, Loss: 0.9026
Batch 300, Loss: 0.9128
Epoch 121 learning rate: 0.03380412909009255
Epoch 121 time: 236.0745620727539 seconds
Epoch 121 accuracy: 71.39%
Batch 100, Loss: 0.8756
Batch 200, Loss: 0.8838
Batch 300, Loss: 0.9061
Epoch 122 learning rate: 0.03306310398773545
Epoch 122 time: 236.08483481407166 seconds
Epoch 122 accuracy: 71.26%
Batch 100, Loss: 0.8529
Batch 200, Loss: 0.8650
Batch 300, Loss: 0.8932
Epoch 123 learning rate: 0.03232625781103717
Epoch 123 time: 236.09165716171265 seconds
Epoch 123 accuracy: 72.55%
Batch 100, Loss: 0.8607
Batch 200, Loss: 0.8663
Batch 300, Loss: 0.8850
Epoch 124 learning rate: 0.03159377236576613
Epoch 124 time: 236.11312699317932 seconds
Epoch 124 accuracy: 71.63%
Batch 100, Loss: 0.8348
Batch 200, Loss: 0.8551
Batch 300, Loss: 0.8762
Epoch 125 learning rate: 0.030865828381745543
Epoch 125 time: 236.0548267364502 seconds
Epoch 125 accuracy: 73.65%
Batch 100, Loss: 0.8503
Batch 200, Loss: 0.8388
Batch 300, Loss: 0.8562
Epoch 126 learning rate: 0.03014260546826098
Epoch 126 time: 236.14370274543762 seconds
Epoch 126 accuracy: 73.48%
Batch 100, Loss: 0.8286
Batch 200, Loss: 0.8477
Batch 300, Loss: 0.8680
Epoch 127 learning rate: 0.02942428206974458
Epoch 127 time: 236.12824940681458 seconds
Epoch 127 accuracy: 71.41%
Batch 100, Loss: 0.7931
Batch 200, Loss: 0.8495
Batch 300, Loss: 0.8639
Epoch 128 learning rate: 0.028711035421746387
Epoch 128 time: 236.19217324256897 seconds
Epoch 128 accuracy: 71.75%
Batch 100, Loss: 0.8050
Batch 200, Loss: 0.8313
Batch 300, Loss: 0.8283
Epoch 129 learning rate: 0.02800304150720426
Epoch 129 time: 236.09064507484436 seconds
Epoch 129 accuracy: 73.34%
Batch 100, Loss: 0.7939
Batch 200, Loss: 0.8201
Batch 300, Loss: 0.8391
Epoch 130 learning rate: 0.02730047501302268
Epoch 130 time: 235.9739158153534 seconds
Epoch 130 accuracy: 72.74%
Batch 100, Loss: 0.7808
Batch 200, Loss: 0.7943
Batch 300, Loss: 0.8411
Epoch 131 learning rate: 0.026603509286971357
Epoch 131 time: 236.05470609664917 seconds
Epoch 131 accuracy: 73.77%
Batch 100, Loss: 0.7771
Batch 200, Loss: 0.7900
Batch 300, Loss: 0.8111
Epoch 132 learning rate: 0.025912316294914244
Epoch 132 time: 236.21535301208496 seconds
Epoch 132 accuracy: 73.67%
Batch 100, Loss: 0.7682
Batch 200, Loss: 0.7886
Batch 300, Loss: 0.7782
Epoch 133 learning rate: 0.025227066578379632
Epoch 133 time: 236.16560626029968 seconds
Epoch 133 accuracy: 73.16%
Batch 100, Loss: 0.7556
Batch 200, Loss: 0.7877
Batch 300, Loss: 0.7834
Epoch 134 learning rate: 0.024547929212481445
Epoch 134 time: 235.97581505775452 seconds
Epoch 134 accuracy: 73.74%
Batch 100, Loss: 0.7301
Batch 200, Loss: 0.7729
Batch 300, Loss: 0.7865
Epoch 135 learning rate: 0.02387507176420257
Epoch 135 time: 236.03592610359192 seconds
Epoch 135 accuracy: 73.53%
Batch 100, Loss: 0.7401
Batch 200, Loss: 0.7576
Batch 300, Loss: 0.7653
Epoch 136 learning rate: 0.023208660251050166
Epoch 136 time: 236.02515506744385 seconds
Epoch 136 accuracy: 74.04%
Batch 100, Loss: 0.7231
Batch 200, Loss: 0.7363
Batch 300, Loss: 0.7513
Epoch 137 learning rate: 0.022548859100093414
Epoch 137 time: 236.0962221622467 seconds
Epoch 137 accuracy: 73.71%
Batch 100, Loss: 0.7051
Batch 200, Loss: 0.7314
Batch 300, Loss: 0.7522
Epoch 138 learning rate: 0.021895831107393474
Epoch 138 time: 236.09763646125793 seconds
Epoch 138 accuracy: 74.88%
Batch 100, Loss: 0.7126
Batch 200, Loss: 0.7223
Batch 300, Loss: 0.7302
Epoch 139 learning rate: 0.02124973739783608
Epoch 139 time: 236.14662265777588 seconds
Epoch 139 accuracy: 74.81%
Batch 100, Loss: 0.6939
Batch 200, Loss: 0.7232
Batch 300, Loss: 0.7340
Epoch 140 learning rate: 0.02061073738537636
Epoch 140 time: 236.01980018615723 seconds
Epoch 140 accuracy: 75.09%
Batch 100, Loss: 0.6830
Batch 200, Loss: 0.7025
Batch 300, Loss: 0.7110
Epoch 141 learning rate: 0.019978988733705814
Epoch 141 time: 236.07100653648376 seconds
Epoch 141 accuracy: 75.34%
Batch 100, Loss: 0.6791
Batch 200, Loss: 0.6716
Batch 300, Loss: 0.6931
Epoch 142 learning rate: 0.01935464731735118
Epoch 142 time: 236.17632460594177 seconds
Epoch 142 accuracy: 75.72%
Batch 100, Loss: 0.6596
Batch 200, Loss: 0.6854
Batch 300, Loss: 0.7025
Epoch 143 learning rate: 0.018737867183214747
Epoch 143 time: 236.0874080657959 seconds
Epoch 143 accuracy: 75.83%
Batch 100, Loss: 0.6546
Batch 200, Loss: 0.6654
Batch 300, Loss: 0.6856
Epoch 144 learning rate: 0.01812880051256552
Epoch 144 time: 236.10528802871704 seconds
Epoch 144 accuracy: 75.21%
Batch 100, Loss: 0.6495
Batch 200, Loss: 0.6746
Batch 300, Loss: 0.6628
Epoch 145 learning rate: 0.017527597583490827
Epoch 145 time: 236.107164144516 seconds
Epoch 145 accuracy: 76.09%
Batch 100, Loss: 0.6326
Batch 200, Loss: 0.6608
Batch 300, Loss: 0.6630
Epoch 146 learning rate: 0.01693440673381742
Epoch 146 time: 236.05863618850708 seconds
Epoch 146 accuracy: 76.16%
Batch 100, Loss: 0.6287
Batch 200, Loss: 0.6293
Batch 300, Loss: 0.6452
Epoch 147 learning rate: 0.016349374324511334
Epoch 147 time: 235.9762351512909 seconds
Epoch 147 accuracy: 75.08%
Batch 100, Loss: 0.6272
Batch 200, Loss: 0.6197
Batch 300, Loss: 0.6413
Epoch 148 learning rate: 0.01577264470356557
Epoch 148 time: 236.22559547424316 seconds
Epoch 148 accuracy: 76.15%
Batch 100, Loss: 0.6004
Batch 200, Loss: 0.6297
Batch 300, Loss: 0.6287
Epoch 149 learning rate: 0.01520436017038429
Epoch 149 time: 236.10370516777039 seconds
Epoch 149 accuracy: 76.22%
Batch 100, Loss: 0.5880
Batch 200, Loss: 0.5953
Batch 300, Loss: 0.6029
Epoch 150 learning rate: 0.014644660940672632
Epoch 150 time: 236.27757859230042 seconds
Epoch 150 accuracy: 76.69%
Batch 100, Loss: 0.5803
Batch 200, Loss: 0.5865
Batch 300, Loss: 0.6111
Epoch 151 learning rate: 0.01409368511184057
Epoch 151 time: 236.10698747634888 seconds
Epoch 151 accuracy: 76.02%
Batch 100, Loss: 0.5695
Batch 200, Loss: 0.5911
Batch 300, Loss: 0.6051
Epoch 152 learning rate: 0.013551568628929438
Epoch 152 time: 235.96799230575562 seconds
Epoch 152 accuracy: 76.82%
Batch 100, Loss: 0.5645
Batch 200, Loss: 0.5637
Batch 300, Loss: 0.5749
Epoch 153 learning rate: 0.013018445251069516
Epoch 153 time: 236.24366688728333 seconds
Epoch 153 accuracy: 77.36%
Batch 100, Loss: 0.5544
Batch 200, Loss: 0.5675
Batch 300, Loss: 0.5757
Epoch 154 learning rate: 0.012494446518477026
Epoch 154 time: 236.10607409477234 seconds
Epoch 154 accuracy: 76.93%
