The following modules were not unloaded:
  (Use "module --force purge" to unload all):

  1) CCconfig        6)  ucx/1.14.1         11) flexiblas/3.3.1
  2) gentoo/2023     7)  libfabric/1.18.0   12) imkl/2023.2.0
  3) gcccore/.12.3   8)  pmix/4.2.4         13) StdEnv/2023
  4) gcc/12.3        9)  ucc/1.2.0
  5) hwloc/2.9.1     10) openmpi/4.1.5
/project/6070520/tkleinkn/Vanilla-GAM/main_cifar.py:187: UserWarning: You have chosen a specific GPU. This will completely disable data parallelism.
  warnings.warn('You have chosen a specific GPU. This will completely '
model name space ['resnet101_c', 'resnet152_c', 'resnet18_c', 'resnet34_c', 'resnet50_c']
Use GPU: 0 for training
=> creating model 'resnet18_c'
Files already downloaded and verified
Files already downloaded and verified
tensorboard dir ./results/CIFAR10/GAMNonAccelerated
Using non-accelerated GAM
/home/tkleinkn/GAMtest/lib/python3.11/site-packages/torch/autograd/graph.py:744: UserWarning: Using backward() with create_graph=True will create a reference cycle between the parameter and its gradient which can cause a memory leak. We recommend using autograd.grad when creating the graph to avoid this. If you have to use this function, make sure to reset the .grad fields of your parameters to None after use to break the cycle and avoid the leak. (Triggered internally at /home/coulombc/wheels_builder/tmp.2617/python-3.11/torch/torch/csrc/autograd/engine.cpp:1203.)
  return Variable._execution_engine.run_backward(  # Calls into the C++ engine to run the backward pass
Batch 100, Loss: 1.8930
Batch 200, Loss: 1.4645
Batch 300, Loss: 1.3838
Epoch 1 learning rate: 0.09999383162408304
Epoch 1 time: 244.99656915664673 seconds
Epoch 1 accuracy: 41.33%
Batch 100, Loss: 1.2695
Batch 200, Loss: 1.2226
Batch 300, Loss: 1.1858
Epoch 2 learning rate: 0.09997532801828658
Epoch 2 time: 235.9548053741455 seconds
Epoch 2 accuracy: 48.5%
Batch 100, Loss: 1.1000
Batch 200, Loss: 1.0661
Batch 300, Loss: 1.0490
Epoch 3 learning rate: 0.09994449374809851
Epoch 3 time: 235.83281922340393 seconds
Epoch 3 accuracy: 57.83%
Batch 100, Loss: 0.9928
Batch 200, Loss: 0.9624
Batch 300, Loss: 0.9273
Epoch 4 learning rate: 0.09990133642141359
Epoch 4 time: 235.7600657939911 seconds
Epoch 4 accuracy: 61.42%
Batch 100, Loss: 0.8687
Batch 200, Loss: 0.8525
Batch 300, Loss: 0.8379
Epoch 5 learning rate: 0.09984586668665642
Epoch 5 time: 235.81389713287354 seconds
Epoch 5 accuracy: 64.88%
Batch 100, Loss: 0.7893
Batch 200, Loss: 0.7805
Batch 300, Loss: 0.8073
Epoch 6 learning rate: 0.09977809823015402
Epoch 6 time: 235.67803025245667 seconds
Epoch 6 accuracy: 62.08%
Batch 100, Loss: 0.7556
Batch 200, Loss: 0.7280
Batch 300, Loss: 0.7127
Epoch 7 learning rate: 0.09969804777275901
Epoch 7 time: 235.76661205291748 seconds
Epoch 7 accuracy: 70.85%
Batch 100, Loss: 0.6688
Batch 200, Loss: 0.6614
Batch 300, Loss: 0.6547
Epoch 8 learning rate: 0.09960573506572391
Epoch 8 time: 236.64060831069946 seconds
Epoch 8 accuracy: 72.4%
Batch 100, Loss: 0.6188
Batch 200, Loss: 0.6163
Batch 300, Loss: 0.6128
Epoch 9 learning rate: 0.09950118288582789
Epoch 9 time: 235.61855340003967 seconds
Epoch 9 accuracy: 75.83%
Batch 100, Loss: 0.5992
Batch 200, Loss: 0.5875
Batch 300, Loss: 0.5801
Epoch 10 learning rate: 0.09938441702975691
Epoch 10 time: 235.71096968650818 seconds
Epoch 10 accuracy: 74.97%
Batch 100, Loss: 0.5548
Batch 200, Loss: 0.5569
Batch 300, Loss: 0.5597
Epoch 11 learning rate: 0.09925546630773871
Epoch 11 time: 235.69143557548523 seconds
Epoch 11 accuracy: 76.49%
Batch 100, Loss: 0.5432
Batch 200, Loss: 0.5425
Batch 300, Loss: 0.5446
Epoch 12 learning rate: 0.09911436253643445
Epoch 12 time: 235.7432107925415 seconds
Epoch 12 accuracy: 77.02%
Batch 100, Loss: 0.5258
Batch 200, Loss: 0.5235
Batch 300, Loss: 0.5228
Epoch 13 learning rate: 0.0989611405310883
Epoch 13 time: 235.7822971343994 seconds
Epoch 13 accuracy: 76.63%
Batch 100, Loss: 0.4981
Batch 200, Loss: 0.5127
Batch 300, Loss: 0.5028
Epoch 14 learning rate: 0.09879583809693739
Epoch 14 time: 235.78507113456726 seconds
Epoch 14 accuracy: 77.75%
Batch 100, Loss: 0.4881
Batch 200, Loss: 0.4978
Batch 300, Loss: 0.4921
Epoch 15 learning rate: 0.09861849601988384
Epoch 15 time: 235.61519384384155 seconds
Epoch 15 accuracy: 80.32%
Batch 100, Loss: 0.4849
Batch 200, Loss: 0.4843
Batch 300, Loss: 0.4893
Epoch 16 learning rate: 0.09842915805643157
Epoch 16 time: 235.63159370422363 seconds
Epoch 16 accuracy: 82.44%
Batch 100, Loss: 0.4680
Batch 200, Loss: 0.4820
Batch 300, Loss: 0.4668
Epoch 17 learning rate: 0.09822787092288993
Epoch 17 time: 235.76369404792786 seconds
Epoch 17 accuracy: 82.72%
Batch 100, Loss: 0.4729
Batch 200, Loss: 0.4517
Batch 300, Loss: 0.4503
Epoch 18 learning rate: 0.09801468428384717
Epoch 18 time: 235.7351565361023 seconds
Epoch 18 accuracy: 79.03%
Batch 100, Loss: 0.4497
Batch 200, Loss: 0.4571
Batch 300, Loss: 0.4593
Epoch 19 learning rate: 0.09778965073991652
Epoch 19 time: 235.7360451221466 seconds
Epoch 19 accuracy: 80.76%
Batch 100, Loss: 0.4476
Batch 200, Loss: 0.4444
Batch 300, Loss: 0.4510
Epoch 20 learning rate: 0.0975528258147577
Epoch 20 time: 235.76497840881348 seconds
Epoch 20 accuracy: 83.32%
Batch 100, Loss: 0.4473
Batch 200, Loss: 0.4455
Batch 300, Loss: 0.4275
Epoch 21 learning rate: 0.09730426794137728
Epoch 21 time: 235.6183466911316 seconds
Epoch 21 accuracy: 78.5%
Batch 100, Loss: 0.4262
Batch 200, Loss: 0.4383
Batch 300, Loss: 0.4367
Epoch 22 learning rate: 0.09704403844771128
Epoch 22 time: 235.6707890033722 seconds
Epoch 22 accuracy: 81.95%
Batch 100, Loss: 0.4282
Batch 200, Loss: 0.4289
Batch 300, Loss: 0.4411
Epoch 23 learning rate: 0.09677220154149338
Epoch 23 time: 235.74818110466003 seconds
Epoch 23 accuracy: 83.98%
Batch 100, Loss: 0.4236
Batch 200, Loss: 0.4143
Batch 300, Loss: 0.4212
Epoch 24 learning rate: 0.09648882429441258
Epoch 24 time: 235.7137382030487 seconds
Epoch 24 accuracy: 81.95%
Batch 100, Loss: 0.4206
Batch 200, Loss: 0.4224
Batch 300, Loss: 0.4183
Epoch 25 learning rate: 0.09619397662556435
Epoch 25 time: 235.64429807662964 seconds
Epoch 25 accuracy: 80.71%
Batch 100, Loss: 0.4039
Batch 200, Loss: 0.4146
Batch 300, Loss: 0.4226
Epoch 26 learning rate: 0.09588773128419906
Epoch 26 time: 235.7581810951233 seconds
Epoch 26 accuracy: 79.58%
Batch 100, Loss: 0.4107
Batch 200, Loss: 0.4082
Batch 300, Loss: 0.4150
Epoch 27 learning rate: 0.09557016383177226
Epoch 27 time: 235.6655626296997 seconds
Epoch 27 accuracy: 78.98%
Batch 100, Loss: 0.4047
Batch 200, Loss: 0.4124
Batch 300, Loss: 0.4081
Epoch 28 learning rate: 0.09524135262330098
Epoch 28 time: 236.4441568851471 seconds
Epoch 28 accuracy: 80.41%
Batch 100, Loss: 0.4046
Batch 200, Loss: 0.4078
Batch 300, Loss: 0.4002
Epoch 29 learning rate: 0.09490137878803079
Epoch 29 time: 235.642014503479 seconds
Epoch 29 accuracy: 84.01%
Batch 100, Loss: 0.3958
Batch 200, Loss: 0.4057
Batch 300, Loss: 0.4135
Epoch 30 learning rate: 0.0945503262094184
Epoch 30 time: 235.63082122802734 seconds
Epoch 30 accuracy: 78.4%
Batch 100, Loss: 0.3987
Batch 200, Loss: 0.3879
Batch 300, Loss: 0.4082
Epoch 31 learning rate: 0.0941882815044347
Epoch 31 time: 235.61306428909302 seconds
Epoch 31 accuracy: 83.62%
Batch 100, Loss: 0.3985
Batch 200, Loss: 0.3990
Batch 300, Loss: 0.3966
Epoch 32 learning rate: 0.09381533400219319
Epoch 32 time: 235.6158263683319 seconds
Epoch 32 accuracy: 79.96%
Batch 100, Loss: 0.3825
Batch 200, Loss: 0.3989
Batch 300, Loss: 0.3899
Epoch 33 learning rate: 0.09343157572190958
Epoch 33 time: 235.69016122817993 seconds
Epoch 33 accuracy: 84.59%
Batch 100, Loss: 0.3887
Batch 200, Loss: 0.3847
Batch 300, Loss: 0.3894
Epoch 34 learning rate: 0.0930371013501972
Epoch 34 time: 235.60224103927612 seconds
Epoch 34 accuracy: 84.89%
Batch 100, Loss: 0.3832
Batch 200, Loss: 0.3851
Batch 300, Loss: 0.3843
Epoch 35 learning rate: 0.09263200821770463
Epoch 35 time: 235.62517094612122 seconds
Epoch 35 accuracy: 83.19%
Batch 100, Loss: 0.3780
Batch 200, Loss: 0.3900
Batch 300, Loss: 0.3926
Epoch 36 learning rate: 0.09221639627510078
Epoch 36 time: 235.65700030326843 seconds
Epoch 36 accuracy: 77.74%
Batch 100, Loss: 0.3804
Batch 200, Loss: 0.3772
Batch 300, Loss: 0.3940
Epoch 37 learning rate: 0.09179036806841355
Epoch 37 time: 235.70695900917053 seconds
Epoch 37 accuracy: 83.83%
Batch 100, Loss: 0.3696
Batch 200, Loss: 0.3656
Batch 300, Loss: 0.3891
Epoch 38 learning rate: 0.09135402871372812
Epoch 38 time: 235.77126741409302 seconds
Epoch 38 accuracy: 84.59%
Batch 100, Loss: 0.3841
Batch 200, Loss: 0.3783
Batch 300, Loss: 0.3782
Epoch 39 learning rate: 0.0909074858712512
Epoch 39 time: 235.9099714756012 seconds
Epoch 39 accuracy: 82.25%
Batch 100, Loss: 0.3650
Batch 200, Loss: 0.3797
Batch 300, Loss: 0.3860
Epoch 40 learning rate: 0.09045084971874741
Epoch 40 time: 235.6681261062622 seconds
Epoch 40 accuracy: 84.68%
Batch 100, Loss: 0.3684
Batch 200, Loss: 0.3687
Batch 300, Loss: 0.3837
Epoch 41 learning rate: 0.08998423292435458
Epoch 41 time: 235.7894630432129 seconds
Epoch 41 accuracy: 85.57%
Batch 100, Loss: 0.3641
Batch 200, Loss: 0.3782
Batch 300, Loss: 0.3795
Epoch 42 learning rate: 0.08950775061878455
Epoch 42 time: 235.6040859222412 seconds
Epoch 42 accuracy: 83.7%
Batch 100, Loss: 0.3654
Batch 200, Loss: 0.3641
Batch 300, Loss: 0.3680
Epoch 43 learning rate: 0.08902152036691653
Epoch 43 time: 235.63738465309143 seconds
Epoch 43 accuracy: 83.0%
Batch 100, Loss: 0.3561
Batch 200, Loss: 0.3662
Batch 300, Loss: 0.3759
Epoch 44 learning rate: 0.08852566213878951
Epoch 44 time: 236.21988224983215 seconds
Epoch 44 accuracy: 83.11%
Batch 100, Loss: 0.3669
Batch 200, Loss: 0.3547
Batch 300, Loss: 0.3697
Epoch 45 learning rate: 0.0880202982800016
Epoch 45 time: 235.6943211555481 seconds
Epoch 45 accuracy: 82.14%
Batch 100, Loss: 0.3731
Batch 200, Loss: 0.3651
Batch 300, Loss: 0.3656
Epoch 46 learning rate: 0.08750555348152303
Epoch 46 time: 235.709778547287 seconds
Epoch 46 accuracy: 85.7%
Batch 100, Loss: 0.3602
Batch 200, Loss: 0.3544
Batch 300, Loss: 0.3724
Epoch 47 learning rate: 0.08698155474893052
Epoch 47 time: 235.77963662147522 seconds
Epoch 47 accuracy: 87.82%
Batch 100, Loss: 0.3695
Batch 200, Loss: 0.3535
Batch 300, Loss: 0.3632
Epoch 48 learning rate: 0.08644843137107061
Epoch 48 time: 235.67059683799744 seconds
Epoch 48 accuracy: 83.96%
Batch 100, Loss: 0.3556
Batch 200, Loss: 0.3522
Batch 300, Loss: 0.3619
Epoch 49 learning rate: 0.08590631488815947
Epoch 49 time: 235.6239948272705 seconds
Epoch 49 accuracy: 82.38%
Batch 100, Loss: 0.3544
Batch 200, Loss: 0.3556
Batch 300, Loss: 0.3592
Epoch 50 learning rate: 0.0853553390593274
Epoch 50 time: 235.64697265625 seconds
Epoch 50 accuracy: 86.06%
Batch 100, Loss: 0.3387
Batch 200, Loss: 0.3536
Batch 300, Loss: 0.3554
Epoch 51 learning rate: 0.08479563982961574
Epoch 51 time: 235.61284828186035 seconds
Epoch 51 accuracy: 86.05%
Batch 100, Loss: 0.3479
Batch 200, Loss: 0.3482
Batch 300, Loss: 0.3611
Epoch 52 learning rate: 0.08422735529643446
Epoch 52 time: 235.62802457809448 seconds
Epoch 52 accuracy: 87.22%
Batch 100, Loss: 0.3434
Batch 200, Loss: 0.3472
Batch 300, Loss: 0.3635
Epoch 53 learning rate: 0.08365062567548869
Epoch 53 time: 235.643146276474 seconds
Epoch 53 accuracy: 85.39%
Batch 100, Loss: 0.3417
Batch 200, Loss: 0.3455
Batch 300, Loss: 0.3530
Epoch 54 learning rate: 0.08306559326618261
Epoch 54 time: 235.6911280155182 seconds
Epoch 54 accuracy: 81.58%
Batch 100, Loss: 0.3446
Batch 200, Loss: 0.3496
Batch 300, Loss: 0.3471
Epoch 55 learning rate: 0.0824724024165092
Epoch 55 time: 235.60934209823608 seconds
Epoch 55 accuracy: 87.44%
Batch 100, Loss: 0.3432
Batch 200, Loss: 0.3482
Batch 300, Loss: 0.3453
Epoch 56 learning rate: 0.0818711994874345
Epoch 56 time: 235.71283102035522 seconds
Epoch 56 accuracy: 83.62%
Batch 100, Loss: 0.3413
Batch 200, Loss: 0.3433
Batch 300, Loss: 0.3314
Epoch 57 learning rate: 0.08126213281678528
Epoch 57 time: 235.64779591560364 seconds
Epoch 57 accuracy: 86.3%
Batch 100, Loss: 0.3436
Batch 200, Loss: 0.3434
Batch 300, Loss: 0.3444
Epoch 58 learning rate: 0.08064535268264884
Epoch 58 time: 235.6557023525238 seconds
Epoch 58 accuracy: 84.11%
Batch 100, Loss: 0.3352
Batch 200, Loss: 0.3297
Batch 300, Loss: 0.3383
Epoch 59 learning rate: 0.08002101126629421
Epoch 59 time: 235.6437430381775 seconds
Epoch 59 accuracy: 88.47%
Batch 100, Loss: 0.3228
Batch 200, Loss: 0.3388
Batch 300, Loss: 0.3391
Epoch 60 learning rate: 0.07938926261462367
Epoch 60 time: 235.70433950424194 seconds
Epoch 60 accuracy: 83.13%
Batch 100, Loss: 0.3340
Batch 200, Loss: 0.3456
Batch 300, Loss: 0.3365
Epoch 61 learning rate: 0.07875026260216395
Epoch 61 time: 235.65720915794373 seconds
Epoch 61 accuracy: 86.21%
Batch 100, Loss: 0.3227
Batch 200, Loss: 0.3397
Batch 300, Loss: 0.3354
Epoch 62 learning rate: 0.07810416889260656
Epoch 62 time: 235.7217080593109 seconds
Epoch 62 accuracy: 88.33%
Batch 100, Loss: 0.3346
Batch 200, Loss: 0.3309
Batch 300, Loss: 0.3289
Epoch 63 learning rate: 0.07745114089990661
Epoch 63 time: 235.6837739944458 seconds
Epoch 63 accuracy: 87.23%
Batch 100, Loss: 0.3283
Batch 200, Loss: 0.3359
Batch 300, Loss: 0.3254
Epoch 64 learning rate: 0.07679133974894985
Epoch 64 time: 235.79288744926453 seconds
Epoch 64 accuracy: 86.39%
Batch 100, Loss: 0.3281
Batch 200, Loss: 0.3293
Batch 300, Loss: 0.3424
Epoch 65 learning rate: 0.07612492823579746
Epoch 65 time: 235.83873653411865 seconds
Epoch 65 accuracy: 85.37%
Batch 100, Loss: 0.3317
Batch 200, Loss: 0.3273
Batch 300, Loss: 0.3227
Epoch 66 learning rate: 0.07545207078751859
Epoch 66 time: 235.70010662078857 seconds
Epoch 66 accuracy: 84.89%
Batch 100, Loss: 0.3117
Batch 200, Loss: 0.3335
Batch 300, Loss: 0.3182
Epoch 67 learning rate: 0.0747729334216204
Epoch 67 time: 235.7117054462433 seconds
Epoch 67 accuracy: 87.02%
Batch 100, Loss: 0.3257
Batch 200, Loss: 0.3354
Batch 300, Loss: 0.3173
Epoch 68 learning rate: 0.07408768370508578
Epoch 68 time: 235.65714621543884 seconds
Epoch 68 accuracy: 87.9%
Batch 100, Loss: 0.3164
Batch 200, Loss: 0.3219
Batch 300, Loss: 0.3194
Epoch 69 learning rate: 0.0733964907130287
Epoch 69 time: 235.73585891723633 seconds
Epoch 69 accuracy: 86.61%
Batch 100, Loss: 0.3299
Batch 200, Loss: 0.3122
Batch 300, Loss: 0.3334
Epoch 70 learning rate: 0.07269952498697736
Epoch 70 time: 235.95904231071472 seconds
Epoch 70 accuracy: 88.1%
Batch 100, Loss: 0.3198
Batch 200, Loss: 0.3173
Batch 300, Loss: 0.3139
Epoch 71 learning rate: 0.07199695849279578
Epoch 71 time: 235.68941235542297 seconds
Epoch 71 accuracy: 87.73%
Batch 100, Loss: 0.3089
Batch 200, Loss: 0.3229
Batch 300, Loss: 0.3289
Epoch 72 learning rate: 0.07128896457825366
Epoch 72 time: 235.6220200061798 seconds
Epoch 72 accuracy: 86.75%
Batch 100, Loss: 0.3072
Batch 200, Loss: 0.3132
Batch 300, Loss: 0.3186
Epoch 73 learning rate: 0.07057571793025548
Epoch 73 time: 235.65990900993347 seconds
Epoch 73 accuracy: 87.63%
Batch 100, Loss: 0.3059
Batch 200, Loss: 0.3137
Batch 300, Loss: 0.3181
Epoch 74 learning rate: 0.06985739453173906
Epoch 74 time: 235.61254978179932 seconds
Epoch 74 accuracy: 88.62%
Batch 100, Loss: 0.3191
Batch 200, Loss: 0.3076
Batch 300, Loss: 0.3130
Epoch 75 learning rate: 0.06913417161825453
Epoch 75 time: 235.65861010551453 seconds
Epoch 75 accuracy: 88.38%
Batch 100, Loss: 0.3155
Batch 200, Loss: 0.3033
Batch 300, Loss: 0.3138
Epoch 76 learning rate: 0.06840622763423394
Epoch 76 time: 235.69840025901794 seconds
Epoch 76 accuracy: 86.38%
Batch 100, Loss: 0.2922
Batch 200, Loss: 0.3101
Batch 300, Loss: 0.3133
Epoch 77 learning rate: 0.0676737421889629
Epoch 77 time: 235.65670561790466 seconds
Epoch 77 accuracy: 86.69%
Batch 100, Loss: 0.3005
Batch 200, Loss: 0.3068
Batch 300, Loss: 0.3168
Epoch 78 learning rate: 0.06693689601226462
Epoch 78 time: 235.64213228225708 seconds
Epoch 78 accuracy: 87.01%
Batch 100, Loss: 0.3053
Batch 200, Loss: 0.2985
Batch 300, Loss: 0.3171
Epoch 79 learning rate: 0.06619587090990751
Epoch 79 time: 235.71160435676575 seconds
Epoch 79 accuracy: 87.88%
Batch 100, Loss: 0.2961
Batch 200, Loss: 0.3094
Batch 300, Loss: 0.3066
Epoch 80 learning rate: 0.06545084971874741
Epoch 80 time: 235.64036059379578 seconds
Epoch 80 accuracy: 86.53%
Batch 100, Loss: 0.3024
Batch 200, Loss: 0.3013
Batch 300, Loss: 0.3075
Epoch 81 learning rate: 0.06470201626161524
Epoch 81 time: 235.64610862731934 seconds
Epoch 81 accuracy: 87.81%
Batch 100, Loss: 0.2917
Batch 200, Loss: 0.3064
Batch 300, Loss: 0.3021
Epoch 82 learning rate: 0.06394955530196152
Epoch 82 time: 235.65374445915222 seconds
Epoch 82 accuracy: 83.44%
Batch 100, Loss: 0.2948
Batch 200, Loss: 0.2939
Batch 300, Loss: 0.3123
Epoch 83 learning rate: 0.06319365249826868
Epoch 83 time: 235.6671495437622 seconds
Epoch 83 accuracy: 86.49%
Batch 100, Loss: 0.2981
Batch 200, Loss: 0.2912
Batch 300, Loss: 0.2957
Epoch 84 learning rate: 0.06243449435824277
Epoch 84 time: 235.6753430366516 seconds
Epoch 84 accuracy: 88.52%
Batch 100, Loss: 0.2971
Batch 200, Loss: 0.2906
Batch 300, Loss: 0.2924
Epoch 85 learning rate: 0.06167226819279532
Epoch 85 time: 235.72804713249207 seconds
Epoch 85 accuracy: 89.44%
Batch 100, Loss: 0.2762
Batch 200, Loss: 0.2869
Batch 300, Loss: 0.3001
Epoch 86 learning rate: 0.06090716206982718
Epoch 86 time: 235.6810758113861 seconds
Epoch 86 accuracy: 88.08%
Batch 100, Loss: 0.2890
Batch 200, Loss: 0.2890
Batch 300, Loss: 0.2997
Epoch 87 learning rate: 0.06013936476782568
Epoch 87 time: 235.64152002334595 seconds
Epoch 87 accuracy: 88.1%
Batch 100, Loss: 0.2815
Batch 200, Loss: 0.2920
Batch 300, Loss: 0.2819
Epoch 88 learning rate: 0.05936906572928629
Epoch 88 time: 235.61595463752747 seconds
Epoch 88 accuracy: 89.49%
Batch 100, Loss: 0.2760
Batch 200, Loss: 0.2946
Batch 300, Loss: 0.2938
Epoch 89 learning rate: 0.05859645501397052
Epoch 89 time: 235.6556429862976 seconds
Epoch 89 accuracy: 88.84%
Batch 100, Loss: 0.2761
Batch 200, Loss: 0.2850
Batch 300, Loss: 0.2969
Epoch 90 learning rate: 0.05782172325201159
Epoch 90 time: 235.6626582145691 seconds
Epoch 90 accuracy: 86.93%
Batch 100, Loss: 0.2828
Batch 200, Loss: 0.2750
Batch 300, Loss: 0.2798
Epoch 91 learning rate: 0.057045061596879186
Epoch 91 time: 235.65790724754333 seconds
Epoch 91 accuracy: 90.02%
Batch 100, Loss: 0.2871
Batch 200, Loss: 0.2883
Batch 300, Loss: 0.2852
Epoch 92 learning rate: 0.056266661678215264
Epoch 92 time: 235.66534733772278 seconds
Epoch 92 accuracy: 89.21%
Batch 100, Loss: 0.2711
Batch 200, Loss: 0.2801
Batch 300, Loss: 0.2916
Epoch 93 learning rate: 0.055486715554552306
Epoch 93 time: 235.68222427368164 seconds
Epoch 93 accuracy: 87.42%
Batch 100, Loss: 0.2741
Batch 200, Loss: 0.2838
Batch 300, Loss: 0.2857
Epoch 94 learning rate: 0.05470541566592575
Epoch 94 time: 235.66736769676208 seconds
Epoch 94 accuracy: 89.08%
Batch 100, Loss: 0.2722
Batch 200, Loss: 0.2816
Batch 300, Loss: 0.2775
Epoch 95 learning rate: 0.05392295478639229
Epoch 95 time: 235.6400384902954 seconds
Epoch 95 accuracy: 89.76%
Batch 100, Loss: 0.2722
Batch 200, Loss: 0.2677
Batch 300, Loss: 0.2734
Epoch 96 learning rate: 0.05313952597646571
Epoch 96 time: 235.62350010871887 seconds
Epoch 96 accuracy: 89.53%
Batch 100, Loss: 0.2626
Batch 200, Loss: 0.2741
Batch 300, Loss: 0.2860
Epoch 97 learning rate: 0.05235532253548216
Epoch 97 time: 235.65313482284546 seconds
Epoch 97 accuracy: 88.92%
Batch 100, Loss: 0.2634
Batch 200, Loss: 0.2698
Batch 300, Loss: 0.2694
Epoch 98 learning rate: 0.051570537953906447
Epoch 98 time: 235.67136216163635 seconds
Epoch 98 accuracy: 89.4%
Batch 100, Loss: 0.2662
Batch 200, Loss: 0.2621
Batch 300, Loss: 0.2662
Epoch 99 learning rate: 0.05078536586559106
Epoch 99 time: 235.67075300216675 seconds
Epoch 99 accuracy: 90.4%
Batch 100, Loss: 0.2610
Batch 200, Loss: 0.2631
Batch 300, Loss: 0.2763
Epoch 100 learning rate: 0.050000000000000024
Epoch 100 time: 235.65289282798767 seconds
Epoch 100 accuracy: 90.22%
Batch 100, Loss: 0.2571
Batch 200, Loss: 0.2603
Batch 300, Loss: 0.2714
Epoch 101 learning rate: 0.049214634134409
Epoch 101 time: 235.66644525527954 seconds
Epoch 101 accuracy: 89.93%
Batch 100, Loss: 0.2604
Batch 200, Loss: 0.2523
Batch 300, Loss: 0.2723
Epoch 102 learning rate: 0.04842946204609361
Epoch 102 time: 235.71867561340332 seconds
Epoch 102 accuracy: 88.86%
Batch 100, Loss: 0.2559
Batch 200, Loss: 0.2623
Batch 300, Loss: 0.2601
Epoch 103 learning rate: 0.04764467746451789
Epoch 103 time: 235.64694786071777 seconds
Epoch 103 accuracy: 89.97%
Batch 100, Loss: 0.2488
Batch 200, Loss: 0.2633
Batch 300, Loss: 0.2629
Epoch 104 learning rate: 0.046860474023534354
Epoch 104 time: 235.71827363967896 seconds
Epoch 104 accuracy: 89.56%
Batch 100, Loss: 0.2491
Batch 200, Loss: 0.2675
Batch 300, Loss: 0.2576
Epoch 105 learning rate: 0.04607704521360778
Epoch 105 time: 235.69828748703003 seconds
Epoch 105 accuracy: 88.3%
Batch 100, Loss: 0.2452
Batch 200, Loss: 0.2584
Batch 300, Loss: 0.2515
Epoch 106 learning rate: 0.04529458433407431
Epoch 106 time: 235.68201780319214 seconds
Epoch 106 accuracy: 89.9%
Batch 100, Loss: 0.2502
Batch 200, Loss: 0.2575
Batch 300, Loss: 0.2460
Epoch 107 learning rate: 0.04451328444544776
Epoch 107 time: 235.75302624702454 seconds
Epoch 107 accuracy: 87.71%
Batch 100, Loss: 0.2588
Batch 200, Loss: 0.2477
Batch 300, Loss: 0.2489
Epoch 108 learning rate: 0.04373333832178482
Epoch 108 time: 235.6867868900299 seconds
Epoch 108 accuracy: 89.16%
Batch 100, Loss: 0.2428
Batch 200, Loss: 0.2521
Batch 300, Loss: 0.2523
Epoch 109 learning rate: 0.0429549384031209
Epoch 109 time: 235.65672898292542 seconds
Epoch 109 accuracy: 90.77%
Batch 100, Loss: 0.2428
Batch 200, Loss: 0.2400
Batch 300, Loss: 0.2451
Epoch 110 learning rate: 0.042178276747988484
Epoch 110 time: 235.72971391677856 seconds
Epoch 110 accuracy: 89.85%
Batch 100, Loss: 0.2419
Batch 200, Loss: 0.2429
Batch 300, Loss: 0.2501
Epoch 111 learning rate: 0.04140354498602954
Epoch 111 time: 235.6885437965393 seconds
Epoch 111 accuracy: 90.9%
Batch 100, Loss: 0.2334
Batch 200, Loss: 0.2379
Batch 300, Loss: 0.2536
Epoch 112 learning rate: 0.0406309342707138
Epoch 112 time: 235.62121272087097 seconds
Epoch 112 accuracy: 91.42%
Batch 100, Loss: 0.2424
Batch 200, Loss: 0.2423
Batch 300, Loss: 0.2400
Epoch 113 learning rate: 0.03986063523217441
Epoch 113 time: 235.69902420043945 seconds
Epoch 113 accuracy: 91.38%
Batch 100, Loss: 0.2281
Batch 200, Loss: 0.2391
Batch 300, Loss: 0.2453
Epoch 114 learning rate: 0.039092837930172916
Epoch 114 time: 235.67055988311768 seconds
Epoch 114 accuracy: 90.2%
Batch 100, Loss: 0.2305
Batch 200, Loss: 0.2405
Batch 300, Loss: 0.2308
Epoch 115 learning rate: 0.03832773180720475
Epoch 115 time: 235.59111428260803 seconds
Epoch 115 accuracy: 88.24%
Batch 100, Loss: 0.2347
Batch 200, Loss: 0.2326
Batch 300, Loss: 0.2261
Epoch 116 learning rate: 0.037565505641757285
Epoch 116 time: 235.66269826889038 seconds
Epoch 116 accuracy: 91.42%
Batch 100, Loss: 0.2200
Batch 200, Loss: 0.2419
Batch 300, Loss: 0.2380
Epoch 117 learning rate: 0.03680634750173138
Epoch 117 time: 235.61925768852234 seconds
Epoch 117 accuracy: 91.27%
Batch 100, Loss: 0.2188
Batch 200, Loss: 0.2271
Batch 300, Loss: 0.2394
Epoch 118 learning rate: 0.036050444698038565
Epoch 118 time: 235.6628704071045 seconds
Epoch 118 accuracy: 91.08%
Batch 100, Loss: 0.2285
Batch 200, Loss: 0.2276
Batch 300, Loss: 0.2262
Epoch 119 learning rate: 0.03529798373838483
Epoch 119 time: 235.67278361320496 seconds
Epoch 119 accuracy: 89.94%
Batch 100, Loss: 0.2133
Batch 200, Loss: 0.2256
Batch 300, Loss: 0.2231
Epoch 120 learning rate: 0.03454915028125267
Epoch 120 time: 235.66045832633972 seconds
Epoch 120 accuracy: 91.96%
Batch 100, Loss: 0.2157
Batch 200, Loss: 0.2206
Batch 300, Loss: 0.2328
Epoch 121 learning rate: 0.03380412909009255
Epoch 121 time: 235.62295770645142 seconds
Epoch 121 accuracy: 91.17%
Batch 100, Loss: 0.2080
Batch 200, Loss: 0.2222
Batch 300, Loss: 0.2256
Epoch 122 learning rate: 0.03306310398773545
Epoch 122 time: 235.65130352973938 seconds
Epoch 122 accuracy: 92.29%
Batch 100, Loss: 0.2047
Batch 200, Loss: 0.2174
Batch 300, Loss: 0.2225
Epoch 123 learning rate: 0.03232625781103717
Epoch 123 time: 235.66907215118408 seconds
Epoch 123 accuracy: 92.07%
Batch 100, Loss: 0.2056
Batch 200, Loss: 0.2093
Batch 300, Loss: 0.2159
Epoch 124 learning rate: 0.03159377236576613
Epoch 124 time: 235.63522958755493 seconds
Epoch 124 accuracy: 91.73%
Batch 100, Loss: 0.2126
Batch 200, Loss: 0.2092
Batch 300, Loss: 0.2198
Epoch 125 learning rate: 0.030865828381745543
Epoch 125 time: 235.66958093643188 seconds
Epoch 125 accuracy: 92.97%
Batch 100, Loss: 0.2029
Batch 200, Loss: 0.2009
Batch 300, Loss: 0.2059
Epoch 126 learning rate: 0.03014260546826098
Epoch 126 time: 235.6452088356018 seconds
Epoch 126 accuracy: 91.24%
Batch 100, Loss: 0.2024
Batch 200, Loss: 0.2173
Batch 300, Loss: 0.2084
Epoch 127 learning rate: 0.02942428206974458
Epoch 127 time: 235.63572764396667 seconds
Epoch 127 accuracy: 91.14%
Batch 100, Loss: 0.2034
Batch 200, Loss: 0.2048
Batch 300, Loss: 0.1976
Epoch 128 learning rate: 0.028711035421746387
Epoch 128 time: 235.67046737670898 seconds
Epoch 128 accuracy: 91.89%
Batch 100, Loss: 0.1926
Batch 200, Loss: 0.1949
Batch 300, Loss: 0.2091
Epoch 129 learning rate: 0.02800304150720426
Epoch 129 time: 235.68234300613403 seconds
Epoch 129 accuracy: 91.22%
Batch 100, Loss: 0.1961
Batch 200, Loss: 0.1980
Batch 300, Loss: 0.1999
Epoch 130 learning rate: 0.02730047501302268
Epoch 130 time: 235.67292499542236 seconds
Epoch 130 accuracy: 92.48%
Batch 100, Loss: 0.1973
Batch 200, Loss: 0.1933
Batch 300, Loss: 0.2027
Epoch 131 learning rate: 0.026603509286971357
Epoch 131 time: 235.66830158233643 seconds
Epoch 131 accuracy: 92.37%
Batch 100, Loss: 0.1993
Batch 200, Loss: 0.1878
Batch 300, Loss: 0.1978
Epoch 132 learning rate: 0.025912316294914244
Epoch 132 time: 235.7703263759613 seconds
Epoch 132 accuracy: 92.49%
Batch 100, Loss: 0.1894
Batch 200, Loss: 0.1931
Batch 300, Loss: 0.2044
Epoch 133 learning rate: 0.025227066578379632
Epoch 133 time: 235.64277696609497 seconds
Epoch 133 accuracy: 92.27%
Batch 100, Loss: 0.1831
Batch 200, Loss: 0.1992
Batch 300, Loss: 0.1969
Epoch 134 learning rate: 0.024547929212481445
Epoch 134 time: 235.65857028961182 seconds
Epoch 134 accuracy: 92.62%
Batch 100, Loss: 0.1898
Batch 200, Loss: 0.1805
Batch 300, Loss: 0.1918
Epoch 135 learning rate: 0.02387507176420257
Epoch 135 time: 235.66161608695984 seconds
Epoch 135 accuracy: 92.19%
Batch 100, Loss: 0.1890
Batch 200, Loss: 0.1893
Batch 300, Loss: 0.1983
Epoch 136 learning rate: 0.023208660251050166
Epoch 136 time: 235.68285536766052 seconds
Epoch 136 accuracy: 93.21%
Batch 100, Loss: 0.1824
Batch 200, Loss: 0.1892
Batch 300, Loss: 0.1864
Epoch 137 learning rate: 0.022548859100093414
Epoch 137 time: 235.7102062702179 seconds
Epoch 137 accuracy: 92.23%
Batch 100, Loss: 0.1758
Batch 200, Loss: 0.1823
Batch 300, Loss: 0.1808
Epoch 138 learning rate: 0.021895831107393474
Epoch 138 time: 235.6749300956726 seconds
Epoch 138 accuracy: 92.39%
Batch 100, Loss: 0.1725
Batch 200, Loss: 0.1807
Batch 300, Loss: 0.1749
Epoch 139 learning rate: 0.02124973739783608
Epoch 139 time: 235.60278701782227 seconds
Epoch 139 accuracy: 93.05%
Batch 100, Loss: 0.1682
Batch 200, Loss: 0.1809
Batch 300, Loss: 0.1793
Epoch 140 learning rate: 0.02061073738537636
Epoch 140 time: 235.68817019462585 seconds
Epoch 140 accuracy: 93.28%
Batch 100, Loss: 0.1752
Batch 200, Loss: 0.1706
Batch 300, Loss: 0.1753
Epoch 141 learning rate: 0.019978988733705814
Epoch 141 time: 235.66550636291504 seconds
Epoch 141 accuracy: 93.31%
Batch 100, Loss: 0.1697
Batch 200, Loss: 0.1739
Batch 300, Loss: 0.1724
Epoch 142 learning rate: 0.01935464731735118
Epoch 142 time: 235.67046666145325 seconds
Epoch 142 accuracy: 93.38%
Batch 100, Loss: 0.1615
Batch 200, Loss: 0.1715
Batch 300, Loss: 0.1707
Epoch 143 learning rate: 0.018737867183214747
Epoch 143 time: 235.64956426620483 seconds
Epoch 143 accuracy: 93.09%
Batch 100, Loss: 0.1645
Batch 200, Loss: 0.1612
Batch 300, Loss: 0.1741
Epoch 144 learning rate: 0.01812880051256552
Epoch 144 time: 235.6283462047577 seconds
Epoch 144 accuracy: 93.44%
Batch 100, Loss: 0.1648
Batch 200, Loss: 0.1629
Batch 300, Loss: 0.1675
Epoch 145 learning rate: 0.017527597583490827
Epoch 145 time: 235.7379219532013 seconds
Epoch 145 accuracy: 92.74%
Batch 100, Loss: 0.1556
Batch 200, Loss: 0.1607
Batch 300, Loss: 0.1629
Epoch 146 learning rate: 0.01693440673381742
Epoch 146 time: 235.64117050170898 seconds
Epoch 146 accuracy: 92.68%
Batch 100, Loss: 0.1580
Batch 200, Loss: 0.1604
Batch 300, Loss: 0.1600
Epoch 147 learning rate: 0.016349374324511334
Epoch 147 time: 235.70261001586914 seconds
Epoch 147 accuracy: 93.83%
Batch 100, Loss: 0.1541
Batch 200, Loss: 0.1532
Batch 300, Loss: 0.1546
Epoch 148 learning rate: 0.01577264470356557
Epoch 148 time: 235.6387391090393 seconds
Epoch 148 accuracy: 93.57%
Batch 100, Loss: 0.1552
Batch 200, Loss: 0.1494
Batch 300, Loss: 0.1498
Epoch 149 learning rate: 0.01520436017038429
Epoch 149 time: 235.7005341053009 seconds
Epoch 149 accuracy: 93.42%
Batch 100, Loss: 0.1418
Batch 200, Loss: 0.1514
Batch 300, Loss: 0.1507
Epoch 150 learning rate: 0.014644660940672632
Epoch 150 time: 235.7085404396057 seconds
Epoch 150 accuracy: 93.37%
Batch 100, Loss: 0.1431
Batch 200, Loss: 0.1469
Batch 300, Loss: 0.1540
Epoch 151 learning rate: 0.01409368511184057
Epoch 151 time: 235.66434931755066 seconds
Epoch 151 accuracy: 93.79%
Batch 100, Loss: 0.1441
Batch 200, Loss: 0.1438
Batch 300, Loss: 0.1487
Epoch 152 learning rate: 0.013551568628929438
Epoch 152 time: 235.67849826812744 seconds
Epoch 152 accuracy: 94.27%
Batch 100, Loss: 0.1404
Batch 200, Loss: 0.1480
Batch 300, Loss: 0.1499
Epoch 153 learning rate: 0.013018445251069516
Epoch 153 time: 235.62380123138428 seconds
Epoch 153 accuracy: 94.44%
Batch 100, Loss: 0.1384
Batch 200, Loss: 0.1406
Batch 300, Loss: 0.1442
Epoch 154 learning rate: 0.012494446518477026
Epoch 154 time: 235.717866897583 seconds
Epoch 154 accuracy: 94.65%
Batch 100, Loss: 0.1317
Batch 200, Loss: 0.1371
Batch 300, Loss: 0.1417
Epoch 155 learning rate: 0.011979701719998459
Epoch 155 time: 235.660151720047 seconds
Epoch 155 accuracy: 93.56%
Batch 100, Loss: 0.1371
Batch 200, Loss: 0.1353
Batch 300, Loss: 0.1392
Epoch 156 learning rate: 0.011474337861210548
Epoch 156 time: 235.69679236412048 seconds
Epoch 156 accuracy: 93.79%
Batch 100, Loss: 0.1336
Batch 200, Loss: 0.1321
Batch 300, Loss: 0.1326
Epoch 157 learning rate: 0.010978479633083526
Epoch 157 time: 235.62744069099426 seconds
Epoch 157 accuracy: 94.52%
Batch 100, Loss: 0.1307
Batch 200, Loss: 0.1298
Batch 300, Loss: 0.1257
Epoch 158 learning rate: 0.010492249381215483
Epoch 158 time: 235.7763979434967 seconds
Epoch 158 accuracy: 93.97%
Batch 100, Loss: 0.1266
Batch 200, Loss: 0.1304
Batch 300, Loss: 0.1304
Epoch 159 learning rate: 0.010015767075645474
Epoch 159 time: 235.67302775382996 seconds
Epoch 159 accuracy: 94.53%
Batch 100, Loss: 0.1243
Batch 200, Loss: 0.1260
Batch 300, Loss: 0.1264
Epoch 160 learning rate: 0.009549150281252637
Epoch 160 time: 235.82675004005432 seconds
Epoch 160 accuracy: 94.45%
Batch 100, Loss: 0.1192
Batch 200, Loss: 0.1182
Batch 300, Loss: 0.1282
Epoch 161 learning rate: 0.00909251412874884
Epoch 161 time: 235.746031999588 seconds
Epoch 161 accuracy: 94.7%
Batch 100, Loss: 0.1162
Batch 200, Loss: 0.1207
Batch 300, Loss: 0.1224
Epoch 162 learning rate: 0.008645971286271918
Epoch 162 time: 235.66980528831482 seconds
Epoch 162 accuracy: 94.41%
Batch 100, Loss: 0.1190
Batch 200, Loss: 0.1221
Batch 300, Loss: 0.1155
Epoch 163 learning rate: 0.008209631931586501
Epoch 163 time: 235.65429067611694 seconds
Epoch 163 accuracy: 94.72%
Batch 100, Loss: 0.1127
Batch 200, Loss: 0.1166
Batch 300, Loss: 0.1174
Epoch 164 learning rate: 0.0077836037248992605
Epoch 164 time: 235.79818654060364 seconds
Epoch 164 accuracy: 94.65%
Batch 100, Loss: 0.1113
Batch 200, Loss: 0.1109
Batch 300, Loss: 0.1163
Epoch 165 learning rate: 0.0073679917822954055
Epoch 165 time: 235.6376814842224 seconds
Epoch 165 accuracy: 94.56%
Batch 100, Loss: 0.1070
Batch 200, Loss: 0.1155
Batch 300, Loss: 0.1140
Epoch 166 learning rate: 0.006962898649802815
Epoch 166 time: 235.67684888839722 seconds
Epoch 166 accuracy: 95.08%
Batch 100, Loss: 0.1074
Batch 200, Loss: 0.1122
Batch 300, Loss: 0.1076
Epoch 167 learning rate: 0.006568424278090438
Epoch 167 time: 235.7877652645111 seconds
Epoch 167 accuracy: 94.91%
Batch 100, Loss: 0.1087
Batch 200, Loss: 0.1077
Batch 300, Loss: 0.1074
Epoch 168 learning rate: 0.006184665997806824
Epoch 168 time: 235.75723576545715 seconds
Epoch 168 accuracy: 95.01%
Batch 100, Loss: 0.1012
Batch 200, Loss: 0.0995
Batch 300, Loss: 0.1079
Epoch 169 learning rate: 0.00581171849556533
Epoch 169 time: 235.6315302848816 seconds
Epoch 169 accuracy: 94.93%
Batch 100, Loss: 0.1006
Batch 200, Loss: 0.1039
Batch 300, Loss: 0.1030
Epoch 170 learning rate: 0.0054496737905816136
Epoch 170 time: 235.66123223304749 seconds
Epoch 170 accuracy: 95.2%
Batch 100, Loss: 0.1010
Batch 200, Loss: 0.0973
Batch 300, Loss: 0.1027
Epoch 171 learning rate: 0.005098621211969226
Epoch 171 time: 235.6818242073059 seconds
Epoch 171 accuracy: 95.39%
Batch 100, Loss: 0.0950
Batch 200, Loss: 0.0982
Batch 300, Loss: 0.0984
Epoch 172 learning rate: 0.004758647376699035
Epoch 172 time: 235.66974067687988 seconds
Epoch 172 accuracy: 95.11%
Batch 100, Loss: 0.0931
Batch 200, Loss: 0.0973
Batch 300, Loss: 0.0935
Epoch 173 learning rate: 0.00442983616822775
Epoch 173 time: 235.82652711868286 seconds
Epoch 173 accuracy: 95.01%
Batch 100, Loss: 0.0931
Batch 200, Loss: 0.0932
Batch 300, Loss: 0.0921
Epoch 174 learning rate: 0.004112268715800957
Epoch 174 time: 235.6731493473053 seconds
Epoch 174 accuracy: 95.05%
Batch 100, Loss: 0.0952
Batch 200, Loss: 0.0918
Batch 300, Loss: 0.0892
Epoch 175 learning rate: 0.003806023374435677
Epoch 175 time: 235.67579746246338 seconds
Epoch 175 accuracy: 94.96%
Batch 100, Loss: 0.0860
Batch 200, Loss: 0.0891
Batch 300, Loss: 0.0898
Epoch 176 learning rate: 0.003511175705587435
Epoch 176 time: 235.82491397857666 seconds
Epoch 176 accuracy: 95.15%
Batch 100, Loss: 0.0882
Batch 200, Loss: 0.0876
Batch 300, Loss: 0.0874
Epoch 177 learning rate: 0.0032277984585066333
Epoch 177 time: 235.7349579334259 seconds
Epoch 177 accuracy: 95.12%
Batch 100, Loss: 0.0865
Batch 200, Loss: 0.0894
Batch 300, Loss: 0.0873
Epoch 178 learning rate: 0.002955961552288729
Epoch 178 time: 235.80298781394958 seconds
Epoch 178 accuracy: 95.11%
Batch 100, Loss: 0.0868
Batch 200, Loss: 0.0869
Batch 300, Loss: 0.0888
Epoch 179 learning rate: 0.0026957320586227366
Epoch 179 time: 235.7532377243042 seconds
Epoch 179 accuracy: 95.34%
Batch 100, Loss: 0.0842
Batch 200, Loss: 0.0825
Batch 300, Loss: 0.0862
Epoch 180 learning rate: 0.002447174185242325
Epoch 180 time: 235.646648645401 seconds
Epoch 180 accuracy: 95.62%
Batch 100, Loss: 0.0840
Batch 200, Loss: 0.0821
Batch 300, Loss: 0.0817
Epoch 181 learning rate: 0.0022103492600834954
Epoch 181 time: 235.6043677330017 seconds
Epoch 181 accuracy: 95.61%
Batch 100, Loss: 0.0839
Batch 200, Loss: 0.0796
Batch 300, Loss: 0.0830
Epoch 182 learning rate: 0.0019853157161528537
Epoch 182 time: 235.66286897659302 seconds
Epoch 182 accuracy: 95.81%
Batch 100, Loss: 0.0796
Batch 200, Loss: 0.0795
Batch 300, Loss: 0.0840
Epoch 183 learning rate: 0.001772129077110103
Epoch 183 time: 235.63883256912231 seconds
Epoch 183 accuracy: 95.52%
Batch 100, Loss: 0.0779
Batch 200, Loss: 0.0759
Batch 300, Loss: 0.0795
Epoch 184 learning rate: 0.0015708419435684529
Epoch 184 time: 235.7660427093506 seconds
Epoch 184 accuracy: 95.53%
Batch 100, Loss: 0.0804
Batch 200, Loss: 0.0790
Batch 300, Loss: 0.0797
Epoch 185 learning rate: 0.0013815039801161732
Epoch 185 time: 235.65848207473755 seconds
Epoch 185 accuracy: 95.61%
Batch 100, Loss: 0.0738
Batch 200, Loss: 0.0732
Batch 300, Loss: 0.0768
Epoch 186 learning rate: 0.0012041619030626347
Epoch 186 time: 235.74884295463562 seconds
Epoch 186 accuracy: 95.61%
Batch 100, Loss: 0.0800
Batch 200, Loss: 0.0769
Batch 300, Loss: 0.0757
Epoch 187 learning rate: 0.0010388594689117077
Epoch 187 time: 235.64815974235535 seconds
Epoch 187 accuracy: 95.68%
Batch 100, Loss: 0.0745
Batch 200, Loss: 0.0770
Batch 300, Loss: 0.0737
Epoch 188 learning rate: 0.0008856374635655645
Epoch 188 time: 235.79417395591736 seconds
Epoch 188 accuracy: 95.64%
Batch 100, Loss: 0.0713
Batch 200, Loss: 0.0750
Batch 300, Loss: 0.0752
Epoch 189 learning rate: 0.000744533692261307
Epoch 189 time: 235.6367576122284 seconds
Epoch 189 accuracy: 95.64%
Batch 100, Loss: 0.0756
Batch 200, Loss: 0.0717
Batch 300, Loss: 0.0744
Epoch 190 learning rate: 0.0006155829702431174
Epoch 190 time: 235.69694232940674 seconds
Epoch 190 accuracy: 95.7%
Batch 100, Loss: 0.0778
Batch 200, Loss: 0.0706
Batch 300, Loss: 0.0753
Epoch 191 learning rate: 0.0004988171141721235
Epoch 191 time: 235.70517587661743 seconds
Epoch 191 accuracy: 95.59%
Batch 100, Loss: 0.0707
Batch 200, Loss: 0.0727
Batch 300, Loss: 0.0713
Epoch 192 learning rate: 0.00039426493427611206
Epoch 192 time: 235.60381698608398 seconds
Epoch 192 accuracy: 95.77%
Batch 100, Loss: 0.0717
Batch 200, Loss: 0.0714
Batch 300, Loss: 0.0760
Epoch 193 learning rate: 0.00030195222724102046
Epoch 193 time: 235.81008958816528 seconds
Epoch 193 accuracy: 95.75%
Batch 100, Loss: 0.0722
Batch 200, Loss: 0.0724
Batch 300, Loss: 0.0718
Epoch 194 learning rate: 0.00022190176984600036
Epoch 194 time: 235.8010823726654 seconds
Epoch 194 accuracy: 95.67%
Batch 100, Loss: 0.0709
Batch 200, Loss: 0.0723
Batch 300, Loss: 0.0735
Epoch 195 learning rate: 0.00015413331334360192
Epoch 195 time: 235.66711330413818 seconds
Epoch 195 accuracy: 95.73%
Batch 100, Loss: 0.0684
Batch 200, Loss: 0.0720
Batch 300, Loss: 0.0689
Epoch 196 learning rate: 9.866357858642213e-05
Epoch 196 time: 235.7220857143402 seconds
Epoch 196 accuracy: 95.77%
Batch 100, Loss: 0.0704
Batch 200, Loss: 0.0722
Batch 300, Loss: 0.0702
Epoch 197 learning rate: 5.5506251901504864e-05
Epoch 197 time: 235.64253878593445 seconds
Epoch 197 accuracy: 95.71%
Batch 100, Loss: 0.0660
Batch 200, Loss: 0.0689
Batch 300, Loss: 0.0705
Epoch 198 learning rate: 2.4671981713420017e-05
Epoch 198 time: 235.74847769737244 seconds
Epoch 198 accuracy: 95.8%
Batch 100, Loss: 0.0732
Batch 200, Loss: 0.0679
Batch 300, Loss: 0.0687
Epoch 199 learning rate: 6.168375916970619e-06
Epoch 199 time: 235.7215645313263 seconds
Epoch 199 accuracy: 95.83%
Batch 100, Loss: 0.0709
Batch 200, Loss: 0.0712
Batch 300, Loss: 0.0735
Epoch 200 learning rate: 0.0
Epoch 200 time: 235.6720712184906 seconds
Epoch 200 accuracy: 95.73%
Total training time: 47149.47122049332 seconds
