The following modules were not unloaded:
  (Use "module --force purge" to unload all):

  1) CCconfig        6)  ucx/1.14.1         11) flexiblas/3.3.1
  2) gentoo/2023     7)  libfabric/1.18.0   12) imkl/2023.2.0
  3) gcccore/.12.3   8)  pmix/4.2.4         13) StdEnv/2023
  4) gcc/12.3        9)  ucc/1.2.0
  5) hwloc/2.9.1     10) openmpi/4.1.5
/project/6070520/tkleinkn/Vanilla-GAM/main_cifar.py:187: UserWarning: You have chosen a specific GPU. This will completely disable data parallelism.
  warnings.warn('You have chosen a specific GPU. This will completely '
model name space ['resnet101_c', 'resnet152_c', 'resnet18_c', 'resnet34_c', 'resnet50_c']
Use GPU: 0 for training
=> creating model 'resnet18_c'
Files already downloaded and verified
Files already downloaded and verified
tensorboard dir ./results/CIFAR10/GAMNonAccelerated
Using non-accelerated GAM
/home/tkleinkn/GAMtest/lib/python3.11/site-packages/torch/autograd/graph.py:744: UserWarning: Using backward() with create_graph=True will create a reference cycle between the parameter and its gradient which can cause a memory leak. We recommend using autograd.grad when creating the graph to avoid this. If you have to use this function, make sure to reset the .grad fields of your parameters to None after use to break the cycle and avoid the leak. (Triggered internally at /home/coulombc/wheels_builder/tmp.2617/python-3.11/torch/torch/csrc/autograd/engine.cpp:1203.)
  return Variable._execution_engine.run_backward(  # Calls into the C++ engine to run the backward pass
Batch 100, Loss: 1.8592
Batch 200, Loss: 1.4572
Batch 300, Loss: 1.3930
Epoch 1 learning rate: 0.09999383162408304
Epoch 1 time: 245.26572489738464 seconds
Epoch 1 accuracy: 39.54%
Batch 100, Loss: 1.2707
Batch 200, Loss: 1.2033
Batch 300, Loss: 1.1692
Epoch 2 learning rate: 0.09997532801828658
Epoch 2 time: 236.47272777557373 seconds
Epoch 2 accuracy: 50.78%
Batch 100, Loss: 1.0803
Batch 200, Loss: 1.0428
Batch 300, Loss: 1.0060
Epoch 3 learning rate: 0.09994449374809851
Epoch 3 time: 236.24422764778137 seconds
Epoch 3 accuracy: 55.71%
Batch 100, Loss: 0.9374
Batch 200, Loss: 0.9091
Batch 300, Loss: 0.8892
Epoch 4 learning rate: 0.09990133642141359
Epoch 4 time: 237.15279412269592 seconds
Epoch 4 accuracy: 64.3%
Batch 100, Loss: 0.8320
Batch 200, Loss: 0.8165
Batch 300, Loss: 0.8135
Epoch 5 learning rate: 0.09984586668665642
Epoch 5 time: 236.11033749580383 seconds
Epoch 5 accuracy: 67.07%
Batch 100, Loss: 0.7726
Batch 200, Loss: 0.7639
Batch 300, Loss: 0.7425
Epoch 6 learning rate: 0.09977809823015402
Epoch 6 time: 236.04569292068481 seconds
Epoch 6 accuracy: 71.76%
Batch 100, Loss: 0.6993
Batch 200, Loss: 0.7004
Batch 300, Loss: 0.6673
Epoch 7 learning rate: 0.09969804777275901
Epoch 7 time: 235.99434781074524 seconds
Epoch 7 accuracy: 66.83%
Batch 100, Loss: 0.6498
Batch 200, Loss: 0.6491
Batch 300, Loss: 0.6318
Epoch 8 learning rate: 0.09960573506572391
Epoch 8 time: 236.0541205406189 seconds
Epoch 8 accuracy: 71.28%
Batch 100, Loss: 0.6109
Batch 200, Loss: 0.6026
Batch 300, Loss: 0.6001
Epoch 9 learning rate: 0.09950118288582789
Epoch 9 time: 236.27633476257324 seconds
Epoch 9 accuracy: 66.16%
Batch 100, Loss: 0.5822
Batch 200, Loss: 0.5704
Batch 300, Loss: 0.5648
Epoch 10 learning rate: 0.09938441702975691
Epoch 10 time: 236.10952997207642 seconds
Epoch 10 accuracy: 75.93%
Batch 100, Loss: 0.5532
Batch 200, Loss: 0.5413
Batch 300, Loss: 0.5493
Epoch 11 learning rate: 0.09925546630773871
Epoch 11 time: 236.02643513679504 seconds
Epoch 11 accuracy: 75.43%
Batch 100, Loss: 0.5325
Batch 200, Loss: 0.5318
Batch 300, Loss: 0.5305
Epoch 12 learning rate: 0.09911436253643445
Epoch 12 time: 236.26186609268188 seconds
Epoch 12 accuracy: 78.23%
Batch 100, Loss: 0.5173
Batch 200, Loss: 0.5209
Batch 300, Loss: 0.5165
Epoch 13 learning rate: 0.0989611405310883
Epoch 13 time: 236.4714207649231 seconds
Epoch 13 accuracy: 76.8%
Batch 100, Loss: 0.5108
Batch 200, Loss: 0.5001
Batch 300, Loss: 0.4934
Epoch 14 learning rate: 0.09879583809693739
Epoch 14 time: 236.34651851654053 seconds
Epoch 14 accuracy: 75.99%
Batch 100, Loss: 0.4924
Batch 200, Loss: 0.5090
Batch 300, Loss: 0.4898
Epoch 15 learning rate: 0.09861849601988384
Epoch 15 time: 236.2922739982605 seconds
Epoch 15 accuracy: 80.38%
Batch 100, Loss: 0.4889
Batch 200, Loss: 0.4772
Batch 300, Loss: 0.4788
Epoch 16 learning rate: 0.09842915805643157
Epoch 16 time: 236.34458565711975 seconds
Epoch 16 accuracy: 75.02%
Batch 100, Loss: 0.4681
Batch 200, Loss: 0.4768
Batch 300, Loss: 0.4775
Epoch 17 learning rate: 0.09822787092288993
Epoch 17 time: 236.3620309829712 seconds
Epoch 17 accuracy: 81.36%
Batch 100, Loss: 0.4741
Batch 200, Loss: 0.4615
Batch 300, Loss: 0.4537
Epoch 18 learning rate: 0.09801468428384717
Epoch 18 time: 236.42050981521606 seconds
Epoch 18 accuracy: 81.78%
Batch 100, Loss: 0.4535
Batch 200, Loss: 0.4538
Batch 300, Loss: 0.4658
Epoch 19 learning rate: 0.09778965073991652
Epoch 19 time: 236.29865956306458 seconds
Epoch 19 accuracy: 76.97%
Batch 100, Loss: 0.4412
Batch 200, Loss: 0.4629
Batch 300, Loss: 0.4668
Epoch 20 learning rate: 0.0975528258147577
Epoch 20 time: 236.4080023765564 seconds
Epoch 20 accuracy: 82.72%
Batch 100, Loss: 0.4423
Batch 200, Loss: 0.4412
Batch 300, Loss: 0.4579
Epoch 21 learning rate: 0.09730426794137728
Epoch 21 time: 236.2823667526245 seconds
Epoch 21 accuracy: 81.92%
Batch 100, Loss: 0.4476
Batch 200, Loss: 0.4307
Batch 300, Loss: 0.4393
Epoch 22 learning rate: 0.09704403844771128
Epoch 22 time: 236.26952862739563 seconds
Epoch 22 accuracy: 82.29%
Batch 100, Loss: 0.4326
Batch 200, Loss: 0.4162
Batch 300, Loss: 0.4264
Epoch 23 learning rate: 0.09677220154149338
Epoch 23 time: 236.57255125045776 seconds
Epoch 23 accuracy: 81.34%
Batch 100, Loss: 0.4162
Batch 200, Loss: 0.4222
Batch 300, Loss: 0.4255
Epoch 24 learning rate: 0.09648882429441258
Epoch 24 time: 236.49356985092163 seconds
Epoch 24 accuracy: 84.06%
Batch 100, Loss: 0.4176
Batch 200, Loss: 0.4223
Batch 300, Loss: 0.4210
Epoch 25 learning rate: 0.09619397662556435
Epoch 25 time: 236.17506003379822 seconds
Epoch 25 accuracy: 84.02%
Batch 100, Loss: 0.3928
Batch 200, Loss: 0.4138
Batch 300, Loss: 0.4218
Epoch 26 learning rate: 0.09588773128419906
Epoch 26 time: 236.26432061195374 seconds
Epoch 26 accuracy: 80.38%
Batch 100, Loss: 0.4146
Batch 200, Loss: 0.4115
Batch 300, Loss: 0.4171
Epoch 27 learning rate: 0.09557016383177226
Epoch 27 time: 236.1349880695343 seconds
Epoch 27 accuracy: 83.68%
Batch 100, Loss: 0.4084
Batch 200, Loss: 0.4129
Batch 300, Loss: 0.3983
Epoch 28 learning rate: 0.09524135262330098
Epoch 28 time: 236.22451043128967 seconds
Epoch 28 accuracy: 82.75%
Batch 100, Loss: 0.3960
Batch 200, Loss: 0.4052
Batch 300, Loss: 0.3956
Epoch 29 learning rate: 0.09490137878803079
Epoch 29 time: 236.27762293815613 seconds
Epoch 29 accuracy: 83.22%
Batch 100, Loss: 0.4119
Batch 200, Loss: 0.3966
Batch 300, Loss: 0.3965
Epoch 30 learning rate: 0.0945503262094184
Epoch 30 time: 236.40485668182373 seconds
Epoch 30 accuracy: 85.65%
Batch 100, Loss: 0.3873
Batch 200, Loss: 0.3955
Batch 300, Loss: 0.3954
Epoch 31 learning rate: 0.0941882815044347
Epoch 31 time: 236.413911819458 seconds
Epoch 31 accuracy: 85.08%
Batch 100, Loss: 0.3948
Batch 200, Loss: 0.3922
Batch 300, Loss: 0.3966
Epoch 32 learning rate: 0.09381533400219319
Epoch 32 time: 236.27458381652832 seconds
Epoch 32 accuracy: 83.3%
Batch 100, Loss: 0.3886
Batch 200, Loss: 0.4028
Batch 300, Loss: 0.3944
Epoch 33 learning rate: 0.09343157572190958
Epoch 33 time: 236.54498958587646 seconds
Epoch 33 accuracy: 86.28%
Batch 100, Loss: 0.3824
Batch 200, Loss: 0.4082
Batch 300, Loss: 0.3834
Epoch 34 learning rate: 0.0930371013501972
Epoch 34 time: 236.45644736289978 seconds
Epoch 34 accuracy: 84.29%
Batch 100, Loss: 0.3917
Batch 200, Loss: 0.3785
Batch 300, Loss: 0.3884
Epoch 35 learning rate: 0.09263200821770463
Epoch 35 time: 236.2471787929535 seconds
Epoch 35 accuracy: 84.55%
Batch 100, Loss: 0.3859
Batch 200, Loss: 0.3868
Batch 300, Loss: 0.3799
Epoch 36 learning rate: 0.09221639627510078
Epoch 36 time: 236.2630729675293 seconds
Epoch 36 accuracy: 85.72%
Batch 100, Loss: 0.3759
Batch 200, Loss: 0.3883
Batch 300, Loss: 0.3918
Epoch 37 learning rate: 0.09179036806841355
Epoch 37 time: 236.34280467033386 seconds
Epoch 37 accuracy: 83.47%
Batch 100, Loss: 0.3756
Batch 200, Loss: 0.3736
Batch 300, Loss: 0.3849
Epoch 38 learning rate: 0.09135402871372812
Epoch 38 time: 236.41055059432983 seconds
Epoch 38 accuracy: 85.53%
Batch 100, Loss: 0.3669
Batch 200, Loss: 0.3769
Batch 300, Loss: 0.3786
Epoch 39 learning rate: 0.0909074858712512
Epoch 39 time: 236.06317138671875 seconds
Epoch 39 accuracy: 83.27%
Batch 100, Loss: 0.3657
Batch 200, Loss: 0.3772
Batch 300, Loss: 0.3803
Epoch 40 learning rate: 0.09045084971874741
Epoch 40 time: 236.27204418182373 seconds
Epoch 40 accuracy: 86.16%
Batch 100, Loss: 0.3709
Batch 200, Loss: 0.3699
Batch 300, Loss: 0.3768
Epoch 41 learning rate: 0.08998423292435458
Epoch 41 time: 236.1386079788208 seconds
Epoch 41 accuracy: 85.31%
Batch 100, Loss: 0.3711
Batch 200, Loss: 0.3710
Batch 300, Loss: 0.3766
Epoch 42 learning rate: 0.08950775061878455
Epoch 42 time: 236.27751183509827 seconds
Epoch 42 accuracy: 85.43%
Batch 100, Loss: 0.3637
Batch 200, Loss: 0.3751
Batch 300, Loss: 0.3669
Epoch 43 learning rate: 0.08902152036691653
Epoch 43 time: 236.55818271636963 seconds
Epoch 43 accuracy: 85.11%
Batch 100, Loss: 0.3563
Batch 200, Loss: 0.3625
Batch 300, Loss: 0.3624
Epoch 44 learning rate: 0.08852566213878951
Epoch 44 time: 236.36469721794128 seconds
Epoch 44 accuracy: 87.83%
Batch 100, Loss: 0.3609
Batch 200, Loss: 0.3600
Batch 300, Loss: 0.3621
Epoch 45 learning rate: 0.0880202982800016
Epoch 45 time: 236.17661547660828 seconds
Epoch 45 accuracy: 84.47%
Batch 100, Loss: 0.3610
Batch 200, Loss: 0.3447
Batch 300, Loss: 0.3657
Epoch 46 learning rate: 0.08750555348152303
Epoch 46 time: 236.2164249420166 seconds
Epoch 46 accuracy: 82.94%
Batch 100, Loss: 0.3586
Batch 200, Loss: 0.3573
Batch 300, Loss: 0.3505
Epoch 47 learning rate: 0.08698155474893052
Epoch 47 time: 236.33985471725464 seconds
Epoch 47 accuracy: 85.16%
Batch 100, Loss: 0.3597
Batch 200, Loss: 0.3613
Batch 300, Loss: 0.3592
Epoch 48 learning rate: 0.08644843137107061
Epoch 48 time: 236.31423664093018 seconds
Epoch 48 accuracy: 85.41%
Batch 100, Loss: 0.3592
Batch 200, Loss: 0.3722
Batch 300, Loss: 0.3570
Epoch 49 learning rate: 0.08590631488815947
Epoch 49 time: 236.36576652526855 seconds
Epoch 49 accuracy: 85.08%
Batch 100, Loss: 0.3413
Batch 200, Loss: 0.3495
Batch 300, Loss: 0.3660
Epoch 50 learning rate: 0.0853553390593274
Epoch 50 time: 236.6330325603485 seconds
Epoch 50 accuracy: 87.58%
Batch 100, Loss: 0.3568
Batch 200, Loss: 0.3531
Batch 300, Loss: 0.3520
Epoch 51 learning rate: 0.08479563982961574
Epoch 51 time: 236.41357803344727 seconds
Epoch 51 accuracy: 80.82%
Batch 100, Loss: 0.3515
Batch 200, Loss: 0.3396
Batch 300, Loss: 0.3504
Epoch 52 learning rate: 0.08422735529643446
Epoch 52 time: 236.38005232810974 seconds
Epoch 52 accuracy: 87.98%
Batch 100, Loss: 0.3517
Batch 200, Loss: 0.3520
Batch 300, Loss: 0.3526
Epoch 53 learning rate: 0.08365062567548869
Epoch 53 time: 236.3795235157013 seconds
Epoch 53 accuracy: 86.75%
Batch 100, Loss: 0.3434
Batch 200, Loss: 0.3552
Batch 300, Loss: 0.3422
Epoch 54 learning rate: 0.08306559326618261
Epoch 54 time: 236.22478556632996 seconds
Epoch 54 accuracy: 85.37%
Batch 100, Loss: 0.3539
Batch 200, Loss: 0.3470
Batch 300, Loss: 0.3398
Epoch 55 learning rate: 0.0824724024165092
Epoch 55 time: 236.4135925769806 seconds
Epoch 55 accuracy: 86.95%
Batch 100, Loss: 0.3352
Batch 200, Loss: 0.3443
Batch 300, Loss: 0.3475
Epoch 56 learning rate: 0.0818711994874345
Epoch 56 time: 236.49603581428528 seconds
Epoch 56 accuracy: 85.94%
Batch 100, Loss: 0.3352
Batch 200, Loss: 0.3370
Batch 300, Loss: 0.3491
Epoch 57 learning rate: 0.08126213281678528
Epoch 57 time: 236.15199041366577 seconds
Epoch 57 accuracy: 85.39%
Batch 100, Loss: 0.3358
Batch 200, Loss: 0.3554
Batch 300, Loss: 0.3423
Epoch 58 learning rate: 0.08064535268264884
Epoch 58 time: 236.17665553092957 seconds
Epoch 58 accuracy: 87.3%
Batch 100, Loss: 0.3324
Batch 200, Loss: 0.3358
Batch 300, Loss: 0.3293
Epoch 59 learning rate: 0.08002101126629421
Epoch 59 time: 236.32372045516968 seconds
Epoch 59 accuracy: 87.61%
Batch 100, Loss: 0.3299
Batch 200, Loss: 0.3549
Batch 300, Loss: 0.3355
Epoch 60 learning rate: 0.07938926261462367
Epoch 60 time: 236.34370136260986 seconds
Epoch 60 accuracy: 85.19%
Batch 100, Loss: 0.3313
Batch 200, Loss: 0.3305
Batch 300, Loss: 0.3363
Epoch 61 learning rate: 0.07875026260216395
Epoch 61 time: 235.95534944534302 seconds
Epoch 61 accuracy: 87.01%
Batch 100, Loss: 0.3222
Batch 200, Loss: 0.3288
Batch 300, Loss: 0.3302
Epoch 62 learning rate: 0.07810416889260656
Epoch 62 time: 236.2534954547882 seconds
Epoch 62 accuracy: 86.67%
Batch 100, Loss: 0.3324
Batch 200, Loss: 0.3207
Batch 300, Loss: 0.3456
Epoch 63 learning rate: 0.07745114089990661
Epoch 63 time: 236.5864565372467 seconds
Epoch 63 accuracy: 86.34%
Batch 100, Loss: 0.3239
Batch 200, Loss: 0.3287
Batch 300, Loss: 0.3361
Epoch 64 learning rate: 0.07679133974894985
Epoch 64 time: 236.3078637123108 seconds
Epoch 64 accuracy: 86.97%
Batch 100, Loss: 0.3152
Batch 200, Loss: 0.3229
Batch 300, Loss: 0.3345
Epoch 65 learning rate: 0.07612492823579746
Epoch 65 time: 236.40890955924988 seconds
Epoch 65 accuracy: 86.45%
Batch 100, Loss: 0.3237
Batch 200, Loss: 0.3183
Batch 300, Loss: 0.3377
Epoch 66 learning rate: 0.07545207078751859
Epoch 66 time: 236.538409948349 seconds
Epoch 66 accuracy: 84.11%
Batch 100, Loss: 0.3203
Batch 200, Loss: 0.3380
Batch 300, Loss: 0.3204
Epoch 67 learning rate: 0.0747729334216204
Epoch 67 time: 236.31475520133972 seconds
Epoch 67 accuracy: 88.75%
Batch 100, Loss: 0.3271
Batch 200, Loss: 0.3341
Batch 300, Loss: 0.3250
Epoch 68 learning rate: 0.07408768370508578
Epoch 68 time: 236.3400194644928 seconds
Epoch 68 accuracy: 82.7%
Batch 100, Loss: 0.3276
Batch 200, Loss: 0.3225
Batch 300, Loss: 0.3219
Epoch 69 learning rate: 0.0733964907130287
Epoch 69 time: 236.42367815971375 seconds
Epoch 69 accuracy: 85.95%
Batch 100, Loss: 0.3198
Batch 200, Loss: 0.3218
Batch 300, Loss: 0.3229
Epoch 70 learning rate: 0.07269952498697736
Epoch 70 time: 236.45349431037903 seconds
Epoch 70 accuracy: 87.84%
Batch 100, Loss: 0.3209
Batch 200, Loss: 0.3175
Batch 300, Loss: 0.3253
Epoch 71 learning rate: 0.07199695849279578
Epoch 71 time: 236.49124598503113 seconds
Epoch 71 accuracy: 88.54%
Batch 100, Loss: 0.3185
Batch 200, Loss: 0.3213
Batch 300, Loss: 0.3176
Epoch 72 learning rate: 0.07128896457825366
Epoch 72 time: 236.21528029441833 seconds
Epoch 72 accuracy: 87.73%
Batch 100, Loss: 0.3110
Batch 200, Loss: 0.3065
Batch 300, Loss: 0.3103
Epoch 73 learning rate: 0.07057571793025548
Epoch 73 time: 236.15770745277405 seconds
Epoch 73 accuracy: 88.4%
Batch 100, Loss: 0.3048
Batch 200, Loss: 0.3036
Batch 300, Loss: 0.3183
Epoch 74 learning rate: 0.06985739453173906
Epoch 74 time: 236.29066634178162 seconds
Epoch 74 accuracy: 87.33%
Batch 100, Loss: 0.3081
Batch 200, Loss: 0.3136
Batch 300, Loss: 0.3155
Epoch 75 learning rate: 0.06913417161825453
Epoch 75 time: 236.44883227348328 seconds
Epoch 75 accuracy: 88.36%
Batch 100, Loss: 0.3056
Batch 200, Loss: 0.3059
Batch 300, Loss: 0.3117
Epoch 76 learning rate: 0.06840622763423394
Epoch 76 time: 236.25684428215027 seconds
Epoch 76 accuracy: 87.85%
Batch 100, Loss: 0.3059
Batch 200, Loss: 0.3025
Batch 300, Loss: 0.3079
Epoch 77 learning rate: 0.0676737421889629
Epoch 77 time: 236.31593823432922 seconds
Epoch 77 accuracy: 85.82%
Batch 100, Loss: 0.2962
Batch 200, Loss: 0.3079
Batch 300, Loss: 0.3142
Epoch 78 learning rate: 0.06693689601226462
Epoch 78 time: 236.27589535713196 seconds
Epoch 78 accuracy: 88.69%
Batch 100, Loss: 0.3034
Batch 200, Loss: 0.3187
Batch 300, Loss: 0.2927
Epoch 79 learning rate: 0.06619587090990751
Epoch 79 time: 236.16631150245667 seconds
Epoch 79 accuracy: 88.14%
Batch 100, Loss: 0.2893
Batch 200, Loss: 0.2879
Batch 300, Loss: 0.3093
Epoch 80 learning rate: 0.06545084971874741
Epoch 80 time: 236.16329526901245 seconds
Epoch 80 accuracy: 88.92%
Batch 100, Loss: 0.2906
Batch 200, Loss: 0.2967
Batch 300, Loss: 0.3088
Epoch 81 learning rate: 0.06470201626161524
Epoch 81 time: 236.43833112716675 seconds
Epoch 81 accuracy: 86.06%
Batch 100, Loss: 0.2952
Batch 200, Loss: 0.2993
Batch 300, Loss: 0.3021
Epoch 82 learning rate: 0.06394955530196152
Epoch 82 time: 236.4093301296234 seconds
Epoch 82 accuracy: 86.84%
Batch 100, Loss: 0.2885
Batch 200, Loss: 0.3082
Batch 300, Loss: 0.2968
Epoch 83 learning rate: 0.06319365249826868
Epoch 83 time: 236.21236157417297 seconds
Epoch 83 accuracy: 86.47%
Batch 100, Loss: 0.2925
Batch 200, Loss: 0.2953
Batch 300, Loss: 0.2909
Epoch 84 learning rate: 0.06243449435824277
Epoch 84 time: 236.1146261692047 seconds
Epoch 84 accuracy: 87.57%
Batch 100, Loss: 0.2896
Batch 200, Loss: 0.2980
Batch 300, Loss: 0.2912
Epoch 85 learning rate: 0.06167226819279532
Epoch 85 time: 236.2495415210724 seconds
Epoch 85 accuracy: 87.34%
Batch 100, Loss: 0.2941
Batch 200, Loss: 0.2882
Batch 300, Loss: 0.3033
Epoch 86 learning rate: 0.06090716206982718
Epoch 86 time: 236.26308155059814 seconds
Epoch 86 accuracy: 88.74%
Batch 100, Loss: 0.2900
Batch 200, Loss: 0.2863
Batch 300, Loss: 0.2977
Epoch 87 learning rate: 0.06013936476782568
Epoch 87 time: 236.1838731765747 seconds
Epoch 87 accuracy: 87.47%
Batch 100, Loss: 0.2839
Batch 200, Loss: 0.2814
Batch 300, Loss: 0.2930
Epoch 88 learning rate: 0.05936906572928629
Epoch 88 time: 236.26836729049683 seconds
Epoch 88 accuracy: 87.64%
Batch 100, Loss: 0.2818
Batch 200, Loss: 0.2852
Batch 300, Loss: 0.2826
Epoch 89 learning rate: 0.05859645501397052
Epoch 89 time: 236.4582483768463 seconds
Epoch 89 accuracy: 88.06%
Batch 100, Loss: 0.2856
Batch 200, Loss: 0.2817
Batch 300, Loss: 0.2841
Epoch 90 learning rate: 0.05782172325201159
Epoch 90 time: 236.3203809261322 seconds
Epoch 90 accuracy: 88.7%
Batch 100, Loss: 0.2807
Batch 200, Loss: 0.2781
Batch 300, Loss: 0.2826
Epoch 91 learning rate: 0.057045061596879186
Epoch 91 time: 236.28995203971863 seconds
Epoch 91 accuracy: 86.34%
Batch 100, Loss: 0.2781
Batch 200, Loss: 0.2848
Batch 300, Loss: 0.2849
Epoch 92 learning rate: 0.056266661678215264
Epoch 92 time: 236.36087369918823 seconds
Epoch 92 accuracy: 89.17%
Batch 100, Loss: 0.2806
Batch 200, Loss: 0.2865
Batch 300, Loss: 0.2842
Epoch 93 learning rate: 0.055486715554552306
Epoch 93 time: 236.4339587688446 seconds
Epoch 93 accuracy: 87.68%
Batch 100, Loss: 0.2736
Batch 200, Loss: 0.2777
Batch 300, Loss: 0.2812
Epoch 94 learning rate: 0.05470541566592575
Epoch 94 time: 236.4246163368225 seconds
Epoch 94 accuracy: 87.6%
Batch 100, Loss: 0.2731
Batch 200, Loss: 0.2676
Batch 300, Loss: 0.2831
Epoch 95 learning rate: 0.05392295478639229
Epoch 95 time: 236.29543447494507 seconds
Epoch 95 accuracy: 88.11%
Batch 100, Loss: 0.2717
Batch 200, Loss: 0.2702
Batch 300, Loss: 0.2796
Epoch 96 learning rate: 0.05313952597646571
Epoch 96 time: 236.4800727367401 seconds
Epoch 96 accuracy: 87.07%
Batch 100, Loss: 0.2693
Batch 200, Loss: 0.2685
Batch 300, Loss: 0.2692
Epoch 97 learning rate: 0.05235532253548216
Epoch 97 time: 236.3686695098877 seconds
Epoch 97 accuracy: 90.32%
Batch 100, Loss: 0.2638
Batch 200, Loss: 0.2639
Batch 300, Loss: 0.2764
Epoch 98 learning rate: 0.051570537953906447
Epoch 98 time: 236.12856531143188 seconds
Epoch 98 accuracy: 89.39%
Batch 100, Loss: 0.2574
Batch 200, Loss: 0.2771
Batch 300, Loss: 0.2639
Epoch 99 learning rate: 0.05078536586559106
Epoch 99 time: 236.0857539176941 seconds
Epoch 99 accuracy: 89.61%
Batch 100, Loss: 0.2558
Batch 200, Loss: 0.2703
Batch 300, Loss: 0.2647
Epoch 100 learning rate: 0.050000000000000024
Epoch 100 time: 236.11109399795532 seconds
Epoch 100 accuracy: 89.12%
Batch 100, Loss: 0.2623
Batch 200, Loss: 0.2574
Batch 300, Loss: 0.2621
Epoch 101 learning rate: 0.049214634134409
Epoch 101 time: 236.3476758003235 seconds
Epoch 101 accuracy: 90.09%
Batch 100, Loss: 0.2580
Batch 200, Loss: 0.2595
Batch 300, Loss: 0.2674
Epoch 102 learning rate: 0.04842946204609361
Epoch 102 time: 236.31759309768677 seconds
Epoch 102 accuracy: 89.89%
Batch 100, Loss: 0.2477
Batch 200, Loss: 0.2577
Batch 300, Loss: 0.2700
Epoch 103 learning rate: 0.04764467746451789
Epoch 103 time: 236.37622261047363 seconds
Epoch 103 accuracy: 91.1%
Batch 100, Loss: 0.2499
Batch 200, Loss: 0.2536
Batch 300, Loss: 0.2528
Epoch 104 learning rate: 0.046860474023534354
Epoch 104 time: 236.27511286735535 seconds
Epoch 104 accuracy: 90.39%
Batch 100, Loss: 0.2555
Batch 200, Loss: 0.2551
Batch 300, Loss: 0.2514
Epoch 105 learning rate: 0.04607704521360778
Epoch 105 time: 236.39625239372253 seconds
Epoch 105 accuracy: 90.51%
Batch 100, Loss: 0.2499
Batch 200, Loss: 0.2529
Batch 300, Loss: 0.2575
Epoch 106 learning rate: 0.04529458433407431
Epoch 106 time: 236.1853699684143 seconds
Epoch 106 accuracy: 87.28%
Batch 100, Loss: 0.2483
Batch 200, Loss: 0.2548
Batch 300, Loss: 0.2525
Epoch 107 learning rate: 0.04451328444544776
Epoch 107 time: 236.3522171974182 seconds
Epoch 107 accuracy: 91.35%
Batch 100, Loss: 0.2408
Batch 200, Loss: 0.2538
Batch 300, Loss: 0.2507
Epoch 108 learning rate: 0.04373333832178482
Epoch 108 time: 236.36905002593994 seconds
Epoch 108 accuracy: 89.66%
Batch 100, Loss: 0.2397
Batch 200, Loss: 0.2462
Batch 300, Loss: 0.2475
Epoch 109 learning rate: 0.0429549384031209
Epoch 109 time: 236.42085027694702 seconds
Epoch 109 accuracy: 89.78%
Batch 100, Loss: 0.2331
Batch 200, Loss: 0.2499
Batch 300, Loss: 0.2491
Epoch 110 learning rate: 0.042178276747988484
Epoch 110 time: 236.37607097625732 seconds
Epoch 110 accuracy: 90.27%
Batch 100, Loss: 0.2413
Batch 200, Loss: 0.2442
Batch 300, Loss: 0.2498
Epoch 111 learning rate: 0.04140354498602954
Epoch 111 time: 236.26424431800842 seconds
Epoch 111 accuracy: 89.23%
Batch 100, Loss: 0.2346
Batch 200, Loss: 0.2457
Batch 300, Loss: 0.2392
Epoch 112 learning rate: 0.0406309342707138
Epoch 112 time: 236.3235502243042 seconds
Epoch 112 accuracy: 91.72%
Batch 100, Loss: 0.2345
Batch 200, Loss: 0.2387
Batch 300, Loss: 0.2383
Epoch 113 learning rate: 0.03986063523217441
Epoch 113 time: 236.3631055355072 seconds
Epoch 113 accuracy: 89.2%
Batch 100, Loss: 0.2315
Batch 200, Loss: 0.2321
Batch 300, Loss: 0.2377
Epoch 114 learning rate: 0.039092837930172916
Epoch 114 time: 236.32788610458374 seconds
Epoch 114 accuracy: 90.99%
Batch 100, Loss: 0.2304
Batch 200, Loss: 0.2380
Batch 300, Loss: 0.2358
Epoch 115 learning rate: 0.03832773180720475
Epoch 115 time: 236.32578539848328 seconds
Epoch 115 accuracy: 91.59%
Batch 100, Loss: 0.2226
Batch 200, Loss: 0.2269
Batch 300, Loss: 0.2333
Epoch 116 learning rate: 0.037565505641757285
Epoch 116 time: 236.2162265777588 seconds
Epoch 116 accuracy: 90.61%
Batch 100, Loss: 0.2341
Batch 200, Loss: 0.2326
Batch 300, Loss: 0.2310
Epoch 117 learning rate: 0.03680634750173138
Epoch 117 time: 236.33900332450867 seconds
Epoch 117 accuracy: 91.24%
Batch 100, Loss: 0.2283
Batch 200, Loss: 0.2307
Batch 300, Loss: 0.2264
Epoch 118 learning rate: 0.036050444698038565
Epoch 118 time: 236.22694444656372 seconds
Epoch 118 accuracy: 91.32%
Batch 100, Loss: 0.2184
Batch 200, Loss: 0.2404
Batch 300, Loss: 0.2217
Epoch 119 learning rate: 0.03529798373838483
Epoch 119 time: 236.43465757369995 seconds
Epoch 119 accuracy: 91.34%
Batch 100, Loss: 0.2189
Batch 200, Loss: 0.2312
Batch 300, Loss: 0.2244
Epoch 120 learning rate: 0.03454915028125267
Epoch 120 time: 236.21421647071838 seconds
Epoch 120 accuracy: 89.78%
Batch 100, Loss: 0.2174
Batch 200, Loss: 0.2184
Batch 300, Loss: 0.2291
Epoch 121 learning rate: 0.03380412909009255
Epoch 121 time: 236.04154324531555 seconds
Epoch 121 accuracy: 91.44%
Batch 100, Loss: 0.2164
Batch 200, Loss: 0.2154
Batch 300, Loss: 0.2152
Epoch 122 learning rate: 0.03306310398773545
Epoch 122 time: 236.30024242401123 seconds
Epoch 122 accuracy: 91.49%
Batch 100, Loss: 0.2102
Batch 200, Loss: 0.2194
Batch 300, Loss: 0.2169
Epoch 123 learning rate: 0.03232625781103717
Epoch 123 time: 236.3837263584137 seconds
Epoch 123 accuracy: 91.87%
Batch 100, Loss: 0.2072
Batch 200, Loss: 0.2113
Batch 300, Loss: 0.2244
Epoch 124 learning rate: 0.03159377236576613
Epoch 124 time: 236.18170142173767 seconds
Epoch 124 accuracy: 91.65%
Batch 100, Loss: 0.2038
Batch 200, Loss: 0.2133
Batch 300, Loss: 0.2134
Epoch 125 learning rate: 0.030865828381745543
Epoch 125 time: 236.05700039863586 seconds
Epoch 125 accuracy: 92.47%
Batch 100, Loss: 0.2036
Batch 200, Loss: 0.2095
Batch 300, Loss: 0.2140
Epoch 126 learning rate: 0.03014260546826098
Epoch 126 time: 236.18528151512146 seconds
Epoch 126 accuracy: 90.96%
Batch 100, Loss: 0.1998
Batch 200, Loss: 0.1995
Batch 300, Loss: 0.2090
Epoch 127 learning rate: 0.02942428206974458
Epoch 127 time: 236.40508460998535 seconds
Epoch 127 accuracy: 90.92%
Batch 100, Loss: 0.2045
Batch 200, Loss: 0.1989
Batch 300, Loss: 0.2078
Epoch 128 learning rate: 0.028711035421746387
Epoch 128 time: 236.40667533874512 seconds
Epoch 128 accuracy: 92.03%
Batch 100, Loss: 0.2042
Batch 200, Loss: 0.1994
Batch 300, Loss: 0.2066
Epoch 129 learning rate: 0.02800304150720426
Epoch 129 time: 236.3052785396576 seconds
Epoch 129 accuracy: 91.73%
Batch 100, Loss: 0.2050
Batch 200, Loss: 0.1979
Batch 300, Loss: 0.2084
Epoch 130 learning rate: 0.02730047501302268
Epoch 130 time: 236.4510533809662 seconds
Epoch 130 accuracy: 92.5%
Batch 100, Loss: 0.1905
Batch 200, Loss: 0.1941
Batch 300, Loss: 0.1980
Epoch 131 learning rate: 0.026603509286971357
Epoch 131 time: 236.3673391342163 seconds
Epoch 131 accuracy: 92.72%
Batch 100, Loss: 0.1901
Batch 200, Loss: 0.1921
Batch 300, Loss: 0.1992
Epoch 132 learning rate: 0.025912316294914244
Epoch 132 time: 236.30445408821106 seconds
Epoch 132 accuracy: 90.4%
Batch 100, Loss: 0.1893
Batch 200, Loss: 0.1966
Batch 300, Loss: 0.2004
Epoch 133 learning rate: 0.025227066578379632
Epoch 133 time: 236.22340655326843 seconds
Epoch 133 accuracy: 91.95%
Batch 100, Loss: 0.1825
Batch 200, Loss: 0.1876
Batch 300, Loss: 0.1864
Epoch 134 learning rate: 0.024547929212481445
Epoch 134 time: 235.9081118106842 seconds
Epoch 134 accuracy: 92.44%
Batch 100, Loss: 0.1888
Batch 200, Loss: 0.1900
Batch 300, Loss: 0.1880
Epoch 135 learning rate: 0.02387507176420257
Epoch 135 time: 236.21502423286438 seconds
Epoch 135 accuracy: 91.83%
Batch 100, Loss: 0.1863
Batch 200, Loss: 0.1928
Batch 300, Loss: 0.1856
Epoch 136 learning rate: 0.023208660251050166
Epoch 136 time: 236.45302033424377 seconds
Epoch 136 accuracy: 92.26%
Batch 100, Loss: 0.1789
Batch 200, Loss: 0.1845
Batch 300, Loss: 0.1812
Epoch 137 learning rate: 0.022548859100093414
Epoch 137 time: 236.3737964630127 seconds
Epoch 137 accuracy: 92.85%
Batch 100, Loss: 0.1720
Batch 200, Loss: 0.1765
Batch 300, Loss: 0.1863
Epoch 138 learning rate: 0.021895831107393474
Epoch 138 time: 236.45657587051392 seconds
Epoch 138 accuracy: 92.97%
Batch 100, Loss: 0.1761
Batch 200, Loss: 0.1794
Batch 300, Loss: 0.1789
Epoch 139 learning rate: 0.02124973739783608
Epoch 139 time: 236.4517867565155 seconds
Epoch 139 accuracy: 93.32%
Batch 100, Loss: 0.1735
Batch 200, Loss: 0.1814
Batch 300, Loss: 0.1729
Epoch 140 learning rate: 0.02061073738537636
Epoch 140 time: 236.2940855026245 seconds
Epoch 140 accuracy: 92.04%
Batch 100, Loss: 0.1724
Batch 200, Loss: 0.1744
Batch 300, Loss: 0.1771
Epoch 141 learning rate: 0.019978988733705814
Epoch 141 time: 236.49920058250427 seconds
Epoch 141 accuracy: 93.01%
Batch 100, Loss: 0.1656
Batch 200, Loss: 0.1718
Batch 300, Loss: 0.1688
Epoch 142 learning rate: 0.01935464731735118
Epoch 142 time: 236.39315032958984 seconds
Epoch 142 accuracy: 93.09%
Batch 100, Loss: 0.1620
Batch 200, Loss: 0.1714
Batch 300, Loss: 0.1641
Epoch 143 learning rate: 0.018737867183214747
Epoch 143 time: 236.28623795509338 seconds
Epoch 143 accuracy: 93.17%
Batch 100, Loss: 0.1641
Batch 200, Loss: 0.1634
Batch 300, Loss: 0.1684
Epoch 144 learning rate: 0.01812880051256552
Epoch 144 time: 236.27884912490845 seconds
Epoch 144 accuracy: 92.97%
Batch 100, Loss: 0.1586
Batch 200, Loss: 0.1598
Batch 300, Loss: 0.1665
Epoch 145 learning rate: 0.017527597583490827
Epoch 145 time: 236.14287900924683 seconds
Epoch 145 accuracy: 93.88%
Batch 100, Loss: 0.1561
Batch 200, Loss: 0.1594
Batch 300, Loss: 0.1605
Epoch 146 learning rate: 0.01693440673381742
Epoch 146 time: 236.36248445510864 seconds
Epoch 146 accuracy: 92.61%
Batch 100, Loss: 0.1557
Batch 200, Loss: 0.1565
Batch 300, Loss: 0.1579
Epoch 147 learning rate: 0.016349374324511334
Epoch 147 time: 236.39691710472107 seconds
Epoch 147 accuracy: 93.57%
Batch 100, Loss: 0.1514
Batch 200, Loss: 0.1514
Batch 300, Loss: 0.1562
Epoch 148 learning rate: 0.01577264470356557
Epoch 148 time: 236.435626745224 seconds
Epoch 148 accuracy: 93.74%
Batch 100, Loss: 0.1520
Batch 200, Loss: 0.1529
Batch 300, Loss: 0.1558
Epoch 149 learning rate: 0.01520436017038429
Epoch 149 time: 236.4068398475647 seconds
Epoch 149 accuracy: 93.33%
Batch 100, Loss: 0.1489
Batch 200, Loss: 0.1513
Batch 300, Loss: 0.1505
Epoch 150 learning rate: 0.014644660940672632
Epoch 150 time: 236.4833381175995 seconds
Epoch 150 accuracy: 94.11%
Batch 100, Loss: 0.1490
Batch 200, Loss: 0.1531
Batch 300, Loss: 0.1453
Epoch 151 learning rate: 0.01409368511184057
Epoch 151 time: 236.12849116325378 seconds
Epoch 151 accuracy: 93.7%
Batch 100, Loss: 0.1431
Batch 200, Loss: 0.1396
Batch 300, Loss: 0.1436
Epoch 152 learning rate: 0.013551568628929438
Epoch 152 time: 236.4107415676117 seconds
Epoch 152 accuracy: 93.93%
Batch 100, Loss: 0.1399
Batch 200, Loss: 0.1410
Batch 300, Loss: 0.1401
Epoch 153 learning rate: 0.013018445251069516
Epoch 153 time: 236.2876160144806 seconds
Epoch 153 accuracy: 93.88%
Batch 100, Loss: 0.1401
Batch 200, Loss: 0.1391
Batch 300, Loss: 0.1442
Epoch 154 learning rate: 0.012494446518477026
Epoch 154 time: 236.3805661201477 seconds
Epoch 154 accuracy: 94.38%
Batch 100, Loss: 0.1326
Batch 200, Loss: 0.1329
Batch 300, Loss: 0.1407
Epoch 155 learning rate: 0.011979701719998459
Epoch 155 time: 236.38014936447144 seconds
Epoch 155 accuracy: 94.38%
Batch 100, Loss: 0.1323
Batch 200, Loss: 0.1379
Batch 300, Loss: 0.1341
Epoch 156 learning rate: 0.011474337861210548
Epoch 156 time: 236.40470957756042 seconds
Epoch 156 accuracy: 94.37%
Batch 100, Loss: 0.1307
Batch 200, Loss: 0.1245
Batch 300, Loss: 0.1331
Epoch 157 learning rate: 0.010978479633083526
Epoch 157 time: 236.4577121734619 seconds
Epoch 157 accuracy: 94.64%
Batch 100, Loss: 0.1228
Batch 200, Loss: 0.1291
Batch 300, Loss: 0.1252
Epoch 158 learning rate: 0.010492249381215483
Epoch 158 time: 236.50293016433716 seconds
Epoch 158 accuracy: 93.79%
Batch 100, Loss: 0.1233
Batch 200, Loss: 0.1223
Batch 300, Loss: 0.1272
Epoch 159 learning rate: 0.010015767075645474
Epoch 159 time: 236.31178736686707 seconds
Epoch 159 accuracy: 94.68%
Batch 100, Loss: 0.1223
Batch 200, Loss: 0.1270
Batch 300, Loss: 0.1268
Epoch 160 learning rate: 0.009549150281252637
Epoch 160 time: 236.20290064811707 seconds
Epoch 160 accuracy: 94.72%
Batch 100, Loss: 0.1218
Batch 200, Loss: 0.1184
Batch 300, Loss: 0.1218
Epoch 161 learning rate: 0.00909251412874884
Epoch 161 time: 236.51568841934204 seconds
Epoch 161 accuracy: 94.47%
Batch 100, Loss: 0.1107
Batch 200, Loss: 0.1216
Batch 300, Loss: 0.1256
Epoch 162 learning rate: 0.008645971286271918
Epoch 162 time: 236.30786323547363 seconds
Epoch 162 accuracy: 94.88%
Batch 100, Loss: 0.1168
Batch 200, Loss: 0.1186
Batch 300, Loss: 0.1208
Epoch 163 learning rate: 0.008209631931586501
Epoch 163 time: 236.17299032211304 seconds
Epoch 163 accuracy: 94.73%
Batch 100, Loss: 0.1128
Batch 200, Loss: 0.1164
Batch 300, Loss: 0.1176
Epoch 164 learning rate: 0.0077836037248992605
Epoch 164 time: 236.18987894058228 seconds
Epoch 164 accuracy: 94.94%
Batch 100, Loss: 0.1103
Batch 200, Loss: 0.1128
Batch 300, Loss: 0.1147
Epoch 165 learning rate: 0.0073679917822954055
Epoch 165 time: 236.46790194511414 seconds
Epoch 165 accuracy: 94.71%
Batch 100, Loss: 0.1115
Batch 200, Loss: 0.1070
Batch 300, Loss: 0.1118
Epoch 166 learning rate: 0.006962898649802815
Epoch 166 time: 236.2174129486084 seconds
Epoch 166 accuracy: 94.88%
Batch 100, Loss: 0.1045
Batch 200, Loss: 0.1082
Batch 300, Loss: 0.1078
Epoch 167 learning rate: 0.006568424278090438
Epoch 167 time: 236.17143750190735 seconds
Epoch 167 accuracy: 95.22%
Batch 100, Loss: 0.1039
Batch 200, Loss: 0.1074
Batch 300, Loss: 0.1032
Epoch 168 learning rate: 0.006184665997806824
Epoch 168 time: 236.16657304763794 seconds
Epoch 168 accuracy: 95.26%
Batch 100, Loss: 0.0981
Batch 200, Loss: 0.1058
Batch 300, Loss: 0.1082
Epoch 169 learning rate: 0.00581171849556533
Epoch 169 time: 236.36262774467468 seconds
Epoch 169 accuracy: 95.06%
Batch 100, Loss: 0.0943
Batch 200, Loss: 0.1026
Batch 300, Loss: 0.1095
Epoch 170 learning rate: 0.0054496737905816136
Epoch 170 time: 236.29146027565002 seconds
Epoch 170 accuracy: 95.12%
Batch 100, Loss: 0.0969
Batch 200, Loss: 0.0983
Batch 300, Loss: 0.0980
Epoch 171 learning rate: 0.005098621211969226
Epoch 171 time: 236.38115644454956 seconds
Epoch 171 accuracy: 95.38%
Batch 100, Loss: 0.0995
Batch 200, Loss: 0.0965
Batch 300, Loss: 0.0998
Epoch 172 learning rate: 0.004758647376699035
Epoch 172 time: 236.39879155158997 seconds
Epoch 172 accuracy: 94.93%
Batch 100, Loss: 0.0917
Batch 200, Loss: 0.0920
Batch 300, Loss: 0.0974
Epoch 173 learning rate: 0.00442983616822775
Epoch 173 time: 236.29842519760132 seconds
Epoch 173 accuracy: 95.46%
Batch 100, Loss: 0.0912
Batch 200, Loss: 0.0944
Batch 300, Loss: 0.0952
Epoch 174 learning rate: 0.004112268715800957
Epoch 174 time: 236.36897921562195 seconds
Epoch 174 accuracy: 95.39%
Batch 100, Loss: 0.0920
Batch 200, Loss: 0.0930
Batch 300, Loss: 0.0927
Epoch 175 learning rate: 0.003806023374435677
Epoch 175 time: 236.3572859764099 seconds
Epoch 175 accuracy: 95.26%
Batch 100, Loss: 0.0926
Batch 200, Loss: 0.0889
Batch 300, Loss: 0.0921
Epoch 176 learning rate: 0.003511175705587435
Epoch 176 time: 236.42586064338684 seconds
Epoch 176 accuracy: 95.45%
Batch 100, Loss: 0.0869
Batch 200, Loss: 0.0860
Batch 300, Loss: 0.0869
Epoch 177 learning rate: 0.0032277984585066333
Epoch 177 time: 236.24869537353516 seconds
Epoch 177 accuracy: 95.46%
Batch 100, Loss: 0.0875
Batch 200, Loss: 0.0812
Batch 300, Loss: 0.0872
Epoch 178 learning rate: 0.002955961552288729
Epoch 178 time: 236.1294252872467 seconds
Epoch 178 accuracy: 95.69%
Batch 100, Loss: 0.0828
Batch 200, Loss: 0.0849
Batch 300, Loss: 0.0869
Epoch 179 learning rate: 0.0026957320586227366
Epoch 179 time: 236.10656929016113 seconds
Epoch 179 accuracy: 95.56%
Batch 100, Loss: 0.0837
Batch 200, Loss: 0.0813
Batch 300, Loss: 0.0856
Epoch 180 learning rate: 0.002447174185242325
Epoch 180 time: 236.45099711418152 seconds
Epoch 180 accuracy: 95.4%
Batch 100, Loss: 0.0796
Batch 200, Loss: 0.0800
Batch 300, Loss: 0.0865
Epoch 181 learning rate: 0.0022103492600834954
Epoch 181 time: 236.33159947395325 seconds
Epoch 181 accuracy: 95.75%
Batch 100, Loss: 0.0793
Batch 200, Loss: 0.0801
Batch 300, Loss: 0.0808
Epoch 182 learning rate: 0.0019853157161528537
Epoch 182 time: 236.34241771697998 seconds
Epoch 182 accuracy: 95.92%
Batch 100, Loss: 0.0810
Batch 200, Loss: 0.0782
Batch 300, Loss: 0.0783
Epoch 183 learning rate: 0.001772129077110103
Epoch 183 time: 236.18194937705994 seconds
Epoch 183 accuracy: 95.69%
Batch 100, Loss: 0.0803
Batch 200, Loss: 0.0813
Batch 300, Loss: 0.0794
Epoch 184 learning rate: 0.0015708419435684529
Epoch 184 time: 236.112708568573 seconds
Epoch 184 accuracy: 95.69%
Batch 100, Loss: 0.0759
Batch 200, Loss: 0.0737
Batch 300, Loss: 0.0795
Epoch 185 learning rate: 0.0013815039801161732
Epoch 185 time: 236.31822776794434 seconds
Epoch 185 accuracy: 95.91%
Batch 100, Loss: 0.0763
Batch 200, Loss: 0.0779
Batch 300, Loss: 0.0766
Epoch 186 learning rate: 0.0012041619030626347
Epoch 186 time: 236.218918800354 seconds
Epoch 186 accuracy: 95.87%
Batch 100, Loss: 0.0774
Batch 200, Loss: 0.0751
Batch 300, Loss: 0.0743
Epoch 187 learning rate: 0.0010388594689117077
Epoch 187 time: 236.39650654792786 seconds
Epoch 187 accuracy: 95.88%
Batch 100, Loss: 0.0766
Batch 200, Loss: 0.0753
Batch 300, Loss: 0.0740
Epoch 188 learning rate: 0.0008856374635655645
Epoch 188 time: 236.39839339256287 seconds
Epoch 188 accuracy: 95.93%
Batch 100, Loss: 0.0739
Batch 200, Loss: 0.0761
Batch 300, Loss: 0.0767
Epoch 189 learning rate: 0.000744533692261307
Epoch 189 time: 236.42872619628906 seconds
Epoch 189 accuracy: 95.97%
Batch 100, Loss: 0.0750
Batch 200, Loss: 0.0728
Batch 300, Loss: 0.0718
Epoch 190 learning rate: 0.0006155829702431174
Epoch 190 time: 236.40806365013123 seconds
Epoch 190 accuracy: 95.89%
Batch 100, Loss: 0.0748
Batch 200, Loss: 0.0736
Batch 300, Loss: 0.0777
Epoch 191 learning rate: 0.0004988171141721235
Epoch 191 time: 236.1935453414917 seconds
Epoch 191 accuracy: 95.9%
Batch 100, Loss: 0.0734
Batch 200, Loss: 0.0755
Batch 300, Loss: 0.0727
Epoch 192 learning rate: 0.00039426493427611206
Epoch 192 time: 236.4445562362671 seconds
Epoch 192 accuracy: 95.86%
Batch 100, Loss: 0.0713
Batch 200, Loss: 0.0693
Batch 300, Loss: 0.0726
Epoch 193 learning rate: 0.00030195222724102046
Epoch 193 time: 236.23899865150452 seconds
Epoch 193 accuracy: 96.03%
Batch 100, Loss: 0.0713
Batch 200, Loss: 0.0730
Batch 300, Loss: 0.0725
Epoch 194 learning rate: 0.00022190176984600036
Epoch 194 time: 236.38785409927368 seconds
Epoch 194 accuracy: 96.03%
Batch 100, Loss: 0.0703
Batch 200, Loss: 0.0682
Batch 300, Loss: 0.0718
Epoch 195 learning rate: 0.00015413331334360192
Epoch 195 time: 236.40195083618164 seconds
Epoch 195 accuracy: 95.98%
Batch 100, Loss: 0.0676
Batch 200, Loss: 0.0689
Batch 300, Loss: 0.0681
Epoch 196 learning rate: 9.866357858642213e-05
Epoch 196 time: 236.4171552658081 seconds
Epoch 196 accuracy: 96.06%
Batch 100, Loss: 0.0689
Batch 200, Loss: 0.0713
Batch 300, Loss: 0.0712
Epoch 197 learning rate: 5.5506251901504864e-05
Epoch 197 time: 236.3031406402588 seconds
Epoch 197 accuracy: 95.99%
Batch 100, Loss: 0.0712
Batch 200, Loss: 0.0675
Batch 300, Loss: 0.0692
Epoch 198 learning rate: 2.4671981713420017e-05
Epoch 198 time: 236.34625101089478 seconds
Epoch 198 accuracy: 96.09%
Batch 100, Loss: 0.0706
Batch 200, Loss: 0.0676
Batch 300, Loss: 0.0717
Epoch 199 learning rate: 6.168375916970619e-06
Epoch 199 time: 236.34899592399597 seconds
Epoch 199 accuracy: 96.01%
Batch 100, Loss: 0.0685
Batch 200, Loss: 0.0708
Batch 300, Loss: 0.0685
Epoch 200 learning rate: 0.0
Epoch 200 time: 236.44059896469116 seconds
Epoch 200 accuracy: 95.98%
Total training time: 47272.516324043274 seconds
