The following modules were not unloaded:
  (Use "module --force purge" to unload all):

  1) CCconfig        6)  ucx/1.14.1         11) flexiblas/3.3.1
  2) gentoo/2023     7)  libfabric/1.18.0   12) imkl/2023.2.0
  3) gcccore/.12.3   8)  pmix/4.2.4         13) StdEnv/2023
  4) gcc/12.3        9)  ucc/1.2.0
  5) hwloc/2.9.1     10) openmpi/4.1.5
/project/6070520/tkleinkn/Vanilla-GAM/main_cifar.py:187: UserWarning: You have chosen a specific GPU. This will completely disable data parallelism.
  warnings.warn('You have chosen a specific GPU. This will completely '
model name space ['resnet101_c', 'resnet152_c', 'resnet18_c', 'resnet34_c', 'resnet50_c']
Use GPU: 0 for training
=> creating model 'resnet18_c'
Files already downloaded and verified
Files already downloaded and verified
tensorboard dir ./results/CIFAR100/GAMNonAccelerated
Using non-accelerated GAM
/home/tkleinkn/GAMtest/lib/python3.11/site-packages/torch/autograd/graph.py:744: UserWarning: Using backward() with create_graph=True will create a reference cycle between the parameter and its gradient which can cause a memory leak. We recommend using autograd.grad when creating the graph to avoid this. If you have to use this function, make sure to reset the .grad fields of your parameters to None after use to break the cycle and avoid the leak. (Triggered internally at /home/coulombc/wheels_builder/tmp.2617/python-3.11/torch/torch/csrc/autograd/engine.cpp:1203.)
  return Variable._execution_engine.run_backward(  # Calls into the C++ engine to run the backward pass
Batch 100, Loss: 3.6921
Batch 200, Loss: 3.3198
Batch 300, Loss: 3.2184
Epoch 1 learning rate: 0.09999383162408304
Epoch 1 time: 245.18356084823608 seconds
Epoch 1 accuracy: 11.77%
Batch 100, Loss: 3.0364
Batch 200, Loss: 2.9399
Batch 300, Loss: 2.8506
Epoch 2 learning rate: 0.09997532801828658
Epoch 2 time: 238.01214718818665 seconds
Epoch 2 accuracy: 21.5%
Batch 100, Loss: 2.6829
Batch 200, Loss: 2.6095
Batch 300, Loss: 2.5009
Epoch 3 learning rate: 0.09994449374809851
Epoch 3 time: 236.31970739364624 seconds
Epoch 3 accuracy: 28.23%
Batch 100, Loss: 2.3381
Batch 200, Loss: 2.2633
Batch 300, Loss: 2.1887
Epoch 4 learning rate: 0.09990133642141359
Epoch 4 time: 236.14075994491577 seconds
Epoch 4 accuracy: 32.99%
Batch 100, Loss: 2.0282
Batch 200, Loss: 1.9697
Batch 300, Loss: 1.9267
Epoch 5 learning rate: 0.09984586668665642
Epoch 5 time: 236.00002264976501 seconds
Epoch 5 accuracy: 41.76%
Batch 100, Loss: 1.8101
Batch 200, Loss: 1.7430
Batch 300, Loss: 1.7161
Epoch 6 learning rate: 0.09977809823015402
Epoch 6 time: 236.02031540870667 seconds
Epoch 6 accuracy: 46.32%
Batch 100, Loss: 1.6057
Batch 200, Loss: 1.5882
Batch 300, Loss: 1.6060
Epoch 7 learning rate: 0.09969804777275901
Epoch 7 time: 236.13634848594666 seconds
Epoch 7 accuracy: 44.47%
Batch 100, Loss: 1.4973
Batch 200, Loss: 1.4844
Batch 300, Loss: 1.4751
Epoch 8 learning rate: 0.09960573506572391
Epoch 8 time: 236.17642188072205 seconds
Epoch 8 accuracy: 51.4%
Batch 100, Loss: 1.4092
Batch 200, Loss: 1.4111
Batch 300, Loss: 1.4112
Epoch 9 learning rate: 0.09950118288582789
Epoch 9 time: 236.27940320968628 seconds
Epoch 9 accuracy: 49.09%
Batch 100, Loss: 1.3471
Batch 200, Loss: 1.3708
Batch 300, Loss: 1.3635
Epoch 10 learning rate: 0.09938441702975691
Epoch 10 time: 236.28400349617004 seconds
Epoch 10 accuracy: 52.62%
Batch 100, Loss: 1.2596
Batch 200, Loss: 1.3089
Batch 300, Loss: 1.3056
Epoch 11 learning rate: 0.09925546630773871
Epoch 11 time: 236.12696647644043 seconds
Epoch 11 accuracy: 54.1%
Batch 100, Loss: 1.2375
Batch 200, Loss: 1.2628
Batch 300, Loss: 1.2661
Epoch 12 learning rate: 0.09911436253643445
Epoch 12 time: 236.17229771614075 seconds
Epoch 12 accuracy: 54.02%
Batch 100, Loss: 1.1691
Batch 200, Loss: 1.2240
Batch 300, Loss: 1.2412
Epoch 13 learning rate: 0.0989611405310883
Epoch 13 time: 236.05212712287903 seconds
Epoch 13 accuracy: 56.33%
Batch 100, Loss: 1.1458
Batch 200, Loss: 1.1876
Batch 300, Loss: 1.2157
Epoch 14 learning rate: 0.09879583809693739
Epoch 14 time: 235.99258685112 seconds
Epoch 14 accuracy: 54.54%
Batch 100, Loss: 1.1197
Batch 200, Loss: 1.1560
Batch 300, Loss: 1.1628
Epoch 15 learning rate: 0.09861849601988384
Epoch 15 time: 236.05227756500244 seconds
Epoch 15 accuracy: 57.52%
Batch 100, Loss: 1.0902
Batch 200, Loss: 1.1209
Batch 300, Loss: 1.1427
Epoch 16 learning rate: 0.09842915805643157
Epoch 16 time: 236.05106925964355 seconds
Epoch 16 accuracy: 57.33%
Batch 100, Loss: 1.0758
Batch 200, Loss: 1.1031
Batch 300, Loss: 1.1124
Epoch 17 learning rate: 0.09822787092288993
Epoch 17 time: 236.01236057281494 seconds
Epoch 17 accuracy: 58.14%
Batch 100, Loss: 1.0473
Batch 200, Loss: 1.0737
Batch 300, Loss: 1.0894
Epoch 18 learning rate: 0.09801468428384717
Epoch 18 time: 235.87328600883484 seconds
Epoch 18 accuracy: 59.15%
Batch 100, Loss: 1.0090
Batch 200, Loss: 1.0802
Batch 300, Loss: 1.0763
Epoch 19 learning rate: 0.09778965073991652
Epoch 19 time: 236.1832892894745 seconds
Epoch 19 accuracy: 55.57%
Batch 100, Loss: 1.0086
Batch 200, Loss: 1.0336
Batch 300, Loss: 1.0587
Epoch 20 learning rate: 0.0975528258147577
Epoch 20 time: 236.0881917476654 seconds
Epoch 20 accuracy: 59.15%
Batch 100, Loss: 0.9787
Batch 200, Loss: 1.0344
Batch 300, Loss: 1.0409
Epoch 21 learning rate: 0.09730426794137728
Epoch 21 time: 236.01923322677612 seconds
Epoch 21 accuracy: 60.03%
Batch 100, Loss: 0.9624
Batch 200, Loss: 0.9863
Batch 300, Loss: 1.0260
Epoch 22 learning rate: 0.09704403844771128
Epoch 22 time: 235.92956948280334 seconds
Epoch 22 accuracy: 59.73%
Batch 100, Loss: 0.9610
Batch 200, Loss: 0.9941
Batch 300, Loss: 0.9996
Epoch 23 learning rate: 0.09677220154149338
Epoch 23 time: 236.23748540878296 seconds
Epoch 23 accuracy: 57.51%
Batch 100, Loss: 0.9419
Batch 200, Loss: 0.9866
Batch 300, Loss: 1.0141
Epoch 24 learning rate: 0.09648882429441258
Epoch 24 time: 236.02775597572327 seconds
Epoch 24 accuracy: 58.09%
Batch 100, Loss: 0.9437
Batch 200, Loss: 0.9579
Batch 300, Loss: 0.9841
Epoch 25 learning rate: 0.09619397662556435
Epoch 25 time: 236.27038192749023 seconds
Epoch 25 accuracy: 59.57%
Batch 100, Loss: 0.9087
Batch 200, Loss: 0.9310
Batch 300, Loss: 0.9896
Epoch 26 learning rate: 0.09588773128419906
Epoch 26 time: 236.09859204292297 seconds
Epoch 26 accuracy: 59.29%
Batch 100, Loss: 0.8940
Batch 200, Loss: 0.9264
Batch 300, Loss: 0.9969
Epoch 27 learning rate: 0.09557016383177226
Epoch 27 time: 236.03662252426147 seconds
Epoch 27 accuracy: 61.02%
Batch 100, Loss: 0.8739
Batch 200, Loss: 0.9284
Batch 300, Loss: 0.9377
Epoch 28 learning rate: 0.09524135262330098
Epoch 28 time: 236.18506717681885 seconds
Epoch 28 accuracy: 61.12%
Batch 100, Loss: 0.8988
Batch 200, Loss: 0.9093
Batch 300, Loss: 0.9420
Epoch 29 learning rate: 0.09490137878803079
Epoch 29 time: 235.9615604877472 seconds
Epoch 29 accuracy: 59.78%
Batch 100, Loss: 0.8863
Batch 200, Loss: 0.9022
Batch 300, Loss: 0.9432
Epoch 30 learning rate: 0.0945503262094184
Epoch 30 time: 236.0815019607544 seconds
Epoch 30 accuracy: 62.94%
Batch 100, Loss: 0.8645
Batch 200, Loss: 0.8924
Batch 300, Loss: 0.9257
Epoch 31 learning rate: 0.0941882815044347
Epoch 31 time: 236.0476360321045 seconds
Epoch 31 accuracy: 60.0%
Batch 100, Loss: 0.8385
Batch 200, Loss: 0.9034
Batch 300, Loss: 0.9152
Epoch 32 learning rate: 0.09381533400219319
Epoch 32 time: 236.1071698665619 seconds
Epoch 32 accuracy: 59.42%
Batch 100, Loss: 0.8495
Batch 200, Loss: 0.8937
Batch 300, Loss: 0.9217
Epoch 33 learning rate: 0.09343157572190958
Epoch 33 time: 236.17534804344177 seconds
Epoch 33 accuracy: 62.25%
Batch 100, Loss: 0.8461
Batch 200, Loss: 0.8709
Batch 300, Loss: 0.9128
Epoch 34 learning rate: 0.0930371013501972
Epoch 34 time: 236.26729154586792 seconds
Epoch 34 accuracy: 61.5%
Batch 100, Loss: 0.8371
Batch 200, Loss: 0.8521
Batch 300, Loss: 0.8970
Epoch 35 learning rate: 0.09263200821770463
Epoch 35 time: 235.95837569236755 seconds
Epoch 35 accuracy: 61.05%
Batch 100, Loss: 0.8250
Batch 200, Loss: 0.8519
Batch 300, Loss: 0.9029
Epoch 36 learning rate: 0.09221639627510078
Epoch 36 time: 235.8409924507141 seconds
Epoch 36 accuracy: 62.43%
Batch 100, Loss: 0.8201
Batch 200, Loss: 0.8547
Batch 300, Loss: 0.8668
Epoch 37 learning rate: 0.09179036806841355
Epoch 37 time: 235.78911328315735 seconds
Epoch 37 accuracy: 63.25%
Batch 100, Loss: 0.7998
Batch 200, Loss: 0.8345
Batch 300, Loss: 0.8880
Epoch 38 learning rate: 0.09135402871372812
Epoch 38 time: 236.2254776954651 seconds
Epoch 38 accuracy: 60.8%
Batch 100, Loss: 0.8253
Batch 200, Loss: 0.8439
Batch 300, Loss: 0.8538
Epoch 39 learning rate: 0.0909074858712512
Epoch 39 time: 235.95485711097717 seconds
Epoch 39 accuracy: 63.11%
Batch 100, Loss: 0.7923
Batch 200, Loss: 0.8407
Batch 300, Loss: 0.8573
Epoch 40 learning rate: 0.09045084971874741
Epoch 40 time: 236.31507635116577 seconds
Epoch 40 accuracy: 60.58%
Batch 100, Loss: 0.7768
Batch 200, Loss: 0.8260
Batch 300, Loss: 0.8524
Epoch 41 learning rate: 0.08998423292435458
Epoch 41 time: 236.15441060066223 seconds
Epoch 41 accuracy: 61.8%
Batch 100, Loss: 0.7610
Batch 200, Loss: 0.8199
Batch 300, Loss: 0.8482
Epoch 42 learning rate: 0.08950775061878455
Epoch 42 time: 236.17471981048584 seconds
Epoch 42 accuracy: 64.58%
Batch 100, Loss: 0.7591
Batch 200, Loss: 0.8032
Batch 300, Loss: 0.8474
Epoch 43 learning rate: 0.08902152036691653
Epoch 43 time: 235.98002529144287 seconds
Epoch 43 accuracy: 63.72%
Batch 100, Loss: 0.7553
Batch 200, Loss: 0.8060
Batch 300, Loss: 0.8422
Epoch 44 learning rate: 0.08852566213878951
Epoch 44 time: 235.95982360839844 seconds
Epoch 44 accuracy: 60.65%
Batch 100, Loss: 0.7463
Batch 200, Loss: 0.7839
Batch 300, Loss: 0.8462
Epoch 45 learning rate: 0.0880202982800016
Epoch 45 time: 236.16545724868774 seconds
Epoch 45 accuracy: 64.21%
Batch 100, Loss: 0.7490
Batch 200, Loss: 0.7908
Batch 300, Loss: 0.8104
Epoch 46 learning rate: 0.08750555348152303
Epoch 46 time: 236.13364696502686 seconds
Epoch 46 accuracy: 62.24%
Batch 100, Loss: 0.7295
Batch 200, Loss: 0.7893
Batch 300, Loss: 0.8143
Epoch 47 learning rate: 0.08698155474893052
Epoch 47 time: 236.07433462142944 seconds
Epoch 47 accuracy: 64.23%
Batch 100, Loss: 0.7377
Batch 200, Loss: 0.7783
Batch 300, Loss: 0.8108
Epoch 48 learning rate: 0.08644843137107061
Epoch 48 time: 236.0093445777893 seconds
Epoch 48 accuracy: 64.07%
Batch 100, Loss: 0.7235
Batch 200, Loss: 0.7691
Batch 300, Loss: 0.8012
Epoch 49 learning rate: 0.08590631488815947
Epoch 49 time: 235.94699954986572 seconds
Epoch 49 accuracy: 64.49%
Batch 100, Loss: 0.7136
Batch 200, Loss: 0.7695
Batch 300, Loss: 0.7899
Epoch 50 learning rate: 0.0853553390593274
Epoch 50 time: 235.99506497383118 seconds
Epoch 50 accuracy: 62.63%
Batch 100, Loss: 0.7127
Batch 200, Loss: 0.7585
Batch 300, Loss: 0.7972
Epoch 51 learning rate: 0.08479563982961574
Epoch 51 time: 235.9954912662506 seconds
Epoch 51 accuracy: 64.92%
Batch 100, Loss: 0.7238
Batch 200, Loss: 0.7339
Batch 300, Loss: 0.7815
Epoch 52 learning rate: 0.08422735529643446
Epoch 52 time: 236.11338877677917 seconds
Epoch 52 accuracy: 64.14%
Batch 100, Loss: 0.6921
Batch 200, Loss: 0.7645
Batch 300, Loss: 0.7911
Epoch 53 learning rate: 0.08365062567548869
Epoch 53 time: 236.00629925727844 seconds
Epoch 53 accuracy: 63.47%
Batch 100, Loss: 0.6893
Batch 200, Loss: 0.7474
Batch 300, Loss: 0.7670
Epoch 54 learning rate: 0.08306559326618261
Epoch 54 time: 236.0212070941925 seconds
Epoch 54 accuracy: 64.25%
Batch 100, Loss: 0.6861
Batch 200, Loss: 0.7317
Batch 300, Loss: 0.7634
Epoch 55 learning rate: 0.0824724024165092
Epoch 55 time: 235.96372938156128 seconds
Epoch 55 accuracy: 64.34%
Batch 100, Loss: 0.6830
Batch 200, Loss: 0.7248
Batch 300, Loss: 0.7823
Epoch 56 learning rate: 0.0818711994874345
Epoch 56 time: 236.06925058364868 seconds
Epoch 56 accuracy: 64.4%
Batch 100, Loss: 0.6716
Batch 200, Loss: 0.7166
Batch 300, Loss: 0.7648
Epoch 57 learning rate: 0.08126213281678528
Epoch 57 time: 236.09305596351624 seconds
Epoch 57 accuracy: 64.94%
Batch 100, Loss: 0.6706
Batch 200, Loss: 0.7149
Batch 300, Loss: 0.7421
Epoch 58 learning rate: 0.08064535268264884
Epoch 58 time: 236.20519590377808 seconds
Epoch 58 accuracy: 64.37%
Batch 100, Loss: 0.6541
Batch 200, Loss: 0.7083
Batch 300, Loss: 0.7354
Epoch 59 learning rate: 0.08002101126629421
Epoch 59 time: 235.9639699459076 seconds
Epoch 59 accuracy: 64.51%
Batch 100, Loss: 0.6685
Batch 200, Loss: 0.6974
Batch 300, Loss: 0.7385
Epoch 60 learning rate: 0.07938926261462367
Epoch 60 time: 236.07683420181274 seconds
Epoch 60 accuracy: 65.87%
Batch 100, Loss: 0.6495
Batch 200, Loss: 0.6775
Batch 300, Loss: 0.7292
Epoch 61 learning rate: 0.07875026260216395
Epoch 61 time: 236.15278840065002 seconds
Epoch 61 accuracy: 65.5%
Batch 100, Loss: 0.6405
Batch 200, Loss: 0.6934
Batch 300, Loss: 0.7188
Epoch 62 learning rate: 0.07810416889260656
Epoch 62 time: 236.18010115623474 seconds
Epoch 62 accuracy: 63.66%
Batch 100, Loss: 0.6621
Batch 200, Loss: 0.6805
Batch 300, Loss: 0.7110
Epoch 63 learning rate: 0.07745114089990661
Epoch 63 time: 235.8987112045288 seconds
Epoch 63 accuracy: 66.37%
Batch 100, Loss: 0.6148
Batch 200, Loss: 0.6604
Batch 300, Loss: 0.7004
Epoch 64 learning rate: 0.07679133974894985
Epoch 64 time: 235.98801398277283 seconds
Epoch 64 accuracy: 64.63%
Batch 100, Loss: 0.6325
Batch 200, Loss: 0.6643
Batch 300, Loss: 0.6938
Epoch 65 learning rate: 0.07612492823579746
Epoch 65 time: 236.29700660705566 seconds
Epoch 65 accuracy: 64.31%
Batch 100, Loss: 0.6252
Batch 200, Loss: 0.6449
Batch 300, Loss: 0.6882
Epoch 66 learning rate: 0.07545207078751859
Epoch 66 time: 236.28628516197205 seconds
Epoch 66 accuracy: 65.08%
Batch 100, Loss: 0.6060
Batch 200, Loss: 0.6534
Batch 300, Loss: 0.6764
Epoch 67 learning rate: 0.0747729334216204
Epoch 67 time: 236.19052124023438 seconds
Epoch 67 accuracy: 66.17%
Batch 100, Loss: 0.6085
Batch 200, Loss: 0.6462
Batch 300, Loss: 0.6801
Epoch 68 learning rate: 0.07408768370508578
Epoch 68 time: 236.0538399219513 seconds
Epoch 68 accuracy: 63.12%
Batch 100, Loss: 0.6091
Batch 200, Loss: 0.6188
Batch 300, Loss: 0.6656
Epoch 69 learning rate: 0.0733964907130287
Epoch 69 time: 236.0292525291443 seconds
Epoch 69 accuracy: 65.1%
Batch 100, Loss: 0.5862
Batch 200, Loss: 0.6190
Batch 300, Loss: 0.6676
Epoch 70 learning rate: 0.07269952498697736
Epoch 70 time: 236.31935930252075 seconds
Epoch 70 accuracy: 63.05%
Batch 100, Loss: 0.5977
Batch 200, Loss: 0.6298
Batch 300, Loss: 0.6727
Epoch 71 learning rate: 0.07199695849279578
Epoch 71 time: 236.01009583473206 seconds
Epoch 71 accuracy: 66.35%
Batch 100, Loss: 0.5835
Batch 200, Loss: 0.6217
Batch 300, Loss: 0.6560
Epoch 72 learning rate: 0.07128896457825366
Epoch 72 time: 235.93106389045715 seconds
Epoch 72 accuracy: 66.58%
Batch 100, Loss: 0.5760
Batch 200, Loss: 0.6063
Batch 300, Loss: 0.6476
Epoch 73 learning rate: 0.07057571793025548
Epoch 73 time: 236.00573706626892 seconds
Epoch 73 accuracy: 65.75%
Batch 100, Loss: 0.5464
Batch 200, Loss: 0.5984
Batch 300, Loss: 0.6550
Epoch 74 learning rate: 0.06985739453173906
Epoch 74 time: 235.90680503845215 seconds
Epoch 74 accuracy: 64.66%
Batch 100, Loss: 0.5684
Batch 200, Loss: 0.5776
Batch 300, Loss: 0.6397
Epoch 75 learning rate: 0.06913417161825453
Epoch 75 time: 235.94025444984436 seconds
Epoch 75 accuracy: 64.77%
Batch 100, Loss: 0.5725
Batch 200, Loss: 0.5855
Batch 300, Loss: 0.6299
Epoch 76 learning rate: 0.06840622763423394
Epoch 76 time: 236.0668966770172 seconds
Epoch 76 accuracy: 67.36%
Batch 100, Loss: 0.5396
Batch 200, Loss: 0.5736
Batch 300, Loss: 0.6334
Epoch 77 learning rate: 0.0676737421889629
Epoch 77 time: 236.1223464012146 seconds
Epoch 77 accuracy: 65.42%
Batch 100, Loss: 0.5367
Batch 200, Loss: 0.5507
Batch 300, Loss: 0.6197
Epoch 78 learning rate: 0.06693689601226462
Epoch 78 time: 236.03193497657776 seconds
Epoch 78 accuracy: 67.5%
Batch 100, Loss: 0.5351
Batch 200, Loss: 0.5579
Batch 300, Loss: 0.5973
Epoch 79 learning rate: 0.06619587090990751
Epoch 79 time: 235.90659546852112 seconds
Epoch 79 accuracy: 65.41%
Batch 100, Loss: 0.5327
Batch 200, Loss: 0.5532
Batch 300, Loss: 0.5956
Epoch 80 learning rate: 0.06545084971874741
Epoch 80 time: 236.13184523582458 seconds
Epoch 80 accuracy: 66.25%
Batch 100, Loss: 0.5276
Batch 200, Loss: 0.5418
Batch 300, Loss: 0.5988
Epoch 81 learning rate: 0.06470201626161524
Epoch 81 time: 236.32987880706787 seconds
Epoch 81 accuracy: 67.37%
Batch 100, Loss: 0.5133
Batch 200, Loss: 0.5401
Batch 300, Loss: 0.5748
Epoch 82 learning rate: 0.06394955530196152
Epoch 82 time: 236.02775382995605 seconds
Epoch 82 accuracy: 70.0%
Batch 100, Loss: 0.5005
Batch 200, Loss: 0.5532
Batch 300, Loss: 0.5622
Epoch 83 learning rate: 0.06319365249826868
Epoch 83 time: 236.05078625679016 seconds
Epoch 83 accuracy: 67.35%
Batch 100, Loss: 0.4873
Batch 200, Loss: 0.5139
Batch 300, Loss: 0.5529
Epoch 84 learning rate: 0.06243449435824277
Epoch 84 time: 236.14868760108948 seconds
Epoch 84 accuracy: 65.66%
Batch 100, Loss: 0.4884
Batch 200, Loss: 0.5186
Batch 300, Loss: 0.5662
Epoch 85 learning rate: 0.06167226819279532
Epoch 85 time: 236.31506180763245 seconds
Epoch 85 accuracy: 68.49%
Batch 100, Loss: 0.4800
Batch 200, Loss: 0.5055
Batch 300, Loss: 0.5558
Epoch 86 learning rate: 0.06090716206982718
Epoch 86 time: 236.05494666099548 seconds
Epoch 86 accuracy: 66.69%
Batch 100, Loss: 0.4720
Batch 200, Loss: 0.5055
Batch 300, Loss: 0.5378
Epoch 87 learning rate: 0.06013936476782568
Epoch 87 time: 236.1541392803192 seconds
Epoch 87 accuracy: 67.51%
Batch 100, Loss: 0.4701
Batch 200, Loss: 0.5026
Batch 300, Loss: 0.5322
Epoch 88 learning rate: 0.05936906572928629
Epoch 88 time: 236.03516483306885 seconds
Epoch 88 accuracy: 65.65%
Batch 100, Loss: 0.4620
Batch 200, Loss: 0.4798
Batch 300, Loss: 0.5250
Epoch 89 learning rate: 0.05859645501397052
Epoch 89 time: 236.1942276954651 seconds
Epoch 89 accuracy: 67.74%
Batch 100, Loss: 0.4614
Batch 200, Loss: 0.4839
Batch 300, Loss: 0.5102
Epoch 90 learning rate: 0.05782172325201159
Epoch 90 time: 236.04370141029358 seconds
Epoch 90 accuracy: 67.29%
Batch 100, Loss: 0.4531
Batch 200, Loss: 0.4772
Batch 300, Loss: 0.5241
Epoch 91 learning rate: 0.057045061596879186
Epoch 91 time: 236.10309028625488 seconds
Epoch 91 accuracy: 66.87%
Batch 100, Loss: 0.4375
Batch 200, Loss: 0.4662
Batch 300, Loss: 0.4968
Epoch 92 learning rate: 0.056266661678215264
Epoch 92 time: 236.1483142375946 seconds
Epoch 92 accuracy: 67.62%
Batch 100, Loss: 0.4388
Batch 200, Loss: 0.4474
Batch 300, Loss: 0.4999
Epoch 93 learning rate: 0.055486715554552306
Epoch 93 time: 235.79137325286865 seconds
Epoch 93 accuracy: 68.6%
Batch 100, Loss: 0.4184
Batch 200, Loss: 0.4513
Batch 300, Loss: 0.4857
Epoch 94 learning rate: 0.05470541566592575
Epoch 94 time: 236.21915555000305 seconds
Epoch 94 accuracy: 68.57%
Batch 100, Loss: 0.4320
Batch 200, Loss: 0.4317
Batch 300, Loss: 0.4724
Epoch 95 learning rate: 0.05392295478639229
Epoch 95 time: 235.98032784461975 seconds
Epoch 95 accuracy: 69.39%
Batch 100, Loss: 0.4112
Batch 200, Loss: 0.4270
Batch 300, Loss: 0.4641
Epoch 96 learning rate: 0.05313952597646571
Epoch 96 time: 236.07881617546082 seconds
Epoch 96 accuracy: 68.6%
Batch 100, Loss: 0.4104
Batch 200, Loss: 0.4277
Batch 300, Loss: 0.4538
Epoch 97 learning rate: 0.05235532253548216
Epoch 97 time: 236.11278367042542 seconds
Epoch 97 accuracy: 66.82%
Batch 100, Loss: 0.3910
Batch 200, Loss: 0.4104
Batch 300, Loss: 0.4279
Epoch 98 learning rate: 0.051570537953906447
Epoch 98 time: 236.1317262649536 seconds
Epoch 98 accuracy: 67.17%
Batch 100, Loss: 0.3918
Batch 200, Loss: 0.3965
Batch 300, Loss: 0.4460
Epoch 99 learning rate: 0.05078536586559106
Epoch 99 time: 236.03076171875 seconds
Epoch 99 accuracy: 69.03%
Batch 100, Loss: 0.3648
Batch 200, Loss: 0.3964
Batch 300, Loss: 0.4152
Epoch 100 learning rate: 0.050000000000000024
Epoch 100 time: 236.08775544166565 seconds
Epoch 100 accuracy: 69.88%
Batch 100, Loss: 0.3701
Batch 200, Loss: 0.3902
Batch 300, Loss: 0.4271
Epoch 101 learning rate: 0.049214634134409
Epoch 101 time: 235.98888206481934 seconds
Epoch 101 accuracy: 68.59%
Batch 100, Loss: 0.3721
Batch 200, Loss: 0.3749
Batch 300, Loss: 0.4161
Epoch 102 learning rate: 0.04842946204609361
Epoch 102 time: 236.10548663139343 seconds
Epoch 102 accuracy: 70.12%
Batch 100, Loss: 0.3588
Batch 200, Loss: 0.3795
Batch 300, Loss: 0.4051
Epoch 103 learning rate: 0.04764467746451789
Epoch 103 time: 236.03760981559753 seconds
Epoch 103 accuracy: 69.26%
Batch 100, Loss: 0.3405
Batch 200, Loss: 0.3688
Batch 300, Loss: 0.4026
Epoch 104 learning rate: 0.046860474023534354
Epoch 104 time: 235.9261405467987 seconds
Epoch 104 accuracy: 69.5%
Batch 100, Loss: 0.3354
Batch 200, Loss: 0.3694
Batch 300, Loss: 0.3948
Epoch 105 learning rate: 0.04607704521360778
Epoch 105 time: 236.13771533966064 seconds
Epoch 105 accuracy: 69.59%
Batch 100, Loss: 0.3271
Batch 200, Loss: 0.3398
Batch 300, Loss: 0.3703
Epoch 106 learning rate: 0.04529458433407431
Epoch 106 time: 236.15396642684937 seconds
Epoch 106 accuracy: 70.19%
Batch 100, Loss: 0.3249
Batch 200, Loss: 0.3437
Batch 300, Loss: 0.3622
Epoch 107 learning rate: 0.04451328444544776
Epoch 107 time: 236.057701587677 seconds
Epoch 107 accuracy: 70.78%
Batch 100, Loss: 0.3227
Batch 200, Loss: 0.3259
Batch 300, Loss: 0.3541
Epoch 108 learning rate: 0.04373333832178482
Epoch 108 time: 235.9961919784546 seconds
Epoch 108 accuracy: 70.45%
Batch 100, Loss: 0.3106
Batch 200, Loss: 0.3162
Batch 300, Loss: 0.3658
Epoch 109 learning rate: 0.0429549384031209
Epoch 109 time: 235.93051719665527 seconds
Epoch 109 accuracy: 69.74%
Batch 100, Loss: 0.3123
Batch 200, Loss: 0.3104
Batch 300, Loss: 0.3559
Epoch 110 learning rate: 0.042178276747988484
Epoch 110 time: 236.0634377002716 seconds
Epoch 110 accuracy: 68.86%
Batch 100, Loss: 0.3026
Batch 200, Loss: 0.3084
Batch 300, Loss: 0.3343
Epoch 111 learning rate: 0.04140354498602954
Epoch 111 time: 236.21336913108826 seconds
Epoch 111 accuracy: 70.56%
Batch 100, Loss: 0.2853
Batch 200, Loss: 0.2934
Batch 300, Loss: 0.3253
Epoch 112 learning rate: 0.0406309342707138
Epoch 112 time: 236.01914930343628 seconds
Epoch 112 accuracy: 70.28%
Batch 100, Loss: 0.2827
Batch 200, Loss: 0.2946
Batch 300, Loss: 0.3197
Epoch 113 learning rate: 0.03986063523217441
Epoch 113 time: 236.16497325897217 seconds
Epoch 113 accuracy: 71.15%
Batch 100, Loss: 0.2884
Batch 200, Loss: 0.2881
Batch 300, Loss: 0.3045
Epoch 114 learning rate: 0.039092837930172916
Epoch 114 time: 236.1955795288086 seconds
Epoch 114 accuracy: 70.28%
Batch 100, Loss: 0.2600
Batch 200, Loss: 0.2721
Batch 300, Loss: 0.3018
Epoch 115 learning rate: 0.03832773180720475
Epoch 115 time: 235.95497632026672 seconds
Epoch 115 accuracy: 71.98%
Batch 100, Loss: 0.2596
Batch 200, Loss: 0.2684
Batch 300, Loss: 0.2891
Epoch 116 learning rate: 0.037565505641757285
Epoch 116 time: 236.1155710220337 seconds
Epoch 116 accuracy: 70.84%
Batch 100, Loss: 0.2517
Batch 200, Loss: 0.2675
Batch 300, Loss: 0.2881
Epoch 117 learning rate: 0.03680634750173138
Epoch 117 time: 235.89243292808533 seconds
Epoch 117 accuracy: 71.05%
Batch 100, Loss: 0.2370
Batch 200, Loss: 0.2485
Batch 300, Loss: 0.2833
Epoch 118 learning rate: 0.036050444698038565
Epoch 118 time: 236.10419464111328 seconds
Epoch 118 accuracy: 72.6%
Batch 100, Loss: 0.2354
Batch 200, Loss: 0.2435
Batch 300, Loss: 0.2674
Epoch 119 learning rate: 0.03529798373838483
Epoch 119 time: 236.15122723579407 seconds
Epoch 119 accuracy: 71.88%
Batch 100, Loss: 0.2277
Batch 200, Loss: 0.2382
Batch 300, Loss: 0.2634
Epoch 120 learning rate: 0.03454915028125267
Epoch 120 time: 236.05168461799622 seconds
Epoch 120 accuracy: 71.98%
Batch 100, Loss: 0.2228
Batch 200, Loss: 0.2346
Batch 300, Loss: 0.2512
Epoch 121 learning rate: 0.03380412909009255
Epoch 121 time: 236.08379769325256 seconds
Epoch 121 accuracy: 72.89%
Batch 100, Loss: 0.2149
Batch 200, Loss: 0.2223
Batch 300, Loss: 0.2492
Epoch 122 learning rate: 0.03306310398773545
Epoch 122 time: 236.1700098514557 seconds
Epoch 122 accuracy: 71.68%
Batch 100, Loss: 0.2075
Batch 200, Loss: 0.2289
Batch 300, Loss: 0.2395
Epoch 123 learning rate: 0.03232625781103717
Epoch 123 time: 236.1297583580017 seconds
Epoch 123 accuracy: 71.45%
Batch 100, Loss: 0.1994
Batch 200, Loss: 0.2152
Batch 300, Loss: 0.2278
Epoch 124 learning rate: 0.03159377236576613
Epoch 124 time: 235.83153367042542 seconds
Epoch 124 accuracy: 72.09%
Batch 100, Loss: 0.2030
Batch 200, Loss: 0.2134
Batch 300, Loss: 0.2266
Epoch 125 learning rate: 0.030865828381745543
Epoch 125 time: 235.91780424118042 seconds
Epoch 125 accuracy: 72.56%
Batch 100, Loss: 0.1905
Batch 200, Loss: 0.1966
Batch 300, Loss: 0.2064
Epoch 126 learning rate: 0.03014260546826098
Epoch 126 time: 236.03100037574768 seconds
Epoch 126 accuracy: 72.92%
Batch 100, Loss: 0.1847
Batch 200, Loss: 0.1950
Batch 300, Loss: 0.2087
Epoch 127 learning rate: 0.02942428206974458
Epoch 127 time: 235.95450711250305 seconds
Epoch 127 accuracy: 73.57%
Batch 100, Loss: 0.1812
Batch 200, Loss: 0.1833
Batch 300, Loss: 0.2013
Epoch 128 learning rate: 0.028711035421746387
Epoch 128 time: 235.94616270065308 seconds
Epoch 128 accuracy: 73.39%
Batch 100, Loss: 0.1767
Batch 200, Loss: 0.1824
Batch 300, Loss: 0.1867
Epoch 129 learning rate: 0.02800304150720426
Epoch 129 time: 235.96012473106384 seconds
Epoch 129 accuracy: 73.51%
Batch 100, Loss: 0.1748
Batch 200, Loss: 0.1694
Batch 300, Loss: 0.1880
Epoch 130 learning rate: 0.02730047501302268
Epoch 130 time: 235.9878237247467 seconds
Epoch 130 accuracy: 73.05%
Batch 100, Loss: 0.1672
Batch 200, Loss: 0.1668
Batch 300, Loss: 0.1871
Epoch 131 learning rate: 0.026603509286971357
Epoch 131 time: 235.93413186073303 seconds
Epoch 131 accuracy: 73.75%
Batch 100, Loss: 0.1546
Batch 200, Loss: 0.1588
Batch 300, Loss: 0.1731
Epoch 132 learning rate: 0.025912316294914244
Epoch 132 time: 235.97574162483215 seconds
Epoch 132 accuracy: 74.51%
Batch 100, Loss: 0.1468
Batch 200, Loss: 0.1552
Batch 300, Loss: 0.1642
Epoch 133 learning rate: 0.025227066578379632
Epoch 133 time: 235.9873685836792 seconds
Epoch 133 accuracy: 73.6%
Batch 100, Loss: 0.1448
Batch 200, Loss: 0.1524
Batch 300, Loss: 0.1643
Epoch 134 learning rate: 0.024547929212481445
Epoch 134 time: 235.97986268997192 seconds
Epoch 134 accuracy: 74.57%
Batch 100, Loss: 0.1343
Batch 200, Loss: 0.1426
Batch 300, Loss: 0.1535
Epoch 135 learning rate: 0.02387507176420257
Epoch 135 time: 235.91540050506592 seconds
Epoch 135 accuracy: 73.95%
Batch 100, Loss: 0.1419
Batch 200, Loss: 0.1342
Batch 300, Loss: 0.1457
Epoch 136 learning rate: 0.023208660251050166
Epoch 136 time: 235.8793864250183 seconds
Epoch 136 accuracy: 73.51%
Batch 100, Loss: 0.1296
Batch 200, Loss: 0.1378
Batch 300, Loss: 0.1435
Epoch 137 learning rate: 0.022548859100093414
Epoch 137 time: 236.11150479316711 seconds
Epoch 137 accuracy: 73.95%
Batch 100, Loss: 0.1257
Batch 200, Loss: 0.1283
Batch 300, Loss: 0.1385
Epoch 138 learning rate: 0.021895831107393474
Epoch 138 time: 235.9796154499054 seconds
Epoch 138 accuracy: 74.82%
Batch 100, Loss: 0.1196
Batch 200, Loss: 0.1227
Batch 300, Loss: 0.1301
Epoch 139 learning rate: 0.02124973739783608
Epoch 139 time: 236.01742219924927 seconds
Epoch 139 accuracy: 75.08%
Batch 100, Loss: 0.1194
Batch 200, Loss: 0.1155
Batch 300, Loss: 0.1265
Epoch 140 learning rate: 0.02061073738537636
Epoch 140 time: 236.13898229599 seconds
Epoch 140 accuracy: 75.05%
Batch 100, Loss: 0.1142
Batch 200, Loss: 0.1130
Batch 300, Loss: 0.1168
Epoch 141 learning rate: 0.019978988733705814
Epoch 141 time: 236.16714239120483 seconds
Epoch 141 accuracy: 75.38%
Batch 100, Loss: 0.1103
Batch 200, Loss: 0.1091
Batch 300, Loss: 0.1166
Epoch 142 learning rate: 0.01935464731735118
Epoch 142 time: 236.1660418510437 seconds
Epoch 142 accuracy: 76.38%
Batch 100, Loss: 0.1018
Batch 200, Loss: 0.1103
Batch 300, Loss: 0.1169
Epoch 143 learning rate: 0.018737867183214747
Epoch 143 time: 236.15858435630798 seconds
Epoch 143 accuracy: 76.11%
Batch 100, Loss: 0.0996
Batch 200, Loss: 0.1038
Batch 300, Loss: 0.1114
Epoch 144 learning rate: 0.01812880051256552
Epoch 144 time: 236.08014488220215 seconds
Epoch 144 accuracy: 75.69%
Batch 100, Loss: 0.0954
Batch 200, Loss: 0.1007
Batch 300, Loss: 0.1065
Epoch 145 learning rate: 0.017527597583490827
Epoch 145 time: 236.07690620422363 seconds
Epoch 145 accuracy: 76.5%
Batch 100, Loss: 0.0906
Batch 200, Loss: 0.0938
Batch 300, Loss: 0.0963
Epoch 146 learning rate: 0.01693440673381742
Epoch 146 time: 236.0672779083252 seconds
Epoch 146 accuracy: 75.72%
Batch 100, Loss: 0.0938
Batch 200, Loss: 0.0942
Batch 300, Loss: 0.0982
Epoch 147 learning rate: 0.016349374324511334
Epoch 147 time: 236.06977081298828 seconds
Epoch 147 accuracy: 76.71%
Batch 100, Loss: 0.0869
Batch 200, Loss: 0.0846
Batch 300, Loss: 0.0914
Epoch 148 learning rate: 0.01577264470356557
Epoch 148 time: 236.07417249679565 seconds
Epoch 148 accuracy: 76.52%
Batch 100, Loss: 0.0825
Batch 200, Loss: 0.0828
Batch 300, Loss: 0.0921
Epoch 149 learning rate: 0.01520436017038429
Epoch 149 time: 236.19328379631042 seconds
Epoch 149 accuracy: 76.87%
Batch 100, Loss: 0.0791
Batch 200, Loss: 0.0822
Batch 300, Loss: 0.0828
Epoch 150 learning rate: 0.014644660940672632
Epoch 150 time: 236.02130126953125 seconds
Epoch 150 accuracy: 76.8%
Batch 100, Loss: 0.0792
Batch 200, Loss: 0.0806
Batch 300, Loss: 0.0827
Epoch 151 learning rate: 0.01409368511184057
Epoch 151 time: 236.16347455978394 seconds
Epoch 151 accuracy: 77.15%
Batch 100, Loss: 0.0748
Batch 200, Loss: 0.0774
Batch 300, Loss: 0.0767
Epoch 152 learning rate: 0.013551568628929438
Epoch 152 time: 236.0367078781128 seconds
Epoch 152 accuracy: 77.2%
Batch 100, Loss: 0.0727
Batch 200, Loss: 0.0734
Batch 300, Loss: 0.0751
Epoch 153 learning rate: 0.013018445251069516
Epoch 153 time: 236.11674046516418 seconds
Epoch 153 accuracy: 77.51%
Batch 100, Loss: 0.0705
Batch 200, Loss: 0.0735
Batch 300, Loss: 0.0731
Epoch 154 learning rate: 0.012494446518477026
Epoch 154 time: 236.19656896591187 seconds
Epoch 154 accuracy: 77.41%
Batch 100, Loss: 0.0669
Batch 200, Loss: 0.0705
Batch 300, Loss: 0.0712
Epoch 155 learning rate: 0.011979701719998459
Epoch 155 time: 236.1305549144745 seconds
Epoch 155 accuracy: 77.25%
Batch 100, Loss: 0.0650
Batch 200, Loss: 0.0673
Batch 300, Loss: 0.0691
Epoch 156 learning rate: 0.011474337861210548
Epoch 156 time: 236.2659842967987 seconds
Epoch 156 accuracy: 77.77%
Batch 100, Loss: 0.0630
Batch 200, Loss: 0.0641
Batch 300, Loss: 0.0656
Epoch 157 learning rate: 0.010978479633083526
Epoch 157 time: 235.95897269248962 seconds
Epoch 157 accuracy: 77.54%
Batch 100, Loss: 0.0617
Batch 200, Loss: 0.0642
Batch 300, Loss: 0.0631
Epoch 158 learning rate: 0.010492249381215483
Epoch 158 time: 236.02576780319214 seconds
Epoch 158 accuracy: 78.01%
Batch 100, Loss: 0.0581
Batch 200, Loss: 0.0587
Batch 300, Loss: 0.0636
Epoch 159 learning rate: 0.010015767075645474
Epoch 159 time: 235.97707962989807 seconds
Epoch 159 accuracy: 78.43%
Batch 100, Loss: 0.0563
Batch 200, Loss: 0.0602
Batch 300, Loss: 0.0604
Epoch 160 learning rate: 0.009549150281252637
Epoch 160 time: 235.94985842704773 seconds
Epoch 160 accuracy: 78.26%
Batch 100, Loss: 0.0556
Batch 200, Loss: 0.0564
Batch 300, Loss: 0.0577
Epoch 161 learning rate: 0.00909251412874884
Epoch 161 time: 236.11136984825134 seconds
Epoch 161 accuracy: 78.3%
Batch 100, Loss: 0.0537
Batch 200, Loss: 0.0562
Batch 300, Loss: 0.0573
Epoch 162 learning rate: 0.008645971286271918
Epoch 162 time: 236.03741765022278 seconds
Epoch 162 accuracy: 79.14%
Batch 100, Loss: 0.0529
Batch 200, Loss: 0.0550
Batch 300, Loss: 0.0545
Epoch 163 learning rate: 0.008209631931586501
Epoch 163 time: 236.01343631744385 seconds
Epoch 163 accuracy: 78.86%
Batch 100, Loss: 0.0513
Batch 200, Loss: 0.0517
Batch 300, Loss: 0.0538
Epoch 164 learning rate: 0.0077836037248992605
Epoch 164 time: 235.98852467536926 seconds
Epoch 164 accuracy: 78.55%
Batch 100, Loss: 0.0493
Batch 200, Loss: 0.0496
Batch 300, Loss: 0.0525
Epoch 165 learning rate: 0.0073679917822954055
Epoch 165 time: 235.96223783493042 seconds
Epoch 165 accuracy: 78.91%
Batch 100, Loss: 0.0463
Batch 200, Loss: 0.0495
Batch 300, Loss: 0.0516
Epoch 166 learning rate: 0.006962898649802815
Epoch 166 time: 236.03437733650208 seconds
Epoch 166 accuracy: 78.9%
Batch 100, Loss: 0.0471
Batch 200, Loss: 0.0483
Batch 300, Loss: 0.0487
Epoch 167 learning rate: 0.006568424278090438
Epoch 167 time: 236.09842014312744 seconds
Epoch 167 accuracy: 79.0%
Batch 100, Loss: 0.0453
Batch 200, Loss: 0.0460
Batch 300, Loss: 0.0464
Epoch 168 learning rate: 0.006184665997806824
Epoch 168 time: 236.07931065559387 seconds
Epoch 168 accuracy: 79.26%
Batch 100, Loss: 0.0448
Batch 200, Loss: 0.0462
Batch 300, Loss: 0.0484
Epoch 169 learning rate: 0.00581171849556533
Epoch 169 time: 236.01733827590942 seconds
Epoch 169 accuracy: 79.19%
Batch 100, Loss: 0.0444
Batch 200, Loss: 0.0440
Batch 300, Loss: 0.0442
Epoch 170 learning rate: 0.0054496737905816136
Epoch 170 time: 235.89812111854553 seconds
Epoch 170 accuracy: 78.94%
Batch 100, Loss: 0.0438
Batch 200, Loss: 0.0431
Batch 300, Loss: 0.0454
Epoch 171 learning rate: 0.005098621211969226
Epoch 171 time: 235.71232795715332 seconds
Epoch 171 accuracy: 79.45%
Batch 100, Loss: 0.0414
Batch 200, Loss: 0.0418
Batch 300, Loss: 0.0431
Epoch 172 learning rate: 0.004758647376699035
Epoch 172 time: 235.8153908252716 seconds
Epoch 172 accuracy: 79.32%
Batch 100, Loss: 0.0403
Batch 200, Loss: 0.0417
Batch 300, Loss: 0.0420
Epoch 173 learning rate: 0.00442983616822775
Epoch 173 time: 235.87440037727356 seconds
Epoch 173 accuracy: 79.49%
Batch 100, Loss: 0.0395
Batch 200, Loss: 0.0415
Batch 300, Loss: 0.0416
Epoch 174 learning rate: 0.004112268715800957
Epoch 174 time: 236.22176551818848 seconds
Epoch 174 accuracy: 79.56%
Batch 100, Loss: 0.0394
Batch 200, Loss: 0.0401
Batch 300, Loss: 0.0405
Epoch 175 learning rate: 0.003806023374435677
Epoch 175 time: 236.07539200782776 seconds
Epoch 175 accuracy: 79.31%
Batch 100, Loss: 0.0375
Batch 200, Loss: 0.0392
Batch 300, Loss: 0.0390
Epoch 176 learning rate: 0.003511175705587435
Epoch 176 time: 236.16211080551147 seconds
Epoch 176 accuracy: 79.58%
Batch 100, Loss: 0.0381
Batch 200, Loss: 0.0382
Batch 300, Loss: 0.0382
Epoch 177 learning rate: 0.0032277984585066333
Epoch 177 time: 236.12685441970825 seconds
Epoch 177 accuracy: 79.56%
Batch 100, Loss: 0.0376
Batch 200, Loss: 0.0368
Batch 300, Loss: 0.0368
Epoch 178 learning rate: 0.002955961552288729
Epoch 178 time: 236.25631022453308 seconds
Epoch 178 accuracy: 80.01%
Batch 100, Loss: 0.0367
Batch 200, Loss: 0.0374
Batch 300, Loss: 0.0364
Epoch 179 learning rate: 0.0026957320586227366
Epoch 179 time: 235.86367273330688 seconds
Epoch 179 accuracy: 79.77%
Batch 100, Loss: 0.0359
Batch 200, Loss: 0.0354
Batch 300, Loss: 0.0368
Epoch 180 learning rate: 0.002447174185242325
Epoch 180 time: 236.18706250190735 seconds
Epoch 180 accuracy: 79.85%
Batch 100, Loss: 0.0345
Batch 200, Loss: 0.0349
Batch 300, Loss: 0.0367
Epoch 181 learning rate: 0.0022103492600834954
Epoch 181 time: 236.19749426841736 seconds
Epoch 181 accuracy: 79.65%
Batch 100, Loss: 0.0346
Batch 200, Loss: 0.0355
Batch 300, Loss: 0.0354
Epoch 182 learning rate: 0.0019853157161528537
Epoch 182 time: 236.08971190452576 seconds
Epoch 182 accuracy: 79.67%
Batch 100, Loss: 0.0335
Batch 200, Loss: 0.0348
Batch 300, Loss: 0.0352
Epoch 183 learning rate: 0.001772129077110103
Epoch 183 time: 236.14231944084167 seconds
Epoch 183 accuracy: 79.66%
Batch 100, Loss: 0.0339
Batch 200, Loss: 0.0341
Batch 300, Loss: 0.0347
Epoch 184 learning rate: 0.0015708419435684529
Epoch 184 time: 236.05820727348328 seconds
Epoch 184 accuracy: 79.72%
Batch 100, Loss: 0.0338
Batch 200, Loss: 0.0333
Batch 300, Loss: 0.0345
Epoch 185 learning rate: 0.0013815039801161732
Epoch 185 time: 235.91923570632935 seconds
Epoch 185 accuracy: 79.75%
Batch 100, Loss: 0.0328
Batch 200, Loss: 0.0333
Batch 300, Loss: 0.0334
Epoch 186 learning rate: 0.0012041619030626347
Epoch 186 time: 235.99601817131042 seconds
Epoch 186 accuracy: 79.88%
Batch 100, Loss: 0.0326
Batch 200, Loss: 0.0327
Batch 300, Loss: 0.0329
Epoch 187 learning rate: 0.0010388594689117077
Epoch 187 time: 236.16114377975464 seconds
Epoch 187 accuracy: 80.01%
Batch 100, Loss: 0.0321
Batch 200, Loss: 0.0326
Batch 300, Loss: 0.0329
Epoch 188 learning rate: 0.0008856374635655645
Epoch 188 time: 236.2231376171112 seconds
Epoch 188 accuracy: 79.89%
Batch 100, Loss: 0.0313
Batch 200, Loss: 0.0324
Batch 300, Loss: 0.0319
Epoch 189 learning rate: 0.000744533692261307
Epoch 189 time: 235.9248275756836 seconds
Epoch 189 accuracy: 79.97%
Batch 100, Loss: 0.0319
Batch 200, Loss: 0.0319
Batch 300, Loss: 0.0327
Epoch 190 learning rate: 0.0006155829702431174
Epoch 190 time: 236.09713077545166 seconds
Epoch 190 accuracy: 79.73%
Batch 100, Loss: 0.0317
Batch 200, Loss: 0.0316
Batch 300, Loss: 0.0322
Epoch 191 learning rate: 0.0004988171141721235
Epoch 191 time: 236.0681447982788 seconds
Epoch 191 accuracy: 79.79%
