The following modules were not unloaded:
  (Use "module --force purge" to unload all):

  1) CCconfig        6)  ucx/1.14.1         11) flexiblas/3.3.1
  2) gentoo/2023     7)  libfabric/1.18.0   12) imkl/2023.2.0
  3) gcccore/.12.3   8)  pmix/4.2.4         13) StdEnv/2023
  4) gcc/12.3        9)  ucc/1.2.0
  5) hwloc/2.9.1     10) openmpi/4.1.5
/project/6070520/tkleinkn/Vanilla-GAM/main_cifar.py:187: UserWarning: You have chosen a specific GPU. This will completely disable data parallelism.
  warnings.warn('You have chosen a specific GPU. This will completely '
model name space ['resnet101_c', 'resnet152_c', 'resnet18_c', 'resnet34_c', 'resnet50_c']
Use GPU: 0 for training
=> creating model 'resnet18_c'
Files already downloaded and verified
Files already downloaded and verified
tensorboard dir ./results/CIFAR100/GAMNonAccelerated
Using non-accelerated GAM
/home/tkleinkn/GAMtest/lib/python3.11/site-packages/torch/autograd/graph.py:744: UserWarning: Using backward() with create_graph=True will create a reference cycle between the parameter and its gradient which can cause a memory leak. We recommend using autograd.grad when creating the graph to avoid this. If you have to use this function, make sure to reset the .grad fields of your parameters to None after use to break the cycle and avoid the leak. (Triggered internally at /home/coulombc/wheels_builder/tmp.2617/python-3.11/torch/torch/csrc/autograd/engine.cpp:1203.)
  return Variable._execution_engine.run_backward(  # Calls into the C++ engine to run the backward pass
Batch 100, Loss: 3.8666
Batch 200, Loss: 3.6174
Batch 300, Loss: 3.5340
Epoch 1 learning rate: 0.09999383162408304
Epoch 1 time: 244.92839646339417 seconds
Epoch 1 accuracy: 8.78%
Batch 100, Loss: 3.4186
Batch 200, Loss: 3.3780
Batch 300, Loss: 3.3330
Epoch 2 learning rate: 0.09997532801828658
Epoch 2 time: 235.8463418483734 seconds
Epoch 2 accuracy: 12.85%
Batch 100, Loss: 3.2113
Batch 200, Loss: 3.1551
Batch 300, Loss: 3.1045
Epoch 3 learning rate: 0.09994449374809851
Epoch 3 time: 235.76270174980164 seconds
Epoch 3 accuracy: 20.21%
Batch 100, Loss: 2.9732
Batch 200, Loss: 2.9203
Batch 300, Loss: 2.8472
Epoch 4 learning rate: 0.09990133642141359
Epoch 4 time: 235.62113976478577 seconds
Epoch 4 accuracy: 24.39%
Batch 100, Loss: 2.7033
Batch 200, Loss: 2.6827
Batch 300, Loss: 2.6249
Epoch 5 learning rate: 0.09984586668665642
Epoch 5 time: 235.5484664440155 seconds
Epoch 5 accuracy: 32.39%
Batch 100, Loss: 2.5134
Batch 200, Loss: 2.4312
Batch 300, Loss: 2.4124
Epoch 6 learning rate: 0.09977809823015402
Epoch 6 time: 235.52733063697815 seconds
Epoch 6 accuracy: 37.65%
Batch 100, Loss: 2.3056
Batch 200, Loss: 2.3031
Batch 300, Loss: 2.2629
Epoch 7 learning rate: 0.09969804777275901
Epoch 7 time: 235.5088188648224 seconds
Epoch 7 accuracy: 37.86%
Batch 100, Loss: 2.1948
Batch 200, Loss: 2.1690
Batch 300, Loss: 2.1342
Epoch 8 learning rate: 0.09960573506572391
Epoch 8 time: 235.49420070648193 seconds
Epoch 8 accuracy: 42.99%
Batch 100, Loss: 2.0774
Batch 200, Loss: 2.0500
Batch 300, Loss: 2.0601
Epoch 9 learning rate: 0.09950118288582789
Epoch 9 time: 235.41014337539673 seconds
Epoch 9 accuracy: 47.28%
Batch 100, Loss: 1.9559
Batch 200, Loss: 1.9861
Batch 300, Loss: 1.9553
Epoch 10 learning rate: 0.09938441702975691
Epoch 10 time: 235.47520232200623 seconds
Epoch 10 accuracy: 46.9%
Batch 100, Loss: 1.9071
Batch 200, Loss: 1.9024
Batch 300, Loss: 1.9128
Epoch 11 learning rate: 0.09925546630773871
Epoch 11 time: 235.47339987754822 seconds
Epoch 11 accuracy: 46.03%
Batch 100, Loss: 1.8622
Batch 200, Loss: 1.8645
Batch 300, Loss: 1.8473
Epoch 12 learning rate: 0.09911436253643445
Epoch 12 time: 235.45940136909485 seconds
Epoch 12 accuracy: 49.3%
Batch 100, Loss: 1.8175
Batch 200, Loss: 1.8135
Batch 300, Loss: 1.7977
Epoch 13 learning rate: 0.0989611405310883
Epoch 13 time: 235.47851872444153 seconds
Epoch 13 accuracy: 49.63%
Batch 100, Loss: 1.7669
Batch 200, Loss: 1.7818
Batch 300, Loss: 1.7718
Epoch 14 learning rate: 0.09879583809693739
Epoch 14 time: 235.51268649101257 seconds
Epoch 14 accuracy: 49.95%
Batch 100, Loss: 1.7327
Batch 200, Loss: 1.7580
Batch 300, Loss: 1.7258
Epoch 15 learning rate: 0.09861849601988384
Epoch 15 time: 235.47137904167175 seconds
Epoch 15 accuracy: 54.24%
Batch 100, Loss: 1.6852
Batch 200, Loss: 1.7286
Batch 300, Loss: 1.7083
Epoch 16 learning rate: 0.09842915805643157
Epoch 16 time: 235.53485894203186 seconds
Epoch 16 accuracy: 54.94%
Batch 100, Loss: 1.6594
Batch 200, Loss: 1.6866
Batch 300, Loss: 1.6822
Epoch 17 learning rate: 0.09822787092288993
Epoch 17 time: 235.49535989761353 seconds
Epoch 17 accuracy: 54.3%
Batch 100, Loss: 1.6554
Batch 200, Loss: 1.6397
Batch 300, Loss: 1.6691
Epoch 18 learning rate: 0.09801468428384717
Epoch 18 time: 235.50520181655884 seconds
Epoch 18 accuracy: 55.65%
Batch 100, Loss: 1.6255
Batch 200, Loss: 1.6622
Batch 300, Loss: 1.6471
Epoch 19 learning rate: 0.09778965073991652
Epoch 19 time: 235.46763157844543 seconds
Epoch 19 accuracy: 53.29%
Batch 100, Loss: 1.6169
Batch 200, Loss: 1.6069
Batch 300, Loss: 1.6327
Epoch 20 learning rate: 0.0975528258147577
Epoch 20 time: 235.48498702049255 seconds
Epoch 20 accuracy: 55.96%
Batch 100, Loss: 1.5842
Batch 200, Loss: 1.6020
Batch 300, Loss: 1.6129
Epoch 21 learning rate: 0.09730426794137728
Epoch 21 time: 235.46964120864868 seconds
Epoch 21 accuracy: 58.09%
Batch 100, Loss: 1.5862
Batch 200, Loss: 1.6016
Batch 300, Loss: 1.5753
Epoch 22 learning rate: 0.09704403844771128
Epoch 22 time: 235.50953936576843 seconds
Epoch 22 accuracy: 58.06%
Batch 100, Loss: 1.5602
Batch 200, Loss: 1.5819
Batch 300, Loss: 1.5949
Epoch 23 learning rate: 0.09677220154149338
Epoch 23 time: 235.51804375648499 seconds
Epoch 23 accuracy: 54.45%
Batch 100, Loss: 1.5494
Batch 200, Loss: 1.6008
Batch 300, Loss: 1.5646
Epoch 24 learning rate: 0.09648882429441258
Epoch 24 time: 235.57365560531616 seconds
Epoch 24 accuracy: 54.66%
Batch 100, Loss: 1.5323
Batch 200, Loss: 1.5486
Batch 300, Loss: 1.5425
Epoch 25 learning rate: 0.09619397662556435
Epoch 25 time: 235.52294993400574 seconds
Epoch 25 accuracy: 56.5%
Batch 100, Loss: 1.5185
Batch 200, Loss: 1.5673
Batch 300, Loss: 1.5443
Epoch 26 learning rate: 0.09588773128419906
Epoch 26 time: 235.58885765075684 seconds
Epoch 26 accuracy: 57.41%
Batch 100, Loss: 1.5101
Batch 200, Loss: 1.5244
Batch 300, Loss: 1.5561
Epoch 27 learning rate: 0.09557016383177226
Epoch 27 time: 235.451158285141 seconds
Epoch 27 accuracy: 58.58%
Batch 100, Loss: 1.4986
Batch 200, Loss: 1.5249
Batch 300, Loss: 1.5364
Epoch 28 learning rate: 0.09524135262330098
Epoch 28 time: 235.49370074272156 seconds
Epoch 28 accuracy: 58.18%
Batch 100, Loss: 1.4914
Batch 200, Loss: 1.5173
Batch 300, Loss: 1.5394
Epoch 29 learning rate: 0.09490137878803079
Epoch 29 time: 235.49265003204346 seconds
Epoch 29 accuracy: 55.69%
Batch 100, Loss: 1.5062
Batch 200, Loss: 1.5223
Batch 300, Loss: 1.5282
Epoch 30 learning rate: 0.0945503262094184
Epoch 30 time: 235.45340871810913 seconds
Epoch 30 accuracy: 58.01%
Batch 100, Loss: 1.4799
Batch 200, Loss: 1.4915
Batch 300, Loss: 1.4897
Epoch 31 learning rate: 0.0941882815044347
Epoch 31 time: 235.50521230697632 seconds
Epoch 31 accuracy: 56.08%
Batch 100, Loss: 1.4947
Batch 200, Loss: 1.4822
Batch 300, Loss: 1.4923
Epoch 32 learning rate: 0.09381533400219319
Epoch 32 time: 235.54941844940186 seconds
Epoch 32 accuracy: 57.2%
Batch 100, Loss: 1.4576
Batch 200, Loss: 1.4907
Batch 300, Loss: 1.4653
Epoch 33 learning rate: 0.09343157572190958
Epoch 33 time: 235.48090648651123 seconds
Epoch 33 accuracy: 57.13%
Batch 100, Loss: 1.4492
Batch 200, Loss: 1.4663
Batch 300, Loss: 1.4955
Epoch 34 learning rate: 0.0930371013501972
Epoch 34 time: 235.49777150154114 seconds
Epoch 34 accuracy: 57.58%
Batch 100, Loss: 1.4272
Batch 200, Loss: 1.4863
Batch 300, Loss: 1.4796
Epoch 35 learning rate: 0.09263200821770463
Epoch 35 time: 235.5000765323639 seconds
Epoch 35 accuracy: 57.05%
Batch 100, Loss: 1.4440
Batch 200, Loss: 1.4595
Batch 300, Loss: 1.4681
Epoch 36 learning rate: 0.09221639627510078
Epoch 36 time: 235.4594213962555 seconds
Epoch 36 accuracy: 60.74%
Batch 100, Loss: 1.4363
Batch 200, Loss: 1.4607
Batch 300, Loss: 1.4639
Epoch 37 learning rate: 0.09179036806841355
Epoch 37 time: 235.47456288337708 seconds
Epoch 37 accuracy: 57.9%
Batch 100, Loss: 1.4462
Batch 200, Loss: 1.4536
Batch 300, Loss: 1.4520
Epoch 38 learning rate: 0.09135402871372812
Epoch 38 time: 235.49001789093018 seconds
Epoch 38 accuracy: 58.6%
Batch 100, Loss: 1.4144
Batch 200, Loss: 1.4449
Batch 300, Loss: 1.4635
Epoch 39 learning rate: 0.0909074858712512
Epoch 39 time: 235.5337872505188 seconds
Epoch 39 accuracy: 58.43%
Batch 100, Loss: 1.4000
Batch 200, Loss: 1.4180
Batch 300, Loss: 1.4362
Epoch 40 learning rate: 0.09045084971874741
Epoch 40 time: 235.49889492988586 seconds
Epoch 40 accuracy: 56.53%
Batch 100, Loss: 1.3861
Batch 200, Loss: 1.4379
Batch 300, Loss: 1.4616
Epoch 41 learning rate: 0.08998423292435458
Epoch 41 time: 235.47331833839417 seconds
Epoch 41 accuracy: 59.61%
Batch 100, Loss: 1.4211
Batch 200, Loss: 1.4420
Batch 300, Loss: 1.4271
Epoch 42 learning rate: 0.08950775061878455
Epoch 42 time: 235.45756340026855 seconds
Epoch 42 accuracy: 58.63%
Batch 100, Loss: 1.4045
Batch 200, Loss: 1.3995
Batch 300, Loss: 1.4125
Epoch 43 learning rate: 0.08902152036691653
Epoch 43 time: 235.53553128242493 seconds
Epoch 43 accuracy: 61.08%
Batch 100, Loss: 1.4002
Batch 200, Loss: 1.3990
Batch 300, Loss: 1.4240
Epoch 44 learning rate: 0.08852566213878951
Epoch 44 time: 235.47926807403564 seconds
Epoch 44 accuracy: 60.0%
Batch 100, Loss: 1.3740
Batch 200, Loss: 1.4024
Batch 300, Loss: 1.4208
Epoch 45 learning rate: 0.0880202982800016
Epoch 45 time: 235.4772207736969 seconds
Epoch 45 accuracy: 61.23%
Batch 100, Loss: 1.3767
Batch 200, Loss: 1.4310
Batch 300, Loss: 1.4141
Epoch 46 learning rate: 0.08750555348152303
Epoch 46 time: 235.5048270225525 seconds
Epoch 46 accuracy: 60.04%
Batch 100, Loss: 1.3606
Batch 200, Loss: 1.3859
Batch 300, Loss: 1.4188
Epoch 47 learning rate: 0.08698155474893052
Epoch 47 time: 235.53049850463867 seconds
Epoch 47 accuracy: 60.16%
Batch 100, Loss: 1.3593
Batch 200, Loss: 1.4006
Batch 300, Loss: 1.3795
Epoch 48 learning rate: 0.08644843137107061
Epoch 48 time: 235.4895749092102 seconds
Epoch 48 accuracy: 57.26%
Batch 100, Loss: 1.3479
Batch 200, Loss: 1.3698
Batch 300, Loss: 1.4097
Epoch 49 learning rate: 0.08590631488815947
Epoch 49 time: 235.51086497306824 seconds
Epoch 49 accuracy: 58.08%
Batch 100, Loss: 1.3573
Batch 200, Loss: 1.3818
Batch 300, Loss: 1.4030
Epoch 50 learning rate: 0.0853553390593274
Epoch 50 time: 235.44266414642334 seconds
Epoch 50 accuracy: 60.13%
Batch 100, Loss: 1.3397
Batch 200, Loss: 1.3681
Batch 300, Loss: 1.3842
Epoch 51 learning rate: 0.08479563982961574
Epoch 51 time: 235.50356769561768 seconds
Epoch 51 accuracy: 59.28%
Batch 100, Loss: 1.3297
Batch 200, Loss: 1.3823
Batch 300, Loss: 1.3917
Epoch 52 learning rate: 0.08422735529643446
Epoch 52 time: 235.47108364105225 seconds
Epoch 52 accuracy: 59.52%
Batch 100, Loss: 1.3390
Batch 200, Loss: 1.4003
Batch 300, Loss: 1.3721
Epoch 53 learning rate: 0.08365062567548869
Epoch 53 time: 235.48319029808044 seconds
Epoch 53 accuracy: 63.01%
Batch 100, Loss: 1.3400
Batch 200, Loss: 1.3413
Batch 300, Loss: 1.4066
Epoch 54 learning rate: 0.08306559326618261
Epoch 54 time: 235.47831320762634 seconds
Epoch 54 accuracy: 60.53%
Batch 100, Loss: 1.3200
Batch 200, Loss: 1.3652
Batch 300, Loss: 1.3585
Epoch 55 learning rate: 0.0824724024165092
Epoch 55 time: 235.5011978149414 seconds
Epoch 55 accuracy: 61.95%
Batch 100, Loss: 1.3099
Batch 200, Loss: 1.3389
Batch 300, Loss: 1.3733
Epoch 56 learning rate: 0.0818711994874345
Epoch 56 time: 235.5244083404541 seconds
Epoch 56 accuracy: 60.93%
Batch 100, Loss: 1.3162
Batch 200, Loss: 1.3415
Batch 300, Loss: 1.3460
Epoch 57 learning rate: 0.08126213281678528
Epoch 57 time: 235.58688831329346 seconds
Epoch 57 accuracy: 61.57%
Batch 100, Loss: 1.3330
Batch 200, Loss: 1.3253
Batch 300, Loss: 1.3714
Epoch 58 learning rate: 0.08064535268264884
Epoch 58 time: 235.60388922691345 seconds
Epoch 58 accuracy: 61.38%
Batch 100, Loss: 1.2998
Batch 200, Loss: 1.3320
Batch 300, Loss: 1.3399
Epoch 59 learning rate: 0.08002101126629421
Epoch 59 time: 235.55779814720154 seconds
Epoch 59 accuracy: 62.68%
Batch 100, Loss: 1.2891
Batch 200, Loss: 1.3211
Batch 300, Loss: 1.3355
Epoch 60 learning rate: 0.07938926261462367
Epoch 60 time: 235.60828828811646 seconds
Epoch 60 accuracy: 63.93%
Batch 100, Loss: 1.2881
Batch 200, Loss: 1.3301
Batch 300, Loss: 1.3171
Epoch 61 learning rate: 0.07875026260216395
Epoch 61 time: 235.52105689048767 seconds
Epoch 61 accuracy: 62.75%
Batch 100, Loss: 1.2795
Batch 200, Loss: 1.3299
Batch 300, Loss: 1.3152
Epoch 62 learning rate: 0.07810416889260656
Epoch 62 time: 235.6909646987915 seconds
Epoch 62 accuracy: 63.04%
Batch 100, Loss: 1.2823
Batch 200, Loss: 1.2995
Batch 300, Loss: 1.3122
Epoch 63 learning rate: 0.07745114089990661
Epoch 63 time: 235.58642435073853 seconds
Epoch 63 accuracy: 61.51%
Batch 100, Loss: 1.2818
Batch 200, Loss: 1.3198
Batch 300, Loss: 1.3110
Epoch 64 learning rate: 0.07679133974894985
Epoch 64 time: 235.54227662086487 seconds
Epoch 64 accuracy: 62.86%
Batch 100, Loss: 1.2692
Batch 200, Loss: 1.2915
Batch 300, Loss: 1.3215
Epoch 65 learning rate: 0.07612492823579746
Epoch 65 time: 235.5076286792755 seconds
Epoch 65 accuracy: 63.34%
Batch 100, Loss: 1.2864
Batch 200, Loss: 1.3041
Batch 300, Loss: 1.2926
Epoch 66 learning rate: 0.07545207078751859
Epoch 66 time: 235.52137207984924 seconds
Epoch 66 accuracy: 62.4%
Batch 100, Loss: 1.2621
Batch 200, Loss: 1.2919
Batch 300, Loss: 1.2595
Epoch 67 learning rate: 0.0747729334216204
Epoch 67 time: 235.6520757675171 seconds
Epoch 67 accuracy: 64.48%
Batch 100, Loss: 1.2516
Batch 200, Loss: 1.2780
Batch 300, Loss: 1.2971
Epoch 68 learning rate: 0.07408768370508578
Epoch 68 time: 235.50635743141174 seconds
Epoch 68 accuracy: 61.84%
Batch 100, Loss: 1.2422
Batch 200, Loss: 1.2639
Batch 300, Loss: 1.2892
Epoch 69 learning rate: 0.0733964907130287
Epoch 69 time: 235.60106658935547 seconds
Epoch 69 accuracy: 62.22%
Batch 100, Loss: 1.2393
Batch 200, Loss: 1.2742
Batch 300, Loss: 1.2793
Epoch 70 learning rate: 0.07269952498697736
Epoch 70 time: 235.5513961315155 seconds
Epoch 70 accuracy: 64.45%
Batch 100, Loss: 1.2359
Batch 200, Loss: 1.2569
Batch 300, Loss: 1.2855
Epoch 71 learning rate: 0.07199695849279578
Epoch 71 time: 235.51614665985107 seconds
Epoch 71 accuracy: 64.04%
Batch 100, Loss: 1.2279
Batch 200, Loss: 1.2538
Batch 300, Loss: 1.2649
Epoch 72 learning rate: 0.07128896457825366
Epoch 72 time: 235.5540235042572 seconds
Epoch 72 accuracy: 64.74%
Batch 100, Loss: 1.2426
Batch 200, Loss: 1.2408
Batch 300, Loss: 1.2424
Epoch 73 learning rate: 0.07057571793025548
Epoch 73 time: 235.58075666427612 seconds
Epoch 73 accuracy: 63.56%
Batch 100, Loss: 1.2233
Batch 200, Loss: 1.2327
Batch 300, Loss: 1.2631
Epoch 74 learning rate: 0.06985739453173906
Epoch 74 time: 235.5306360721588 seconds
Epoch 74 accuracy: 63.78%
Batch 100, Loss: 1.2028
Batch 200, Loss: 1.2368
Batch 300, Loss: 1.2474
Epoch 75 learning rate: 0.06913417161825453
Epoch 75 time: 235.53352570533752 seconds
Epoch 75 accuracy: 66.51%
Batch 100, Loss: 1.2135
Batch 200, Loss: 1.2237
Batch 300, Loss: 1.2520
Epoch 76 learning rate: 0.06840622763423394
Epoch 76 time: 235.5136981010437 seconds
Epoch 76 accuracy: 64.46%
Batch 100, Loss: 1.2146
Batch 200, Loss: 1.2364
Batch 300, Loss: 1.2364
Epoch 77 learning rate: 0.0676737421889629
Epoch 77 time: 235.53489327430725 seconds
Epoch 77 accuracy: 65.25%
Batch 100, Loss: 1.2075
Batch 200, Loss: 1.2216
Batch 300, Loss: 1.2267
Epoch 78 learning rate: 0.06693689601226462
Epoch 78 time: 235.55599927902222 seconds
Epoch 78 accuracy: 61.76%
Batch 100, Loss: 1.1775
Batch 200, Loss: 1.2049
Batch 300, Loss: 1.2421
Epoch 79 learning rate: 0.06619587090990751
Epoch 79 time: 235.56053805351257 seconds
Epoch 79 accuracy: 65.44%
Batch 100, Loss: 1.1713
Batch 200, Loss: 1.2174
Batch 300, Loss: 1.1917
Epoch 80 learning rate: 0.06545084971874741
Epoch 80 time: 235.4988615512848 seconds
Epoch 80 accuracy: 65.36%
Batch 100, Loss: 1.1930
Batch 200, Loss: 1.2084
Batch 300, Loss: 1.2238
Epoch 81 learning rate: 0.06470201626161524
Epoch 81 time: 235.5175166130066 seconds
Epoch 81 accuracy: 64.24%
Batch 100, Loss: 1.1714
Batch 200, Loss: 1.1871
Batch 300, Loss: 1.2049
Epoch 82 learning rate: 0.06394955530196152
Epoch 82 time: 235.55968189239502 seconds
Epoch 82 accuracy: 63.4%
Batch 100, Loss: 1.1580
Batch 200, Loss: 1.1919
Batch 300, Loss: 1.1924
Epoch 83 learning rate: 0.06319365249826868
Epoch 83 time: 235.51240992546082 seconds
Epoch 83 accuracy: 64.84%
Batch 100, Loss: 1.1640
Batch 200, Loss: 1.2004
Batch 300, Loss: 1.2109
Epoch 84 learning rate: 0.06243449435824277
Epoch 84 time: 235.610755443573 seconds
Epoch 84 accuracy: 65.51%
Batch 100, Loss: 1.1513
Batch 200, Loss: 1.1615
Batch 300, Loss: 1.1885
Epoch 85 learning rate: 0.06167226819279532
Epoch 85 time: 235.508704662323 seconds
Epoch 85 accuracy: 65.38%
Batch 100, Loss: 1.1279
Batch 200, Loss: 1.1770
Batch 300, Loss: 1.1948
Epoch 86 learning rate: 0.06090716206982718
Epoch 86 time: 235.55184364318848 seconds
Epoch 86 accuracy: 67.97%
Batch 100, Loss: 1.1251
Batch 200, Loss: 1.1675
Batch 300, Loss: 1.1752
Epoch 87 learning rate: 0.06013936476782568
Epoch 87 time: 235.5769383907318 seconds
Epoch 87 accuracy: 65.74%
Batch 100, Loss: 1.1227
Batch 200, Loss: 1.1754
Batch 300, Loss: 1.1748
Epoch 88 learning rate: 0.05936906572928629
Epoch 88 time: 235.51210951805115 seconds
Epoch 88 accuracy: 68.14%
Batch 100, Loss: 1.1270
Batch 200, Loss: 1.1500
Batch 300, Loss: 1.1665
Epoch 89 learning rate: 0.05859645501397052
Epoch 89 time: 235.54479122161865 seconds
Epoch 89 accuracy: 65.46%
Batch 100, Loss: 1.1122
Batch 200, Loss: 1.1687
Batch 300, Loss: 1.1669
Epoch 90 learning rate: 0.05782172325201159
Epoch 90 time: 235.64393949508667 seconds
Epoch 90 accuracy: 66.85%
Batch 100, Loss: 1.1133
Batch 200, Loss: 1.1193
Batch 300, Loss: 1.1693
Epoch 91 learning rate: 0.057045061596879186
Epoch 91 time: 235.52447938919067 seconds
Epoch 91 accuracy: 65.45%
Batch 100, Loss: 1.1054
Batch 200, Loss: 1.1339
Batch 300, Loss: 1.1437
Epoch 92 learning rate: 0.056266661678215264
Epoch 92 time: 235.58179903030396 seconds
Epoch 92 accuracy: 66.79%
Batch 100, Loss: 1.1034
Batch 200, Loss: 1.1326
Batch 300, Loss: 1.1246
Epoch 93 learning rate: 0.055486715554552306
Epoch 93 time: 235.53645372390747 seconds
Epoch 93 accuracy: 65.8%
Batch 100, Loss: 1.0948
Batch 200, Loss: 1.1008
Batch 300, Loss: 1.1332
Epoch 94 learning rate: 0.05470541566592575
Epoch 94 time: 235.53806233406067 seconds
Epoch 94 accuracy: 67.19%
Batch 100, Loss: 1.0710
Batch 200, Loss: 1.1008
Batch 300, Loss: 1.1452
Epoch 95 learning rate: 0.05392295478639229
Epoch 95 time: 235.55489778518677 seconds
Epoch 95 accuracy: 67.97%
Batch 100, Loss: 1.0693
Batch 200, Loss: 1.0946
Batch 300, Loss: 1.1134
Epoch 96 learning rate: 0.05313952597646571
Epoch 96 time: 235.5787169933319 seconds
Epoch 96 accuracy: 68.93%
Batch 100, Loss: 1.0532
Batch 200, Loss: 1.0850
Batch 300, Loss: 1.1005
Epoch 97 learning rate: 0.05235532253548216
Epoch 97 time: 235.5472490787506 seconds
Epoch 97 accuracy: 68.02%
Batch 100, Loss: 1.0495
Batch 200, Loss: 1.0810
Batch 300, Loss: 1.1027
Epoch 98 learning rate: 0.051570537953906447
Epoch 98 time: 235.5350091457367 seconds
Epoch 98 accuracy: 68.68%
Batch 100, Loss: 1.0457
Batch 200, Loss: 1.0617
Batch 300, Loss: 1.0809
Epoch 99 learning rate: 0.05078536586559106
Epoch 99 time: 235.56248307228088 seconds
Epoch 99 accuracy: 67.98%
Batch 100, Loss: 1.0315
Batch 200, Loss: 1.0595
Batch 300, Loss: 1.1143
Epoch 100 learning rate: 0.050000000000000024
Epoch 100 time: 235.60035276412964 seconds
Epoch 100 accuracy: 68.75%
Batch 100, Loss: 1.0452
Batch 200, Loss: 1.0631
Batch 300, Loss: 1.0630
Epoch 101 learning rate: 0.049214634134409
Epoch 101 time: 235.4860315322876 seconds
Epoch 101 accuracy: 69.75%
Batch 100, Loss: 1.0180
Batch 200, Loss: 1.0512
Batch 300, Loss: 1.0822
Epoch 102 learning rate: 0.04842946204609361
Epoch 102 time: 235.50992512702942 seconds
Epoch 102 accuracy: 70.69%
Batch 100, Loss: 1.0503
Batch 200, Loss: 1.0525
Batch 300, Loss: 1.0534
Epoch 103 learning rate: 0.04764467746451789
Epoch 103 time: 235.55309224128723 seconds
Epoch 103 accuracy: 67.44%
Batch 100, Loss: 1.0287
Batch 200, Loss: 1.0465
Batch 300, Loss: 1.0537
Epoch 104 learning rate: 0.046860474023534354
Epoch 104 time: 235.56266260147095 seconds
Epoch 104 accuracy: 67.86%
Batch 100, Loss: 0.9934
Batch 200, Loss: 1.0378
Batch 300, Loss: 1.0818
Epoch 105 learning rate: 0.04607704521360778
Epoch 105 time: 235.4831440448761 seconds
Epoch 105 accuracy: 68.24%
Batch 100, Loss: 1.0030
Batch 200, Loss: 1.0122
Batch 300, Loss: 1.0278
Epoch 106 learning rate: 0.04529458433407431
Epoch 106 time: 235.57591247558594 seconds
Epoch 106 accuracy: 69.81%
Batch 100, Loss: 0.9916
Batch 200, Loss: 1.0096
Batch 300, Loss: 1.0310
Epoch 107 learning rate: 0.04451328444544776
Epoch 107 time: 235.5159797668457 seconds
Epoch 107 accuracy: 70.85%
Batch 100, Loss: 0.9781
Batch 200, Loss: 1.0048
Batch 300, Loss: 1.0254
Epoch 108 learning rate: 0.04373333832178482
Epoch 108 time: 235.57729935646057 seconds
Epoch 108 accuracy: 68.48%
Batch 100, Loss: 0.9756
Batch 200, Loss: 0.9959
Batch 300, Loss: 1.0264
Epoch 109 learning rate: 0.0429549384031209
Epoch 109 time: 235.50138330459595 seconds
Epoch 109 accuracy: 69.46%
Batch 100, Loss: 0.9732
Batch 200, Loss: 0.9916
Batch 300, Loss: 1.0090
Epoch 110 learning rate: 0.042178276747988484
Epoch 110 time: 235.57575368881226 seconds
Epoch 110 accuracy: 69.65%
Batch 100, Loss: 0.9752
Batch 200, Loss: 0.9838
Batch 300, Loss: 0.9948
Epoch 111 learning rate: 0.04140354498602954
Epoch 111 time: 235.5495593547821 seconds
Epoch 111 accuracy: 69.56%
Batch 100, Loss: 0.9499
Batch 200, Loss: 0.9731
Batch 300, Loss: 0.9934
Epoch 112 learning rate: 0.0406309342707138
Epoch 112 time: 235.589768409729 seconds
Epoch 112 accuracy: 69.99%
Batch 100, Loss: 0.9411
Batch 200, Loss: 0.9645
Batch 300, Loss: 0.9775
Epoch 113 learning rate: 0.03986063523217441
Epoch 113 time: 235.61606431007385 seconds
Epoch 113 accuracy: 69.55%
Batch 100, Loss: 0.9428
Batch 200, Loss: 0.9440
Batch 300, Loss: 0.9842
Epoch 114 learning rate: 0.039092837930172916
Epoch 114 time: 235.552011013031 seconds
Epoch 114 accuracy: 69.98%
Batch 100, Loss: 0.9279
Batch 200, Loss: 0.9627
Batch 300, Loss: 0.9621
Epoch 115 learning rate: 0.03832773180720475
Epoch 115 time: 235.4955551624298 seconds
Epoch 115 accuracy: 71.23%
Batch 100, Loss: 0.9219
Batch 200, Loss: 0.9438
Batch 300, Loss: 0.9599
Epoch 116 learning rate: 0.037565505641757285
Epoch 116 time: 235.57720971107483 seconds
Epoch 116 accuracy: 70.09%
Batch 100, Loss: 0.9062
Batch 200, Loss: 0.9229
Batch 300, Loss: 0.9440
Epoch 117 learning rate: 0.03680634750173138
Epoch 117 time: 235.55136585235596 seconds
Epoch 117 accuracy: 70.1%
Batch 100, Loss: 0.9197
Batch 200, Loss: 0.9276
Batch 300, Loss: 0.9233
Epoch 118 learning rate: 0.036050444698038565
Epoch 118 time: 235.58208513259888 seconds
Epoch 118 accuracy: 71.39%
Batch 100, Loss: 0.9049
Batch 200, Loss: 0.9216
Batch 300, Loss: 0.9136
Epoch 119 learning rate: 0.03529798373838483
Epoch 119 time: 235.5379102230072 seconds
Epoch 119 accuracy: 71.22%
Batch 100, Loss: 0.8881
Batch 200, Loss: 0.9083
Batch 300, Loss: 0.9053
Epoch 120 learning rate: 0.03454915028125267
Epoch 120 time: 235.5242097377777 seconds
Epoch 120 accuracy: 71.83%
Batch 100, Loss: 0.8586
Batch 200, Loss: 0.9106
Batch 300, Loss: 0.9106
Epoch 121 learning rate: 0.03380412909009255
Epoch 121 time: 235.56731510162354 seconds
Epoch 121 accuracy: 71.72%
Batch 100, Loss: 0.8517
Batch 200, Loss: 0.8809
Batch 300, Loss: 0.9062
Epoch 122 learning rate: 0.03306310398773545
Epoch 122 time: 235.58385348320007 seconds
Epoch 122 accuracy: 71.25%
Batch 100, Loss: 0.8573
Batch 200, Loss: 0.8752
Batch 300, Loss: 0.8841
Epoch 123 learning rate: 0.03232625781103717
Epoch 123 time: 235.5079846382141 seconds
Epoch 123 accuracy: 71.69%
Batch 100, Loss: 0.8423
Batch 200, Loss: 0.8695
Batch 300, Loss: 0.8986
Epoch 124 learning rate: 0.03159377236576613
Epoch 124 time: 235.55894303321838 seconds
Epoch 124 accuracy: 72.7%
Batch 100, Loss: 0.8461
Batch 200, Loss: 0.8580
Batch 300, Loss: 0.8651
Epoch 125 learning rate: 0.030865828381745543
Epoch 125 time: 235.4920690059662 seconds
Epoch 125 accuracy: 71.75%
Batch 100, Loss: 0.8189
Batch 200, Loss: 0.8398
Batch 300, Loss: 0.8624
Epoch 126 learning rate: 0.03014260546826098
Epoch 126 time: 235.5189027786255 seconds
Epoch 126 accuracy: 72.67%
Batch 100, Loss: 0.8114
Batch 200, Loss: 0.8328
Batch 300, Loss: 0.8723
Epoch 127 learning rate: 0.02942428206974458
Epoch 127 time: 235.60188150405884 seconds
Epoch 127 accuracy: 71.58%
Batch 100, Loss: 0.8024
Batch 200, Loss: 0.8409
Batch 300, Loss: 0.8491
Epoch 128 learning rate: 0.028711035421746387
Epoch 128 time: 235.5740659236908 seconds
Epoch 128 accuracy: 72.14%
Batch 100, Loss: 0.7920
Batch 200, Loss: 0.8150
Batch 300, Loss: 0.8301
Epoch 129 learning rate: 0.02800304150720426
Epoch 129 time: 235.5414273738861 seconds
Epoch 129 accuracy: 72.76%
Batch 100, Loss: 0.7857
Batch 200, Loss: 0.8085
Batch 300, Loss: 0.8402
Epoch 130 learning rate: 0.02730047501302268
Epoch 130 time: 235.52338361740112 seconds
Epoch 130 accuracy: 72.95%
Batch 100, Loss: 0.7731
Batch 200, Loss: 0.7846
Batch 300, Loss: 0.8206
Epoch 131 learning rate: 0.026603509286971357
Epoch 131 time: 235.4863748550415 seconds
Epoch 131 accuracy: 72.77%
Batch 100, Loss: 0.7651
Batch 200, Loss: 0.8051
Batch 300, Loss: 0.8017
Epoch 132 learning rate: 0.025912316294914244
Epoch 132 time: 235.54113483428955 seconds
Epoch 132 accuracy: 73.97%
Batch 100, Loss: 0.7586
Batch 200, Loss: 0.7738
Batch 300, Loss: 0.7972
Epoch 133 learning rate: 0.025227066578379632
Epoch 133 time: 235.63286995887756 seconds
Epoch 133 accuracy: 73.71%
Batch 100, Loss: 0.7531
Batch 200, Loss: 0.7583
Batch 300, Loss: 0.7749
Epoch 134 learning rate: 0.024547929212481445
Epoch 134 time: 235.53218603134155 seconds
Epoch 134 accuracy: 73.23%
Batch 100, Loss: 0.7520
Batch 200, Loss: 0.7506
Batch 300, Loss: 0.7686
Epoch 135 learning rate: 0.02387507176420257
Epoch 135 time: 235.5809178352356 seconds
Epoch 135 accuracy: 74.34%
Batch 100, Loss: 0.7414
Batch 200, Loss: 0.7617
Batch 300, Loss: 0.7679
Epoch 136 learning rate: 0.023208660251050166
Epoch 136 time: 235.53974604606628 seconds
Epoch 136 accuracy: 73.9%
Batch 100, Loss: 0.7252
Batch 200, Loss: 0.7355
Batch 300, Loss: 0.7554
Epoch 137 learning rate: 0.022548859100093414
Epoch 137 time: 235.5118362903595 seconds
Epoch 137 accuracy: 73.93%
Batch 100, Loss: 0.7056
Batch 200, Loss: 0.7271
Batch 300, Loss: 0.7393
Epoch 138 learning rate: 0.021895831107393474
Epoch 138 time: 235.54120564460754 seconds
Epoch 138 accuracy: 74.97%
Batch 100, Loss: 0.6985
Batch 200, Loss: 0.6993
Batch 300, Loss: 0.7432
Epoch 139 learning rate: 0.02124973739783608
Epoch 139 time: 235.54167914390564 seconds
Epoch 139 accuracy: 74.11%
Batch 100, Loss: 0.6933
Batch 200, Loss: 0.7271
Batch 300, Loss: 0.7083
Epoch 140 learning rate: 0.02061073738537636
Epoch 140 time: 235.509268283844 seconds
Epoch 140 accuracy: 74.31%
Batch 100, Loss: 0.6699
Batch 200, Loss: 0.7014
Batch 300, Loss: 0.7026
Epoch 141 learning rate: 0.019978988733705814
Epoch 141 time: 235.51818776130676 seconds
Epoch 141 accuracy: 74.27%
Batch 100, Loss: 0.6592
Batch 200, Loss: 0.7020
Batch 300, Loss: 0.7134
Epoch 142 learning rate: 0.01935464731735118
Epoch 142 time: 235.56287360191345 seconds
Epoch 142 accuracy: 75.2%
Batch 100, Loss: 0.6537
Batch 200, Loss: 0.6737
Batch 300, Loss: 0.6950
Epoch 143 learning rate: 0.018737867183214747
Epoch 143 time: 235.64039945602417 seconds
Epoch 143 accuracy: 75.93%
Batch 100, Loss: 0.6549
Batch 200, Loss: 0.6689
Batch 300, Loss: 0.6767
Epoch 144 learning rate: 0.01812880051256552
Epoch 144 time: 235.5491919517517 seconds
Epoch 144 accuracy: 74.72%
Batch 100, Loss: 0.6446
Batch 200, Loss: 0.6705
Batch 300, Loss: 0.6656
Epoch 145 learning rate: 0.017527597583490827
Epoch 145 time: 235.57614278793335 seconds
Epoch 145 accuracy: 74.78%
Batch 100, Loss: 0.6300
Batch 200, Loss: 0.6401
Batch 300, Loss: 0.6582
Epoch 146 learning rate: 0.01693440673381742
Epoch 146 time: 235.55389046669006 seconds
Epoch 146 accuracy: 74.47%
Batch 100, Loss: 0.6129
Batch 200, Loss: 0.6154
Batch 300, Loss: 0.6386
Epoch 147 learning rate: 0.016349374324511334
Epoch 147 time: 235.61424040794373 seconds
Epoch 147 accuracy: 75.62%
Batch 100, Loss: 0.6052
Batch 200, Loss: 0.6316
Batch 300, Loss: 0.6402
Epoch 148 learning rate: 0.01577264470356557
Epoch 148 time: 235.52208042144775 seconds
Epoch 148 accuracy: 76.14%
Batch 100, Loss: 0.6032
Batch 200, Loss: 0.6141
Batch 300, Loss: 0.6261
Epoch 149 learning rate: 0.01520436017038429
Epoch 149 time: 235.5073380470276 seconds
Epoch 149 accuracy: 76.26%
Batch 100, Loss: 0.5967
Batch 200, Loss: 0.5986
Batch 300, Loss: 0.6068
Epoch 150 learning rate: 0.014644660940672632
Epoch 150 time: 235.5771267414093 seconds
Epoch 150 accuracy: 75.95%
Batch 100, Loss: 0.5811
Batch 200, Loss: 0.5964
Batch 300, Loss: 0.5966
Epoch 151 learning rate: 0.01409368511184057
Epoch 151 time: 235.5456838607788 seconds
Epoch 151 accuracy: 76.5%
Batch 100, Loss: 0.5663
Batch 200, Loss: 0.5808
Batch 300, Loss: 0.5965
Epoch 152 learning rate: 0.013551568628929438
Epoch 152 time: 235.58407068252563 seconds
Epoch 152 accuracy: 76.4%
Batch 100, Loss: 0.5500
Batch 200, Loss: 0.5741
Batch 300, Loss: 0.5838
Epoch 153 learning rate: 0.013018445251069516
Epoch 153 time: 235.52302956581116 seconds
Epoch 153 accuracy: 76.85%
Batch 100, Loss: 0.5470
Batch 200, Loss: 0.5646
Batch 300, Loss: 0.5745
Epoch 154 learning rate: 0.012494446518477026
Epoch 154 time: 235.50085973739624 seconds
Epoch 154 accuracy: 76.58%
Batch 100, Loss: 0.5415
Batch 200, Loss: 0.5529
Batch 300, Loss: 0.5765
Epoch 155 learning rate: 0.011979701719998459
Epoch 155 time: 235.52344298362732 seconds
Epoch 155 accuracy: 76.61%
Batch 100, Loss: 0.5393
Batch 200, Loss: 0.5425
Batch 300, Loss: 0.5440
Epoch 156 learning rate: 0.011474337861210548
Epoch 156 time: 235.6066689491272 seconds
Epoch 156 accuracy: 77.19%
Batch 100, Loss: 0.5145
Batch 200, Loss: 0.5191
Batch 300, Loss: 0.5286
Epoch 157 learning rate: 0.010978479633083526
Epoch 157 time: 235.54057502746582 seconds
Epoch 157 accuracy: 77.33%
Batch 100, Loss: 0.5206
Batch 200, Loss: 0.5148
Batch 300, Loss: 0.5332
Epoch 158 learning rate: 0.010492249381215483
Epoch 158 time: 235.5962381362915 seconds
Epoch 158 accuracy: 77.41%
Batch 100, Loss: 0.4919
Batch 200, Loss: 0.5059
Batch 300, Loss: 0.5117
Epoch 159 learning rate: 0.010015767075645474
Epoch 159 time: 235.624902009964 seconds
Epoch 159 accuracy: 77.16%
Batch 100, Loss: 0.4863
Batch 200, Loss: 0.4992
Batch 300, Loss: 0.5053
Epoch 160 learning rate: 0.009549150281252637
Epoch 160 time: 235.57517457008362 seconds
Epoch 160 accuracy: 77.43%
Batch 100, Loss: 0.4817
Batch 200, Loss: 0.4746
Batch 300, Loss: 0.4954
Epoch 161 learning rate: 0.00909251412874884
Epoch 161 time: 235.64195084571838 seconds
Epoch 161 accuracy: 77.99%
Batch 100, Loss: 0.4706
Batch 200, Loss: 0.4870
Batch 300, Loss: 0.4926
Epoch 162 learning rate: 0.008645971286271918
Epoch 162 time: 235.5406002998352 seconds
Epoch 162 accuracy: 78.35%
Batch 100, Loss: 0.4620
Batch 200, Loss: 0.4697
Batch 300, Loss: 0.4778
Epoch 163 learning rate: 0.008209631931586501
Epoch 163 time: 235.58330249786377 seconds
Epoch 163 accuracy: 78.25%
Batch 100, Loss: 0.4589
Batch 200, Loss: 0.4798
Batch 300, Loss: 0.4696
Epoch 164 learning rate: 0.0077836037248992605
Epoch 164 time: 235.51487278938293 seconds
Epoch 164 accuracy: 78.65%
Batch 100, Loss: 0.4489
Batch 200, Loss: 0.4659
Batch 300, Loss: 0.4627
Epoch 165 learning rate: 0.0073679917822954055
Epoch 165 time: 235.60164880752563 seconds
Epoch 165 accuracy: 79.01%
Batch 100, Loss: 0.4373
Batch 200, Loss: 0.4392
Batch 300, Loss: 0.4430
Epoch 166 learning rate: 0.006962898649802815
Epoch 166 time: 235.48846077919006 seconds
Epoch 166 accuracy: 78.53%
Batch 100, Loss: 0.4433
Batch 200, Loss: 0.4419
Batch 300, Loss: 0.4455
Epoch 167 learning rate: 0.006568424278090438
Epoch 167 time: 235.5264434814453 seconds
Epoch 167 accuracy: 78.3%
Batch 100, Loss: 0.4308
Batch 200, Loss: 0.4217
Batch 300, Loss: 0.4325
Epoch 168 learning rate: 0.006184665997806824
Epoch 168 time: 235.5073320865631 seconds
Epoch 168 accuracy: 79.19%
Batch 100, Loss: 0.4207
Batch 200, Loss: 0.4290
Batch 300, Loss: 0.4299
Epoch 169 learning rate: 0.00581171849556533
Epoch 169 time: 235.58754754066467 seconds
Epoch 169 accuracy: 79.65%
Batch 100, Loss: 0.4060
Batch 200, Loss: 0.4093
Batch 300, Loss: 0.4167
Epoch 170 learning rate: 0.0054496737905816136
Epoch 170 time: 235.54895067214966 seconds
Epoch 170 accuracy: 79.7%
Batch 100, Loss: 0.3977
Batch 200, Loss: 0.4058
Batch 300, Loss: 0.4067
Epoch 171 learning rate: 0.005098621211969226
Epoch 171 time: 235.5063169002533 seconds
Epoch 171 accuracy: 79.4%
Batch 100, Loss: 0.3883
Batch 200, Loss: 0.3979
Batch 300, Loss: 0.3926
Epoch 172 learning rate: 0.004758647376699035
Epoch 172 time: 235.5281527042389 seconds
Epoch 172 accuracy: 79.6%
Batch 100, Loss: 0.3736
Batch 200, Loss: 0.3879
Batch 300, Loss: 0.3934
Epoch 173 learning rate: 0.00442983616822775
Epoch 173 time: 235.50276565551758 seconds
Epoch 173 accuracy: 79.31%
Batch 100, Loss: 0.3872
Batch 200, Loss: 0.3891
Batch 300, Loss: 0.3777
Epoch 174 learning rate: 0.004112268715800957
Epoch 174 time: 235.5637276172638 seconds
Epoch 174 accuracy: 79.65%
Batch 100, Loss: 0.3708
Batch 200, Loss: 0.3740
Batch 300, Loss: 0.3918
Epoch 175 learning rate: 0.003806023374435677
Epoch 175 time: 235.5662829875946 seconds
Epoch 175 accuracy: 79.98%
Batch 100, Loss: 0.3667
Batch 200, Loss: 0.3774
Batch 300, Loss: 0.3711
Epoch 176 learning rate: 0.003511175705587435
Epoch 176 time: 235.52990889549255 seconds
Epoch 176 accuracy: 80.15%
Batch 100, Loss: 0.3609
Batch 200, Loss: 0.3682
Batch 300, Loss: 0.3756
Epoch 177 learning rate: 0.0032277984585066333
Epoch 177 time: 235.47362875938416 seconds
Epoch 177 accuracy: 79.97%
Batch 100, Loss: 0.3537
Batch 200, Loss: 0.3530
Batch 300, Loss: 0.3609
Epoch 178 learning rate: 0.002955961552288729
Epoch 178 time: 235.48495483398438 seconds
Epoch 178 accuracy: 80.5%
Batch 100, Loss: 0.3548
Batch 200, Loss: 0.3518
Batch 300, Loss: 0.3547
Epoch 179 learning rate: 0.0026957320586227366
Epoch 179 time: 235.60011219978333 seconds
Epoch 179 accuracy: 80.31%
Batch 100, Loss: 0.3349
Batch 200, Loss: 0.3468
Batch 300, Loss: 0.3564
Epoch 180 learning rate: 0.002447174185242325
Epoch 180 time: 235.47520279884338 seconds
Epoch 180 accuracy: 80.63%
Batch 100, Loss: 0.3431
Batch 200, Loss: 0.3427
Batch 300, Loss: 0.3436
Epoch 181 learning rate: 0.0022103492600834954
Epoch 181 time: 235.51329636573792 seconds
Epoch 181 accuracy: 80.47%
Batch 100, Loss: 0.3412
Batch 200, Loss: 0.3381
Batch 300, Loss: 0.3418
Epoch 182 learning rate: 0.0019853157161528537
Epoch 182 time: 235.65052843093872 seconds
Epoch 182 accuracy: 80.61%
Batch 100, Loss: 0.3348
Batch 200, Loss: 0.3348
Batch 300, Loss: 0.3558
Epoch 183 learning rate: 0.001772129077110103
Epoch 183 time: 235.65541529655457 seconds
Epoch 183 accuracy: 80.56%
Batch 100, Loss: 0.3249
Batch 200, Loss: 0.3240
Batch 300, Loss: 0.3363
Epoch 184 learning rate: 0.0015708419435684529
Epoch 184 time: 235.55555629730225 seconds
Epoch 184 accuracy: 80.82%
Batch 100, Loss: 0.3251
Batch 200, Loss: 0.3350
Batch 300, Loss: 0.3258
Epoch 185 learning rate: 0.0013815039801161732
Epoch 185 time: 235.62617373466492 seconds
Epoch 185 accuracy: 80.75%
Batch 100, Loss: 0.3135
Batch 200, Loss: 0.3254
Batch 300, Loss: 0.3216
Epoch 186 learning rate: 0.0012041619030626347
Epoch 186 time: 235.52459287643433 seconds
Epoch 186 accuracy: 80.79%
Batch 100, Loss: 0.3213
Batch 200, Loss: 0.3285
Batch 300, Loss: 0.3257
Epoch 187 learning rate: 0.0010388594689117077
Epoch 187 time: 235.50857496261597 seconds
Epoch 187 accuracy: 80.92%
Batch 100, Loss: 0.3230
Batch 200, Loss: 0.3081
Batch 300, Loss: 0.3214
Epoch 188 learning rate: 0.0008856374635655645
Epoch 188 time: 235.51657366752625 seconds
Epoch 188 accuracy: 81.1%
Batch 100, Loss: 0.3188
Batch 200, Loss: 0.3102
Batch 300, Loss: 0.3140
Epoch 189 learning rate: 0.000744533692261307
Epoch 189 time: 235.5326633453369 seconds
Epoch 189 accuracy: 81.21%
Batch 100, Loss: 0.3123
Batch 200, Loss: 0.3078
Batch 300, Loss: 0.3117
Epoch 190 learning rate: 0.0006155829702431174
Epoch 190 time: 235.57256317138672 seconds
Epoch 190 accuracy: 81.24%
Batch 100, Loss: 0.3054
Batch 200, Loss: 0.3087
Batch 300, Loss: 0.3032
Epoch 191 learning rate: 0.0004988171141721235
Epoch 191 time: 235.52336597442627 seconds
Epoch 191 accuracy: 81.07%
Batch 100, Loss: 0.3156
Batch 200, Loss: 0.3054
Batch 300, Loss: 0.3131
Epoch 192 learning rate: 0.00039426493427611206
Epoch 192 time: 235.58275246620178 seconds
Epoch 192 accuracy: 81.32%
Batch 100, Loss: 0.3031
Batch 200, Loss: 0.3080
Batch 300, Loss: 0.3098
Epoch 193 learning rate: 0.00030195222724102046
Epoch 193 time: 235.63887763023376 seconds
Epoch 193 accuracy: 81.24%
Batch 100, Loss: 0.3045
Batch 200, Loss: 0.3053
Batch 300, Loss: 0.3101
Epoch 194 learning rate: 0.00022190176984600036
Epoch 194 time: 235.4832398891449 seconds
Epoch 194 accuracy: 81.25%
Batch 100, Loss: 0.3057
Batch 200, Loss: 0.2994
Batch 300, Loss: 0.3068
Epoch 195 learning rate: 0.00015413331334360192
Epoch 195 time: 235.53736448287964 seconds
Epoch 195 accuracy: 81.51%
Batch 100, Loss: 0.2933
Batch 200, Loss: 0.2934
Batch 300, Loss: 0.3005
Epoch 196 learning rate: 9.866357858642213e-05
Epoch 196 time: 235.48718643188477 seconds
Epoch 196 accuracy: 81.43%
Batch 100, Loss: 0.3053
Batch 200, Loss: 0.3045
Batch 300, Loss: 0.2982
Epoch 197 learning rate: 5.5506251901504864e-05
Epoch 197 time: 235.52527475357056 seconds
Epoch 197 accuracy: 81.22%
Batch 100, Loss: 0.3066
Batch 200, Loss: 0.3099
Batch 300, Loss: 0.2987
Epoch 198 learning rate: 2.4671981713420017e-05
Epoch 198 time: 235.56431794166565 seconds
Epoch 198 accuracy: 81.34%
Batch 100, Loss: 0.2975
Batch 200, Loss: 0.3068
Batch 300, Loss: 0.2989
Epoch 199 learning rate: 6.168375916970619e-06
Epoch 199 time: 235.5436291694641 seconds
Epoch 199 accuracy: 81.4%
Batch 100, Loss: 0.3028
Batch 200, Loss: 0.2946
Batch 300, Loss: 0.3112
Epoch 200 learning rate: 0.0
Epoch 200 time: 235.50061750411987 seconds
Epoch 200 accuracy: 81.47%
rho:  0.1 , alpha:  0.3
Total training time: 47117.406081438065 seconds
