The following modules were not unloaded:
  (Use "module --force purge" to unload all):

  1) CCconfig        6)  ucx/1.14.1         11) flexiblas/3.3.1
  2) gentoo/2023     7)  libfabric/1.18.0   12) imkl/2023.2.0
  3) gcccore/.12.3   8)  pmix/4.2.4         13) StdEnv/2023
  4) gcc/12.3        9)  ucc/1.2.0
  5) hwloc/2.9.1     10) openmpi/4.1.5
/project/6070520/tkleinkn/Vanilla-GAM/main_cifar.py:187: UserWarning: You have chosen a specific GPU. This will completely disable data parallelism.
  warnings.warn('You have chosen a specific GPU. This will completely '
model name space ['resnet101_c', 'resnet152_c', 'resnet18_c', 'resnet34_c', 'resnet50_c']
Use GPU: 0 for training
=> creating model 'resnet18_c'
Files already downloaded and verified
Files already downloaded and verified
tensorboard dir ./results/CIFAR100/GAMNonAccelerated
Using non-accelerated GAM
/home/tkleinkn/GAMtest/lib/python3.11/site-packages/torch/autograd/graph.py:744: UserWarning: Using backward() with create_graph=True will create a reference cycle between the parameter and its gradient which can cause a memory leak. We recommend using autograd.grad when creating the graph to avoid this. If you have to use this function, make sure to reset the .grad fields of your parameters to None after use to break the cycle and avoid the leak. (Triggered internally at /home/coulombc/wheels_builder/tmp.2617/python-3.11/torch/torch/csrc/autograd/engine.cpp:1203.)
  return Variable._execution_engine.run_backward(  # Calls into the C++ engine to run the backward pass
Batch 100, Loss: 3.6322
Batch 200, Loss: 3.2892
Batch 300, Loss: 3.1650
Epoch 1 learning rate: 0.09999383162408304
Epoch 1 time: 245.37892746925354 seconds
Epoch 1 accuracy: 14.82%
Batch 100, Loss: 2.9181
Batch 200, Loss: 2.8578
Batch 300, Loss: 2.7357
Epoch 2 learning rate: 0.09997532801828658
Epoch 2 time: 235.96144461631775 seconds
Epoch 2 accuracy: 22.57%
Batch 100, Loss: 2.5334
Batch 200, Loss: 2.4542
Batch 300, Loss: 2.3579
Epoch 3 learning rate: 0.09994449374809851
Epoch 3 time: 235.87367343902588 seconds
Epoch 3 accuracy: 32.28%
Batch 100, Loss: 2.1325
Batch 200, Loss: 2.0562
Batch 300, Loss: 1.9594
Epoch 4 learning rate: 0.09990133642141359
Epoch 4 time: 235.8183355331421 seconds
Epoch 4 accuracy: 40.06%
Batch 100, Loss: 1.8209
Batch 200, Loss: 1.7729
Batch 300, Loss: 1.7694
Epoch 5 learning rate: 0.09984586668665642
Epoch 5 time: 235.59737420082092 seconds
Epoch 5 accuracy: 44.04%
Batch 100, Loss: 1.6193
Batch 200, Loss: 1.6024
Batch 300, Loss: 1.5615
Epoch 6 learning rate: 0.09977809823015402
Epoch 6 time: 235.6232979297638 seconds
Epoch 6 accuracy: 49.25%
Batch 100, Loss: 1.4956
Batch 200, Loss: 1.4802
Batch 300, Loss: 1.4779
Epoch 7 learning rate: 0.09969804777275901
Epoch 7 time: 235.715562582016 seconds
Epoch 7 accuracy: 48.79%
Batch 100, Loss: 1.3709
Batch 200, Loss: 1.4031
Batch 300, Loss: 1.3767
Epoch 8 learning rate: 0.09960573506572391
Epoch 8 time: 235.90139603614807 seconds
Epoch 8 accuracy: 53.29%
Batch 100, Loss: 1.3089
Batch 200, Loss: 1.3413
Batch 300, Loss: 1.3163
Epoch 9 learning rate: 0.09950118288582789
Epoch 9 time: 235.75248885154724 seconds
Epoch 9 accuracy: 55.13%
Batch 100, Loss: 1.2270
Batch 200, Loss: 1.2749
Batch 300, Loss: 1.2796
Epoch 10 learning rate: 0.09938441702975691
Epoch 10 time: 235.6493535041809 seconds
Epoch 10 accuracy: 57.02%
Batch 100, Loss: 1.2033
Batch 200, Loss: 1.2330
Batch 300, Loss: 1.2257
Epoch 11 learning rate: 0.09925546630773871
Epoch 11 time: 235.60437846183777 seconds
Epoch 11 accuracy: 51.91%
Batch 100, Loss: 1.1653
Batch 200, Loss: 1.1917
Batch 300, Loss: 1.2000
Epoch 12 learning rate: 0.09911436253643445
Epoch 12 time: 235.7367227077484 seconds
Epoch 12 accuracy: 54.95%
Batch 100, Loss: 1.1247
Batch 200, Loss: 1.1652
Batch 300, Loss: 1.1593
Epoch 13 learning rate: 0.0989611405310883
Epoch 13 time: 235.61819171905518 seconds
Epoch 13 accuracy: 54.65%
Batch 100, Loss: 1.0855
Batch 200, Loss: 1.1267
Batch 300, Loss: 1.1330
Epoch 14 learning rate: 0.09879583809693739
Epoch 14 time: 235.6814112663269 seconds
Epoch 14 accuracy: 54.48%
Batch 100, Loss: 1.0735
Batch 200, Loss: 1.0780
Batch 300, Loss: 1.1320
Epoch 15 learning rate: 0.09861849601988384
Epoch 15 time: 235.62811613082886 seconds
Epoch 15 accuracy: 58.28%
Batch 100, Loss: 1.0470
Batch 200, Loss: 1.0550
Batch 300, Loss: 1.1027
Epoch 16 learning rate: 0.09842915805643157
Epoch 16 time: 235.74520206451416 seconds
Epoch 16 accuracy: 57.42%
Batch 100, Loss: 1.0157
Batch 200, Loss: 1.0413
Batch 300, Loss: 1.0921
Epoch 17 learning rate: 0.09822787092288993
Epoch 17 time: 235.74392461776733 seconds
Epoch 17 accuracy: 57.74%
Batch 100, Loss: 0.9862
Batch 200, Loss: 1.0426
Batch 300, Loss: 1.0427
Epoch 18 learning rate: 0.09801468428384717
Epoch 18 time: 235.74458718299866 seconds
Epoch 18 accuracy: 61.43%
Batch 100, Loss: 0.9775
Batch 200, Loss: 1.0178
Batch 300, Loss: 1.0356
Epoch 19 learning rate: 0.09778965073991652
Epoch 19 time: 235.69201016426086 seconds
Epoch 19 accuracy: 59.71%
Batch 100, Loss: 0.9875
Batch 200, Loss: 0.9957
Batch 300, Loss: 1.0311
Epoch 20 learning rate: 0.0975528258147577
Epoch 20 time: 235.65826392173767 seconds
Epoch 20 accuracy: 60.23%
Batch 100, Loss: 0.9656
Batch 200, Loss: 0.9932
Batch 300, Loss: 1.0060
Epoch 21 learning rate: 0.09730426794137728
Epoch 21 time: 235.6244342327118 seconds
Epoch 21 accuracy: 60.05%
Batch 100, Loss: 0.9412
Batch 200, Loss: 0.9789
Batch 300, Loss: 0.9957
Epoch 22 learning rate: 0.09704403844771128
Epoch 22 time: 235.65174317359924 seconds
Epoch 22 accuracy: 59.71%
Batch 100, Loss: 0.9187
Batch 200, Loss: 0.9642
Batch 300, Loss: 0.9652
Epoch 23 learning rate: 0.09677220154149338
Epoch 23 time: 235.7134096622467 seconds
Epoch 23 accuracy: 60.95%
Batch 100, Loss: 0.9066
Batch 200, Loss: 0.9455
Batch 300, Loss: 0.9854
Epoch 24 learning rate: 0.09648882429441258
Epoch 24 time: 235.6850152015686 seconds
Epoch 24 accuracy: 61.31%
Batch 100, Loss: 0.9005
Batch 200, Loss: 0.9454
Batch 300, Loss: 0.9657
Epoch 25 learning rate: 0.09619397662556435
Epoch 25 time: 235.5577666759491 seconds
Epoch 25 accuracy: 59.59%
Batch 100, Loss: 0.8935
Batch 200, Loss: 0.9291
Batch 300, Loss: 0.9467
Epoch 26 learning rate: 0.09588773128419906
Epoch 26 time: 235.60599327087402 seconds
Epoch 26 accuracy: 58.05%
Batch 100, Loss: 0.8974
Batch 200, Loss: 0.8991
Batch 300, Loss: 0.9567
Epoch 27 learning rate: 0.09557016383177226
Epoch 27 time: 235.71592593193054 seconds
Epoch 27 accuracy: 59.62%
Batch 100, Loss: 0.8461
Batch 200, Loss: 0.9119
Batch 300, Loss: 0.9406
Epoch 28 learning rate: 0.09524135262330098
Epoch 28 time: 235.73848009109497 seconds
Epoch 28 accuracy: 57.24%
Batch 100, Loss: 0.8441
Batch 200, Loss: 0.9008
Batch 300, Loss: 0.9490
Epoch 29 learning rate: 0.09490137878803079
Epoch 29 time: 235.6743357181549 seconds
Epoch 29 accuracy: 59.53%
Batch 100, Loss: 0.8544
Batch 200, Loss: 0.8899
Batch 300, Loss: 0.9181
Epoch 30 learning rate: 0.0945503262094184
Epoch 30 time: 235.587815284729 seconds
Epoch 30 accuracy: 60.64%
Batch 100, Loss: 0.8408
Batch 200, Loss: 0.8839
Batch 300, Loss: 0.9203
Epoch 31 learning rate: 0.0941882815044347
Epoch 31 time: 235.60242915153503 seconds
Epoch 31 accuracy: 62.67%
Batch 100, Loss: 0.8217
Batch 200, Loss: 0.8915
Batch 300, Loss: 0.9138
Epoch 32 learning rate: 0.09381533400219319
Epoch 32 time: 235.70919179916382 seconds
Epoch 32 accuracy: 63.57%
Batch 100, Loss: 0.8246
Batch 200, Loss: 0.8635
Batch 300, Loss: 0.9091
Epoch 33 learning rate: 0.09343157572190958
Epoch 33 time: 235.62106013298035 seconds
Epoch 33 accuracy: 59.72%
Batch 100, Loss: 0.8215
Batch 200, Loss: 0.8650
Batch 300, Loss: 0.8741
Epoch 34 learning rate: 0.0930371013501972
Epoch 34 time: 235.607017993927 seconds
Epoch 34 accuracy: 62.32%
Batch 100, Loss: 0.8056
Batch 200, Loss: 0.8716
Batch 300, Loss: 0.8829
Epoch 35 learning rate: 0.09263200821770463
Epoch 35 time: 235.66801047325134 seconds
Epoch 35 accuracy: 60.7%
Batch 100, Loss: 0.8048
Batch 200, Loss: 0.8352
Batch 300, Loss: 0.8810
Epoch 36 learning rate: 0.09221639627510078
Epoch 36 time: 235.6844871044159 seconds
Epoch 36 accuracy: 62.06%
Batch 100, Loss: 0.7925
Batch 200, Loss: 0.8427
Batch 300, Loss: 0.8840
Epoch 37 learning rate: 0.09179036806841355
Epoch 37 time: 235.71854972839355 seconds
Epoch 37 accuracy: 63.38%
Batch 100, Loss: 0.7649
Batch 200, Loss: 0.8520
Batch 300, Loss: 0.8575
Epoch 38 learning rate: 0.09135402871372812
Epoch 38 time: 235.7100429534912 seconds
Epoch 38 accuracy: 63.54%
Batch 100, Loss: 0.7821
Batch 200, Loss: 0.8172
Batch 300, Loss: 0.8408
Epoch 39 learning rate: 0.0909074858712512
Epoch 39 time: 235.63992071151733 seconds
Epoch 39 accuracy: 61.95%
Batch 100, Loss: 0.7675
Batch 200, Loss: 0.8261
Batch 300, Loss: 0.8609
Epoch 40 learning rate: 0.09045084971874741
Epoch 40 time: 235.62394547462463 seconds
Epoch 40 accuracy: 61.46%
Batch 100, Loss: 0.7802
Batch 200, Loss: 0.7780
Batch 300, Loss: 0.8459
Epoch 41 learning rate: 0.08998423292435458
Epoch 41 time: 235.649071931839 seconds
Epoch 41 accuracy: 61.98%
Batch 100, Loss: 0.7684
Batch 200, Loss: 0.8126
Batch 300, Loss: 0.8500
Epoch 42 learning rate: 0.08950775061878455
Epoch 42 time: 235.7243628501892 seconds
Epoch 42 accuracy: 63.39%
Batch 100, Loss: 0.7381
Batch 200, Loss: 0.7983
Batch 300, Loss: 0.8179
Epoch 43 learning rate: 0.08902152036691653
Epoch 43 time: 235.65557599067688 seconds
Epoch 43 accuracy: 62.4%
Batch 100, Loss: 0.7406
Batch 200, Loss: 0.7908
Batch 300, Loss: 0.8232
Epoch 44 learning rate: 0.08852566213878951
Epoch 44 time: 235.64041113853455 seconds
Epoch 44 accuracy: 60.89%
Batch 100, Loss: 0.7560
Batch 200, Loss: 0.7889
Batch 300, Loss: 0.8092
Epoch 45 learning rate: 0.0880202982800016
Epoch 45 time: 235.63252806663513 seconds
Epoch 45 accuracy: 62.92%
Batch 100, Loss: 0.7427
Batch 200, Loss: 0.7725
Batch 300, Loss: 0.8211
Epoch 46 learning rate: 0.08750555348152303
Epoch 46 time: 235.62235593795776 seconds
Epoch 46 accuracy: 64.15%
Batch 100, Loss: 0.7241
Batch 200, Loss: 0.7745
Batch 300, Loss: 0.7967
Epoch 47 learning rate: 0.08698155474893052
Epoch 47 time: 235.66222882270813 seconds
Epoch 47 accuracy: 63.86%
Batch 100, Loss: 0.7161
Batch 200, Loss: 0.7655
Batch 300, Loss: 0.8068
Epoch 48 learning rate: 0.08644843137107061
Epoch 48 time: 235.65437507629395 seconds
Epoch 48 accuracy: 63.72%
Batch 100, Loss: 0.7096
Batch 200, Loss: 0.7637
Batch 300, Loss: 0.7984
Epoch 49 learning rate: 0.08590631488815947
Epoch 49 time: 235.65428280830383 seconds
Epoch 49 accuracy: 63.86%
Batch 100, Loss: 0.7113
Batch 200, Loss: 0.7665
Batch 300, Loss: 0.7838
Epoch 50 learning rate: 0.0853553390593274
Epoch 50 time: 235.6559238433838 seconds
Epoch 50 accuracy: 63.92%
Batch 100, Loss: 0.7025
Batch 200, Loss: 0.7490
Batch 300, Loss: 0.7943
Epoch 51 learning rate: 0.08479563982961574
Epoch 51 time: 235.66906547546387 seconds
Epoch 51 accuracy: 61.5%
Batch 100, Loss: 0.7100
Batch 200, Loss: 0.7375
Batch 300, Loss: 0.7669
Epoch 52 learning rate: 0.08422735529643446
Epoch 52 time: 235.71627163887024 seconds
Epoch 52 accuracy: 63.74%
Batch 100, Loss: 0.6964
Batch 200, Loss: 0.7371
Batch 300, Loss: 0.7894
Epoch 53 learning rate: 0.08365062567548869
Epoch 53 time: 235.66190242767334 seconds
Epoch 53 accuracy: 63.31%
Batch 100, Loss: 0.6843
Batch 200, Loss: 0.7376
Batch 300, Loss: 0.7642
Epoch 54 learning rate: 0.08306559326618261
Epoch 54 time: 235.665372133255 seconds
Epoch 54 accuracy: 64.09%
Batch 100, Loss: 0.6731
Batch 200, Loss: 0.7318
Batch 300, Loss: 0.7515
Epoch 55 learning rate: 0.0824724024165092
Epoch 55 time: 235.5632688999176 seconds
Epoch 55 accuracy: 64.58%
Batch 100, Loss: 0.6780
Batch 200, Loss: 0.7188
Batch 300, Loss: 0.7407
Epoch 56 learning rate: 0.0818711994874345
Epoch 56 time: 235.60930943489075 seconds
Epoch 56 accuracy: 64.32%
Batch 100, Loss: 0.6776
Batch 200, Loss: 0.7065
Batch 300, Loss: 0.7417
Epoch 57 learning rate: 0.08126213281678528
Epoch 57 time: 235.64810752868652 seconds
Epoch 57 accuracy: 62.08%
Batch 100, Loss: 0.6676
Batch 200, Loss: 0.7050
Batch 300, Loss: 0.7205
Epoch 58 learning rate: 0.08064535268264884
Epoch 58 time: 235.62839150428772 seconds
Epoch 58 accuracy: 64.7%
Batch 100, Loss: 0.6428
Batch 200, Loss: 0.6941
Batch 300, Loss: 0.7501
Epoch 59 learning rate: 0.08002101126629421
Epoch 59 time: 235.82779598236084 seconds
Epoch 59 accuracy: 62.88%
Batch 100, Loss: 0.6538
Batch 200, Loss: 0.7120
Batch 300, Loss: 0.7470
Epoch 60 learning rate: 0.07938926261462367
Epoch 60 time: 235.62868452072144 seconds
Epoch 60 accuracy: 65.31%
Batch 100, Loss: 0.6478
Batch 200, Loss: 0.6846
Batch 300, Loss: 0.7276
Epoch 61 learning rate: 0.07875026260216395
Epoch 61 time: 235.60583353042603 seconds
Epoch 61 accuracy: 64.69%
Batch 100, Loss: 0.6269
Batch 200, Loss: 0.6828
Batch 300, Loss: 0.7283
Epoch 62 learning rate: 0.07810416889260656
Epoch 62 time: 235.60495257377625 seconds
Epoch 62 accuracy: 65.43%
Batch 100, Loss: 0.6299
Batch 200, Loss: 0.6792
Batch 300, Loss: 0.7257
Epoch 63 learning rate: 0.07745114089990661
Epoch 63 time: 235.68327283859253 seconds
Epoch 63 accuracy: 64.81%
Batch 100, Loss: 0.6396
Batch 200, Loss: 0.6449
Batch 300, Loss: 0.7185
Epoch 64 learning rate: 0.07679133974894985
Epoch 64 time: 235.64917707443237 seconds
Epoch 64 accuracy: 63.64%
Batch 100, Loss: 0.6216
Batch 200, Loss: 0.6552
Batch 300, Loss: 0.7168
Epoch 65 learning rate: 0.07612492823579746
Epoch 65 time: 235.64244484901428 seconds
Epoch 65 accuracy: 64.0%
Batch 100, Loss: 0.6210
Batch 200, Loss: 0.6631
Batch 300, Loss: 0.6913
Epoch 66 learning rate: 0.07545207078751859
Epoch 66 time: 235.69097113609314 seconds
Epoch 66 accuracy: 66.02%
Batch 100, Loss: 0.6181
Batch 200, Loss: 0.6581
Batch 300, Loss: 0.6978
Epoch 67 learning rate: 0.0747729334216204
Epoch 67 time: 235.5973925590515 seconds
Epoch 67 accuracy: 65.62%
Batch 100, Loss: 0.6048
Batch 200, Loss: 0.6310
Batch 300, Loss: 0.6777
Epoch 68 learning rate: 0.07408768370508578
Epoch 68 time: 235.7801547050476 seconds
Epoch 68 accuracy: 64.78%
Batch 100, Loss: 0.6018
Batch 200, Loss: 0.6308
Batch 300, Loss: 0.6924
Epoch 69 learning rate: 0.0733964907130287
Epoch 69 time: 235.72876977920532 seconds
Epoch 69 accuracy: 65.47%
Batch 100, Loss: 0.5822
Batch 200, Loss: 0.6224
Batch 300, Loss: 0.6713
Epoch 70 learning rate: 0.07269952498697736
Epoch 70 time: 236.52165150642395 seconds
Epoch 70 accuracy: 67.43%
Batch 100, Loss: 0.5750
Batch 200, Loss: 0.6245
Batch 300, Loss: 0.6736
Epoch 71 learning rate: 0.07199695849279578
Epoch 71 time: 235.66496300697327 seconds
Epoch 71 accuracy: 65.15%
Batch 100, Loss: 0.5867
Batch 200, Loss: 0.6136
Batch 300, Loss: 0.6668
Epoch 72 learning rate: 0.07128896457825366
Epoch 72 time: 235.6524782180786 seconds
Epoch 72 accuracy: 65.46%
Batch 100, Loss: 0.5723
Batch 200, Loss: 0.6055
Batch 300, Loss: 0.6565
Epoch 73 learning rate: 0.07057571793025548
Epoch 73 time: 235.69202542304993 seconds
Epoch 73 accuracy: 67.67%
Batch 100, Loss: 0.5602
Batch 200, Loss: 0.6182
Batch 300, Loss: 0.6344
Epoch 74 learning rate: 0.06985739453173906
Epoch 74 time: 235.72530150413513 seconds
Epoch 74 accuracy: 66.36%
Batch 100, Loss: 0.5666
Batch 200, Loss: 0.6018
Batch 300, Loss: 0.6146
Epoch 75 learning rate: 0.06913417161825453
Epoch 75 time: 235.79462909698486 seconds
Epoch 75 accuracy: 65.26%
Batch 100, Loss: 0.5540
Batch 200, Loss: 0.5931
Batch 300, Loss: 0.6158
Epoch 76 learning rate: 0.06840622763423394
Epoch 76 time: 235.77436304092407 seconds
Epoch 76 accuracy: 65.57%
Batch 100, Loss: 0.5472
Batch 200, Loss: 0.5704
Batch 300, Loss: 0.6293
Epoch 77 learning rate: 0.0676737421889629
Epoch 77 time: 235.7050940990448 seconds
Epoch 77 accuracy: 65.51%
Batch 100, Loss: 0.5430
Batch 200, Loss: 0.5650
Batch 300, Loss: 0.6084
Epoch 78 learning rate: 0.06693689601226462
Epoch 78 time: 235.64230871200562 seconds
Epoch 78 accuracy: 63.14%
Batch 100, Loss: 0.5236
Batch 200, Loss: 0.5768
Batch 300, Loss: 0.6152
Epoch 79 learning rate: 0.06619587090990751
Epoch 79 time: 235.6754012107849 seconds
Epoch 79 accuracy: 65.19%
Batch 100, Loss: 0.5134
Batch 200, Loss: 0.5553
Batch 300, Loss: 0.6068
Epoch 80 learning rate: 0.06545084971874741
Epoch 80 time: 235.7255380153656 seconds
Epoch 80 accuracy: 66.05%
Batch 100, Loss: 0.5481
Batch 200, Loss: 0.5580
Batch 300, Loss: 0.5966
Epoch 81 learning rate: 0.06470201626161524
Epoch 81 time: 235.61592555046082 seconds
Epoch 81 accuracy: 66.79%
Batch 100, Loss: 0.5194
Batch 200, Loss: 0.5447
Batch 300, Loss: 0.5739
Epoch 82 learning rate: 0.06394955530196152
Epoch 82 time: 235.6578974723816 seconds
Epoch 82 accuracy: 66.01%
Batch 100, Loss: 0.5007
Batch 200, Loss: 0.5554
Batch 300, Loss: 0.5989
Epoch 83 learning rate: 0.06319365249826868
Epoch 83 time: 235.68933963775635 seconds
Epoch 83 accuracy: 67.13%
Batch 100, Loss: 0.4981
Batch 200, Loss: 0.5297
Batch 300, Loss: 0.5644
Epoch 84 learning rate: 0.06243449435824277
Epoch 84 time: 235.60133624076843 seconds
Epoch 84 accuracy: 66.17%
Batch 100, Loss: 0.4955
Batch 200, Loss: 0.5239
Batch 300, Loss: 0.5718
Epoch 85 learning rate: 0.06167226819279532
Epoch 85 time: 235.5853087902069 seconds
Epoch 85 accuracy: 65.68%
Batch 100, Loss: 0.4949
Batch 200, Loss: 0.5243
Batch 300, Loss: 0.5432
Epoch 86 learning rate: 0.06090716206982718
Epoch 86 time: 235.69371628761292 seconds
Epoch 86 accuracy: 68.36%
Batch 100, Loss: 0.4542
Batch 200, Loss: 0.4971
Batch 300, Loss: 0.5475
Epoch 87 learning rate: 0.06013936476782568
Epoch 87 time: 235.65943241119385 seconds
Epoch 87 accuracy: 67.71%
Batch 100, Loss: 0.4725
Batch 200, Loss: 0.5051
Batch 300, Loss: 0.5380
Epoch 88 learning rate: 0.05936906572928629
Epoch 88 time: 235.70496821403503 seconds
Epoch 88 accuracy: 67.57%
Batch 100, Loss: 0.4737
Batch 200, Loss: 0.4953
Batch 300, Loss: 0.5429
Epoch 89 learning rate: 0.05859645501397052
Epoch 89 time: 235.6429681777954 seconds
Epoch 89 accuracy: 67.13%
Batch 100, Loss: 0.4601
Batch 200, Loss: 0.4822
Batch 300, Loss: 0.5162
Epoch 90 learning rate: 0.05782172325201159
Epoch 90 time: 235.55676436424255 seconds
Epoch 90 accuracy: 67.48%
Batch 100, Loss: 0.4501
Batch 200, Loss: 0.4802
Batch 300, Loss: 0.5276
Epoch 91 learning rate: 0.057045061596879186
Epoch 91 time: 235.64652252197266 seconds
Epoch 91 accuracy: 68.95%
Batch 100, Loss: 0.4378
Batch 200, Loss: 0.4698
Batch 300, Loss: 0.4997
Epoch 92 learning rate: 0.056266661678215264
Epoch 92 time: 235.58233785629272 seconds
Epoch 92 accuracy: 65.81%
Batch 100, Loss: 0.4367
Batch 200, Loss: 0.4583
Batch 300, Loss: 0.4923
Epoch 93 learning rate: 0.055486715554552306
Epoch 93 time: 235.5919725894928 seconds
Epoch 93 accuracy: 68.79%
Batch 100, Loss: 0.4264
Batch 200, Loss: 0.4352
Batch 300, Loss: 0.4919
Epoch 94 learning rate: 0.05470541566592575
Epoch 94 time: 235.75813388824463 seconds
Epoch 94 accuracy: 68.76%
Batch 100, Loss: 0.4193
Batch 200, Loss: 0.4527
Batch 300, Loss: 0.4797
Epoch 95 learning rate: 0.05392295478639229
Epoch 95 time: 235.64447855949402 seconds
Epoch 95 accuracy: 66.19%
Batch 100, Loss: 0.4160
Batch 200, Loss: 0.4359
Batch 300, Loss: 0.4861
Epoch 96 learning rate: 0.05313952597646571
Epoch 96 time: 235.60403656959534 seconds
Epoch 96 accuracy: 67.76%
Batch 100, Loss: 0.3934
Batch 200, Loss: 0.4295
Batch 300, Loss: 0.4686
Epoch 97 learning rate: 0.05235532253548216
Epoch 97 time: 235.69067215919495 seconds
Epoch 97 accuracy: 68.05%
Batch 100, Loss: 0.3976
Batch 200, Loss: 0.4167
Batch 300, Loss: 0.4665
Epoch 98 learning rate: 0.051570537953906447
Epoch 98 time: 235.7138204574585 seconds
Epoch 98 accuracy: 68.6%
Batch 100, Loss: 0.3810
Batch 200, Loss: 0.4016
Batch 300, Loss: 0.4599
Epoch 99 learning rate: 0.05078536586559106
Epoch 99 time: 235.67182159423828 seconds
Epoch 99 accuracy: 69.0%
Batch 100, Loss: 0.3860
Batch 200, Loss: 0.4102
Batch 300, Loss: 0.4388
Epoch 100 learning rate: 0.050000000000000024
Epoch 100 time: 235.7214047908783 seconds
Epoch 100 accuracy: 67.72%
Batch 100, Loss: 0.3818
Batch 200, Loss: 0.4016
Batch 300, Loss: 0.4419
Epoch 101 learning rate: 0.049214634134409
Epoch 101 time: 235.61373281478882 seconds
Epoch 101 accuracy: 66.94%
Batch 100, Loss: 0.3663
Batch 200, Loss: 0.3836
Batch 300, Loss: 0.4292
Epoch 102 learning rate: 0.04842946204609361
Epoch 102 time: 235.56945848464966 seconds
Epoch 102 accuracy: 68.48%
Batch 100, Loss: 0.3519
Batch 200, Loss: 0.3675
Batch 300, Loss: 0.4258
Epoch 103 learning rate: 0.04764467746451789
Epoch 103 time: 235.61981010437012 seconds
Epoch 103 accuracy: 69.24%
Batch 100, Loss: 0.3570
Batch 200, Loss: 0.3721
Batch 300, Loss: 0.4106
Epoch 104 learning rate: 0.046860474023534354
Epoch 104 time: 235.70553517341614 seconds
Epoch 104 accuracy: 69.32%
Batch 100, Loss: 0.3499
Batch 200, Loss: 0.3603
Batch 300, Loss: 0.3913
Epoch 105 learning rate: 0.04607704521360778
Epoch 105 time: 235.6682484149933 seconds
Epoch 105 accuracy: 69.18%
Batch 100, Loss: 0.3421
Batch 200, Loss: 0.3562
Batch 300, Loss: 0.3970
Epoch 106 learning rate: 0.04529458433407431
Epoch 106 time: 235.74538850784302 seconds
Epoch 106 accuracy: 69.26%
Batch 100, Loss: 0.3391
Batch 200, Loss: 0.3563
Batch 300, Loss: 0.3831
Epoch 107 learning rate: 0.04451328444544776
Epoch 107 time: 235.6960186958313 seconds
Epoch 107 accuracy: 68.79%
Batch 100, Loss: 0.3250
Batch 200, Loss: 0.3338
Batch 300, Loss: 0.3859
Epoch 108 learning rate: 0.04373333832178482
Epoch 108 time: 235.71177506446838 seconds
Epoch 108 accuracy: 69.31%
Batch 100, Loss: 0.3167
Batch 200, Loss: 0.3179
Batch 300, Loss: 0.3572
Epoch 109 learning rate: 0.0429549384031209
Epoch 109 time: 235.7280375957489 seconds
Epoch 109 accuracy: 68.19%
Batch 100, Loss: 0.3066
Batch 200, Loss: 0.3409
Batch 300, Loss: 0.3628
Epoch 110 learning rate: 0.042178276747988484
Epoch 110 time: 235.67967772483826 seconds
Epoch 110 accuracy: 69.65%
Batch 100, Loss: 0.3021
Batch 200, Loss: 0.3142
Batch 300, Loss: 0.3535
Epoch 111 learning rate: 0.04140354498602954
Epoch 111 time: 235.62499475479126 seconds
Epoch 111 accuracy: 68.86%
Batch 100, Loss: 0.3005
Batch 200, Loss: 0.3190
Batch 300, Loss: 0.3337
Epoch 112 learning rate: 0.0406309342707138
Epoch 112 time: 235.76017713546753 seconds
Epoch 112 accuracy: 68.86%
Batch 100, Loss: 0.2888
Batch 200, Loss: 0.3050
Batch 300, Loss: 0.3270
Epoch 113 learning rate: 0.03986063523217441
Epoch 113 time: 235.6277871131897 seconds
Epoch 113 accuracy: 70.23%
Batch 100, Loss: 0.2752
Batch 200, Loss: 0.2949
Batch 300, Loss: 0.3161
Epoch 114 learning rate: 0.039092837930172916
Epoch 114 time: 235.62568712234497 seconds
Epoch 114 accuracy: 70.97%
Batch 100, Loss: 0.2828
Batch 200, Loss: 0.2898
Batch 300, Loss: 0.2994
Epoch 115 learning rate: 0.03832773180720475
Epoch 115 time: 235.6020839214325 seconds
Epoch 115 accuracy: 71.02%
Batch 100, Loss: 0.2556
Batch 200, Loss: 0.2607
Batch 300, Loss: 0.3030
Epoch 116 learning rate: 0.037565505641757285
Epoch 116 time: 235.67565178871155 seconds
Epoch 116 accuracy: 71.17%
Batch 100, Loss: 0.2657
Batch 200, Loss: 0.2703
Batch 300, Loss: 0.3027
Epoch 117 learning rate: 0.03680634750173138
Epoch 117 time: 235.66052865982056 seconds
Epoch 117 accuracy: 69.3%
Batch 100, Loss: 0.2666
Batch 200, Loss: 0.2699
Batch 300, Loss: 0.3000
Epoch 118 learning rate: 0.036050444698038565
Epoch 118 time: 235.65618324279785 seconds
Epoch 118 accuracy: 70.25%
Batch 100, Loss: 0.2489
Batch 200, Loss: 0.2548
Batch 300, Loss: 0.2784
Epoch 119 learning rate: 0.03529798373838483
Epoch 119 time: 235.67257571220398 seconds
Epoch 119 accuracy: 70.76%
Batch 100, Loss: 0.2512
Batch 200, Loss: 0.2468
Batch 300, Loss: 0.2650
Epoch 120 learning rate: 0.03454915028125267
Epoch 120 time: 235.68235659599304 seconds
Epoch 120 accuracy: 69.99%
Batch 100, Loss: 0.2322
Batch 200, Loss: 0.2321
Batch 300, Loss: 0.2575
Epoch 121 learning rate: 0.03380412909009255
Epoch 121 time: 235.68380117416382 seconds
Epoch 121 accuracy: 70.95%
Batch 100, Loss: 0.2218
Batch 200, Loss: 0.2263
Batch 300, Loss: 0.2556
Epoch 122 learning rate: 0.03306310398773545
Epoch 122 time: 235.7451708316803 seconds
Epoch 122 accuracy: 71.12%
Batch 100, Loss: 0.2218
Batch 200, Loss: 0.2198
Batch 300, Loss: 0.2332
Epoch 123 learning rate: 0.03232625781103717
Epoch 123 time: 235.68916296958923 seconds
Epoch 123 accuracy: 72.32%
Batch 100, Loss: 0.2032
Batch 200, Loss: 0.2232
Batch 300, Loss: 0.2317
Epoch 124 learning rate: 0.03159377236576613
Epoch 124 time: 235.68602013587952 seconds
Epoch 124 accuracy: 70.86%
Batch 100, Loss: 0.2099
Batch 200, Loss: 0.2150
Batch 300, Loss: 0.2378
Epoch 125 learning rate: 0.030865828381745543
Epoch 125 time: 235.6663887500763 seconds
Epoch 125 accuracy: 71.84%
Batch 100, Loss: 0.2069
Batch 200, Loss: 0.2021
Batch 300, Loss: 0.2157
Epoch 126 learning rate: 0.03014260546826098
Epoch 126 time: 235.66855239868164 seconds
Epoch 126 accuracy: 71.31%
Batch 100, Loss: 0.1943
Batch 200, Loss: 0.1916
Batch 300, Loss: 0.2069
Epoch 127 learning rate: 0.02942428206974458
Epoch 127 time: 235.6510512828827 seconds
Epoch 127 accuracy: 71.39%
Batch 100, Loss: 0.1932
Batch 200, Loss: 0.1891
Batch 300, Loss: 0.2071
Epoch 128 learning rate: 0.028711035421746387
Epoch 128 time: 235.6839680671692 seconds
Epoch 128 accuracy: 71.31%
Batch 100, Loss: 0.1820
Batch 200, Loss: 0.1833
Batch 300, Loss: 0.1942
Epoch 129 learning rate: 0.02800304150720426
Epoch 129 time: 235.64319944381714 seconds
Epoch 129 accuracy: 73.05%
Batch 100, Loss: 0.1801
Batch 200, Loss: 0.1822
Batch 300, Loss: 0.1925
Epoch 130 learning rate: 0.02730047501302268
Epoch 130 time: 235.67713379859924 seconds
Epoch 130 accuracy: 72.99%
Batch 100, Loss: 0.1643
Batch 200, Loss: 0.1753
Batch 300, Loss: 0.1800
Epoch 131 learning rate: 0.026603509286971357
Epoch 131 time: 235.64944195747375 seconds
Epoch 131 accuracy: 73.36%
Batch 100, Loss: 0.1643
Batch 200, Loss: 0.1644
Batch 300, Loss: 0.1716
Epoch 132 learning rate: 0.025912316294914244
Epoch 132 time: 235.64949679374695 seconds
Epoch 132 accuracy: 73.57%
Batch 100, Loss: 0.1542
Batch 200, Loss: 0.1578
Batch 300, Loss: 0.1686
Epoch 133 learning rate: 0.025227066578379632
Epoch 133 time: 235.69791960716248 seconds
Epoch 133 accuracy: 73.63%
Batch 100, Loss: 0.1553
Batch 200, Loss: 0.1522
Batch 300, Loss: 0.1590
Epoch 134 learning rate: 0.024547929212481445
Epoch 134 time: 235.68512439727783 seconds
Epoch 134 accuracy: 72.81%
Batch 100, Loss: 0.1501
Batch 200, Loss: 0.1436
Batch 300, Loss: 0.1605
Epoch 135 learning rate: 0.02387507176420257
Epoch 135 time: 235.73078870773315 seconds
Epoch 135 accuracy: 72.63%
Batch 100, Loss: 0.1404
Batch 200, Loss: 0.1403
Batch 300, Loss: 0.1511
Epoch 136 learning rate: 0.023208660251050166
Epoch 136 time: 235.5794951915741 seconds
Epoch 136 accuracy: 73.32%
Batch 100, Loss: 0.1307
Batch 200, Loss: 0.1299
Batch 300, Loss: 0.1304
Epoch 137 learning rate: 0.022548859100093414
Epoch 137 time: 235.62031292915344 seconds
Epoch 137 accuracy: 73.89%
Batch 100, Loss: 0.1212
Batch 200, Loss: 0.1240
Batch 300, Loss: 0.1320
Epoch 138 learning rate: 0.021895831107393474
Epoch 138 time: 235.5843744277954 seconds
Epoch 138 accuracy: 74.11%
Batch 100, Loss: 0.1130
Batch 200, Loss: 0.1163
Batch 300, Loss: 0.1271
Epoch 139 learning rate: 0.02124973739783608
Epoch 139 time: 235.7060625553131 seconds
Epoch 139 accuracy: 74.55%
Batch 100, Loss: 0.1130
Batch 200, Loss: 0.1151
Batch 300, Loss: 0.1287
Epoch 140 learning rate: 0.02061073738537636
Epoch 140 time: 235.66928911209106 seconds
Epoch 140 accuracy: 73.59%
Batch 100, Loss: 0.1123
Batch 200, Loss: 0.1084
Batch 300, Loss: 0.1161
Epoch 141 learning rate: 0.019978988733705814
Epoch 141 time: 235.6808032989502 seconds
Epoch 141 accuracy: 75.16%
Batch 100, Loss: 0.1064
Batch 200, Loss: 0.1046
Batch 300, Loss: 0.1108
Epoch 142 learning rate: 0.01935464731735118
Epoch 142 time: 235.61187934875488 seconds
Epoch 142 accuracy: 74.74%
Batch 100, Loss: 0.0934
Batch 200, Loss: 0.0963
Batch 300, Loss: 0.1065
Epoch 143 learning rate: 0.018737867183214747
Epoch 143 time: 235.70398545265198 seconds
Epoch 143 accuracy: 75.72%
Batch 100, Loss: 0.0892
Batch 200, Loss: 0.0921
Batch 300, Loss: 0.0966
Epoch 144 learning rate: 0.01812880051256552
Epoch 144 time: 235.71160435676575 seconds
Epoch 144 accuracy: 75.15%
Batch 100, Loss: 0.0867
Batch 200, Loss: 0.0934
Batch 300, Loss: 0.0907
Epoch 145 learning rate: 0.017527597583490827
Epoch 145 time: 235.64460825920105 seconds
Epoch 145 accuracy: 75.34%
Batch 100, Loss: 0.0862
Batch 200, Loss: 0.0818
Batch 300, Loss: 0.0868
Epoch 146 learning rate: 0.01693440673381742
Epoch 146 time: 235.67901635169983 seconds
Epoch 146 accuracy: 75.7%
Batch 100, Loss: 0.0784
Batch 200, Loss: 0.0758
Batch 300, Loss: 0.0834
Epoch 147 learning rate: 0.016349374324511334
Epoch 147 time: 235.63810634613037 seconds
Epoch 147 accuracy: 76.41%
Batch 100, Loss: 0.0738
Batch 200, Loss: 0.0736
Batch 300, Loss: 0.0790
Epoch 148 learning rate: 0.01577264470356557
Epoch 148 time: 235.71327567100525 seconds
Epoch 148 accuracy: 76.22%
Batch 100, Loss: 0.0736
Batch 200, Loss: 0.0737
Batch 300, Loss: 0.0746
Epoch 149 learning rate: 0.01520436017038429
Epoch 149 time: 235.71139240264893 seconds
Epoch 149 accuracy: 76.42%
Batch 100, Loss: 0.0677
Batch 200, Loss: 0.0678
Batch 300, Loss: 0.0694
Epoch 150 learning rate: 0.014644660940672632
Epoch 150 time: 235.73713755607605 seconds
Epoch 150 accuracy: 76.95%
Batch 100, Loss: 0.0630
Batch 200, Loss: 0.0660
Batch 300, Loss: 0.0664
Epoch 151 learning rate: 0.01409368511184057
Epoch 151 time: 235.73528671264648 seconds
Epoch 151 accuracy: 77.1%
Batch 100, Loss: 0.0564
Batch 200, Loss: 0.0597
Batch 300, Loss: 0.0635
Epoch 152 learning rate: 0.013551568628929438
Epoch 152 time: 235.73280811309814 seconds
Epoch 152 accuracy: 76.77%
Batch 100, Loss: 0.0580
Batch 200, Loss: 0.0594
Batch 300, Loss: 0.0589
Epoch 153 learning rate: 0.013018445251069516
Epoch 153 time: 235.74679136276245 seconds
Epoch 153 accuracy: 76.86%
Batch 100, Loss: 0.0517
Batch 200, Loss: 0.0540
Batch 300, Loss: 0.0527
Epoch 154 learning rate: 0.012494446518477026
Epoch 154 time: 235.63963437080383 seconds
Epoch 154 accuracy: 77.7%
Batch 100, Loss: 0.0510
Batch 200, Loss: 0.0509
Batch 300, Loss: 0.0560
Epoch 155 learning rate: 0.011979701719998459
Epoch 155 time: 235.62816214561462 seconds
Epoch 155 accuracy: 77.86%
Batch 100, Loss: 0.0481
Batch 200, Loss: 0.0511
Batch 300, Loss: 0.0490
Epoch 156 learning rate: 0.011474337861210548
Epoch 156 time: 235.73335146903992 seconds
Epoch 156 accuracy: 78.4%
Batch 100, Loss: 0.0456
Batch 200, Loss: 0.0468
Batch 300, Loss: 0.0504
Epoch 157 learning rate: 0.010978479633083526
Epoch 157 time: 235.638188123703 seconds
Epoch 157 accuracy: 78.04%
Batch 100, Loss: 0.0440
Batch 200, Loss: 0.0424
Batch 300, Loss: 0.0459
Epoch 158 learning rate: 0.010492249381215483
Epoch 158 time: 235.6411988735199 seconds
Epoch 158 accuracy: 78.39%
Batch 100, Loss: 0.0415
Batch 200, Loss: 0.0428
Batch 300, Loss: 0.0431
Epoch 159 learning rate: 0.010015767075645474
Epoch 159 time: 235.65692901611328 seconds
Epoch 159 accuracy: 78.23%
Batch 100, Loss: 0.0402
Batch 200, Loss: 0.0403
Batch 300, Loss: 0.0413
Epoch 160 learning rate: 0.009549150281252637
Epoch 160 time: 235.69269943237305 seconds
Epoch 160 accuracy: 79.01%
Batch 100, Loss: 0.0357
Batch 200, Loss: 0.0372
Batch 300, Loss: 0.0396
Epoch 161 learning rate: 0.00909251412874884
Epoch 161 time: 235.70162844657898 seconds
Epoch 161 accuracy: 78.5%
Batch 100, Loss: 0.0358
Batch 200, Loss: 0.0363
Batch 300, Loss: 0.0368
Epoch 162 learning rate: 0.008645971286271918
Epoch 162 time: 235.70013308525085 seconds
Epoch 162 accuracy: 78.66%
Batch 100, Loss: 0.0362
Batch 200, Loss: 0.0357
Batch 300, Loss: 0.0367
Epoch 163 learning rate: 0.008209631931586501
Epoch 163 time: 235.59116125106812 seconds
Epoch 163 accuracy: 78.82%
Batch 100, Loss: 0.0330
Batch 200, Loss: 0.0336
Batch 300, Loss: 0.0336
Epoch 164 learning rate: 0.0077836037248992605
Epoch 164 time: 235.6076250076294 seconds
Epoch 164 accuracy: 78.81%
Batch 100, Loss: 0.0331
Batch 200, Loss: 0.0330
Batch 300, Loss: 0.0339
Epoch 165 learning rate: 0.0073679917822954055
Epoch 165 time: 235.62788248062134 seconds
Epoch 165 accuracy: 79.23%
Batch 100, Loss: 0.0307
Batch 200, Loss: 0.0308
Batch 300, Loss: 0.0308
Epoch 166 learning rate: 0.006962898649802815
Epoch 166 time: 235.67373061180115 seconds
Epoch 166 accuracy: 79.48%
Batch 100, Loss: 0.0294
Batch 200, Loss: 0.0291
Batch 300, Loss: 0.0292
Epoch 167 learning rate: 0.006568424278090438
Epoch 167 time: 235.63168954849243 seconds
Epoch 167 accuracy: 78.97%
Batch 100, Loss: 0.0268
Batch 200, Loss: 0.0292
Batch 300, Loss: 0.0295
Epoch 168 learning rate: 0.006184665997806824
Epoch 168 time: 235.6575963497162 seconds
Epoch 168 accuracy: 79.27%
Batch 100, Loss: 0.0279
Batch 200, Loss: 0.0285
Batch 300, Loss: 0.0289
Epoch 169 learning rate: 0.00581171849556533
Epoch 169 time: 235.6085488796234 seconds
Epoch 169 accuracy: 79.13%
Batch 100, Loss: 0.0269
Batch 200, Loss: 0.0265
Batch 300, Loss: 0.0273
Epoch 170 learning rate: 0.0054496737905816136
Epoch 170 time: 235.62435746192932 seconds
Epoch 170 accuracy: 79.54%
Batch 100, Loss: 0.0258
Batch 200, Loss: 0.0253
Batch 300, Loss: 0.0260
Epoch 171 learning rate: 0.005098621211969226
Epoch 171 time: 235.62721872329712 seconds
Epoch 171 accuracy: 79.43%
Batch 100, Loss: 0.0247
Batch 200, Loss: 0.0261
Batch 300, Loss: 0.0250
Epoch 172 learning rate: 0.004758647376699035
Epoch 172 time: 235.6436882019043 seconds
Epoch 172 accuracy: 79.7%
Batch 100, Loss: 0.0252
Batch 200, Loss: 0.0243
Batch 300, Loss: 0.0248
Epoch 173 learning rate: 0.00442983616822775
Epoch 173 time: 235.63075828552246 seconds
Epoch 173 accuracy: 79.79%
Batch 100, Loss: 0.0233
Batch 200, Loss: 0.0235
Batch 300, Loss: 0.0235
Epoch 174 learning rate: 0.004112268715800957
Epoch 174 time: 235.6051595211029 seconds
Epoch 174 accuracy: 79.71%
Batch 100, Loss: 0.0222
Batch 200, Loss: 0.0232
Batch 300, Loss: 0.0234
Epoch 175 learning rate: 0.003806023374435677
Epoch 175 time: 235.57879781723022 seconds
Epoch 175 accuracy: 79.74%
Batch 100, Loss: 0.0225
Batch 200, Loss: 0.0223
Batch 300, Loss: 0.0230
Epoch 176 learning rate: 0.003511175705587435
Epoch 176 time: 235.6901249885559 seconds
Epoch 176 accuracy: 79.92%
Batch 100, Loss: 0.0212
Batch 200, Loss: 0.0219
Batch 300, Loss: 0.0224
Epoch 177 learning rate: 0.0032277984585066333
Epoch 177 time: 235.7003617286682 seconds
Epoch 177 accuracy: 79.96%
Batch 100, Loss: 0.0218
Batch 200, Loss: 0.0210
Batch 300, Loss: 0.0219
Epoch 178 learning rate: 0.002955961552288729
Epoch 178 time: 235.69096660614014 seconds
Epoch 178 accuracy: 79.97%
Batch 100, Loss: 0.0202
Batch 200, Loss: 0.0211
Batch 300, Loss: 0.0212
Epoch 179 learning rate: 0.0026957320586227366
Epoch 179 time: 235.6745629310608 seconds
Epoch 179 accuracy: 80.1%
Batch 100, Loss: 0.0203
Batch 200, Loss: 0.0206
Batch 300, Loss: 0.0201
Epoch 180 learning rate: 0.002447174185242325
Epoch 180 time: 235.66529488563538 seconds
Epoch 180 accuracy: 79.94%
Batch 100, Loss: 0.0202
Batch 200, Loss: 0.0204
Batch 300, Loss: 0.0201
Epoch 181 learning rate: 0.0022103492600834954
Epoch 181 time: 235.66563987731934 seconds
Epoch 181 accuracy: 79.87%
Batch 100, Loss: 0.0197
Batch 200, Loss: 0.0195
Batch 300, Loss: 0.0199
Epoch 182 learning rate: 0.0019853157161528537
Epoch 182 time: 235.65688753128052 seconds
Epoch 182 accuracy: 80.02%
Batch 100, Loss: 0.0193
Batch 200, Loss: 0.0195
Batch 300, Loss: 0.0195
Epoch 183 learning rate: 0.001772129077110103
Epoch 183 time: 235.67058491706848 seconds
Epoch 183 accuracy: 80.06%
Batch 100, Loss: 0.0188
Batch 200, Loss: 0.0197
Batch 300, Loss: 0.0189
Epoch 184 learning rate: 0.0015708419435684529
Epoch 184 time: 235.6612138748169 seconds
Epoch 184 accuracy: 79.94%
Batch 100, Loss: 0.0187
Batch 200, Loss: 0.0191
Batch 300, Loss: 0.0187
Epoch 185 learning rate: 0.0013815039801161732
Epoch 185 time: 235.56870341300964 seconds
Epoch 185 accuracy: 80.02%
Batch 100, Loss: 0.0176
Batch 200, Loss: 0.0180
Batch 300, Loss: 0.0184
Epoch 186 learning rate: 0.0012041619030626347
Epoch 186 time: 235.64153170585632 seconds
Epoch 186 accuracy: 80.13%
Batch 100, Loss: 0.0179
Batch 200, Loss: 0.0182
Batch 300, Loss: 0.0184
Epoch 187 learning rate: 0.0010388594689117077
Epoch 187 time: 235.69565749168396 seconds
Epoch 187 accuracy: 80.2%
Batch 100, Loss: 0.0183
Batch 200, Loss: 0.0177
Batch 300, Loss: 0.0179
Epoch 188 learning rate: 0.0008856374635655645
Epoch 188 time: 235.66081738471985 seconds
Epoch 188 accuracy: 80.21%
Batch 100, Loss: 0.0177
Batch 200, Loss: 0.0176
Batch 300, Loss: 0.0181
Epoch 189 learning rate: 0.000744533692261307
Epoch 189 time: 235.64054369926453 seconds
Epoch 189 accuracy: 80.1%
Batch 100, Loss: 0.0174
Batch 200, Loss: 0.0174
Batch 300, Loss: 0.0183
Epoch 190 learning rate: 0.0006155829702431174
Epoch 190 time: 235.64494347572327 seconds
Epoch 190 accuracy: 80.3%
Batch 100, Loss: 0.0174
Batch 200, Loss: 0.0171
Batch 300, Loss: 0.0173
Epoch 191 learning rate: 0.0004988171141721235
Epoch 191 time: 235.59178853034973 seconds
Epoch 191 accuracy: 80.34%
Batch 100, Loss: 0.0173
Batch 200, Loss: 0.0171
Batch 300, Loss: 0.0168
Epoch 192 learning rate: 0.00039426493427611206
Epoch 192 time: 235.65735483169556 seconds
Epoch 192 accuracy: 80.19%
Batch 100, Loss: 0.0171
Batch 200, Loss: 0.0169
Batch 300, Loss: 0.0173
Epoch 193 learning rate: 0.00030195222724102046
Epoch 193 time: 235.62532114982605 seconds
Epoch 193 accuracy: 80.16%
Batch 100, Loss: 0.0170
Batch 200, Loss: 0.0172
Batch 300, Loss: 0.0165
Epoch 194 learning rate: 0.00022190176984600036
Epoch 194 time: 235.59518337249756 seconds
Epoch 194 accuracy: 80.11%
Batch 100, Loss: 0.0171
Batch 200, Loss: 0.0172
Batch 300, Loss: 0.0164
Epoch 195 learning rate: 0.00015413331334360192
Epoch 195 time: 235.6132366657257 seconds
Epoch 195 accuracy: 80.19%
Batch 100, Loss: 0.0171
Batch 200, Loss: 0.0168
Batch 300, Loss: 0.0171
Epoch 196 learning rate: 9.866357858642213e-05
Epoch 196 time: 235.67374181747437 seconds
Epoch 196 accuracy: 80.39%
Batch 100, Loss: 0.0168
Batch 200, Loss: 0.0169
Batch 300, Loss: 0.0172
Epoch 197 learning rate: 5.5506251901504864e-05
Epoch 197 time: 235.6264989376068 seconds
Epoch 197 accuracy: 80.12%
Batch 100, Loss: 0.0166
Batch 200, Loss: 0.0174
Batch 300, Loss: 0.0165
Epoch 198 learning rate: 2.4671981713420017e-05
Epoch 198 time: 235.65776014328003 seconds
Epoch 198 accuracy: 80.27%
Batch 100, Loss: 0.0167
Batch 200, Loss: 0.0167
Batch 300, Loss: 0.0166
Epoch 199 learning rate: 6.168375916970619e-06
Epoch 199 time: 235.63944697380066 seconds
Epoch 199 accuracy: 80.3%
Batch 100, Loss: 0.0166
Batch 200, Loss: 0.0169
Batch 300, Loss: 0.0169
Epoch 200 learning rate: 0.0
Epoch 200 time: 235.59873390197754 seconds
Epoch 200 accuracy: 80.23%
Total training time: 47144.20463228226 seconds
