The following modules were not unloaded:
  (Use "module --force purge" to unload all):

  1) CCconfig        6)  ucx/1.14.1         11) flexiblas/3.3.1
  2) gentoo/2023     7)  libfabric/1.18.0   12) imkl/2023.2.0
  3) gcccore/.12.3   8)  pmix/4.2.4         13) StdEnv/2023
  4) gcc/12.3        9)  ucc/1.2.0
  5) hwloc/2.9.1     10) openmpi/4.1.5
/project/6070520/tkleinkn/Vanilla-GAM/main_cifar.py:187: UserWarning: You have chosen a specific GPU. This will completely disable data parallelism.
  warnings.warn('You have chosen a specific GPU. This will completely '
model name space ['resnet101_c', 'resnet152_c', 'resnet18_c', 'resnet34_c', 'resnet50_c']
Use GPU: 0 for training
=> creating model 'resnet18_c'
Files already downloaded and verified
Files already downloaded and verified
tensorboard dir ./results/CIFAR100/GAMNonAccelerated
Using non-accelerated GAM
/home/tkleinkn/GAMtest/lib/python3.11/site-packages/torch/autograd/graph.py:744: UserWarning: Using backward() with create_graph=True will create a reference cycle between the parameter and its gradient which can cause a memory leak. We recommend using autograd.grad when creating the graph to avoid this. If you have to use this function, make sure to reset the .grad fields of your parameters to None after use to break the cycle and avoid the leak. (Triggered internally at /home/coulombc/wheels_builder/tmp.2617/python-3.11/torch/torch/csrc/autograd/engine.cpp:1203.)
  return Variable._execution_engine.run_backward(  # Calls into the C++ engine to run the backward pass
Batch 100, Loss: 3.8097
Batch 200, Loss: 3.5625
Batch 300, Loss: 3.5143
Epoch 1 learning rate: 0.09999383162408304
Epoch 1 time: 245.7773470878601 seconds
Epoch 1 accuracy: 9.94%
Batch 100, Loss: 3.4227
Batch 200, Loss: 3.3833
Batch 300, Loss: 3.3367
Epoch 2 learning rate: 0.09997532801828658
Epoch 2 time: 236.8531699180603 seconds
Epoch 2 accuracy: 13.95%
Batch 100, Loss: 3.2240
Batch 200, Loss: 3.1698
Batch 300, Loss: 3.1191
Epoch 3 learning rate: 0.09994449374809851
Epoch 3 time: 236.56651139259338 seconds
Epoch 3 accuracy: 19.98%
Batch 100, Loss: 3.0097
Batch 200, Loss: 2.9455
Batch 300, Loss: 2.8653
Epoch 4 learning rate: 0.09990133642141359
Epoch 4 time: 236.6165690422058 seconds
Epoch 4 accuracy: 26.19%
Batch 100, Loss: 2.7723
Batch 200, Loss: 2.7066
Batch 300, Loss: 2.6602
Epoch 5 learning rate: 0.09984586668665642
Epoch 5 time: 236.50334405899048 seconds
Epoch 5 accuracy: 31.61%
Batch 100, Loss: 2.5239
Batch 200, Loss: 2.5129
Batch 300, Loss: 2.4443
Epoch 6 learning rate: 0.09977809823015402
Epoch 6 time: 236.36012434959412 seconds
Epoch 6 accuracy: 29.57%
Batch 100, Loss: 2.3862
Batch 200, Loss: 2.3340
Batch 300, Loss: 2.3332
Epoch 7 learning rate: 0.09969804777275901
Epoch 7 time: 236.4705514907837 seconds
Epoch 7 accuracy: 39.83%
Batch 100, Loss: 2.2396
Batch 200, Loss: 2.2112
Batch 300, Loss: 2.1950
Epoch 8 learning rate: 0.09960573506572391
Epoch 8 time: 236.43229365348816 seconds
Epoch 8 accuracy: 42.1%
Batch 100, Loss: 2.0832
Batch 200, Loss: 2.1153
Batch 300, Loss: 2.0948
Epoch 9 learning rate: 0.09950118288582789
Epoch 9 time: 236.5102047920227 seconds
Epoch 9 accuracy: 42.71%
Batch 100, Loss: 2.0017
Batch 200, Loss: 2.0556
Batch 300, Loss: 2.0028
Epoch 10 learning rate: 0.09938441702975691
Epoch 10 time: 236.43564367294312 seconds
Epoch 10 accuracy: 48.03%
Batch 100, Loss: 1.9354
Batch 200, Loss: 1.9632
Batch 300, Loss: 1.9442
Epoch 11 learning rate: 0.09925546630773871
Epoch 11 time: 236.39354944229126 seconds
Epoch 11 accuracy: 46.29%
Batch 100, Loss: 1.8782
Batch 200, Loss: 1.9031
Batch 300, Loss: 1.8478
Epoch 12 learning rate: 0.09911436253643445
Epoch 12 time: 236.37469625473022 seconds
Epoch 12 accuracy: 47.32%
Batch 100, Loss: 1.8349
Batch 200, Loss: 1.8589
Batch 300, Loss: 1.8204
Epoch 13 learning rate: 0.0989611405310883
Epoch 13 time: 236.19158101081848 seconds
Epoch 13 accuracy: 48.21%
Batch 100, Loss: 1.7892
Batch 200, Loss: 1.7981
Batch 300, Loss: 1.8081
Epoch 14 learning rate: 0.09879583809693739
Epoch 14 time: 236.46837782859802 seconds
Epoch 14 accuracy: 49.59%
Batch 100, Loss: 1.7636
Batch 200, Loss: 1.7641
Batch 300, Loss: 1.7846
Epoch 15 learning rate: 0.09861849601988384
Epoch 15 time: 236.46251845359802 seconds
Epoch 15 accuracy: 52.14%
Batch 100, Loss: 1.7398
Batch 200, Loss: 1.7461
Batch 300, Loss: 1.7592
Epoch 16 learning rate: 0.09842915805643157
Epoch 16 time: 236.4192132949829 seconds
Epoch 16 accuracy: 53.41%
Batch 100, Loss: 1.6851
Batch 200, Loss: 1.7207
Batch 300, Loss: 1.7259
Epoch 17 learning rate: 0.09822787092288993
Epoch 17 time: 236.16032934188843 seconds
Epoch 17 accuracy: 52.24%
Batch 100, Loss: 1.6865
Batch 200, Loss: 1.6814
Batch 300, Loss: 1.6936
Epoch 18 learning rate: 0.09801468428384717
Epoch 18 time: 236.4089434146881 seconds
Epoch 18 accuracy: 53.15%
Batch 100, Loss: 1.6551
Batch 200, Loss: 1.6813
Batch 300, Loss: 1.7059
Epoch 19 learning rate: 0.09778965073991652
Epoch 19 time: 236.40142583847046 seconds
Epoch 19 accuracy: 54.35%
Batch 100, Loss: 1.6220
Batch 200, Loss: 1.6512
Batch 300, Loss: 1.6623
Epoch 20 learning rate: 0.0975528258147577
Epoch 20 time: 236.37898540496826 seconds
Epoch 20 accuracy: 56.0%
Batch 100, Loss: 1.6047
Batch 200, Loss: 1.6173
Batch 300, Loss: 1.6367
Epoch 21 learning rate: 0.09730426794137728
Epoch 21 time: 236.51245427131653 seconds
Epoch 21 accuracy: 55.42%
Batch 100, Loss: 1.5864
Batch 200, Loss: 1.6142
Batch 300, Loss: 1.6504
Epoch 22 learning rate: 0.09704403844771128
Epoch 22 time: 236.29562377929688 seconds
Epoch 22 accuracy: 54.35%
Batch 100, Loss: 1.5960
Batch 200, Loss: 1.5962
Batch 300, Loss: 1.6125
Epoch 23 learning rate: 0.09677220154149338
Epoch 23 time: 236.44023656845093 seconds
Epoch 23 accuracy: 53.28%
Batch 100, Loss: 1.5870
Batch 200, Loss: 1.5767
Batch 300, Loss: 1.5814
Epoch 24 learning rate: 0.09648882429441258
Epoch 24 time: 236.27758145332336 seconds
Epoch 24 accuracy: 58.9%
Batch 100, Loss: 1.5535
Batch 200, Loss: 1.5707
Batch 300, Loss: 1.5759
Epoch 25 learning rate: 0.09619397662556435
Epoch 25 time: 236.45958352088928 seconds
Epoch 25 accuracy: 57.28%
Batch 100, Loss: 1.5477
Batch 200, Loss: 1.5433
Batch 300, Loss: 1.5813
Epoch 26 learning rate: 0.09588773128419906
Epoch 26 time: 236.50427389144897 seconds
Epoch 26 accuracy: 57.86%
Batch 100, Loss: 1.5292
Batch 200, Loss: 1.5578
Batch 300, Loss: 1.5650
Epoch 27 learning rate: 0.09557016383177226
Epoch 27 time: 236.53665614128113 seconds
Epoch 27 accuracy: 57.13%
Batch 100, Loss: 1.5292
Batch 200, Loss: 1.5332
Batch 300, Loss: 1.5400
Epoch 28 learning rate: 0.09524135262330098
Epoch 28 time: 236.32926392555237 seconds
Epoch 28 accuracy: 57.44%
Batch 100, Loss: 1.5249
Batch 200, Loss: 1.5138
Batch 300, Loss: 1.5667
Epoch 29 learning rate: 0.09490137878803079
Epoch 29 time: 236.36511135101318 seconds
Epoch 29 accuracy: 57.76%
Batch 100, Loss: 1.5085
Batch 200, Loss: 1.5276
Batch 300, Loss: 1.5144
Epoch 30 learning rate: 0.0945503262094184
Epoch 30 time: 236.30169868469238 seconds
Epoch 30 accuracy: 56.86%
Batch 100, Loss: 1.5006
Batch 200, Loss: 1.5337
Batch 300, Loss: 1.5117
Epoch 31 learning rate: 0.0941882815044347
Epoch 31 time: 236.44614577293396 seconds
Epoch 31 accuracy: 56.85%
Batch 100, Loss: 1.4852
Batch 200, Loss: 1.5153
Batch 300, Loss: 1.5357
Epoch 32 learning rate: 0.09381533400219319
Epoch 32 time: 236.27387285232544 seconds
Epoch 32 accuracy: 58.32%
Batch 100, Loss: 1.4845
Batch 200, Loss: 1.4995
Batch 300, Loss: 1.5035
Epoch 33 learning rate: 0.09343157572190958
Epoch 33 time: 236.28088068962097 seconds
Epoch 33 accuracy: 58.6%
Batch 100, Loss: 1.4416
Batch 200, Loss: 1.5137
Batch 300, Loss: 1.5145
Epoch 34 learning rate: 0.0930371013501972
Epoch 34 time: 236.43981313705444 seconds
Epoch 34 accuracy: 59.67%
Batch 100, Loss: 1.4756
Batch 200, Loss: 1.4847
Batch 300, Loss: 1.4816
Epoch 35 learning rate: 0.09263200821770463
Epoch 35 time: 236.16430759429932 seconds
Epoch 35 accuracy: 58.76%
Batch 100, Loss: 1.4520
Batch 200, Loss: 1.4830
Batch 300, Loss: 1.4833
Epoch 36 learning rate: 0.09221639627510078
Epoch 36 time: 236.1790235042572 seconds
Epoch 36 accuracy: 59.47%
Batch 100, Loss: 1.4493
Batch 200, Loss: 1.4552
Batch 300, Loss: 1.4770
Epoch 37 learning rate: 0.09179036806841355
Epoch 37 time: 236.10358333587646 seconds
Epoch 37 accuracy: 58.54%
Batch 100, Loss: 1.4343
Batch 200, Loss: 1.4698
Batch 300, Loss: 1.4687
Epoch 38 learning rate: 0.09135402871372812
Epoch 38 time: 236.1659014225006 seconds
Epoch 38 accuracy: 58.39%
Batch 100, Loss: 1.4569
Batch 200, Loss: 1.4472
Batch 300, Loss: 1.4461
Epoch 39 learning rate: 0.0909074858712512
Epoch 39 time: 236.21842646598816 seconds
Epoch 39 accuracy: 60.65%
Batch 100, Loss: 1.4223
Batch 200, Loss: 1.4593
Batch 300, Loss: 1.4774
Epoch 40 learning rate: 0.09045084971874741
Epoch 40 time: 236.40409588813782 seconds
Epoch 40 accuracy: 58.94%
Batch 100, Loss: 1.4079
Batch 200, Loss: 1.4404
Batch 300, Loss: 1.4477
Epoch 41 learning rate: 0.08998423292435458
Epoch 41 time: 236.44182968139648 seconds
Epoch 41 accuracy: 59.23%
Batch 100, Loss: 1.3962
Batch 200, Loss: 1.4382
Batch 300, Loss: 1.4608
Epoch 42 learning rate: 0.08950775061878455
Epoch 42 time: 236.2475700378418 seconds
Epoch 42 accuracy: 61.34%
Batch 100, Loss: 1.3976
Batch 200, Loss: 1.4290
Batch 300, Loss: 1.4592
Epoch 43 learning rate: 0.08902152036691653
Epoch 43 time: 236.4657073020935 seconds
Epoch 43 accuracy: 60.1%
Batch 100, Loss: 1.4035
Batch 200, Loss: 1.4168
Batch 300, Loss: 1.4362
Epoch 44 learning rate: 0.08852566213878951
Epoch 44 time: 236.49122714996338 seconds
Epoch 44 accuracy: 60.1%
Batch 100, Loss: 1.3754
Batch 200, Loss: 1.4283
Batch 300, Loss: 1.4251
Epoch 45 learning rate: 0.0880202982800016
Epoch 45 time: 236.2641634941101 seconds
Epoch 45 accuracy: 60.92%
Batch 100, Loss: 1.3735
Batch 200, Loss: 1.4190
Batch 300, Loss: 1.4288
Epoch 46 learning rate: 0.08750555348152303
Epoch 46 time: 236.45616579055786 seconds
Epoch 46 accuracy: 60.72%
Batch 100, Loss: 1.3787
Batch 200, Loss: 1.3909
Batch 300, Loss: 1.4218
Epoch 47 learning rate: 0.08698155474893052
Epoch 47 time: 236.43058347702026 seconds
Epoch 47 accuracy: 60.17%
Batch 100, Loss: 1.3823
Batch 200, Loss: 1.3997
Batch 300, Loss: 1.4036
Epoch 48 learning rate: 0.08644843137107061
Epoch 48 time: 236.34546327590942 seconds
Epoch 48 accuracy: 58.11%
Batch 100, Loss: 1.3976
Batch 200, Loss: 1.3821
Batch 300, Loss: 1.3954
Epoch 49 learning rate: 0.08590631488815947
Epoch 49 time: 236.29530477523804 seconds
Epoch 49 accuracy: 59.47%
Batch 100, Loss: 1.3753
Batch 200, Loss: 1.3910
Batch 300, Loss: 1.3833
Epoch 50 learning rate: 0.0853553390593274
Epoch 50 time: 236.31635761260986 seconds
Epoch 50 accuracy: 61.05%
Batch 100, Loss: 1.3725
Batch 200, Loss: 1.3814
Batch 300, Loss: 1.3949
Epoch 51 learning rate: 0.08479563982961574
Epoch 51 time: 236.44146251678467 seconds
Epoch 51 accuracy: 62.48%
Batch 100, Loss: 1.3565
Batch 200, Loss: 1.3960
Batch 300, Loss: 1.3981
Epoch 52 learning rate: 0.08422735529643446
Epoch 52 time: 236.4021120071411 seconds
Epoch 52 accuracy: 62.1%
Batch 100, Loss: 1.3473
Batch 200, Loss: 1.3677
Batch 300, Loss: 1.3960
Epoch 53 learning rate: 0.08365062567548869
Epoch 53 time: 236.32893443107605 seconds
Epoch 53 accuracy: 60.21%
Batch 100, Loss: 1.3225
Batch 200, Loss: 1.3513
Batch 300, Loss: 1.4015
Epoch 54 learning rate: 0.08306559326618261
Epoch 54 time: 236.21578216552734 seconds
Epoch 54 accuracy: 61.85%
Batch 100, Loss: 1.3258
Batch 200, Loss: 1.3677
Batch 300, Loss: 1.3573
Epoch 55 learning rate: 0.0824724024165092
Epoch 55 time: 236.1115894317627 seconds
Epoch 55 accuracy: 60.47%
Batch 100, Loss: 1.3318
Batch 200, Loss: 1.3783
Batch 300, Loss: 1.3567
Epoch 56 learning rate: 0.0818711994874345
Epoch 56 time: 236.1850643157959 seconds
Epoch 56 accuracy: 61.09%
Batch 100, Loss: 1.3472
Batch 200, Loss: 1.3677
Batch 300, Loss: 1.3457
Epoch 57 learning rate: 0.08126213281678528
Epoch 57 time: 236.21118807792664 seconds
Epoch 57 accuracy: 59.71%
Batch 100, Loss: 1.3332
Batch 200, Loss: 1.3410
Batch 300, Loss: 1.3748
Epoch 58 learning rate: 0.08064535268264884
Epoch 58 time: 236.34469175338745 seconds
Epoch 58 accuracy: 63.27%
Batch 100, Loss: 1.3119
Batch 200, Loss: 1.3274
Batch 300, Loss: 1.3447
Epoch 59 learning rate: 0.08002101126629421
Epoch 59 time: 236.32757806777954 seconds
Epoch 59 accuracy: 63.02%
Batch 100, Loss: 1.3133
Batch 200, Loss: 1.3173
Batch 300, Loss: 1.3502
Epoch 60 learning rate: 0.07938926261462367
Epoch 60 time: 236.06183576583862 seconds
Epoch 60 accuracy: 61.56%
Batch 100, Loss: 1.2786
Batch 200, Loss: 1.3364
Batch 300, Loss: 1.3474
Epoch 61 learning rate: 0.07875026260216395
Epoch 61 time: 236.16008353233337 seconds
Epoch 61 accuracy: 61.01%
Batch 100, Loss: 1.3104
Batch 200, Loss: 1.3040
Batch 300, Loss: 1.3243
Epoch 62 learning rate: 0.07810416889260656
Epoch 62 time: 236.2748954296112 seconds
Epoch 62 accuracy: 63.23%
Batch 100, Loss: 1.3020
Batch 200, Loss: 1.3042
Batch 300, Loss: 1.3343
Epoch 63 learning rate: 0.07745114089990661
Epoch 63 time: 236.18200612068176 seconds
Epoch 63 accuracy: 61.05%
Batch 100, Loss: 1.2726
Batch 200, Loss: 1.3151
Batch 300, Loss: 1.3202
Epoch 64 learning rate: 0.07679133974894985
Epoch 64 time: 236.20203733444214 seconds
Epoch 64 accuracy: 62.91%
Batch 100, Loss: 1.2716
Batch 200, Loss: 1.3041
Batch 300, Loss: 1.3096
Epoch 65 learning rate: 0.07612492823579746
Epoch 65 time: 236.24394369125366 seconds
Epoch 65 accuracy: 63.82%
Batch 100, Loss: 1.2631
Batch 200, Loss: 1.3014
Batch 300, Loss: 1.2987
Epoch 66 learning rate: 0.07545207078751859
Epoch 66 time: 236.15949511528015 seconds
Epoch 66 accuracy: 62.14%
Batch 100, Loss: 1.2648
Batch 200, Loss: 1.2978
Batch 300, Loss: 1.3169
Epoch 67 learning rate: 0.0747729334216204
Epoch 67 time: 236.1978485584259 seconds
Epoch 67 accuracy: 63.09%
Batch 100, Loss: 1.2507
Batch 200, Loss: 1.2962
Batch 300, Loss: 1.2928
Epoch 68 learning rate: 0.07408768370508578
Epoch 68 time: 236.2001190185547 seconds
Epoch 68 accuracy: 63.21%
Batch 100, Loss: 1.2471
Batch 200, Loss: 1.2771
Batch 300, Loss: 1.3178
Epoch 69 learning rate: 0.0733964907130287
Epoch 69 time: 236.22165179252625 seconds
Epoch 69 accuracy: 63.38%
Batch 100, Loss: 1.2546
Batch 200, Loss: 1.2746
Batch 300, Loss: 1.2762
Epoch 70 learning rate: 0.07269952498697736
Epoch 70 time: 236.16167521476746 seconds
Epoch 70 accuracy: 62.95%
Batch 100, Loss: 1.2495
Batch 200, Loss: 1.2629
Batch 300, Loss: 1.3026
Epoch 71 learning rate: 0.07199695849279578
Epoch 71 time: 236.10379219055176 seconds
Epoch 71 accuracy: 62.31%
Batch 100, Loss: 1.2440
Batch 200, Loss: 1.2674
Batch 300, Loss: 1.2863
Epoch 72 learning rate: 0.07128896457825366
Epoch 72 time: 236.41628575325012 seconds
Epoch 72 accuracy: 65.75%
Batch 100, Loss: 1.2299
Batch 200, Loss: 1.2696
Batch 300, Loss: 1.2738
Epoch 73 learning rate: 0.07057571793025548
Epoch 73 time: 236.38591384887695 seconds
Epoch 73 accuracy: 64.7%
Batch 100, Loss: 1.2270
Batch 200, Loss: 1.2275
Batch 300, Loss: 1.2690
Epoch 74 learning rate: 0.06985739453173906
Epoch 74 time: 236.35265636444092 seconds
Epoch 74 accuracy: 63.23%
Batch 100, Loss: 1.2205
Batch 200, Loss: 1.2550
Batch 300, Loss: 1.2466
Epoch 75 learning rate: 0.06913417161825453
Epoch 75 time: 236.25858068466187 seconds
Epoch 75 accuracy: 65.84%
Batch 100, Loss: 1.2228
Batch 200, Loss: 1.2235
Batch 300, Loss: 1.2573
Epoch 76 learning rate: 0.06840622763423394
Epoch 76 time: 236.4115707874298 seconds
Epoch 76 accuracy: 65.91%
Batch 100, Loss: 1.2073
Batch 200, Loss: 1.2137
Batch 300, Loss: 1.2805
Epoch 77 learning rate: 0.0676737421889629
Epoch 77 time: 236.38135814666748 seconds
Epoch 77 accuracy: 64.13%
Batch 100, Loss: 1.2313
Batch 200, Loss: 1.2332
Batch 300, Loss: 1.2340
Epoch 78 learning rate: 0.06693689601226462
Epoch 78 time: 236.29732584953308 seconds
Epoch 78 accuracy: 65.17%
Batch 100, Loss: 1.2015
Batch 200, Loss: 1.2031
Batch 300, Loss: 1.2501
Epoch 79 learning rate: 0.06619587090990751
Epoch 79 time: 236.32233834266663 seconds
Epoch 79 accuracy: 64.3%
Batch 100, Loss: 1.1914
Batch 200, Loss: 1.2120
Batch 300, Loss: 1.2236
Epoch 80 learning rate: 0.06545084971874741
Epoch 80 time: 236.57039999961853 seconds
Epoch 80 accuracy: 62.42%
Batch 100, Loss: 1.1896
Batch 200, Loss: 1.2165
Batch 300, Loss: 1.2324
Epoch 81 learning rate: 0.06470201626161524
Epoch 81 time: 236.27445888519287 seconds
Epoch 81 accuracy: 64.37%
Batch 100, Loss: 1.1890
Batch 200, Loss: 1.2011
Batch 300, Loss: 1.2075
Epoch 82 learning rate: 0.06394955530196152
Epoch 82 time: 236.47629952430725 seconds
Epoch 82 accuracy: 64.97%
Batch 100, Loss: 1.1711
Batch 200, Loss: 1.1749
Batch 300, Loss: 1.1954
Epoch 83 learning rate: 0.06319365249826868
Epoch 83 time: 236.24507331848145 seconds
Epoch 83 accuracy: 63.64%
Batch 100, Loss: 1.1703
Batch 200, Loss: 1.2021
Batch 300, Loss: 1.2003
Epoch 84 learning rate: 0.06243449435824277
Epoch 84 time: 236.49208092689514 seconds
Epoch 84 accuracy: 65.5%
Batch 100, Loss: 1.1551
Batch 200, Loss: 1.1714
Batch 300, Loss: 1.2029
Epoch 85 learning rate: 0.06167226819279532
Epoch 85 time: 236.4219193458557 seconds
Epoch 85 accuracy: 65.54%
Batch 100, Loss: 1.1523
Batch 200, Loss: 1.1732
Batch 300, Loss: 1.1964
Epoch 86 learning rate: 0.06090716206982718
Epoch 86 time: 236.43060064315796 seconds
Epoch 86 accuracy: 67.18%
Batch 100, Loss: 1.1594
Batch 200, Loss: 1.1874
Batch 300, Loss: 1.2002
Epoch 87 learning rate: 0.06013936476782568
Epoch 87 time: 236.4145278930664 seconds
Epoch 87 accuracy: 66.12%
Batch 100, Loss: 1.1274
Batch 200, Loss: 1.1374
Batch 300, Loss: 1.1777
Epoch 88 learning rate: 0.05936906572928629
Epoch 88 time: 236.48486852645874 seconds
Epoch 88 accuracy: 65.83%
Batch 100, Loss: 1.1103
Batch 200, Loss: 1.1915
Batch 300, Loss: 1.1826
Epoch 89 learning rate: 0.05859645501397052
Epoch 89 time: 236.38589525222778 seconds
Epoch 89 accuracy: 65.74%
Batch 100, Loss: 1.1184
Batch 200, Loss: 1.1356
Batch 300, Loss: 1.1740
Epoch 90 learning rate: 0.05782172325201159
Epoch 90 time: 236.26343607902527 seconds
Epoch 90 accuracy: 65.25%
Batch 100, Loss: 1.1280
Batch 200, Loss: 1.1433
Batch 300, Loss: 1.1605
Epoch 91 learning rate: 0.057045061596879186
Epoch 91 time: 236.2201075553894 seconds
Epoch 91 accuracy: 67.73%
Batch 100, Loss: 1.1161
Batch 200, Loss: 1.1231
Batch 300, Loss: 1.1460
Epoch 92 learning rate: 0.056266661678215264
Epoch 92 time: 236.3850874900818 seconds
Epoch 92 accuracy: 67.99%
Batch 100, Loss: 1.0959
Batch 200, Loss: 1.1050
Batch 300, Loss: 1.1429
Epoch 93 learning rate: 0.055486715554552306
Epoch 93 time: 236.21098804473877 seconds
Epoch 93 accuracy: 65.55%
Batch 100, Loss: 1.1140
Batch 200, Loss: 1.1338
Batch 300, Loss: 1.1384
Epoch 94 learning rate: 0.05470541566592575
Epoch 94 time: 236.37438797950745 seconds
Epoch 94 accuracy: 66.6%
Batch 100, Loss: 1.1112
Batch 200, Loss: 1.1360
Batch 300, Loss: 1.1300
Epoch 95 learning rate: 0.05392295478639229
Epoch 95 time: 236.45715141296387 seconds
Epoch 95 accuracy: 66.92%
Batch 100, Loss: 1.0790
Batch 200, Loss: 1.0986
Batch 300, Loss: 1.1100
Epoch 96 learning rate: 0.05313952597646571
Epoch 96 time: 236.20713067054749 seconds
Epoch 96 accuracy: 66.2%
Batch 100, Loss: 1.0717
Batch 200, Loss: 1.0861
Batch 300, Loss: 1.1322
Epoch 97 learning rate: 0.05235532253548216
Epoch 97 time: 236.32450604438782 seconds
Epoch 97 accuracy: 66.08%
Batch 100, Loss: 1.0800
Batch 200, Loss: 1.0667
Batch 300, Loss: 1.0870
Epoch 98 learning rate: 0.051570537953906447
Epoch 98 time: 236.30308389663696 seconds
Epoch 98 accuracy: 68.96%
Batch 100, Loss: 1.0682
Batch 200, Loss: 1.0883
Batch 300, Loss: 1.1030
Epoch 99 learning rate: 0.05078536586559106
Epoch 99 time: 236.60837507247925 seconds
Epoch 99 accuracy: 67.42%
Batch 100, Loss: 1.0364
Batch 200, Loss: 1.0935
Batch 300, Loss: 1.1000
Epoch 100 learning rate: 0.050000000000000024
Epoch 100 time: 236.41731023788452 seconds
Epoch 100 accuracy: 69.47%
Batch 100, Loss: 1.0421
Batch 200, Loss: 1.0677
Batch 300, Loss: 1.0860
Epoch 101 learning rate: 0.049214634134409
Epoch 101 time: 236.38040208816528 seconds
Epoch 101 accuracy: 67.56%
Batch 100, Loss: 1.0485
Batch 200, Loss: 1.0581
Batch 300, Loss: 1.0886
Epoch 102 learning rate: 0.04842946204609361
Epoch 102 time: 236.3894557952881 seconds
Epoch 102 accuracy: 68.1%
Batch 100, Loss: 1.0249
Batch 200, Loss: 1.0401
Batch 300, Loss: 1.0604
Epoch 103 learning rate: 0.04764467746451789
Epoch 103 time: 236.43062138557434 seconds
Epoch 103 accuracy: 68.78%
Batch 100, Loss: 1.0114
Batch 200, Loss: 1.0248
Batch 300, Loss: 1.0742
Epoch 104 learning rate: 0.046860474023534354
Epoch 104 time: 236.2502155303955 seconds
Epoch 104 accuracy: 67.79%
Batch 100, Loss: 1.0266
Batch 200, Loss: 1.0383
Batch 300, Loss: 1.0480
Epoch 105 learning rate: 0.04607704521360778
Epoch 105 time: 236.02287077903748 seconds
Epoch 105 accuracy: 68.0%
Batch 100, Loss: 1.0046
Batch 200, Loss: 1.0261
Batch 300, Loss: 1.0408
Epoch 106 learning rate: 0.04529458433407431
Epoch 106 time: 236.2804250717163 seconds
Epoch 106 accuracy: 68.85%
Batch 100, Loss: 1.0080
Batch 200, Loss: 1.0370
Batch 300, Loss: 1.0398
Epoch 107 learning rate: 0.04451328444544776
Epoch 107 time: 236.06190729141235 seconds
Epoch 107 accuracy: 69.95%
Batch 100, Loss: 0.9945
Batch 200, Loss: 1.0092
Batch 300, Loss: 1.0198
Epoch 108 learning rate: 0.04373333832178482
Epoch 108 time: 236.1868269443512 seconds
Epoch 108 accuracy: 68.76%
Batch 100, Loss: 0.9824
Batch 200, Loss: 1.0278
Batch 300, Loss: 1.0181
Epoch 109 learning rate: 0.0429549384031209
Epoch 109 time: 236.15424156188965 seconds
Epoch 109 accuracy: 70.37%
Batch 100, Loss: 0.9739
Batch 200, Loss: 1.0003
Batch 300, Loss: 1.0047
Epoch 110 learning rate: 0.042178276747988484
Epoch 110 time: 236.20307111740112 seconds
Epoch 110 accuracy: 70.34%
Batch 100, Loss: 0.9541
Batch 200, Loss: 0.9817
Batch 300, Loss: 1.0204
Epoch 111 learning rate: 0.04140354498602954
Epoch 111 time: 236.08697032928467 seconds
Epoch 111 accuracy: 70.75%
Batch 100, Loss: 0.9592
Batch 200, Loss: 0.9620
Batch 300, Loss: 1.0020
Epoch 112 learning rate: 0.0406309342707138
Epoch 112 time: 236.1002860069275 seconds
Epoch 112 accuracy: 68.97%
Batch 100, Loss: 0.9490
Batch 200, Loss: 0.9798
Batch 300, Loss: 0.9768
Epoch 113 learning rate: 0.03986063523217441
Epoch 113 time: 236.2638237476349 seconds
Epoch 113 accuracy: 70.15%
Batch 100, Loss: 0.9334
Batch 200, Loss: 0.9686
Batch 300, Loss: 0.9824
Epoch 114 learning rate: 0.039092837930172916
Epoch 114 time: 236.08776307106018 seconds
Epoch 114 accuracy: 69.04%
Batch 100, Loss: 0.9228
Batch 200, Loss: 0.9578
Batch 300, Loss: 0.9580
Epoch 115 learning rate: 0.03832773180720475
Epoch 115 time: 236.23744082450867 seconds
Epoch 115 accuracy: 70.54%
Batch 100, Loss: 0.9177
Batch 200, Loss: 0.9283
Batch 300, Loss: 0.9814
Epoch 116 learning rate: 0.037565505641757285
Epoch 116 time: 236.15093684196472 seconds
Epoch 116 accuracy: 70.25%
Batch 100, Loss: 0.9090
Batch 200, Loss: 0.9361
Batch 300, Loss: 0.9696
Epoch 117 learning rate: 0.03680634750173138
Epoch 117 time: 236.02294659614563 seconds
Epoch 117 accuracy: 70.91%
Batch 100, Loss: 0.9000
Batch 200, Loss: 0.9398
Batch 300, Loss: 0.9450
Epoch 118 learning rate: 0.036050444698038565
Epoch 118 time: 236.05023288726807 seconds
Epoch 118 accuracy: 70.64%
Batch 100, Loss: 0.9104
Batch 200, Loss: 0.9333
Batch 300, Loss: 0.9373
Epoch 119 learning rate: 0.03529798373838483
Epoch 119 time: 236.09651732444763 seconds
Epoch 119 accuracy: 70.88%
Batch 100, Loss: 0.8994
Batch 200, Loss: 0.9293
Batch 300, Loss: 0.9301
Epoch 120 learning rate: 0.03454915028125267
Epoch 120 time: 236.15510773658752 seconds
Epoch 120 accuracy: 71.38%
Batch 100, Loss: 0.8852
Batch 200, Loss: 0.9000
Batch 300, Loss: 0.9168
Epoch 121 learning rate: 0.03380412909009255
Epoch 121 time: 236.1411681175232 seconds
Epoch 121 accuracy: 72.03%
Batch 100, Loss: 0.8645
Batch 200, Loss: 0.8814
Batch 300, Loss: 0.8976
Epoch 122 learning rate: 0.03306310398773545
Epoch 122 time: 236.08771920204163 seconds
Epoch 122 accuracy: 70.79%
Batch 100, Loss: 0.8764
Batch 200, Loss: 0.9009
Batch 300, Loss: 0.9173
Epoch 123 learning rate: 0.03232625781103717
Epoch 123 time: 236.14922738075256 seconds
Epoch 123 accuracy: 71.89%
Batch 100, Loss: 0.8643
Batch 200, Loss: 0.8852
Batch 300, Loss: 0.8803
Epoch 124 learning rate: 0.03159377236576613
Epoch 124 time: 236.26262521743774 seconds
Epoch 124 accuracy: 70.72%
Batch 100, Loss: 0.8521
Batch 200, Loss: 0.8575
Batch 300, Loss: 0.8886
Epoch 125 learning rate: 0.030865828381745543
Epoch 125 time: 236.0280785560608 seconds
Epoch 125 accuracy: 71.11%
Batch 100, Loss: 0.8292
Batch 200, Loss: 0.8580
Batch 300, Loss: 0.8777
Epoch 126 learning rate: 0.03014260546826098
Epoch 126 time: 236.1224582195282 seconds
Epoch 126 accuracy: 72.16%
Batch 100, Loss: 0.8395
Batch 200, Loss: 0.8565
Batch 300, Loss: 0.8668
Epoch 127 learning rate: 0.02942428206974458
Epoch 127 time: 236.22167038917542 seconds
Epoch 127 accuracy: 72.65%
Batch 100, Loss: 0.8158
Batch 200, Loss: 0.8400
Batch 300, Loss: 0.8583
Epoch 128 learning rate: 0.028711035421746387
Epoch 128 time: 236.21873927116394 seconds
Epoch 128 accuracy: 72.65%
Batch 100, Loss: 0.8015
Batch 200, Loss: 0.8231
Batch 300, Loss: 0.8351
Epoch 129 learning rate: 0.02800304150720426
Epoch 129 time: 236.08079767227173 seconds
Epoch 129 accuracy: 71.16%
Batch 100, Loss: 0.8010
Batch 200, Loss: 0.8099
Batch 300, Loss: 0.8336
Epoch 130 learning rate: 0.02730047501302268
Epoch 130 time: 236.11736512184143 seconds
Epoch 130 accuracy: 72.71%
Batch 100, Loss: 0.7707
Batch 200, Loss: 0.8089
Batch 300, Loss: 0.8132
Epoch 131 learning rate: 0.026603509286971357
Epoch 131 time: 236.09755420684814 seconds
Epoch 131 accuracy: 73.72%
Batch 100, Loss: 0.7579
Batch 200, Loss: 0.7867
Batch 300, Loss: 0.8186
Epoch 132 learning rate: 0.025912316294914244
Epoch 132 time: 236.03012490272522 seconds
Epoch 132 accuracy: 73.54%
Batch 100, Loss: 0.7662
Batch 200, Loss: 0.7670
Batch 300, Loss: 0.8094
Epoch 133 learning rate: 0.025227066578379632
Epoch 133 time: 236.07334876060486 seconds
Epoch 133 accuracy: 73.47%
Batch 100, Loss: 0.7642
Batch 200, Loss: 0.7828
Batch 300, Loss: 0.7906
Epoch 134 learning rate: 0.024547929212481445
Epoch 134 time: 236.27463293075562 seconds
Epoch 134 accuracy: 74.17%
Batch 100, Loss: 0.7274
Batch 200, Loss: 0.7770
Batch 300, Loss: 0.7712
Epoch 135 learning rate: 0.02387507176420257
Epoch 135 time: 236.30520057678223 seconds
Epoch 135 accuracy: 73.64%
Batch 100, Loss: 0.7481
Batch 200, Loss: 0.7489
Batch 300, Loss: 0.7720
Epoch 136 learning rate: 0.023208660251050166
Epoch 136 time: 236.1832413673401 seconds
Epoch 136 accuracy: 73.25%
Batch 100, Loss: 0.7311
Batch 200, Loss: 0.7571
Batch 300, Loss: 0.7591
Epoch 137 learning rate: 0.022548859100093414
Epoch 137 time: 236.10227346420288 seconds
Epoch 137 accuracy: 74.22%
Batch 100, Loss: 0.7192
Batch 200, Loss: 0.7560
Batch 300, Loss: 0.7392
Epoch 138 learning rate: 0.021895831107393474
Epoch 138 time: 236.1926441192627 seconds
Epoch 138 accuracy: 74.67%
Batch 100, Loss: 0.6901
Batch 200, Loss: 0.7344
Batch 300, Loss: 0.7267
Epoch 139 learning rate: 0.02124973739783608
Epoch 139 time: 236.20119094848633 seconds
Epoch 139 accuracy: 74.94%
Batch 100, Loss: 0.7153
Batch 200, Loss: 0.7053
Batch 300, Loss: 0.7314
Epoch 140 learning rate: 0.02061073738537636
Epoch 140 time: 236.0441906452179 seconds
Epoch 140 accuracy: 74.88%
Batch 100, Loss: 0.6942
Batch 200, Loss: 0.7091
Batch 300, Loss: 0.7204
Epoch 141 learning rate: 0.019978988733705814
Epoch 141 time: 236.28491830825806 seconds
Epoch 141 accuracy: 74.57%
Batch 100, Loss: 0.6807
Batch 200, Loss: 0.7018
Batch 300, Loss: 0.7088
Epoch 142 learning rate: 0.01935464731735118
Epoch 142 time: 236.20225429534912 seconds
Epoch 142 accuracy: 75.33%
Batch 100, Loss: 0.6743
Batch 200, Loss: 0.6759
Batch 300, Loss: 0.6986
Epoch 143 learning rate: 0.018737867183214747
Epoch 143 time: 236.07029390335083 seconds
Epoch 143 accuracy: 75.25%
Batch 100, Loss: 0.6486
Batch 200, Loss: 0.6843
Batch 300, Loss: 0.6855
Epoch 144 learning rate: 0.01812880051256552
Epoch 144 time: 236.18991899490356 seconds
Epoch 144 accuracy: 75.67%
Batch 100, Loss: 0.6569
Batch 200, Loss: 0.6712
Batch 300, Loss: 0.6736
Epoch 145 learning rate: 0.017527597583490827
Epoch 145 time: 236.09034037590027 seconds
Epoch 145 accuracy: 75.58%
Batch 100, Loss: 0.6327
Batch 200, Loss: 0.6492
Batch 300, Loss: 0.6703
Epoch 146 learning rate: 0.01693440673381742
Epoch 146 time: 235.9433090686798 seconds
Epoch 146 accuracy: 75.76%
Batch 100, Loss: 0.6193
Batch 200, Loss: 0.6459
Batch 300, Loss: 0.6417
Epoch 147 learning rate: 0.016349374324511334
Epoch 147 time: 236.13296127319336 seconds
Epoch 147 accuracy: 76.06%
Batch 100, Loss: 0.6064
Batch 200, Loss: 0.6307
Batch 300, Loss: 0.6463
Epoch 148 learning rate: 0.01577264470356557
Epoch 148 time: 236.1745309829712 seconds
Epoch 148 accuracy: 75.19%
Batch 100, Loss: 0.6144
Batch 200, Loss: 0.6297
Batch 300, Loss: 0.6397
Epoch 149 learning rate: 0.01520436017038429
Epoch 149 time: 236.04170536994934 seconds
Epoch 149 accuracy: 75.63%
Batch 100, Loss: 0.6004
Batch 200, Loss: 0.6126
Batch 300, Loss: 0.6180
Epoch 150 learning rate: 0.014644660940672632
Epoch 150 time: 236.2693154811859 seconds
Epoch 150 accuracy: 75.47%
Batch 100, Loss: 0.5883
Batch 200, Loss: 0.5881
Batch 300, Loss: 0.6108
Epoch 151 learning rate: 0.01409368511184057
Epoch 151 time: 236.2424681186676 seconds
Epoch 151 accuracy: 76.62%
Batch 100, Loss: 0.5780
Batch 200, Loss: 0.5874
Batch 300, Loss: 0.5982
Epoch 152 learning rate: 0.013551568628929438
Epoch 152 time: 236.3487937450409 seconds
Epoch 152 accuracy: 76.96%
Batch 100, Loss: 0.5725
Batch 200, Loss: 0.5775
Batch 300, Loss: 0.5940
Epoch 153 learning rate: 0.013018445251069516
Epoch 153 time: 236.13034892082214 seconds
Epoch 153 accuracy: 76.8%
Batch 100, Loss: 0.5546
Batch 200, Loss: 0.5603
Batch 300, Loss: 0.5792
Epoch 154 learning rate: 0.012494446518477026
Epoch 154 time: 236.26435089111328 seconds
Epoch 154 accuracy: 76.76%
Batch 100, Loss: 0.5457
Batch 200, Loss: 0.5725
Batch 300, Loss: 0.5585
Epoch 155 learning rate: 0.011979701719998459
Epoch 155 time: 236.14915466308594 seconds
Epoch 155 accuracy: 77.33%
Batch 100, Loss: 0.5159
Batch 200, Loss: 0.5675
Batch 300, Loss: 0.5422
Epoch 156 learning rate: 0.011474337861210548
Epoch 156 time: 235.94448328018188 seconds
Epoch 156 accuracy: 77.18%
Batch 100, Loss: 0.5229
Batch 200, Loss: 0.5416
Batch 300, Loss: 0.5371
Epoch 157 learning rate: 0.010978479633083526
Epoch 157 time: 236.0860686302185 seconds
Epoch 157 accuracy: 77.44%
Batch 100, Loss: 0.5107
Batch 200, Loss: 0.5222
Batch 300, Loss: 0.5385
Epoch 158 learning rate: 0.010492249381215483
Epoch 158 time: 236.2297546863556 seconds
Epoch 158 accuracy: 78.18%
Batch 100, Loss: 0.5074
Batch 200, Loss: 0.5239
Batch 300, Loss: 0.5378
Epoch 159 learning rate: 0.010015767075645474
Epoch 159 time: 236.11439728736877 seconds
Epoch 159 accuracy: 78.23%
Batch 100, Loss: 0.4970
Batch 200, Loss: 0.4944
Batch 300, Loss: 0.5214
Epoch 160 learning rate: 0.009549150281252637
Epoch 160 time: 236.0684039592743 seconds
Epoch 160 accuracy: 78.03%
Batch 100, Loss: 0.5035
Batch 200, Loss: 0.4915
Batch 300, Loss: 0.4923
Epoch 161 learning rate: 0.00909251412874884
Epoch 161 time: 236.16018533706665 seconds
Epoch 161 accuracy: 78.77%
Batch 100, Loss: 0.4743
Batch 200, Loss: 0.4911
Batch 300, Loss: 0.5040
Epoch 162 learning rate: 0.008645971286271918
Epoch 162 time: 236.3428032398224 seconds
Epoch 162 accuracy: 78.07%
Batch 100, Loss: 0.4695
Batch 200, Loss: 0.4898
Batch 300, Loss: 0.4860
Epoch 163 learning rate: 0.008209631931586501
Epoch 163 time: 236.17241668701172 seconds
Epoch 163 accuracy: 78.36%
Batch 100, Loss: 0.4637
Batch 200, Loss: 0.4778
Batch 300, Loss: 0.4815
Epoch 164 learning rate: 0.0077836037248992605
Epoch 164 time: 236.19589495658875 seconds
Epoch 164 accuracy: 78.17%
Batch 100, Loss: 0.4512
Batch 200, Loss: 0.4598
Batch 300, Loss: 0.4655
Epoch 165 learning rate: 0.0073679917822954055
Epoch 165 time: 236.23479413986206 seconds
Epoch 165 accuracy: 78.23%
Batch 100, Loss: 0.4459
Batch 200, Loss: 0.4573
Batch 300, Loss: 0.4509
Epoch 166 learning rate: 0.006962898649802815
Epoch 166 time: 236.14332485198975 seconds
Epoch 166 accuracy: 78.36%
Batch 100, Loss: 0.4424
Batch 200, Loss: 0.4406
Batch 300, Loss: 0.4450
Epoch 167 learning rate: 0.006568424278090438
Epoch 167 time: 236.09996104240417 seconds
Epoch 167 accuracy: 78.65%
Batch 100, Loss: 0.4314
Batch 200, Loss: 0.4319
Batch 300, Loss: 0.4392
Epoch 168 learning rate: 0.006184665997806824
Epoch 168 time: 236.2319836616516 seconds
Epoch 168 accuracy: 79.03%
Batch 100, Loss: 0.4245
Batch 200, Loss: 0.4472
Batch 300, Loss: 0.4283
Epoch 169 learning rate: 0.00581171849556533
Epoch 169 time: 236.26648569107056 seconds
Epoch 169 accuracy: 78.8%
Batch 100, Loss: 0.3977
Batch 200, Loss: 0.4256
Batch 300, Loss: 0.4392
Epoch 170 learning rate: 0.0054496737905816136
Epoch 170 time: 236.23110961914062 seconds
Epoch 170 accuracy: 79.12%
Batch 100, Loss: 0.4059
Batch 200, Loss: 0.4218
Batch 300, Loss: 0.4120
Epoch 171 learning rate: 0.005098621211969226
Epoch 171 time: 236.1128444671631 seconds
Epoch 171 accuracy: 79.32%
Batch 100, Loss: 0.4115
Batch 200, Loss: 0.3920
Batch 300, Loss: 0.4121
Epoch 172 learning rate: 0.004758647376699035
Epoch 172 time: 236.04322218894958 seconds
Epoch 172 accuracy: 79.24%
Batch 100, Loss: 0.3928
Batch 200, Loss: 0.3831
Batch 300, Loss: 0.4072
Epoch 173 learning rate: 0.00442983616822775
Epoch 173 time: 236.08268427848816 seconds
Epoch 173 accuracy: 79.34%
Batch 100, Loss: 0.3862
Batch 200, Loss: 0.3995
Batch 300, Loss: 0.3899
Epoch 174 learning rate: 0.004112268715800957
Epoch 174 time: 236.15688824653625 seconds
Epoch 174 accuracy: 79.59%
Batch 100, Loss: 0.3781
Batch 200, Loss: 0.3751
Batch 300, Loss: 0.3825
Epoch 175 learning rate: 0.003806023374435677
Epoch 175 time: 236.15222597122192 seconds
Epoch 175 accuracy: 79.48%
Batch 100, Loss: 0.3677
Batch 200, Loss: 0.3819
Batch 300, Loss: 0.3812
Epoch 176 learning rate: 0.003511175705587435
Epoch 176 time: 236.20983052253723 seconds
Epoch 176 accuracy: 79.78%
Batch 100, Loss: 0.3586
Batch 200, Loss: 0.3707
Batch 300, Loss: 0.3783
Epoch 177 learning rate: 0.0032277984585066333
Epoch 177 time: 236.14060044288635 seconds
Epoch 177 accuracy: 79.99%
Batch 100, Loss: 0.3717
Batch 200, Loss: 0.3641
Batch 300, Loss: 0.3693
Epoch 178 learning rate: 0.002955961552288729
Epoch 178 time: 236.02237701416016 seconds
Epoch 178 accuracy: 80.02%
Batch 100, Loss: 0.3532
Batch 200, Loss: 0.3418
Batch 300, Loss: 0.3578
Epoch 179 learning rate: 0.0026957320586227366
Epoch 179 time: 235.99740433692932 seconds
Epoch 179 accuracy: 80.34%
Batch 100, Loss: 0.3580
Batch 200, Loss: 0.3508
Batch 300, Loss: 0.3489
Epoch 180 learning rate: 0.002447174185242325
Epoch 180 time: 236.12323093414307 seconds
Epoch 180 accuracy: 80.28%
Batch 100, Loss: 0.3526
Batch 200, Loss: 0.3553
Batch 300, Loss: 0.3603
Epoch 181 learning rate: 0.0022103492600834954
Epoch 181 time: 236.11942672729492 seconds
Epoch 181 accuracy: 80.71%
Batch 100, Loss: 0.3408
Batch 200, Loss: 0.3500
Batch 300, Loss: 0.3397
Epoch 182 learning rate: 0.0019853157161528537
Epoch 182 time: 236.15063643455505 seconds
Epoch 182 accuracy: 80.44%
Batch 100, Loss: 0.3419
Batch 200, Loss: 0.3435
Batch 300, Loss: 0.3340
Epoch 183 learning rate: 0.001772129077110103
Epoch 183 time: 236.22062516212463 seconds
Epoch 183 accuracy: 80.49%
Batch 100, Loss: 0.3364
Batch 200, Loss: 0.3154
Batch 300, Loss: 0.3379
Epoch 184 learning rate: 0.0015708419435684529
Epoch 184 time: 236.14838457107544 seconds
Epoch 184 accuracy: 80.64%
Batch 100, Loss: 0.3228
Batch 200, Loss: 0.3219
Batch 300, Loss: 0.3359
Epoch 185 learning rate: 0.0013815039801161732
Epoch 185 time: 236.23516011238098 seconds
Epoch 185 accuracy: 80.51%
Batch 100, Loss: 0.3308
Batch 200, Loss: 0.3353
Batch 300, Loss: 0.3216
Epoch 186 learning rate: 0.0012041619030626347
Epoch 186 time: 236.14340043067932 seconds
Epoch 186 accuracy: 80.73%
Batch 100, Loss: 0.3170
Batch 200, Loss: 0.3251
Batch 300, Loss: 0.3222
Epoch 187 learning rate: 0.0010388594689117077
Epoch 187 time: 236.14180660247803 seconds
Epoch 187 accuracy: 80.67%
Batch 100, Loss: 0.3198
Batch 200, Loss: 0.3210
Batch 300, Loss: 0.3143
Epoch 188 learning rate: 0.0008856374635655645
Epoch 188 time: 236.1431484222412 seconds
Epoch 188 accuracy: 80.52%
Batch 100, Loss: 0.3118
Batch 200, Loss: 0.3128
Batch 300, Loss: 0.3135
Epoch 189 learning rate: 0.000744533692261307
Epoch 189 time: 236.09238386154175 seconds
Epoch 189 accuracy: 80.87%
Batch 100, Loss: 0.3069
Batch 200, Loss: 0.3093
Batch 300, Loss: 0.3191
Epoch 190 learning rate: 0.0006155829702431174
Epoch 190 time: 236.19464921951294 seconds
Epoch 190 accuracy: 80.93%
Batch 100, Loss: 0.3141
Batch 200, Loss: 0.3174
Batch 300, Loss: 0.3100
Epoch 191 learning rate: 0.0004988171141721235
Epoch 191 time: 236.0937623977661 seconds
Epoch 191 accuracy: 80.85%
Batch 100, Loss: 0.3018
Batch 200, Loss: 0.3138
Batch 300, Loss: 0.3170
Epoch 192 learning rate: 0.00039426493427611206
Epoch 192 time: 236.14398527145386 seconds
Epoch 192 accuracy: 80.96%
Batch 100, Loss: 0.3086
Batch 200, Loss: 0.3129
Batch 300, Loss: 0.3072
Epoch 193 learning rate: 0.00030195222724102046
Epoch 193 time: 236.18227338790894 seconds
Epoch 193 accuracy: 80.83%
Batch 100, Loss: 0.3029
Batch 200, Loss: 0.3153
Batch 300, Loss: 0.3054
Epoch 194 learning rate: 0.00022190176984600036
Epoch 194 time: 236.19316148757935 seconds
Epoch 194 accuracy: 80.86%
Batch 100, Loss: 0.3087
Batch 200, Loss: 0.3099
Batch 300, Loss: 0.3025
Epoch 195 learning rate: 0.00015413331334360192
Epoch 195 time: 236.18564128875732 seconds
Epoch 195 accuracy: 80.72%
Batch 100, Loss: 0.3037
Batch 200, Loss: 0.3029
Batch 300, Loss: 0.3151
Epoch 196 learning rate: 9.866357858642213e-05
Epoch 196 time: 236.208740234375 seconds
Epoch 196 accuracy: 80.99%
Batch 100, Loss: 0.3045
Batch 200, Loss: 0.2995
Batch 300, Loss: 0.3096
Epoch 197 learning rate: 5.5506251901504864e-05
Epoch 197 time: 236.16906905174255 seconds
Epoch 197 accuracy: 81.03%
Batch 100, Loss: 0.3014
Batch 200, Loss: 0.3020
Batch 300, Loss: 0.3098
Epoch 198 learning rate: 2.4671981713420017e-05
Epoch 198 time: 236.08410787582397 seconds
Epoch 198 accuracy: 80.83%
Batch 100, Loss: 0.3007
Batch 200, Loss: 0.3173
Batch 300, Loss: 0.2966
Epoch 199 learning rate: 6.168375916970619e-06
Epoch 199 time: 236.19649291038513 seconds
Epoch 199 accuracy: 80.9%
Batch 100, Loss: 0.3128
Batch 200, Loss: 0.2995
Batch 300, Loss: 0.3090
Epoch 200 learning rate: 0.0
Epoch 200 time: 236.05069637298584 seconds
Epoch 200 accuracy: 80.93%
rho:  0.1 , alpha:  0.3
Total training time: 47260.06743860245 seconds
