The following modules were not unloaded:
  (Use "module --force purge" to unload all):

  1) CCconfig        6)  ucx/1.14.1         11) flexiblas/3.3.1
  2) gentoo/2023     7)  libfabric/1.18.0   12) imkl/2023.2.0
  3) gcccore/.12.3   8)  pmix/4.2.4         13) StdEnv/2023
  4) gcc/12.3        9)  ucc/1.2.0
  5) hwloc/2.9.1     10) openmpi/4.1.5
/project/6070520/tkleinkn/Vanilla-GAM/main_cifar.py:187: UserWarning: You have chosen a specific GPU. This will completely disable data parallelism.
  warnings.warn('You have chosen a specific GPU. This will completely '
model name space ['resnet101_c', 'resnet152_c', 'resnet18_c', 'resnet34_c', 'resnet50_c']
Use GPU: 0 for training
=> creating model 'resnet18_c'
Files already downloaded and verified
Files already downloaded and verified
tensorboard dir ./results/CIFAR10/GAMNonAccelerated
Using non-accelerated GAM
/home/tkleinkn/GAMtest/lib/python3.11/site-packages/torch/autograd/graph.py:744: UserWarning: Using backward() with create_graph=True will create a reference cycle between the parameter and its gradient which can cause a memory leak. We recommend using autograd.grad when creating the graph to avoid this. If you have to use this function, make sure to reset the .grad fields of your parameters to None after use to break the cycle and avoid the leak. (Triggered internally at /home/coulombc/wheels_builder/tmp.2617/python-3.11/torch/torch/csrc/autograd/engine.cpp:1203.)
  return Variable._execution_engine.run_backward(  # Calls into the C++ engine to run the backward pass
Batch 100, Loss: 1.9554
Batch 200, Loss: 1.4717
Batch 300, Loss: 1.3465
Epoch 1 learning rate: 0.09999383162408304
Epoch 1 time: 246.21705055236816 seconds
Epoch 1 accuracy: 40.24%
Batch 100, Loss: 1.2103
Batch 200, Loss: 1.1406
Batch 300, Loss: 1.0672
Epoch 2 learning rate: 0.09997532801828658
Epoch 2 time: 237.26893258094788 seconds
Epoch 2 accuracy: 52.63%
Batch 100, Loss: 0.9695
Batch 200, Loss: 0.9215
Batch 300, Loss: 0.8685
Epoch 3 learning rate: 0.09994449374809851
Epoch 3 time: 237.22123837471008 seconds
Epoch 3 accuracy: 57.98%
Batch 100, Loss: 0.7945
Batch 200, Loss: 0.7769
Batch 300, Loss: 0.7567
Epoch 4 learning rate: 0.09990133642141359
Epoch 4 time: 236.78690934181213 seconds
Epoch 4 accuracy: 66.62%
Batch 100, Loss: 0.7017
Batch 200, Loss: 0.6921
Batch 300, Loss: 0.6618
Epoch 5 learning rate: 0.09984586668665642
Epoch 5 time: 236.7746639251709 seconds
Epoch 5 accuracy: 64.42%
Batch 100, Loss: 0.6170
Batch 200, Loss: 0.5815
Batch 300, Loss: 0.5772
Epoch 6 learning rate: 0.09977809823015402
Epoch 6 time: 236.9419252872467 seconds
Epoch 6 accuracy: 71.35%
Batch 100, Loss: 0.5354
Batch 200, Loss: 0.5243
Batch 300, Loss: 0.4909
Epoch 7 learning rate: 0.09969804777275901
Epoch 7 time: 236.8548481464386 seconds
Epoch 7 accuracy: 77.12%
Batch 100, Loss: 0.4702
Batch 200, Loss: 0.4569
Batch 300, Loss: 0.4571
Epoch 8 learning rate: 0.09960573506572391
Epoch 8 time: 236.694806098938 seconds
Epoch 8 accuracy: 77.38%
Batch 100, Loss: 0.4337
Batch 200, Loss: 0.4217
Batch 300, Loss: 0.4388
Epoch 9 learning rate: 0.09950118288582789
Epoch 9 time: 236.98824501037598 seconds
Epoch 9 accuracy: 78.67%
Batch 100, Loss: 0.4062
Batch 200, Loss: 0.4093
Batch 300, Loss: 0.4110
Epoch 10 learning rate: 0.09938441702975691
Epoch 10 time: 236.90521812438965 seconds
Epoch 10 accuracy: 79.57%
Batch 100, Loss: 0.3787
Batch 200, Loss: 0.3867
Batch 300, Loss: 0.3865
Epoch 11 learning rate: 0.09925546630773871
Epoch 11 time: 236.86473202705383 seconds
Epoch 11 accuracy: 79.12%
Batch 100, Loss: 0.3737
Batch 200, Loss: 0.3640
Batch 300, Loss: 0.3752
Epoch 12 learning rate: 0.09911436253643445
Epoch 12 time: 236.87374639511108 seconds
Epoch 12 accuracy: 82.48%
Batch 100, Loss: 0.3672
Batch 200, Loss: 0.3474
Batch 300, Loss: 0.3670
Epoch 13 learning rate: 0.0989611405310883
Epoch 13 time: 236.84114861488342 seconds
Epoch 13 accuracy: 79.99%
Batch 100, Loss: 0.3434
Batch 200, Loss: 0.3381
Batch 300, Loss: 0.3502
Epoch 14 learning rate: 0.09879583809693739
Epoch 14 time: 236.8332748413086 seconds
Epoch 14 accuracy: 84.67%
Batch 100, Loss: 0.3317
Batch 200, Loss: 0.3422
Batch 300, Loss: 0.3333
Epoch 15 learning rate: 0.09861849601988384
Epoch 15 time: 236.7310664653778 seconds
Epoch 15 accuracy: 81.78%
Batch 100, Loss: 0.3321
Batch 200, Loss: 0.3261
Batch 300, Loss: 0.3210
Epoch 16 learning rate: 0.09842915805643157
Epoch 16 time: 236.8388340473175 seconds
Epoch 16 accuracy: 83.0%
Batch 100, Loss: 0.3107
Batch 200, Loss: 0.3124
Batch 300, Loss: 0.3175
Epoch 17 learning rate: 0.09822787092288993
Epoch 17 time: 236.86646366119385 seconds
Epoch 17 accuracy: 83.04%
Batch 100, Loss: 0.3155
Batch 200, Loss: 0.3155
Batch 300, Loss: 0.3120
Epoch 18 learning rate: 0.09801468428384717
Epoch 18 time: 236.74902248382568 seconds
Epoch 18 accuracy: 82.84%
Batch 100, Loss: 0.2920
Batch 200, Loss: 0.3053
Batch 300, Loss: 0.3067
Epoch 19 learning rate: 0.09778965073991652
Epoch 19 time: 237.04297852516174 seconds
Epoch 19 accuracy: 83.92%
Batch 100, Loss: 0.2877
Batch 200, Loss: 0.3018
Batch 300, Loss: 0.2960
Epoch 20 learning rate: 0.0975528258147577
Epoch 20 time: 236.81642627716064 seconds
Epoch 20 accuracy: 83.6%
Batch 100, Loss: 0.2800
Batch 200, Loss: 0.2956
Batch 300, Loss: 0.2967
Epoch 21 learning rate: 0.09730426794137728
Epoch 21 time: 236.7277011871338 seconds
Epoch 21 accuracy: 82.06%
Batch 100, Loss: 0.2911
Batch 200, Loss: 0.2738
Batch 300, Loss: 0.2868
Epoch 22 learning rate: 0.09704403844771128
Epoch 22 time: 236.8478283882141 seconds
Epoch 22 accuracy: 84.49%
Batch 100, Loss: 0.2826
Batch 200, Loss: 0.2794
Batch 300, Loss: 0.2858
Epoch 23 learning rate: 0.09677220154149338
Epoch 23 time: 236.59175324440002 seconds
Epoch 23 accuracy: 83.97%
Batch 100, Loss: 0.2646
Batch 200, Loss: 0.2826
Batch 300, Loss: 0.2879
Epoch 24 learning rate: 0.09648882429441258
Epoch 24 time: 236.90761303901672 seconds
Epoch 24 accuracy: 85.36%
Batch 100, Loss: 0.2790
Batch 200, Loss: 0.2710
Batch 300, Loss: 0.2790
Epoch 25 learning rate: 0.09619397662556435
Epoch 25 time: 237.15989232063293 seconds
Epoch 25 accuracy: 86.5%
Batch 100, Loss: 0.2667
Batch 200, Loss: 0.2754
Batch 300, Loss: 0.2748
Epoch 26 learning rate: 0.09588773128419906
Epoch 26 time: 236.76518487930298 seconds
Epoch 26 accuracy: 85.66%
Batch 100, Loss: 0.2627
Batch 200, Loss: 0.2711
Batch 300, Loss: 0.2658
Epoch 27 learning rate: 0.09557016383177226
Epoch 27 time: 236.53317189216614 seconds
Epoch 27 accuracy: 87.89%
Batch 100, Loss: 0.2493
Batch 200, Loss: 0.2629
Batch 300, Loss: 0.2695
Epoch 28 learning rate: 0.09524135262330098
Epoch 28 time: 236.7882101535797 seconds
Epoch 28 accuracy: 83.77%
Batch 100, Loss: 0.2595
Batch 200, Loss: 0.2723
Batch 300, Loss: 0.2667
Epoch 29 learning rate: 0.09490137878803079
Epoch 29 time: 236.70928835868835 seconds
Epoch 29 accuracy: 87.0%
Batch 100, Loss: 0.2459
Batch 200, Loss: 0.2513
Batch 300, Loss: 0.2679
Epoch 30 learning rate: 0.0945503262094184
Epoch 30 time: 236.75275230407715 seconds
Epoch 30 accuracy: 82.78%
Batch 100, Loss: 0.2482
Batch 200, Loss: 0.2493
Batch 300, Loss: 0.2552
Epoch 31 learning rate: 0.0941882815044347
Epoch 31 time: 236.57407212257385 seconds
Epoch 31 accuracy: 85.65%
Batch 100, Loss: 0.2451
Batch 200, Loss: 0.2562
Batch 300, Loss: 0.2631
Epoch 32 learning rate: 0.09381533400219319
Epoch 32 time: 236.5867941379547 seconds
Epoch 32 accuracy: 82.03%
Batch 100, Loss: 0.2427
Batch 200, Loss: 0.2475
Batch 300, Loss: 0.2578
Epoch 33 learning rate: 0.09343157572190958
Epoch 33 time: 236.71127033233643 seconds
Epoch 33 accuracy: 86.27%
Batch 100, Loss: 0.2367
Batch 200, Loss: 0.2364
Batch 300, Loss: 0.2612
Epoch 34 learning rate: 0.0930371013501972
Epoch 34 time: 236.7159821987152 seconds
Epoch 34 accuracy: 81.85%
Batch 100, Loss: 0.2584
Batch 200, Loss: 0.2449
Batch 300, Loss: 0.2480
Epoch 35 learning rate: 0.09263200821770463
Epoch 35 time: 236.90788435935974 seconds
Epoch 35 accuracy: 87.57%
Batch 100, Loss: 0.2349
Batch 200, Loss: 0.2404
Batch 300, Loss: 0.2491
Epoch 36 learning rate: 0.09221639627510078
Epoch 36 time: 236.56442022323608 seconds
Epoch 36 accuracy: 84.95%
Batch 100, Loss: 0.2343
Batch 200, Loss: 0.2459
Batch 300, Loss: 0.2499
Epoch 37 learning rate: 0.09179036806841355
Epoch 37 time: 236.79028058052063 seconds
Epoch 37 accuracy: 86.48%
Batch 100, Loss: 0.2397
Batch 200, Loss: 0.2432
Batch 300, Loss: 0.2557
Epoch 38 learning rate: 0.09135402871372812
Epoch 38 time: 237.00823402404785 seconds
Epoch 38 accuracy: 87.31%
Batch 100, Loss: 0.2316
Batch 200, Loss: 0.2315
Batch 300, Loss: 0.2500
Epoch 39 learning rate: 0.0909074858712512
Epoch 39 time: 236.65215229988098 seconds
Epoch 39 accuracy: 83.35%
Batch 100, Loss: 0.2228
Batch 200, Loss: 0.2327
Batch 300, Loss: 0.2457
Epoch 40 learning rate: 0.09045084971874741
Epoch 40 time: 236.7534453868866 seconds
Epoch 40 accuracy: 86.41%
Batch 100, Loss: 0.2306
Batch 200, Loss: 0.2288
Batch 300, Loss: 0.2512
Epoch 41 learning rate: 0.08998423292435458
Epoch 41 time: 236.87929463386536 seconds
Epoch 41 accuracy: 87.6%
Batch 100, Loss: 0.2277
Batch 200, Loss: 0.2236
Batch 300, Loss: 0.2396
Epoch 42 learning rate: 0.08950775061878455
Epoch 42 time: 236.61137104034424 seconds
Epoch 42 accuracy: 86.46%
Batch 100, Loss: 0.2249
Batch 200, Loss: 0.2307
Batch 300, Loss: 0.2329
Epoch 43 learning rate: 0.08902152036691653
Epoch 43 time: 236.56854271888733 seconds
Epoch 43 accuracy: 86.47%
Batch 100, Loss: 0.2160
Batch 200, Loss: 0.2345
Batch 300, Loss: 0.2462
Epoch 44 learning rate: 0.08852566213878951
Epoch 44 time: 236.74299430847168 seconds
Epoch 44 accuracy: 85.6%
Batch 100, Loss: 0.2173
Batch 200, Loss: 0.2298
Batch 300, Loss: 0.2229
Epoch 45 learning rate: 0.0880202982800016
Epoch 45 time: 236.87305736541748 seconds
Epoch 45 accuracy: 87.1%
Batch 100, Loss: 0.2176
Batch 200, Loss: 0.2237
Batch 300, Loss: 0.2323
Epoch 46 learning rate: 0.08750555348152303
Epoch 46 time: 236.94638323783875 seconds
Epoch 46 accuracy: 84.38%
Batch 100, Loss: 0.2159
Batch 200, Loss: 0.2279
Batch 300, Loss: 0.2297
Epoch 47 learning rate: 0.08698155474893052
Epoch 47 time: 236.82514786720276 seconds
Epoch 47 accuracy: 89.0%
Batch 100, Loss: 0.2050
Batch 200, Loss: 0.2336
Batch 300, Loss: 0.2317
Epoch 48 learning rate: 0.08644843137107061
Epoch 48 time: 236.6740972995758 seconds
Epoch 48 accuracy: 88.35%
Batch 100, Loss: 0.2059
Batch 200, Loss: 0.2224
Batch 300, Loss: 0.2417
Epoch 49 learning rate: 0.08590631488815947
Epoch 49 time: 236.92548847198486 seconds
Epoch 49 accuracy: 86.37%
Batch 100, Loss: 0.2173
Batch 200, Loss: 0.2176
Batch 300, Loss: 0.2188
Epoch 50 learning rate: 0.0853553390593274
Epoch 50 time: 236.77729153633118 seconds
Epoch 50 accuracy: 86.86%
Batch 100, Loss: 0.2084
Batch 200, Loss: 0.2244
Batch 300, Loss: 0.2170
Epoch 51 learning rate: 0.08479563982961574
Epoch 51 time: 236.82705640792847 seconds
Epoch 51 accuracy: 86.16%
Batch 100, Loss: 0.1998
Batch 200, Loss: 0.2091
Batch 300, Loss: 0.2227
Epoch 52 learning rate: 0.08422735529643446
Epoch 52 time: 236.8706178665161 seconds
Epoch 52 accuracy: 85.43%
Batch 100, Loss: 0.2064
Batch 200, Loss: 0.2121
Batch 300, Loss: 0.2276
Epoch 53 learning rate: 0.08365062567548869
Epoch 53 time: 236.84714913368225 seconds
Epoch 53 accuracy: 86.3%
Batch 100, Loss: 0.2081
Batch 200, Loss: 0.2105
Batch 300, Loss: 0.2191
Epoch 54 learning rate: 0.08306559326618261
Epoch 54 time: 236.7764539718628 seconds
Epoch 54 accuracy: 86.99%
Batch 100, Loss: 0.2123
Batch 200, Loss: 0.2070
Batch 300, Loss: 0.2182
Epoch 55 learning rate: 0.0824724024165092
Epoch 55 time: 236.96956253051758 seconds
Epoch 55 accuracy: 87.69%
Batch 100, Loss: 0.2075
Batch 200, Loss: 0.2057
Batch 300, Loss: 0.2192
Epoch 56 learning rate: 0.0818711994874345
Epoch 56 time: 236.78074765205383 seconds
Epoch 56 accuracy: 85.16%
Batch 100, Loss: 0.2056
Batch 200, Loss: 0.2035
Batch 300, Loss: 0.2069
Epoch 57 learning rate: 0.08126213281678528
Epoch 57 time: 236.84222412109375 seconds
Epoch 57 accuracy: 87.22%
Batch 100, Loss: 0.2044
Batch 200, Loss: 0.2120
Batch 300, Loss: 0.2270
Epoch 58 learning rate: 0.08064535268264884
Epoch 58 time: 236.5572624206543 seconds
Epoch 58 accuracy: 88.21%
Batch 100, Loss: 0.1958
Batch 200, Loss: 0.2114
Batch 300, Loss: 0.2097
Epoch 59 learning rate: 0.08002101126629421
Epoch 59 time: 236.67761397361755 seconds
Epoch 59 accuracy: 86.43%
Batch 100, Loss: 0.1966
Batch 200, Loss: 0.1978
Batch 300, Loss: 0.2142
Epoch 60 learning rate: 0.07938926261462367
Epoch 60 time: 236.45653009414673 seconds
Epoch 60 accuracy: 87.32%
Batch 100, Loss: 0.1910
Batch 200, Loss: 0.1928
Batch 300, Loss: 0.2104
Epoch 61 learning rate: 0.07875026260216395
Epoch 61 time: 236.83655047416687 seconds
Epoch 61 accuracy: 87.86%
Batch 100, Loss: 0.1920
Batch 200, Loss: 0.1922
Batch 300, Loss: 0.2054
Epoch 62 learning rate: 0.07810416889260656
Epoch 62 time: 236.83267283439636 seconds
Epoch 62 accuracy: 87.23%
Batch 100, Loss: 0.1916
Batch 200, Loss: 0.1968
Batch 300, Loss: 0.2070
Epoch 63 learning rate: 0.07745114089990661
Epoch 63 time: 236.8522276878357 seconds
Epoch 63 accuracy: 87.06%
Batch 100, Loss: 0.1882
Batch 200, Loss: 0.1881
Batch 300, Loss: 0.2074
Epoch 64 learning rate: 0.07679133974894985
Epoch 64 time: 236.7679567337036 seconds
Epoch 64 accuracy: 87.68%
Batch 100, Loss: 0.1929
Batch 200, Loss: 0.2036
Batch 300, Loss: 0.2072
Epoch 65 learning rate: 0.07612492823579746
Epoch 65 time: 237.12076115608215 seconds
Epoch 65 accuracy: 88.52%
Batch 100, Loss: 0.1886
Batch 200, Loss: 0.1969
Batch 300, Loss: 0.1995
Epoch 66 learning rate: 0.07545207078751859
Epoch 66 time: 236.53353881835938 seconds
Epoch 66 accuracy: 87.87%
Batch 100, Loss: 0.1933
Batch 200, Loss: 0.1857
Batch 300, Loss: 0.1975
Epoch 67 learning rate: 0.0747729334216204
Epoch 67 time: 236.86049485206604 seconds
Epoch 67 accuracy: 85.64%
Batch 100, Loss: 0.1776
Batch 200, Loss: 0.1837
Batch 300, Loss: 0.2015
Epoch 68 learning rate: 0.07408768370508578
Epoch 68 time: 236.5824408531189 seconds
Epoch 68 accuracy: 87.62%
Batch 100, Loss: 0.1835
Batch 200, Loss: 0.1913
Batch 300, Loss: 0.1902
Epoch 69 learning rate: 0.0733964907130287
Epoch 69 time: 236.73298501968384 seconds
Epoch 69 accuracy: 88.41%
Batch 100, Loss: 0.1806
Batch 200, Loss: 0.1774
Batch 300, Loss: 0.1941
Epoch 70 learning rate: 0.07269952498697736
Epoch 70 time: 236.6680827140808 seconds
Epoch 70 accuracy: 86.29%
Batch 100, Loss: 0.1751
Batch 200, Loss: 0.1800
Batch 300, Loss: 0.1958
Epoch 71 learning rate: 0.07199695849279578
Epoch 71 time: 236.64295935630798 seconds
Epoch 71 accuracy: 90.21%
Batch 100, Loss: 0.1787
Batch 200, Loss: 0.1777
Batch 300, Loss: 0.1830
Epoch 72 learning rate: 0.07128896457825366
Epoch 72 time: 236.64599084854126 seconds
Epoch 72 accuracy: 87.71%
Batch 100, Loss: 0.1769
Batch 200, Loss: 0.1869
Batch 300, Loss: 0.1824
Epoch 73 learning rate: 0.07057571793025548
Epoch 73 time: 236.9515597820282 seconds
Epoch 73 accuracy: 86.33%
Batch 100, Loss: 0.1725
Batch 200, Loss: 0.1921
Batch 300, Loss: 0.1872
Epoch 74 learning rate: 0.06985739453173906
Epoch 74 time: 237.06565594673157 seconds
Epoch 74 accuracy: 86.86%
Batch 100, Loss: 0.1672
Batch 200, Loss: 0.1804
Batch 300, Loss: 0.1893
Epoch 75 learning rate: 0.06913417161825453
Epoch 75 time: 236.9778435230255 seconds
Epoch 75 accuracy: 89.14%
Batch 100, Loss: 0.1693
Batch 200, Loss: 0.1719
Batch 300, Loss: 0.1839
Epoch 76 learning rate: 0.06840622763423394
Epoch 76 time: 236.98634028434753 seconds
Epoch 76 accuracy: 87.64%
Batch 100, Loss: 0.1639
Batch 200, Loss: 0.1821
Batch 300, Loss: 0.1751
Epoch 77 learning rate: 0.0676737421889629
Epoch 77 time: 237.06900358200073 seconds
Epoch 77 accuracy: 88.53%
Batch 100, Loss: 0.1712
Batch 200, Loss: 0.1661
Batch 300, Loss: 0.1714
Epoch 78 learning rate: 0.06693689601226462
Epoch 78 time: 236.8981282711029 seconds
Epoch 78 accuracy: 87.97%
Batch 100, Loss: 0.1606
Batch 200, Loss: 0.1682
Batch 300, Loss: 0.1703
Epoch 79 learning rate: 0.06619587090990751
Epoch 79 time: 236.93535137176514 seconds
Epoch 79 accuracy: 88.81%
Batch 100, Loss: 0.1632
Batch 200, Loss: 0.1764
Batch 300, Loss: 0.1738
Epoch 80 learning rate: 0.06545084971874741
Epoch 80 time: 236.71520328521729 seconds
Epoch 80 accuracy: 88.27%
Batch 100, Loss: 0.1611
Batch 200, Loss: 0.1705
Batch 300, Loss: 0.1768
Epoch 81 learning rate: 0.06470201626161524
Epoch 81 time: 236.55194997787476 seconds
Epoch 81 accuracy: 87.49%
Batch 100, Loss: 0.1563
Batch 200, Loss: 0.1645
Batch 300, Loss: 0.1775
Epoch 82 learning rate: 0.06394955530196152
Epoch 82 time: 236.69572854042053 seconds
Epoch 82 accuracy: 89.79%
Batch 100, Loss: 0.1549
Batch 200, Loss: 0.1646
Batch 300, Loss: 0.1705
Epoch 83 learning rate: 0.06319365249826868
Epoch 83 time: 236.8918170928955 seconds
Epoch 83 accuracy: 86.54%
Batch 100, Loss: 0.1451
Batch 200, Loss: 0.1728
Batch 300, Loss: 0.1729
Epoch 84 learning rate: 0.06243449435824277
Epoch 84 time: 236.6737380027771 seconds
Epoch 84 accuracy: 86.48%
Batch 100, Loss: 0.1586
Batch 200, Loss: 0.1544
Batch 300, Loss: 0.1765
Epoch 85 learning rate: 0.06167226819279532
Epoch 85 time: 236.63279128074646 seconds
Epoch 85 accuracy: 88.73%
Batch 100, Loss: 0.1488
Batch 200, Loss: 0.1636
Batch 300, Loss: 0.1684
Epoch 86 learning rate: 0.06090716206982718
Epoch 86 time: 236.835871219635 seconds
Epoch 86 accuracy: 88.32%
Batch 100, Loss: 0.1526
Batch 200, Loss: 0.1541
Batch 300, Loss: 0.1624
Epoch 87 learning rate: 0.06013936476782568
Epoch 87 time: 236.81917214393616 seconds
Epoch 87 accuracy: 87.34%
Batch 100, Loss: 0.1557
Batch 200, Loss: 0.1532
Batch 300, Loss: 0.1609
Epoch 88 learning rate: 0.05936906572928629
Epoch 88 time: 236.89928817749023 seconds
Epoch 88 accuracy: 88.73%
Batch 100, Loss: 0.1405
Batch 200, Loss: 0.1497
Batch 300, Loss: 0.1596
Epoch 89 learning rate: 0.05859645501397052
Epoch 89 time: 237.0401086807251 seconds
Epoch 89 accuracy: 89.58%
Batch 100, Loss: 0.1516
Batch 200, Loss: 0.1590
Batch 300, Loss: 0.1550
Epoch 90 learning rate: 0.05782172325201159
Epoch 90 time: 236.60788202285767 seconds
Epoch 90 accuracy: 89.47%
Batch 100, Loss: 0.1462
Batch 200, Loss: 0.1511
Batch 300, Loss: 0.1565
Epoch 91 learning rate: 0.057045061596879186
Epoch 91 time: 236.68780851364136 seconds
Epoch 91 accuracy: 86.6%
Batch 100, Loss: 0.1353
Batch 200, Loss: 0.1507
Batch 300, Loss: 0.1528
Epoch 92 learning rate: 0.056266661678215264
Epoch 92 time: 236.69919991493225 seconds
Epoch 92 accuracy: 88.94%
Batch 100, Loss: 0.1348
Batch 200, Loss: 0.1463
Batch 300, Loss: 0.1556
Epoch 93 learning rate: 0.055486715554552306
Epoch 93 time: 236.9733862876892 seconds
Epoch 93 accuracy: 88.71%
Batch 100, Loss: 0.1397
Batch 200, Loss: 0.1461
Batch 300, Loss: 0.1487
Epoch 94 learning rate: 0.05470541566592575
Epoch 94 time: 236.64169144630432 seconds
Epoch 94 accuracy: 88.28%
Batch 100, Loss: 0.1311
Batch 200, Loss: 0.1440
Batch 300, Loss: 0.1552
Epoch 95 learning rate: 0.05392295478639229
Epoch 95 time: 236.38240242004395 seconds
Epoch 95 accuracy: 89.12%
Batch 100, Loss: 0.1259
Batch 200, Loss: 0.1392
Batch 300, Loss: 0.1493
Epoch 96 learning rate: 0.05313952597646571
Epoch 96 time: 236.40894722938538 seconds
Epoch 96 accuracy: 87.43%
Batch 100, Loss: 0.1267
Batch 200, Loss: 0.1488
Batch 300, Loss: 0.1479
Epoch 97 learning rate: 0.05235532253548216
Epoch 97 time: 236.3669090270996 seconds
Epoch 97 accuracy: 89.66%
Batch 100, Loss: 0.1283
Batch 200, Loss: 0.1388
Batch 300, Loss: 0.1393
Epoch 98 learning rate: 0.051570537953906447
Epoch 98 time: 236.30991005897522 seconds
Epoch 98 accuracy: 90.45%
Batch 100, Loss: 0.1318
Batch 200, Loss: 0.1337
Batch 300, Loss: 0.1335
Epoch 99 learning rate: 0.05078536586559106
Epoch 99 time: 236.2669894695282 seconds
Epoch 99 accuracy: 90.3%
Batch 100, Loss: 0.1243
Batch 200, Loss: 0.1290
Batch 300, Loss: 0.1341
Epoch 100 learning rate: 0.050000000000000024
Epoch 100 time: 236.31598734855652 seconds
Epoch 100 accuracy: 89.87%
Batch 100, Loss: 0.1193
Batch 200, Loss: 0.1250
Batch 300, Loss: 0.1431
Epoch 101 learning rate: 0.049214634134409
Epoch 101 time: 236.18264150619507 seconds
Epoch 101 accuracy: 88.4%
Batch 100, Loss: 0.1166
Batch 200, Loss: 0.1230
Batch 300, Loss: 0.1367
Epoch 102 learning rate: 0.04842946204609361
Epoch 102 time: 236.40166974067688 seconds
Epoch 102 accuracy: 88.5%
Batch 100, Loss: 0.1214
Batch 200, Loss: 0.1188
Batch 300, Loss: 0.1222
Epoch 103 learning rate: 0.04764467746451789
Epoch 103 time: 236.39922046661377 seconds
Epoch 103 accuracy: 91.07%
Batch 100, Loss: 0.1142
Batch 200, Loss: 0.1256
Batch 300, Loss: 0.1298
Epoch 104 learning rate: 0.046860474023534354
Epoch 104 time: 236.25551795959473 seconds
Epoch 104 accuracy: 89.29%
Batch 100, Loss: 0.1129
Batch 200, Loss: 0.1176
Batch 300, Loss: 0.1299
Epoch 105 learning rate: 0.04607704521360778
Epoch 105 time: 236.28690314292908 seconds
Epoch 105 accuracy: 90.3%
Batch 100, Loss: 0.1196
Batch 200, Loss: 0.1297
Batch 300, Loss: 0.1228
Epoch 106 learning rate: 0.04529458433407431
Epoch 106 time: 236.27513790130615 seconds
Epoch 106 accuracy: 90.15%
Batch 100, Loss: 0.1094
Batch 200, Loss: 0.1086
Batch 300, Loss: 0.1206
Epoch 107 learning rate: 0.04451328444544776
Epoch 107 time: 236.28180623054504 seconds
Epoch 107 accuracy: 90.04%
Batch 100, Loss: 0.1155
Batch 200, Loss: 0.1133
Batch 300, Loss: 0.1206
Epoch 108 learning rate: 0.04373333832178482
Epoch 108 time: 236.36229944229126 seconds
Epoch 108 accuracy: 89.43%
Batch 100, Loss: 0.1139
Batch 200, Loss: 0.1175
Batch 300, Loss: 0.1160
Epoch 109 learning rate: 0.0429549384031209
Epoch 109 time: 236.3091220855713 seconds
Epoch 109 accuracy: 89.84%
Batch 100, Loss: 0.1017
Batch 200, Loss: 0.1170
Batch 300, Loss: 0.1130
Epoch 110 learning rate: 0.042178276747988484
Epoch 110 time: 236.43425846099854 seconds
Epoch 110 accuracy: 88.96%
Batch 100, Loss: 0.1105
Batch 200, Loss: 0.1014
Batch 300, Loss: 0.1073
Epoch 111 learning rate: 0.04140354498602954
Epoch 111 time: 236.55490469932556 seconds
Epoch 111 accuracy: 90.85%
Batch 100, Loss: 0.1029
Batch 200, Loss: 0.1051
Batch 300, Loss: 0.1107
Epoch 112 learning rate: 0.0406309342707138
Epoch 112 time: 236.4507884979248 seconds
Epoch 112 accuracy: 90.41%
Batch 100, Loss: 0.0997
Batch 200, Loss: 0.1070
Batch 300, Loss: 0.1182
Epoch 113 learning rate: 0.03986063523217441
Epoch 113 time: 236.5575976371765 seconds
Epoch 113 accuracy: 90.44%
Batch 100, Loss: 0.0993
Batch 200, Loss: 0.1033
Batch 300, Loss: 0.1031
Epoch 114 learning rate: 0.039092837930172916
Epoch 114 time: 236.34355807304382 seconds
Epoch 114 accuracy: 90.84%
Batch 100, Loss: 0.1002
Batch 200, Loss: 0.0990
Batch 300, Loss: 0.1028
Epoch 115 learning rate: 0.03832773180720475
Epoch 115 time: 236.60851383209229 seconds
Epoch 115 accuracy: 91.02%
Batch 100, Loss: 0.0985
Batch 200, Loss: 0.0943
Batch 300, Loss: 0.0992
Epoch 116 learning rate: 0.037565505641757285
Epoch 116 time: 236.58865094184875 seconds
Epoch 116 accuracy: 89.44%
Batch 100, Loss: 0.0953
Batch 200, Loss: 0.0957
Batch 300, Loss: 0.1005
Epoch 117 learning rate: 0.03680634750173138
Epoch 117 time: 236.78715538978577 seconds
Epoch 117 accuracy: 90.3%
Batch 100, Loss: 0.0910
Batch 200, Loss: 0.0905
Batch 300, Loss: 0.0946
Epoch 118 learning rate: 0.036050444698038565
Epoch 118 time: 236.69317078590393 seconds
Epoch 118 accuracy: 91.17%
Batch 100, Loss: 0.0872
Batch 200, Loss: 0.0870
Batch 300, Loss: 0.0983
Epoch 119 learning rate: 0.03529798373838483
Epoch 119 time: 236.5714991092682 seconds
Epoch 119 accuracy: 91.43%
Batch 100, Loss: 0.1018
Batch 200, Loss: 0.0911
Batch 300, Loss: 0.0881
Epoch 120 learning rate: 0.03454915028125267
Epoch 120 time: 236.4987461566925 seconds
Epoch 120 accuracy: 90.91%
Batch 100, Loss: 0.0826
Batch 200, Loss: 0.0879
Batch 300, Loss: 0.0895
Epoch 121 learning rate: 0.03380412909009255
Epoch 121 time: 236.65738487243652 seconds
Epoch 121 accuracy: 91.23%
Batch 100, Loss: 0.0774
Batch 200, Loss: 0.0905
Batch 300, Loss: 0.0892
Epoch 122 learning rate: 0.03306310398773545
Epoch 122 time: 236.61156749725342 seconds
Epoch 122 accuracy: 92.24%
Batch 100, Loss: 0.0667
Batch 200, Loss: 0.0806
Batch 300, Loss: 0.0912
Epoch 123 learning rate: 0.03232625781103717
Epoch 123 time: 236.61635494232178 seconds
Epoch 123 accuracy: 90.02%
Batch 100, Loss: 0.0721
Batch 200, Loss: 0.0753
Batch 300, Loss: 0.0812
Epoch 124 learning rate: 0.03159377236576613
Epoch 124 time: 236.79897236824036 seconds
Epoch 124 accuracy: 91.17%
Batch 100, Loss: 0.0732
Batch 200, Loss: 0.0739
Batch 300, Loss: 0.0827
Epoch 125 learning rate: 0.030865828381745543
Epoch 125 time: 236.53520274162292 seconds
Epoch 125 accuracy: 91.71%
Batch 100, Loss: 0.0713
Batch 200, Loss: 0.0827
Batch 300, Loss: 0.0820
Epoch 126 learning rate: 0.03014260546826098
Epoch 126 time: 236.80051398277283 seconds
Epoch 126 accuracy: 90.33%
Batch 100, Loss: 0.0735
Batch 200, Loss: 0.0738
Batch 300, Loss: 0.0810
Epoch 127 learning rate: 0.02942428206974458
Epoch 127 time: 236.74629068374634 seconds
Epoch 127 accuracy: 90.19%
Batch 100, Loss: 0.0704
Batch 200, Loss: 0.0696
Batch 300, Loss: 0.0700
Epoch 128 learning rate: 0.028711035421746387
Epoch 128 time: 236.79213666915894 seconds
Epoch 128 accuracy: 90.84%
Batch 100, Loss: 0.0667
Batch 200, Loss: 0.0684
Batch 300, Loss: 0.0731
Epoch 129 learning rate: 0.02800304150720426
Epoch 129 time: 236.84625029563904 seconds
Epoch 129 accuracy: 91.63%
Batch 100, Loss: 0.0605
Batch 200, Loss: 0.0662
Batch 300, Loss: 0.0665
Epoch 130 learning rate: 0.02730047501302268
Epoch 130 time: 236.7763032913208 seconds
Epoch 130 accuracy: 92.38%
Batch 100, Loss: 0.0602
Batch 200, Loss: 0.0633
Batch 300, Loss: 0.0662
Epoch 131 learning rate: 0.026603509286971357
Epoch 131 time: 237.06840920448303 seconds
Epoch 131 accuracy: 92.2%
Batch 100, Loss: 0.0523
Batch 200, Loss: 0.0620
Batch 300, Loss: 0.0653
Epoch 132 learning rate: 0.025912316294914244
Epoch 132 time: 236.74135446548462 seconds
Epoch 132 accuracy: 91.54%
Batch 100, Loss: 0.0560
Batch 200, Loss: 0.0558
Batch 300, Loss: 0.0643
Epoch 133 learning rate: 0.025227066578379632
Epoch 133 time: 236.67607402801514 seconds
Epoch 133 accuracy: 92.42%
Batch 100, Loss: 0.0582
Batch 200, Loss: 0.0584
Batch 300, Loss: 0.0594
Epoch 134 learning rate: 0.024547929212481445
Epoch 134 time: 236.8680305480957 seconds
Epoch 134 accuracy: 91.91%
Batch 100, Loss: 0.0561
Batch 200, Loss: 0.0554
Batch 300, Loss: 0.0651
Epoch 135 learning rate: 0.02387507176420257
Epoch 135 time: 236.92493081092834 seconds
Epoch 135 accuracy: 91.61%
Batch 100, Loss: 0.0532
Batch 200, Loss: 0.0501
Batch 300, Loss: 0.0585
Epoch 136 learning rate: 0.023208660251050166
Epoch 136 time: 236.7067973613739 seconds
Epoch 136 accuracy: 92.52%
Batch 100, Loss: 0.0473
Batch 200, Loss: 0.0480
Batch 300, Loss: 0.0549
Epoch 137 learning rate: 0.022548859100093414
Epoch 137 time: 236.82199788093567 seconds
Epoch 137 accuracy: 92.02%
Batch 100, Loss: 0.0408
Batch 200, Loss: 0.0450
Batch 300, Loss: 0.0514
Epoch 138 learning rate: 0.021895831107393474
Epoch 138 time: 237.00116848945618 seconds
Epoch 138 accuracy: 92.53%
Batch 100, Loss: 0.0466
Batch 200, Loss: 0.0472
Batch 300, Loss: 0.0421
Epoch 139 learning rate: 0.02124973739783608
Epoch 139 time: 236.79642486572266 seconds
Epoch 139 accuracy: 92.2%
Batch 100, Loss: 0.0458
Batch 200, Loss: 0.0448
Batch 300, Loss: 0.0444
Epoch 140 learning rate: 0.02061073738537636
Epoch 140 time: 236.9861295223236 seconds
Epoch 140 accuracy: 92.51%
Batch 100, Loss: 0.0402
Batch 200, Loss: 0.0372
Batch 300, Loss: 0.0435
Epoch 141 learning rate: 0.019978988733705814
Epoch 141 time: 236.9935953617096 seconds
Epoch 141 accuracy: 92.47%
Batch 100, Loss: 0.0371
Batch 200, Loss: 0.0425
Batch 300, Loss: 0.0418
Epoch 142 learning rate: 0.01935464731735118
Epoch 142 time: 236.88592910766602 seconds
Epoch 142 accuracy: 93.22%
Batch 100, Loss: 0.0349
Batch 200, Loss: 0.0381
Batch 300, Loss: 0.0413
Epoch 143 learning rate: 0.018737867183214747
Epoch 143 time: 236.87060475349426 seconds
Epoch 143 accuracy: 93.3%
Batch 100, Loss: 0.0341
Batch 200, Loss: 0.0326
Batch 300, Loss: 0.0408
Epoch 144 learning rate: 0.01812880051256552
Epoch 144 time: 236.88156580924988 seconds
Epoch 144 accuracy: 92.39%
Batch 100, Loss: 0.0353
Batch 200, Loss: 0.0324
Batch 300, Loss: 0.0338
Epoch 145 learning rate: 0.017527597583490827
Epoch 145 time: 236.9832899570465 seconds
Epoch 145 accuracy: 92.67%
Batch 100, Loss: 0.0336
Batch 200, Loss: 0.0302
Batch 300, Loss: 0.0298
Epoch 146 learning rate: 0.01693440673381742
Epoch 146 time: 236.96775007247925 seconds
Epoch 146 accuracy: 93.34%
Batch 100, Loss: 0.0269
Batch 200, Loss: 0.0277
Batch 300, Loss: 0.0270
Epoch 147 learning rate: 0.016349374324511334
Epoch 147 time: 236.93277025222778 seconds
Epoch 147 accuracy: 93.33%
Batch 100, Loss: 0.0236
Batch 200, Loss: 0.0279
Batch 300, Loss: 0.0276
Epoch 148 learning rate: 0.01577264470356557
Epoch 148 time: 236.8210470676422 seconds
Epoch 148 accuracy: 93.53%
Batch 100, Loss: 0.0291
Batch 200, Loss: 0.0244
Batch 300, Loss: 0.0267
Epoch 149 learning rate: 0.01520436017038429
Epoch 149 time: 236.49740028381348 seconds
Epoch 149 accuracy: 93.46%
Batch 100, Loss: 0.0212
Batch 200, Loss: 0.0265
Batch 300, Loss: 0.0256
Epoch 150 learning rate: 0.014644660940672632
Epoch 150 time: 236.56760358810425 seconds
Epoch 150 accuracy: 94.17%
Batch 100, Loss: 0.0198
Batch 200, Loss: 0.0206
Batch 300, Loss: 0.0226
Epoch 151 learning rate: 0.01409368511184057
Epoch 151 time: 236.85607647895813 seconds
Epoch 151 accuracy: 93.37%
Batch 100, Loss: 0.0198
Batch 200, Loss: 0.0211
Batch 300, Loss: 0.0215
Epoch 152 learning rate: 0.013551568628929438
Epoch 152 time: 236.98829126358032 seconds
Epoch 152 accuracy: 94.18%
Batch 100, Loss: 0.0187
Batch 200, Loss: 0.0186
Batch 300, Loss: 0.0209
Epoch 153 learning rate: 0.013018445251069516
Epoch 153 time: 237.01918864250183 seconds
Epoch 153 accuracy: 93.86%
Batch 100, Loss: 0.0155
Batch 200, Loss: 0.0188
Batch 300, Loss: 0.0191
Epoch 154 learning rate: 0.012494446518477026
Epoch 154 time: 236.6072301864624 seconds
Epoch 154 accuracy: 93.8%
Batch 100, Loss: 0.0177
Batch 200, Loss: 0.0168
Batch 300, Loss: 0.0154
Epoch 155 learning rate: 0.011979701719998459
Epoch 155 time: 236.76351046562195 seconds
Epoch 155 accuracy: 94.16%
Batch 100, Loss: 0.0124
Batch 200, Loss: 0.0130
Batch 300, Loss: 0.0153
Epoch 156 learning rate: 0.011474337861210548
Epoch 156 time: 236.80643320083618 seconds
Epoch 156 accuracy: 94.57%
Batch 100, Loss: 0.0123
Batch 200, Loss: 0.0142
Batch 300, Loss: 0.0151
Epoch 157 learning rate: 0.010978479633083526
Epoch 157 time: 236.82798194885254 seconds
Epoch 157 accuracy: 94.37%
Batch 100, Loss: 0.0140
Batch 200, Loss: 0.0121
Batch 300, Loss: 0.0113
Epoch 158 learning rate: 0.010492249381215483
Epoch 158 time: 236.55263662338257 seconds
Epoch 158 accuracy: 94.35%
Batch 100, Loss: 0.0111
Batch 200, Loss: 0.0107
Batch 300, Loss: 0.0107
Epoch 159 learning rate: 0.010015767075645474
Epoch 159 time: 236.36091542243958 seconds
Epoch 159 accuracy: 94.17%
Batch 100, Loss: 0.0108
Batch 200, Loss: 0.0102
Batch 300, Loss: 0.0108
Epoch 160 learning rate: 0.009549150281252637
Epoch 160 time: 236.83304524421692 seconds
Epoch 160 accuracy: 94.36%
Batch 100, Loss: 0.0092
Batch 200, Loss: 0.0089
Batch 300, Loss: 0.0094
Epoch 161 learning rate: 0.00909251412874884
Epoch 161 time: 236.79700541496277 seconds
Epoch 161 accuracy: 94.32%
Batch 100, Loss: 0.0091
Batch 200, Loss: 0.0089
Batch 300, Loss: 0.0089
Epoch 162 learning rate: 0.008645971286271918
Epoch 162 time: 236.60894083976746 seconds
Epoch 162 accuracy: 94.69%
Batch 100, Loss: 0.0083
Batch 200, Loss: 0.0069
Batch 300, Loss: 0.0076
Epoch 163 learning rate: 0.008209631931586501
Epoch 163 time: 236.64640593528748 seconds
Epoch 163 accuracy: 94.77%
Batch 100, Loss: 0.0070
Batch 200, Loss: 0.0068
Batch 300, Loss: 0.0072
Epoch 164 learning rate: 0.0077836037248992605
Epoch 164 time: 236.80031490325928 seconds
Epoch 164 accuracy: 94.74%
Batch 100, Loss: 0.0066
Batch 200, Loss: 0.0064
Batch 300, Loss: 0.0069
Epoch 165 learning rate: 0.0073679917822954055
Epoch 165 time: 236.52603769302368 seconds
Epoch 165 accuracy: 95.04%
Batch 100, Loss: 0.0064
Batch 200, Loss: 0.0059
Batch 300, Loss: 0.0067
Epoch 166 learning rate: 0.006962898649802815
Epoch 166 time: 236.77017760276794 seconds
Epoch 166 accuracy: 94.89%
Batch 100, Loss: 0.0061
Batch 200, Loss: 0.0063
Batch 300, Loss: 0.0066
Epoch 167 learning rate: 0.006568424278090438
Epoch 167 time: 236.7382161617279 seconds
Epoch 167 accuracy: 94.88%
Batch 100, Loss: 0.0055
Batch 200, Loss: 0.0056
Batch 300, Loss: 0.0052
Epoch 168 learning rate: 0.006184665997806824
Epoch 168 time: 236.81788229942322 seconds
Epoch 168 accuracy: 94.69%
Batch 100, Loss: 0.0055
Batch 200, Loss: 0.0057
Batch 300, Loss: 0.0052
Epoch 169 learning rate: 0.00581171849556533
Epoch 169 time: 236.5583381652832 seconds
Epoch 169 accuracy: 95.14%
Batch 100, Loss: 0.0048
Batch 200, Loss: 0.0053
Batch 300, Loss: 0.0053
Epoch 170 learning rate: 0.0054496737905816136
Epoch 170 time: 236.82751536369324 seconds
Epoch 170 accuracy: 95.08%
Batch 100, Loss: 0.0051
Batch 200, Loss: 0.0053
Batch 300, Loss: 0.0047
Epoch 171 learning rate: 0.005098621211969226
Epoch 171 time: 236.8581247329712 seconds
Epoch 171 accuracy: 95.05%
Batch 100, Loss: 0.0046
Batch 200, Loss: 0.0044
Batch 300, Loss: 0.0048
Epoch 172 learning rate: 0.004758647376699035
Epoch 172 time: 236.61146140098572 seconds
Epoch 172 accuracy: 95.16%
Batch 100, Loss: 0.0044
Batch 200, Loss: 0.0046
Batch 300, Loss: 0.0045
Epoch 173 learning rate: 0.00442983616822775
Epoch 173 time: 236.69119954109192 seconds
Epoch 173 accuracy: 95.15%
Batch 100, Loss: 0.0047
Batch 200, Loss: 0.0052
Batch 300, Loss: 0.0048
Epoch 174 learning rate: 0.004112268715800957
Epoch 174 time: 236.7671525478363 seconds
Epoch 174 accuracy: 95.27%
Batch 100, Loss: 0.0045
Batch 200, Loss: 0.0049
Batch 300, Loss: 0.0048
Epoch 175 learning rate: 0.003806023374435677
Epoch 175 time: 236.75781965255737 seconds
Epoch 175 accuracy: 95.07%
Batch 100, Loss: 0.0044
Batch 200, Loss: 0.0048
Batch 300, Loss: 0.0044
Epoch 176 learning rate: 0.003511175705587435
Epoch 176 time: 236.83980512619019 seconds
Epoch 176 accuracy: 95.23%
Batch 100, Loss: 0.0044
Batch 200, Loss: 0.0042
Batch 300, Loss: 0.0043
Epoch 177 learning rate: 0.0032277984585066333
Epoch 177 time: 236.80186223983765 seconds
Epoch 177 accuracy: 95.13%
Batch 100, Loss: 0.0041
Batch 200, Loss: 0.0043
Batch 300, Loss: 0.0042
Epoch 178 learning rate: 0.002955961552288729
Epoch 178 time: 236.9309425354004 seconds
Epoch 178 accuracy: 95.16%
Batch 100, Loss: 0.0043
Batch 200, Loss: 0.0042
Batch 300, Loss: 0.0039
Epoch 179 learning rate: 0.0026957320586227366
Epoch 179 time: 236.8408191204071 seconds
Epoch 179 accuracy: 95.26%
Batch 100, Loss: 0.0039
Batch 200, Loss: 0.0040
Batch 300, Loss: 0.0045
Epoch 180 learning rate: 0.002447174185242325
Epoch 180 time: 236.7217662334442 seconds
Epoch 180 accuracy: 95.47%
Batch 100, Loss: 0.0038
Batch 200, Loss: 0.0047
Batch 300, Loss: 0.0046
Epoch 181 learning rate: 0.0022103492600834954
Epoch 181 time: 236.52450799942017 seconds
Epoch 181 accuracy: 95.31%
Batch 100, Loss: 0.0040
Batch 200, Loss: 0.0037
Batch 300, Loss: 0.0038
Epoch 182 learning rate: 0.0019853157161528537
Epoch 182 time: 236.60443234443665 seconds
Epoch 182 accuracy: 95.42%
Batch 100, Loss: 0.0036
Batch 200, Loss: 0.0037
Batch 300, Loss: 0.0037
Epoch 183 learning rate: 0.001772129077110103
Epoch 183 time: 236.8111071586609 seconds
Epoch 183 accuracy: 95.45%
Batch 100, Loss: 0.0041
Batch 200, Loss: 0.0037
Batch 300, Loss: 0.0043
Epoch 184 learning rate: 0.0015708419435684529
Epoch 184 time: 236.67542552947998 seconds
Epoch 184 accuracy: 95.5%
Batch 100, Loss: 0.0038
Batch 200, Loss: 0.0033
Batch 300, Loss: 0.0039
Epoch 185 learning rate: 0.0013815039801161732
Epoch 185 time: 236.74091815948486 seconds
Epoch 185 accuracy: 95.39%
Batch 100, Loss: 0.0039
Batch 200, Loss: 0.0033
Batch 300, Loss: 0.0042
Epoch 186 learning rate: 0.0012041619030626347
Epoch 186 time: 236.87337446212769 seconds
Epoch 186 accuracy: 95.43%
Batch 100, Loss: 0.0036
Batch 200, Loss: 0.0034
Batch 300, Loss: 0.0038
Epoch 187 learning rate: 0.0010388594689117077
Epoch 187 time: 236.92927479743958 seconds
Epoch 187 accuracy: 95.43%
Batch 100, Loss: 0.0037
Batch 200, Loss: 0.0036
Batch 300, Loss: 0.0037
Epoch 188 learning rate: 0.0008856374635655645
Epoch 188 time: 236.79697728157043 seconds
Epoch 188 accuracy: 95.31%
Batch 100, Loss: 0.0036
Batch 200, Loss: 0.0035
Batch 300, Loss: 0.0037
Epoch 189 learning rate: 0.000744533692261307
Epoch 189 time: 236.64614343643188 seconds
Epoch 189 accuracy: 95.38%
Batch 100, Loss: 0.0036
Batch 200, Loss: 0.0036
Batch 300, Loss: 0.0035
Epoch 190 learning rate: 0.0006155829702431174
Epoch 190 time: 236.39168214797974 seconds
Epoch 190 accuracy: 95.46%
Batch 100, Loss: 0.0033
Batch 200, Loss: 0.0035
Batch 300, Loss: 0.0039
Epoch 191 learning rate: 0.0004988171141721235
Epoch 191 time: 237.06438422203064 seconds
Epoch 191 accuracy: 95.3%
Batch 100, Loss: 0.0035
Batch 200, Loss: 0.0034
Batch 300, Loss: 0.0035
Epoch 192 learning rate: 0.00039426493427611206
Epoch 192 time: 236.80171632766724 seconds
Epoch 192 accuracy: 95.43%
Batch 100, Loss: 0.0036
Batch 200, Loss: 0.0036
Batch 300, Loss: 0.0034
Epoch 193 learning rate: 0.00030195222724102046
Epoch 193 time: 236.8373303413391 seconds
Epoch 193 accuracy: 95.47%
Batch 100, Loss: 0.0037
Batch 200, Loss: 0.0035
Batch 300, Loss: 0.0033
Epoch 194 learning rate: 0.00022190176984600036
Epoch 194 time: 236.75837516784668 seconds
Epoch 194 accuracy: 95.54%
Batch 100, Loss: 0.0036
Batch 200, Loss: 0.0033
Batch 300, Loss: 0.0036
Epoch 195 learning rate: 0.00015413331334360192
Epoch 195 time: 236.61777472496033 seconds
Epoch 195 accuracy: 95.4%
Batch 100, Loss: 0.0035
Batch 200, Loss: 0.0032
Batch 300, Loss: 0.0034
Epoch 196 learning rate: 9.866357858642213e-05
Epoch 196 time: 236.84963178634644 seconds
Epoch 196 accuracy: 95.49%
Batch 100, Loss: 0.0035
Batch 200, Loss: 0.0035
Batch 300, Loss: 0.0032
Epoch 197 learning rate: 5.5506251901504864e-05
Epoch 197 time: 236.6244559288025 seconds
Epoch 197 accuracy: 95.44%
Batch 100, Loss: 0.0035
Batch 200, Loss: 0.0032
Batch 300, Loss: 0.0035
Epoch 198 learning rate: 2.4671981713420017e-05
Epoch 198 time: 236.7865948677063 seconds
Epoch 198 accuracy: 95.45%
Batch 100, Loss: 0.0034
Batch 200, Loss: 0.0037
Batch 300, Loss: 0.0034
Epoch 199 learning rate: 6.168375916970619e-06
Epoch 199 time: 236.90478110313416 seconds
Epoch 199 accuracy: 95.59%
Batch 100, Loss: 0.0035
Batch 200, Loss: 0.0038
Batch 300, Loss: 0.0033
Epoch 200 learning rate: 0.0
Epoch 200 time: 237.33878779411316 seconds
Epoch 200 accuracy: 95.4%
rho:  0.04 , alpha:  0.3
Total training time: 47358.22909760475 seconds
