The following modules were not unloaded:
  (Use "module --force purge" to unload all):

  1) CCconfig        6)  ucx/1.14.1         11) flexiblas/3.3.1
  2) gentoo/2023     7)  libfabric/1.18.0   12) imkl/2023.2.0
  3) gcccore/.12.3   8)  pmix/4.2.4         13) StdEnv/2023
  4) gcc/12.3        9)  ucc/1.2.0
  5) hwloc/2.9.1     10) openmpi/4.1.5
/project/6070520/tkleinkn/Vanilla-GAM/main_cifar.py:187: UserWarning: You have chosen a specific GPU. This will completely disable data parallelism.
  warnings.warn('You have chosen a specific GPU. This will completely '
model name space ['resnet101_c', 'resnet152_c', 'resnet18_c', 'resnet34_c', 'resnet50_c']
Use GPU: 0 for training
=> creating model 'resnet18_c'
Files already downloaded and verified
Files already downloaded and verified
tensorboard dir ./results/CIFAR10/GAMNonAccelerated
Using non-accelerated GAM
/home/tkleinkn/GAMtest/lib/python3.11/site-packages/torch/autograd/graph.py:744: UserWarning: Using backward() with create_graph=True will create a reference cycle between the parameter and its gradient which can cause a memory leak. We recommend using autograd.grad when creating the graph to avoid this. If you have to use this function, make sure to reset the .grad fields of your parameters to None after use to break the cycle and avoid the leak. (Triggered internally at /home/coulombc/wheels_builder/tmp.2617/python-3.11/torch/torch/csrc/autograd/engine.cpp:1203.)
  return Variable._execution_engine.run_backward(  # Calls into the C++ engine to run the backward pass
Batch 100, Loss: 1.9080
Batch 200, Loss: 1.4372
Batch 300, Loss: 1.3407
Epoch 1 learning rate: 0.09999383162408304
Epoch 1 time: 245.54316020011902 seconds
Epoch 1 accuracy: 39.06%
Batch 100, Loss: 1.2039
Batch 200, Loss: 1.1583
Batch 300, Loss: 1.1052
Epoch 2 learning rate: 0.09997532801828658
Epoch 2 time: 236.38530373573303 seconds
Epoch 2 accuracy: 52.54%
Batch 100, Loss: 1.0005
Batch 200, Loss: 0.9572
Batch 300, Loss: 0.9151
Epoch 3 learning rate: 0.09994449374809851
Epoch 3 time: 236.18587565422058 seconds
Epoch 3 accuracy: 59.52%
Batch 100, Loss: 0.8418
Batch 200, Loss: 0.7952
Batch 300, Loss: 0.7674
Epoch 4 learning rate: 0.09990133642141359
Epoch 4 time: 236.8802194595337 seconds
Epoch 4 accuracy: 65.15%
Batch 100, Loss: 0.7050
Batch 200, Loss: 0.6898
Batch 300, Loss: 0.6689
Epoch 5 learning rate: 0.09984586668665642
Epoch 5 time: 236.12466979026794 seconds
Epoch 5 accuracy: 69.93%
Batch 100, Loss: 0.6054
Batch 200, Loss: 0.5881
Batch 300, Loss: 0.5802
Epoch 6 learning rate: 0.09977809823015402
Epoch 6 time: 236.00708532333374 seconds
Epoch 6 accuracy: 73.66%
Batch 100, Loss: 0.5417
Batch 200, Loss: 0.5030
Batch 300, Loss: 0.4997
Epoch 7 learning rate: 0.09969804777275901
Epoch 7 time: 235.93230485916138 seconds
Epoch 7 accuracy: 75.48%
Batch 100, Loss: 0.4706
Batch 200, Loss: 0.4600
Batch 300, Loss: 0.4711
Epoch 8 learning rate: 0.09960573506572391
Epoch 8 time: 235.985018491745 seconds
Epoch 8 accuracy: 79.76%
Batch 100, Loss: 0.4457
Batch 200, Loss: 0.4365
Batch 300, Loss: 0.4323
Epoch 9 learning rate: 0.09950118288582789
Epoch 9 time: 235.94953441619873 seconds
Epoch 9 accuracy: 78.98%
Batch 100, Loss: 0.3996
Batch 200, Loss: 0.4117
Batch 300, Loss: 0.4238
Epoch 10 learning rate: 0.09938441702975691
Epoch 10 time: 235.9572868347168 seconds
Epoch 10 accuracy: 75.71%
Batch 100, Loss: 0.3874
Batch 200, Loss: 0.3859
Batch 300, Loss: 0.3909
Epoch 11 learning rate: 0.09925546630773871
Epoch 11 time: 235.91898441314697 seconds
Epoch 11 accuracy: 77.85%
Batch 100, Loss: 0.3744
Batch 200, Loss: 0.3769
Batch 300, Loss: 0.3817
Epoch 12 learning rate: 0.09911436253643445
Epoch 12 time: 236.00754380226135 seconds
Epoch 12 accuracy: 82.69%
Batch 100, Loss: 0.3561
Batch 200, Loss: 0.3620
Batch 300, Loss: 0.3561
Epoch 13 learning rate: 0.0989611405310883
Epoch 13 time: 235.95989346504211 seconds
Epoch 13 accuracy: 79.31%
Batch 100, Loss: 0.3500
Batch 200, Loss: 0.3460
Batch 300, Loss: 0.3505
Epoch 14 learning rate: 0.09879583809693739
Epoch 14 time: 238.31242680549622 seconds
Epoch 14 accuracy: 83.16%
Batch 100, Loss: 0.3323
Batch 200, Loss: 0.3457
Batch 300, Loss: 0.3400
Epoch 15 learning rate: 0.09861849601988384
Epoch 15 time: 235.98386025428772 seconds
Epoch 15 accuracy: 81.35%
Batch 100, Loss: 0.3349
Batch 200, Loss: 0.3279
Batch 300, Loss: 0.3281
Epoch 16 learning rate: 0.09842915805643157
Epoch 16 time: 235.95893955230713 seconds
Epoch 16 accuracy: 83.66%
Batch 100, Loss: 0.3325
Batch 200, Loss: 0.3174
Batch 300, Loss: 0.3236
Epoch 17 learning rate: 0.09822787092288993
Epoch 17 time: 236.04479956626892 seconds
Epoch 17 accuracy: 83.08%
Batch 100, Loss: 0.3118
Batch 200, Loss: 0.3290
Batch 300, Loss: 0.3199
Epoch 18 learning rate: 0.09801468428384717
Epoch 18 time: 235.9999008178711 seconds
Epoch 18 accuracy: 84.34%
Batch 100, Loss: 0.2977
Batch 200, Loss: 0.3089
Batch 300, Loss: 0.3223
Epoch 19 learning rate: 0.09778965073991652
Epoch 19 time: 235.9624538421631 seconds
Epoch 19 accuracy: 83.45%
Batch 100, Loss: 0.2959
Batch 200, Loss: 0.2981
Batch 300, Loss: 0.3218
Epoch 20 learning rate: 0.0975528258147577
Epoch 20 time: 235.9921419620514 seconds
Epoch 20 accuracy: 83.62%
Batch 100, Loss: 0.2989
Batch 200, Loss: 0.3120
Batch 300, Loss: 0.2941
Epoch 21 learning rate: 0.09730426794137728
Epoch 21 time: 235.97667050361633 seconds
Epoch 21 accuracy: 85.79%
Batch 100, Loss: 0.2889
Batch 200, Loss: 0.2962
Batch 300, Loss: 0.3057
Epoch 22 learning rate: 0.09704403844771128
Epoch 22 time: 235.98100113868713 seconds
Epoch 22 accuracy: 83.35%
Batch 100, Loss: 0.2862
Batch 200, Loss: 0.2886
Batch 300, Loss: 0.2871
Epoch 23 learning rate: 0.09677220154149338
Epoch 23 time: 235.93511772155762 seconds
Epoch 23 accuracy: 84.81%
Batch 100, Loss: 0.2849
Batch 200, Loss: 0.2926
Batch 300, Loss: 0.2834
Epoch 24 learning rate: 0.09648882429441258
Epoch 24 time: 235.99499344825745 seconds
Epoch 24 accuracy: 81.71%
Batch 100, Loss: 0.2795
Batch 200, Loss: 0.2912
Batch 300, Loss: 0.2867
Epoch 25 learning rate: 0.09619397662556435
Epoch 25 time: 235.94665455818176 seconds
Epoch 25 accuracy: 85.31%
Batch 100, Loss: 0.2753
Batch 200, Loss: 0.2883
Batch 300, Loss: 0.2810
Epoch 26 learning rate: 0.09588773128419906
Epoch 26 time: 235.9268741607666 seconds
Epoch 26 accuracy: 86.53%
Batch 100, Loss: 0.2642
Batch 200, Loss: 0.2717
Batch 300, Loss: 0.2823
Epoch 27 learning rate: 0.09557016383177226
Epoch 27 time: 235.8931086063385 seconds
Epoch 27 accuracy: 83.69%
Batch 100, Loss: 0.2614
Batch 200, Loss: 0.2667
Batch 300, Loss: 0.2743
Epoch 28 learning rate: 0.09524135262330098
Epoch 28 time: 235.97279405593872 seconds
Epoch 28 accuracy: 87.21%
Batch 100, Loss: 0.2701
Batch 200, Loss: 0.2595
Batch 300, Loss: 0.2626
Epoch 29 learning rate: 0.09490137878803079
Epoch 29 time: 235.95434474945068 seconds
Epoch 29 accuracy: 86.33%
Batch 100, Loss: 0.2499
Batch 200, Loss: 0.2618
Batch 300, Loss: 0.2772
Epoch 30 learning rate: 0.0945503262094184
Epoch 30 time: 236.073260307312 seconds
Epoch 30 accuracy: 85.56%
Batch 100, Loss: 0.2515
Batch 200, Loss: 0.2559
Batch 300, Loss: 0.2718
Epoch 31 learning rate: 0.0941882815044347
Epoch 31 time: 235.8977246284485 seconds
Epoch 31 accuracy: 83.9%
Batch 100, Loss: 0.2468
Batch 200, Loss: 0.2611
Batch 300, Loss: 0.2646
Epoch 32 learning rate: 0.09381533400219319
Epoch 32 time: 235.98945665359497 seconds
Epoch 32 accuracy: 84.7%
Batch 100, Loss: 0.2568
Batch 200, Loss: 0.2525
Batch 300, Loss: 0.2607
Epoch 33 learning rate: 0.09343157572190958
Epoch 33 time: 236.000741481781 seconds
Epoch 33 accuracy: 86.96%
Batch 100, Loss: 0.2498
Batch 200, Loss: 0.2474
Batch 300, Loss: 0.2646
Epoch 34 learning rate: 0.0930371013501972
Epoch 34 time: 236.03435611724854 seconds
Epoch 34 accuracy: 87.08%
Batch 100, Loss: 0.2374
Batch 200, Loss: 0.2512
Batch 300, Loss: 0.2494
Epoch 35 learning rate: 0.09263200821770463
Epoch 35 time: 235.94196581840515 seconds
Epoch 35 accuracy: 84.14%
Batch 100, Loss: 0.2469
Batch 200, Loss: 0.2501
Batch 300, Loss: 0.2482
Epoch 36 learning rate: 0.09221639627510078
Epoch 36 time: 235.97583389282227 seconds
Epoch 36 accuracy: 87.14%
Batch 100, Loss: 0.2348
Batch 200, Loss: 0.2404
Batch 300, Loss: 0.2521
Epoch 37 learning rate: 0.09179036806841355
Epoch 37 time: 235.99173164367676 seconds
Epoch 37 accuracy: 87.5%
Batch 100, Loss: 0.2388
Batch 200, Loss: 0.2421
Batch 300, Loss: 0.2456
Epoch 38 learning rate: 0.09135402871372812
Epoch 38 time: 235.9761507511139 seconds
Epoch 38 accuracy: 82.11%
Batch 100, Loss: 0.2289
Batch 200, Loss: 0.2446
Batch 300, Loss: 0.2427
Epoch 39 learning rate: 0.0909074858712512
Epoch 39 time: 235.89631748199463 seconds
Epoch 39 accuracy: 86.27%
Batch 100, Loss: 0.2282
Batch 200, Loss: 0.2318
Batch 300, Loss: 0.2355
Epoch 40 learning rate: 0.09045084971874741
Epoch 40 time: 235.98027443885803 seconds
Epoch 40 accuracy: 86.75%
Batch 100, Loss: 0.2285
Batch 200, Loss: 0.2389
Batch 300, Loss: 0.2347
Epoch 41 learning rate: 0.08998423292435458
Epoch 41 time: 235.94519519805908 seconds
Epoch 41 accuracy: 86.21%
Batch 100, Loss: 0.2225
Batch 200, Loss: 0.2394
Batch 300, Loss: 0.2339
Epoch 42 learning rate: 0.08950775061878455
Epoch 42 time: 235.9922342300415 seconds
Epoch 42 accuracy: 86.25%
Batch 100, Loss: 0.2260
Batch 200, Loss: 0.2275
Batch 300, Loss: 0.2348
Epoch 43 learning rate: 0.08902152036691653
Epoch 43 time: 235.99049830436707 seconds
Epoch 43 accuracy: 86.98%
Batch 100, Loss: 0.2246
Batch 200, Loss: 0.2227
Batch 300, Loss: 0.2364
Epoch 44 learning rate: 0.08852566213878951
Epoch 44 time: 235.9796245098114 seconds
Epoch 44 accuracy: 86.65%
Batch 100, Loss: 0.2104
Batch 200, Loss: 0.2283
Batch 300, Loss: 0.2443
Epoch 45 learning rate: 0.0880202982800016
Epoch 45 time: 236.04116010665894 seconds
Epoch 45 accuracy: 86.52%
Batch 100, Loss: 0.2184
Batch 200, Loss: 0.2276
Batch 300, Loss: 0.2332
Epoch 46 learning rate: 0.08750555348152303
Epoch 46 time: 235.96854758262634 seconds
Epoch 46 accuracy: 86.8%
Batch 100, Loss: 0.2147
Batch 200, Loss: 0.2166
Batch 300, Loss: 0.2273
Epoch 47 learning rate: 0.08698155474893052
Epoch 47 time: 235.97052383422852 seconds
Epoch 47 accuracy: 87.04%
Batch 100, Loss: 0.2127
Batch 200, Loss: 0.2209
Batch 300, Loss: 0.2423
Epoch 48 learning rate: 0.08644843137107061
Epoch 48 time: 235.95059728622437 seconds
Epoch 48 accuracy: 86.46%
Batch 100, Loss: 0.2085
Batch 200, Loss: 0.2174
Batch 300, Loss: 0.2207
Epoch 49 learning rate: 0.08590631488815947
Epoch 49 time: 235.90915369987488 seconds
Epoch 49 accuracy: 87.82%
Batch 100, Loss: 0.2215
Batch 200, Loss: 0.2177
Batch 300, Loss: 0.2229
Epoch 50 learning rate: 0.0853553390593274
Epoch 50 time: 235.93383932113647 seconds
Epoch 50 accuracy: 87.5%
Batch 100, Loss: 0.2094
Batch 200, Loss: 0.2313
Batch 300, Loss: 0.2265
Epoch 51 learning rate: 0.08479563982961574
Epoch 51 time: 235.9876675605774 seconds
Epoch 51 accuracy: 85.68%
Batch 100, Loss: 0.2121
Batch 200, Loss: 0.2142
Batch 300, Loss: 0.2289
Epoch 52 learning rate: 0.08422735529643446
Epoch 52 time: 235.96185779571533 seconds
Epoch 52 accuracy: 85.4%
Batch 100, Loss: 0.1982
Batch 200, Loss: 0.2131
Batch 300, Loss: 0.2122
Epoch 53 learning rate: 0.08365062567548869
Epoch 53 time: 235.9409463405609 seconds
Epoch 53 accuracy: 87.06%
Batch 100, Loss: 0.2103
Batch 200, Loss: 0.2115
Batch 300, Loss: 0.2173
Epoch 54 learning rate: 0.08306559326618261
Epoch 54 time: 236.03832054138184 seconds
Epoch 54 accuracy: 88.27%
Batch 100, Loss: 0.2122
Batch 200, Loss: 0.2209
Batch 300, Loss: 0.2172
Epoch 55 learning rate: 0.0824724024165092
Epoch 55 time: 235.95131421089172 seconds
Epoch 55 accuracy: 88.3%
Batch 100, Loss: 0.2027
Batch 200, Loss: 0.2078
Batch 300, Loss: 0.2225
Epoch 56 learning rate: 0.0818711994874345
Epoch 56 time: 236.00601053237915 seconds
Epoch 56 accuracy: 88.52%
Batch 100, Loss: 0.1990
Batch 200, Loss: 0.2135
Batch 300, Loss: 0.2135
Epoch 57 learning rate: 0.08126213281678528
Epoch 57 time: 235.99259662628174 seconds
Epoch 57 accuracy: 87.06%
Batch 100, Loss: 0.1945
Batch 200, Loss: 0.2057
Batch 300, Loss: 0.2074
Epoch 58 learning rate: 0.08064535268264884
Epoch 58 time: 235.96815633773804 seconds
Epoch 58 accuracy: 88.78%
Batch 100, Loss: 0.2044
Batch 200, Loss: 0.2089
Batch 300, Loss: 0.2137
Epoch 59 learning rate: 0.08002101126629421
Epoch 59 time: 235.97699666023254 seconds
Epoch 59 accuracy: 88.74%
Batch 100, Loss: 0.1892
Batch 200, Loss: 0.1969
Batch 300, Loss: 0.2113
Epoch 60 learning rate: 0.07938926261462367
Epoch 60 time: 235.99781489372253 seconds
Epoch 60 accuracy: 83.32%
Batch 100, Loss: 0.1980
Batch 200, Loss: 0.2017
Batch 300, Loss: 0.2099
Epoch 61 learning rate: 0.07875026260216395
Epoch 61 time: 235.95929598808289 seconds
Epoch 61 accuracy: 89.06%
Batch 100, Loss: 0.1956
Batch 200, Loss: 0.2000
Batch 300, Loss: 0.2039
Epoch 62 learning rate: 0.07810416889260656
Epoch 62 time: 236.00293731689453 seconds
Epoch 62 accuracy: 87.24%
Batch 100, Loss: 0.1925
Batch 200, Loss: 0.1949
Batch 300, Loss: 0.2012
Epoch 63 learning rate: 0.07745114089990661
Epoch 63 time: 235.93665504455566 seconds
Epoch 63 accuracy: 88.86%
Batch 100, Loss: 0.1872
Batch 200, Loss: 0.1893
Batch 300, Loss: 0.2105
Epoch 64 learning rate: 0.07679133974894985
Epoch 64 time: 236.02058029174805 seconds
Epoch 64 accuracy: 85.2%
Batch 100, Loss: 0.1851
Batch 200, Loss: 0.1968
Batch 300, Loss: 0.2033
Epoch 65 learning rate: 0.07612492823579746
Epoch 65 time: 236.06173706054688 seconds
Epoch 65 accuracy: 87.46%
Batch 100, Loss: 0.1845
Batch 200, Loss: 0.1959
Batch 300, Loss: 0.2005
Epoch 66 learning rate: 0.07545207078751859
Epoch 66 time: 235.97144508361816 seconds
Epoch 66 accuracy: 89.0%
Batch 100, Loss: 0.1923
Batch 200, Loss: 0.1955
Batch 300, Loss: 0.1959
Epoch 67 learning rate: 0.0747729334216204
Epoch 67 time: 235.98664784431458 seconds
Epoch 67 accuracy: 89.82%
Batch 100, Loss: 0.1776
Batch 200, Loss: 0.1890
Batch 300, Loss: 0.1987
Epoch 68 learning rate: 0.07408768370508578
Epoch 68 time: 235.98115825653076 seconds
Epoch 68 accuracy: 89.85%
Batch 100, Loss: 0.1763
Batch 200, Loss: 0.1925
Batch 300, Loss: 0.1907
Epoch 69 learning rate: 0.0733964907130287
Epoch 69 time: 235.99225425720215 seconds
Epoch 69 accuracy: 88.6%
Batch 100, Loss: 0.1795
Batch 200, Loss: 0.1918
Batch 300, Loss: 0.1920
Epoch 70 learning rate: 0.07269952498697736
Epoch 70 time: 235.9625461101532 seconds
Epoch 70 accuracy: 87.72%
Batch 100, Loss: 0.1845
Batch 200, Loss: 0.1904
Batch 300, Loss: 0.1940
Epoch 71 learning rate: 0.07199695849279578
Epoch 71 time: 235.95585751533508 seconds
Epoch 71 accuracy: 89.44%
Batch 100, Loss: 0.1770
Batch 200, Loss: 0.1894
Batch 300, Loss: 0.1898
Epoch 72 learning rate: 0.07128896457825366
Epoch 72 time: 235.95971393585205 seconds
Epoch 72 accuracy: 87.3%
Batch 100, Loss: 0.1641
Batch 200, Loss: 0.1855
Batch 300, Loss: 0.1886
Epoch 73 learning rate: 0.07057571793025548
Epoch 73 time: 235.97819662094116 seconds
Epoch 73 accuracy: 89.71%
Batch 100, Loss: 0.1746
Batch 200, Loss: 0.1812
Batch 300, Loss: 0.1844
Epoch 74 learning rate: 0.06985739453173906
Epoch 74 time: 235.96722626686096 seconds
Epoch 74 accuracy: 88.22%
Batch 100, Loss: 0.1835
Batch 200, Loss: 0.1732
Batch 300, Loss: 0.1855
Epoch 75 learning rate: 0.06913417161825453
Epoch 75 time: 235.95010805130005 seconds
Epoch 75 accuracy: 89.36%
Batch 100, Loss: 0.1677
Batch 200, Loss: 0.1748
Batch 300, Loss: 0.1825
Epoch 76 learning rate: 0.06840622763423394
Epoch 76 time: 236.01183223724365 seconds
Epoch 76 accuracy: 88.95%
Batch 100, Loss: 0.1681
Batch 200, Loss: 0.1800
Batch 300, Loss: 0.1773
Epoch 77 learning rate: 0.0676737421889629
Epoch 77 time: 237.03377866744995 seconds
Epoch 77 accuracy: 89.56%
Batch 100, Loss: 0.1636
Batch 200, Loss: 0.1828
Batch 300, Loss: 0.1780
Epoch 78 learning rate: 0.06693689601226462
Epoch 78 time: 236.01253151893616 seconds
Epoch 78 accuracy: 88.76%
Batch 100, Loss: 0.1645
Batch 200, Loss: 0.1717
Batch 300, Loss: 0.1773
Epoch 79 learning rate: 0.06619587090990751
Epoch 79 time: 235.92793369293213 seconds
Epoch 79 accuracy: 88.76%
Batch 100, Loss: 0.1645
Batch 200, Loss: 0.1737
Batch 300, Loss: 0.1767
Epoch 80 learning rate: 0.06545084971874741
Epoch 80 time: 235.91820430755615 seconds
Epoch 80 accuracy: 89.24%
Batch 100, Loss: 0.1607
Batch 200, Loss: 0.1723
Batch 300, Loss: 0.1651
Epoch 81 learning rate: 0.06470201626161524
Epoch 81 time: 235.936683177948 seconds
Epoch 81 accuracy: 88.94%
Batch 100, Loss: 0.1656
Batch 200, Loss: 0.1712
Batch 300, Loss: 0.1696
Epoch 82 learning rate: 0.06394955530196152
Epoch 82 time: 235.92430090904236 seconds
Epoch 82 accuracy: 88.35%
Batch 100, Loss: 0.1546
Batch 200, Loss: 0.1639
Batch 300, Loss: 0.1657
Epoch 83 learning rate: 0.06319365249826868
Epoch 83 time: 235.88212394714355 seconds
Epoch 83 accuracy: 90.19%
Batch 100, Loss: 0.1594
Batch 200, Loss: 0.1605
Batch 300, Loss: 0.1733
Epoch 84 learning rate: 0.06243449435824277
Epoch 84 time: 235.97342610359192 seconds
Epoch 84 accuracy: 88.86%
Batch 100, Loss: 0.1540
Batch 200, Loss: 0.1688
Batch 300, Loss: 0.1684
Epoch 85 learning rate: 0.06167226819279532
Epoch 85 time: 235.92216539382935 seconds
Epoch 85 accuracy: 89.13%
Batch 100, Loss: 0.1536
Batch 200, Loss: 0.1596
Batch 300, Loss: 0.1675
Epoch 86 learning rate: 0.06090716206982718
Epoch 86 time: 235.913512468338 seconds
Epoch 86 accuracy: 89.23%
Batch 100, Loss: 0.1563
Batch 200, Loss: 0.1563
Batch 300, Loss: 0.1528
Epoch 87 learning rate: 0.06013936476782568
Epoch 87 time: 235.92934679985046 seconds
Epoch 87 accuracy: 90.04%
Batch 100, Loss: 0.1486
Batch 200, Loss: 0.1523
Batch 300, Loss: 0.1557
Epoch 88 learning rate: 0.05936906572928629
Epoch 88 time: 235.9132239818573 seconds
Epoch 88 accuracy: 90.67%
Batch 100, Loss: 0.1492
Batch 200, Loss: 0.1536
Batch 300, Loss: 0.1563
Epoch 89 learning rate: 0.05859645501397052
Epoch 89 time: 236.0155954360962 seconds
Epoch 89 accuracy: 87.32%
Batch 100, Loss: 0.1407
Batch 200, Loss: 0.1589
Batch 300, Loss: 0.1560
Epoch 90 learning rate: 0.05782172325201159
Epoch 90 time: 236.0299723148346 seconds
Epoch 90 accuracy: 89.3%
Batch 100, Loss: 0.1479
Batch 200, Loss: 0.1460
Batch 300, Loss: 0.1561
Epoch 91 learning rate: 0.057045061596879186
Epoch 91 time: 236.01280450820923 seconds
Epoch 91 accuracy: 90.41%
Batch 100, Loss: 0.1499
Batch 200, Loss: 0.1509
Batch 300, Loss: 0.1581
Epoch 92 learning rate: 0.056266661678215264
Epoch 92 time: 236.01197123527527 seconds
Epoch 92 accuracy: 89.75%
Batch 100, Loss: 0.1398
Batch 200, Loss: 0.1458
Batch 300, Loss: 0.1503
Epoch 93 learning rate: 0.055486715554552306
Epoch 93 time: 235.97403836250305 seconds
Epoch 93 accuracy: 89.25%
Batch 100, Loss: 0.1358
Batch 200, Loss: 0.1426
Batch 300, Loss: 0.1419
Epoch 94 learning rate: 0.05470541566592575
Epoch 94 time: 235.97124361991882 seconds
Epoch 94 accuracy: 90.08%
Batch 100, Loss: 0.1312
Batch 200, Loss: 0.1365
Batch 300, Loss: 0.1542
Epoch 95 learning rate: 0.05392295478639229
Epoch 95 time: 235.93457460403442 seconds
Epoch 95 accuracy: 90.76%
Batch 100, Loss: 0.1456
Batch 200, Loss: 0.1410
Batch 300, Loss: 0.1409
Epoch 96 learning rate: 0.05313952597646571
Epoch 96 time: 235.96710467338562 seconds
Epoch 96 accuracy: 89.36%
Batch 100, Loss: 0.1299
Batch 200, Loss: 0.1373
Batch 300, Loss: 0.1511
Epoch 97 learning rate: 0.05235532253548216
Epoch 97 time: 235.92018604278564 seconds
Epoch 97 accuracy: 89.61%
Batch 100, Loss: 0.1321
Batch 200, Loss: 0.1454
Batch 300, Loss: 0.1424
Epoch 98 learning rate: 0.051570537953906447
Epoch 98 time: 235.95300102233887 seconds
Epoch 98 accuracy: 89.86%
Batch 100, Loss: 0.1311
Batch 200, Loss: 0.1355
Batch 300, Loss: 0.1421
Epoch 99 learning rate: 0.05078536586559106
Epoch 99 time: 235.9334201812744 seconds
Epoch 99 accuracy: 89.31%
Batch 100, Loss: 0.1343
Batch 200, Loss: 0.1348
Batch 300, Loss: 0.1312
Epoch 100 learning rate: 0.050000000000000024
Epoch 100 time: 236.01627349853516 seconds
Epoch 100 accuracy: 90.38%
Batch 100, Loss: 0.1304
Batch 200, Loss: 0.1275
Batch 300, Loss: 0.1327
Epoch 101 learning rate: 0.049214634134409
Epoch 101 time: 235.924542427063 seconds
Epoch 101 accuracy: 91.24%
Batch 100, Loss: 0.1230
Batch 200, Loss: 0.1223
Batch 300, Loss: 0.1340
Epoch 102 learning rate: 0.04842946204609361
Epoch 102 time: 236.00910997390747 seconds
Epoch 102 accuracy: 88.93%
Batch 100, Loss: 0.1258
Batch 200, Loss: 0.1281
Batch 300, Loss: 0.1383
Epoch 103 learning rate: 0.04764467746451789
Epoch 103 time: 235.97928476333618 seconds
Epoch 103 accuracy: 90.69%
Batch 100, Loss: 0.1199
Batch 200, Loss: 0.1249
Batch 300, Loss: 0.1349
Epoch 104 learning rate: 0.046860474023534354
Epoch 104 time: 236.02710437774658 seconds
Epoch 104 accuracy: 88.62%
Batch 100, Loss: 0.1209
Batch 200, Loss: 0.1179
Batch 300, Loss: 0.1257
Epoch 105 learning rate: 0.04607704521360778
Epoch 105 time: 235.95576858520508 seconds
Epoch 105 accuracy: 90.71%
Batch 100, Loss: 0.1226
Batch 200, Loss: 0.1255
Batch 300, Loss: 0.1231
Epoch 106 learning rate: 0.04529458433407431
Epoch 106 time: 236.04101371765137 seconds
Epoch 106 accuracy: 88.9%
Batch 100, Loss: 0.1221
Batch 200, Loss: 0.1192
Batch 300, Loss: 0.1233
Epoch 107 learning rate: 0.04451328444544776
Epoch 107 time: 235.99050164222717 seconds
Epoch 107 accuracy: 91.49%
Batch 100, Loss: 0.1138
Batch 200, Loss: 0.1161
Batch 300, Loss: 0.1216
Epoch 108 learning rate: 0.04373333832178482
Epoch 108 time: 236.0175223350525 seconds
Epoch 108 accuracy: 90.13%
Batch 100, Loss: 0.1102
Batch 200, Loss: 0.1169
Batch 300, Loss: 0.1204
Epoch 109 learning rate: 0.0429549384031209
Epoch 109 time: 235.94054746627808 seconds
Epoch 109 accuracy: 90.8%
Batch 100, Loss: 0.1059
Batch 200, Loss: 0.1101
Batch 300, Loss: 0.1171
Epoch 110 learning rate: 0.042178276747988484
Epoch 110 time: 235.97781801223755 seconds
Epoch 110 accuracy: 87.85%
Batch 100, Loss: 0.1094
Batch 200, Loss: 0.1091
Batch 300, Loss: 0.1144
Epoch 111 learning rate: 0.04140354498602954
Epoch 111 time: 236.0128333568573 seconds
Epoch 111 accuracy: 91.55%
Batch 100, Loss: 0.1046
Batch 200, Loss: 0.1151
Batch 300, Loss: 0.1189
Epoch 112 learning rate: 0.0406309342707138
Epoch 112 time: 236.06956934928894 seconds
Epoch 112 accuracy: 92.16%
Batch 100, Loss: 0.1010
Batch 200, Loss: 0.1209
Batch 300, Loss: 0.1146
Epoch 113 learning rate: 0.03986063523217441
Epoch 113 time: 235.9559931755066 seconds
Epoch 113 accuracy: 92.03%
Batch 100, Loss: 0.1015
Batch 200, Loss: 0.1086
Batch 300, Loss: 0.1113
Epoch 114 learning rate: 0.039092837930172916
Epoch 114 time: 236.03937196731567 seconds
Epoch 114 accuracy: 90.91%
Batch 100, Loss: 0.0937
Batch 200, Loss: 0.1034
Batch 300, Loss: 0.1113
Epoch 115 learning rate: 0.03832773180720475
Epoch 115 time: 235.95099449157715 seconds
Epoch 115 accuracy: 90.37%
Batch 100, Loss: 0.0893
Batch 200, Loss: 0.1063
Batch 300, Loss: 0.1095
Epoch 116 learning rate: 0.037565505641757285
Epoch 116 time: 235.93072843551636 seconds
Epoch 116 accuracy: 91.48%
Batch 100, Loss: 0.0943
Batch 200, Loss: 0.1026
Batch 300, Loss: 0.1012
Epoch 117 learning rate: 0.03680634750173138
Epoch 117 time: 235.9457495212555 seconds
Epoch 117 accuracy: 90.89%
Batch 100, Loss: 0.0900
Batch 200, Loss: 0.0982
Batch 300, Loss: 0.1037
Epoch 118 learning rate: 0.036050444698038565
Epoch 118 time: 235.98300528526306 seconds
Epoch 118 accuracy: 90.16%
Batch 100, Loss: 0.0922
Batch 200, Loss: 0.0958
Batch 300, Loss: 0.0999
Epoch 119 learning rate: 0.03529798373838483
Epoch 119 time: 236.02027201652527 seconds
Epoch 119 accuracy: 91.32%
Batch 100, Loss: 0.0881
Batch 200, Loss: 0.0946
Batch 300, Loss: 0.0934
Epoch 120 learning rate: 0.03454915028125267
Epoch 120 time: 235.96909260749817 seconds
Epoch 120 accuracy: 90.2%
Batch 100, Loss: 0.0918
Batch 200, Loss: 0.0944
Batch 300, Loss: 0.0927
Epoch 121 learning rate: 0.03380412909009255
Epoch 121 time: 236.0213451385498 seconds
Epoch 121 accuracy: 92.14%
Batch 100, Loss: 0.0816
Batch 200, Loss: 0.0845
Batch 300, Loss: 0.0978
Epoch 122 learning rate: 0.03306310398773545
Epoch 122 time: 235.9791874885559 seconds
Epoch 122 accuracy: 91.48%
Batch 100, Loss: 0.0835
Batch 200, Loss: 0.0885
Batch 300, Loss: 0.0834
Epoch 123 learning rate: 0.03232625781103717
Epoch 123 time: 236.01839089393616 seconds
Epoch 123 accuracy: 91.4%
Batch 100, Loss: 0.0744
Batch 200, Loss: 0.0830
Batch 300, Loss: 0.0918
Epoch 124 learning rate: 0.03159377236576613
Epoch 124 time: 235.9215705394745 seconds
Epoch 124 accuracy: 92.5%
Batch 100, Loss: 0.0782
Batch 200, Loss: 0.0824
Batch 300, Loss: 0.0909
Epoch 125 learning rate: 0.030865828381745543
Epoch 125 time: 235.98174905776978 seconds
Epoch 125 accuracy: 91.75%
Batch 100, Loss: 0.0786
Batch 200, Loss: 0.0797
Batch 300, Loss: 0.0829
Epoch 126 learning rate: 0.03014260546826098
Epoch 126 time: 236.0039508342743 seconds
Epoch 126 accuracy: 91.57%
Batch 100, Loss: 0.0736
Batch 200, Loss: 0.0845
Batch 300, Loss: 0.0827
Epoch 127 learning rate: 0.02942428206974458
Epoch 127 time: 235.97175478935242 seconds
Epoch 127 accuracy: 92.6%
Batch 100, Loss: 0.0708
Batch 200, Loss: 0.0779
Batch 300, Loss: 0.0756
Epoch 128 learning rate: 0.028711035421746387
Epoch 128 time: 236.06191444396973 seconds
Epoch 128 accuracy: 91.96%
Batch 100, Loss: 0.0708
Batch 200, Loss: 0.0752
Batch 300, Loss: 0.0801
Epoch 129 learning rate: 0.02800304150720426
Epoch 129 time: 235.9056179523468 seconds
Epoch 129 accuracy: 93.1%
Batch 100, Loss: 0.0664
Batch 200, Loss: 0.0744
Batch 300, Loss: 0.0815
Epoch 130 learning rate: 0.02730047501302268
Epoch 130 time: 236.03095602989197 seconds
Epoch 130 accuracy: 92.52%
Batch 100, Loss: 0.0637
Batch 200, Loss: 0.0707
Batch 300, Loss: 0.0698
Epoch 131 learning rate: 0.026603509286971357
Epoch 131 time: 236.0384395122528 seconds
Epoch 131 accuracy: 93.01%
Batch 100, Loss: 0.0714
Batch 200, Loss: 0.0646
Batch 300, Loss: 0.0732
Epoch 132 learning rate: 0.025912316294914244
Epoch 132 time: 236.02332091331482 seconds
Epoch 132 accuracy: 91.79%
Batch 100, Loss: 0.0614
Batch 200, Loss: 0.0689
Batch 300, Loss: 0.0651
Epoch 133 learning rate: 0.025227066578379632
Epoch 133 time: 235.9880828857422 seconds
Epoch 133 accuracy: 92.73%
Batch 100, Loss: 0.0633
Batch 200, Loss: 0.0627
Batch 300, Loss: 0.0626
Epoch 134 learning rate: 0.024547929212481445
Epoch 134 time: 236.0339012145996 seconds
Epoch 134 accuracy: 92.76%
Batch 100, Loss: 0.0586
Batch 200, Loss: 0.0644
Batch 300, Loss: 0.0650
Epoch 135 learning rate: 0.02387507176420257
Epoch 135 time: 235.9905068874359 seconds
Epoch 135 accuracy: 92.38%
Batch 100, Loss: 0.0551
Batch 200, Loss: 0.0595
Batch 300, Loss: 0.0628
Epoch 136 learning rate: 0.023208660251050166
Epoch 136 time: 236.03424191474915 seconds
Epoch 136 accuracy: 93.37%
Batch 100, Loss: 0.0566
Batch 200, Loss: 0.0519
Batch 300, Loss: 0.0613
Epoch 137 learning rate: 0.022548859100093414
Epoch 137 time: 236.00262212753296 seconds
Epoch 137 accuracy: 93.25%
Batch 100, Loss: 0.0539
Batch 200, Loss: 0.0529
Batch 300, Loss: 0.0571
Epoch 138 learning rate: 0.021895831107393474
Epoch 138 time: 236.0540223121643 seconds
Epoch 138 accuracy: 92.82%
Batch 100, Loss: 0.0507
Batch 200, Loss: 0.0573
Batch 300, Loss: 0.0570
Epoch 139 learning rate: 0.02124973739783608
Epoch 139 time: 235.9590196609497 seconds
Epoch 139 accuracy: 94.11%
Batch 100, Loss: 0.0497
Batch 200, Loss: 0.0491
Batch 300, Loss: 0.0533
Epoch 140 learning rate: 0.02061073738537636
Epoch 140 time: 248.92008113861084 seconds
Epoch 140 accuracy: 92.0%
Batch 100, Loss: 0.0474
Batch 200, Loss: 0.0507
Batch 300, Loss: 0.0548
Epoch 141 learning rate: 0.019978988733705814
Epoch 141 time: 235.98788332939148 seconds
Epoch 141 accuracy: 93.31%
Batch 100, Loss: 0.0427
Batch 200, Loss: 0.0500
Batch 300, Loss: 0.0506
Epoch 142 learning rate: 0.01935464731735118
Epoch 142 time: 235.99722361564636 seconds
Epoch 142 accuracy: 92.6%
Batch 100, Loss: 0.0447
Batch 200, Loss: 0.0452
Batch 300, Loss: 0.0487
Epoch 143 learning rate: 0.018737867183214747
Epoch 143 time: 235.998628616333 seconds
Epoch 143 accuracy: 93.38%
Batch 100, Loss: 0.0411
Batch 200, Loss: 0.0421
Batch 300, Loss: 0.0476
Epoch 144 learning rate: 0.01812880051256552
Epoch 144 time: 235.93554759025574 seconds
Epoch 144 accuracy: 93.71%
Batch 100, Loss: 0.0417
Batch 200, Loss: 0.0400
Batch 300, Loss: 0.0425
Epoch 145 learning rate: 0.017527597583490827
Epoch 145 time: 235.89020657539368 seconds
Epoch 145 accuracy: 93.61%
Batch 100, Loss: 0.0384
Batch 200, Loss: 0.0439
Batch 300, Loss: 0.0421
Epoch 146 learning rate: 0.01693440673381742
Epoch 146 time: 235.99718379974365 seconds
Epoch 146 accuracy: 93.94%
Batch 100, Loss: 0.0361
Batch 200, Loss: 0.0387
Batch 300, Loss: 0.0413
Epoch 147 learning rate: 0.016349374324511334
Epoch 147 time: 236.01700568199158 seconds
Epoch 147 accuracy: 93.28%
Batch 100, Loss: 0.0359
Batch 200, Loss: 0.0357
Batch 300, Loss: 0.0370
Epoch 148 learning rate: 0.01577264470356557
Epoch 148 time: 235.94649362564087 seconds
Epoch 148 accuracy: 93.67%
Batch 100, Loss: 0.0363
Batch 200, Loss: 0.0363
Batch 300, Loss: 0.0389
Epoch 149 learning rate: 0.01520436017038429
Epoch 149 time: 235.96279621124268 seconds
Epoch 149 accuracy: 94.19%
Batch 100, Loss: 0.0320
Batch 200, Loss: 0.0327
Batch 300, Loss: 0.0390
Epoch 150 learning rate: 0.014644660940672632
Epoch 150 time: 235.9946231842041 seconds
Epoch 150 accuracy: 94.52%
Batch 100, Loss: 0.0324
Batch 200, Loss: 0.0309
Batch 300, Loss: 0.0337
Epoch 151 learning rate: 0.01409368511184057
Epoch 151 time: 235.91189742088318 seconds
Epoch 151 accuracy: 93.17%
Batch 100, Loss: 0.0299
Batch 200, Loss: 0.0333
Batch 300, Loss: 0.0330
Epoch 152 learning rate: 0.013551568628929438
Epoch 152 time: 235.94295144081116 seconds
Epoch 152 accuracy: 94.13%
Batch 100, Loss: 0.0270
Batch 200, Loss: 0.0280
Batch 300, Loss: 0.0322
Epoch 153 learning rate: 0.013018445251069516
Epoch 153 time: 235.9312584400177 seconds
Epoch 153 accuracy: 93.63%
Batch 100, Loss: 0.0285
Batch 200, Loss: 0.0310
Batch 300, Loss: 0.0317
Epoch 154 learning rate: 0.012494446518477026
Epoch 154 time: 235.98872828483582 seconds
Epoch 154 accuracy: 93.78%
Batch 100, Loss: 0.0290
Batch 200, Loss: 0.0298
Batch 300, Loss: 0.0294
Epoch 155 learning rate: 0.011979701719998459
Epoch 155 time: 235.97160029411316 seconds
Epoch 155 accuracy: 94.68%
Batch 100, Loss: 0.0245
Batch 200, Loss: 0.0256
Batch 300, Loss: 0.0259
Epoch 156 learning rate: 0.011474337861210548
Epoch 156 time: 235.99353504180908 seconds
Epoch 156 accuracy: 94.63%
Batch 100, Loss: 0.0261
Batch 200, Loss: 0.0260
Batch 300, Loss: 0.0269
Epoch 157 learning rate: 0.010978479633083526
Epoch 157 time: 235.94954442977905 seconds
Epoch 157 accuracy: 94.83%
Batch 100, Loss: 0.0236
Batch 200, Loss: 0.0241
Batch 300, Loss: 0.0247
Epoch 158 learning rate: 0.010492249381215483
Epoch 158 time: 235.97991347312927 seconds
Epoch 158 accuracy: 94.64%
Batch 100, Loss: 0.0232
Batch 200, Loss: 0.0237
Batch 300, Loss: 0.0251
Epoch 159 learning rate: 0.010015767075645474
Epoch 159 time: 235.95336508750916 seconds
Epoch 159 accuracy: 94.8%
Batch 100, Loss: 0.0214
Batch 200, Loss: 0.0225
Batch 300, Loss: 0.0252
Epoch 160 learning rate: 0.009549150281252637
Epoch 160 time: 235.95752954483032 seconds
Epoch 160 accuracy: 95.07%
Batch 100, Loss: 0.0219
Batch 200, Loss: 0.0206
Batch 300, Loss: 0.0232
Epoch 161 learning rate: 0.00909251412874884
Epoch 161 time: 235.89981198310852 seconds
Epoch 161 accuracy: 94.88%
Batch 100, Loss: 0.0201
Batch 200, Loss: 0.0206
Batch 300, Loss: 0.0230
Epoch 162 learning rate: 0.008645971286271918
Epoch 162 time: 235.96234154701233 seconds
Epoch 162 accuracy: 94.8%
Batch 100, Loss: 0.0199
Batch 200, Loss: 0.0207
Batch 300, Loss: 0.0215
Epoch 163 learning rate: 0.008209631931586501
Epoch 163 time: 235.95651936531067 seconds
Epoch 163 accuracy: 94.96%
Batch 100, Loss: 0.0202
Batch 200, Loss: 0.0195
Batch 300, Loss: 0.0192
Epoch 164 learning rate: 0.0077836037248992605
Epoch 164 time: 236.02577686309814 seconds
Epoch 164 accuracy: 94.63%
Batch 100, Loss: 0.0187
Batch 200, Loss: 0.0195
Batch 300, Loss: 0.0203
Epoch 165 learning rate: 0.0073679917822954055
Epoch 165 time: 236.0176362991333 seconds
Epoch 165 accuracy: 95.27%
Batch 100, Loss: 0.0187
Batch 200, Loss: 0.0179
Batch 300, Loss: 0.0186
Epoch 166 learning rate: 0.006962898649802815
Epoch 166 time: 236.0155053138733 seconds
Epoch 166 accuracy: 95.08%
Batch 100, Loss: 0.0174
Batch 200, Loss: 0.0195
Batch 300, Loss: 0.0180
Epoch 167 learning rate: 0.006568424278090438
Epoch 167 time: 235.9524245262146 seconds
Epoch 167 accuracy: 95.27%
Batch 100, Loss: 0.0162
Batch 200, Loss: 0.0172
Batch 300, Loss: 0.0182
Epoch 168 learning rate: 0.006184665997806824
Epoch 168 time: 235.95303535461426 seconds
Epoch 168 accuracy: 95.14%
Batch 100, Loss: 0.0163
Batch 200, Loss: 0.0174
Batch 300, Loss: 0.0181
Epoch 169 learning rate: 0.00581171849556533
Epoch 169 time: 236.01996421813965 seconds
Epoch 169 accuracy: 95.22%
Batch 100, Loss: 0.0154
Batch 200, Loss: 0.0162
Batch 300, Loss: 0.0153
Epoch 170 learning rate: 0.0054496737905816136
Epoch 170 time: 235.95411467552185 seconds
Epoch 170 accuracy: 94.93%
Batch 100, Loss: 0.0163
Batch 200, Loss: 0.0170
Batch 300, Loss: 0.0162
Epoch 171 learning rate: 0.005098621211969226
Epoch 171 time: 235.99473977088928 seconds
Epoch 171 accuracy: 95.27%
Batch 100, Loss: 0.0157
Batch 200, Loss: 0.0150
Batch 300, Loss: 0.0161
Epoch 172 learning rate: 0.004758647376699035
Epoch 172 time: 235.99979734420776 seconds
Epoch 172 accuracy: 95.22%
Batch 100, Loss: 0.0151
Batch 200, Loss: 0.0159
Batch 300, Loss: 0.0149
Epoch 173 learning rate: 0.00442983616822775
Epoch 173 time: 236.0032057762146 seconds
Epoch 173 accuracy: 95.43%
Batch 100, Loss: 0.0144
Batch 200, Loss: 0.0153
Batch 300, Loss: 0.0152
Epoch 174 learning rate: 0.004112268715800957
Epoch 174 time: 235.96774768829346 seconds
Epoch 174 accuracy: 95.39%
Batch 100, Loss: 0.0153
Batch 200, Loss: 0.0144
Batch 300, Loss: 0.0153
Epoch 175 learning rate: 0.003806023374435677
Epoch 175 time: 235.96411657333374 seconds
Epoch 175 accuracy: 95.35%
Batch 100, Loss: 0.0151
Batch 200, Loss: 0.0140
Batch 300, Loss: 0.0141
Epoch 176 learning rate: 0.003511175705587435
Epoch 176 time: 236.05443596839905 seconds
Epoch 176 accuracy: 95.48%
Batch 100, Loss: 0.0138
Batch 200, Loss: 0.0140
Batch 300, Loss: 0.0147
Epoch 177 learning rate: 0.0032277984585066333
Epoch 177 time: 235.97776246070862 seconds
Epoch 177 accuracy: 95.32%
Batch 100, Loss: 0.0144
Batch 200, Loss: 0.0140
Batch 300, Loss: 0.0143
Epoch 178 learning rate: 0.002955961552288729
Epoch 178 time: 235.98708581924438 seconds
Epoch 178 accuracy: 95.44%
Batch 100, Loss: 0.0141
Batch 200, Loss: 0.0137
Batch 300, Loss: 0.0143
Epoch 179 learning rate: 0.0026957320586227366
Epoch 179 time: 235.92949986457825 seconds
Epoch 179 accuracy: 95.44%
Batch 100, Loss: 0.0126
Batch 200, Loss: 0.0128
Batch 300, Loss: 0.0134
Epoch 180 learning rate: 0.002447174185242325
Epoch 180 time: 235.9218876361847 seconds
Epoch 180 accuracy: 95.56%
Batch 100, Loss: 0.0121
Batch 200, Loss: 0.0135
Batch 300, Loss: 0.0138
Epoch 181 learning rate: 0.0022103492600834954
Epoch 181 time: 235.9673833847046 seconds
Epoch 181 accuracy: 95.47%
Batch 100, Loss: 0.0128
Batch 200, Loss: 0.0128
Batch 300, Loss: 0.0128
Epoch 182 learning rate: 0.0019853157161528537
Epoch 182 time: 235.95648837089539 seconds
Epoch 182 accuracy: 95.6%
Batch 100, Loss: 0.0122
Batch 200, Loss: 0.0129
Batch 300, Loss: 0.0133
Epoch 183 learning rate: 0.001772129077110103
Epoch 183 time: 236.0474283695221 seconds
Epoch 183 accuracy: 95.6%
Batch 100, Loss: 0.0127
Batch 200, Loss: 0.0128
Batch 300, Loss: 0.0127
Epoch 184 learning rate: 0.0015708419435684529
Epoch 184 time: 235.96142506599426 seconds
Epoch 184 accuracy: 95.42%
Batch 100, Loss: 0.0120
Batch 200, Loss: 0.0119
Batch 300, Loss: 0.0124
Epoch 185 learning rate: 0.0013815039801161732
Epoch 185 time: 236.046639919281 seconds
Epoch 185 accuracy: 95.46%
Batch 100, Loss: 0.0120
Batch 200, Loss: 0.0120
Batch 300, Loss: 0.0132
Epoch 186 learning rate: 0.0012041619030626347
Epoch 186 time: 236.04241752624512 seconds
Epoch 186 accuracy: 95.66%
Batch 100, Loss: 0.0113
Batch 200, Loss: 0.0122
Batch 300, Loss: 0.0129
Epoch 187 learning rate: 0.0010388594689117077
Epoch 187 time: 235.99936270713806 seconds
Epoch 187 accuracy: 95.59%
Batch 100, Loss: 0.0115
Batch 200, Loss: 0.0124
Batch 300, Loss: 0.0129
Epoch 188 learning rate: 0.0008856374635655645
Epoch 188 time: 235.99702382087708 seconds
Epoch 188 accuracy: 95.55%
Batch 100, Loss: 0.0113
Batch 200, Loss: 0.0125
Batch 300, Loss: 0.0121
Epoch 189 learning rate: 0.000744533692261307
Epoch 189 time: 236.02046537399292 seconds
Epoch 189 accuracy: 95.55%
Batch 100, Loss: 0.0115
Batch 200, Loss: 0.0126
Batch 300, Loss: 0.0106
Epoch 190 learning rate: 0.0006155829702431174
Epoch 190 time: 235.9511260986328 seconds
Epoch 190 accuracy: 95.56%
Batch 100, Loss: 0.0118
Batch 200, Loss: 0.0119
Batch 300, Loss: 0.0120
Epoch 191 learning rate: 0.0004988171141721235
Epoch 191 time: 235.98528623580933 seconds
Epoch 191 accuracy: 95.63%
Batch 100, Loss: 0.0119
Batch 200, Loss: 0.0121
Batch 300, Loss: 0.0115
Epoch 192 learning rate: 0.00039426493427611206
Epoch 192 time: 235.98870015144348 seconds
Epoch 192 accuracy: 95.6%
Batch 100, Loss: 0.0113
Batch 200, Loss: 0.0111
Batch 300, Loss: 0.0111
Epoch 193 learning rate: 0.00030195222724102046
Epoch 193 time: 235.93772196769714 seconds
Epoch 193 accuracy: 95.61%
Batch 100, Loss: 0.0110
Batch 200, Loss: 0.0109
Batch 300, Loss: 0.0112
Epoch 194 learning rate: 0.00022190176984600036
Epoch 194 time: 235.9894561767578 seconds
Epoch 194 accuracy: 95.48%
Batch 100, Loss: 0.0110
Batch 200, Loss: 0.0117
Batch 300, Loss: 0.0112
Epoch 195 learning rate: 0.00015413331334360192
Epoch 195 time: 235.97593188285828 seconds
Epoch 195 accuracy: 95.48%
Batch 100, Loss: 0.0112
Batch 200, Loss: 0.0117
Batch 300, Loss: 0.0113
Epoch 196 learning rate: 9.866357858642213e-05
Epoch 196 time: 235.9120273590088 seconds
Epoch 196 accuracy: 95.62%
Batch 100, Loss: 0.0107
Batch 200, Loss: 0.0112
Batch 300, Loss: 0.0111
Epoch 197 learning rate: 5.5506251901504864e-05
Epoch 197 time: 236.04830861091614 seconds
Epoch 197 accuracy: 95.62%
Batch 100, Loss: 0.0116
Batch 200, Loss: 0.0108
Batch 300, Loss: 0.0114
Epoch 198 learning rate: 2.4671981713420017e-05
Epoch 198 time: 235.9507029056549 seconds
Epoch 198 accuracy: 95.47%
Batch 100, Loss: 0.0109
Batch 200, Loss: 0.0108
Batch 300, Loss: 0.0107
Epoch 199 learning rate: 6.168375916970619e-06
Epoch 199 time: 235.9587333202362 seconds
Epoch 199 accuracy: 95.64%
Batch 100, Loss: 0.0108
Batch 200, Loss: 0.0107
Batch 300, Loss: 0.0113
Epoch 200 learning rate: 0.0
Epoch 200 time: 235.950044631958 seconds
Epoch 200 accuracy: 95.6%
Total training time: 47222.98847723007 seconds
