The following modules were not unloaded:
  (Use "module --force purge" to unload all):

  1) CCconfig        6)  ucx/1.14.1         11) flexiblas/3.3.1
  2) gentoo/2023     7)  libfabric/1.18.0   12) imkl/2023.2.0
  3) gcccore/.12.3   8)  pmix/4.2.4         13) StdEnv/2023
  4) gcc/12.3        9)  ucc/1.2.0
  5) hwloc/2.9.1     10) openmpi/4.1.5
/project/6070520/tkleinkn/Vanilla-GAM/main_cifar.py:216: UserWarning: You have chosen a specific GPU. This will completely disable data parallelism.
  warnings.warn('You have chosen a specific GPU. This will completely '
model name space ['resnet101_c', 'resnet152_c', 'resnet18_c', 'resnet34_c', 'resnet50_c']
Use GPU: 0 for training
=> creating model 'resnet18_c'
Files already downloaded and verified
Files already downloaded and verified
tensorboard dir ./results/CIFAR10/GNOM/basicaug/lr-0.01/batchsize-256/2024-08-06-14:35:37
Using Gradient-Norm Only Minimization (GNOM)
/home/tkleinkn/GAMtest/lib/python3.11/site-packages/torch/autograd/graph.py:744: UserWarning: Using backward() with create_graph=True will create a reference cycle between the parameter and its gradient which can cause a memory leak. We recommend using autograd.grad when creating the graph to avoid this. If you have to use this function, make sure to reset the .grad fields of your parameters to None after use to break the cycle and avoid the leak. (Triggered internally at /home/coulombc/wheels_builder/tmp.2617/python-3.11/torch/torch/csrc/autograd/engine.cpp:1203.)
  return Variable._execution_engine.run_backward(  # Calls into the C++ engine to run the backward pass
Batch 100, Loss: 48.0464
Epoch 1 learning rate: 0.01
Epoch 1 time: 131.32777976989746 seconds
Epoch 1 accuracy: 11.3%
Batch 100, Loss: 6.7936
Epoch 2 learning rate: 0.01
Epoch 2 time: 111.51869940757751 seconds
Epoch 2 accuracy: 10.44%
Batch 100, Loss: 4.1318
Epoch 3 learning rate: 0.01
Epoch 3 time: 111.4956591129303 seconds
Epoch 3 accuracy: 10.58%
Batch 100, Loss: 3.1912
Epoch 4 learning rate: 0.01
Epoch 4 time: 111.52938413619995 seconds
Epoch 4 accuracy: 10.12%
Batch 100, Loss: 2.5833
Epoch 5 learning rate: 0.01
Epoch 5 time: 111.63426947593689 seconds
Epoch 5 accuracy: 8.71%
Batch 100, Loss: 2.3024
Epoch 6 learning rate: 0.01
Epoch 6 time: 111.5407018661499 seconds
Epoch 6 accuracy: 9.25%
Batch 100, Loss: 2.1939
Epoch 7 learning rate: 0.01
Epoch 7 time: 111.60438370704651 seconds
Epoch 7 accuracy: 10.61%
Batch 100, Loss: 2.1337
Epoch 8 learning rate: 0.01
Epoch 8 time: 111.4625391960144 seconds
Epoch 8 accuracy: 11.02%
Batch 100, Loss: 2.0880
Epoch 9 learning rate: 0.01
Epoch 9 time: 111.72068405151367 seconds
Epoch 9 accuracy: 11.18%
Batch 100, Loss: 2.0558
Epoch 10 learning rate: 0.01
Epoch 10 time: 111.52771782875061 seconds
Epoch 10 accuracy: 11.53%
Batch 100, Loss: 2.0141
Epoch 11 learning rate: 0.01
Epoch 11 time: 111.69118690490723 seconds
Epoch 11 accuracy: 11.32%
Batch 100, Loss: 1.9822
Epoch 12 learning rate: 0.01
Epoch 12 time: 111.55526065826416 seconds
Epoch 12 accuracy: 11.81%
Batch 100, Loss: 1.9592
Epoch 13 learning rate: 0.01
Epoch 13 time: 111.64825344085693 seconds
Epoch 13 accuracy: 12.14%
Batch 100, Loss: 1.9370
Epoch 14 learning rate: 0.01
Epoch 14 time: 111.5444655418396 seconds
Epoch 14 accuracy: 12.04%
Batch 100, Loss: 1.9158
Epoch 15 learning rate: 0.01
Epoch 15 time: 111.40408301353455 seconds
Epoch 15 accuracy: 11.81%
Batch 100, Loss: 1.8933
Epoch 16 learning rate: 0.01
Epoch 16 time: 111.45494103431702 seconds
Epoch 16 accuracy: 12.29%
Batch 100, Loss: 1.8799
Epoch 17 learning rate: 0.01
Epoch 17 time: 111.63322114944458 seconds
Epoch 17 accuracy: 12.57%
Batch 100, Loss: 1.8607
Epoch 18 learning rate: 0.01
Epoch 18 time: 111.6372754573822 seconds
Epoch 18 accuracy: 12.75%
Batch 100, Loss: 1.8492
Epoch 19 learning rate: 0.01
Epoch 19 time: 111.75812029838562 seconds
Epoch 19 accuracy: 12.55%
Batch 100, Loss: 1.8413
Epoch 20 learning rate: 0.01
Epoch 20 time: 111.69788718223572 seconds
Epoch 20 accuracy: 12.72%
Batch 100, Loss: 1.8251
Epoch 21 learning rate: 0.01
Epoch 21 time: 111.59216570854187 seconds
Epoch 21 accuracy: 12.58%
Batch 100, Loss: 1.8205
Epoch 22 learning rate: 0.01
Epoch 22 time: 111.64908933639526 seconds
Epoch 22 accuracy: 12.96%
Batch 100, Loss: 1.8097
Epoch 23 learning rate: 0.01
Epoch 23 time: 111.69555163383484 seconds
Epoch 23 accuracy: 13.11%
Batch 100, Loss: 1.8034
Epoch 24 learning rate: 0.01
Epoch 24 time: 111.53795409202576 seconds
Epoch 24 accuracy: 13.47%
Batch 100, Loss: 1.7951
Epoch 25 learning rate: 0.01
Epoch 25 time: 111.36863446235657 seconds
Epoch 25 accuracy: 13.73%
Batch 100, Loss: 1.7902
Epoch 26 learning rate: 0.01
Epoch 26 time: 111.51581382751465 seconds
Epoch 26 accuracy: 13.61%
Batch 100, Loss: 1.7816
Epoch 27 learning rate: 0.01
Epoch 27 time: 111.74957203865051 seconds
Epoch 27 accuracy: 13.89%
Batch 100, Loss: 1.7780
Epoch 28 learning rate: 0.01
Epoch 28 time: 111.45656728744507 seconds
Epoch 28 accuracy: 13.77%
Batch 100, Loss: 1.7728
Epoch 29 learning rate: 0.01
Epoch 29 time: 111.85335326194763 seconds
Epoch 29 accuracy: 13.71%
Batch 100, Loss: 1.7683
Epoch 30 learning rate: 0.01
Epoch 30 time: 111.7029459476471 seconds
Epoch 30 accuracy: 12.9%
Batch 100, Loss: 1.7648
Epoch 31 learning rate: 0.01
Epoch 31 time: 111.75206542015076 seconds
Epoch 31 accuracy: 12.65%
Batch 100, Loss: 1.7621
Epoch 32 learning rate: 0.01
Epoch 32 time: 111.58185052871704 seconds
Epoch 32 accuracy: 12.6%
Batch 100, Loss: 1.7578
Epoch 33 learning rate: 0.01
Epoch 33 time: 111.68522238731384 seconds
Epoch 33 accuracy: 12.88%
Batch 100, Loss: 1.7560
Epoch 34 learning rate: 0.01
Epoch 34 time: 112.50930833816528 seconds
Epoch 34 accuracy: 12.67%
Batch 100, Loss: 1.7534
Epoch 35 learning rate: 0.01
Epoch 35 time: 111.65944576263428 seconds
Epoch 35 accuracy: 12.62%
Batch 100, Loss: 1.7520
Epoch 36 learning rate: 0.01
Epoch 36 time: 111.55020236968994 seconds
Epoch 36 accuracy: 12.59%
Batch 100, Loss: 1.7506
Epoch 37 learning rate: 0.01
Epoch 37 time: 111.60945177078247 seconds
Epoch 37 accuracy: 12.65%
Batch 100, Loss: 1.7500
Epoch 38 learning rate: 0.01
Epoch 38 time: 111.5547366142273 seconds
Epoch 38 accuracy: 12.99%
Batch 100, Loss: 1.7491
Epoch 39 learning rate: 0.01
Epoch 39 time: 111.71924018859863 seconds
Epoch 39 accuracy: 12.97%
Batch 100, Loss: 1.7486
Epoch 40 learning rate: 0.01
Epoch 40 time: 111.67844748497009 seconds
Epoch 40 accuracy: 12.91%
Batch 100, Loss: 1.7484
Epoch 41 learning rate: 0.01
Epoch 41 time: 111.58720088005066 seconds
Epoch 41 accuracy: 13.04%
Batch 100, Loss: 1.7480
Epoch 42 learning rate: 0.01
Epoch 42 time: 111.69156336784363 seconds
Epoch 42 accuracy: 12.84%
Batch 100, Loss: 1.7472
Epoch 43 learning rate: 0.01
Epoch 43 time: 111.55673933029175 seconds
Epoch 43 accuracy: 12.96%
Batch 100, Loss: 1.7460
Epoch 44 learning rate: 0.01
Epoch 44 time: 111.66054248809814 seconds
Epoch 44 accuracy: 12.92%
Batch 100, Loss: 1.7451
Epoch 45 learning rate: 0.01
Epoch 45 time: 111.59758615493774 seconds
Epoch 45 accuracy: 13.32%
Batch 100, Loss: 1.7474
Epoch 46 learning rate: 0.01
Epoch 46 time: 111.63071584701538 seconds
Epoch 46 accuracy: 12.89%
Batch 100, Loss: 1.7461
Epoch 47 learning rate: 0.01
Epoch 47 time: 111.56164073944092 seconds
Epoch 47 accuracy: 12.93%
Batch 100, Loss: 1.7462
Epoch 48 learning rate: 0.01
Epoch 48 time: 111.70003890991211 seconds
Epoch 48 accuracy: 12.95%
Batch 100, Loss: 1.7457
Epoch 49 learning rate: 0.01
Epoch 49 time: 111.67488265037537 seconds
Epoch 49 accuracy: 12.91%
Batch 100, Loss: 1.7460
Epoch 50 learning rate: 0.01
Epoch 50 time: 111.66854000091553 seconds
Epoch 50 accuracy: 12.93%
Batch 100, Loss: 1.7458
Epoch 51 learning rate: 0.01
Epoch 51 time: 111.59820413589478 seconds
Epoch 51 accuracy: 12.69%
Batch 100, Loss: 1.7465
Epoch 52 learning rate: 0.01
Epoch 52 time: 111.6452956199646 seconds
Epoch 52 accuracy: 12.43%
Batch 100, Loss: 1.7459
Epoch 53 learning rate: 0.01
Epoch 53 time: 111.87261843681335 seconds
Epoch 53 accuracy: 12.59%
Batch 100, Loss: 1.7460
Epoch 54 learning rate: 0.01
Epoch 54 time: 111.70489001274109 seconds
Epoch 54 accuracy: 12.31%
Batch 100, Loss: 1.7461
Epoch 55 learning rate: 0.01
Epoch 55 time: 111.62248086929321 seconds
Epoch 55 accuracy: 12.53%
Batch 100, Loss: 1.7460
Epoch 56 learning rate: 0.01
Epoch 56 time: 111.61937165260315 seconds
Epoch 56 accuracy: 12.38%
Batch 100, Loss: 1.7459
Epoch 57 learning rate: 0.01
Epoch 57 time: 111.66374158859253 seconds
Epoch 57 accuracy: 12.51%
Batch 100, Loss: 1.7459
Epoch 58 learning rate: 0.01
Epoch 58 time: 111.67134857177734 seconds
Epoch 58 accuracy: 12.67%
Batch 100, Loss: 1.7462
Epoch 59 learning rate: 0.01
Epoch 59 time: 111.68117356300354 seconds
Epoch 59 accuracy: 12.73%
Batch 100, Loss: 1.7467
Epoch 60 learning rate: 0.01
Epoch 60 time: 111.79881286621094 seconds
Epoch 60 accuracy: 12.55%
Batch 100, Loss: 1.7465
Epoch 61 learning rate: 0.01
Epoch 61 time: 111.68131232261658 seconds
Epoch 61 accuracy: 12.57%
Batch 100, Loss: 1.7455
Epoch 62 learning rate: 0.01
Epoch 62 time: 111.42775535583496 seconds
Epoch 62 accuracy: 12.62%
Batch 100, Loss: 1.7458
Epoch 63 learning rate: 0.01
Epoch 63 time: 111.64579939842224 seconds
Epoch 63 accuracy: 12.56%
Batch 100, Loss: 1.7458
Epoch 64 learning rate: 0.01
Epoch 64 time: 111.61159086227417 seconds
Epoch 64 accuracy: 12.68%
Batch 100, Loss: 1.7459
Epoch 65 learning rate: 0.01
Epoch 65 time: 111.65103030204773 seconds
Epoch 65 accuracy: 12.62%
Batch 100, Loss: 1.7455
Epoch 66 learning rate: 0.01
Epoch 66 time: 111.55846929550171 seconds
Epoch 66 accuracy: 12.5%
Batch 100, Loss: 1.7458
Epoch 67 learning rate: 0.01
Epoch 67 time: 111.56957340240479 seconds
Epoch 67 accuracy: 12.62%
Batch 100, Loss: 1.7467
Epoch 68 learning rate: 0.01
Epoch 68 time: 111.67594242095947 seconds
Epoch 68 accuracy: 12.43%
Batch 100, Loss: 1.7458
Epoch 69 learning rate: 0.01
Epoch 69 time: 111.76646757125854 seconds
Epoch 69 accuracy: 12.4%
Batch 100, Loss: 1.7457
Epoch 70 learning rate: 0.01
Epoch 70 time: 111.72170114517212 seconds
Epoch 70 accuracy: 12.71%
Batch 100, Loss: 1.7461
Epoch 71 learning rate: 0.01
Epoch 71 time: 111.61886954307556 seconds
Epoch 71 accuracy: 12.58%
Batch 100, Loss: 1.7457
Epoch 72 learning rate: 0.01
Epoch 72 time: 120.11792254447937 seconds
Epoch 72 accuracy: 12.62%
Batch 100, Loss: 1.7461
Epoch 73 learning rate: 0.01
Epoch 73 time: 111.54361510276794 seconds
Epoch 73 accuracy: 12.59%
Batch 100, Loss: 1.7461
Epoch 74 learning rate: 0.01
Epoch 74 time: 111.69824934005737 seconds
Epoch 74 accuracy: 12.42%
Batch 100, Loss: 1.7465
Epoch 75 learning rate: 0.01
Epoch 75 time: 111.784499168396 seconds
Epoch 75 accuracy: 12.72%
Batch 100, Loss: 1.7464
Epoch 76 learning rate: 0.01
Epoch 76 time: 111.75475764274597 seconds
Epoch 76 accuracy: 12.6%
Batch 100, Loss: 1.7455
Epoch 77 learning rate: 0.01
Epoch 77 time: 111.57503747940063 seconds
Epoch 77 accuracy: 12.54%
Batch 100, Loss: 1.7464
Epoch 78 learning rate: 0.01
Epoch 78 time: 111.69826292991638 seconds
Epoch 78 accuracy: 12.63%
Batch 100, Loss: 1.7471
Epoch 79 learning rate: 0.01
Epoch 79 time: 111.5307240486145 seconds
Epoch 79 accuracy: 12.71%
Batch 100, Loss: 1.7468
Epoch 80 learning rate: 0.01
Epoch 80 time: 111.72981333732605 seconds
Epoch 80 accuracy: 12.53%
Batch 100, Loss: 1.7464
Epoch 81 learning rate: 0.01
Epoch 81 time: 111.69526624679565 seconds
Epoch 81 accuracy: 12.58%
Batch 100, Loss: 1.7465
Epoch 82 learning rate: 0.01
Epoch 82 time: 111.50409770011902 seconds
Epoch 82 accuracy: 12.5%
Batch 100, Loss: 1.7460
Epoch 83 learning rate: 0.01
Epoch 83 time: 111.81598234176636 seconds
Epoch 83 accuracy: 12.56%
Batch 100, Loss: 1.7468
Epoch 84 learning rate: 0.01
Epoch 84 time: 111.64571523666382 seconds
Epoch 84 accuracy: 12.61%
Batch 100, Loss: 1.7465
Epoch 85 learning rate: 0.01
Epoch 85 time: 111.64440989494324 seconds
Epoch 85 accuracy: 12.64%
Batch 100, Loss: 1.7463
Epoch 86 learning rate: 0.01
Epoch 86 time: 111.62272095680237 seconds
Epoch 86 accuracy: 12.51%
Batch 100, Loss: 1.7467
Epoch 87 learning rate: 0.01
Epoch 87 time: 111.5307445526123 seconds
Epoch 87 accuracy: 12.41%
Batch 100, Loss: 1.7466
Epoch 88 learning rate: 0.01
Epoch 88 time: 111.65601444244385 seconds
Epoch 88 accuracy: 12.55%
Batch 100, Loss: 1.7462
Epoch 89 learning rate: 0.01
Epoch 89 time: 111.73080110549927 seconds
Epoch 89 accuracy: 12.64%
Batch 100, Loss: 1.7469
Epoch 90 learning rate: 0.01
Epoch 90 time: 111.71070408821106 seconds
Epoch 90 accuracy: 12.61%
Batch 100, Loss: 1.7466
Epoch 91 learning rate: 0.01
Epoch 91 time: 111.7001280784607 seconds
Epoch 91 accuracy: 12.63%
Batch 100, Loss: 1.7471
Epoch 92 learning rate: 0.01
Epoch 92 time: 111.66418361663818 seconds
Epoch 92 accuracy: 12.72%
Batch 100, Loss: 1.7465
Epoch 93 learning rate: 0.01
Epoch 93 time: 111.57521748542786 seconds
Epoch 93 accuracy: 12.57%
Batch 100, Loss: 1.7469
Epoch 94 learning rate: 0.01
Epoch 94 time: 111.71653151512146 seconds
Epoch 94 accuracy: 12.49%
Batch 100, Loss: 1.7469
Epoch 95 learning rate: 0.01
Epoch 95 time: 111.61386370658875 seconds
Epoch 95 accuracy: 12.47%
Batch 100, Loss: 1.7467
Epoch 96 learning rate: 0.01
Epoch 96 time: 111.66849541664124 seconds
Epoch 96 accuracy: 12.58%
Batch 100, Loss: 1.7469
Epoch 97 learning rate: 0.01
Epoch 97 time: 111.58258724212646 seconds
Epoch 97 accuracy: 12.57%
Batch 100, Loss: 1.7477
Epoch 98 learning rate: 0.01
Epoch 98 time: 111.66002535820007 seconds
Epoch 98 accuracy: 12.41%
Batch 100, Loss: 1.7473
Epoch 99 learning rate: 0.01
Epoch 99 time: 111.7381796836853 seconds
Epoch 99 accuracy: 12.38%
Batch 100, Loss: 1.7478
Epoch 100 learning rate: 0.01
Epoch 100 time: 111.6326036453247 seconds
Epoch 100 accuracy: 12.41%
Batch 100, Loss: 1.7481
Epoch 101 learning rate: 0.01
Epoch 101 time: 111.5105128288269 seconds
Epoch 101 accuracy: 12.57%
Batch 100, Loss: 1.7480
Epoch 102 learning rate: 0.01
Epoch 102 time: 111.71966886520386 seconds
Epoch 102 accuracy: 12.36%
Batch 100, Loss: 1.7478
Epoch 103 learning rate: 0.01
Epoch 103 time: 111.57315993309021 seconds
Epoch 103 accuracy: 12.45%
Batch 100, Loss: 1.7479
Epoch 104 learning rate: 0.01
Epoch 104 time: 111.50364899635315 seconds
Epoch 104 accuracy: 12.28%
Batch 100, Loss: 1.7478
Epoch 105 learning rate: 0.01
Epoch 105 time: 111.65362763404846 seconds
Epoch 105 accuracy: 12.35%
Batch 100, Loss: 1.7479
Epoch 106 learning rate: 0.01
Epoch 106 time: 111.5769636631012 seconds
Epoch 106 accuracy: 12.15%
Batch 100, Loss: 1.7482
Epoch 107 learning rate: 0.01
Epoch 107 time: 111.54995512962341 seconds
Epoch 107 accuracy: 12.24%
Batch 100, Loss: 1.7481
Epoch 108 learning rate: 0.01
Epoch 108 time: 111.66361021995544 seconds
Epoch 108 accuracy: 12.24%
Batch 100, Loss: 1.7480
Epoch 109 learning rate: 0.01
Epoch 109 time: 111.6224627494812 seconds
Epoch 109 accuracy: 12.2%
Batch 100, Loss: 1.7485
Epoch 110 learning rate: 0.01
Epoch 110 time: 111.57776236534119 seconds
Epoch 110 accuracy: 12.04%
Batch 100, Loss: 1.7486
Epoch 111 learning rate: 0.01
Epoch 111 time: 111.53599166870117 seconds
Epoch 111 accuracy: 12.08%
Batch 100, Loss: 1.7490
Epoch 112 learning rate: 0.01
Epoch 112 time: 111.64500427246094 seconds
Epoch 112 accuracy: 12.07%
Batch 100, Loss: 1.7489
Epoch 113 learning rate: 0.01
Epoch 113 time: 111.71461510658264 seconds
Epoch 113 accuracy: 12.02%
Batch 100, Loss: 1.7481
Epoch 114 learning rate: 0.01
Epoch 114 time: 111.59854912757874 seconds
Epoch 114 accuracy: 11.96%
Batch 100, Loss: 1.7487
Epoch 115 learning rate: 0.01
Epoch 115 time: 111.6322238445282 seconds
Epoch 115 accuracy: 11.96%
Batch 100, Loss: 1.7489
Epoch 116 learning rate: 0.01
Epoch 116 time: 111.51217484474182 seconds
Epoch 116 accuracy: 12.09%
Batch 100, Loss: 1.7484
Epoch 117 learning rate: 0.01
Epoch 117 time: 111.77035117149353 seconds
Epoch 117 accuracy: 11.8%
Batch 100, Loss: 1.7493
Epoch 118 learning rate: 0.01
Epoch 118 time: 111.63213467597961 seconds
Epoch 118 accuracy: 11.8%
Batch 100, Loss: 1.7496
Epoch 119 learning rate: 0.01
Epoch 119 time: 111.63991260528564 seconds
Epoch 119 accuracy: 11.9%
Batch 100, Loss: 1.7491
Epoch 120 learning rate: 0.01
Epoch 120 time: 111.71853399276733 seconds
Epoch 120 accuracy: 11.79%
Batch 100, Loss: 1.7495
Epoch 121 learning rate: 0.01
Epoch 121 time: 111.59828782081604 seconds
Epoch 121 accuracy: 11.88%
Batch 100, Loss: 1.7497
Epoch 122 learning rate: 0.01
Epoch 122 time: 111.6367974281311 seconds
Epoch 122 accuracy: 11.77%
Batch 100, Loss: 1.7494
Epoch 123 learning rate: 0.01
Epoch 123 time: 111.59771847724915 seconds
Epoch 123 accuracy: 11.88%
Batch 100, Loss: 1.7493
Epoch 124 learning rate: 0.01
Epoch 124 time: 111.57426619529724 seconds
Epoch 124 accuracy: 11.6%
Batch 100, Loss: 1.7499
Epoch 125 learning rate: 0.01
Epoch 125 time: 111.59199166297913 seconds
Epoch 125 accuracy: 11.87%
Batch 100, Loss: 1.7496
Epoch 126 learning rate: 0.01
Epoch 126 time: 111.4903211593628 seconds
Epoch 126 accuracy: 11.79%
Batch 100, Loss: 1.7498
Epoch 127 learning rate: 0.01
Epoch 127 time: 111.62894797325134 seconds
Epoch 127 accuracy: 11.61%
Batch 100, Loss: 1.7501
Epoch 128 learning rate: 0.01
Epoch 128 time: 111.87502121925354 seconds
Epoch 128 accuracy: 11.66%
Batch 100, Loss: 1.7499
Epoch 129 learning rate: 0.01
Epoch 129 time: 111.58559775352478 seconds
Epoch 129 accuracy: 11.68%
Batch 100, Loss: 1.7498
Epoch 130 learning rate: 0.01
Epoch 130 time: 111.57456278800964 seconds
Epoch 130 accuracy: 11.5%
Batch 100, Loss: 1.7501
Epoch 131 learning rate: 0.01
Epoch 131 time: 111.70256042480469 seconds
Epoch 131 accuracy: 11.57%
Batch 100, Loss: 1.7504
Epoch 132 learning rate: 0.01
Epoch 132 time: 111.7209985256195 seconds
Epoch 132 accuracy: 11.54%
Batch 100, Loss: 1.7502
Epoch 133 learning rate: 0.01
Epoch 133 time: 111.6819384098053 seconds
Epoch 133 accuracy: 11.42%
Batch 100, Loss: 1.7505
Epoch 134 learning rate: 0.01
Epoch 134 time: 111.71800184249878 seconds
Epoch 134 accuracy: 11.48%
Batch 100, Loss: 1.7509
Epoch 135 learning rate: 0.01
Epoch 135 time: 111.79055571556091 seconds
Epoch 135 accuracy: 11.43%
Batch 100, Loss: 1.7507
Epoch 136 learning rate: 0.01
Epoch 136 time: 111.58787703514099 seconds
Epoch 136 accuracy: 11.41%
Batch 100, Loss: 1.7505
Epoch 137 learning rate: 0.01
Epoch 137 time: 111.70204162597656 seconds
Epoch 137 accuracy: 11.42%
Batch 100, Loss: 1.7505
Epoch 138 learning rate: 0.01
Epoch 138 time: 111.65143728256226 seconds
Epoch 138 accuracy: 11.44%
Batch 100, Loss: 1.7510
Epoch 139 learning rate: 0.01
Epoch 139 time: 111.73256587982178 seconds
Epoch 139 accuracy: 11.37%
Batch 100, Loss: 1.7510
Epoch 140 learning rate: 0.01
Epoch 140 time: 111.6547966003418 seconds
Epoch 140 accuracy: 11.39%
Batch 100, Loss: 1.7511
Epoch 141 learning rate: 0.01
Epoch 141 time: 111.96723079681396 seconds
Epoch 141 accuracy: 11.41%
Batch 100, Loss: 1.7513
Epoch 142 learning rate: 0.01
Epoch 142 time: 111.78105044364929 seconds
Epoch 142 accuracy: 11.32%
Batch 100, Loss: 1.7511
Epoch 143 learning rate: 0.01
Epoch 143 time: 111.51377892494202 seconds
Epoch 143 accuracy: 11.33%
Batch 100, Loss: 1.7511
Epoch 144 learning rate: 0.01
Epoch 144 time: 111.59349918365479 seconds
Epoch 144 accuracy: 11.48%
Batch 100, Loss: 1.7513
Epoch 145 learning rate: 0.01
Epoch 145 time: 111.6458489894867 seconds
Epoch 145 accuracy: 11.23%
Batch 100, Loss: 1.7513
Epoch 146 learning rate: 0.01
Epoch 146 time: 111.68770980834961 seconds
Epoch 146 accuracy: 11.27%
Batch 100, Loss: 1.7512
Epoch 147 learning rate: 0.01
Epoch 147 time: 111.45141506195068 seconds
Epoch 147 accuracy: 11.39%
Batch 100, Loss: 1.7517
Epoch 148 learning rate: 0.01
Epoch 148 time: 111.65831899642944 seconds
Epoch 148 accuracy: 11.18%
Batch 100, Loss: 1.7519
Epoch 149 learning rate: 0.01
Epoch 149 time: 111.59346556663513 seconds
Epoch 149 accuracy: 11.24%
Batch 100, Loss: 1.7515
Epoch 150 learning rate: 0.01
Epoch 150 time: 111.49159264564514 seconds
Epoch 150 accuracy: 11.18%
Batch 100, Loss: 1.7519
Epoch 151 learning rate: 0.01
Epoch 151 time: 111.63930034637451 seconds
Epoch 151 accuracy: 11.25%
Batch 100, Loss: 1.7519
Epoch 152 learning rate: 0.01
Epoch 152 time: 111.59216618537903 seconds
Epoch 152 accuracy: 11.33%
Batch 100, Loss: 1.7519
Epoch 153 learning rate: 0.01
Epoch 153 time: 111.64628267288208 seconds
Epoch 153 accuracy: 11.32%
Batch 100, Loss: 1.7518
Epoch 154 learning rate: 0.01
Epoch 154 time: 111.65360260009766 seconds
Epoch 154 accuracy: 11.37%
Batch 100, Loss: 1.7517
Epoch 155 learning rate: 0.01
Epoch 155 time: 111.55723571777344 seconds
Epoch 155 accuracy: 11.27%
Batch 100, Loss: 1.7524
Epoch 156 learning rate: 0.01
Epoch 156 time: 111.61007642745972 seconds
Epoch 156 accuracy: 11.1%
Batch 100, Loss: 1.7520
Epoch 157 learning rate: 0.01
Epoch 157 time: 111.63465738296509 seconds
Epoch 157 accuracy: 11.2%
Batch 100, Loss: 1.7522
Epoch 158 learning rate: 0.01
Epoch 158 time: 111.65271949768066 seconds
Epoch 158 accuracy: 11.33%
Batch 100, Loss: 1.7522
Epoch 159 learning rate: 0.01
Epoch 159 time: 111.52448391914368 seconds
Epoch 159 accuracy: 11.43%
Batch 100, Loss: 1.7528
Epoch 160 learning rate: 0.01
Epoch 160 time: 111.56394577026367 seconds
Epoch 160 accuracy: 11.13%
Batch 100, Loss: 1.7525
Epoch 161 learning rate: 0.01
Epoch 161 time: 111.72107291221619 seconds
Epoch 161 accuracy: 11.35%
Batch 100, Loss: 1.7525
Epoch 162 learning rate: 0.01
Epoch 162 time: 111.69259881973267 seconds
Epoch 162 accuracy: 11.12%
Batch 100, Loss: 1.7523
Epoch 163 learning rate: 0.01
Epoch 163 time: 111.6569652557373 seconds
Epoch 163 accuracy: 11.21%
Batch 100, Loss: 1.7527
Epoch 164 learning rate: 0.01
Epoch 164 time: 111.6841561794281 seconds
Epoch 164 accuracy: 11.34%
Batch 100, Loss: 1.7526
Epoch 165 learning rate: 0.01
Epoch 165 time: 111.6353030204773 seconds
Epoch 165 accuracy: 11.36%
Batch 100, Loss: 1.7527
Epoch 166 learning rate: 0.01
Epoch 166 time: 111.65997695922852 seconds
Epoch 166 accuracy: 11.25%
Batch 100, Loss: 1.7527
Epoch 167 learning rate: 0.01
Epoch 167 time: 111.49308943748474 seconds
Epoch 167 accuracy: 11.39%
Batch 100, Loss: 1.7531
Epoch 168 learning rate: 0.01
Epoch 168 time: 111.52949643135071 seconds
Epoch 168 accuracy: 11.45%
Batch 100, Loss: 1.7533
Epoch 169 learning rate: 0.01
Epoch 169 time: 111.40645933151245 seconds
Epoch 169 accuracy: 11.4%
Batch 100, Loss: 1.7531
Epoch 170 learning rate: 0.01
Epoch 170 time: 111.56134581565857 seconds
Epoch 170 accuracy: 11.5%
Batch 100, Loss: 1.7533
Epoch 171 learning rate: 0.01
Epoch 171 time: 111.42661643028259 seconds
Epoch 171 accuracy: 11.5%
Batch 100, Loss: 1.7536
Epoch 172 learning rate: 0.01
Epoch 172 time: 111.51307392120361 seconds
Epoch 172 accuracy: 11.51%
Batch 100, Loss: 1.7533
Epoch 173 learning rate: 0.01
Epoch 173 time: 111.55069708824158 seconds
Epoch 173 accuracy: 11.53%
Batch 100, Loss: 1.7531
Epoch 174 learning rate: 0.01
Epoch 174 time: 111.67548179626465 seconds
Epoch 174 accuracy: 11.63%
Batch 100, Loss: 1.7535
Epoch 175 learning rate: 0.01
Epoch 175 time: 111.52025508880615 seconds
Epoch 175 accuracy: 11.52%
Batch 100, Loss: 1.7535
Epoch 176 learning rate: 0.01
Epoch 176 time: 111.50900101661682 seconds
Epoch 176 accuracy: 11.54%
Batch 100, Loss: 1.7535
Epoch 177 learning rate: 0.01
Epoch 177 time: 111.45642185211182 seconds
Epoch 177 accuracy: 11.45%
Batch 100, Loss: 1.7534
Epoch 178 learning rate: 0.01
Epoch 178 time: 111.49469900131226 seconds
Epoch 178 accuracy: 11.36%
Batch 100, Loss: 1.7540
Epoch 179 learning rate: 0.01
Epoch 179 time: 111.52446293830872 seconds
Epoch 179 accuracy: 11.47%
Batch 100, Loss: 1.7537
Epoch 180 learning rate: 0.01
Epoch 180 time: 111.54460310935974 seconds
Epoch 180 accuracy: 11.52%
Batch 100, Loss: 1.7539
Epoch 181 learning rate: 0.01
Epoch 181 time: 111.53712439537048 seconds
Epoch 181 accuracy: 11.44%
Batch 100, Loss: 1.7537
Epoch 182 learning rate: 0.01
Epoch 182 time: 111.43027830123901 seconds
Epoch 182 accuracy: 11.61%
Batch 100, Loss: 1.7540
Epoch 183 learning rate: 0.01
Epoch 183 time: 111.50175881385803 seconds
Epoch 183 accuracy: 11.36%
Batch 100, Loss: 1.7542
Epoch 184 learning rate: 0.01
Epoch 184 time: 111.56493544578552 seconds
Epoch 184 accuracy: 11.32%
Batch 100, Loss: 1.7541
Epoch 185 learning rate: 0.01
Epoch 185 time: 111.57751035690308 seconds
Epoch 185 accuracy: 11.37%
Batch 100, Loss: 1.7539
Epoch 186 learning rate: 0.01
Epoch 186 time: 111.55805039405823 seconds
Epoch 186 accuracy: 11.41%
Batch 100, Loss: 1.7539
Epoch 187 learning rate: 0.01
Epoch 187 time: 111.46194505691528 seconds
Epoch 187 accuracy: 11.43%
Batch 100, Loss: 1.7541
Epoch 188 learning rate: 0.01
Epoch 188 time: 111.48421692848206 seconds
Epoch 188 accuracy: 11.27%
Batch 100, Loss: 1.7545
Epoch 189 learning rate: 0.01
Epoch 189 time: 111.58619379997253 seconds
Epoch 189 accuracy: 11.26%
Batch 100, Loss: 1.7543
Epoch 190 learning rate: 0.01
Epoch 190 time: 111.50219559669495 seconds
Epoch 190 accuracy: 11.21%
Batch 100, Loss: 1.7543
Epoch 191 learning rate: 0.01
Epoch 191 time: 111.48212242126465 seconds
Epoch 191 accuracy: 11.25%
Batch 100, Loss: 1.7542
Epoch 192 learning rate: 0.01
Epoch 192 time: 111.54715466499329 seconds
Epoch 192 accuracy: 11.23%
Batch 100, Loss: 1.7547
Epoch 193 learning rate: 0.01
Epoch 193 time: 111.56392526626587 seconds
Epoch 193 accuracy: 11.17%
Batch 100, Loss: 1.7545
Epoch 194 learning rate: 0.01
Epoch 194 time: 111.52456831932068 seconds
Epoch 194 accuracy: 11.1%
Batch 100, Loss: 1.7548
Epoch 195 learning rate: 0.01
Epoch 195 time: 111.59871053695679 seconds
Epoch 195 accuracy: 11.21%
Batch 100, Loss: 1.7550
Epoch 196 learning rate: 0.01
Epoch 196 time: 111.61357593536377 seconds
Epoch 196 accuracy: 11.05%
Batch 100, Loss: 1.7549
Epoch 197 learning rate: 0.01
Epoch 197 time: 111.49061608314514 seconds
Epoch 197 accuracy: 11.21%
Batch 100, Loss: 1.7548
Epoch 198 learning rate: 0.01
Epoch 198 time: 111.43828201293945 seconds
Epoch 198 accuracy: 11.05%
Batch 100, Loss: 1.7550
Epoch 199 learning rate: 0.01
Epoch 199 time: 111.47155475616455 seconds
Epoch 199 accuracy: 10.96%
Batch 100, Loss: 1.7549
Epoch 200 learning rate: 0.01
Epoch 200 time: 111.49012994766235 seconds
Epoch 200 accuracy: 11.14%
rho:  0.04 , alpha:  0.3
Total training time: 22352.315499305725 seconds
/project/6070520/tkleinkn/Vanilla-GAM/utils/density_plot.py:68: ComplexWarning: Casting complex values to real discards the imaginary part
  density_output[i, j] = np.sum(tmp_result * weights[i, :])
Largest Hessian Eigenvalue: 0.5386
Norm of the Gradient: 6.6849365830e-02
Smallest Hessian Eigenvalue: -0.1408
