The following modules were not unloaded:
  (Use "module --force purge" to unload all):

  1) CCconfig        6)  ucx/1.14.1         11) flexiblas/3.3.1
  2) gentoo/2023     7)  libfabric/1.18.0   12) imkl/2023.2.0
  3) gcccore/.12.3   8)  pmix/4.2.4         13) StdEnv/2023
  4) gcc/12.3        9)  ucc/1.2.0
  5) hwloc/2.9.1     10) openmpi/4.1.5
/project/6070520/tkleinkn/Vanilla-GAM/main_cifar.py:216: UserWarning: You have chosen a specific GPU. This will completely disable data parallelism.
  warnings.warn('You have chosen a specific GPU. This will completely '
model name space ['resnet101_c', 'resnet152_c', 'resnet18_c', 'resnet34_c', 'resnet50_c']
Use GPU: 0 for training
=> creating model 'resnet18_c'
Files already downloaded and verified
Files already downloaded and verified
tensorboard dir ./results/CIFAR10/GAMNonAccelerated/basicaug/lr-0.1/batchsize-128/2024-08-06-14:31:56
Using non-accelerated GAM
/home/tkleinkn/GAMtest/lib/python3.11/site-packages/torch/autograd/graph.py:744: UserWarning: Using backward() with create_graph=True will create a reference cycle between the parameter and its gradient which can cause a memory leak. We recommend using autograd.grad when creating the graph to avoid this. If you have to use this function, make sure to reset the .grad fields of your parameters to None after use to break the cycle and avoid the leak. (Triggered internally at /home/coulombc/wheels_builder/tmp.2617/python-3.11/torch/torch/csrc/autograd/engine.cpp:1203.)
  return Variable._execution_engine.run_backward(  # Calls into the C++ engine to run the backward pass
Batch 100, Loss: 2.0965
Batch 200, Loss: 1.4527
Batch 300, Loss: 1.3183
Epoch 1 learning rate: 0.09999383162408304
Epoch 1 time: 247.4690613746643 seconds
Epoch 1 accuracy: 40.23%
Batch 100, Loss: 1.2032
Batch 200, Loss: 1.1424
Batch 300, Loss: 1.0765
Epoch 2 learning rate: 0.09997532801828658
Epoch 2 time: 236.15760397911072 seconds
Epoch 2 accuracy: 52.84%
Batch 100, Loss: 0.9915
Batch 200, Loss: 0.9419
Batch 300, Loss: 0.8842
Epoch 3 learning rate: 0.09994449374809851
Epoch 3 time: 235.86930084228516 seconds
Epoch 3 accuracy: 61.04%
Batch 100, Loss: 0.8029
Batch 200, Loss: 0.7862
Batch 300, Loss: 0.7491
Epoch 4 learning rate: 0.09990133642141359
Epoch 4 time: 235.93463444709778 seconds
Epoch 4 accuracy: 65.8%
Batch 100, Loss: 0.6968
Batch 200, Loss: 0.6666
Batch 300, Loss: 0.6571
Epoch 5 learning rate: 0.09984586668665642
Epoch 5 time: 235.7843964099884 seconds
Epoch 5 accuracy: 68.6%
Batch 100, Loss: 0.5877
Batch 200, Loss: 0.5806
Batch 300, Loss: 0.5623
Epoch 6 learning rate: 0.09977809823015402
Epoch 6 time: 235.8468885421753 seconds
Epoch 6 accuracy: 74.17%
Batch 100, Loss: 0.5283
Batch 200, Loss: 0.5040
Batch 300, Loss: 0.4966
Epoch 7 learning rate: 0.09969804777275901
Epoch 7 time: 235.67914962768555 seconds
Epoch 7 accuracy: 76.42%
Batch 100, Loss: 0.4706
Batch 200, Loss: 0.4629
Batch 300, Loss: 0.4642
Epoch 8 learning rate: 0.09960573506572391
Epoch 8 time: 235.64269852638245 seconds
Epoch 8 accuracy: 79.19%
Batch 100, Loss: 0.4219
Batch 200, Loss: 0.4304
Batch 300, Loss: 0.4303
Epoch 9 learning rate: 0.09950118288582789
Epoch 9 time: 235.76538848876953 seconds
Epoch 9 accuracy: 78.1%
Batch 100, Loss: 0.4118
Batch 200, Loss: 0.3998
Batch 300, Loss: 0.3860
Epoch 10 learning rate: 0.09938441702975691
Epoch 10 time: 235.6965844631195 seconds
Epoch 10 accuracy: 79.13%
Batch 100, Loss: 0.3945
Batch 200, Loss: 0.3813
Batch 300, Loss: 0.3858
Epoch 11 learning rate: 0.09925546630773871
Epoch 11 time: 235.82147407531738 seconds
Epoch 11 accuracy: 77.28%
Batch 100, Loss: 0.3722
Batch 200, Loss: 0.3624
Batch 300, Loss: 0.3615
Epoch 12 learning rate: 0.09911436253643445
Epoch 12 time: 235.70588374137878 seconds
Epoch 12 accuracy: 82.46%
Batch 100, Loss: 0.3498
Batch 200, Loss: 0.3635
Batch 300, Loss: 0.3656
Epoch 13 learning rate: 0.0989611405310883
Epoch 13 time: 236.4178683757782 seconds
Epoch 13 accuracy: 80.44%
Batch 100, Loss: 0.3335
Batch 200, Loss: 0.3589
Batch 300, Loss: 0.3317
Epoch 14 learning rate: 0.09879583809693739
Epoch 14 time: 235.6767156124115 seconds
Epoch 14 accuracy: 81.05%
Batch 100, Loss: 0.3193
Batch 200, Loss: 0.3356
Batch 300, Loss: 0.3371
Epoch 15 learning rate: 0.09861849601988384
Epoch 15 time: 235.74401116371155 seconds
Epoch 15 accuracy: 81.01%
Batch 100, Loss: 0.3202
Batch 200, Loss: 0.3288
Batch 300, Loss: 0.3222
Epoch 16 learning rate: 0.09842915805643157
Epoch 16 time: 235.75998330116272 seconds
Epoch 16 accuracy: 82.12%
Batch 100, Loss: 0.3102
Batch 200, Loss: 0.3162
Batch 300, Loss: 0.3264
Epoch 17 learning rate: 0.09822787092288993
Epoch 17 time: 236.21276998519897 seconds
Epoch 17 accuracy: 85.24%
Batch 100, Loss: 0.3019
Batch 200, Loss: 0.3032
Batch 300, Loss: 0.3075
Epoch 18 learning rate: 0.09801468428384717
Epoch 18 time: 235.84817242622375 seconds
Epoch 18 accuracy: 83.58%
Batch 100, Loss: 0.2907
Batch 200, Loss: 0.2970
Batch 300, Loss: 0.3121
Epoch 19 learning rate: 0.09778965073991652
Epoch 19 time: 235.74820947647095 seconds
Epoch 19 accuracy: 84.38%
Batch 100, Loss: 0.2895
Batch 200, Loss: 0.2926
Batch 300, Loss: 0.3026
Epoch 20 learning rate: 0.0975528258147577
Epoch 20 time: 235.8075795173645 seconds
Epoch 20 accuracy: 85.35%
Batch 100, Loss: 0.2895
Batch 200, Loss: 0.2779
Batch 300, Loss: 0.2877
Epoch 21 learning rate: 0.09730426794137728
Epoch 21 time: 235.75611782073975 seconds
Epoch 21 accuracy: 84.78%
Batch 100, Loss: 0.2735
Batch 200, Loss: 0.2882
Batch 300, Loss: 0.2864
Epoch 22 learning rate: 0.09704403844771128
Epoch 22 time: 235.8613245487213 seconds
Epoch 22 accuracy: 86.06%
Batch 100, Loss: 0.2666
Batch 200, Loss: 0.2944
Batch 300, Loss: 0.2836
Epoch 23 learning rate: 0.09677220154149338
Epoch 23 time: 235.66147565841675 seconds
Epoch 23 accuracy: 86.27%
Batch 100, Loss: 0.2713
Batch 200, Loss: 0.2737
Batch 300, Loss: 0.2702
Epoch 24 learning rate: 0.09648882429441258
Epoch 24 time: 235.6593382358551 seconds
Epoch 24 accuracy: 85.62%
Batch 100, Loss: 0.2583
Batch 200, Loss: 0.2676
Batch 300, Loss: 0.2750
Epoch 25 learning rate: 0.09619397662556435
Epoch 25 time: 235.71513748168945 seconds
Epoch 25 accuracy: 80.55%
Batch 100, Loss: 0.2592
Batch 200, Loss: 0.2603
Batch 300, Loss: 0.2586
Epoch 26 learning rate: 0.09588773128419906
Epoch 26 time: 235.75098967552185 seconds
Epoch 26 accuracy: 83.8%
Batch 100, Loss: 0.2601
Batch 200, Loss: 0.2572
Batch 300, Loss: 0.2733
Epoch 27 learning rate: 0.09557016383177226
Epoch 27 time: 235.74346899986267 seconds
Epoch 27 accuracy: 85.15%
Batch 100, Loss: 0.2607
Batch 200, Loss: 0.2602
Batch 300, Loss: 0.2781
Epoch 28 learning rate: 0.09524135262330098
Epoch 28 time: 235.81918811798096 seconds
Epoch 28 accuracy: 86.09%
Batch 100, Loss: 0.2479
Batch 200, Loss: 0.2736
Batch 300, Loss: 0.2571
Epoch 29 learning rate: 0.09490137878803079
Epoch 29 time: 235.73682689666748 seconds
Epoch 29 accuracy: 81.89%
Batch 100, Loss: 0.2436
Batch 200, Loss: 0.2631
Batch 300, Loss: 0.2662
Epoch 30 learning rate: 0.0945503262094184
Epoch 30 time: 235.72569298744202 seconds
Epoch 30 accuracy: 84.02%
Batch 100, Loss: 0.2443
Batch 200, Loss: 0.2632
Batch 300, Loss: 0.2635
Epoch 31 learning rate: 0.0941882815044347
Epoch 31 time: 235.7365529537201 seconds
Epoch 31 accuracy: 86.98%
Batch 100, Loss: 0.2426
Batch 200, Loss: 0.2521
Batch 300, Loss: 0.2584
Epoch 32 learning rate: 0.09381533400219319
Epoch 32 time: 235.64599871635437 seconds
Epoch 32 accuracy: 86.67%
Batch 100, Loss: 0.2354
Batch 200, Loss: 0.2599
Batch 300, Loss: 0.2340
Epoch 33 learning rate: 0.09343157572190958
Epoch 33 time: 235.76136183738708 seconds
Epoch 33 accuracy: 84.22%
Batch 100, Loss: 0.2447
Batch 200, Loss: 0.2470
Batch 300, Loss: 0.2481
Epoch 34 learning rate: 0.0930371013501972
Epoch 34 time: 235.66862869262695 seconds
Epoch 34 accuracy: 87.13%
Batch 100, Loss: 0.2256
Batch 200, Loss: 0.2492
Batch 300, Loss: 0.2524
Epoch 35 learning rate: 0.09263200821770463
Epoch 35 time: 235.7167935371399 seconds
Epoch 35 accuracy: 82.71%
Batch 100, Loss: 0.2383
Batch 200, Loss: 0.2409
Batch 300, Loss: 0.2396
Epoch 36 learning rate: 0.09221639627510078
Epoch 36 time: 235.71538591384888 seconds
Epoch 36 accuracy: 83.62%
Batch 100, Loss: 0.2309
Batch 200, Loss: 0.2466
Batch 300, Loss: 0.2339
Epoch 37 learning rate: 0.09179036806841355
Epoch 37 time: 235.70163130760193 seconds
Epoch 37 accuracy: 85.37%
Batch 100, Loss: 0.2329
Batch 200, Loss: 0.2429
Batch 300, Loss: 0.2391
Epoch 38 learning rate: 0.09135402871372812
Epoch 38 time: 235.67528104782104 seconds
Epoch 38 accuracy: 86.74%
Batch 100, Loss: 0.2303
Batch 200, Loss: 0.2348
Batch 300, Loss: 0.2398
Epoch 39 learning rate: 0.0909074858712512
Epoch 39 time: 235.67168378829956 seconds
Epoch 39 accuracy: 81.07%
Batch 100, Loss: 0.2280
Batch 200, Loss: 0.2263
Batch 300, Loss: 0.2468
Epoch 40 learning rate: 0.09045084971874741
Epoch 40 time: 235.72388243675232 seconds
Epoch 40 accuracy: 85.1%
Batch 100, Loss: 0.2284
Batch 200, Loss: 0.2403
Batch 300, Loss: 0.2360
Epoch 41 learning rate: 0.08998423292435458
Epoch 41 time: 235.68823266029358 seconds
Epoch 41 accuracy: 87.48%
Batch 100, Loss: 0.2264
Batch 200, Loss: 0.2319
Batch 300, Loss: 0.2326
Epoch 42 learning rate: 0.08950775061878455
Epoch 42 time: 235.74857664108276 seconds
Epoch 42 accuracy: 87.7%
Batch 100, Loss: 0.2206
Batch 200, Loss: 0.2239
Batch 300, Loss: 0.2351
Epoch 43 learning rate: 0.08902152036691653
Epoch 43 time: 235.6985743045807 seconds
Epoch 43 accuracy: 84.06%
Batch 100, Loss: 0.2161
Batch 200, Loss: 0.2231
Batch 300, Loss: 0.2444
Epoch 44 learning rate: 0.08852566213878951
Epoch 44 time: 235.7115888595581 seconds
Epoch 44 accuracy: 87.33%
Batch 100, Loss: 0.2227
Batch 200, Loss: 0.2334
Batch 300, Loss: 0.2286
Epoch 45 learning rate: 0.0880202982800016
Epoch 45 time: 235.70975542068481 seconds
Epoch 45 accuracy: 84.6%
Batch 100, Loss: 0.2206
Batch 200, Loss: 0.2241
Batch 300, Loss: 0.2230
Epoch 46 learning rate: 0.08750555348152303
Epoch 46 time: 235.70834851264954 seconds
Epoch 46 accuracy: 86.96%
Batch 100, Loss: 0.2146
Batch 200, Loss: 0.2287
Batch 300, Loss: 0.2276
Epoch 47 learning rate: 0.08698155474893052
Epoch 47 time: 235.67424988746643 seconds
Epoch 47 accuracy: 87.74%
Batch 100, Loss: 0.2096
Batch 200, Loss: 0.2241
Batch 300, Loss: 0.2165
Epoch 48 learning rate: 0.08644843137107061
Epoch 48 time: 235.73015236854553 seconds
Epoch 48 accuracy: 86.99%
Batch 100, Loss: 0.1984
Batch 200, Loss: 0.2184
Batch 300, Loss: 0.2360
Epoch 49 learning rate: 0.08590631488815947
Epoch 49 time: 235.69186353683472 seconds
Epoch 49 accuracy: 84.55%
Batch 100, Loss: 0.2089
Batch 200, Loss: 0.2301
Batch 300, Loss: 0.2178
Epoch 50 learning rate: 0.0853553390593274
Epoch 50 time: 235.7561228275299 seconds
Epoch 50 accuracy: 87.67%
Batch 100, Loss: 0.2182
Batch 200, Loss: 0.2087
Batch 300, Loss: 0.2155
Epoch 51 learning rate: 0.08479563982961574
Epoch 51 time: 235.70324039459229 seconds
Epoch 51 accuracy: 87.26%
Batch 100, Loss: 0.2079
Batch 200, Loss: 0.2114
Batch 300, Loss: 0.2283
Epoch 52 learning rate: 0.08422735529643446
Epoch 52 time: 235.6954824924469 seconds
Epoch 52 accuracy: 88.15%
Batch 100, Loss: 0.2177
Batch 200, Loss: 0.2104
Batch 300, Loss: 0.2133
Epoch 53 learning rate: 0.08365062567548869
Epoch 53 time: 235.71556448936462 seconds
Epoch 53 accuracy: 82.04%
Batch 100, Loss: 0.2057
Batch 200, Loss: 0.2083
Batch 300, Loss: 0.2085
Epoch 54 learning rate: 0.08306559326618261
Epoch 54 time: 235.71585488319397 seconds
Epoch 54 accuracy: 87.85%
Batch 100, Loss: 0.2147
Batch 200, Loss: 0.2078
Batch 300, Loss: 0.2174
Epoch 55 learning rate: 0.0824724024165092
Epoch 55 time: 235.69444966316223 seconds
Epoch 55 accuracy: 87.86%
Batch 100, Loss: 0.2169
Batch 200, Loss: 0.2048
Batch 300, Loss: 0.2089
Epoch 56 learning rate: 0.0818711994874345
Epoch 56 time: 235.7079553604126 seconds
Epoch 56 accuracy: 86.56%
Batch 100, Loss: 0.2050
Batch 200, Loss: 0.2034
Batch 300, Loss: 0.2074
Epoch 57 learning rate: 0.08126213281678528
Epoch 57 time: 235.70773911476135 seconds
Epoch 57 accuracy: 85.92%
Batch 100, Loss: 0.1925
Batch 200, Loss: 0.2116
Batch 300, Loss: 0.2104
Epoch 58 learning rate: 0.08064535268264884
Epoch 58 time: 235.75319480895996 seconds
Epoch 58 accuracy: 85.92%
Batch 100, Loss: 0.1931
Batch 200, Loss: 0.1986
Batch 300, Loss: 0.2056
Epoch 59 learning rate: 0.08002101126629421
Epoch 59 time: 235.72399067878723 seconds
Epoch 59 accuracy: 88.33%
Batch 100, Loss: 0.1915
Batch 200, Loss: 0.2053
Batch 300, Loss: 0.2040
Epoch 60 learning rate: 0.07938926261462367
Epoch 60 time: 235.76270270347595 seconds
Epoch 60 accuracy: 87.2%
Batch 100, Loss: 0.1975
Batch 200, Loss: 0.2036
Batch 300, Loss: 0.2039
Epoch 61 learning rate: 0.07875026260216395
Epoch 61 time: 235.76403713226318 seconds
Epoch 61 accuracy: 87.11%
Batch 100, Loss: 0.1859
Batch 200, Loss: 0.2052
Batch 300, Loss: 0.2007
Epoch 62 learning rate: 0.07810416889260656
Epoch 62 time: 235.6922745704651 seconds
Epoch 62 accuracy: 88.34%
Batch 100, Loss: 0.1951
Batch 200, Loss: 0.1891
Batch 300, Loss: 0.1966
Epoch 63 learning rate: 0.07745114089990661
Epoch 63 time: 235.69582533836365 seconds
Epoch 63 accuracy: 84.88%
Batch 100, Loss: 0.1855
Batch 200, Loss: 0.2039
Batch 300, Loss: 0.2045
Epoch 64 learning rate: 0.07679133974894985
Epoch 64 time: 235.76799297332764 seconds
Epoch 64 accuracy: 87.09%
Batch 100, Loss: 0.1863
Batch 200, Loss: 0.1977
Batch 300, Loss: 0.1925
Epoch 65 learning rate: 0.07612492823579746
Epoch 65 time: 235.6942698955536 seconds
Epoch 65 accuracy: 88.5%
Batch 100, Loss: 0.1905
Batch 200, Loss: 0.1875
Batch 300, Loss: 0.1966
Epoch 66 learning rate: 0.07545207078751859
Epoch 66 time: 235.77928590774536 seconds
Epoch 66 accuracy: 87.62%
Batch 100, Loss: 0.1772
Batch 200, Loss: 0.1944
Batch 300, Loss: 0.1965
Epoch 67 learning rate: 0.0747729334216204
Epoch 67 time: 235.69843983650208 seconds
Epoch 67 accuracy: 84.28%
Batch 100, Loss: 0.1749
Batch 200, Loss: 0.1937
Batch 300, Loss: 0.1928
Epoch 68 learning rate: 0.07408768370508578
Epoch 68 time: 235.94156789779663 seconds
Epoch 68 accuracy: 86.57%
Batch 100, Loss: 0.1721
Batch 200, Loss: 0.1987
Batch 300, Loss: 0.1975
Epoch 69 learning rate: 0.0733964907130287
Epoch 69 time: 235.69494676589966 seconds
Epoch 69 accuracy: 86.7%
Batch 100, Loss: 0.1802
Batch 200, Loss: 0.1884
Batch 300, Loss: 0.1877
Epoch 70 learning rate: 0.07269952498697736
Epoch 70 time: 235.72029423713684 seconds
Epoch 70 accuracy: 89.4%
Batch 100, Loss: 0.1789
Batch 200, Loss: 0.1820
Batch 300, Loss: 0.1895
Epoch 71 learning rate: 0.07199695849279578
Epoch 71 time: 235.71546053886414 seconds
Epoch 71 accuracy: 86.95%
Batch 100, Loss: 0.1753
Batch 200, Loss: 0.1784
Batch 300, Loss: 0.1957
Epoch 72 learning rate: 0.07128896457825366
Epoch 72 time: 235.7337784767151 seconds
Epoch 72 accuracy: 88.39%
Batch 100, Loss: 0.1792
Batch 200, Loss: 0.1784
Batch 300, Loss: 0.1871
Epoch 73 learning rate: 0.07057571793025548
Epoch 73 time: 235.6574649810791 seconds
Epoch 73 accuracy: 88.04%
Batch 100, Loss: 0.1735
Batch 200, Loss: 0.1828
Batch 300, Loss: 0.1823
Epoch 74 learning rate: 0.06985739453173906
Epoch 74 time: 235.64706945419312 seconds
Epoch 74 accuracy: 88.97%
Batch 100, Loss: 0.1761
Batch 200, Loss: 0.1866
Batch 300, Loss: 0.1808
Epoch 75 learning rate: 0.06913417161825453
Epoch 75 time: 235.67202186584473 seconds
Epoch 75 accuracy: 87.67%
Batch 100, Loss: 0.1629
Batch 200, Loss: 0.1804
Batch 300, Loss: 0.1887
Epoch 76 learning rate: 0.06840622763423394
Epoch 76 time: 235.69673919677734 seconds
Epoch 76 accuracy: 87.45%
Batch 100, Loss: 0.1693
Batch 200, Loss: 0.1745
Batch 300, Loss: 0.1907
Epoch 77 learning rate: 0.0676737421889629
Epoch 77 time: 235.74492406845093 seconds
Epoch 77 accuracy: 87.1%
Batch 100, Loss: 0.1676
Batch 200, Loss: 0.1699
Batch 300, Loss: 0.1743
Epoch 78 learning rate: 0.06693689601226462
Epoch 78 time: 235.78818941116333 seconds
Epoch 78 accuracy: 87.91%
Batch 100, Loss: 0.1697
Batch 200, Loss: 0.1707
Batch 300, Loss: 0.1738
Epoch 79 learning rate: 0.06619587090990751
Epoch 79 time: 235.74179697036743 seconds
Epoch 79 accuracy: 85.27%
Batch 100, Loss: 0.1695
Batch 200, Loss: 0.1656
Batch 300, Loss: 0.1785
Epoch 80 learning rate: 0.06545084971874741
Epoch 80 time: 235.75528120994568 seconds
Epoch 80 accuracy: 88.26%
Batch 100, Loss: 0.1624
Batch 200, Loss: 0.1653
Batch 300, Loss: 0.1714
Epoch 81 learning rate: 0.06470201626161524
Epoch 81 time: 235.79288792610168 seconds
Epoch 81 accuracy: 89.46%
Batch 100, Loss: 0.1600
Batch 200, Loss: 0.1715
Batch 300, Loss: 0.1669
Epoch 82 learning rate: 0.06394955530196152
Epoch 82 time: 235.64246487617493 seconds
Epoch 82 accuracy: 86.67%
Batch 100, Loss: 0.1510
Batch 200, Loss: 0.1699
Batch 300, Loss: 0.1694
Epoch 83 learning rate: 0.06319365249826868
Epoch 83 time: 235.65172290802002 seconds
Epoch 83 accuracy: 88.45%
Batch 100, Loss: 0.1480
Batch 200, Loss: 0.1641
Batch 300, Loss: 0.1662
Epoch 84 learning rate: 0.06243449435824277
Epoch 84 time: 235.72952890396118 seconds
Epoch 84 accuracy: 89.0%
Batch 100, Loss: 0.1613
Batch 200, Loss: 0.1627
Batch 300, Loss: 0.1634
Epoch 85 learning rate: 0.06167226819279532
Epoch 85 time: 235.74361896514893 seconds
Epoch 85 accuracy: 86.73%
Batch 100, Loss: 0.1541
Batch 200, Loss: 0.1715
Batch 300, Loss: 0.1614
Epoch 86 learning rate: 0.06090716206982718
Epoch 86 time: 235.6876654624939 seconds
Epoch 86 accuracy: 89.88%
Batch 100, Loss: 0.1462
Batch 200, Loss: 0.1553
Batch 300, Loss: 0.1719
Epoch 87 learning rate: 0.06013936476782568
Epoch 87 time: 235.71885681152344 seconds
Epoch 87 accuracy: 90.27%
Batch 100, Loss: 0.1519
Batch 200, Loss: 0.1531
Batch 300, Loss: 0.1603
Epoch 88 learning rate: 0.05936906572928629
Epoch 88 time: 235.66642022132874 seconds
Epoch 88 accuracy: 88.97%
Batch 100, Loss: 0.1418
Batch 200, Loss: 0.1654
Batch 300, Loss: 0.1607
Epoch 89 learning rate: 0.05859645501397052
Epoch 89 time: 235.70637941360474 seconds
Epoch 89 accuracy: 88.62%
Batch 100, Loss: 0.1444
Batch 200, Loss: 0.1482
Batch 300, Loss: 0.1628
Epoch 90 learning rate: 0.05782172325201159
Epoch 90 time: 235.74572777748108 seconds
Epoch 90 accuracy: 89.84%
Batch 100, Loss: 0.1377
Batch 200, Loss: 0.1488
Batch 300, Loss: 0.1559
Epoch 91 learning rate: 0.057045061596879186
Epoch 91 time: 235.65959763526917 seconds
Epoch 91 accuracy: 89.12%
Batch 100, Loss: 0.1434
Batch 200, Loss: 0.1436
Batch 300, Loss: 0.1536
Epoch 92 learning rate: 0.056266661678215264
Epoch 92 time: 235.67791557312012 seconds
Epoch 92 accuracy: 88.85%
Batch 100, Loss: 0.1512
Batch 200, Loss: 0.1460
Batch 300, Loss: 0.1539
Epoch 93 learning rate: 0.055486715554552306
Epoch 93 time: 235.7006185054779 seconds
Epoch 93 accuracy: 88.84%
Batch 100, Loss: 0.1343
Batch 200, Loss: 0.1493
Batch 300, Loss: 0.1557
Epoch 94 learning rate: 0.05470541566592575
Epoch 94 time: 235.7438383102417 seconds
Epoch 94 accuracy: 89.11%
Batch 100, Loss: 0.1413
Batch 200, Loss: 0.1402
Batch 300, Loss: 0.1496
Epoch 95 learning rate: 0.05392295478639229
Epoch 95 time: 235.68332052230835 seconds
Epoch 95 accuracy: 90.62%
Batch 100, Loss: 0.1290
Batch 200, Loss: 0.1354
Batch 300, Loss: 0.1477
Epoch 96 learning rate: 0.05313952597646571
Epoch 96 time: 235.71573519706726 seconds
Epoch 96 accuracy: 88.61%
Batch 100, Loss: 0.1368
Batch 200, Loss: 0.1331
Batch 300, Loss: 0.1466
Epoch 97 learning rate: 0.05235532253548216
Epoch 97 time: 235.70525407791138 seconds
Epoch 97 accuracy: 86.39%
Batch 100, Loss: 0.1271
Batch 200, Loss: 0.1423
Batch 300, Loss: 0.1377
Epoch 98 learning rate: 0.051570537953906447
Epoch 98 time: 235.78550219535828 seconds
Epoch 98 accuracy: 86.55%
Batch 100, Loss: 0.1293
Batch 200, Loss: 0.1370
Batch 300, Loss: 0.1453
Epoch 99 learning rate: 0.05078536586559106
Epoch 99 time: 235.7293574810028 seconds
Epoch 99 accuracy: 90.84%
Batch 100, Loss: 0.1221
Batch 200, Loss: 0.1390
Batch 300, Loss: 0.1388
Epoch 100 learning rate: 0.050000000000000024
Epoch 100 time: 235.753821849823 seconds
Epoch 100 accuracy: 89.71%
Batch 100, Loss: 0.1240
Batch 200, Loss: 0.1319
Batch 300, Loss: 0.1403
Epoch 101 learning rate: 0.049214634134409
Epoch 101 time: 235.68771076202393 seconds
Epoch 101 accuracy: 90.36%
Batch 100, Loss: 0.1255
Batch 200, Loss: 0.1329
Batch 300, Loss: 0.1311
Epoch 102 learning rate: 0.04842946204609361
Epoch 102 time: 235.73338913917542 seconds
Epoch 102 accuracy: 91.53%
Batch 100, Loss: 0.1208
Batch 200, Loss: 0.1263
Batch 300, Loss: 0.1321
Epoch 103 learning rate: 0.04764467746451789
Epoch 103 time: 235.71365809440613 seconds
Epoch 103 accuracy: 90.2%
Batch 100, Loss: 0.1188
Batch 200, Loss: 0.1308
Batch 300, Loss: 0.1287
Epoch 104 learning rate: 0.046860474023534354
Epoch 104 time: 235.72120666503906 seconds
Epoch 104 accuracy: 88.47%
Batch 100, Loss: 0.1108
Batch 200, Loss: 0.1242
Batch 300, Loss: 0.1271
Epoch 105 learning rate: 0.04607704521360778
Epoch 105 time: 235.65392875671387 seconds
Epoch 105 accuracy: 89.31%
Batch 100, Loss: 0.1136
Batch 200, Loss: 0.1188
Batch 300, Loss: 0.1212
Epoch 106 learning rate: 0.04529458433407431
Epoch 106 time: 235.64536809921265 seconds
Epoch 106 accuracy: 90.35%
Batch 100, Loss: 0.1133
Batch 200, Loss: 0.1157
Batch 300, Loss: 0.1237
Epoch 107 learning rate: 0.04451328444544776
Epoch 107 time: 235.71902918815613 seconds
Epoch 107 accuracy: 90.82%
Batch 100, Loss: 0.1208
Batch 200, Loss: 0.1243
Batch 300, Loss: 0.1175
Epoch 108 learning rate: 0.04373333832178482
Epoch 108 time: 235.767831325531 seconds
Epoch 108 accuracy: 90.14%
Batch 100, Loss: 0.1139
Batch 200, Loss: 0.1144
Batch 300, Loss: 0.1254
Epoch 109 learning rate: 0.0429549384031209
Epoch 109 time: 235.68808484077454 seconds
Epoch 109 accuracy: 89.71%
Batch 100, Loss: 0.1030
Batch 200, Loss: 0.1053
Batch 300, Loss: 0.1130
Epoch 110 learning rate: 0.042178276747988484
Epoch 110 time: 235.73328232765198 seconds
Epoch 110 accuracy: 90.18%
Batch 100, Loss: 0.1051
Batch 200, Loss: 0.1111
Batch 300, Loss: 0.1172
Epoch 111 learning rate: 0.04140354498602954
Epoch 111 time: 235.7647521495819 seconds
Epoch 111 accuracy: 89.89%
Batch 100, Loss: 0.0963
Batch 200, Loss: 0.1021
Batch 300, Loss: 0.1114
Epoch 112 learning rate: 0.0406309342707138
Epoch 112 time: 235.7058069705963 seconds
Epoch 112 accuracy: 90.88%
Batch 100, Loss: 0.1053
Batch 200, Loss: 0.1047
Batch 300, Loss: 0.1045
Epoch 113 learning rate: 0.03986063523217441
Epoch 113 time: 235.68305349349976 seconds
Epoch 113 accuracy: 90.38%
Batch 100, Loss: 0.0942
Batch 200, Loss: 0.0984
Batch 300, Loss: 0.1082
Epoch 114 learning rate: 0.039092837930172916
Epoch 114 time: 235.69225907325745 seconds
Epoch 114 accuracy: 91.09%
Batch 100, Loss: 0.0902
Batch 200, Loss: 0.1022
Batch 300, Loss: 0.1052
Epoch 115 learning rate: 0.03832773180720475
Epoch 115 time: 235.75545120239258 seconds
Epoch 115 accuracy: 90.74%
Batch 100, Loss: 0.0913
Batch 200, Loss: 0.1053
Batch 300, Loss: 0.1122
Epoch 116 learning rate: 0.037565505641757285
Epoch 116 time: 235.6770486831665 seconds
Epoch 116 accuracy: 89.71%
Batch 100, Loss: 0.0958
Batch 200, Loss: 0.0924
Batch 300, Loss: 0.0995
Epoch 117 learning rate: 0.03680634750173138
Epoch 117 time: 235.69431161880493 seconds
Epoch 117 accuracy: 90.92%
Batch 100, Loss: 0.0941
Batch 200, Loss: 0.0920
Batch 300, Loss: 0.0942
Epoch 118 learning rate: 0.036050444698038565
Epoch 118 time: 235.6869878768921 seconds
Epoch 118 accuracy: 90.04%
Batch 100, Loss: 0.0933
Batch 200, Loss: 0.0910
Batch 300, Loss: 0.0971
Epoch 119 learning rate: 0.03529798373838483
Epoch 119 time: 235.6938157081604 seconds
Epoch 119 accuracy: 90.43%
Batch 100, Loss: 0.0835
Batch 200, Loss: 0.0886
Batch 300, Loss: 0.0902
Epoch 120 learning rate: 0.03454915028125267
Epoch 120 time: 235.735524892807 seconds
Epoch 120 accuracy: 91.65%
Batch 100, Loss: 0.0825
Batch 200, Loss: 0.0920
Batch 300, Loss: 0.0965
Epoch 121 learning rate: 0.03380412909009255
Epoch 121 time: 235.7286353111267 seconds
Epoch 121 accuracy: 91.21%
Batch 100, Loss: 0.0817
Batch 200, Loss: 0.0874
Batch 300, Loss: 0.0876
Epoch 122 learning rate: 0.03306310398773545
Epoch 122 time: 235.70268630981445 seconds
Epoch 122 accuracy: 91.45%
Batch 100, Loss: 0.0737
Batch 200, Loss: 0.0886
Batch 300, Loss: 0.0864
Epoch 123 learning rate: 0.03232625781103717
Epoch 123 time: 235.8360025882721 seconds
Epoch 123 accuracy: 91.72%
Batch 100, Loss: 0.0727
Batch 200, Loss: 0.0823
Batch 300, Loss: 0.0805
Epoch 124 learning rate: 0.03159377236576613
Epoch 124 time: 235.75408244132996 seconds
Epoch 124 accuracy: 90.05%
Batch 100, Loss: 0.0745
Batch 200, Loss: 0.0843
Batch 300, Loss: 0.0841
Epoch 125 learning rate: 0.030865828381745543
Epoch 125 time: 235.7100887298584 seconds
Epoch 125 accuracy: 92.42%
Batch 100, Loss: 0.0731
Batch 200, Loss: 0.0709
Batch 300, Loss: 0.0754
Epoch 126 learning rate: 0.03014260546826098
Epoch 126 time: 235.7174220085144 seconds
Epoch 126 accuracy: 91.02%
Batch 100, Loss: 0.0733
Batch 200, Loss: 0.0699
Batch 300, Loss: 0.0756
Epoch 127 learning rate: 0.02942428206974458
Epoch 127 time: 235.74839615821838 seconds
Epoch 127 accuracy: 92.75%
Batch 100, Loss: 0.0670
Batch 200, Loss: 0.0678
Batch 300, Loss: 0.0772
Epoch 128 learning rate: 0.028711035421746387
Epoch 128 time: 235.73091888427734 seconds
Epoch 128 accuracy: 92.32%
Batch 100, Loss: 0.0623
Batch 200, Loss: 0.0734
Batch 300, Loss: 0.0813
Epoch 129 learning rate: 0.02800304150720426
Epoch 129 time: 235.73321843147278 seconds
Epoch 129 accuracy: 90.48%
Batch 100, Loss: 0.0645
Batch 200, Loss: 0.0651
Batch 300, Loss: 0.0763
Epoch 130 learning rate: 0.02730047501302268
Epoch 130 time: 235.78840684890747 seconds
Epoch 130 accuracy: 91.73%
Batch 100, Loss: 0.0624
Batch 200, Loss: 0.0621
Batch 300, Loss: 0.0719
Epoch 131 learning rate: 0.026603509286971357
Epoch 131 time: 235.62098932266235 seconds
Epoch 131 accuracy: 92.04%
Batch 100, Loss: 0.0597
Batch 200, Loss: 0.0742
Batch 300, Loss: 0.0639
Epoch 132 learning rate: 0.025912316294914244
Epoch 132 time: 235.6781723499298 seconds
Epoch 132 accuracy: 90.93%
Batch 100, Loss: 0.0608
Batch 200, Loss: 0.0580
Batch 300, Loss: 0.0604
Epoch 133 learning rate: 0.025227066578379632
Epoch 133 time: 235.7073051929474 seconds
Epoch 133 accuracy: 92.62%
Batch 100, Loss: 0.0485
Batch 200, Loss: 0.0531
Batch 300, Loss: 0.0616
Epoch 134 learning rate: 0.024547929212481445
Epoch 134 time: 235.68324518203735 seconds
Epoch 134 accuracy: 92.28%
Batch 100, Loss: 0.0521
Batch 200, Loss: 0.0575
Batch 300, Loss: 0.0551
Epoch 135 learning rate: 0.02387507176420257
Epoch 135 time: 235.7197265625 seconds
Epoch 135 accuracy: 91.82%
Batch 100, Loss: 0.0570
Batch 200, Loss: 0.0589
Batch 300, Loss: 0.0516
Epoch 136 learning rate: 0.023208660251050166
Epoch 136 time: 235.78817343711853 seconds
Epoch 136 accuracy: 92.69%
Batch 100, Loss: 0.0524
Batch 200, Loss: 0.0517
Batch 300, Loss: 0.0546
Epoch 137 learning rate: 0.022548859100093414
Epoch 137 time: 235.7534475326538 seconds
Epoch 137 accuracy: 92.68%
Batch 100, Loss: 0.0459
Batch 200, Loss: 0.0497
Batch 300, Loss: 0.0470
Epoch 138 learning rate: 0.021895831107393474
Epoch 138 time: 235.78151965141296 seconds
Epoch 138 accuracy: 93.03%
Batch 100, Loss: 0.0408
Batch 200, Loss: 0.0424
Batch 300, Loss: 0.0429
Epoch 139 learning rate: 0.02124973739783608
Epoch 139 time: 235.72347736358643 seconds
Epoch 139 accuracy: 90.56%
Batch 100, Loss: 0.0440
Batch 200, Loss: 0.0418
Batch 300, Loss: 0.0489
Epoch 140 learning rate: 0.02061073738537636
Epoch 140 time: 235.7627191543579 seconds
Epoch 140 accuracy: 92.71%
Batch 100, Loss: 0.0370
Batch 200, Loss: 0.0367
Batch 300, Loss: 0.0465
Epoch 141 learning rate: 0.019978988733705814
Epoch 141 time: 235.69708442687988 seconds
Epoch 141 accuracy: 93.27%
Batch 100, Loss: 0.0403
Batch 200, Loss: 0.0386
Batch 300, Loss: 0.0423
Epoch 142 learning rate: 0.01935464731735118
Epoch 142 time: 235.78286838531494 seconds
Epoch 142 accuracy: 91.92%
Batch 100, Loss: 0.0329
Batch 200, Loss: 0.0399
Batch 300, Loss: 0.0416
Epoch 143 learning rate: 0.018737867183214747
Epoch 143 time: 235.72948384284973 seconds
Epoch 143 accuracy: 93.02%
Batch 100, Loss: 0.0331
Batch 200, Loss: 0.0322
Batch 300, Loss: 0.0388
Epoch 144 learning rate: 0.01812880051256552
Epoch 144 time: 235.66783785820007 seconds
Epoch 144 accuracy: 92.19%
Batch 100, Loss: 0.0337
Batch 200, Loss: 0.0313
Batch 300, Loss: 0.0346
Epoch 145 learning rate: 0.017527597583490827
Epoch 145 time: 235.73902916908264 seconds
Epoch 145 accuracy: 92.73%
Batch 100, Loss: 0.0290
Batch 200, Loss: 0.0279
Batch 300, Loss: 0.0306
Epoch 146 learning rate: 0.01693440673381742
Epoch 146 time: 235.7491602897644 seconds
Epoch 146 accuracy: 92.98%
Batch 100, Loss: 0.0322
Batch 200, Loss: 0.0282
Batch 300, Loss: 0.0292
Epoch 147 learning rate: 0.016349374324511334
Epoch 147 time: 235.72939896583557 seconds
Epoch 147 accuracy: 93.28%
Batch 100, Loss: 0.0301
Batch 200, Loss: 0.0236
Batch 300, Loss: 0.0294
Epoch 148 learning rate: 0.01577264470356557
Epoch 148 time: 235.7654480934143 seconds
Epoch 148 accuracy: 93.66%
Batch 100, Loss: 0.0222
Batch 200, Loss: 0.0248
Batch 300, Loss: 0.0303
Epoch 149 learning rate: 0.01520436017038429
Epoch 149 time: 235.74021863937378 seconds
Epoch 149 accuracy: 93.38%
Batch 100, Loss: 0.0260
Batch 200, Loss: 0.0241
Batch 300, Loss: 0.0285
Epoch 150 learning rate: 0.014644660940672632
Epoch 150 time: 235.6929168701172 seconds
Epoch 150 accuracy: 92.62%
Batch 100, Loss: 0.0272
Batch 200, Loss: 0.0257
Batch 300, Loss: 0.0263
Epoch 151 learning rate: 0.01409368511184057
Epoch 151 time: 235.6813452243805 seconds
Epoch 151 accuracy: 93.8%
Batch 100, Loss: 0.0227
Batch 200, Loss: 0.0196
Batch 300, Loss: 0.0223
Epoch 152 learning rate: 0.013551568628929438
Epoch 152 time: 235.6925539970398 seconds
Epoch 152 accuracy: 93.49%
Batch 100, Loss: 0.0204
Batch 200, Loss: 0.0206
Batch 300, Loss: 0.0192
Epoch 153 learning rate: 0.013018445251069516
Epoch 153 time: 235.6669900417328 seconds
Epoch 153 accuracy: 94.2%
Batch 100, Loss: 0.0154
Batch 200, Loss: 0.0169
Batch 300, Loss: 0.0174
Epoch 154 learning rate: 0.012494446518477026
Epoch 154 time: 235.76915884017944 seconds
Epoch 154 accuracy: 94.0%
Batch 100, Loss: 0.0157
Batch 200, Loss: 0.0168
Batch 300, Loss: 0.0147
Epoch 155 learning rate: 0.011979701719998459
Epoch 155 time: 235.707200050354 seconds
Epoch 155 accuracy: 94.34%
Batch 100, Loss: 0.0126
Batch 200, Loss: 0.0161
Batch 300, Loss: 0.0129
Epoch 156 learning rate: 0.011474337861210548
Epoch 156 time: 235.6952509880066 seconds
Epoch 156 accuracy: 94.33%
Batch 100, Loss: 0.0131
Batch 200, Loss: 0.0130
Batch 300, Loss: 0.0150
Epoch 157 learning rate: 0.010978479633083526
Epoch 157 time: 235.68076872825623 seconds
Epoch 157 accuracy: 94.64%
Batch 100, Loss: 0.0117
Batch 200, Loss: 0.0129
Batch 300, Loss: 0.0105
Epoch 158 learning rate: 0.010492249381215483
Epoch 158 time: 235.69376039505005 seconds
Epoch 158 accuracy: 94.89%
Batch 100, Loss: 0.0100
Batch 200, Loss: 0.0118
Batch 300, Loss: 0.0117
Epoch 159 learning rate: 0.010015767075645474
Epoch 159 time: 235.6595916748047 seconds
Epoch 159 accuracy: 94.58%
Batch 100, Loss: 0.0108
Batch 200, Loss: 0.0115
Batch 300, Loss: 0.0111
Epoch 160 learning rate: 0.009549150281252637
Epoch 160 time: 235.7236807346344 seconds
Epoch 160 accuracy: 94.48%
Batch 100, Loss: 0.0089
Batch 200, Loss: 0.0087
Batch 300, Loss: 0.0085
Epoch 161 learning rate: 0.00909251412874884
Epoch 161 time: 235.72844791412354 seconds
Epoch 161 accuracy: 94.62%
Batch 100, Loss: 0.0084
Batch 200, Loss: 0.0077
Batch 300, Loss: 0.0085
Epoch 162 learning rate: 0.008645971286271918
Epoch 162 time: 235.76636362075806 seconds
Epoch 162 accuracy: 95.01%
Batch 100, Loss: 0.0077
Batch 200, Loss: 0.0068
Batch 300, Loss: 0.0088
Epoch 163 learning rate: 0.008209631931586501
Epoch 163 time: 235.71985578536987 seconds
Epoch 163 accuracy: 94.83%
Batch 100, Loss: 0.0075
Batch 200, Loss: 0.0066
Batch 300, Loss: 0.0070
Epoch 164 learning rate: 0.0077836037248992605
Epoch 164 time: 235.68469095230103 seconds
Epoch 164 accuracy: 95.17%
Batch 100, Loss: 0.0061
Batch 200, Loss: 0.0066
Batch 300, Loss: 0.0062
Epoch 165 learning rate: 0.0073679917822954055
Epoch 165 time: 235.68145108222961 seconds
Epoch 165 accuracy: 94.68%
Batch 100, Loss: 0.0057
Batch 200, Loss: 0.0066
Batch 300, Loss: 0.0066
Epoch 166 learning rate: 0.006962898649802815
Epoch 166 time: 235.67996382713318 seconds
Epoch 166 accuracy: 94.88%
Batch 100, Loss: 0.0061
Batch 200, Loss: 0.0058
Batch 300, Loss: 0.0061
Epoch 167 learning rate: 0.006568424278090438
Epoch 167 time: 235.71025490760803 seconds
Epoch 167 accuracy: 95.07%
Batch 100, Loss: 0.0052
Batch 200, Loss: 0.0053
Batch 300, Loss: 0.0059
Epoch 168 learning rate: 0.006184665997806824
Epoch 168 time: 235.77175116539001 seconds
Epoch 168 accuracy: 95.19%
Batch 100, Loss: 0.0051
Batch 200, Loss: 0.0057
Batch 300, Loss: 0.0051
Epoch 169 learning rate: 0.00581171849556533
Epoch 169 time: 235.79700827598572 seconds
Epoch 169 accuracy: 95.31%
Batch 100, Loss: 0.0054
Batch 200, Loss: 0.0052
Batch 300, Loss: 0.0053
Epoch 170 learning rate: 0.0054496737905816136
Epoch 170 time: 235.79537081718445 seconds
Epoch 170 accuracy: 95.39%
Batch 100, Loss: 0.0045
Batch 200, Loss: 0.0056
Batch 300, Loss: 0.0052
Epoch 171 learning rate: 0.005098621211969226
Epoch 171 time: 235.76355838775635 seconds
Epoch 171 accuracy: 95.17%
Batch 100, Loss: 0.0052
Batch 200, Loss: 0.0045
Batch 300, Loss: 0.0053
Epoch 172 learning rate: 0.004758647376699035
Epoch 172 time: 235.79979419708252 seconds
Epoch 172 accuracy: 95.02%
Batch 100, Loss: 0.0049
Batch 200, Loss: 0.0047
Batch 300, Loss: 0.0050
Epoch 173 learning rate: 0.00442983616822775
Epoch 173 time: 235.74007034301758 seconds
Epoch 173 accuracy: 95.19%
Batch 100, Loss: 0.0043
Batch 200, Loss: 0.0044
Batch 300, Loss: 0.0048
Epoch 174 learning rate: 0.004112268715800957
Epoch 174 time: 235.6950809955597 seconds
Epoch 174 accuracy: 95.41%
Batch 100, Loss: 0.0044
Batch 200, Loss: 0.0041
Batch 300, Loss: 0.0049
Epoch 175 learning rate: 0.003806023374435677
Epoch 175 time: 235.74186539649963 seconds
Epoch 175 accuracy: 95.56%
Batch 100, Loss: 0.0045
Batch 200, Loss: 0.0046
Batch 300, Loss: 0.0044
Epoch 176 learning rate: 0.003511175705587435
Epoch 176 time: 235.91697645187378 seconds
Epoch 176 accuracy: 95.64%
Batch 100, Loss: 0.0041
Batch 200, Loss: 0.0042
Batch 300, Loss: 0.0042
Epoch 177 learning rate: 0.0032277984585066333
Epoch 177 time: 235.70328855514526 seconds
Epoch 177 accuracy: 95.42%
Batch 100, Loss: 0.0041
Batch 200, Loss: 0.0046
Batch 300, Loss: 0.0045
Epoch 178 learning rate: 0.002955961552288729
Epoch 178 time: 235.67234802246094 seconds
Epoch 178 accuracy: 95.29%
Batch 100, Loss: 0.0039
Batch 200, Loss: 0.0043
Batch 300, Loss: 0.0045
Epoch 179 learning rate: 0.0026957320586227366
Epoch 179 time: 235.76437044143677 seconds
Epoch 179 accuracy: 95.5%
Batch 100, Loss: 0.0041
Batch 200, Loss: 0.0042
Batch 300, Loss: 0.0037
Epoch 180 learning rate: 0.002447174185242325
Epoch 180 time: 235.78001952171326 seconds
Epoch 180 accuracy: 95.67%
Batch 100, Loss: 0.0044
Batch 200, Loss: 0.0037
Batch 300, Loss: 0.0045
Epoch 181 learning rate: 0.0022103492600834954
Epoch 181 time: 235.71820378303528 seconds
Epoch 181 accuracy: 95.58%
Batch 100, Loss: 0.0040
Batch 200, Loss: 0.0039
Batch 300, Loss: 0.0036
Epoch 182 learning rate: 0.0019853157161528537
Epoch 182 time: 235.6976819038391 seconds
Epoch 182 accuracy: 95.54%
Batch 100, Loss: 0.0039
Batch 200, Loss: 0.0041
Batch 300, Loss: 0.0042
Epoch 183 learning rate: 0.001772129077110103
Epoch 183 time: 235.69047665596008 seconds
Epoch 183 accuracy: 95.58%
Batch 100, Loss: 0.0041
Batch 200, Loss: 0.0037
Batch 300, Loss: 0.0045
Epoch 184 learning rate: 0.0015708419435684529
Epoch 184 time: 235.66157579421997 seconds
Epoch 184 accuracy: 95.64%
Batch 100, Loss: 0.0033
Batch 200, Loss: 0.0037
Batch 300, Loss: 0.0037
Epoch 185 learning rate: 0.0013815039801161732
Epoch 185 time: 235.70827198028564 seconds
Epoch 185 accuracy: 95.68%
Batch 100, Loss: 0.0037
Batch 200, Loss: 0.0036
Batch 300, Loss: 0.0040
Epoch 186 learning rate: 0.0012041619030626347
Epoch 186 time: 235.69252228736877 seconds
Epoch 186 accuracy: 95.37%
Batch 100, Loss: 0.0034
Batch 200, Loss: 0.0037
Batch 300, Loss: 0.0038
Epoch 187 learning rate: 0.0010388594689117077
Epoch 187 time: 235.67628240585327 seconds
Epoch 187 accuracy: 95.57%
Batch 100, Loss: 0.0037
Batch 200, Loss: 0.0039
Batch 300, Loss: 0.0043
Epoch 188 learning rate: 0.0008856374635655645
Epoch 188 time: 235.74757981300354 seconds
Epoch 188 accuracy: 95.52%
Batch 100, Loss: 0.0034
Batch 200, Loss: 0.0037
Batch 300, Loss: 0.0033
Epoch 189 learning rate: 0.000744533692261307
Epoch 189 time: 235.75204205513 seconds
Epoch 189 accuracy: 95.59%
Batch 100, Loss: 0.0035
Batch 200, Loss: 0.0036
Batch 300, Loss: 0.0036
Epoch 190 learning rate: 0.0006155829702431174
Epoch 190 time: 235.72771501541138 seconds
Epoch 190 accuracy: 95.54%
Batch 100, Loss: 0.0035
Batch 200, Loss: 0.0035
Batch 300, Loss: 0.0032
Epoch 191 learning rate: 0.0004988171141721235
Epoch 191 time: 235.74053120613098 seconds
Epoch 191 accuracy: 95.58%
Batch 100, Loss: 0.0037
Batch 200, Loss: 0.0033
Batch 300, Loss: 0.0034
Epoch 192 learning rate: 0.00039426493427611206
Epoch 192 time: 235.74081206321716 seconds
Epoch 192 accuracy: 95.61%
Batch 100, Loss: 0.0035
Batch 200, Loss: 0.0037
Batch 300, Loss: 0.0035
Epoch 193 learning rate: 0.00030195222724102046
Epoch 193 time: 237.64136242866516 seconds
Epoch 193 accuracy: 95.52%
Batch 100, Loss: 0.0038
Batch 200, Loss: 0.0032
Batch 300, Loss: 0.0032
Epoch 194 learning rate: 0.00022190176984600036
Epoch 194 time: 235.70973873138428 seconds
Epoch 194 accuracy: 95.52%
Batch 100, Loss: 0.0033
Batch 200, Loss: 0.0033
Batch 300, Loss: 0.0033
Epoch 195 learning rate: 0.00015413331334360192
Epoch 195 time: 235.69632005691528 seconds
Epoch 195 accuracy: 95.69%
Batch 100, Loss: 0.0034
Batch 200, Loss: 0.0034
Batch 300, Loss: 0.0035
Epoch 196 learning rate: 9.866357858642213e-05
Epoch 196 time: 235.73141360282898 seconds
Epoch 196 accuracy: 95.64%
Batch 100, Loss: 0.0032
Batch 200, Loss: 0.0033
Batch 300, Loss: 0.0035
Epoch 197 learning rate: 5.5506251901504864e-05
Epoch 197 time: 235.74642610549927 seconds
Epoch 197 accuracy: 95.57%
Batch 100, Loss: 0.0032
Batch 200, Loss: 0.0031
Batch 300, Loss: 0.0033
Epoch 198 learning rate: 2.4671981713420017e-05
Epoch 198 time: 235.71657133102417 seconds
Epoch 198 accuracy: 95.58%
Batch 100, Loss: 0.0032
Batch 200, Loss: 0.0032
Batch 300, Loss: 0.0033
Epoch 199 learning rate: 6.168375916970619e-06
Epoch 199 time: 235.74355483055115 seconds
Epoch 199 accuracy: 95.61%
Batch 100, Loss: 0.0035
Batch 200, Loss: 0.0031
Batch 300, Loss: 0.0035
Epoch 200 learning rate: 0.0
Epoch 200 time: 235.72488737106323 seconds
Epoch 200 accuracy: 95.59%
rho:  0.04 , alpha:  0.3
Total training time: 47160.53052186966 seconds
/project/6070520/tkleinkn/Vanilla-GAM/utils/density_plot.py:68: ComplexWarning: Casting complex values to real discards the imaginary part
  density_output[i, j] = np.sum(tmp_result * weights[i, :])
Largest Hessian Eigenvalue: 59.2035
Norm of the Gradient: 2.7310577035e-01
Smallest Hessian Eigenvalue: -1.7100
