The following modules were not unloaded:
  (Use "module --force purge" to unload all):

  1) CCconfig        6)  ucx/1.14.1         11) flexiblas/3.3.1
  2) gentoo/2023     7)  libfabric/1.18.0   12) imkl/2023.2.0
  3) gcccore/.12.3   8)  pmix/4.2.4         13) StdEnv/2023
  4) gcc/12.3        9)  ucc/1.2.0
  5) hwloc/2.9.1     10) openmpi/4.1.5
/project/6070520/tkleinkn/Vanilla-GAM/main_cifar.py:187: UserWarning: You have chosen a specific GPU. This will completely disable data parallelism.
  warnings.warn('You have chosen a specific GPU. This will completely '
model name space ['resnet101_c', 'resnet152_c', 'resnet18_c', 'resnet34_c', 'resnet50_c']
Use GPU: 0 for training
=> creating model 'resnet18_c'
Files already downloaded and verified
Files already downloaded and verified
tensorboard dir ./results/CIFAR100/GNOM
Using Gradient-Norm Only Minimization (GNOM)
/home/tkleinkn/GAMtest/lib/python3.11/site-packages/torch/autograd/graph.py:744: UserWarning: Using backward() with create_graph=True will create a reference cycle between the parameter and its gradient which can cause a memory leak. We recommend using autograd.grad when creating the graph to avoid this. If you have to use this function, make sure to reset the .grad fields of your parameters to None after use to break the cycle and avoid the leak. (Triggered internally at /home/coulombc/wheels_builder/tmp.2617/python-3.11/torch/torch/csrc/autograd/engine.cpp:1203.)
  return Variable._execution_engine.run_backward(  # Calls into the C++ engine to run the backward pass
Batch 100, Loss: 36.4442
Batch 200, Loss: 5.4899
Batch 300, Loss: 4.9795
Epoch 1 learning rate: 0.09999383162408304
Epoch 1 time: 128.1595277786255 seconds
Epoch 1 accuracy: 0.7%
Batch 100, Loss: 4.5175
Batch 200, Loss: 4.3640
Batch 300, Loss: 4.3452
Epoch 2 learning rate: 0.09997532801828658
Epoch 2 time: 119.15226221084595 seconds
Epoch 2 accuracy: 0.75%
Batch 100, Loss: 4.2148
Batch 200, Loss: 4.1223
Batch 300, Loss: 4.1021
Epoch 3 learning rate: 0.09994449374809851
Epoch 3 time: 119.02114939689636 seconds
Epoch 3 accuracy: 1.03%
Batch 100, Loss: 4.0446
Batch 200, Loss: 4.0212
Batch 300, Loss: 4.0084
Epoch 4 learning rate: 0.09990133642141359
Epoch 4 time: 118.99906516075134 seconds
Epoch 4 accuracy: 1.01%
Batch 100, Loss: 3.9735
Batch 200, Loss: 3.9431
Batch 300, Loss: 3.9464
Epoch 5 learning rate: 0.09984586668665642
Epoch 5 time: 118.97069501876831 seconds
Epoch 5 accuracy: 1.03%
Batch 100, Loss: 3.9130
Batch 200, Loss: 3.9163
Batch 300, Loss: 3.9043
Epoch 6 learning rate: 0.09977809823015402
Epoch 6 time: 118.9741358757019 seconds
Epoch 6 accuracy: 1.02%
Batch 100, Loss: 3.8864
Batch 200, Loss: 3.8732
Batch 300, Loss: 3.8748
Epoch 7 learning rate: 0.09969804777275901
Epoch 7 time: 119.86686563491821 seconds
Epoch 7 accuracy: 1.0%
Batch 100, Loss: 3.8631
Batch 200, Loss: 3.8596
Batch 300, Loss: 3.8585
Epoch 8 learning rate: 0.09960573506572391
Epoch 8 time: 118.90014791488647 seconds
Epoch 8 accuracy: 1.0%
Batch 100, Loss: 3.8494
Batch 200, Loss: 3.8481
Batch 300, Loss: 3.8442
Epoch 9 learning rate: 0.09950118288582789
Epoch 9 time: 118.96046781539917 seconds
Epoch 9 accuracy: 1.0%
Batch 100, Loss: 3.8388
Batch 200, Loss: 3.8393
Batch 300, Loss: 3.8342
Epoch 10 learning rate: 0.09938441702975691
Epoch 10 time: 118.89407706260681 seconds
Epoch 10 accuracy: 1.0%
Batch 100, Loss: 3.8333
Batch 200, Loss: 3.8308
Batch 300, Loss: 3.8322
Epoch 11 learning rate: 0.09925546630773871
Epoch 11 time: 118.9768476486206 seconds
Epoch 11 accuracy: 1.0%
Batch 100, Loss: 3.8299
Batch 200, Loss: 3.8287
Batch 300, Loss: 3.8274
Epoch 12 learning rate: 0.09911436253643445
Epoch 12 time: 119.02591109275818 seconds
Epoch 12 accuracy: 1.0%
Batch 100, Loss: 3.8258
Batch 200, Loss: 3.8260
Batch 300, Loss: 3.8246
Epoch 13 learning rate: 0.0989611405310883
Epoch 13 time: 118.85263085365295 seconds
Epoch 13 accuracy: 1.0%
Batch 100, Loss: 3.8245
Batch 200, Loss: 3.8244
Batch 300, Loss: 3.8234
Epoch 14 learning rate: 0.09879583809693739
Epoch 14 time: 118.89816069602966 seconds
Epoch 14 accuracy: 1.0%
Batch 100, Loss: 3.8229
Batch 200, Loss: 3.8230
Batch 300, Loss: 3.8222
Epoch 15 learning rate: 0.09861849601988384
Epoch 15 time: 118.88303518295288 seconds
Epoch 15 accuracy: 1.0%
Batch 100, Loss: 3.8216
Batch 200, Loss: 3.8219
Batch 300, Loss: 3.8222
Epoch 16 learning rate: 0.09842915805643157
Epoch 16 time: 118.84927487373352 seconds
Epoch 16 accuracy: 1.0%
Batch 100, Loss: 3.8216
Batch 200, Loss: 3.8214
Batch 300, Loss: 3.8215
Epoch 17 learning rate: 0.09822787092288993
Epoch 17 time: 118.84814214706421 seconds
Epoch 17 accuracy: 1.0%
Batch 100, Loss: 3.8214
Batch 200, Loss: 3.8216
Batch 300, Loss: 3.8209
Epoch 18 learning rate: 0.09801468428384717
Epoch 18 time: 118.91713452339172 seconds
Epoch 18 accuracy: 1.0%
Batch 100, Loss: 3.8209
Batch 200, Loss: 3.8209
Batch 300, Loss: 3.8213
Epoch 19 learning rate: 0.09778965073991652
Epoch 19 time: 118.87881135940552 seconds
Epoch 19 accuracy: 1.0%
Batch 100, Loss: 3.8206
Batch 200, Loss: 3.8208
Batch 300, Loss: 3.8210
Epoch 20 learning rate: 0.0975528258147577
Epoch 20 time: 118.86263394355774 seconds
Epoch 20 accuracy: 1.0%
Batch 100, Loss: 3.8207
Batch 200, Loss: 3.8208
Batch 300, Loss: 3.8205
Epoch 21 learning rate: 0.09730426794137728
Epoch 21 time: 118.84922432899475 seconds
Epoch 21 accuracy: 1.0%
Batch 100, Loss: 3.8208
Batch 200, Loss: 3.8206
Batch 300, Loss: 3.8207
Epoch 22 learning rate: 0.09704403844771128
Epoch 22 time: 118.81430625915527 seconds
Epoch 22 accuracy: 1.0%
Batch 100, Loss: 3.8206
Batch 200, Loss: 3.8208
Batch 300, Loss: 3.8206
Epoch 23 learning rate: 0.09677220154149338
Epoch 23 time: 118.90930819511414 seconds
Epoch 23 accuracy: 1.0%
Batch 100, Loss: 3.8206
Batch 200, Loss: 3.8207
Batch 300, Loss: 3.8207
Epoch 24 learning rate: 0.09648882429441258
Epoch 24 time: 118.87455010414124 seconds
Epoch 24 accuracy: 1.0%
Batch 100, Loss: 3.8207
Batch 200, Loss: 3.8206
Batch 300, Loss: 3.8206
Epoch 25 learning rate: 0.09619397662556435
Epoch 25 time: 118.88274455070496 seconds
Epoch 25 accuracy: 1.0%
Batch 100, Loss: 3.8206
Batch 200, Loss: 3.8206
Batch 300, Loss: 3.8206
Epoch 26 learning rate: 0.09588773128419906
Epoch 26 time: 118.87082242965698 seconds
Epoch 26 accuracy: 1.0%
Batch 100, Loss: 3.8207
Batch 200, Loss: 3.8205
Batch 300, Loss: 3.8206
Epoch 27 learning rate: 0.09557016383177226
Epoch 27 time: 118.87080073356628 seconds
Epoch 27 accuracy: 1.0%
Batch 100, Loss: 3.8206
Batch 200, Loss: 3.8206
Batch 300, Loss: 3.8206
Epoch 28 learning rate: 0.09524135262330098
Epoch 28 time: 118.85219550132751 seconds
Epoch 28 accuracy: 1.0%
Batch 100, Loss: 3.8206
Batch 200, Loss: 3.8206
Batch 300, Loss: 3.8206
Epoch 29 learning rate: 0.09490137878803079
Epoch 29 time: 118.91480660438538 seconds
Epoch 29 accuracy: 1.0%
Batch 100, Loss: 3.8206
Batch 200, Loss: 3.8206
Batch 300, Loss: 3.8206
Epoch 30 learning rate: 0.0945503262094184
Epoch 30 time: 118.8607497215271 seconds
Epoch 30 accuracy: 1.0%
Batch 100, Loss: 3.8206
Batch 200, Loss: 3.8206
Batch 300, Loss: 3.8206
Epoch 31 learning rate: 0.0941882815044347
Epoch 31 time: 118.88611435890198 seconds
Epoch 31 accuracy: 1.0%
Batch 100, Loss: 3.8206
Batch 200, Loss: 3.8206
Batch 300, Loss: 3.8206
Epoch 32 learning rate: 0.09381533400219319
Epoch 32 time: 118.89071321487427 seconds
Epoch 32 accuracy: 1.0%
Batch 100, Loss: 3.8206
Batch 200, Loss: 3.8206
Batch 300, Loss: 3.8206
Epoch 33 learning rate: 0.09343157572190958
Epoch 33 time: 118.85159420967102 seconds
Epoch 33 accuracy: 1.0%
Batch 100, Loss: 3.8206
Batch 200, Loss: 3.8206
Batch 300, Loss: 3.8206
Epoch 34 learning rate: 0.0930371013501972
Epoch 34 time: 118.86458396911621 seconds
Epoch 34 accuracy: 1.0%
Batch 100, Loss: 3.8206
Batch 200, Loss: 3.8206
Batch 300, Loss: 3.8206
Epoch 35 learning rate: 0.09263200821770463
Epoch 35 time: 118.9136471748352 seconds
Epoch 35 accuracy: 1.0%
Batch 100, Loss: 3.8206
Batch 200, Loss: 3.8206
Batch 300, Loss: 3.8206
Epoch 36 learning rate: 0.09221639627510078
Epoch 36 time: 118.91019630432129 seconds
Epoch 36 accuracy: 1.0%
Batch 100, Loss: 3.8206
Batch 200, Loss: 3.8206
Batch 300, Loss: 3.8206
Epoch 37 learning rate: 0.09179036806841355
Epoch 37 time: 118.92567491531372 seconds
Epoch 37 accuracy: 1.0%
Batch 100, Loss: 3.8206
Batch 200, Loss: 3.8206
Batch 300, Loss: 3.8206
Epoch 38 learning rate: 0.09135402871372812
Epoch 38 time: 118.89281558990479 seconds
Epoch 38 accuracy: 1.0%
Batch 100, Loss: 3.8206
Batch 200, Loss: 3.8206
Batch 300, Loss: 3.8206
Epoch 39 learning rate: 0.0909074858712512
Epoch 39 time: 118.90450835227966 seconds
Epoch 39 accuracy: 1.0%
Batch 100, Loss: 3.8206
Batch 200, Loss: 3.8206
Batch 300, Loss: 3.8206
Epoch 40 learning rate: 0.09045084971874741
Epoch 40 time: 118.92109537124634 seconds
Epoch 40 accuracy: 1.0%
Batch 100, Loss: 3.8206
Batch 200, Loss: 3.8206
Batch 300, Loss: 3.8206
Epoch 41 learning rate: 0.08998423292435458
Epoch 41 time: 118.87548327445984 seconds
Epoch 41 accuracy: 1.0%
Batch 100, Loss: 3.8206
Batch 200, Loss: 3.8206
Batch 300, Loss: 3.8206
Epoch 42 learning rate: 0.08950775061878455
Epoch 42 time: 118.85816478729248 seconds
Epoch 42 accuracy: 1.0%
Batch 100, Loss: 3.8206
Batch 200, Loss: 3.8206
Batch 300, Loss: 3.8206
Epoch 43 learning rate: 0.08902152036691653
Epoch 43 time: 118.90041160583496 seconds
Epoch 43 accuracy: 1.0%
Batch 100, Loss: 3.8206
Batch 200, Loss: 3.8206
Batch 300, Loss: 3.8206
Epoch 44 learning rate: 0.08852566213878951
Epoch 44 time: 118.91288089752197 seconds
Epoch 44 accuracy: 1.0%
Batch 100, Loss: 3.8206
Batch 200, Loss: 3.8206
Batch 300, Loss: 3.8206
Epoch 45 learning rate: 0.0880202982800016
Epoch 45 time: 118.819748878479 seconds
Epoch 45 accuracy: 1.0%
Batch 100, Loss: 3.8206
Batch 200, Loss: 3.8206
Batch 300, Loss: 3.8206
Epoch 46 learning rate: 0.08750555348152303
Epoch 46 time: 118.89745283126831 seconds
Epoch 46 accuracy: 1.0%
Batch 100, Loss: 3.8206
Batch 200, Loss: 3.8206
Batch 300, Loss: 3.8206
Epoch 47 learning rate: 0.08698155474893052
Epoch 47 time: 118.8687846660614 seconds
Epoch 47 accuracy: 1.0%
Batch 100, Loss: 3.8206
Batch 200, Loss: 3.8206
Batch 300, Loss: 3.8206
Epoch 48 learning rate: 0.08644843137107061
Epoch 48 time: 118.87846803665161 seconds
Epoch 48 accuracy: 1.0%
Batch 100, Loss: 3.8206
Batch 200, Loss: 3.8206
Batch 300, Loss: 3.8206
Epoch 49 learning rate: 0.08590631488815947
Epoch 49 time: 118.86579275131226 seconds
Epoch 49 accuracy: 1.0%
Batch 100, Loss: 3.8206
Batch 200, Loss: 3.8206
Batch 300, Loss: 3.8206
Epoch 50 learning rate: 0.0853553390593274
Epoch 50 time: 118.958909034729 seconds
Epoch 50 accuracy: 1.0%
Batch 100, Loss: 3.8206
Batch 200, Loss: 3.8206
Batch 300, Loss: 3.8206
Epoch 51 learning rate: 0.08479563982961574
Epoch 51 time: 118.94668006896973 seconds
Epoch 51 accuracy: 1.0%
Batch 100, Loss: 3.8206
Batch 200, Loss: 3.8206
Batch 300, Loss: 3.8206
Epoch 52 learning rate: 0.08422735529643446
Epoch 52 time: 118.88165855407715 seconds
Epoch 52 accuracy: 1.0%
Batch 100, Loss: 3.8206
Batch 200, Loss: 3.8206
Batch 300, Loss: 3.8206
Epoch 53 learning rate: 0.08365062567548869
Epoch 53 time: 118.84736800193787 seconds
Epoch 53 accuracy: 1.0%
Batch 100, Loss: 3.8206
Batch 200, Loss: 3.8206
Batch 300, Loss: 3.8206
Epoch 54 learning rate: 0.08306559326618261
Epoch 54 time: 118.86157989501953 seconds
Epoch 54 accuracy: 1.0%
Batch 100, Loss: 3.8206
Batch 200, Loss: 3.8206
Batch 300, Loss: 3.8206
Epoch 55 learning rate: 0.0824724024165092
Epoch 55 time: 118.83977937698364 seconds
Epoch 55 accuracy: 1.0%
Batch 100, Loss: 3.8206
Batch 200, Loss: 3.8206
Batch 300, Loss: 3.8206
Epoch 56 learning rate: 0.0818711994874345
Epoch 56 time: 118.90129733085632 seconds
Epoch 56 accuracy: 1.0%
Batch 100, Loss: 3.8206
Batch 200, Loss: 3.8206
Batch 300, Loss: 3.8206
Epoch 57 learning rate: 0.08126213281678528
Epoch 57 time: 118.83031344413757 seconds
Epoch 57 accuracy: 1.0%
Batch 100, Loss: 3.8206
Batch 200, Loss: 3.8206
Batch 300, Loss: 3.8206
Epoch 58 learning rate: 0.08064535268264884
Epoch 58 time: 118.92014145851135 seconds
Epoch 58 accuracy: 1.0%
Batch 100, Loss: 3.8206
Batch 200, Loss: 3.8206
Batch 300, Loss: 3.8206
Epoch 59 learning rate: 0.08002101126629421
Epoch 59 time: 118.87980675697327 seconds
Epoch 59 accuracy: 1.0%
Batch 100, Loss: 3.8206
Batch 200, Loss: 3.8206
Batch 300, Loss: 3.8206
Epoch 60 learning rate: 0.07938926261462367
Epoch 60 time: 118.85247564315796 seconds
Epoch 60 accuracy: 1.0%
Batch 100, Loss: 3.8206
Batch 200, Loss: 3.8206
Batch 300, Loss: 3.8206
Epoch 61 learning rate: 0.07875026260216395
Epoch 61 time: 118.93772339820862 seconds
Epoch 61 accuracy: 1.0%
Batch 100, Loss: 3.8206
Batch 200, Loss: 3.8206
Batch 300, Loss: 3.8206
Epoch 62 learning rate: 0.07810416889260656
Epoch 62 time: 118.91254258155823 seconds
Epoch 62 accuracy: 1.0%
Batch 100, Loss: 3.8206
Batch 200, Loss: 3.8206
Batch 300, Loss: 3.8206
Epoch 63 learning rate: 0.07745114089990661
Epoch 63 time: 118.88741159439087 seconds
Epoch 63 accuracy: 1.0%
Batch 100, Loss: 3.8206
Batch 200, Loss: 3.8206
Batch 300, Loss: 3.8206
Epoch 64 learning rate: 0.07679133974894985
Epoch 64 time: 118.88654351234436 seconds
Epoch 64 accuracy: 1.0%
Batch 100, Loss: 3.8206
Batch 200, Loss: 3.8206
Batch 300, Loss: 3.8206
Epoch 65 learning rate: 0.07612492823579746
Epoch 65 time: 119.03851222991943 seconds
Epoch 65 accuracy: 1.0%
Batch 100, Loss: 3.8206
Batch 200, Loss: 3.8206
Batch 300, Loss: 3.8206
Epoch 66 learning rate: 0.07545207078751859
Epoch 66 time: 118.90418267250061 seconds
Epoch 66 accuracy: 1.0%
Batch 100, Loss: 3.8206
Batch 200, Loss: 3.8206
Batch 300, Loss: 3.8206
Epoch 67 learning rate: 0.0747729334216204
Epoch 67 time: 118.92764282226562 seconds
Epoch 67 accuracy: 1.0%
Batch 100, Loss: 3.8206
Batch 200, Loss: 3.8206
Batch 300, Loss: 3.8206
Epoch 68 learning rate: 0.07408768370508578
Epoch 68 time: 118.94626569747925 seconds
Epoch 68 accuracy: 1.0%
Batch 100, Loss: 3.8206
Batch 200, Loss: 3.8206
Batch 300, Loss: 3.8206
Epoch 69 learning rate: 0.0733964907130287
Epoch 69 time: 118.90270113945007 seconds
Epoch 69 accuracy: 1.0%
Batch 100, Loss: 3.8206
Batch 200, Loss: 3.8206
Batch 300, Loss: 3.8206
Epoch 70 learning rate: 0.07269952498697736
Epoch 70 time: 118.86775827407837 seconds
Epoch 70 accuracy: 1.0%
Batch 100, Loss: 3.8206
Batch 200, Loss: 3.8206
Batch 300, Loss: 3.8206
Epoch 71 learning rate: 0.07199695849279578
Epoch 71 time: 118.89184951782227 seconds
Epoch 71 accuracy: 1.0%
Batch 100, Loss: 3.8206
Batch 200, Loss: 3.8206
Batch 300, Loss: 3.8206
Epoch 72 learning rate: 0.07128896457825366
Epoch 72 time: 118.92769074440002 seconds
Epoch 72 accuracy: 1.0%
Batch 100, Loss: 3.8206
Batch 200, Loss: 3.8206
Batch 300, Loss: 3.8206
Epoch 73 learning rate: 0.07057571793025548
Epoch 73 time: 118.8888771533966 seconds
Epoch 73 accuracy: 1.0%
Batch 100, Loss: 3.8206
Batch 200, Loss: 3.8206
Batch 300, Loss: 3.8206
Epoch 74 learning rate: 0.06985739453173906
Epoch 74 time: 118.91577410697937 seconds
Epoch 74 accuracy: 1.0%
Batch 100, Loss: 3.8206
Batch 200, Loss: 3.8206
Batch 300, Loss: 3.8206
Epoch 75 learning rate: 0.06913417161825453
Epoch 75 time: 118.93154835700989 seconds
Epoch 75 accuracy: 1.0%
Batch 100, Loss: 3.8206
Batch 200, Loss: 3.8206
Batch 300, Loss: 3.8206
Epoch 76 learning rate: 0.06840622763423394
Epoch 76 time: 118.89733028411865 seconds
Epoch 76 accuracy: 1.0%
Batch 100, Loss: 3.8206
Batch 200, Loss: 3.8206
Batch 300, Loss: 3.8206
Epoch 77 learning rate: 0.0676737421889629
Epoch 77 time: 118.90880727767944 seconds
Epoch 77 accuracy: 1.0%
Batch 100, Loss: 3.8206
Batch 200, Loss: 3.8206
Batch 300, Loss: 3.8206
Epoch 78 learning rate: 0.06693689601226462
Epoch 78 time: 118.91000580787659 seconds
Epoch 78 accuracy: 1.0%
Batch 100, Loss: 3.8206
Batch 200, Loss: 3.8206
Batch 300, Loss: 3.8206
Epoch 79 learning rate: 0.06619587090990751
Epoch 79 time: 118.93564128875732 seconds
Epoch 79 accuracy: 1.0%
Batch 100, Loss: 3.8206
Batch 200, Loss: 3.8206
Batch 300, Loss: 3.8206
Epoch 80 learning rate: 0.06545084971874741
Epoch 80 time: 118.89002633094788 seconds
Epoch 80 accuracy: 1.0%
Batch 100, Loss: 3.8206
Batch 200, Loss: 3.8206
Batch 300, Loss: 3.8206
Epoch 81 learning rate: 0.06470201626161524
Epoch 81 time: 118.83812260627747 seconds
Epoch 81 accuracy: 1.0%
Batch 100, Loss: 3.8206
Batch 200, Loss: 3.8206
Batch 300, Loss: 3.8206
Epoch 82 learning rate: 0.06394955530196152
Epoch 82 time: 118.86018443107605 seconds
Epoch 82 accuracy: 1.0%
Batch 100, Loss: 3.8206
Batch 200, Loss: 3.8206
Batch 300, Loss: 3.8206
Epoch 83 learning rate: 0.06319365249826868
Epoch 83 time: 118.88320469856262 seconds
Epoch 83 accuracy: 1.0%
Batch 100, Loss: 3.8206
Batch 200, Loss: 3.8206
Batch 300, Loss: 3.8206
Epoch 84 learning rate: 0.06243449435824277
Epoch 84 time: 118.88066601753235 seconds
Epoch 84 accuracy: 1.0%
Batch 100, Loss: 3.8206
Batch 200, Loss: 3.8206
Batch 300, Loss: 3.8206
Epoch 85 learning rate: 0.06167226819279532
Epoch 85 time: 118.89880084991455 seconds
Epoch 85 accuracy: 1.0%
Batch 100, Loss: 3.8206
Batch 200, Loss: 3.8206
Batch 300, Loss: 3.8206
Epoch 86 learning rate: 0.06090716206982718
Epoch 86 time: 118.84738874435425 seconds
Epoch 86 accuracy: 1.0%
Batch 100, Loss: 3.8206
Batch 200, Loss: 3.8206
Batch 300, Loss: 3.8206
Epoch 87 learning rate: 0.06013936476782568
Epoch 87 time: 118.9305477142334 seconds
Epoch 87 accuracy: 1.0%
Batch 100, Loss: 3.8206
Batch 200, Loss: 3.8206
Batch 300, Loss: 3.8206
Epoch 88 learning rate: 0.05936906572928629
Epoch 88 time: 118.8810305595398 seconds
Epoch 88 accuracy: 1.0%
Batch 100, Loss: 3.8206
Batch 200, Loss: 3.8206
Batch 300, Loss: 3.8206
Epoch 89 learning rate: 0.05859645501397052
Epoch 89 time: 118.8754312992096 seconds
Epoch 89 accuracy: 1.0%
Batch 100, Loss: 3.8206
Batch 200, Loss: 3.8206
Batch 300, Loss: 3.8206
Epoch 90 learning rate: 0.05782172325201159
Epoch 90 time: 118.87390756607056 seconds
Epoch 90 accuracy: 1.0%
Batch 100, Loss: 3.8206
Batch 200, Loss: 3.8206
Batch 300, Loss: 3.8206
Epoch 91 learning rate: 0.057045061596879186
Epoch 91 time: 118.87672138214111 seconds
Epoch 91 accuracy: 1.0%
Batch 100, Loss: 3.8206
Batch 200, Loss: 3.8206
Batch 300, Loss: 3.8206
Epoch 92 learning rate: 0.056266661678215264
Epoch 92 time: 118.86060404777527 seconds
Epoch 92 accuracy: 1.0%
Batch 100, Loss: 3.8206
Batch 200, Loss: 3.8206
Batch 300, Loss: 3.8206
Epoch 93 learning rate: 0.055486715554552306
Epoch 93 time: 118.90017366409302 seconds
Epoch 93 accuracy: 1.0%
Batch 100, Loss: 3.8206
Batch 200, Loss: 3.8206
Batch 300, Loss: 3.8206
Epoch 94 learning rate: 0.05470541566592575
Epoch 94 time: 118.90943622589111 seconds
Epoch 94 accuracy: 1.0%
Batch 100, Loss: 3.8206
Batch 200, Loss: 3.8206
Batch 300, Loss: 3.8206
Epoch 95 learning rate: 0.05392295478639229
Epoch 95 time: 118.9146625995636 seconds
Epoch 95 accuracy: 1.0%
Batch 100, Loss: 3.8206
Batch 200, Loss: 3.8206
Batch 300, Loss: 3.8206
Epoch 96 learning rate: 0.05313952597646571
Epoch 96 time: 118.90056920051575 seconds
Epoch 96 accuracy: 1.0%
Batch 100, Loss: 3.8206
Batch 200, Loss: 3.8206
Batch 300, Loss: 3.8206
Epoch 97 learning rate: 0.05235532253548216
Epoch 97 time: 118.87911248207092 seconds
Epoch 97 accuracy: 1.0%
Batch 100, Loss: 3.8206
Batch 200, Loss: 3.8206
Batch 300, Loss: 3.8206
Epoch 98 learning rate: 0.051570537953906447
Epoch 98 time: 119.32516574859619 seconds
Epoch 98 accuracy: 1.0%
Batch 100, Loss: 3.8206
Batch 200, Loss: 3.8206
Batch 300, Loss: 3.8206
Epoch 99 learning rate: 0.05078536586559106
Epoch 99 time: 118.86237168312073 seconds
Epoch 99 accuracy: 1.0%
Batch 100, Loss: 3.8206
Batch 200, Loss: 3.8206
Batch 300, Loss: 3.8206
Epoch 100 learning rate: 0.050000000000000024
Epoch 100 time: 118.89414381980896 seconds
Epoch 100 accuracy: 1.0%
Batch 100, Loss: 3.8206
Batch 200, Loss: 3.8206
Batch 300, Loss: 3.8206
Epoch 101 learning rate: 0.049214634134409
Epoch 101 time: 118.8878014087677 seconds
Epoch 101 accuracy: 1.0%
Batch 100, Loss: 3.8206
Batch 200, Loss: 3.8206
Batch 300, Loss: 3.8206
Epoch 102 learning rate: 0.04842946204609361
Epoch 102 time: 118.90585446357727 seconds
Epoch 102 accuracy: 1.0%
Batch 100, Loss: 3.8206
Batch 200, Loss: 3.8206
Batch 300, Loss: 3.8206
Epoch 103 learning rate: 0.04764467746451789
Epoch 103 time: 118.85375094413757 seconds
Epoch 103 accuracy: 1.0%
Batch 100, Loss: 3.8206
Batch 200, Loss: 3.8206
Batch 300, Loss: 3.8206
Epoch 104 learning rate: 0.046860474023534354
Epoch 104 time: 118.86698722839355 seconds
Epoch 104 accuracy: 1.0%
Batch 100, Loss: 3.8206
Batch 200, Loss: 3.8206
Batch 300, Loss: 3.8206
Epoch 105 learning rate: 0.04607704521360778
Epoch 105 time: 118.90938568115234 seconds
Epoch 105 accuracy: 1.0%
Batch 100, Loss: 3.8206
Batch 200, Loss: 3.8206
Batch 300, Loss: 3.8206
Epoch 106 learning rate: 0.04529458433407431
Epoch 106 time: 118.87903261184692 seconds
Epoch 106 accuracy: 1.0%
Batch 100, Loss: 3.8206
Batch 200, Loss: 3.8206
Batch 300, Loss: 3.8206
Epoch 107 learning rate: 0.04451328444544776
Epoch 107 time: 118.90325736999512 seconds
Epoch 107 accuracy: 1.0%
Batch 100, Loss: 3.8206
Batch 200, Loss: 3.8206
Batch 300, Loss: 3.8206
Epoch 108 learning rate: 0.04373333832178482
Epoch 108 time: 118.85288596153259 seconds
Epoch 108 accuracy: 1.0%
Batch 100, Loss: 3.8206
Batch 200, Loss: 3.8206
Batch 300, Loss: 3.8206
Epoch 109 learning rate: 0.0429549384031209
Epoch 109 time: 118.91383051872253 seconds
Epoch 109 accuracy: 1.0%
Batch 100, Loss: 3.8206
Batch 200, Loss: 3.8206
Batch 300, Loss: 3.8206
Epoch 110 learning rate: 0.042178276747988484
Epoch 110 time: 118.89979791641235 seconds
Epoch 110 accuracy: 1.0%
Batch 100, Loss: 3.8206
Batch 200, Loss: 3.8206
Batch 300, Loss: 3.8206
Epoch 111 learning rate: 0.04140354498602954
Epoch 111 time: 118.88885426521301 seconds
Epoch 111 accuracy: 1.0%
Batch 100, Loss: 3.8206
Batch 200, Loss: 3.8206
Batch 300, Loss: 3.8206
Epoch 112 learning rate: 0.0406309342707138
Epoch 112 time: 118.95280146598816 seconds
Epoch 112 accuracy: 1.0%
Batch 100, Loss: 3.8206
Batch 200, Loss: 3.8206
Batch 300, Loss: 3.8206
Epoch 113 learning rate: 0.03986063523217441
Epoch 113 time: 118.93458700180054 seconds
Epoch 113 accuracy: 1.0%
Batch 100, Loss: 3.8206
Batch 200, Loss: 3.8206
Batch 300, Loss: 3.8206
Epoch 114 learning rate: 0.039092837930172916
Epoch 114 time: 118.93856883049011 seconds
Epoch 114 accuracy: 1.0%
Batch 100, Loss: 3.8206
Batch 200, Loss: 3.8206
Batch 300, Loss: 3.8206
Epoch 115 learning rate: 0.03832773180720475
Epoch 115 time: 118.96357846260071 seconds
Epoch 115 accuracy: 1.0%
Batch 100, Loss: 3.8206
Batch 200, Loss: 3.8206
Batch 300, Loss: 3.8206
Epoch 116 learning rate: 0.037565505641757285
Epoch 116 time: 118.89481973648071 seconds
Epoch 116 accuracy: 1.0%
Batch 100, Loss: 3.8206
Batch 200, Loss: 3.8206
Batch 300, Loss: 3.8206
Epoch 117 learning rate: 0.03680634750173138
Epoch 117 time: 118.88420176506042 seconds
Epoch 117 accuracy: 1.0%
Batch 100, Loss: 3.8206
Batch 200, Loss: 3.8206
Batch 300, Loss: 3.8206
Epoch 118 learning rate: 0.036050444698038565
Epoch 118 time: 118.90944957733154 seconds
Epoch 118 accuracy: 1.0%
Batch 100, Loss: 3.8206
Batch 200, Loss: 3.8206
Batch 300, Loss: 3.8206
Epoch 119 learning rate: 0.03529798373838483
Epoch 119 time: 118.90120697021484 seconds
Epoch 119 accuracy: 1.0%
Batch 100, Loss: 3.8206
Batch 200, Loss: 3.8206
Batch 300, Loss: 3.8206
Epoch 120 learning rate: 0.03454915028125267
Epoch 120 time: 118.85252785682678 seconds
Epoch 120 accuracy: 1.0%
Batch 100, Loss: 3.8206
Batch 200, Loss: 3.8206
Batch 300, Loss: 3.8206
Epoch 121 learning rate: 0.03380412909009255
Epoch 121 time: 118.89179158210754 seconds
Epoch 121 accuracy: 1.0%
Batch 100, Loss: 3.8206
Batch 200, Loss: 3.8206
Batch 300, Loss: 3.8206
Epoch 122 learning rate: 0.03306310398773545
Epoch 122 time: 118.87756609916687 seconds
Epoch 122 accuracy: 1.0%
Batch 100, Loss: 3.8206
Batch 200, Loss: 3.8206
Batch 300, Loss: 3.8206
Epoch 123 learning rate: 0.03232625781103717
Epoch 123 time: 118.90417432785034 seconds
Epoch 123 accuracy: 1.0%
Batch 100, Loss: 3.8206
Batch 200, Loss: 3.8206
Batch 300, Loss: 3.8206
Epoch 124 learning rate: 0.03159377236576613
Epoch 124 time: 118.91177821159363 seconds
Epoch 124 accuracy: 1.0%
Batch 100, Loss: 3.8206
Batch 200, Loss: 3.8206
Batch 300, Loss: 3.8206
Epoch 125 learning rate: 0.030865828381745543
Epoch 125 time: 118.963787317276 seconds
Epoch 125 accuracy: 1.0%
Batch 100, Loss: 3.8206
Batch 200, Loss: 3.8206
Batch 300, Loss: 3.8206
Epoch 126 learning rate: 0.03014260546826098
Epoch 126 time: 118.85722994804382 seconds
Epoch 126 accuracy: 1.0%
Batch 100, Loss: 3.8206
Batch 200, Loss: 3.8206
Batch 300, Loss: 3.8206
Epoch 127 learning rate: 0.02942428206974458
Epoch 127 time: 118.9024498462677 seconds
Epoch 127 accuracy: 1.0%
Batch 100, Loss: 3.8206
Batch 200, Loss: 3.8206
Batch 300, Loss: 3.8206
Epoch 128 learning rate: 0.028711035421746387
Epoch 128 time: 118.870436668396 seconds
Epoch 128 accuracy: 1.0%
Batch 100, Loss: 3.8206
Batch 200, Loss: 3.8206
Batch 300, Loss: 3.8206
Epoch 129 learning rate: 0.02800304150720426
Epoch 129 time: 118.86207175254822 seconds
Epoch 129 accuracy: 1.0%
Batch 100, Loss: 3.8206
Batch 200, Loss: 3.8206
Batch 300, Loss: 3.8206
Epoch 130 learning rate: 0.02730047501302268
Epoch 130 time: 118.84042453765869 seconds
Epoch 130 accuracy: 1.0%
Batch 100, Loss: 3.8206
Batch 200, Loss: 3.8206
Batch 300, Loss: 3.8206
Epoch 131 learning rate: 0.026603509286971357
Epoch 131 time: 118.86925649642944 seconds
Epoch 131 accuracy: 1.0%
Batch 100, Loss: 3.8206
Batch 200, Loss: 3.8206
Batch 300, Loss: 3.8206
Epoch 132 learning rate: 0.025912316294914244
Epoch 132 time: 118.88008880615234 seconds
Epoch 132 accuracy: 1.0%
Batch 100, Loss: 3.8206
Batch 200, Loss: 3.8206
Batch 300, Loss: 3.8206
Epoch 133 learning rate: 0.025227066578379632
Epoch 133 time: 118.90882134437561 seconds
Epoch 133 accuracy: 1.0%
Batch 100, Loss: 3.8206
Batch 200, Loss: 3.8206
Batch 300, Loss: 3.8206
Epoch 134 learning rate: 0.024547929212481445
Epoch 134 time: 118.88396310806274 seconds
Epoch 134 accuracy: 1.0%
Batch 100, Loss: 3.8206
Batch 200, Loss: 3.8206
Batch 300, Loss: 3.8206
Epoch 135 learning rate: 0.02387507176420257
Epoch 135 time: 118.87738251686096 seconds
Epoch 135 accuracy: 1.0%
Batch 100, Loss: 3.8206
Batch 200, Loss: 3.8206
Batch 300, Loss: 3.8206
Epoch 136 learning rate: 0.023208660251050166
Epoch 136 time: 118.85864686965942 seconds
Epoch 136 accuracy: 1.0%
Batch 100, Loss: 3.8206
Batch 200, Loss: 3.8206
Batch 300, Loss: 3.8206
Epoch 137 learning rate: 0.022548859100093414
Epoch 137 time: 118.88117241859436 seconds
Epoch 137 accuracy: 1.0%
Batch 100, Loss: 3.8206
Batch 200, Loss: 3.8206
Batch 300, Loss: 3.8206
Epoch 138 learning rate: 0.021895831107393474
Epoch 138 time: 118.92917513847351 seconds
Epoch 138 accuracy: 1.0%
Batch 100, Loss: 3.8206
Batch 200, Loss: 3.8206
Batch 300, Loss: 3.8206
Epoch 139 learning rate: 0.02124973739783608
Epoch 139 time: 118.96798658370972 seconds
Epoch 139 accuracy: 1.0%
Batch 100, Loss: 3.8206
Batch 200, Loss: 3.8206
Batch 300, Loss: 3.8206
Epoch 140 learning rate: 0.02061073738537636
Epoch 140 time: 118.87711834907532 seconds
Epoch 140 accuracy: 1.0%
Batch 100, Loss: 3.8206
Batch 200, Loss: 3.8206
Batch 300, Loss: 3.8206
Epoch 141 learning rate: 0.019978988733705814
Epoch 141 time: 118.89254784584045 seconds
Epoch 141 accuracy: 1.0%
Batch 100, Loss: 3.8206
Batch 200, Loss: 3.8206
Batch 300, Loss: 3.8206
Epoch 142 learning rate: 0.01935464731735118
Epoch 142 time: 118.94860696792603 seconds
Epoch 142 accuracy: 1.0%
Batch 100, Loss: 3.8206
Batch 200, Loss: 3.8206
Batch 300, Loss: 3.8206
Epoch 143 learning rate: 0.018737867183214747
Epoch 143 time: 118.89395666122437 seconds
Epoch 143 accuracy: 1.0%
Batch 100, Loss: 3.8206
Batch 200, Loss: 3.8206
Batch 300, Loss: 3.8206
Epoch 144 learning rate: 0.01812880051256552
Epoch 144 time: 118.88743567466736 seconds
Epoch 144 accuracy: 1.0%
Batch 100, Loss: 3.8206
Batch 200, Loss: 3.8206
Batch 300, Loss: 3.8206
Epoch 145 learning rate: 0.017527597583490827
Epoch 145 time: 118.92290019989014 seconds
Epoch 145 accuracy: 1.0%
Batch 100, Loss: 3.8206
Batch 200, Loss: 3.8206
Batch 300, Loss: 3.8206
Epoch 146 learning rate: 0.01693440673381742
Epoch 146 time: 118.86067581176758 seconds
Epoch 146 accuracy: 1.0%
Batch 100, Loss: 3.8206
Batch 200, Loss: 3.8206
Batch 300, Loss: 3.8206
Epoch 147 learning rate: 0.016349374324511334
Epoch 147 time: 118.90267205238342 seconds
Epoch 147 accuracy: 1.0%
Batch 100, Loss: 3.8206
Batch 200, Loss: 3.8206
Batch 300, Loss: 3.8206
Epoch 148 learning rate: 0.01577264470356557
Epoch 148 time: 118.91150665283203 seconds
Epoch 148 accuracy: 1.0%
Batch 100, Loss: 3.8206
Batch 200, Loss: 3.8206
Batch 300, Loss: 3.8206
Epoch 149 learning rate: 0.01520436017038429
Epoch 149 time: 118.89331841468811 seconds
Epoch 149 accuracy: 1.0%
Batch 100, Loss: 3.8206
Batch 200, Loss: 3.8206
Batch 300, Loss: 3.8206
Epoch 150 learning rate: 0.014644660940672632
Epoch 150 time: 118.86622047424316 seconds
Epoch 150 accuracy: 1.0%
Batch 100, Loss: 3.8206
Batch 200, Loss: 3.8206
Batch 300, Loss: 3.8206
Epoch 151 learning rate: 0.01409368511184057
Epoch 151 time: 118.88682126998901 seconds
Epoch 151 accuracy: 1.0%
Batch 100, Loss: 3.8206
Batch 200, Loss: 3.8206
Batch 300, Loss: 3.8206
Epoch 152 learning rate: 0.013551568628929438
Epoch 152 time: 118.82328724861145 seconds
Epoch 152 accuracy: 1.0%
Batch 100, Loss: 3.8206
Batch 200, Loss: 3.8206
Batch 300, Loss: 3.8206
Epoch 153 learning rate: 0.013018445251069516
Epoch 153 time: 118.88662362098694 seconds
Epoch 153 accuracy: 1.0%
Batch 100, Loss: 3.8206
Batch 200, Loss: 3.8206
Batch 300, Loss: 3.8206
Epoch 154 learning rate: 0.012494446518477026
Epoch 154 time: 118.91687488555908 seconds
Epoch 154 accuracy: 1.0%
Batch 100, Loss: 3.8206
Batch 200, Loss: 3.8206
Batch 300, Loss: 3.8206
Epoch 155 learning rate: 0.011979701719998459
Epoch 155 time: 118.87090635299683 seconds
Epoch 155 accuracy: 1.0%
Batch 100, Loss: 3.8206
Batch 200, Loss: 3.8206
Batch 300, Loss: 3.8206
Epoch 156 learning rate: 0.011474337861210548
Epoch 156 time: 118.88142848014832 seconds
Epoch 156 accuracy: 1.0%
Batch 100, Loss: 3.8206
Batch 200, Loss: 3.8206
Batch 300, Loss: 3.8206
Epoch 157 learning rate: 0.010978479633083526
Epoch 157 time: 118.89292740821838 seconds
Epoch 157 accuracy: 1.0%
Batch 100, Loss: 3.8206
Batch 200, Loss: 3.8206
Batch 300, Loss: 3.8206
Epoch 158 learning rate: 0.010492249381215483
Epoch 158 time: 118.85776948928833 seconds
Epoch 158 accuracy: 1.0%
Batch 100, Loss: 3.8206
Batch 200, Loss: 3.8206
Batch 300, Loss: 3.8206
Epoch 159 learning rate: 0.010015767075645474
Epoch 159 time: 118.87502551078796 seconds
Epoch 159 accuracy: 1.0%
Batch 100, Loss: 3.8206
Batch 200, Loss: 3.8206
Batch 300, Loss: 3.8206
Epoch 160 learning rate: 0.009549150281252637
Epoch 160 time: 118.87431168556213 seconds
Epoch 160 accuracy: 1.0%
Batch 100, Loss: 3.8206
Batch 200, Loss: 3.8206
Batch 300, Loss: 3.8206
Epoch 161 learning rate: 0.00909251412874884
Epoch 161 time: 118.90962147712708 seconds
Epoch 161 accuracy: 1.0%
Batch 100, Loss: 3.8206
Batch 200, Loss: 3.8206
Batch 300, Loss: 3.8206
Epoch 162 learning rate: 0.008645971286271918
Epoch 162 time: 118.93379831314087 seconds
Epoch 162 accuracy: 1.0%
Batch 100, Loss: 3.8206
Batch 200, Loss: 3.8206
Batch 300, Loss: 3.8206
Epoch 163 learning rate: 0.008209631931586501
Epoch 163 time: 118.93034052848816 seconds
Epoch 163 accuracy: 1.0%
Batch 100, Loss: 3.8206
Batch 200, Loss: 3.8206
Batch 300, Loss: 3.8206
Epoch 164 learning rate: 0.0077836037248992605
Epoch 164 time: 118.96137595176697 seconds
Epoch 164 accuracy: 1.0%
Batch 100, Loss: 3.8206
Batch 200, Loss: 3.8206
Batch 300, Loss: 3.8206
Epoch 165 learning rate: 0.0073679917822954055
Epoch 165 time: 118.88027429580688 seconds
Epoch 165 accuracy: 1.0%
Batch 100, Loss: 3.8206
Batch 200, Loss: 3.8206
Batch 300, Loss: 3.8206
Epoch 166 learning rate: 0.006962898649802815
Epoch 166 time: 118.97685623168945 seconds
Epoch 166 accuracy: 1.0%
Batch 100, Loss: 3.8206
Batch 200, Loss: 3.8206
Batch 300, Loss: 3.8206
Epoch 167 learning rate: 0.006568424278090438
Epoch 167 time: 118.84311079978943 seconds
Epoch 167 accuracy: 1.0%
Batch 100, Loss: 3.8206
Batch 200, Loss: 3.8206
Batch 300, Loss: 3.8206
Epoch 168 learning rate: 0.006184665997806824
Epoch 168 time: 118.91144180297852 seconds
Epoch 168 accuracy: 1.0%
Batch 100, Loss: 3.8206
Batch 200, Loss: 3.8206
Batch 300, Loss: 3.8206
Epoch 169 learning rate: 0.00581171849556533
Epoch 169 time: 118.90220046043396 seconds
Epoch 169 accuracy: 1.0%
Batch 100, Loss: 3.8206
Batch 200, Loss: 3.8206
Batch 300, Loss: 3.8206
Epoch 170 learning rate: 0.0054496737905816136
Epoch 170 time: 118.92503929138184 seconds
Epoch 170 accuracy: 1.0%
Batch 100, Loss: 3.8206
Batch 200, Loss: 3.8206
Batch 300, Loss: 3.8206
Epoch 171 learning rate: 0.005098621211969226
Epoch 171 time: 118.91055917739868 seconds
Epoch 171 accuracy: 1.0%
Batch 100, Loss: 3.8206
Batch 200, Loss: 3.8206
Batch 300, Loss: 3.8206
Epoch 172 learning rate: 0.004758647376699035
Epoch 172 time: 118.89597868919373 seconds
Epoch 172 accuracy: 1.0%
Batch 100, Loss: 3.8206
Batch 200, Loss: 3.8206
Batch 300, Loss: 3.8206
Epoch 173 learning rate: 0.00442983616822775
Epoch 173 time: 118.94332885742188 seconds
Epoch 173 accuracy: 1.0%
Batch 100, Loss: 3.8206
Batch 200, Loss: 3.8206
Batch 300, Loss: 3.8206
Epoch 174 learning rate: 0.004112268715800957
Epoch 174 time: 118.88403272628784 seconds
Epoch 174 accuracy: 1.0%
Batch 100, Loss: 3.8206
Batch 200, Loss: 3.8206
Batch 300, Loss: 3.8206
Epoch 175 learning rate: 0.003806023374435677
Epoch 175 time: 118.9299042224884 seconds
Epoch 175 accuracy: 1.0%
Batch 100, Loss: 3.8206
Batch 200, Loss: 3.8206
Batch 300, Loss: 3.8206
Epoch 176 learning rate: 0.003511175705587435
Epoch 176 time: 118.9129683971405 seconds
Epoch 176 accuracy: 1.0%
Batch 100, Loss: 3.8206
Batch 200, Loss: 3.8206
Batch 300, Loss: 3.8206
Epoch 177 learning rate: 0.0032277984585066333
Epoch 177 time: 118.9079761505127 seconds
Epoch 177 accuracy: 1.0%
Batch 100, Loss: 3.8206
Batch 200, Loss: 3.8206
Batch 300, Loss: 3.8206
Epoch 178 learning rate: 0.002955961552288729
Epoch 178 time: 118.86833930015564 seconds
Epoch 178 accuracy: 1.0%
Batch 100, Loss: 3.8206
Batch 200, Loss: 3.8206
Batch 300, Loss: 3.8206
Epoch 179 learning rate: 0.0026957320586227366
Epoch 179 time: 118.88278150558472 seconds
Epoch 179 accuracy: 1.0%
Batch 100, Loss: 3.8206
Batch 200, Loss: 3.8206
Batch 300, Loss: 3.8206
Epoch 180 learning rate: 0.002447174185242325
Epoch 180 time: 118.88726305961609 seconds
Epoch 180 accuracy: 1.0%
Batch 100, Loss: 3.8206
Batch 200, Loss: 3.8206
Batch 300, Loss: 3.8206
Epoch 181 learning rate: 0.0022103492600834954
Epoch 181 time: 118.87465786933899 seconds
Epoch 181 accuracy: 1.0%
Batch 100, Loss: 3.8206
Batch 200, Loss: 3.8206
Batch 300, Loss: 3.8206
Epoch 182 learning rate: 0.0019853157161528537
Epoch 182 time: 118.89342784881592 seconds
Epoch 182 accuracy: 1.0%
Batch 100, Loss: 3.8206
Batch 200, Loss: 3.8206
Batch 300, Loss: 3.8206
Epoch 183 learning rate: 0.001772129077110103
Epoch 183 time: 118.86356568336487 seconds
Epoch 183 accuracy: 1.0%
Batch 100, Loss: 3.8206
Batch 200, Loss: 3.8206
Batch 300, Loss: 3.8206
Epoch 184 learning rate: 0.0015708419435684529
Epoch 184 time: 118.82385230064392 seconds
Epoch 184 accuracy: 1.0%
Batch 100, Loss: 3.8206
Batch 200, Loss: 3.8206
Batch 300, Loss: 3.8206
Epoch 185 learning rate: 0.0013815039801161732
Epoch 185 time: 118.86585092544556 seconds
Epoch 185 accuracy: 1.0%
Batch 100, Loss: 3.8206
Batch 200, Loss: 3.8206
Batch 300, Loss: 3.8206
Epoch 186 learning rate: 0.0012041619030626347
Epoch 186 time: 118.89562034606934 seconds
Epoch 186 accuracy: 1.0%
Batch 100, Loss: 3.8206
Batch 200, Loss: 3.8206
Batch 300, Loss: 3.8206
Epoch 187 learning rate: 0.0010388594689117077
Epoch 187 time: 118.87272763252258 seconds
Epoch 187 accuracy: 1.0%
Batch 100, Loss: 3.8206
Batch 200, Loss: 3.8206
Batch 300, Loss: 3.8206
Epoch 188 learning rate: 0.0008856374635655645
Epoch 188 time: 118.8506338596344 seconds
Epoch 188 accuracy: 1.0%
Batch 100, Loss: 3.8206
Batch 200, Loss: 3.8206
Batch 300, Loss: 3.8206
Epoch 189 learning rate: 0.000744533692261307
Epoch 189 time: 118.88103771209717 seconds
Epoch 189 accuracy: 1.0%
Batch 100, Loss: 3.8206
Batch 200, Loss: 3.8206
Batch 300, Loss: 3.8206
Epoch 190 learning rate: 0.0006155829702431174
Epoch 190 time: 118.90314030647278 seconds
Epoch 190 accuracy: 1.0%
Batch 100, Loss: 3.8206
Batch 200, Loss: 3.8206
Batch 300, Loss: 3.8206
Epoch 191 learning rate: 0.0004988171141721235
Epoch 191 time: 118.9224898815155 seconds
Epoch 191 accuracy: 1.0%
Batch 100, Loss: 3.8206
Batch 200, Loss: 3.8206
Batch 300, Loss: 3.8206
Epoch 192 learning rate: 0.00039426493427611206
Epoch 192 time: 118.91201782226562 seconds
Epoch 192 accuracy: 1.0%
Batch 100, Loss: 3.8206
Batch 200, Loss: 3.8206
Batch 300, Loss: 3.8206
Epoch 193 learning rate: 0.00030195222724102046
Epoch 193 time: 118.90439653396606 seconds
Epoch 193 accuracy: 1.0%
Batch 100, Loss: 3.8206
Batch 200, Loss: 3.8206
Batch 300, Loss: 3.8206
Epoch 194 learning rate: 0.00022190176984600036
Epoch 194 time: 118.89979028701782 seconds
Epoch 194 accuracy: 1.0%
Batch 100, Loss: 3.8206
Batch 200, Loss: 3.8206
Batch 300, Loss: 3.8206
Epoch 195 learning rate: 0.00015413331334360192
Epoch 195 time: 118.90272116661072 seconds
Epoch 195 accuracy: 1.0%
Batch 100, Loss: 3.8206
Batch 200, Loss: 3.8206
Batch 300, Loss: 3.8206
Epoch 196 learning rate: 9.866357858642213e-05
Epoch 196 time: 118.93373036384583 seconds
Epoch 196 accuracy: 1.0%
Batch 100, Loss: 3.8206
Batch 200, Loss: 3.8206
Batch 300, Loss: 3.8206
Epoch 197 learning rate: 5.5506251901504864e-05
Epoch 197 time: 118.9044337272644 seconds
Epoch 197 accuracy: 1.0%
Batch 100, Loss: 3.8206
Batch 200, Loss: 3.8206
Batch 300, Loss: 3.8206
Epoch 198 learning rate: 2.4671981713420017e-05
Epoch 198 time: 118.87596797943115 seconds
Epoch 198 accuracy: 1.0%
Batch 100, Loss: 3.8206
Batch 200, Loss: 3.8206
Batch 300, Loss: 3.8206
Epoch 199 learning rate: 6.168375916970619e-06
Epoch 199 time: 118.86980390548706 seconds
Epoch 199 accuracy: 1.0%
Batch 100, Loss: 3.8206
Batch 200, Loss: 3.8206
Batch 300, Loss: 3.8206
Epoch 200 learning rate: 0.0
Epoch 200 time: 118.90732431411743 seconds
Epoch 200 accuracy: 1.0%
Total training time: 23790.151104688644 seconds
