The following modules were not unloaded:
  (Use "module --force purge" to unload all):

  1) CCconfig        6)  ucx/1.14.1         11) flexiblas/3.3.1
  2) gentoo/2023     7)  libfabric/1.18.0   12) imkl/2023.2.0
  3) gcccore/.12.3   8)  pmix/4.2.4         13) StdEnv/2023
  4) gcc/12.3        9)  ucc/1.2.0
  5) hwloc/2.9.1     10) openmpi/4.1.5
/project/6070520/tkleinkn/Vanilla-GAM/main_cifar.py:187: UserWarning: You have chosen a specific GPU. This will completely disable data parallelism.
  warnings.warn('You have chosen a specific GPU. This will completely '
model name space ['resnet101_c', 'resnet152_c', 'resnet18_c', 'resnet34_c', 'resnet50_c']
Use GPU: 0 for training
=> creating model 'resnet18_c'
Files already downloaded and verified
Files already downloaded and verified
tensorboard dir ./results/CIFAR100/GNOM
Using Gradient-Norm Only Minimization (GNOM)
/home/tkleinkn/GAMtest/lib/python3.11/site-packages/torch/autograd/graph.py:744: UserWarning: Using backward() with create_graph=True will create a reference cycle between the parameter and its gradient which can cause a memory leak. We recommend using autograd.grad when creating the graph to avoid this. If you have to use this function, make sure to reset the .grad fields of your parameters to None after use to break the cycle and avoid the leak. (Triggered internally at /home/coulombc/wheels_builder/tmp.2617/python-3.11/torch/torch/csrc/autograd/engine.cpp:1203.)
  return Variable._execution_engine.run_backward(  # Calls into the C++ engine to run the backward pass
Batch 100, Loss: 238.6459
Batch 200, Loss: 29.4385
Batch 300, Loss: 13.0643
Epoch 1 learning rate: 0.09999383162408304
Epoch 1 time: 129.1050319671631 seconds
Epoch 1 accuracy: 1.15%
Batch 100, Loss: 7.1991
Batch 200, Loss: 6.2288
Batch 300, Loss: 5.5248
Epoch 2 learning rate: 0.09997532801828658
Epoch 2 time: 119.66240334510803 seconds
Epoch 2 accuracy: 1.17%
Batch 100, Loss: 4.8208
Batch 200, Loss: 4.6134
Batch 300, Loss: 4.4686
Epoch 3 learning rate: 0.09994449374809851
Epoch 3 time: 119.95097708702087 seconds
Epoch 3 accuracy: 1.19%
Batch 100, Loss: 4.2289
Batch 200, Loss: 4.1554
Batch 300, Loss: 4.1112
Epoch 4 learning rate: 0.09990133642141359
Epoch 4 time: 119.7735652923584 seconds
Epoch 4 accuracy: 1.37%
Batch 100, Loss: 4.0536
Batch 200, Loss: 3.9812
Batch 300, Loss: 3.9802
Epoch 5 learning rate: 0.09984586668665642
Epoch 5 time: 119.65866661071777 seconds
Epoch 5 accuracy: 1.25%
Batch 100, Loss: 3.9416
Batch 200, Loss: 3.9252
Batch 300, Loss: 3.9040
Epoch 6 learning rate: 0.09977809823015402
Epoch 6 time: 119.40093040466309 seconds
Epoch 6 accuracy: 1.26%
Batch 100, Loss: 3.8833
Batch 200, Loss: 3.8752
Batch 300, Loss: 3.8712
Epoch 7 learning rate: 0.09969804777275901
Epoch 7 time: 119.41312408447266 seconds
Epoch 7 accuracy: 1.27%
Batch 100, Loss: 3.8604
Batch 200, Loss: 3.8512
Batch 300, Loss: 3.8519
Epoch 8 learning rate: 0.09960573506572391
Epoch 8 time: 119.40470695495605 seconds
Epoch 8 accuracy: 1.26%
Batch 100, Loss: 3.8383
Batch 200, Loss: 3.8462
Batch 300, Loss: 3.8389
Epoch 9 learning rate: 0.09950118288582789
Epoch 9 time: 118.99858021736145 seconds
Epoch 9 accuracy: 1.28%
Batch 100, Loss: 3.8371
Batch 200, Loss: 3.8340
Batch 300, Loss: 3.8296
Epoch 10 learning rate: 0.09938441702975691
Epoch 10 time: 119.15077567100525 seconds
Epoch 10 accuracy: 1.25%
Batch 100, Loss: 3.8293
Batch 200, Loss: 3.8274
Batch 300, Loss: 3.8285
Epoch 11 learning rate: 0.09925546630773871
Epoch 11 time: 119.07512831687927 seconds
Epoch 11 accuracy: 1.23%
Batch 100, Loss: 3.8278
Batch 200, Loss: 3.8255
Batch 300, Loss: 3.8245
Epoch 12 learning rate: 0.09911436253643445
Epoch 12 time: 119.52439785003662 seconds
Epoch 12 accuracy: 1.22%
Batch 100, Loss: 3.8240
Batch 200, Loss: 3.8229
Batch 300, Loss: 3.8239
Epoch 13 learning rate: 0.0989611405310883
Epoch 13 time: 119.4567985534668 seconds
Epoch 13 accuracy: 1.19%
Batch 100, Loss: 3.8243
Batch 200, Loss: 3.8209
Batch 300, Loss: 3.8230
Epoch 14 learning rate: 0.09879583809693739
Epoch 14 time: 119.7958710193634 seconds
Epoch 14 accuracy: 1.23%
Batch 100, Loss: 3.8216
Batch 200, Loss: 3.8212
Batch 300, Loss: 3.8222
Epoch 15 learning rate: 0.09861849601988384
Epoch 15 time: 119.46432733535767 seconds
Epoch 15 accuracy: 1.17%
Batch 100, Loss: 3.8212
Batch 200, Loss: 3.8217
Batch 300, Loss: 3.8211
Epoch 16 learning rate: 0.09842915805643157
Epoch 16 time: 119.51619791984558 seconds
Epoch 16 accuracy: 1.22%
Batch 100, Loss: 3.8216
Batch 200, Loss: 3.8207
Batch 300, Loss: 3.8206
Epoch 17 learning rate: 0.09822787092288993
Epoch 17 time: 119.62077689170837 seconds
Epoch 17 accuracy: 1.16%
Batch 100, Loss: 3.8204
Batch 200, Loss: 3.8208
Batch 300, Loss: 3.8210
Epoch 18 learning rate: 0.09801468428384717
Epoch 18 time: 119.25597715377808 seconds
Epoch 18 accuracy: 1.13%
Batch 100, Loss: 3.8204
Batch 200, Loss: 3.8210
Batch 300, Loss: 3.8206
Epoch 19 learning rate: 0.09778965073991652
Epoch 19 time: 119.28074860572815 seconds
Epoch 19 accuracy: 1.13%
Batch 100, Loss: 3.8206
Batch 200, Loss: 3.8207
Batch 300, Loss: 3.8208
Epoch 20 learning rate: 0.0975528258147577
Epoch 20 time: 119.04409909248352 seconds
Epoch 20 accuracy: 1.09%
Batch 100, Loss: 3.8207
Batch 200, Loss: 3.8205
Batch 300, Loss: 3.8206
Epoch 21 learning rate: 0.09730426794137728
Epoch 21 time: 119.26480555534363 seconds
Epoch 21 accuracy: 1.08%
Batch 100, Loss: 3.8205
Batch 200, Loss: 3.8206
Batch 300, Loss: 3.8207
Epoch 22 learning rate: 0.09704403844771128
Epoch 22 time: 119.40769505500793 seconds
Epoch 22 accuracy: 1.08%
Batch 100, Loss: 3.8205
Batch 200, Loss: 3.8207
Batch 300, Loss: 3.8206
Epoch 23 learning rate: 0.09677220154149338
Epoch 23 time: 119.2326545715332 seconds
Epoch 23 accuracy: 1.07%
Batch 100, Loss: 3.8206
Batch 200, Loss: 3.8207
Batch 300, Loss: 3.8205
Epoch 24 learning rate: 0.09648882429441258
Epoch 24 time: 119.40742588043213 seconds
Epoch 24 accuracy: 1.07%
Batch 100, Loss: 3.8207
Batch 200, Loss: 3.8206
Batch 300, Loss: 3.8205
Epoch 25 learning rate: 0.09619397662556435
Epoch 25 time: 119.49652171134949 seconds
Epoch 25 accuracy: 1.04%
Batch 100, Loss: 3.8207
Batch 200, Loss: 3.8206
Batch 300, Loss: 3.8205
Epoch 26 learning rate: 0.09588773128419906
Epoch 26 time: 119.43230438232422 seconds
Epoch 26 accuracy: 1.01%
Batch 100, Loss: 3.8206
Batch 200, Loss: 3.8206
Batch 300, Loss: 3.8206
Epoch 27 learning rate: 0.09557016383177226
Epoch 27 time: 119.31292772293091 seconds
Epoch 27 accuracy: 1.0%
Batch 100, Loss: 3.8206
Batch 200, Loss: 3.8205
Batch 300, Loss: 3.8206
Epoch 28 learning rate: 0.09524135262330098
Epoch 28 time: 119.38796639442444 seconds
Epoch 28 accuracy: 1.0%
Batch 100, Loss: 3.8206
Batch 200, Loss: 3.8206
Batch 300, Loss: 3.8206
Epoch 29 learning rate: 0.09490137878803079
Epoch 29 time: 119.4733293056488 seconds
Epoch 29 accuracy: 1.0%
Batch 100, Loss: 3.8206
Batch 200, Loss: 3.8206
Batch 300, Loss: 3.8206
Epoch 30 learning rate: 0.0945503262094184
Epoch 30 time: 119.30205345153809 seconds
Epoch 30 accuracy: 1.02%
Batch 100, Loss: 3.8206
Batch 200, Loss: 3.8206
Batch 300, Loss: 3.8206
Epoch 31 learning rate: 0.0941882815044347
Epoch 31 time: 119.2817714214325 seconds
Epoch 31 accuracy: 1.05%
Batch 100, Loss: 3.8206
Batch 200, Loss: 3.8206
Batch 300, Loss: 3.8206
Epoch 32 learning rate: 0.09381533400219319
Epoch 32 time: 119.12610197067261 seconds
Epoch 32 accuracy: 1.05%
Batch 100, Loss: 3.8206
Batch 200, Loss: 3.8206
Batch 300, Loss: 3.8206
Epoch 33 learning rate: 0.09343157572190958
Epoch 33 time: 119.12896871566772 seconds
Epoch 33 accuracy: 1.04%
Batch 100, Loss: 3.8206
Batch 200, Loss: 3.8206
Batch 300, Loss: 3.8206
Epoch 34 learning rate: 0.0930371013501972
Epoch 34 time: 118.87543630599976 seconds
Epoch 34 accuracy: 1.04%
Batch 100, Loss: 3.8206
Batch 200, Loss: 3.8206
Batch 300, Loss: 3.8206
Epoch 35 learning rate: 0.09263200821770463
Epoch 35 time: 118.98171353340149 seconds
Epoch 35 accuracy: 1.0%
Batch 100, Loss: 3.8206
Batch 200, Loss: 3.8206
Batch 300, Loss: 3.8206
Epoch 36 learning rate: 0.09221639627510078
Epoch 36 time: 119.17090153694153 seconds
Epoch 36 accuracy: 1.04%
Batch 100, Loss: 3.8206
Batch 200, Loss: 3.8206
Batch 300, Loss: 3.8206
Epoch 37 learning rate: 0.09179036806841355
Epoch 37 time: 119.02632999420166 seconds
Epoch 37 accuracy: 1.0%
Batch 100, Loss: 3.8206
Batch 200, Loss: 3.8206
Batch 300, Loss: 3.8206
Epoch 38 learning rate: 0.09135402871372812
Epoch 38 time: 119.1586377620697 seconds
Epoch 38 accuracy: 1.0%
Batch 100, Loss: 3.8206
Batch 200, Loss: 3.8206
Batch 300, Loss: 3.8206
Epoch 39 learning rate: 0.0909074858712512
Epoch 39 time: 119.12710070610046 seconds
Epoch 39 accuracy: 1.0%
Batch 100, Loss: 3.8206
Batch 200, Loss: 3.8206
Batch 300, Loss: 3.8206
Epoch 40 learning rate: 0.09045084971874741
Epoch 40 time: 119.18684673309326 seconds
Epoch 40 accuracy: 1.04%
Batch 100, Loss: 3.8206
Batch 200, Loss: 3.8206
Batch 300, Loss: 3.8206
Epoch 41 learning rate: 0.08998423292435458
Epoch 41 time: 119.05756974220276 seconds
Epoch 41 accuracy: 1.0%
Batch 100, Loss: 3.8206
Batch 200, Loss: 3.8206
Batch 300, Loss: 3.8206
Epoch 42 learning rate: 0.08950775061878455
Epoch 42 time: 119.2416262626648 seconds
Epoch 42 accuracy: 1.0%
Batch 100, Loss: 3.8206
Batch 200, Loss: 3.8206
Batch 300, Loss: 3.8206
Epoch 43 learning rate: 0.08902152036691653
Epoch 43 time: 119.57579588890076 seconds
Epoch 43 accuracy: 1.0%
Batch 100, Loss: 3.8206
Batch 200, Loss: 3.8206
Batch 300, Loss: 3.8206
Epoch 44 learning rate: 0.08852566213878951
Epoch 44 time: 119.3223466873169 seconds
Epoch 44 accuracy: 1.0%
Batch 100, Loss: 3.8206
Batch 200, Loss: 3.8206
Batch 300, Loss: 3.8206
Epoch 45 learning rate: 0.0880202982800016
Epoch 45 time: 119.57755279541016 seconds
Epoch 45 accuracy: 1.0%
Batch 100, Loss: 3.8206
Batch 200, Loss: 3.8206
Batch 300, Loss: 3.8206
Epoch 46 learning rate: 0.08750555348152303
Epoch 46 time: 119.49502110481262 seconds
Epoch 46 accuracy: 1.0%
Batch 100, Loss: 3.8206
Batch 200, Loss: 3.8206
Batch 300, Loss: 3.8206
Epoch 47 learning rate: 0.08698155474893052
Epoch 47 time: 119.63737773895264 seconds
Epoch 47 accuracy: 1.0%
Batch 100, Loss: 3.8206
Batch 200, Loss: 3.8206
Batch 300, Loss: 3.8206
Epoch 48 learning rate: 0.08644843137107061
Epoch 48 time: 119.58549761772156 seconds
Epoch 48 accuracy: 1.0%
Batch 100, Loss: 3.8206
Batch 200, Loss: 3.8206
Batch 300, Loss: 3.8206
Epoch 49 learning rate: 0.08590631488815947
Epoch 49 time: 119.59278392791748 seconds
Epoch 49 accuracy: 1.0%
Batch 100, Loss: 3.8206
Batch 200, Loss: 3.8206
Batch 300, Loss: 3.8206
Epoch 50 learning rate: 0.0853553390593274
Epoch 50 time: 119.64870309829712 seconds
Epoch 50 accuracy: 1.0%
Batch 100, Loss: 3.8206
Batch 200, Loss: 3.8206
Batch 300, Loss: 3.8206
Epoch 51 learning rate: 0.08479563982961574
Epoch 51 time: 119.64101648330688 seconds
Epoch 51 accuracy: 1.0%
Batch 100, Loss: 3.8206
Batch 200, Loss: 3.8206
Batch 300, Loss: 3.8206
Epoch 52 learning rate: 0.08422735529643446
Epoch 52 time: 119.74609303474426 seconds
Epoch 52 accuracy: 1.0%
Batch 100, Loss: 3.8206
Batch 200, Loss: 3.8206
Batch 300, Loss: 3.8206
Epoch 53 learning rate: 0.08365062567548869
Epoch 53 time: 119.43135237693787 seconds
Epoch 53 accuracy: 1.0%
Batch 100, Loss: 3.8206
Batch 200, Loss: 3.8206
Batch 300, Loss: 3.8206
Epoch 54 learning rate: 0.08306559326618261
Epoch 54 time: 119.35029149055481 seconds
Epoch 54 accuracy: 1.0%
Batch 100, Loss: 3.8206
Batch 200, Loss: 3.8206
Batch 300, Loss: 3.8206
Epoch 55 learning rate: 0.0824724024165092
Epoch 55 time: 119.21740508079529 seconds
Epoch 55 accuracy: 1.0%
Batch 100, Loss: 3.8206
Batch 200, Loss: 3.8206
Batch 300, Loss: 3.8206
Epoch 56 learning rate: 0.0818711994874345
Epoch 56 time: 119.49153304100037 seconds
Epoch 56 accuracy: 1.0%
Batch 100, Loss: 3.8206
Batch 200, Loss: 3.8206
Batch 300, Loss: 3.8206
Epoch 57 learning rate: 0.08126213281678528
Epoch 57 time: 119.33352255821228 seconds
Epoch 57 accuracy: 1.0%
Batch 100, Loss: 3.8206
Batch 200, Loss: 3.8206
Batch 300, Loss: 3.8206
Epoch 58 learning rate: 0.08064535268264884
Epoch 58 time: 119.37737679481506 seconds
Epoch 58 accuracy: 1.0%
Batch 100, Loss: 3.8206
Batch 200, Loss: 3.8206
Batch 300, Loss: 3.8206
Epoch 59 learning rate: 0.08002101126629421
Epoch 59 time: 119.31563353538513 seconds
Epoch 59 accuracy: 1.0%
Batch 100, Loss: 3.8206
Batch 200, Loss: 3.8206
Batch 300, Loss: 3.8206
Epoch 60 learning rate: 0.07938926261462367
Epoch 60 time: 119.31933283805847 seconds
Epoch 60 accuracy: 1.0%
Batch 100, Loss: 3.8206
Batch 200, Loss: 3.8206
Batch 300, Loss: 3.8206
Epoch 61 learning rate: 0.07875026260216395
Epoch 61 time: 119.13897180557251 seconds
Epoch 61 accuracy: 1.0%
Batch 100, Loss: 3.8206
Batch 200, Loss: 3.8206
Batch 300, Loss: 3.8206
Epoch 62 learning rate: 0.07810416889260656
Epoch 62 time: 119.18169689178467 seconds
Epoch 62 accuracy: 1.0%
Batch 100, Loss: 3.8206
Batch 200, Loss: 3.8206
Batch 300, Loss: 3.8206
Epoch 63 learning rate: 0.07745114089990661
Epoch 63 time: 119.4091808795929 seconds
Epoch 63 accuracy: 1.0%
Batch 100, Loss: 3.8206
Batch 200, Loss: 3.8206
Batch 300, Loss: 3.8206
Epoch 64 learning rate: 0.07679133974894985
Epoch 64 time: 119.19662261009216 seconds
Epoch 64 accuracy: 1.0%
Batch 100, Loss: 3.8206
Batch 200, Loss: 3.8206
Batch 300, Loss: 3.8206
Epoch 65 learning rate: 0.07612492823579746
Epoch 65 time: 119.30523419380188 seconds
Epoch 65 accuracy: 1.0%
Batch 100, Loss: 3.8206
Batch 200, Loss: 3.8206
Batch 300, Loss: 3.8206
Epoch 66 learning rate: 0.07545207078751859
Epoch 66 time: 119.09433698654175 seconds
Epoch 66 accuracy: 1.0%
Batch 100, Loss: 3.8206
Batch 200, Loss: 3.8206
Batch 300, Loss: 3.8206
Epoch 67 learning rate: 0.0747729334216204
Epoch 67 time: 119.14052248001099 seconds
Epoch 67 accuracy: 1.0%
Batch 100, Loss: 3.8206
Batch 200, Loss: 3.8206
Batch 300, Loss: 3.8206
Epoch 68 learning rate: 0.07408768370508578
Epoch 68 time: 119.43560552597046 seconds
Epoch 68 accuracy: 1.0%
Batch 100, Loss: 3.8206
Batch 200, Loss: 3.8206
Batch 300, Loss: 3.8206
Epoch 69 learning rate: 0.0733964907130287
Epoch 69 time: 119.3949568271637 seconds
Epoch 69 accuracy: 1.0%
Batch 100, Loss: 3.8206
Batch 200, Loss: 3.8206
Batch 300, Loss: 3.8206
Epoch 70 learning rate: 0.07269952498697736
Epoch 70 time: 119.480153799057 seconds
Epoch 70 accuracy: 1.0%
Batch 100, Loss: 3.8206
Batch 200, Loss: 3.8206
Batch 300, Loss: 3.8206
Epoch 71 learning rate: 0.07199695849279578
Epoch 71 time: 119.63921308517456 seconds
Epoch 71 accuracy: 1.0%
Batch 100, Loss: 3.8206
Batch 200, Loss: 3.8206
Batch 300, Loss: 3.8206
Epoch 72 learning rate: 0.07128896457825366
Epoch 72 time: 119.75933623313904 seconds
Epoch 72 accuracy: 1.0%
Batch 100, Loss: 3.8206
Batch 200, Loss: 3.8206
Batch 300, Loss: 3.8206
Epoch 73 learning rate: 0.07057571793025548
Epoch 73 time: 119.33070349693298 seconds
Epoch 73 accuracy: 1.0%
Batch 100, Loss: 3.8206
Batch 200, Loss: 3.8206
Batch 300, Loss: 3.8206
Epoch 74 learning rate: 0.06985739453173906
Epoch 74 time: 119.08492136001587 seconds
Epoch 74 accuracy: 1.0%
Batch 100, Loss: 3.8206
Batch 200, Loss: 3.8206
Batch 300, Loss: 3.8206
Epoch 75 learning rate: 0.06913417161825453
Epoch 75 time: 119.36286211013794 seconds
Epoch 75 accuracy: 1.0%
Batch 100, Loss: 3.8206
Batch 200, Loss: 3.8206
Batch 300, Loss: 3.8206
Epoch 76 learning rate: 0.06840622763423394
Epoch 76 time: 119.34587454795837 seconds
Epoch 76 accuracy: 1.0%
Batch 100, Loss: 3.8206
Batch 200, Loss: 3.8206
Batch 300, Loss: 3.8206
Epoch 77 learning rate: 0.0676737421889629
Epoch 77 time: 119.17111206054688 seconds
Epoch 77 accuracy: 1.0%
Batch 100, Loss: 3.8206
Batch 200, Loss: 3.8206
Batch 300, Loss: 3.8206
Epoch 78 learning rate: 0.06693689601226462
Epoch 78 time: 119.3223831653595 seconds
Epoch 78 accuracy: 1.0%
Batch 100, Loss: 3.8206
Batch 200, Loss: 3.8206
Batch 300, Loss: 3.8206
Epoch 79 learning rate: 0.06619587090990751
Epoch 79 time: 119.38917875289917 seconds
Epoch 79 accuracy: 1.0%
Batch 100, Loss: 3.8206
Batch 200, Loss: 3.8206
Batch 300, Loss: 3.8206
Epoch 80 learning rate: 0.06545084971874741
Epoch 80 time: 119.18305587768555 seconds
Epoch 80 accuracy: 1.0%
Batch 100, Loss: 3.8206
Batch 200, Loss: 3.8206
Batch 300, Loss: 3.8206
Epoch 81 learning rate: 0.06470201626161524
Epoch 81 time: 119.44187951087952 seconds
Epoch 81 accuracy: 1.0%
Batch 100, Loss: 3.8206
Batch 200, Loss: 3.8206
Batch 300, Loss: 3.8206
Epoch 82 learning rate: 0.06394955530196152
Epoch 82 time: 119.14638304710388 seconds
Epoch 82 accuracy: 1.0%
Batch 100, Loss: 3.8206
Batch 200, Loss: 3.8206
Batch 300, Loss: 3.8206
Epoch 83 learning rate: 0.06319365249826868
Epoch 83 time: 118.8456437587738 seconds
Epoch 83 accuracy: 1.0%
Batch 100, Loss: 3.8206
Batch 200, Loss: 3.8206
Batch 300, Loss: 3.8206
Epoch 84 learning rate: 0.06243449435824277
Epoch 84 time: 118.98276019096375 seconds
Epoch 84 accuracy: 1.0%
Batch 100, Loss: 3.8206
Batch 200, Loss: 3.8206
Batch 300, Loss: 3.8206
Epoch 85 learning rate: 0.06167226819279532
Epoch 85 time: 118.99720191955566 seconds
Epoch 85 accuracy: 1.0%
Batch 100, Loss: 3.8206
Batch 200, Loss: 3.8206
Batch 300, Loss: 3.8206
Epoch 86 learning rate: 0.06090716206982718
Epoch 86 time: 119.16751623153687 seconds
Epoch 86 accuracy: 1.0%
Batch 100, Loss: 3.8206
Batch 200, Loss: 3.8206
Batch 300, Loss: 3.8206
Epoch 87 learning rate: 0.06013936476782568
Epoch 87 time: 119.03196954727173 seconds
Epoch 87 accuracy: 1.0%
Batch 100, Loss: 3.8206
Batch 200, Loss: 3.8206
Batch 300, Loss: 3.8206
Epoch 88 learning rate: 0.05936906572928629
Epoch 88 time: 119.12386918067932 seconds
Epoch 88 accuracy: 1.0%
Batch 100, Loss: 3.8206
Batch 200, Loss: 3.8206
Batch 300, Loss: 3.8206
Epoch 89 learning rate: 0.05859645501397052
Epoch 89 time: 119.06279373168945 seconds
Epoch 89 accuracy: 1.0%
Batch 100, Loss: 3.8206
Batch 200, Loss: 3.8206
Batch 300, Loss: 3.8206
Epoch 90 learning rate: 0.05782172325201159
Epoch 90 time: 119.19856834411621 seconds
Epoch 90 accuracy: 1.0%
Batch 100, Loss: 3.8206
Batch 200, Loss: 3.8206
Batch 300, Loss: 3.8206
Epoch 91 learning rate: 0.057045061596879186
Epoch 91 time: 119.38799452781677 seconds
Epoch 91 accuracy: 1.0%
Batch 100, Loss: 3.8206
Batch 200, Loss: 3.8206
Batch 300, Loss: 3.8206
Epoch 92 learning rate: 0.056266661678215264
Epoch 92 time: 119.68726968765259 seconds
Epoch 92 accuracy: 1.0%
Batch 100, Loss: 3.8206
Batch 200, Loss: 3.8206
Batch 300, Loss: 3.8206
Epoch 93 learning rate: 0.055486715554552306
Epoch 93 time: 119.4643189907074 seconds
Epoch 93 accuracy: 1.0%
Batch 100, Loss: 3.8206
Batch 200, Loss: 3.8206
Batch 300, Loss: 3.8206
Epoch 94 learning rate: 0.05470541566592575
Epoch 94 time: 119.42192673683167 seconds
Epoch 94 accuracy: 1.0%
Batch 100, Loss: 3.8206
Batch 200, Loss: 3.8206
Batch 300, Loss: 3.8206
Epoch 95 learning rate: 0.05392295478639229
Epoch 95 time: 119.579754114151 seconds
Epoch 95 accuracy: 1.0%
Batch 100, Loss: 3.8206
Batch 200, Loss: 3.8206
Batch 300, Loss: 3.8206
Epoch 96 learning rate: 0.05313952597646571
Epoch 96 time: 119.63017129898071 seconds
Epoch 96 accuracy: 1.0%
Batch 100, Loss: 3.8206
Batch 200, Loss: 3.8206
Batch 300, Loss: 3.8206
Epoch 97 learning rate: 0.05235532253548216
Epoch 97 time: 119.62519097328186 seconds
Epoch 97 accuracy: 1.0%
Batch 100, Loss: 3.8206
Batch 200, Loss: 3.8206
Batch 300, Loss: 3.8206
Epoch 98 learning rate: 0.051570537953906447
Epoch 98 time: 119.61516690254211 seconds
Epoch 98 accuracy: 1.0%
Batch 100, Loss: 3.8206
Batch 200, Loss: 3.8206
Batch 300, Loss: 3.8206
Epoch 99 learning rate: 0.05078536586559106
Epoch 99 time: 119.75714492797852 seconds
Epoch 99 accuracy: 1.0%
Batch 100, Loss: 3.8206
Batch 200, Loss: 3.8206
Batch 300, Loss: 3.8206
Epoch 100 learning rate: 0.050000000000000024
Epoch 100 time: 119.70480442047119 seconds
Epoch 100 accuracy: 1.0%
Batch 100, Loss: 3.8206
Batch 200, Loss: 3.8206
Batch 300, Loss: 3.8206
Epoch 101 learning rate: 0.049214634134409
Epoch 101 time: 119.65408778190613 seconds
Epoch 101 accuracy: 1.0%
Batch 100, Loss: 3.8206
Batch 200, Loss: 3.8206
Batch 300, Loss: 3.8206
Epoch 102 learning rate: 0.04842946204609361
Epoch 102 time: 119.32856678962708 seconds
Epoch 102 accuracy: 1.0%
Batch 100, Loss: 3.8206
Batch 200, Loss: 3.8206
Batch 300, Loss: 3.8206
Epoch 103 learning rate: 0.04764467746451789
Epoch 103 time: 119.57781744003296 seconds
Epoch 103 accuracy: 1.0%
Batch 100, Loss: 3.8206
Batch 200, Loss: 3.8206
Batch 300, Loss: 3.8206
Epoch 104 learning rate: 0.046860474023534354
Epoch 104 time: 119.33956384658813 seconds
Epoch 104 accuracy: 1.0%
Batch 100, Loss: 3.8206
Batch 200, Loss: 3.8206
Batch 300, Loss: 3.8206
Epoch 105 learning rate: 0.04607704521360778
Epoch 105 time: 119.41652822494507 seconds
Epoch 105 accuracy: 1.0%
Batch 100, Loss: 3.8206
Batch 200, Loss: 3.8206
Batch 300, Loss: 3.8206
Epoch 106 learning rate: 0.04529458433407431
Epoch 106 time: 119.31159663200378 seconds
Epoch 106 accuracy: 1.0%
Batch 100, Loss: 3.8206
Batch 200, Loss: 3.8206
Batch 300, Loss: 3.8206
Epoch 107 learning rate: 0.04451328444544776
Epoch 107 time: 119.11946320533752 seconds
Epoch 107 accuracy: 1.0%
Batch 100, Loss: 3.8206
Batch 200, Loss: 3.8206
Batch 300, Loss: 3.8206
Epoch 108 learning rate: 0.04373333832178482
Epoch 108 time: 119.34837460517883 seconds
Epoch 108 accuracy: 1.0%
Batch 100, Loss: 3.8206
Batch 200, Loss: 3.8206
Batch 300, Loss: 3.8206
Epoch 109 learning rate: 0.0429549384031209
Epoch 109 time: 119.4220085144043 seconds
Epoch 109 accuracy: 1.0%
Batch 100, Loss: 3.8206
Batch 200, Loss: 3.8206
Batch 300, Loss: 3.8206
Epoch 110 learning rate: 0.042178276747988484
Epoch 110 time: 119.3608968257904 seconds
Epoch 110 accuracy: 1.0%
Batch 100, Loss: 3.8206
Batch 200, Loss: 3.8206
Batch 300, Loss: 3.8206
Epoch 111 learning rate: 0.04140354498602954
Epoch 111 time: 119.23303246498108 seconds
Epoch 111 accuracy: 1.0%
Batch 100, Loss: 3.8206
Batch 200, Loss: 3.8206
Batch 300, Loss: 3.8206
Epoch 112 learning rate: 0.0406309342707138
Epoch 112 time: 119.10342335700989 seconds
Epoch 112 accuracy: 1.0%
Batch 100, Loss: 3.8206
Batch 200, Loss: 3.8206
Batch 300, Loss: 3.8206
Epoch 113 learning rate: 0.03986063523217441
Epoch 113 time: 119.14292502403259 seconds
Epoch 113 accuracy: 1.0%
slurmstepd: error: *** JOB 23220337 ON gra829 CANCELLED AT 2024-07-17T09:20:07 ***
