The following modules were not unloaded:
  (Use "module --force purge" to unload all):

  1) CCconfig        6)  ucx/1.14.1         11) flexiblas/3.3.1
  2) gentoo/2023     7)  libfabric/1.18.0   12) imkl/2023.2.0
  3) gcccore/.12.3   8)  pmix/4.2.4         13) StdEnv/2023
  4) gcc/12.3        9)  ucc/1.2.0
  5) hwloc/2.9.1     10) openmpi/4.1.5
/project/6070520/tkleinkn/Vanilla-GAM/main_cifar.py:187: UserWarning: You have chosen a specific GPU. This will completely disable data parallelism.
  warnings.warn('You have chosen a specific GPU. This will completely '
model name space ['resnet101_c', 'resnet152_c', 'resnet18_c', 'resnet34_c', 'resnet50_c']
Use GPU: 0 for training
=> creating model 'resnet18_c'
Files already downloaded and verified
Files already downloaded and verified
tensorboard dir ./results/CIFAR10/GNOM
Using Gradient-Norm Only Minimization (GNOM)
/home/tkleinkn/GAMtest/lib/python3.11/site-packages/torch/autograd/graph.py:744: UserWarning: Using backward() with create_graph=True will create a reference cycle between the parameter and its gradient which can cause a memory leak. We recommend using autograd.grad when creating the graph to avoid this. If you have to use this function, make sure to reset the .grad fields of your parameters to None after use to break the cycle and avoid the leak. (Triggered internally at /home/coulombc/wheels_builder/tmp.2617/python-3.11/torch/torch/csrc/autograd/engine.cpp:1203.)
  return Variable._execution_engine.run_backward(  # Calls into the C++ engine to run the backward pass
Batch 100, Loss: 2866.9623
Batch 200, Loss: 185.4957
Batch 300, Loss: 42.6050
Epoch 1 learning rate: 0.09999383162408304
Epoch 1 time: 127.71394658088684 seconds
Epoch 1 accuracy: 10.12%
Batch 100, Loss: 18.7642
Batch 200, Loss: 16.8617
Batch 300, Loss: 15.0941
Epoch 2 learning rate: 0.09997532801828658
Epoch 2 time: 118.91468715667725 seconds
Epoch 2 accuracy: 11.6%
Batch 100, Loss: 12.4295
Batch 200, Loss: 11.3980
Batch 300, Loss: 10.3412
Epoch 3 learning rate: 0.09994449374809851
Epoch 3 time: 118.91274499893188 seconds
Epoch 3 accuracy: 12.43%
Batch 100, Loss: 8.8816
Batch 200, Loss: 8.1778
Batch 300, Loss: 7.4228
Epoch 4 learning rate: 0.09990133642141359
Epoch 4 time: 118.90378665924072 seconds
Epoch 4 accuracy: 12.47%
Batch 100, Loss: 6.3757
Batch 200, Loss: 5.7526
Batch 300, Loss: 5.2009
Epoch 5 learning rate: 0.09984586668665642
Epoch 5 time: 118.87926387786865 seconds
Epoch 5 accuracy: 13.15%
Batch 100, Loss: 4.3313
Batch 200, Loss: 3.9684
Batch 300, Loss: 3.6926
Epoch 6 learning rate: 0.09977809823015402
Epoch 6 time: 118.85447263717651 seconds
Epoch 6 accuracy: 13.05%
Batch 100, Loss: 3.3060
Batch 200, Loss: 3.1725
Batch 300, Loss: 3.0515
Epoch 7 learning rate: 0.09969804777275901
Epoch 7 time: 118.8485426902771 seconds
Epoch 7 accuracy: 14.22%
Batch 100, Loss: 2.7508
Batch 200, Loss: 2.5925
Batch 300, Loss: 2.4568
Epoch 8 learning rate: 0.09960573506572391
Epoch 8 time: 118.77794981002808 seconds
Epoch 8 accuracy: 12.51%
Batch 100, Loss: 2.2110
Batch 200, Loss: 2.1461
Batch 300, Loss: 2.0604
Epoch 9 learning rate: 0.09950118288582789
Epoch 9 time: 118.79921865463257 seconds
Epoch 9 accuracy: 12.28%
Batch 100, Loss: 1.9534
Batch 200, Loss: 1.8851
Batch 300, Loss: 1.8453
Epoch 10 learning rate: 0.09938441702975691
Epoch 10 time: 118.7411060333252 seconds
Epoch 10 accuracy: 12.77%
Batch 100, Loss: 1.7963
Batch 200, Loss: 1.7818
Batch 300, Loss: 1.7724
Epoch 11 learning rate: 0.09925546630773871
Epoch 11 time: 118.70233249664307 seconds
Epoch 11 accuracy: 10.39%
Batch 100, Loss: 1.7629
Batch 200, Loss: 1.7592
Batch 300, Loss: 1.7575
Epoch 12 learning rate: 0.09911436253643445
Epoch 12 time: 118.68557715415955 seconds
Epoch 12 accuracy: 9.6%
Batch 100, Loss: 1.7573
Batch 200, Loss: 1.7560
Batch 300, Loss: 1.7570
Epoch 13 learning rate: 0.0989611405310883
Epoch 13 time: 118.81599283218384 seconds
Epoch 13 accuracy: 10.1%
Batch 100, Loss: 1.7564
Batch 200, Loss: 1.7567
Batch 300, Loss: 1.7567
Epoch 14 learning rate: 0.09879583809693739
Epoch 14 time: 118.77527523040771 seconds
Epoch 14 accuracy: 9.63%
Batch 100, Loss: 1.7569
Batch 200, Loss: 1.7567
Batch 300, Loss: 1.7568
Epoch 15 learning rate: 0.09861849601988384
Epoch 15 time: 118.65145826339722 seconds
Epoch 15 accuracy: 9.65%
Batch 100, Loss: 1.7570
Batch 200, Loss: 1.7572
Batch 300, Loss: 1.7572
Epoch 16 learning rate: 0.09842915805643157
Epoch 16 time: 118.70671677589417 seconds
Epoch 16 accuracy: 9.6%
Batch 100, Loss: 1.7571
Batch 200, Loss: 1.7571
Batch 300, Loss: 1.7574
Epoch 17 learning rate: 0.09822787092288993
Epoch 17 time: 118.6352059841156 seconds
Epoch 17 accuracy: 10.63%
Batch 100, Loss: 1.7577
Batch 200, Loss: 1.7576
Batch 300, Loss: 1.7577
Epoch 18 learning rate: 0.09801468428384717
Epoch 18 time: 118.6637191772461 seconds
Epoch 18 accuracy: 10.62%
Batch 100, Loss: 1.7575
Batch 200, Loss: 1.7577
Batch 300, Loss: 1.7577
Epoch 19 learning rate: 0.09778965073991652
Epoch 19 time: 118.72306680679321 seconds
Epoch 19 accuracy: 9.98%
Batch 100, Loss: 1.7574
Batch 200, Loss: 1.7580
Batch 300, Loss: 1.7578
Epoch 20 learning rate: 0.0975528258147577
Epoch 20 time: 118.64982581138611 seconds
Epoch 20 accuracy: 10.18%
Batch 100, Loss: 1.7577
Batch 200, Loss: 1.7578
Batch 300, Loss: 1.7579
Epoch 21 learning rate: 0.09730426794137728
Epoch 21 time: 118.67575669288635 seconds
Epoch 21 accuracy: 9.99%
Batch 100, Loss: 1.7579
Batch 200, Loss: 1.7579
Batch 300, Loss: 1.7579
Epoch 22 learning rate: 0.09704403844771128
Epoch 22 time: 118.7062680721283 seconds
Epoch 22 accuracy: 9.3%
Batch 100, Loss: 1.7579
Batch 200, Loss: 1.7579
Batch 300, Loss: 1.7579
Epoch 23 learning rate: 0.09677220154149338
Epoch 23 time: 118.65815377235413 seconds
Epoch 23 accuracy: 10.7%
Batch 100, Loss: 1.7580
Batch 200, Loss: 1.7579
Batch 300, Loss: 1.7580
Epoch 24 learning rate: 0.09648882429441258
Epoch 24 time: 118.7060170173645 seconds
Epoch 24 accuracy: 10.05%
Batch 100, Loss: 1.7578
Batch 200, Loss: 1.7580
Batch 300, Loss: 1.7579
Epoch 25 learning rate: 0.09619397662556435
Epoch 25 time: 118.77884817123413 seconds
Epoch 25 accuracy: 10.02%
Batch 100, Loss: 1.7579
Batch 200, Loss: 1.7580
Batch 300, Loss: 1.7580
Epoch 26 learning rate: 0.09588773128419906
Epoch 26 time: 118.7229745388031 seconds
Epoch 26 accuracy: 10.0%
Batch 100, Loss: 1.7579
Batch 200, Loss: 1.7580
Batch 300, Loss: 1.7579
Epoch 27 learning rate: 0.09557016383177226
Epoch 27 time: 118.66686582565308 seconds
Epoch 27 accuracy: 10.0%
Batch 100, Loss: 1.7580
Batch 200, Loss: 1.7579
Batch 300, Loss: 1.7579
Epoch 28 learning rate: 0.09524135262330098
Epoch 28 time: 118.72605657577515 seconds
Epoch 28 accuracy: 10.13%
Batch 100, Loss: 1.7579
Batch 200, Loss: 1.7578
Batch 300, Loss: 1.7581
Epoch 29 learning rate: 0.09490137878803079
Epoch 29 time: 118.73756694793701 seconds
Epoch 29 accuracy: 10.0%
Batch 100, Loss: 1.7579
Batch 200, Loss: 1.7579
Batch 300, Loss: 1.7581
Epoch 30 learning rate: 0.0945503262094184
Epoch 30 time: 118.71239733695984 seconds
Epoch 30 accuracy: 10.0%
Batch 100, Loss: 1.7578
Batch 200, Loss: 1.7580
Batch 300, Loss: 1.7580
Epoch 31 learning rate: 0.0941882815044347
Epoch 31 time: 118.80342602729797 seconds
Epoch 31 accuracy: 10.0%
Batch 100, Loss: 1.7580
Batch 200, Loss: 1.7580
Batch 300, Loss: 1.7579
Epoch 32 learning rate: 0.09381533400219319
Epoch 32 time: 118.79258871078491 seconds
Epoch 32 accuracy: 10.0%
Batch 100, Loss: 1.7580
Batch 200, Loss: 1.7579
Batch 300, Loss: 1.7580
Epoch 33 learning rate: 0.09343157572190958
Epoch 33 time: 118.79173803329468 seconds
Epoch 33 accuracy: 10.0%
Batch 100, Loss: 1.7579
Batch 200, Loss: 1.7579
Batch 300, Loss: 1.7580
Epoch 34 learning rate: 0.0930371013501972
Epoch 34 time: 118.8004515171051 seconds
Epoch 34 accuracy: 10.0%
Batch 100, Loss: 1.7580
Batch 200, Loss: 1.7580
Batch 300, Loss: 1.7579
Epoch 35 learning rate: 0.09263200821770463
Epoch 35 time: 118.76833081245422 seconds
Epoch 35 accuracy: 10.0%
Batch 100, Loss: 1.7580
Batch 200, Loss: 1.7580
Batch 300, Loss: 1.7580
Epoch 36 learning rate: 0.09221639627510078
Epoch 36 time: 118.6955258846283 seconds
Epoch 36 accuracy: 10.0%
Batch 100, Loss: 1.7580
Batch 200, Loss: 1.7578
Batch 300, Loss: 1.7580
Epoch 37 learning rate: 0.09179036806841355
Epoch 37 time: 118.77003741264343 seconds
Epoch 37 accuracy: 10.0%
Batch 100, Loss: 1.7579
Batch 200, Loss: 1.7580
Batch 300, Loss: 1.7580
Epoch 38 learning rate: 0.09135402871372812
Epoch 38 time: 118.703777551651 seconds
Epoch 38 accuracy: 10.0%
Batch 100, Loss: 1.7578
Batch 200, Loss: 1.7581
Batch 300, Loss: 1.7579
Epoch 39 learning rate: 0.0909074858712512
Epoch 39 time: 118.78861594200134 seconds
Epoch 39 accuracy: 10.0%
Batch 100, Loss: 1.7579
Batch 200, Loss: 1.7580
Batch 300, Loss: 1.7579
Epoch 40 learning rate: 0.09045084971874741
Epoch 40 time: 118.79578375816345 seconds
Epoch 40 accuracy: 10.0%
Batch 100, Loss: 1.7581
Batch 200, Loss: 1.7580
Batch 300, Loss: 1.7580
Epoch 41 learning rate: 0.08998423292435458
Epoch 41 time: 118.72615361213684 seconds
Epoch 41 accuracy: 10.0%
Batch 100, Loss: 1.7578
Batch 200, Loss: 1.7580
Batch 300, Loss: 1.7580
Epoch 42 learning rate: 0.08950775061878455
Epoch 42 time: 118.73490452766418 seconds
Epoch 42 accuracy: 10.0%
Batch 100, Loss: 1.7579
Batch 200, Loss: 1.7580
Batch 300, Loss: 1.7579
Epoch 43 learning rate: 0.08902152036691653
Epoch 43 time: 118.73111486434937 seconds
Epoch 43 accuracy: 10.0%
Batch 100, Loss: 1.7579
Batch 200, Loss: 1.7580
Batch 300, Loss: 1.7580
Epoch 44 learning rate: 0.08852566213878951
Epoch 44 time: 118.68945288658142 seconds
Epoch 44 accuracy: 10.0%
Batch 100, Loss: 1.7579
Batch 200, Loss: 1.7580
Batch 300, Loss: 1.7579
Epoch 45 learning rate: 0.0880202982800016
Epoch 45 time: 118.7476134300232 seconds
Epoch 45 accuracy: 10.0%
Batch 100, Loss: 1.7577
Batch 200, Loss: 1.7581
Batch 300, Loss: 1.7579
Epoch 46 learning rate: 0.08750555348152303
Epoch 46 time: 118.76002764701843 seconds
Epoch 46 accuracy: 10.0%
Batch 100, Loss: 1.7580
Batch 200, Loss: 1.7580
Batch 300, Loss: 1.7579
Epoch 47 learning rate: 0.08698155474893052
Epoch 47 time: 118.7366259098053 seconds
Epoch 47 accuracy: 10.0%
Batch 100, Loss: 1.7579
Batch 200, Loss: 1.7579
Batch 300, Loss: 1.7580
Epoch 48 learning rate: 0.08644843137107061
Epoch 48 time: 118.76800799369812 seconds
Epoch 48 accuracy: 10.0%
Batch 100, Loss: 1.7579
Batch 200, Loss: 1.7580
Batch 300, Loss: 1.7580
Epoch 49 learning rate: 0.08590631488815947
Epoch 49 time: 118.8023784160614 seconds
Epoch 49 accuracy: 10.0%
Batch 100, Loss: 1.7579
Batch 200, Loss: 1.7580
Batch 300, Loss: 1.7580
Epoch 50 learning rate: 0.0853553390593274
Epoch 50 time: 118.741446018219 seconds
Epoch 50 accuracy: 10.0%
Batch 100, Loss: 1.7580
Batch 200, Loss: 1.7580
Batch 300, Loss: 1.7580
Epoch 51 learning rate: 0.08479563982961574
Epoch 51 time: 118.7022180557251 seconds
Epoch 51 accuracy: 10.0%
Batch 100, Loss: 1.7579
Batch 200, Loss: 1.7580
Batch 300, Loss: 1.7579
Epoch 52 learning rate: 0.08422735529643446
Epoch 52 time: 118.74119806289673 seconds
Epoch 52 accuracy: 10.0%
Batch 100, Loss: 1.7579
Batch 200, Loss: 1.7579
Batch 300, Loss: 1.7580
Epoch 53 learning rate: 0.08365062567548869
Epoch 53 time: 118.70829892158508 seconds
Epoch 53 accuracy: 10.0%
Batch 100, Loss: 1.7576
Batch 200, Loss: 1.7582
Batch 300, Loss: 1.7579
Epoch 54 learning rate: 0.08306559326618261
Epoch 54 time: 118.7108588218689 seconds
Epoch 54 accuracy: 10.0%
Batch 100, Loss: 1.7580
Batch 200, Loss: 1.7579
Batch 300, Loss: 1.7579
Epoch 55 learning rate: 0.0824724024165092
Epoch 55 time: 118.73430633544922 seconds
Epoch 55 accuracy: 10.0%
Batch 100, Loss: 1.7579
Batch 200, Loss: 1.7580
Batch 300, Loss: 1.7579
Epoch 56 learning rate: 0.0818711994874345
Epoch 56 time: 118.7257285118103 seconds
Epoch 56 accuracy: 10.0%
Batch 100, Loss: 1.7578
Batch 200, Loss: 1.7581
Batch 300, Loss: 1.7579
Epoch 57 learning rate: 0.08126213281678528
Epoch 57 time: 118.75498509407043 seconds
Epoch 57 accuracy: 10.0%
Batch 100, Loss: 1.7578
Batch 200, Loss: 1.7579
Batch 300, Loss: 1.7580
Epoch 58 learning rate: 0.08064535268264884
Epoch 58 time: 118.78143572807312 seconds
Epoch 58 accuracy: 10.0%
Batch 100, Loss: 1.7580
Batch 200, Loss: 1.7578
Batch 300, Loss: 1.7580
Epoch 59 learning rate: 0.08002101126629421
Epoch 59 time: 118.69826650619507 seconds
Epoch 59 accuracy: 10.0%
Batch 100, Loss: 1.7578
Batch 200, Loss: 1.7580
Batch 300, Loss: 1.7579
Epoch 60 learning rate: 0.07938926261462367
Epoch 60 time: 118.71847367286682 seconds
Epoch 60 accuracy: 10.0%
Batch 100, Loss: 1.7580
Batch 200, Loss: 1.7579
Batch 300, Loss: 1.7580
Epoch 61 learning rate: 0.07875026260216395
Epoch 61 time: 118.70123362541199 seconds
Epoch 61 accuracy: 10.0%
Batch 100, Loss: 1.7579
Batch 200, Loss: 1.7579
Batch 300, Loss: 1.7580
Epoch 62 learning rate: 0.07810416889260656
Epoch 62 time: 118.71822905540466 seconds
Epoch 62 accuracy: 10.0%
Batch 100, Loss: 1.7579
Batch 200, Loss: 1.7580
Batch 300, Loss: 1.7579
Epoch 63 learning rate: 0.07745114089990661
Epoch 63 time: 118.69234800338745 seconds
Epoch 63 accuracy: 10.0%
Batch 100, Loss: 1.7580
Batch 200, Loss: 1.7579
Batch 300, Loss: 1.7579
Epoch 64 learning rate: 0.07679133974894985
Epoch 64 time: 118.92851734161377 seconds
Epoch 64 accuracy: 10.0%
Batch 100, Loss: 1.7579
Batch 200, Loss: 1.7580
Batch 300, Loss: 1.7579
Epoch 65 learning rate: 0.07612492823579746
Epoch 65 time: 118.87673044204712 seconds
Epoch 65 accuracy: 10.0%
Batch 100, Loss: 1.7579
Batch 200, Loss: 1.7579
Batch 300, Loss: 1.7580
Epoch 66 learning rate: 0.07545207078751859
Epoch 66 time: 118.7596914768219 seconds
Epoch 66 accuracy: 10.0%
Batch 100, Loss: 1.7579
Batch 200, Loss: 1.7579
Batch 300, Loss: 1.7580
Epoch 67 learning rate: 0.0747729334216204
Epoch 67 time: 118.71831321716309 seconds
Epoch 67 accuracy: 10.0%
Batch 100, Loss: 1.7578
Batch 200, Loss: 1.7580
Batch 300, Loss: 1.7579
Epoch 68 learning rate: 0.07408768370508578
Epoch 68 time: 118.65522813796997 seconds
Epoch 68 accuracy: 10.0%
Batch 100, Loss: 1.7579
Batch 200, Loss: 1.7580
Batch 300, Loss: 1.7579
Epoch 69 learning rate: 0.0733964907130287
Epoch 69 time: 118.76369953155518 seconds
Epoch 69 accuracy: 10.0%
Batch 100, Loss: 1.7579
Batch 200, Loss: 1.7579
Batch 300, Loss: 1.7580
Epoch 70 learning rate: 0.07269952498697736
Epoch 70 time: 118.8196382522583 seconds
Epoch 70 accuracy: 10.0%
Batch 100, Loss: 1.7578
Batch 200, Loss: 1.7579
Batch 300, Loss: 1.7580
Epoch 71 learning rate: 0.07199695849279578
Epoch 71 time: 118.66691589355469 seconds
Epoch 71 accuracy: 10.0%
Batch 100, Loss: 1.7579
Batch 200, Loss: 1.7579
Batch 300, Loss: 1.7580
Epoch 72 learning rate: 0.07128896457825366
Epoch 72 time: 118.71934127807617 seconds
Epoch 72 accuracy: 10.0%
Batch 100, Loss: 1.7579
Batch 200, Loss: 1.7580
Batch 300, Loss: 1.7579
Epoch 73 learning rate: 0.07057571793025548
Epoch 73 time: 118.74287867546082 seconds
Epoch 73 accuracy: 10.0%
Batch 100, Loss: 1.7579
Batch 200, Loss: 1.7581
Batch 300, Loss: 1.7579
Epoch 74 learning rate: 0.06985739453173906
Epoch 74 time: 118.7717137336731 seconds
Epoch 74 accuracy: 10.0%
Batch 100, Loss: 1.7579
Batch 200, Loss: 1.7579
Batch 300, Loss: 1.7579
Epoch 75 learning rate: 0.06913417161825453
Epoch 75 time: 118.65734052658081 seconds
Epoch 75 accuracy: 10.0%
Batch 100, Loss: 1.7578
Batch 200, Loss: 1.7580
Batch 300, Loss: 1.7579
Epoch 76 learning rate: 0.06840622763423394
Epoch 76 time: 118.74953103065491 seconds
Epoch 76 accuracy: 10.0%
Batch 100, Loss: 1.7579
Batch 200, Loss: 1.7579
Batch 300, Loss: 1.7579
Epoch 77 learning rate: 0.0676737421889629
Epoch 77 time: 118.6985239982605 seconds
Epoch 77 accuracy: 10.0%
Batch 100, Loss: 1.7577
Batch 200, Loss: 1.7580
Batch 300, Loss: 1.7579
Epoch 78 learning rate: 0.06693689601226462
Epoch 78 time: 118.80888652801514 seconds
Epoch 78 accuracy: 10.0%
Batch 100, Loss: 1.7579
Batch 200, Loss: 1.7579
Batch 300, Loss: 1.7579
Epoch 79 learning rate: 0.06619587090990751
Epoch 79 time: 118.79666566848755 seconds
Epoch 79 accuracy: 10.0%
Batch 100, Loss: 1.7579
Batch 200, Loss: 1.7579
Batch 300, Loss: 1.7579
Epoch 80 learning rate: 0.06545084971874741
Epoch 80 time: 118.7429552078247 seconds
Epoch 80 accuracy: 10.0%
Batch 100, Loss: 1.7579
Batch 200, Loss: 1.7579
Batch 300, Loss: 1.7579
Epoch 81 learning rate: 0.06470201626161524
Epoch 81 time: 118.76812624931335 seconds
Epoch 81 accuracy: 10.0%
Batch 100, Loss: 1.7578
Batch 200, Loss: 1.7579
Batch 300, Loss: 1.7579
Epoch 82 learning rate: 0.06394955530196152
Epoch 82 time: 118.72376132011414 seconds
Epoch 82 accuracy: 10.0%
Batch 100, Loss: 1.7578
Batch 200, Loss: 1.7579
Batch 300, Loss: 1.7579
Epoch 83 learning rate: 0.06319365249826868
Epoch 83 time: 118.69371199607849 seconds
Epoch 83 accuracy: 10.0%
Batch 100, Loss: 1.7578
Batch 200, Loss: 1.7580
Batch 300, Loss: 1.7579
Epoch 84 learning rate: 0.06243449435824277
Epoch 84 time: 118.76001453399658 seconds
Epoch 84 accuracy: 10.0%
Batch 100, Loss: 1.7579
Batch 200, Loss: 1.7580
Batch 300, Loss: 1.7579
Epoch 85 learning rate: 0.06167226819279532
Epoch 85 time: 118.75756549835205 seconds
Epoch 85 accuracy: 10.0%
Batch 100, Loss: 1.7579
Batch 200, Loss: 1.7578
Batch 300, Loss: 1.7579
Epoch 86 learning rate: 0.06090716206982718
Epoch 86 time: 118.71901988983154 seconds
Epoch 86 accuracy: 10.0%
Batch 100, Loss: 1.7578
Batch 200, Loss: 1.7580
Batch 300, Loss: 1.7579
Epoch 87 learning rate: 0.06013936476782568
Epoch 87 time: 118.73613905906677 seconds
Epoch 87 accuracy: 10.0%
Batch 100, Loss: 1.7578
Batch 200, Loss: 1.7579
Batch 300, Loss: 1.7580
Epoch 88 learning rate: 0.05936906572928629
Epoch 88 time: 118.73763608932495 seconds
Epoch 88 accuracy: 10.0%
Batch 100, Loss: 1.7578
Batch 200, Loss: 1.7579
Batch 300, Loss: 1.7579
Epoch 89 learning rate: 0.05859645501397052
Epoch 89 time: 118.75911593437195 seconds
Epoch 89 accuracy: 10.0%
Batch 100, Loss: 1.7579
Batch 200, Loss: 1.7579
Batch 300, Loss: 1.7578
Epoch 90 learning rate: 0.05782172325201159
Epoch 90 time: 118.67039704322815 seconds
Epoch 90 accuracy: 10.0%
Batch 100, Loss: 1.7579
Batch 200, Loss: 1.7579
Batch 300, Loss: 1.7579
Epoch 91 learning rate: 0.057045061596879186
Epoch 91 time: 118.75437307357788 seconds
Epoch 91 accuracy: 10.0%
Batch 100, Loss: 1.7578
Batch 200, Loss: 1.7579
Batch 300, Loss: 1.7579
Epoch 92 learning rate: 0.056266661678215264
Epoch 92 time: 118.72186350822449 seconds
Epoch 92 accuracy: 10.0%
Batch 100, Loss: 1.7577
Batch 200, Loss: 1.7580
Batch 300, Loss: 1.7579
Epoch 93 learning rate: 0.055486715554552306
Epoch 93 time: 118.71424961090088 seconds
Epoch 93 accuracy: 10.0%
Batch 100, Loss: 1.7578
Batch 200, Loss: 1.7579
Batch 300, Loss: 1.7579
Epoch 94 learning rate: 0.05470541566592575
Epoch 94 time: 118.74510383605957 seconds
Epoch 94 accuracy: 10.0%
Batch 100, Loss: 1.7578
Batch 200, Loss: 1.7579
Batch 300, Loss: 1.7579
Epoch 95 learning rate: 0.05392295478639229
Epoch 95 time: 118.75830554962158 seconds
Epoch 95 accuracy: 10.0%
Batch 100, Loss: 1.7577
Batch 200, Loss: 1.7580
Batch 300, Loss: 1.7579
Epoch 96 learning rate: 0.05313952597646571
Epoch 96 time: 118.73164319992065 seconds
Epoch 96 accuracy: 10.0%
Batch 100, Loss: 1.7578
Batch 200, Loss: 1.7579
Batch 300, Loss: 1.7579
Epoch 97 learning rate: 0.05235532253548216
Epoch 97 time: 118.72069001197815 seconds
Epoch 97 accuracy: 10.0%
Batch 100, Loss: 1.7579
Batch 200, Loss: 1.7578
Batch 300, Loss: 1.7580
Epoch 98 learning rate: 0.051570537953906447
Epoch 98 time: 118.69885206222534 seconds
Epoch 98 accuracy: 10.0%
Batch 100, Loss: 1.7578
Batch 200, Loss: 1.7579
Batch 300, Loss: 1.7579
Epoch 99 learning rate: 0.05078536586559106
Epoch 99 time: 118.77874255180359 seconds
Epoch 99 accuracy: 10.0%
Batch 100, Loss: 1.7578
Batch 200, Loss: 1.7579
Batch 300, Loss: 1.7579
Epoch 100 learning rate: 0.050000000000000024
Epoch 100 time: 118.75231528282166 seconds
Epoch 100 accuracy: 10.0%
Batch 100, Loss: 1.7578
Batch 200, Loss: 1.7579
Batch 300, Loss: 1.7579
Epoch 101 learning rate: 0.049214634134409
Epoch 101 time: 118.72014284133911 seconds
Epoch 101 accuracy: 10.0%
Batch 100, Loss: 1.7578
Batch 200, Loss: 1.7579
Batch 300, Loss: 1.7579
Epoch 102 learning rate: 0.04842946204609361
Epoch 102 time: 118.72359466552734 seconds
Epoch 102 accuracy: 10.0%
Batch 100, Loss: 1.7578
Batch 200, Loss: 1.7578
Batch 300, Loss: 1.7579
Epoch 103 learning rate: 0.04764467746451789
Epoch 103 time: 118.76893782615662 seconds
Epoch 103 accuracy: 10.0%
Batch 100, Loss: 1.7578
Batch 200, Loss: 1.7579
Batch 300, Loss: 1.7579
Epoch 104 learning rate: 0.046860474023534354
Epoch 104 time: 118.71023726463318 seconds
Epoch 104 accuracy: 10.0%
Batch 100, Loss: 1.7578
Batch 200, Loss: 1.7579
Batch 300, Loss: 1.7579
Epoch 105 learning rate: 0.04607704521360778
Epoch 105 time: 118.70553398132324 seconds
Epoch 105 accuracy: 10.0%
Batch 100, Loss: 1.7578
Batch 200, Loss: 1.7579
Batch 300, Loss: 1.7579
Epoch 106 learning rate: 0.04529458433407431
Epoch 106 time: 118.78871321678162 seconds
Epoch 106 accuracy: 10.0%
Batch 100, Loss: 1.7578
Batch 200, Loss: 1.7579
Batch 300, Loss: 1.7579
Epoch 107 learning rate: 0.04451328444544776
Epoch 107 time: 118.68367528915405 seconds
Epoch 107 accuracy: 10.0%
Batch 100, Loss: 1.7579
Batch 200, Loss: 1.7578
Batch 300, Loss: 1.7579
Epoch 108 learning rate: 0.04373333832178482
Epoch 108 time: 118.692946434021 seconds
Epoch 108 accuracy: 10.0%
Batch 100, Loss: 1.7578
Batch 200, Loss: 1.7579
Batch 300, Loss: 1.7579
Epoch 109 learning rate: 0.0429549384031209
Epoch 109 time: 118.71876382827759 seconds
Epoch 109 accuracy: 10.0%
Batch 100, Loss: 1.7578
Batch 200, Loss: 1.7579
Batch 300, Loss: 1.7579
Epoch 110 learning rate: 0.042178276747988484
Epoch 110 time: 118.6936891078949 seconds
Epoch 110 accuracy: 10.0%
Batch 100, Loss: 1.7578
Batch 200, Loss: 1.7579
Batch 300, Loss: 1.7579
Epoch 111 learning rate: 0.04140354498602954
Epoch 111 time: 118.73119831085205 seconds
Epoch 111 accuracy: 10.0%
Batch 100, Loss: 1.7579
Batch 200, Loss: 1.7578
Batch 300, Loss: 1.7579
Epoch 112 learning rate: 0.0406309342707138
Epoch 112 time: 118.74725461006165 seconds
Epoch 112 accuracy: 10.0%
Batch 100, Loss: 1.7578
Batch 200, Loss: 1.7578
Batch 300, Loss: 1.7579
Epoch 113 learning rate: 0.03986063523217441
Epoch 113 time: 118.75841331481934 seconds
Epoch 113 accuracy: 10.0%
Batch 100, Loss: 1.7578
Batch 200, Loss: 1.7579
Batch 300, Loss: 1.7579
Epoch 114 learning rate: 0.039092837930172916
Epoch 114 time: 118.68772006034851 seconds
Epoch 114 accuracy: 10.0%
Batch 100, Loss: 1.7578
Batch 200, Loss: 1.7578
Batch 300, Loss: 1.7579
Epoch 115 learning rate: 0.03832773180720475
Epoch 115 time: 118.77046084403992 seconds
Epoch 115 accuracy: 10.0%
Batch 100, Loss: 1.7578
Batch 200, Loss: 1.7579
Batch 300, Loss: 1.7579
Epoch 116 learning rate: 0.037565505641757285
Epoch 116 time: 118.72067046165466 seconds
Epoch 116 accuracy: 10.0%
Batch 100, Loss: 1.7578
Batch 200, Loss: 1.7578
Batch 300, Loss: 1.7579
Epoch 117 learning rate: 0.03680634750173138
Epoch 117 time: 118.76206016540527 seconds
Epoch 117 accuracy: 10.0%
Batch 100, Loss: 1.7578
Batch 200, Loss: 1.7579
Batch 300, Loss: 1.7579
Epoch 118 learning rate: 0.036050444698038565
Epoch 118 time: 118.7020902633667 seconds
Epoch 118 accuracy: 10.0%
Batch 100, Loss: 1.7578
Batch 200, Loss: 1.7579
Batch 300, Loss: 1.7579
Epoch 119 learning rate: 0.03529798373838483
Epoch 119 time: 118.71231007575989 seconds
Epoch 119 accuracy: 10.0%
Batch 100, Loss: 1.7578
Batch 200, Loss: 1.7579
Batch 300, Loss: 1.7578
Epoch 120 learning rate: 0.03454915028125267
Epoch 120 time: 118.71436381340027 seconds
Epoch 120 accuracy: 10.0%
Batch 100, Loss: 1.7578
Batch 200, Loss: 1.7579
Batch 300, Loss: 1.7579
Epoch 121 learning rate: 0.03380412909009255
Epoch 121 time: 118.78359270095825 seconds
Epoch 121 accuracy: 10.0%
Batch 100, Loss: 1.7578
Batch 200, Loss: 1.7578
Batch 300, Loss: 1.7579
Epoch 122 learning rate: 0.03306310398773545
Epoch 122 time: 118.74134469032288 seconds
Epoch 122 accuracy: 10.0%
Batch 100, Loss: 1.7578
Batch 200, Loss: 1.7579
Batch 300, Loss: 1.7579
Epoch 123 learning rate: 0.03232625781103717
Epoch 123 time: 118.73851752281189 seconds
Epoch 123 accuracy: 10.0%
Batch 100, Loss: 1.7578
Batch 200, Loss: 1.7579
Batch 300, Loss: 1.7579
Epoch 124 learning rate: 0.03159377236576613
Epoch 124 time: 118.75367403030396 seconds
Epoch 124 accuracy: 10.0%
Batch 100, Loss: 1.7578
Batch 200, Loss: 1.7579
Batch 300, Loss: 1.7578
Epoch 125 learning rate: 0.030865828381745543
Epoch 125 time: 118.70052790641785 seconds
Epoch 125 accuracy: 10.0%
Batch 100, Loss: 1.7578
Batch 200, Loss: 1.7579
Batch 300, Loss: 1.7579
Epoch 126 learning rate: 0.03014260546826098
Epoch 126 time: 118.7424328327179 seconds
Epoch 126 accuracy: 10.0%
Batch 100, Loss: 1.7578
Batch 200, Loss: 1.7579
Batch 300, Loss: 1.7578
Epoch 127 learning rate: 0.02942428206974458
Epoch 127 time: 118.76750636100769 seconds
Epoch 127 accuracy: 10.0%
Batch 100, Loss: 1.7578
Batch 200, Loss: 1.7579
Batch 300, Loss: 1.7579
Epoch 128 learning rate: 0.028711035421746387
Epoch 128 time: 118.65363550186157 seconds
Epoch 128 accuracy: 10.0%
Batch 100, Loss: 1.7578
Batch 200, Loss: 1.7579
Batch 300, Loss: 1.7578
Epoch 129 learning rate: 0.02800304150720426
Epoch 129 time: 118.74023675918579 seconds
Epoch 129 accuracy: 10.0%
Batch 100, Loss: 1.7578
Batch 200, Loss: 1.7578
Batch 300, Loss: 1.7579
Epoch 130 learning rate: 0.02730047501302268
Epoch 130 time: 118.8025062084198 seconds
Epoch 130 accuracy: 10.0%
Batch 100, Loss: 1.7578
Batch 200, Loss: 1.7578
Batch 300, Loss: 1.7579
Epoch 131 learning rate: 0.026603509286971357
Epoch 131 time: 118.74811100959778 seconds
Epoch 131 accuracy: 10.0%
Batch 100, Loss: 1.7578
Batch 200, Loss: 1.7579
Batch 300, Loss: 1.7579
Epoch 132 learning rate: 0.025912316294914244
Epoch 132 time: 118.74017429351807 seconds
Epoch 132 accuracy: 10.0%
Batch 100, Loss: 1.7578
Batch 200, Loss: 1.7578
Batch 300, Loss: 1.7579
Epoch 133 learning rate: 0.025227066578379632
Epoch 133 time: 118.79635691642761 seconds
Epoch 133 accuracy: 10.0%
Batch 100, Loss: 1.7578
Batch 200, Loss: 1.7578
Batch 300, Loss: 1.7578
Epoch 134 learning rate: 0.024547929212481445
Epoch 134 time: 118.6952292919159 seconds
Epoch 134 accuracy: 10.0%
Batch 100, Loss: 1.7578
Batch 200, Loss: 1.7579
Batch 300, Loss: 1.7578
Epoch 135 learning rate: 0.02387507176420257
Epoch 135 time: 118.73381066322327 seconds
Epoch 135 accuracy: 10.0%
Batch 100, Loss: 1.7578
Batch 200, Loss: 1.7578
Batch 300, Loss: 1.7579
Epoch 136 learning rate: 0.023208660251050166
Epoch 136 time: 118.7347662448883 seconds
Epoch 136 accuracy: 10.0%
Batch 100, Loss: 1.7578
Batch 200, Loss: 1.7578
Batch 300, Loss: 1.7578
Epoch 137 learning rate: 0.022548859100093414
Epoch 137 time: 118.70437669754028 seconds
Epoch 137 accuracy: 10.0%
Batch 100, Loss: 1.7578
Batch 200, Loss: 1.7577
Batch 300, Loss: 1.7579
Epoch 138 learning rate: 0.021895831107393474
Epoch 138 time: 118.66909384727478 seconds
Epoch 138 accuracy: 10.0%
Batch 100, Loss: 1.7578
Batch 200, Loss: 1.7578
Batch 300, Loss: 1.7579
Epoch 139 learning rate: 0.02124973739783608
Epoch 139 time: 118.73916816711426 seconds
Epoch 139 accuracy: 10.0%
Batch 100, Loss: 1.7578
Batch 200, Loss: 1.7579
Batch 300, Loss: 1.7578
Epoch 140 learning rate: 0.02061073738537636
Epoch 140 time: 118.71518468856812 seconds
Epoch 140 accuracy: 10.0%
Batch 100, Loss: 1.7578
Batch 200, Loss: 1.7578
Batch 300, Loss: 1.7579
Epoch 141 learning rate: 0.019978988733705814
Epoch 141 time: 118.7851333618164 seconds
Epoch 141 accuracy: 10.0%
Batch 100, Loss: 1.7578
Batch 200, Loss: 1.7579
Batch 300, Loss: 1.7578
Epoch 142 learning rate: 0.01935464731735118
Epoch 142 time: 118.7258129119873 seconds
Epoch 142 accuracy: 10.0%
Batch 100, Loss: 1.7578
Batch 200, Loss: 1.7578
Batch 300, Loss: 1.7578
Epoch 143 learning rate: 0.018737867183214747
Epoch 143 time: 118.78016233444214 seconds
Epoch 143 accuracy: 10.0%
Batch 100, Loss: 1.7578
Batch 200, Loss: 1.7578
Batch 300, Loss: 1.7578
Epoch 144 learning rate: 0.01812880051256552
Epoch 144 time: 118.69248414039612 seconds
Epoch 144 accuracy: 10.0%
Batch 100, Loss: 1.7578
Batch 200, Loss: 1.7578
Batch 300, Loss: 1.7578
Epoch 145 learning rate: 0.017527597583490827
Epoch 145 time: 118.7439317703247 seconds
Epoch 145 accuracy: 10.0%
Batch 100, Loss: 1.7578
Batch 200, Loss: 1.7578
Batch 300, Loss: 1.7578
Epoch 146 learning rate: 0.01693440673381742
Epoch 146 time: 118.66689038276672 seconds
Epoch 146 accuracy: 10.0%
Batch 100, Loss: 1.7578
Batch 200, Loss: 1.7578
Batch 300, Loss: 1.7578
Epoch 147 learning rate: 0.016349374324511334
Epoch 147 time: 118.76315331459045 seconds
Epoch 147 accuracy: 10.0%
Batch 100, Loss: 1.7578
Batch 200, Loss: 1.7578
Batch 300, Loss: 1.7578
Epoch 148 learning rate: 0.01577264470356557
Epoch 148 time: 118.70561027526855 seconds
Epoch 148 accuracy: 10.0%
Batch 100, Loss: 1.7578
Batch 200, Loss: 1.7578
Batch 300, Loss: 1.7578
Epoch 149 learning rate: 0.01520436017038429
Epoch 149 time: 118.70873069763184 seconds
Epoch 149 accuracy: 10.0%
Batch 100, Loss: 1.7578
Batch 200, Loss: 1.7578
Batch 300, Loss: 1.7579
Epoch 150 learning rate: 0.014644660940672632
Epoch 150 time: 118.74207520484924 seconds
Epoch 150 accuracy: 10.0%
Batch 100, Loss: 1.7578
Batch 200, Loss: 1.7578
Batch 300, Loss: 1.7578
Epoch 151 learning rate: 0.01409368511184057
Epoch 151 time: 118.76336240768433 seconds
Epoch 151 accuracy: 10.0%
Batch 100, Loss: 1.7578
Batch 200, Loss: 1.7578
Batch 300, Loss: 1.7578
Epoch 152 learning rate: 0.013551568628929438
Epoch 152 time: 118.70410537719727 seconds
Epoch 152 accuracy: 10.0%
Batch 100, Loss: 1.7578
Batch 200, Loss: 1.7578
Batch 300, Loss: 1.7578
Epoch 153 learning rate: 0.013018445251069516
Epoch 153 time: 118.72790455818176 seconds
Epoch 153 accuracy: 10.0%
Batch 100, Loss: 1.7578
Batch 200, Loss: 1.7578
Batch 300, Loss: 1.7578
Epoch 154 learning rate: 0.012494446518477026
Epoch 154 time: 118.72783613204956 seconds
Epoch 154 accuracy: 10.0%
Batch 100, Loss: 1.7578
Batch 200, Loss: 1.7578
Batch 300, Loss: 1.7578
Epoch 155 learning rate: 0.011979701719998459
Epoch 155 time: 118.69405746459961 seconds
Epoch 155 accuracy: 10.0%
Batch 100, Loss: 1.7578
Batch 200, Loss: 1.7578
Batch 300, Loss: 1.7578
Epoch 156 learning rate: 0.011474337861210548
Epoch 156 time: 118.82316040992737 seconds
Epoch 156 accuracy: 10.0%
Batch 100, Loss: 1.7578
Batch 200, Loss: 1.7578
Batch 300, Loss: 1.7578
Epoch 157 learning rate: 0.010978479633083526
Epoch 157 time: 118.76854395866394 seconds
Epoch 157 accuracy: 10.0%
Batch 100, Loss: 1.7578
Batch 200, Loss: 1.7578
Batch 300, Loss: 1.7578
Epoch 158 learning rate: 0.010492249381215483
Epoch 158 time: 118.84955549240112 seconds
Epoch 158 accuracy: 10.0%
Batch 100, Loss: 1.7578
Batch 200, Loss: 1.7578
Batch 300, Loss: 1.7578
Epoch 159 learning rate: 0.010015767075645474
Epoch 159 time: 118.77311563491821 seconds
Epoch 159 accuracy: 10.0%
Batch 100, Loss: 1.7578
Batch 200, Loss: 1.7578
Batch 300, Loss: 1.7578
Epoch 160 learning rate: 0.009549150281252637
Epoch 160 time: 118.74221324920654 seconds
Epoch 160 accuracy: 10.0%
Batch 100, Loss: 1.7578
Batch 200, Loss: 1.7578
Batch 300, Loss: 1.7578
Epoch 161 learning rate: 0.00909251412874884
Epoch 161 time: 118.75170421600342 seconds
Epoch 161 accuracy: 10.0%
Batch 100, Loss: 1.7578
Batch 200, Loss: 1.7578
Batch 300, Loss: 1.7578
Epoch 162 learning rate: 0.008645971286271918
Epoch 162 time: 118.70939922332764 seconds
Epoch 162 accuracy: 10.0%
Batch 100, Loss: 1.7578
Batch 200, Loss: 1.7578
Batch 300, Loss: 1.7578
Epoch 163 learning rate: 0.008209631931586501
Epoch 163 time: 118.78750729560852 seconds
Epoch 163 accuracy: 10.0%
Batch 100, Loss: 1.7578
Batch 200, Loss: 1.7578
Batch 300, Loss: 1.7578
Epoch 164 learning rate: 0.0077836037248992605
Epoch 164 time: 118.71399521827698 seconds
Epoch 164 accuracy: 10.0%
Batch 100, Loss: 1.7578
Batch 200, Loss: 1.7578
Batch 300, Loss: 1.7578
Epoch 165 learning rate: 0.0073679917822954055
Epoch 165 time: 118.67870235443115 seconds
Epoch 165 accuracy: 10.0%
Batch 100, Loss: 1.7578
Batch 200, Loss: 1.7578
Batch 300, Loss: 1.7578
Epoch 166 learning rate: 0.006962898649802815
Epoch 166 time: 118.79471850395203 seconds
Epoch 166 accuracy: 10.0%
Batch 100, Loss: 1.7578
Batch 200, Loss: 1.7578
Batch 300, Loss: 1.7578
Epoch 167 learning rate: 0.006568424278090438
Epoch 167 time: 118.76429104804993 seconds
Epoch 167 accuracy: 10.0%
Batch 100, Loss: 1.7578
Batch 200, Loss: 1.7578
Batch 300, Loss: 1.7578
Epoch 168 learning rate: 0.006184665997806824
Epoch 168 time: 118.70070314407349 seconds
Epoch 168 accuracy: 10.0%
Batch 100, Loss: 1.7578
Batch 200, Loss: 1.7578
Batch 300, Loss: 1.7578
Epoch 169 learning rate: 0.00581171849556533
Epoch 169 time: 118.76048517227173 seconds
Epoch 169 accuracy: 10.0%
Batch 100, Loss: 1.7578
Batch 200, Loss: 1.7578
Batch 300, Loss: 1.7578
Epoch 170 learning rate: 0.0054496737905816136
Epoch 170 time: 118.7223002910614 seconds
Epoch 170 accuracy: 10.0%
Batch 100, Loss: 1.7578
Batch 200, Loss: 1.7578
Batch 300, Loss: 1.7578
Epoch 171 learning rate: 0.005098621211969226
Epoch 171 time: 118.69139885902405 seconds
Epoch 171 accuracy: 10.0%
Batch 100, Loss: 1.7578
Batch 200, Loss: 1.7578
Batch 300, Loss: 1.7578
Epoch 172 learning rate: 0.004758647376699035
Epoch 172 time: 118.72831225395203 seconds
Epoch 172 accuracy: 10.0%
Batch 100, Loss: 1.7578
Batch 200, Loss: 1.7578
Batch 300, Loss: 1.7578
Epoch 173 learning rate: 0.00442983616822775
Epoch 173 time: 118.74370431900024 seconds
Epoch 173 accuracy: 10.0%
Batch 100, Loss: 1.7578
Batch 200, Loss: 1.7578
Batch 300, Loss: 1.7578
Epoch 174 learning rate: 0.004112268715800957
Epoch 174 time: 118.73899364471436 seconds
Epoch 174 accuracy: 10.0%
Batch 100, Loss: 1.7578
Batch 200, Loss: 1.7578
Batch 300, Loss: 1.7578
Epoch 175 learning rate: 0.003806023374435677
Epoch 175 time: 118.72097444534302 seconds
Epoch 175 accuracy: 10.0%
Batch 100, Loss: 1.7578
Batch 200, Loss: 1.7578
Batch 300, Loss: 1.7578
Epoch 176 learning rate: 0.003511175705587435
Epoch 176 time: 118.69318675994873 seconds
Epoch 176 accuracy: 10.0%
Batch 100, Loss: 1.7578
Batch 200, Loss: 1.7578
Batch 300, Loss: 1.7578
Epoch 177 learning rate: 0.0032277984585066333
Epoch 177 time: 118.72667479515076 seconds
Epoch 177 accuracy: 10.0%
Batch 100, Loss: 1.7578
Batch 200, Loss: 1.7578
Batch 300, Loss: 1.7578
Epoch 178 learning rate: 0.002955961552288729
Epoch 178 time: 118.74302959442139 seconds
Epoch 178 accuracy: 10.0%
Batch 100, Loss: 1.7578
Batch 200, Loss: 1.7578
Batch 300, Loss: 1.7578
Epoch 179 learning rate: 0.0026957320586227366
Epoch 179 time: 118.70790672302246 seconds
Epoch 179 accuracy: 10.0%
Batch 100, Loss: 1.7578
Batch 200, Loss: 1.7578
Batch 300, Loss: 1.7578
Epoch 180 learning rate: 0.002447174185242325
Epoch 180 time: 118.70269680023193 seconds
Epoch 180 accuracy: 10.0%
Batch 100, Loss: 1.7578
Batch 200, Loss: 1.7578
Batch 300, Loss: 1.7578
Epoch 181 learning rate: 0.0022103492600834954
Epoch 181 time: 118.74808168411255 seconds
Epoch 181 accuracy: 10.0%
Batch 100, Loss: 1.7578
Batch 200, Loss: 1.7578
Batch 300, Loss: 1.7578
Epoch 182 learning rate: 0.0019853157161528537
Epoch 182 time: 118.69614458084106 seconds
Epoch 182 accuracy: 10.0%
Batch 100, Loss: 1.7578
Batch 200, Loss: 1.7578
Batch 300, Loss: 1.7578
Epoch 183 learning rate: 0.001772129077110103
Epoch 183 time: 118.72199702262878 seconds
Epoch 183 accuracy: 10.0%
Batch 100, Loss: 1.7578
Batch 200, Loss: 1.7578
Batch 300, Loss: 1.7578
Epoch 184 learning rate: 0.0015708419435684529
Epoch 184 time: 118.71131134033203 seconds
Epoch 184 accuracy: 10.0%
Batch 100, Loss: 1.7578
Batch 200, Loss: 1.7578
Batch 300, Loss: 1.7578
Epoch 185 learning rate: 0.0013815039801161732
Epoch 185 time: 118.70881628990173 seconds
Epoch 185 accuracy: 10.0%
Batch 100, Loss: 1.7578
Batch 200, Loss: 1.7578
Batch 300, Loss: 1.7578
Epoch 186 learning rate: 0.0012041619030626347
Epoch 186 time: 118.70004415512085 seconds
Epoch 186 accuracy: 10.0%
Batch 100, Loss: 1.7578
Batch 200, Loss: 1.7578
Batch 300, Loss: 1.7578
Epoch 187 learning rate: 0.0010388594689117077
Epoch 187 time: 118.79976034164429 seconds
Epoch 187 accuracy: 10.0%
Batch 100, Loss: 1.7578
Batch 200, Loss: 1.7578
Batch 300, Loss: 1.7578
Epoch 188 learning rate: 0.0008856374635655645
Epoch 188 time: 118.7541766166687 seconds
Epoch 188 accuracy: 10.0%
Batch 100, Loss: 1.7578
Batch 200, Loss: 1.7578
Batch 300, Loss: 1.7578
Epoch 189 learning rate: 0.000744533692261307
Epoch 189 time: 118.75527620315552 seconds
Epoch 189 accuracy: 10.0%
Batch 100, Loss: 1.7578
Batch 200, Loss: 1.7578
Batch 300, Loss: 1.7578
Epoch 190 learning rate: 0.0006155829702431174
Epoch 190 time: 118.7457103729248 seconds
Epoch 190 accuracy: 10.0%
Batch 100, Loss: 1.7578
Batch 200, Loss: 1.7578
Batch 300, Loss: 1.7578
Epoch 191 learning rate: 0.0004988171141721235
Epoch 191 time: 118.74435758590698 seconds
Epoch 191 accuracy: 10.0%
Batch 100, Loss: 1.7578
Batch 200, Loss: 1.7578
Batch 300, Loss: 1.7578
Epoch 192 learning rate: 0.00039426493427611206
Epoch 192 time: 118.70725131034851 seconds
Epoch 192 accuracy: 10.0%
Batch 100, Loss: 1.7578
Batch 200, Loss: 1.7578
Batch 300, Loss: 1.7578
Epoch 193 learning rate: 0.00030195222724102046
Epoch 193 time: 118.74445819854736 seconds
Epoch 193 accuracy: 10.0%
Batch 100, Loss: 1.7578
Batch 200, Loss: 1.7578
Batch 300, Loss: 1.7578
Epoch 194 learning rate: 0.00022190176984600036
Epoch 194 time: 118.77841758728027 seconds
Epoch 194 accuracy: 10.0%
Batch 100, Loss: 1.7578
Batch 200, Loss: 1.7578
Batch 300, Loss: 1.7578
Epoch 195 learning rate: 0.00015413331334360192
Epoch 195 time: 118.73062658309937 seconds
Epoch 195 accuracy: 10.0%
Batch 100, Loss: 1.7578
Batch 200, Loss: 1.7578
Batch 300, Loss: 1.7578
Epoch 196 learning rate: 9.866357858642213e-05
Epoch 196 time: 118.7972719669342 seconds
Epoch 196 accuracy: 10.0%
Batch 100, Loss: 1.7578
Batch 200, Loss: 1.7578
Batch 300, Loss: 1.7578
Epoch 197 learning rate: 5.5506251901504864e-05
Epoch 197 time: 118.69746422767639 seconds
Epoch 197 accuracy: 10.0%
Batch 100, Loss: 1.7578
Batch 200, Loss: 1.7578
Batch 300, Loss: 1.7578
Epoch 198 learning rate: 2.4671981713420017e-05
Epoch 198 time: 118.71692872047424 seconds
Epoch 198 accuracy: 10.0%
Batch 100, Loss: 1.7578
Batch 200, Loss: 1.7578
Batch 300, Loss: 1.7578
Epoch 199 learning rate: 6.168375916970619e-06
Epoch 199 time: 118.76631546020508 seconds
Epoch 199 accuracy: 10.0%
Batch 100, Loss: 1.7578
Batch 200, Loss: 1.7578
Batch 300, Loss: 1.7578
Epoch 200 learning rate: 0.0
Epoch 200 time: 118.74016571044922 seconds
Epoch 200 accuracy: 10.0%
Total training time: 23757.102333068848 seconds
