The following modules were not unloaded:
  (Use "module --force purge" to unload all):

  1) CCconfig        6)  ucx/1.14.1         11) flexiblas/3.3.1
  2) gentoo/2023     7)  libfabric/1.18.0   12) imkl/2023.2.0
  3) gcccore/.12.3   8)  pmix/4.2.4         13) StdEnv/2023
  4) gcc/12.3        9)  ucc/1.2.0
  5) hwloc/2.9.1     10) openmpi/4.1.5
/project/6070520/tkleinkn/Vanilla-GAM/main_cifar.py:187: UserWarning: You have chosen a specific GPU. This will completely disable data parallelism.
  warnings.warn('You have chosen a specific GPU. This will completely '
model name space ['resnet101_c', 'resnet152_c', 'resnet18_c', 'resnet34_c', 'resnet50_c']
Use GPU: 0 for training
=> creating model 'resnet18_c'
Files already downloaded and verified
Files already downloaded and verified
tensorboard dir ./results/CIFAR10/GNOM
Using Gradient-Norm Only Minimization (GNOM)
/home/tkleinkn/GAMtest/lib/python3.11/site-packages/torch/autograd/graph.py:744: UserWarning: Using backward() with create_graph=True will create a reference cycle between the parameter and its gradient which can cause a memory leak. We recommend using autograd.grad when creating the graph to avoid this. If you have to use this function, make sure to reset the .grad fields of your parameters to None after use to break the cycle and avoid the leak. (Triggered internally at /home/coulombc/wheels_builder/tmp.2617/python-3.11/torch/torch/csrc/autograd/engine.cpp:1203.)
  return Variable._execution_engine.run_backward(  # Calls into the C++ engine to run the backward pass
Batch 100, Loss: 350.0285
Batch 200, Loss: 61.2433
Batch 300, Loss: 36.4982
Epoch 1 learning rate: 0.09999383162408304
Epoch 1 time: 127.96529793739319 seconds
Epoch 1 accuracy: 10.22%
Batch 100, Loss: 32.2540
Batch 200, Loss: 20.3841
Batch 300, Loss: 17.5698
Epoch 2 learning rate: 0.09997532801828658
Epoch 2 time: 119.02824568748474 seconds
Epoch 2 accuracy: 9.91%
Batch 100, Loss: 14.3708
Batch 200, Loss: 12.4870
Batch 300, Loss: 10.9528
Epoch 3 learning rate: 0.09994449374809851
Epoch 3 time: 119.02554059028625 seconds
Epoch 3 accuracy: 11.42%
Batch 100, Loss: 9.0869
Batch 200, Loss: 8.5497
Batch 300, Loss: 8.1409
Epoch 4 learning rate: 0.09990133642141359
Epoch 4 time: 118.93760299682617 seconds
Epoch 4 accuracy: 8.74%
Batch 100, Loss: 7.3500
Batch 200, Loss: 6.9406
Batch 300, Loss: 6.6221
Epoch 5 learning rate: 0.09984586668665642
Epoch 5 time: 118.95558214187622 seconds
Epoch 5 accuracy: 8.4%
Batch 100, Loss: 5.7890
Batch 200, Loss: 5.3633
Batch 300, Loss: 4.7953
Epoch 6 learning rate: 0.09977809823015402
Epoch 6 time: 118.95868062973022 seconds
Epoch 6 accuracy: 8.52%
Batch 100, Loss: 4.2247
Batch 200, Loss: 3.8428
Batch 300, Loss: 3.5639
Epoch 7 learning rate: 0.09969804777275901
Epoch 7 time: 118.8401038646698 seconds
Epoch 7 accuracy: 8.76%
Batch 100, Loss: 3.1824
Batch 200, Loss: 2.9769
Batch 300, Loss: 2.7802
Epoch 8 learning rate: 0.09960573506572391
Epoch 8 time: 118.77933835983276 seconds
Epoch 8 accuracy: 9.11%
Batch 100, Loss: 2.5199
Batch 200, Loss: 2.3650
Batch 300, Loss: 2.2533
Epoch 9 learning rate: 0.09950118288582789
Epoch 9 time: 118.74556422233582 seconds
Epoch 9 accuracy: 8.69%
Batch 100, Loss: 2.0791
Batch 200, Loss: 2.0021
Batch 300, Loss: 1.9533
Epoch 10 learning rate: 0.09938441702975691
Epoch 10 time: 118.81808543205261 seconds
Epoch 10 accuracy: 11.79%
Batch 100, Loss: 1.8773
Batch 200, Loss: 1.8419
Batch 300, Loss: 1.8229
Epoch 11 learning rate: 0.09925546630773871
Epoch 11 time: 118.83783268928528 seconds
Epoch 11 accuracy: 11.18%
Batch 100, Loss: 1.7837
Batch 200, Loss: 1.7679
Batch 300, Loss: 1.7587
Epoch 12 learning rate: 0.09911436253643445
Epoch 12 time: 118.83900547027588 seconds
Epoch 12 accuracy: 10.68%
Batch 100, Loss: 1.7554
Batch 200, Loss: 1.7566
Batch 300, Loss: 1.7558
Epoch 13 learning rate: 0.0989611405310883
Epoch 13 time: 118.7377758026123 seconds
Epoch 13 accuracy: 11.16%
Batch 100, Loss: 1.7563
Batch 200, Loss: 1.7560
Batch 300, Loss: 1.7558
Epoch 14 learning rate: 0.09879583809693739
Epoch 14 time: 118.68854928016663 seconds
Epoch 14 accuracy: 11.42%
Batch 100, Loss: 1.7566
Batch 200, Loss: 1.7566
Batch 300, Loss: 1.7564
Epoch 15 learning rate: 0.09861849601988384
Epoch 15 time: 118.88939476013184 seconds
Epoch 15 accuracy: 11.1%
Batch 100, Loss: 1.7564
Batch 200, Loss: 1.7573
Batch 300, Loss: 1.7571
Epoch 16 learning rate: 0.09842915805643157
Epoch 16 time: 118.804119348526 seconds
Epoch 16 accuracy: 12.47%
Batch 100, Loss: 1.7573
Batch 200, Loss: 1.7573
Batch 300, Loss: 1.7576
Epoch 17 learning rate: 0.09822787092288993
Epoch 17 time: 118.7889723777771 seconds
Epoch 17 accuracy: 9.76%
Batch 100, Loss: 1.7575
Batch 200, Loss: 1.7576
Batch 300, Loss: 1.7577
Epoch 18 learning rate: 0.09801468428384717
Epoch 18 time: 118.76432371139526 seconds
Epoch 18 accuracy: 10.71%
Batch 100, Loss: 1.7577
Batch 200, Loss: 1.7577
Batch 300, Loss: 1.7578
Epoch 19 learning rate: 0.09778965073991652
Epoch 19 time: 118.81669545173645 seconds
Epoch 19 accuracy: 10.0%
Batch 100, Loss: 1.7578
Batch 200, Loss: 1.7578
Batch 300, Loss: 1.7579
Epoch 20 learning rate: 0.0975528258147577
Epoch 20 time: 118.82530617713928 seconds
Epoch 20 accuracy: 9.98%
Batch 100, Loss: 1.7579
Batch 200, Loss: 1.7577
Batch 300, Loss: 1.7580
Epoch 21 learning rate: 0.09730426794137728
Epoch 21 time: 118.90247797966003 seconds
Epoch 21 accuracy: 8.33%
Batch 100, Loss: 1.7578
Batch 200, Loss: 1.7579
Batch 300, Loss: 1.7580
Epoch 22 learning rate: 0.09704403844771128
Epoch 22 time: 118.84179258346558 seconds
Epoch 22 accuracy: 10.0%
Batch 100, Loss: 1.7579
Batch 200, Loss: 1.7578
Batch 300, Loss: 1.7580
Epoch 23 learning rate: 0.09677220154149338
Epoch 23 time: 118.7572751045227 seconds
Epoch 23 accuracy: 10.0%
Batch 100, Loss: 1.7580
Batch 200, Loss: 1.7579
Batch 300, Loss: 1.7580
Epoch 24 learning rate: 0.09648882429441258
Epoch 24 time: 118.75416231155396 seconds
Epoch 24 accuracy: 10.0%
Batch 100, Loss: 1.7578
Batch 200, Loss: 1.7579
Batch 300, Loss: 1.7580
Epoch 25 learning rate: 0.09619397662556435
Epoch 25 time: 118.9011538028717 seconds
Epoch 25 accuracy: 10.0%
Batch 100, Loss: 1.7580
Batch 200, Loss: 1.7580
Batch 300, Loss: 1.7579
Epoch 26 learning rate: 0.09588773128419906
Epoch 26 time: 118.79430556297302 seconds
Epoch 26 accuracy: 10.0%
Batch 100, Loss: 1.7579
Batch 200, Loss: 1.7580
Batch 300, Loss: 1.7580
Epoch 27 learning rate: 0.09557016383177226
Epoch 27 time: 118.78779530525208 seconds
Epoch 27 accuracy: 10.02%
Batch 100, Loss: 1.7579
Batch 200, Loss: 1.7579
Batch 300, Loss: 1.7579
Epoch 28 learning rate: 0.09524135262330098
Epoch 28 time: 118.79240369796753 seconds
Epoch 28 accuracy: 10.0%
Batch 100, Loss: 1.7580
Batch 200, Loss: 1.7580
Batch 300, Loss: 1.7580
Epoch 29 learning rate: 0.09490137878803079
Epoch 29 time: 118.89008498191833 seconds
Epoch 29 accuracy: 10.0%
Batch 100, Loss: 1.7580
Batch 200, Loss: 1.7580
Batch 300, Loss: 1.7579
Epoch 30 learning rate: 0.0945503262094184
Epoch 30 time: 118.74391508102417 seconds
Epoch 30 accuracy: 10.0%
Batch 100, Loss: 1.7580
Batch 200, Loss: 1.7579
Batch 300, Loss: 1.7580
Epoch 31 learning rate: 0.0941882815044347
Epoch 31 time: 118.74127411842346 seconds
Epoch 31 accuracy: 10.0%
Batch 100, Loss: 1.7580
Batch 200, Loss: 1.7580
Batch 300, Loss: 1.7578
Epoch 32 learning rate: 0.09381533400219319
Epoch 32 time: 118.92841601371765 seconds
Epoch 32 accuracy: 10.0%
Batch 100, Loss: 1.7578
Batch 200, Loss: 1.7580
Batch 300, Loss: 1.7579
Epoch 33 learning rate: 0.09343157572190958
Epoch 33 time: 118.7769546508789 seconds
Epoch 33 accuracy: 10.0%
Batch 100, Loss: 1.7580
Batch 200, Loss: 1.7579
Batch 300, Loss: 1.7580
Epoch 34 learning rate: 0.0930371013501972
Epoch 34 time: 118.83490800857544 seconds
Epoch 34 accuracy: 10.0%
Batch 100, Loss: 1.7579
Batch 200, Loss: 1.7580
Batch 300, Loss: 1.7580
Epoch 35 learning rate: 0.09263200821770463
Epoch 35 time: 118.80491638183594 seconds
Epoch 35 accuracy: 10.0%
Batch 100, Loss: 1.7579
Batch 200, Loss: 1.7579
Batch 300, Loss: 1.7580
Epoch 36 learning rate: 0.09221639627510078
Epoch 36 time: 118.7346498966217 seconds
Epoch 36 accuracy: 10.0%
Batch 100, Loss: 1.7579
Batch 200, Loss: 1.7579
Batch 300, Loss: 1.7579
Epoch 37 learning rate: 0.09179036806841355
Epoch 37 time: 118.7139675617218 seconds
Epoch 37 accuracy: 10.0%
Batch 100, Loss: 1.7580
Batch 200, Loss: 1.7580
Batch 300, Loss: 1.7579
Epoch 38 learning rate: 0.09135402871372812
Epoch 38 time: 118.77415323257446 seconds
Epoch 38 accuracy: 10.0%
Batch 100, Loss: 1.7579
Batch 200, Loss: 1.7579
Batch 300, Loss: 1.7580
Epoch 39 learning rate: 0.0909074858712512
Epoch 39 time: 118.78398537635803 seconds
Epoch 39 accuracy: 10.0%
Batch 100, Loss: 1.7580
Batch 200, Loss: 1.7578
Batch 300, Loss: 1.7580
Epoch 40 learning rate: 0.09045084971874741
Epoch 40 time: 118.76954507827759 seconds
Epoch 40 accuracy: 10.0%
Batch 100, Loss: 1.7578
Batch 200, Loss: 1.7581
Batch 300, Loss: 1.7580
Epoch 41 learning rate: 0.08998423292435458
Epoch 41 time: 118.79351162910461 seconds
Epoch 41 accuracy: 10.0%
Batch 100, Loss: 1.7579
Batch 200, Loss: 1.7579
Batch 300, Loss: 1.7580
Epoch 42 learning rate: 0.08950775061878455
Epoch 42 time: 118.77382254600525 seconds
Epoch 42 accuracy: 10.0%
Batch 100, Loss: 1.7580
Batch 200, Loss: 1.7579
Batch 300, Loss: 1.7580
Epoch 43 learning rate: 0.08902152036691653
Epoch 43 time: 118.77113509178162 seconds
Epoch 43 accuracy: 10.0%
Batch 100, Loss: 1.7580
Batch 200, Loss: 1.7580
Batch 300, Loss: 1.7580
Epoch 44 learning rate: 0.08852566213878951
Epoch 44 time: 118.81579041481018 seconds
Epoch 44 accuracy: 10.0%
Batch 100, Loss: 1.7579
Batch 200, Loss: 1.7579
Batch 300, Loss: 1.7580
Epoch 45 learning rate: 0.0880202982800016
Epoch 45 time: 118.74953770637512 seconds
Epoch 45 accuracy: 10.0%
Batch 100, Loss: 1.7580
Batch 200, Loss: 1.7579
Batch 300, Loss: 1.7579
Epoch 46 learning rate: 0.08750555348152303
Epoch 46 time: 118.76739811897278 seconds
Epoch 46 accuracy: 10.0%
Batch 100, Loss: 1.7577
Batch 200, Loss: 1.7578
Batch 300, Loss: 1.7581
Epoch 47 learning rate: 0.08698155474893052
Epoch 47 time: 118.7851939201355 seconds
Epoch 47 accuracy: 10.0%
Batch 100, Loss: 1.7579
Batch 200, Loss: 1.7579
Batch 300, Loss: 1.7580
Epoch 48 learning rate: 0.08644843137107061
Epoch 48 time: 118.80421757698059 seconds
Epoch 48 accuracy: 10.0%
Batch 100, Loss: 1.7579
Batch 200, Loss: 1.7580
Batch 300, Loss: 1.7580
Epoch 49 learning rate: 0.08590631488815947
Epoch 49 time: 118.84125709533691 seconds
Epoch 49 accuracy: 10.0%
Batch 100, Loss: 1.7579
Batch 200, Loss: 1.7580
Batch 300, Loss: 1.7580
Epoch 50 learning rate: 0.0853553390593274
Epoch 50 time: 118.75337290763855 seconds
Epoch 50 accuracy: 10.0%
Batch 100, Loss: 1.7579
Batch 200, Loss: 1.7581
Batch 300, Loss: 1.7579
Epoch 51 learning rate: 0.08479563982961574
Epoch 51 time: 118.81458926200867 seconds
Epoch 51 accuracy: 10.0%
Batch 100, Loss: 1.7579
Batch 200, Loss: 1.7579
Batch 300, Loss: 1.7581
Epoch 52 learning rate: 0.08422735529643446
Epoch 52 time: 118.71811151504517 seconds
Epoch 52 accuracy: 10.0%
Batch 100, Loss: 1.7579
Batch 200, Loss: 1.7578
Batch 300, Loss: 1.7581
Epoch 53 learning rate: 0.08365062567548869
Epoch 53 time: 118.78196740150452 seconds
Epoch 53 accuracy: 10.0%
Batch 100, Loss: 1.7578
Batch 200, Loss: 1.7578
Batch 300, Loss: 1.7581
Epoch 54 learning rate: 0.08306559326618261
Epoch 54 time: 118.70628905296326 seconds
Epoch 54 accuracy: 10.0%
Batch 100, Loss: 1.7579
Batch 200, Loss: 1.7579
Batch 300, Loss: 1.7580
Epoch 55 learning rate: 0.0824724024165092
Epoch 55 time: 118.83516550064087 seconds
Epoch 55 accuracy: 10.0%
Batch 100, Loss: 1.7580
Batch 200, Loss: 1.7579
Batch 300, Loss: 1.7580
Epoch 56 learning rate: 0.0818711994874345
Epoch 56 time: 118.66778945922852 seconds
Epoch 56 accuracy: 10.0%
Batch 100, Loss: 1.7579
Batch 200, Loss: 1.7579
Batch 300, Loss: 1.7580
Epoch 57 learning rate: 0.08126213281678528
Epoch 57 time: 118.75700449943542 seconds
Epoch 57 accuracy: 10.0%
Batch 100, Loss: 1.7579
Batch 200, Loss: 1.7580
Batch 300, Loss: 1.7579
Epoch 58 learning rate: 0.08064535268264884
Epoch 58 time: 118.76433062553406 seconds
Epoch 58 accuracy: 10.0%
Batch 100, Loss: 1.7579
Batch 200, Loss: 1.7579
Batch 300, Loss: 1.7579
Epoch 59 learning rate: 0.08002101126629421
Epoch 59 time: 118.72012710571289 seconds
Epoch 59 accuracy: 10.0%
Batch 100, Loss: 1.7578
Batch 200, Loss: 1.7580
Batch 300, Loss: 1.7580
Epoch 60 learning rate: 0.07938926261462367
Epoch 60 time: 118.72190403938293 seconds
Epoch 60 accuracy: 10.0%
Batch 100, Loss: 1.7578
Batch 200, Loss: 1.7579
Batch 300, Loss: 1.7580
Epoch 61 learning rate: 0.07875026260216395
Epoch 61 time: 118.75749111175537 seconds
Epoch 61 accuracy: 10.0%
Batch 100, Loss: 1.7579
Batch 200, Loss: 1.7578
Batch 300, Loss: 1.7579
Epoch 62 learning rate: 0.07810416889260656
Epoch 62 time: 118.73937559127808 seconds
Epoch 62 accuracy: 10.0%
Batch 100, Loss: 1.7577
Batch 200, Loss: 1.7581
Batch 300, Loss: 1.7579
Epoch 63 learning rate: 0.07745114089990661
Epoch 63 time: 118.76022791862488 seconds
Epoch 63 accuracy: 10.0%
Batch 100, Loss: 1.7578
Batch 200, Loss: 1.7580
Batch 300, Loss: 1.7580
Epoch 64 learning rate: 0.07679133974894985
Epoch 64 time: 118.77927303314209 seconds
Epoch 64 accuracy: 10.0%
Batch 100, Loss: 1.7579
Batch 200, Loss: 1.7579
Batch 300, Loss: 1.7579
Epoch 65 learning rate: 0.07612492823579746
Epoch 65 time: 118.95769214630127 seconds
Epoch 65 accuracy: 10.0%
Batch 100, Loss: 1.7580
Batch 200, Loss: 1.7579
Batch 300, Loss: 1.7580
Epoch 66 learning rate: 0.07545207078751859
Epoch 66 time: 118.88301277160645 seconds
Epoch 66 accuracy: 10.0%
Batch 100, Loss: 1.7577
Batch 200, Loss: 1.7579
Batch 300, Loss: 1.7579
Epoch 67 learning rate: 0.0747729334216204
Epoch 67 time: 118.72085285186768 seconds
Epoch 67 accuracy: 10.0%
Batch 100, Loss: 1.7578
Batch 200, Loss: 1.7580
Batch 300, Loss: 1.7580
Epoch 68 learning rate: 0.07408768370508578
Epoch 68 time: 118.71451544761658 seconds
Epoch 68 accuracy: 10.0%
Batch 100, Loss: 1.7578
Batch 200, Loss: 1.7580
Batch 300, Loss: 1.7579
Epoch 69 learning rate: 0.0733964907130287
Epoch 69 time: 118.63370084762573 seconds
Epoch 69 accuracy: 10.0%
Batch 100, Loss: 1.7579
Batch 200, Loss: 1.7579
Batch 300, Loss: 1.7579
Epoch 70 learning rate: 0.07269952498697736
Epoch 70 time: 118.74459433555603 seconds
Epoch 70 accuracy: 10.0%
Batch 100, Loss: 1.7579
Batch 200, Loss: 1.7579
Batch 300, Loss: 1.7580
Epoch 71 learning rate: 0.07199695849279578
Epoch 71 time: 118.72502279281616 seconds
Epoch 71 accuracy: 10.0%
Batch 100, Loss: 1.7579
Batch 200, Loss: 1.7578
Batch 300, Loss: 1.7580
Epoch 72 learning rate: 0.07128896457825366
Epoch 72 time: 118.79246759414673 seconds
Epoch 72 accuracy: 10.0%
Batch 100, Loss: 1.7579
Batch 200, Loss: 1.7580
Batch 300, Loss: 1.7579
Epoch 73 learning rate: 0.07057571793025548
Epoch 73 time: 118.87040853500366 seconds
Epoch 73 accuracy: 10.0%
Batch 100, Loss: 1.7578
Batch 200, Loss: 1.7579
Batch 300, Loss: 1.7579
Epoch 74 learning rate: 0.06985739453173906
Epoch 74 time: 118.60184931755066 seconds
Epoch 74 accuracy: 10.0%
Batch 100, Loss: 1.7579
Batch 200, Loss: 1.7579
Batch 300, Loss: 1.7579
Epoch 75 learning rate: 0.06913417161825453
Epoch 75 time: 118.6838231086731 seconds
Epoch 75 accuracy: 10.0%
Batch 100, Loss: 1.7578
Batch 200, Loss: 1.7579
Batch 300, Loss: 1.7580
Epoch 76 learning rate: 0.06840622763423394
Epoch 76 time: 118.87598967552185 seconds
Epoch 76 accuracy: 10.0%
Batch 100, Loss: 1.7579
Batch 200, Loss: 1.7579
Batch 300, Loss: 1.7579
Epoch 77 learning rate: 0.0676737421889629
Epoch 77 time: 118.8105103969574 seconds
Epoch 77 accuracy: 10.0%
Batch 100, Loss: 1.7580
Batch 200, Loss: 1.7580
Batch 300, Loss: 1.7579
Epoch 78 learning rate: 0.06693689601226462
Epoch 78 time: 118.71042895317078 seconds
Epoch 78 accuracy: 10.0%
Batch 100, Loss: 1.7577
Batch 200, Loss: 1.7580
Batch 300, Loss: 1.7579
Epoch 79 learning rate: 0.06619587090990751
Epoch 79 time: 118.76445603370667 seconds
Epoch 79 accuracy: 10.0%
Batch 100, Loss: 1.7579
Batch 200, Loss: 1.7579
Batch 300, Loss: 1.7579
Epoch 80 learning rate: 0.06545084971874741
Epoch 80 time: 118.80530190467834 seconds
Epoch 80 accuracy: 10.0%
Batch 100, Loss: 1.7578
Batch 200, Loss: 1.7579
Batch 300, Loss: 1.7579
Epoch 81 learning rate: 0.06470201626161524
Epoch 81 time: 118.7421555519104 seconds
Epoch 81 accuracy: 10.0%
Batch 100, Loss: 1.7578
Batch 200, Loss: 1.7579
Batch 300, Loss: 1.7580
Epoch 82 learning rate: 0.06394955530196152
Epoch 82 time: 118.62430715560913 seconds
Epoch 82 accuracy: 10.0%
Batch 100, Loss: 1.7580
Batch 200, Loss: 1.7579
Batch 300, Loss: 1.7579
Epoch 83 learning rate: 0.06319365249826868
Epoch 83 time: 118.82720804214478 seconds
Epoch 83 accuracy: 10.0%
Batch 100, Loss: 1.7578
Batch 200, Loss: 1.7580
Batch 300, Loss: 1.7579
Epoch 84 learning rate: 0.06243449435824277
Epoch 84 time: 118.73605751991272 seconds
Epoch 84 accuracy: 10.0%
Batch 100, Loss: 1.7579
Batch 200, Loss: 1.7579
Batch 300, Loss: 1.7579
Epoch 85 learning rate: 0.06167226819279532
Epoch 85 time: 118.66083097457886 seconds
Epoch 85 accuracy: 10.0%
Batch 100, Loss: 1.7578
Batch 200, Loss: 1.7580
Batch 300, Loss: 1.7579
Epoch 86 learning rate: 0.06090716206982718
Epoch 86 time: 118.88129734992981 seconds
Epoch 86 accuracy: 10.0%
Batch 100, Loss: 1.7579
Batch 200, Loss: 1.7578
Batch 300, Loss: 1.7580
Epoch 87 learning rate: 0.06013936476782568
Epoch 87 time: 118.7006607055664 seconds
Epoch 87 accuracy: 10.0%
Batch 100, Loss: 1.7578
Batch 200, Loss: 1.7580
Batch 300, Loss: 1.7579
Epoch 88 learning rate: 0.05936906572928629
Epoch 88 time: 118.81455969810486 seconds
Epoch 88 accuracy: 10.0%
Batch 100, Loss: 1.7577
Batch 200, Loss: 1.7580
Batch 300, Loss: 1.7579
Epoch 89 learning rate: 0.05859645501397052
Epoch 89 time: 118.81273365020752 seconds
Epoch 89 accuracy: 10.0%
Batch 100, Loss: 1.7579
Batch 200, Loss: 1.7580
Batch 300, Loss: 1.7579
Epoch 90 learning rate: 0.05782172325201159
Epoch 90 time: 118.86049628257751 seconds
Epoch 90 accuracy: 10.0%
Batch 100, Loss: 1.7579
Batch 200, Loss: 1.7579
Batch 300, Loss: 1.7579
Epoch 91 learning rate: 0.057045061596879186
Epoch 91 time: 118.92631888389587 seconds
Epoch 91 accuracy: 10.0%
Batch 100, Loss: 1.7578
Batch 200, Loss: 1.7579
Batch 300, Loss: 1.7579
Epoch 92 learning rate: 0.056266661678215264
Epoch 92 time: 118.72915649414062 seconds
Epoch 92 accuracy: 10.0%
Batch 100, Loss: 1.7578
Batch 200, Loss: 1.7579
Batch 300, Loss: 1.7580
Epoch 93 learning rate: 0.055486715554552306
Epoch 93 time: 118.82027912139893 seconds
Epoch 93 accuracy: 10.0%
Batch 100, Loss: 1.7579
Batch 200, Loss: 1.7578
Batch 300, Loss: 1.7579
Epoch 94 learning rate: 0.05470541566592575
Epoch 94 time: 118.78048586845398 seconds
Epoch 94 accuracy: 10.0%
Batch 100, Loss: 1.7578
Batch 200, Loss: 1.7579
Batch 300, Loss: 1.7579
Epoch 95 learning rate: 0.05392295478639229
Epoch 95 time: 118.81123304367065 seconds
Epoch 95 accuracy: 10.0%
Batch 100, Loss: 1.7578
Batch 200, Loss: 1.7579
Batch 300, Loss: 1.7579
Epoch 96 learning rate: 0.05313952597646571
Epoch 96 time: 118.7777533531189 seconds
Epoch 96 accuracy: 10.0%
Batch 100, Loss: 1.7579
Batch 200, Loss: 1.7578
Batch 300, Loss: 1.7579
Epoch 97 learning rate: 0.05235532253548216
Epoch 97 time: 118.77954387664795 seconds
Epoch 97 accuracy: 10.0%
Batch 100, Loss: 1.7579
Batch 200, Loss: 1.7578
Batch 300, Loss: 1.7580
Epoch 98 learning rate: 0.051570537953906447
Epoch 98 time: 118.86730766296387 seconds
Epoch 98 accuracy: 10.0%
Batch 100, Loss: 1.7579
Batch 200, Loss: 1.7579
Batch 300, Loss: 1.7579
Epoch 99 learning rate: 0.05078536586559106
Epoch 99 time: 118.91878771781921 seconds
Epoch 99 accuracy: 10.0%
Batch 100, Loss: 1.7579
Batch 200, Loss: 1.7578
Batch 300, Loss: 1.7580
Epoch 100 learning rate: 0.050000000000000024
Epoch 100 time: 118.74452686309814 seconds
Epoch 100 accuracy: 10.0%
Batch 100, Loss: 1.7577
Batch 200, Loss: 1.7581
Batch 300, Loss: 1.7578
Epoch 101 learning rate: 0.049214634134409
Epoch 101 time: 118.77782249450684 seconds
Epoch 101 accuracy: 10.0%
Batch 100, Loss: 1.7579
Batch 200, Loss: 1.7578
Batch 300, Loss: 1.7579
Epoch 102 learning rate: 0.04842946204609361
Epoch 102 time: 118.82776975631714 seconds
Epoch 102 accuracy: 10.0%
Batch 100, Loss: 1.7578
Batch 200, Loss: 1.7579
Batch 300, Loss: 1.7579
Epoch 103 learning rate: 0.04764467746451789
Epoch 103 time: 118.70557594299316 seconds
Epoch 103 accuracy: 10.0%
Batch 100, Loss: 1.7578
Batch 200, Loss: 1.7580
Batch 300, Loss: 1.7578
Epoch 104 learning rate: 0.046860474023534354
Epoch 104 time: 118.73879861831665 seconds
Epoch 104 accuracy: 10.0%
Batch 100, Loss: 1.7579
Batch 200, Loss: 1.7578
Batch 300, Loss: 1.7579
Epoch 105 learning rate: 0.04607704521360778
Epoch 105 time: 118.78446221351624 seconds
Epoch 105 accuracy: 10.0%
Batch 100, Loss: 1.7578
Batch 200, Loss: 1.7578
Batch 300, Loss: 1.7579
Epoch 106 learning rate: 0.04529458433407431
Epoch 106 time: 118.8042094707489 seconds
Epoch 106 accuracy: 10.0%
Batch 100, Loss: 1.7578
Batch 200, Loss: 1.7579
Batch 300, Loss: 1.7579
Epoch 107 learning rate: 0.04451328444544776
Epoch 107 time: 118.83551597595215 seconds
Epoch 107 accuracy: 10.0%
Batch 100, Loss: 1.7578
Batch 200, Loss: 1.7579
Batch 300, Loss: 1.7579
Epoch 108 learning rate: 0.04373333832178482
Epoch 108 time: 118.76992058753967 seconds
Epoch 108 accuracy: 10.0%
Batch 100, Loss: 1.7578
Batch 200, Loss: 1.7578
Batch 300, Loss: 1.7580
Epoch 109 learning rate: 0.0429549384031209
Epoch 109 time: 118.89080333709717 seconds
Epoch 109 accuracy: 10.0%
Batch 100, Loss: 1.7578
Batch 200, Loss: 1.7579
Batch 300, Loss: 1.7579
Epoch 110 learning rate: 0.042178276747988484
Epoch 110 time: 118.85119557380676 seconds
Epoch 110 accuracy: 10.0%
Batch 100, Loss: 1.7579
Batch 200, Loss: 1.7578
Batch 300, Loss: 1.7579
Epoch 111 learning rate: 0.04140354498602954
Epoch 111 time: 118.7703263759613 seconds
Epoch 111 accuracy: 10.0%
Batch 100, Loss: 1.7577
Batch 200, Loss: 1.7580
Batch 300, Loss: 1.7579
Epoch 112 learning rate: 0.0406309342707138
Epoch 112 time: 118.73510479927063 seconds
Epoch 112 accuracy: 10.0%
Batch 100, Loss: 1.7577
Batch 200, Loss: 1.7579
Batch 300, Loss: 1.7579
Epoch 113 learning rate: 0.03986063523217441
Epoch 113 time: 118.79114627838135 seconds
Epoch 113 accuracy: 10.0%
Batch 100, Loss: 1.7578
Batch 200, Loss: 1.7579
Batch 300, Loss: 1.7579
Epoch 114 learning rate: 0.039092837930172916
Epoch 114 time: 118.84683132171631 seconds
Epoch 114 accuracy: 10.0%
Batch 100, Loss: 1.7579
Batch 200, Loss: 1.7578
Batch 300, Loss: 1.7578
Epoch 115 learning rate: 0.03832773180720475
Epoch 115 time: 118.65475702285767 seconds
Epoch 115 accuracy: 10.0%
Batch 100, Loss: 1.7578
Batch 200, Loss: 1.7579
Batch 300, Loss: 1.7578
Epoch 116 learning rate: 0.037565505641757285
Epoch 116 time: 118.81887769699097 seconds
Epoch 116 accuracy: 10.0%
Batch 100, Loss: 1.7577
Batch 200, Loss: 1.7579
Batch 300, Loss: 1.7579
Epoch 117 learning rate: 0.03680634750173138
Epoch 117 time: 118.70333123207092 seconds
Epoch 117 accuracy: 10.0%
Batch 100, Loss: 1.7578
Batch 200, Loss: 1.7579
Batch 300, Loss: 1.7579
Epoch 118 learning rate: 0.036050444698038565
Epoch 118 time: 118.8319320678711 seconds
Epoch 118 accuracy: 10.0%
Batch 100, Loss: 1.7578
Batch 200, Loss: 1.7579
Batch 300, Loss: 1.7579
Epoch 119 learning rate: 0.03529798373838483
Epoch 119 time: 118.76776480674744 seconds
Epoch 119 accuracy: 10.0%
Batch 100, Loss: 1.7578
Batch 200, Loss: 1.7579
Batch 300, Loss: 1.7578
Epoch 120 learning rate: 0.03454915028125267
Epoch 120 time: 118.76602411270142 seconds
Epoch 120 accuracy: 10.0%
Batch 100, Loss: 1.7578
Batch 200, Loss: 1.7579
Batch 300, Loss: 1.7579
Epoch 121 learning rate: 0.03380412909009255
Epoch 121 time: 118.80056262016296 seconds
Epoch 121 accuracy: 10.0%
Batch 100, Loss: 1.7579
Batch 200, Loss: 1.7578
Batch 300, Loss: 1.7578
Epoch 122 learning rate: 0.03306310398773545
Epoch 122 time: 118.91904544830322 seconds
Epoch 122 accuracy: 10.0%
Batch 100, Loss: 1.7577
Batch 200, Loss: 1.7579
Batch 300, Loss: 1.7579
Epoch 123 learning rate: 0.03232625781103717
Epoch 123 time: 118.76333808898926 seconds
Epoch 123 accuracy: 10.0%
Batch 100, Loss: 1.7578
Batch 200, Loss: 1.7579
Batch 300, Loss: 1.7579
Epoch 124 learning rate: 0.03159377236576613
Epoch 124 time: 118.87998104095459 seconds
Epoch 124 accuracy: 10.0%
Batch 100, Loss: 1.7578
Batch 200, Loss: 1.7579
Batch 300, Loss: 1.7579
Epoch 125 learning rate: 0.030865828381745543
Epoch 125 time: 118.69360542297363 seconds
Epoch 125 accuracy: 10.0%
Batch 100, Loss: 1.7578
Batch 200, Loss: 1.7579
Batch 300, Loss: 1.7578
Epoch 126 learning rate: 0.03014260546826098
Epoch 126 time: 118.66517353057861 seconds
Epoch 126 accuracy: 10.0%
Batch 100, Loss: 1.7578
Batch 200, Loss: 1.7578
Batch 300, Loss: 1.7578
Epoch 127 learning rate: 0.02942428206974458
Epoch 127 time: 118.82520985603333 seconds
Epoch 127 accuracy: 10.0%
Batch 100, Loss: 1.7579
Batch 200, Loss: 1.7578
Batch 300, Loss: 1.7578
Epoch 128 learning rate: 0.028711035421746387
Epoch 128 time: 118.7189736366272 seconds
Epoch 128 accuracy: 10.0%
Batch 100, Loss: 1.7578
Batch 200, Loss: 1.7578
Batch 300, Loss: 1.7579
Epoch 129 learning rate: 0.02800304150720426
Epoch 129 time: 118.79130983352661 seconds
Epoch 129 accuracy: 10.0%
Batch 100, Loss: 1.7578
Batch 200, Loss: 1.7578
Batch 300, Loss: 1.7578
Epoch 130 learning rate: 0.02730047501302268
Epoch 130 time: 118.80697751045227 seconds
Epoch 130 accuracy: 10.0%
Batch 100, Loss: 1.7578
Batch 200, Loss: 1.7579
Batch 300, Loss: 1.7579
Epoch 131 learning rate: 0.026603509286971357
Epoch 131 time: 118.76594567298889 seconds
Epoch 131 accuracy: 10.0%
Batch 100, Loss: 1.7578
Batch 200, Loss: 1.7578
Batch 300, Loss: 1.7578
Epoch 132 learning rate: 0.025912316294914244
Epoch 132 time: 118.85993957519531 seconds
Epoch 132 accuracy: 10.0%
Batch 100, Loss: 1.7578
Batch 200, Loss: 1.7578
Batch 300, Loss: 1.7578
Epoch 133 learning rate: 0.025227066578379632
Epoch 133 time: 118.75811910629272 seconds
Epoch 133 accuracy: 10.0%
Batch 100, Loss: 1.7578
Batch 200, Loss: 1.7578
Batch 300, Loss: 1.7578
Epoch 134 learning rate: 0.024547929212481445
Epoch 134 time: 118.87046813964844 seconds
Epoch 134 accuracy: 10.0%
Batch 100, Loss: 1.7578
Batch 200, Loss: 1.7578
Batch 300, Loss: 1.7579
Epoch 135 learning rate: 0.02387507176420257
Epoch 135 time: 118.74319219589233 seconds
Epoch 135 accuracy: 10.0%
Batch 100, Loss: 1.7578
Batch 200, Loss: 1.7578
Batch 300, Loss: 1.7578
Epoch 136 learning rate: 0.023208660251050166
Epoch 136 time: 118.76345014572144 seconds
Epoch 136 accuracy: 10.0%
Batch 100, Loss: 1.7578
Batch 200, Loss: 1.7578
Batch 300, Loss: 1.7578
Epoch 137 learning rate: 0.022548859100093414
Epoch 137 time: 118.87304496765137 seconds
Epoch 137 accuracy: 10.0%
Batch 100, Loss: 1.7578
Batch 200, Loss: 1.7578
Batch 300, Loss: 1.7579
Epoch 138 learning rate: 0.021895831107393474
Epoch 138 time: 118.76277899742126 seconds
Epoch 138 accuracy: 10.0%
Batch 100, Loss: 1.7578
Batch 200, Loss: 1.7578
Batch 300, Loss: 1.7578
Epoch 139 learning rate: 0.02124973739783608
Epoch 139 time: 118.77346968650818 seconds
Epoch 139 accuracy: 10.0%
Batch 100, Loss: 1.7578
Batch 200, Loss: 1.7578
Batch 300, Loss: 1.7578
Epoch 140 learning rate: 0.02061073738537636
Epoch 140 time: 119.41980719566345 seconds
Epoch 140 accuracy: 10.0%
Batch 100, Loss: 1.7578
Batch 200, Loss: 1.7578
Batch 300, Loss: 1.7579
Epoch 141 learning rate: 0.019978988733705814
Epoch 141 time: 118.63182759284973 seconds
Epoch 141 accuracy: 10.0%
Batch 100, Loss: 1.7578
Batch 200, Loss: 1.7578
Batch 300, Loss: 1.7578
Epoch 142 learning rate: 0.01935464731735118
Epoch 142 time: 118.85798740386963 seconds
Epoch 142 accuracy: 10.0%
Batch 100, Loss: 1.7578
Batch 200, Loss: 1.7578
Batch 300, Loss: 1.7578
Epoch 143 learning rate: 0.018737867183214747
Epoch 143 time: 118.67766070365906 seconds
Epoch 143 accuracy: 10.0%
Batch 100, Loss: 1.7578
Batch 200, Loss: 1.7579
Batch 300, Loss: 1.7578
Epoch 144 learning rate: 0.01812880051256552
Epoch 144 time: 118.76648592948914 seconds
Epoch 144 accuracy: 10.0%
Batch 100, Loss: 1.7578
Batch 200, Loss: 1.7578
Batch 300, Loss: 1.7578
Epoch 145 learning rate: 0.017527597583490827
Epoch 145 time: 118.69832587242126 seconds
Epoch 145 accuracy: 10.0%
Batch 100, Loss: 1.7578
Batch 200, Loss: 1.7578
Batch 300, Loss: 1.7579
Epoch 146 learning rate: 0.01693440673381742
Epoch 146 time: 118.84804081916809 seconds
Epoch 146 accuracy: 10.0%
Batch 100, Loss: 1.7578
Batch 200, Loss: 1.7578
Batch 300, Loss: 1.7578
Epoch 147 learning rate: 0.016349374324511334
Epoch 147 time: 118.77955985069275 seconds
Epoch 147 accuracy: 10.0%
Batch 100, Loss: 1.7578
Batch 200, Loss: 1.7578
Batch 300, Loss: 1.7578
Epoch 148 learning rate: 0.01577264470356557
Epoch 148 time: 118.82443499565125 seconds
Epoch 148 accuracy: 10.0%
Batch 100, Loss: 1.7578
Batch 200, Loss: 1.7578
Batch 300, Loss: 1.7579
Epoch 149 learning rate: 0.01520436017038429
Epoch 149 time: 118.89649820327759 seconds
Epoch 149 accuracy: 10.0%
Batch 100, Loss: 1.7578
Batch 200, Loss: 1.7578
Batch 300, Loss: 1.7578
Epoch 150 learning rate: 0.014644660940672632
Epoch 150 time: 118.84791135787964 seconds
Epoch 150 accuracy: 10.0%
Batch 100, Loss: 1.7578
Batch 200, Loss: 1.7578
Batch 300, Loss: 1.7578
Epoch 151 learning rate: 0.01409368511184057
Epoch 151 time: 118.82677555084229 seconds
Epoch 151 accuracy: 10.0%
Batch 100, Loss: 1.7578
Batch 200, Loss: 1.7578
Batch 300, Loss: 1.7578
Epoch 152 learning rate: 0.013551568628929438
Epoch 152 time: 118.8362991809845 seconds
Epoch 152 accuracy: 10.0%
Batch 100, Loss: 1.7578
Batch 200, Loss: 1.7578
Batch 300, Loss: 1.7578
Epoch 153 learning rate: 0.013018445251069516
Epoch 153 time: 118.66944885253906 seconds
Epoch 153 accuracy: 10.0%
Batch 100, Loss: 1.7578
Batch 200, Loss: 1.7578
Batch 300, Loss: 1.7578
Epoch 154 learning rate: 0.012494446518477026
Epoch 154 time: 118.86944961547852 seconds
Epoch 154 accuracy: 10.0%
Batch 100, Loss: 1.7578
Batch 200, Loss: 1.7578
Batch 300, Loss: 1.7578
Epoch 155 learning rate: 0.011979701719998459
Epoch 155 time: 118.65166902542114 seconds
Epoch 155 accuracy: 10.0%
Batch 100, Loss: 1.7578
Batch 200, Loss: 1.7578
Batch 300, Loss: 1.7578
Epoch 156 learning rate: 0.011474337861210548
Epoch 156 time: 118.78193926811218 seconds
Epoch 156 accuracy: 10.0%
Batch 100, Loss: 1.7578
Batch 200, Loss: 1.7578
Batch 300, Loss: 1.7578
Epoch 157 learning rate: 0.010978479633083526
Epoch 157 time: 118.87867069244385 seconds
Epoch 157 accuracy: 10.0%
Batch 100, Loss: 1.7578
Batch 200, Loss: 1.7578
Batch 300, Loss: 1.7578
Epoch 158 learning rate: 0.010492249381215483
Epoch 158 time: 118.8487229347229 seconds
Epoch 158 accuracy: 10.0%
Batch 100, Loss: 1.7578
Batch 200, Loss: 1.7578
Batch 300, Loss: 1.7579
Epoch 159 learning rate: 0.010015767075645474
Epoch 159 time: 118.68202328681946 seconds
Epoch 159 accuracy: 10.0%
Batch 100, Loss: 1.7578
Batch 200, Loss: 1.7578
Batch 300, Loss: 1.7578
Epoch 160 learning rate: 0.009549150281252637
Epoch 160 time: 118.79780578613281 seconds
Epoch 160 accuracy: 10.0%
Batch 100, Loss: 1.7578
Batch 200, Loss: 1.7578
Batch 300, Loss: 1.7578
Epoch 161 learning rate: 0.00909251412874884
Epoch 161 time: 118.68729734420776 seconds
Epoch 161 accuracy: 10.0%
Batch 100, Loss: 1.7578
Batch 200, Loss: 1.7578
Batch 300, Loss: 1.7578
Epoch 162 learning rate: 0.008645971286271918
Epoch 162 time: 118.77768921852112 seconds
Epoch 162 accuracy: 10.0%
Batch 100, Loss: 1.7578
Batch 200, Loss: 1.7578
Batch 300, Loss: 1.7578
Epoch 163 learning rate: 0.008209631931586501
Epoch 163 time: 118.77221155166626 seconds
Epoch 163 accuracy: 10.0%
Batch 100, Loss: 1.7578
Batch 200, Loss: 1.7578
Batch 300, Loss: 1.7578
Epoch 164 learning rate: 0.0077836037248992605
Epoch 164 time: 118.71774768829346 seconds
Epoch 164 accuracy: 10.0%
Batch 100, Loss: 1.7578
Batch 200, Loss: 1.7578
Batch 300, Loss: 1.7578
Epoch 165 learning rate: 0.0073679917822954055
Epoch 165 time: 118.99722814559937 seconds
Epoch 165 accuracy: 10.0%
Batch 100, Loss: 1.7578
Batch 200, Loss: 1.7578
Batch 300, Loss: 1.7578
Epoch 166 learning rate: 0.006962898649802815
Epoch 166 time: 118.70788431167603 seconds
Epoch 166 accuracy: 10.0%
Batch 100, Loss: 1.7578
Batch 200, Loss: 1.7578
Batch 300, Loss: 1.7578
Epoch 167 learning rate: 0.006568424278090438
Epoch 167 time: 118.81851863861084 seconds
Epoch 167 accuracy: 10.0%
Batch 100, Loss: 1.7578
Batch 200, Loss: 1.7578
Batch 300, Loss: 1.7578
Epoch 168 learning rate: 0.006184665997806824
Epoch 168 time: 118.62618136405945 seconds
Epoch 168 accuracy: 10.0%
Batch 100, Loss: 1.7578
Batch 200, Loss: 1.7578
Batch 300, Loss: 1.7578
Epoch 169 learning rate: 0.00581171849556533
Epoch 169 time: 118.85808157920837 seconds
Epoch 169 accuracy: 10.0%
Batch 100, Loss: 1.7578
Batch 200, Loss: 1.7578
Batch 300, Loss: 1.7578
Epoch 170 learning rate: 0.0054496737905816136
Epoch 170 time: 118.70841455459595 seconds
Epoch 170 accuracy: 10.0%
Batch 100, Loss: 1.7578
Batch 200, Loss: 1.7578
Batch 300, Loss: 1.7578
Epoch 171 learning rate: 0.005098621211969226
Epoch 171 time: 118.77196264266968 seconds
Epoch 171 accuracy: 10.0%
Batch 100, Loss: 1.7578
Batch 200, Loss: 1.7578
Batch 300, Loss: 1.7578
Epoch 172 learning rate: 0.004758647376699035
Epoch 172 time: 118.8257269859314 seconds
Epoch 172 accuracy: 10.0%
Batch 100, Loss: 1.7578
Batch 200, Loss: 1.7578
Batch 300, Loss: 1.7578
Epoch 173 learning rate: 0.00442983616822775
Epoch 173 time: 118.88610172271729 seconds
Epoch 173 accuracy: 10.0%
Batch 100, Loss: 1.7578
Batch 200, Loss: 1.7578
Batch 300, Loss: 1.7578
Epoch 174 learning rate: 0.004112268715800957
Epoch 174 time: 118.80080938339233 seconds
Epoch 174 accuracy: 10.0%
Batch 100, Loss: 1.7578
Batch 200, Loss: 1.7578
Batch 300, Loss: 1.7578
Epoch 175 learning rate: 0.003806023374435677
Epoch 175 time: 118.80853343009949 seconds
Epoch 175 accuracy: 10.0%
Batch 100, Loss: 1.7578
Batch 200, Loss: 1.7578
Batch 300, Loss: 1.7578
Epoch 176 learning rate: 0.003511175705587435
Epoch 176 time: 118.75597286224365 seconds
Epoch 176 accuracy: 10.0%
Batch 100, Loss: 1.7578
Batch 200, Loss: 1.7578
Batch 300, Loss: 1.7578
Epoch 177 learning rate: 0.0032277984585066333
Epoch 177 time: 118.78046989440918 seconds
Epoch 177 accuracy: 10.0%
Batch 100, Loss: 1.7578
Batch 200, Loss: 1.7578
Batch 300, Loss: 1.7578
Epoch 178 learning rate: 0.002955961552288729
Epoch 178 time: 118.86346197128296 seconds
Epoch 178 accuracy: 10.0%
Batch 100, Loss: 1.7578
Batch 200, Loss: 1.7578
Batch 300, Loss: 1.7578
Epoch 179 learning rate: 0.0026957320586227366
Epoch 179 time: 118.74803447723389 seconds
Epoch 179 accuracy: 10.0%
Batch 100, Loss: 1.7578
Batch 200, Loss: 1.7578
Batch 300, Loss: 1.7578
Epoch 180 learning rate: 0.002447174185242325
Epoch 180 time: 118.79879355430603 seconds
Epoch 180 accuracy: 10.0%
Batch 100, Loss: 1.7578
Batch 200, Loss: 1.7578
Batch 300, Loss: 1.7578
Epoch 181 learning rate: 0.0022103492600834954
Epoch 181 time: 118.97211766242981 seconds
Epoch 181 accuracy: 10.0%
Batch 100, Loss: 1.7578
Batch 200, Loss: 1.7578
Batch 300, Loss: 1.7578
Epoch 182 learning rate: 0.0019853157161528537
Epoch 182 time: 118.80518078804016 seconds
Epoch 182 accuracy: 10.0%
Batch 100, Loss: 1.7578
Batch 200, Loss: 1.7578
Batch 300, Loss: 1.7578
Epoch 183 learning rate: 0.001772129077110103
Epoch 183 time: 118.88995909690857 seconds
Epoch 183 accuracy: 10.0%
Batch 100, Loss: 1.7578
Batch 200, Loss: 1.7578
Batch 300, Loss: 1.7578
Epoch 184 learning rate: 0.0015708419435684529
Epoch 184 time: 118.79777669906616 seconds
Epoch 184 accuracy: 10.0%
Batch 100, Loss: 1.7578
Batch 200, Loss: 1.7578
Batch 300, Loss: 1.7578
Epoch 185 learning rate: 0.0013815039801161732
Epoch 185 time: 118.64446353912354 seconds
Epoch 185 accuracy: 10.0%
Batch 100, Loss: 1.7578
Batch 200, Loss: 1.7578
Batch 300, Loss: 1.7578
Epoch 186 learning rate: 0.0012041619030626347
Epoch 186 time: 118.71964573860168 seconds
Epoch 186 accuracy: 10.0%
Batch 100, Loss: 1.7578
Batch 200, Loss: 1.7578
Batch 300, Loss: 1.7578
Epoch 187 learning rate: 0.0010388594689117077
Epoch 187 time: 118.79563474655151 seconds
Epoch 187 accuracy: 10.0%
Batch 100, Loss: 1.7578
Batch 200, Loss: 1.7578
Batch 300, Loss: 1.7578
Epoch 188 learning rate: 0.0008856374635655645
Epoch 188 time: 118.8055431842804 seconds
Epoch 188 accuracy: 10.0%
Batch 100, Loss: 1.7578
Batch 200, Loss: 1.7578
Batch 300, Loss: 1.7578
Epoch 189 learning rate: 0.000744533692261307
Epoch 189 time: 118.67382335662842 seconds
Epoch 189 accuracy: 10.0%
Batch 100, Loss: 1.7578
Batch 200, Loss: 1.7578
Batch 300, Loss: 1.7578
Epoch 190 learning rate: 0.0006155829702431174
Epoch 190 time: 118.75849223136902 seconds
Epoch 190 accuracy: 10.0%
Batch 100, Loss: 1.7578
Batch 200, Loss: 1.7578
Batch 300, Loss: 1.7578
Epoch 191 learning rate: 0.0004988171141721235
Epoch 191 time: 118.73716068267822 seconds
Epoch 191 accuracy: 10.0%
Batch 100, Loss: 1.7578
Batch 200, Loss: 1.7578
Batch 300, Loss: 1.7578
Epoch 192 learning rate: 0.00039426493427611206
Epoch 192 time: 118.72227621078491 seconds
Epoch 192 accuracy: 10.0%
Batch 100, Loss: 1.7578
Batch 200, Loss: 1.7578
Batch 300, Loss: 1.7578
Epoch 193 learning rate: 0.00030195222724102046
Epoch 193 time: 118.70766639709473 seconds
Epoch 193 accuracy: 10.0%
Batch 100, Loss: 1.7578
Batch 200, Loss: 1.7578
Batch 300, Loss: 1.7578
Epoch 194 learning rate: 0.00022190176984600036
Epoch 194 time: 118.84460854530334 seconds
Epoch 194 accuracy: 10.0%
Batch 100, Loss: 1.7578
Batch 200, Loss: 1.7578
Batch 300, Loss: 1.7578
Epoch 195 learning rate: 0.00015413331334360192
Epoch 195 time: 118.81765127182007 seconds
Epoch 195 accuracy: 10.0%
Batch 100, Loss: 1.7578
Batch 200, Loss: 1.7578
Batch 300, Loss: 1.7578
Epoch 196 learning rate: 9.866357858642213e-05
Epoch 196 time: 118.91259145736694 seconds
Epoch 196 accuracy: 10.0%
Batch 100, Loss: 1.7578
Batch 200, Loss: 1.7578
Batch 300, Loss: 1.7578
Epoch 197 learning rate: 5.5506251901504864e-05
Epoch 197 time: 118.71431016921997 seconds
Epoch 197 accuracy: 10.0%
Batch 100, Loss: 1.7578
Batch 200, Loss: 1.7578
Batch 300, Loss: 1.7578
Epoch 198 learning rate: 2.4671981713420017e-05
Epoch 198 time: 118.66559767723083 seconds
Epoch 198 accuracy: 10.0%
Batch 100, Loss: 1.7578
Batch 200, Loss: 1.7578
Batch 300, Loss: 1.7578
Epoch 199 learning rate: 6.168375916970619e-06
Epoch 199 time: 118.69028329849243 seconds
Epoch 199 accuracy: 10.0%
Batch 100, Loss: 1.7578
Batch 200, Loss: 1.7578
Batch 300, Loss: 1.7578
Epoch 200 learning rate: 0.0
Epoch 200 time: 119.1624264717102 seconds
Epoch 200 accuracy: 10.0%
Total training time: 23768.058767318726 seconds
