The following modules were not unloaded:
  (Use "module --force purge" to unload all):

  1) CCconfig        6)  ucx/1.14.1         11) flexiblas/3.3.1
  2) gentoo/2023     7)  libfabric/1.18.0   12) imkl/2023.2.0
  3) gcccore/.12.3   8)  pmix/4.2.4         13) StdEnv/2023
  4) gcc/12.3        9)  ucc/1.2.0
  5) hwloc/2.9.1     10) openmpi/4.1.5
/project/6070520/tkleinkn/Vanilla-GAM/main_cifar.py:187: UserWarning: You have chosen a specific GPU. This will completely disable data parallelism.
  warnings.warn('You have chosen a specific GPU. This will completely '
model name space ['resnet101_c', 'resnet152_c', 'resnet18_c', 'resnet34_c', 'resnet50_c']
Use GPU: 0 for training
=> creating model 'resnet18_c'
Files already downloaded and verified
Files already downloaded and verified
tensorboard dir ./results/CIFAR100/GAMNonAccelerated
Using non-accelerated GAM
/home/tkleinkn/GAMtest/lib/python3.11/site-packages/torch/autograd/graph.py:744: UserWarning: Using backward() with create_graph=True will create a reference cycle between the parameter and its gradient which can cause a memory leak. We recommend using autograd.grad when creating the graph to avoid this. If you have to use this function, make sure to reset the .grad fields of your parameters to None after use to break the cycle and avoid the leak. (Triggered internally at /home/coulombc/wheels_builder/tmp.2617/python-3.11/torch/torch/csrc/autograd/engine.cpp:1203.)
  return Variable._execution_engine.run_backward(  # Calls into the C++ engine to run the backward pass
Batch 100, Loss: 3.8068
Batch 200, Loss: 3.5728
Batch 300, Loss: 3.4915
Epoch 1 learning rate: 0.09999383162408304
Epoch 1 time: 245.32339215278625 seconds
Epoch 1 accuracy: 8.23%
Batch 100, Loss: 3.3756
Batch 200, Loss: 3.3466
Batch 300, Loss: 3.2633
Epoch 2 learning rate: 0.09997532801828658
Epoch 2 time: 236.58999514579773 seconds
Epoch 2 accuracy: 14.53%
Batch 100, Loss: 3.1589
Batch 200, Loss: 3.0591
Batch 300, Loss: 2.9937
Epoch 3 learning rate: 0.09994449374809851
Epoch 3 time: 236.41687202453613 seconds
Epoch 3 accuracy: 22.36%
Batch 100, Loss: 2.8383
Batch 200, Loss: 2.7634
Batch 300, Loss: 2.6955
Epoch 4 learning rate: 0.09990133642141359
Epoch 4 time: 236.40839886665344 seconds
Epoch 4 accuracy: 28.53%
Batch 100, Loss: 2.5497
Batch 200, Loss: 2.5065
Batch 300, Loss: 2.4236
Epoch 5 learning rate: 0.09984586668665642
Epoch 5 time: 236.36344742774963 seconds
Epoch 5 accuracy: 36.21%
Batch 100, Loss: 2.3395
Batch 200, Loss: 2.2982
Batch 300, Loss: 2.2396
Epoch 6 learning rate: 0.09977809823015402
Epoch 6 time: 236.23564791679382 seconds
Epoch 6 accuracy: 36.7%
Batch 100, Loss: 2.1657
Batch 200, Loss: 2.1248
Batch 300, Loss: 2.1234
Epoch 7 learning rate: 0.09969804777275901
Epoch 7 time: 236.14191555976868 seconds
Epoch 7 accuracy: 44.7%
Batch 100, Loss: 2.0254
Batch 200, Loss: 2.0351
Batch 300, Loss: 2.0210
Epoch 8 learning rate: 0.09960573506572391
Epoch 8 time: 236.0792589187622 seconds
Epoch 8 accuracy: 46.34%
Batch 100, Loss: 1.9367
Batch 200, Loss: 1.9368
Batch 300, Loss: 1.9352
Epoch 9 learning rate: 0.09950118288582789
Epoch 9 time: 236.1048674583435 seconds
Epoch 9 accuracy: 46.49%
Batch 100, Loss: 1.8830
Batch 200, Loss: 1.8735
Batch 300, Loss: 1.8731
Epoch 10 learning rate: 0.09938441702975691
Epoch 10 time: 236.1312301158905 seconds
Epoch 10 accuracy: 47.01%
Batch 100, Loss: 1.8436
Batch 200, Loss: 1.8225
Batch 300, Loss: 1.8469
Epoch 11 learning rate: 0.09925546630773871
Epoch 11 time: 236.11838269233704 seconds
Epoch 11 accuracy: 49.99%
Batch 100, Loss: 1.7973
Batch 200, Loss: 1.8074
Batch 300, Loss: 1.7852
Epoch 12 learning rate: 0.09911436253643445
Epoch 12 time: 236.09802198410034 seconds
Epoch 12 accuracy: 51.48%
Batch 100, Loss: 1.7623
Batch 200, Loss: 1.7368
Batch 300, Loss: 1.7557
Epoch 13 learning rate: 0.0989611405310883
Epoch 13 time: 236.13353610038757 seconds
Epoch 13 accuracy: 50.42%
Batch 100, Loss: 1.6933
Batch 200, Loss: 1.7262
Batch 300, Loss: 1.7162
Epoch 14 learning rate: 0.09879583809693739
Epoch 14 time: 236.38159918785095 seconds
Epoch 14 accuracy: 53.01%
Batch 100, Loss: 1.6627
Batch 200, Loss: 1.7046
Batch 300, Loss: 1.7152
Epoch 15 learning rate: 0.09861849601988384
Epoch 15 time: 236.24053621292114 seconds
Epoch 15 accuracy: 52.8%
Batch 100, Loss: 1.6460
Batch 200, Loss: 1.6862
Batch 300, Loss: 1.6879
Epoch 16 learning rate: 0.09842915805643157
Epoch 16 time: 236.18907952308655 seconds
Epoch 16 accuracy: 50.04%
Batch 100, Loss: 1.6286
Batch 200, Loss: 1.6664
Batch 300, Loss: 1.6654
Epoch 17 learning rate: 0.09822787092288993
Epoch 17 time: 236.37592005729675 seconds
Epoch 17 accuracy: 53.15%
Batch 100, Loss: 1.6113
Batch 200, Loss: 1.6621
Batch 300, Loss: 1.6556
Epoch 18 learning rate: 0.09801468428384717
Epoch 18 time: 236.29207801818848 seconds
Epoch 18 accuracy: 56.9%
Batch 100, Loss: 1.5803
Batch 200, Loss: 1.6107
Batch 300, Loss: 1.6476
Epoch 19 learning rate: 0.09778965073991652
Epoch 19 time: 236.21429467201233 seconds
Epoch 19 accuracy: 55.93%
Batch 100, Loss: 1.6230
Batch 200, Loss: 1.5815
Batch 300, Loss: 1.6209
Epoch 20 learning rate: 0.0975528258147577
Epoch 20 time: 236.1616370677948 seconds
Epoch 20 accuracy: 53.57%
Batch 100, Loss: 1.5698
Batch 200, Loss: 1.5810
Batch 300, Loss: 1.6064
Epoch 21 learning rate: 0.09730426794137728
Epoch 21 time: 236.0920238494873 seconds
Epoch 21 accuracy: 55.55%
Batch 100, Loss: 1.5925
Batch 200, Loss: 1.5843
Batch 300, Loss: 1.5724
Epoch 22 learning rate: 0.09704403844771128
Epoch 22 time: 236.14456701278687 seconds
Epoch 22 accuracy: 54.23%
Batch 100, Loss: 1.5460
Batch 200, Loss: 1.5475
Batch 300, Loss: 1.5731
Epoch 23 learning rate: 0.09677220154149338
Epoch 23 time: 236.28112149238586 seconds
Epoch 23 accuracy: 55.23%
Batch 100, Loss: 1.5173
Batch 200, Loss: 1.5443
Batch 300, Loss: 1.5714
Epoch 24 learning rate: 0.09648882429441258
Epoch 24 time: 236.12609362602234 seconds
Epoch 24 accuracy: 55.87%
Batch 100, Loss: 1.5384
Batch 200, Loss: 1.5489
Batch 300, Loss: 1.5626
Epoch 25 learning rate: 0.09619397662556435
Epoch 25 time: 236.19665670394897 seconds
Epoch 25 accuracy: 56.98%
Batch 100, Loss: 1.4974
Batch 200, Loss: 1.5275
Batch 300, Loss: 1.5307
Epoch 26 learning rate: 0.09588773128419906
Epoch 26 time: 236.09897780418396 seconds
Epoch 26 accuracy: 57.79%
Batch 100, Loss: 1.5249
Batch 200, Loss: 1.5082
Batch 300, Loss: 1.5256
Epoch 27 learning rate: 0.09557016383177226
Epoch 27 time: 236.23868918418884 seconds
Epoch 27 accuracy: 58.76%
Batch 100, Loss: 1.4967
Batch 200, Loss: 1.5032
Batch 300, Loss: 1.5157
Epoch 28 learning rate: 0.09524135262330098
Epoch 28 time: 236.35570740699768 seconds
Epoch 28 accuracy: 59.69%
Batch 100, Loss: 1.4842
Batch 200, Loss: 1.5178
Batch 300, Loss: 1.5371
Epoch 29 learning rate: 0.09490137878803079
Epoch 29 time: 236.23437571525574 seconds
Epoch 29 accuracy: 57.51%
Batch 100, Loss: 1.4803
Batch 200, Loss: 1.5030
Batch 300, Loss: 1.5341
Epoch 30 learning rate: 0.0945503262094184
Epoch 30 time: 236.08703303337097 seconds
Epoch 30 accuracy: 58.16%
Batch 100, Loss: 1.4786
Batch 200, Loss: 1.4822
Batch 300, Loss: 1.4897
Epoch 31 learning rate: 0.0941882815044347
Epoch 31 time: 236.1932053565979 seconds
Epoch 31 accuracy: 60.25%
Batch 100, Loss: 1.4718
Batch 200, Loss: 1.4736
Batch 300, Loss: 1.4963
Epoch 32 learning rate: 0.09381533400219319
Epoch 32 time: 236.20519971847534 seconds
Epoch 32 accuracy: 60.49%
Batch 100, Loss: 1.4324
Batch 200, Loss: 1.4863
Batch 300, Loss: 1.4978
Epoch 33 learning rate: 0.09343157572190958
Epoch 33 time: 236.2669129371643 seconds
Epoch 33 accuracy: 60.05%
Batch 100, Loss: 1.4330
Batch 200, Loss: 1.4870
Batch 300, Loss: 1.4897
Epoch 34 learning rate: 0.0930371013501972
Epoch 34 time: 236.18928241729736 seconds
Epoch 34 accuracy: 58.49%
Batch 100, Loss: 1.4586
Batch 200, Loss: 1.4676
Batch 300, Loss: 1.4921
Epoch 35 learning rate: 0.09263200821770463
Epoch 35 time: 236.04587483406067 seconds
Epoch 35 accuracy: 61.59%
Batch 100, Loss: 1.4345
Batch 200, Loss: 1.4699
Batch 300, Loss: 1.4727
Epoch 36 learning rate: 0.09221639627510078
Epoch 36 time: 236.2237524986267 seconds
Epoch 36 accuracy: 55.99%
Batch 100, Loss: 1.4232
Batch 200, Loss: 1.4689
Batch 300, Loss: 1.4673
Epoch 37 learning rate: 0.09179036806841355
Epoch 37 time: 236.13211154937744 seconds
Epoch 37 accuracy: 58.87%
Batch 100, Loss: 1.4335
Batch 200, Loss: 1.4544
Batch 300, Loss: 1.4690
Epoch 38 learning rate: 0.09135402871372812
Epoch 38 time: 236.23500180244446 seconds
Epoch 38 accuracy: 60.77%
Batch 100, Loss: 1.4323
Batch 200, Loss: 1.4666
Batch 300, Loss: 1.4370
Epoch 39 learning rate: 0.0909074858712512
Epoch 39 time: 236.1396563053131 seconds
Epoch 39 accuracy: 59.0%
Batch 100, Loss: 1.4060
Batch 200, Loss: 1.4323
Batch 300, Loss: 1.4515
Epoch 40 learning rate: 0.09045084971874741
Epoch 40 time: 236.1344382762909 seconds
Epoch 40 accuracy: 59.03%
Batch 100, Loss: 1.4118
Batch 200, Loss: 1.4613
Batch 300, Loss: 1.4345
Epoch 41 learning rate: 0.08998423292435458
Epoch 41 time: 236.0981342792511 seconds
Epoch 41 accuracy: 59.99%
Batch 100, Loss: 1.3943
Batch 200, Loss: 1.4162
Batch 300, Loss: 1.4322
Epoch 42 learning rate: 0.08950775061878455
Epoch 42 time: 236.04051089286804 seconds
Epoch 42 accuracy: 59.36%
Batch 100, Loss: 1.3818
Batch 200, Loss: 1.4371
Batch 300, Loss: 1.4502
Epoch 43 learning rate: 0.08902152036691653
Epoch 43 time: 236.14603543281555 seconds
Epoch 43 accuracy: 60.59%
Batch 100, Loss: 1.3948
Batch 200, Loss: 1.4096
Batch 300, Loss: 1.4262
Epoch 44 learning rate: 0.08852566213878951
Epoch 44 time: 236.1420955657959 seconds
Epoch 44 accuracy: 60.75%
Batch 100, Loss: 1.4048
Batch 200, Loss: 1.3962
Batch 300, Loss: 1.4163
Epoch 45 learning rate: 0.0880202982800016
Epoch 45 time: 236.19415092468262 seconds
Epoch 45 accuracy: 58.06%
Batch 100, Loss: 1.3865
Batch 200, Loss: 1.3739
Batch 300, Loss: 1.4148
Epoch 46 learning rate: 0.08750555348152303
Epoch 46 time: 236.20344161987305 seconds
Epoch 46 accuracy: 60.54%
Batch 100, Loss: 1.3736
Batch 200, Loss: 1.3982
Batch 300, Loss: 1.4059
Epoch 47 learning rate: 0.08698155474893052
Epoch 47 time: 236.1531162261963 seconds
Epoch 47 accuracy: 61.46%
Batch 100, Loss: 1.3556
Batch 200, Loss: 1.4001
Batch 300, Loss: 1.3962
Epoch 48 learning rate: 0.08644843137107061
Epoch 48 time: 236.13064646720886 seconds
Epoch 48 accuracy: 61.04%
Batch 100, Loss: 1.3335
Batch 200, Loss: 1.3811
Batch 300, Loss: 1.4289
Epoch 49 learning rate: 0.08590631488815947
Epoch 49 time: 236.08476614952087 seconds
Epoch 49 accuracy: 62.46%
Batch 100, Loss: 1.3281
Batch 200, Loss: 1.3886
Batch 300, Loss: 1.4106
Epoch 50 learning rate: 0.0853553390593274
Epoch 50 time: 236.22160577774048 seconds
Epoch 50 accuracy: 60.59%
Batch 100, Loss: 1.3374
Batch 200, Loss: 1.3680
Batch 300, Loss: 1.3975
Epoch 51 learning rate: 0.08479563982961574
Epoch 51 time: 236.23013520240784 seconds
Epoch 51 accuracy: 58.21%
Batch 100, Loss: 1.3431
Batch 200, Loss: 1.3738
Batch 300, Loss: 1.4060
Epoch 52 learning rate: 0.08422735529643446
Epoch 52 time: 236.26286339759827 seconds
Epoch 52 accuracy: 61.45%
Batch 100, Loss: 1.3417
Batch 200, Loss: 1.3587
Batch 300, Loss: 1.3897
Epoch 53 learning rate: 0.08365062567548869
Epoch 53 time: 236.19798636436462 seconds
Epoch 53 accuracy: 58.93%
Batch 100, Loss: 1.3238
Batch 200, Loss: 1.3720
Batch 300, Loss: 1.3688
Epoch 54 learning rate: 0.08306559326618261
Epoch 54 time: 236.130841255188 seconds
Epoch 54 accuracy: 62.11%
Batch 100, Loss: 1.3046
Batch 200, Loss: 1.3594
Batch 300, Loss: 1.3496
Epoch 55 learning rate: 0.0824724024165092
Epoch 55 time: 236.17808628082275 seconds
Epoch 55 accuracy: 59.75%
Batch 100, Loss: 1.3111
Batch 200, Loss: 1.3469
Batch 300, Loss: 1.3724
Epoch 56 learning rate: 0.0818711994874345
Epoch 56 time: 236.20501017570496 seconds
Epoch 56 accuracy: 63.74%
Batch 100, Loss: 1.3040
Batch 200, Loss: 1.3571
Batch 300, Loss: 1.3456
Epoch 57 learning rate: 0.08126213281678528
Epoch 57 time: 236.13081002235413 seconds
Epoch 57 accuracy: 62.15%
Batch 100, Loss: 1.3154
Batch 200, Loss: 1.3481
Batch 300, Loss: 1.3153
Epoch 58 learning rate: 0.08064535268264884
Epoch 58 time: 236.19644808769226 seconds
Epoch 58 accuracy: 61.28%
Batch 100, Loss: 1.3015
Batch 200, Loss: 1.3301
Batch 300, Loss: 1.3481
Epoch 59 learning rate: 0.08002101126629421
Epoch 59 time: 236.20449423789978 seconds
Epoch 59 accuracy: 61.84%
Batch 100, Loss: 1.2892
Batch 200, Loss: 1.3273
Batch 300, Loss: 1.3354
Epoch 60 learning rate: 0.07938926261462367
Epoch 60 time: 236.2826325893402 seconds
Epoch 60 accuracy: 62.14%
Batch 100, Loss: 1.2917
Batch 200, Loss: 1.3305
Batch 300, Loss: 1.3348
Epoch 61 learning rate: 0.07875026260216395
Epoch 61 time: 236.18406081199646 seconds
Epoch 61 accuracy: 60.93%
Batch 100, Loss: 1.3303
Batch 200, Loss: 1.3180
Batch 300, Loss: 1.3482
Epoch 62 learning rate: 0.07810416889260656
Epoch 62 time: 236.38073348999023 seconds
Epoch 62 accuracy: 63.22%
Batch 100, Loss: 1.2949
Batch 200, Loss: 1.2929
Batch 300, Loss: 1.3118
Epoch 63 learning rate: 0.07745114089990661
Epoch 63 time: 236.09068250656128 seconds
Epoch 63 accuracy: 61.88%
Batch 100, Loss: 1.2875
Batch 200, Loss: 1.2998
Batch 300, Loss: 1.3182
Epoch 64 learning rate: 0.07679133974894985
Epoch 64 time: 236.19403648376465 seconds
Epoch 64 accuracy: 63.15%
Batch 100, Loss: 1.2895
Batch 200, Loss: 1.2998
Batch 300, Loss: 1.3022
Epoch 65 learning rate: 0.07612492823579746
Epoch 65 time: 236.0787491798401 seconds
Epoch 65 accuracy: 62.55%
Batch 100, Loss: 1.2799
Batch 200, Loss: 1.2870
Batch 300, Loss: 1.3025
Epoch 66 learning rate: 0.07545207078751859
Epoch 66 time: 236.2070574760437 seconds
Epoch 66 accuracy: 62.49%
Batch 100, Loss: 1.2859
Batch 200, Loss: 1.2715
Batch 300, Loss: 1.3061
Epoch 67 learning rate: 0.0747729334216204
Epoch 67 time: 236.0306224822998 seconds
Epoch 67 accuracy: 62.49%
Batch 100, Loss: 1.2693
Batch 200, Loss: 1.2733
Batch 300, Loss: 1.2917
Epoch 68 learning rate: 0.07408768370508578
Epoch 68 time: 236.09697651863098 seconds
Epoch 68 accuracy: 64.48%
Batch 100, Loss: 1.2407
Batch 200, Loss: 1.2882
Batch 300, Loss: 1.2936
Epoch 69 learning rate: 0.0733964907130287
Epoch 69 time: 236.16802763938904 seconds
Epoch 69 accuracy: 62.72%
Batch 100, Loss: 1.2307
Batch 200, Loss: 1.2862
Batch 300, Loss: 1.2905
Epoch 70 learning rate: 0.07269952498697736
Epoch 70 time: 236.0749216079712 seconds
Epoch 70 accuracy: 64.69%
Batch 100, Loss: 1.2582
Batch 200, Loss: 1.2553
Batch 300, Loss: 1.2810
Epoch 71 learning rate: 0.07199695849279578
Epoch 71 time: 236.12298011779785 seconds
Epoch 71 accuracy: 60.9%
Batch 100, Loss: 1.2311
Batch 200, Loss: 1.2474
Batch 300, Loss: 1.2788
Epoch 72 learning rate: 0.07128896457825366
Epoch 72 time: 236.0831310749054 seconds
Epoch 72 accuracy: 62.45%
Batch 100, Loss: 1.2400
Batch 200, Loss: 1.2537
Batch 300, Loss: 1.2797
Epoch 73 learning rate: 0.07057571793025548
Epoch 73 time: 236.21047449111938 seconds
Epoch 73 accuracy: 64.51%
Batch 100, Loss: 1.2172
Batch 200, Loss: 1.2518
Batch 300, Loss: 1.2734
Epoch 74 learning rate: 0.06985739453173906
Epoch 74 time: 236.2377188205719 seconds
Epoch 74 accuracy: 64.9%
Batch 100, Loss: 1.2061
Batch 200, Loss: 1.2552
Batch 300, Loss: 1.2613
Epoch 75 learning rate: 0.06913417161825453
Epoch 75 time: 236.16947484016418 seconds
Epoch 75 accuracy: 63.98%
Batch 100, Loss: 1.2096
Batch 200, Loss: 1.2243
Batch 300, Loss: 1.2711
Epoch 76 learning rate: 0.06840622763423394
Epoch 76 time: 236.1779911518097 seconds
Epoch 76 accuracy: 65.22%
Batch 100, Loss: 1.2043
Batch 200, Loss: 1.2309
Batch 300, Loss: 1.2363
Epoch 77 learning rate: 0.0676737421889629
Epoch 77 time: 236.2804615497589 seconds
Epoch 77 accuracy: 64.22%
Batch 100, Loss: 1.2122
Batch 200, Loss: 1.2307
Batch 300, Loss: 1.2440
Epoch 78 learning rate: 0.06693689601226462
Epoch 78 time: 236.11139225959778 seconds
Epoch 78 accuracy: 65.55%
Batch 100, Loss: 1.1785
Batch 200, Loss: 1.2308
Batch 300, Loss: 1.2277
Epoch 79 learning rate: 0.06619587090990751
Epoch 79 time: 236.15653276443481 seconds
Epoch 79 accuracy: 63.42%
Batch 100, Loss: 1.1891
Batch 200, Loss: 1.2007
Batch 300, Loss: 1.2289
Epoch 80 learning rate: 0.06545084971874741
Epoch 80 time: 236.14050006866455 seconds
Epoch 80 accuracy: 65.62%
Batch 100, Loss: 1.1903
Batch 200, Loss: 1.2287
Batch 300, Loss: 1.2027
Epoch 81 learning rate: 0.06470201626161524
Epoch 81 time: 236.25150418281555 seconds
Epoch 81 accuracy: 65.17%
Batch 100, Loss: 1.1848
Batch 200, Loss: 1.1810
Batch 300, Loss: 1.2192
Epoch 82 learning rate: 0.06394955530196152
Epoch 82 time: 236.15659427642822 seconds
Epoch 82 accuracy: 65.36%
Batch 100, Loss: 1.1540
Batch 200, Loss: 1.1946
Batch 300, Loss: 1.2030
Epoch 83 learning rate: 0.06319365249826868
Epoch 83 time: 236.29973912239075 seconds
Epoch 83 accuracy: 66.4%
Batch 100, Loss: 1.1481
Batch 200, Loss: 1.1935
Batch 300, Loss: 1.2085
Epoch 84 learning rate: 0.06243449435824277
Epoch 84 time: 236.14618182182312 seconds
Epoch 84 accuracy: 62.99%
Batch 100, Loss: 1.1361
Batch 200, Loss: 1.1672
Batch 300, Loss: 1.1834
Epoch 85 learning rate: 0.06167226819279532
Epoch 85 time: 236.2634949684143 seconds
Epoch 85 accuracy: 66.35%
Batch 100, Loss: 1.1401
Batch 200, Loss: 1.1712
Batch 300, Loss: 1.1751
Epoch 86 learning rate: 0.06090716206982718
Epoch 86 time: 236.25553274154663 seconds
Epoch 86 accuracy: 64.26%
Batch 100, Loss: 1.1496
Batch 200, Loss: 1.1504
Batch 300, Loss: 1.1683
Epoch 87 learning rate: 0.06013936476782568
Epoch 87 time: 236.3134253025055 seconds
Epoch 87 accuracy: 65.16%
Batch 100, Loss: 1.1647
Batch 200, Loss: 1.1569
Batch 300, Loss: 1.1655
Epoch 88 learning rate: 0.05936906572928629
Epoch 88 time: 236.14394664764404 seconds
Epoch 88 accuracy: 67.56%
Batch 100, Loss: 1.1349
Batch 200, Loss: 1.1755
Batch 300, Loss: 1.1693
Epoch 89 learning rate: 0.05859645501397052
Epoch 89 time: 236.13013887405396 seconds
Epoch 89 accuracy: 66.51%
Batch 100, Loss: 1.1071
Batch 200, Loss: 1.1239
Batch 300, Loss: 1.1792
Epoch 90 learning rate: 0.05782172325201159
Epoch 90 time: 236.24085330963135 seconds
Epoch 90 accuracy: 66.55%
Batch 100, Loss: 1.1141
Batch 200, Loss: 1.1424
Batch 300, Loss: 1.1394
Epoch 91 learning rate: 0.057045061596879186
Epoch 91 time: 236.10203790664673 seconds
Epoch 91 accuracy: 65.89%
Batch 100, Loss: 1.1049
Batch 200, Loss: 1.1339
Batch 300, Loss: 1.1333
Epoch 92 learning rate: 0.056266661678215264
Epoch 92 time: 236.35196089744568 seconds
Epoch 92 accuracy: 66.37%
Batch 100, Loss: 1.1098
Batch 200, Loss: 1.1271
Batch 300, Loss: 1.1355
Epoch 93 learning rate: 0.055486715554552306
Epoch 93 time: 236.2096676826477 seconds
Epoch 93 accuracy: 67.79%
Batch 100, Loss: 1.0922
Batch 200, Loss: 1.1119
Batch 300, Loss: 1.1316
Epoch 94 learning rate: 0.05470541566592575
Epoch 94 time: 236.25500202178955 seconds
Epoch 94 accuracy: 66.68%
Batch 100, Loss: 1.0803
Batch 200, Loss: 1.0942
Batch 300, Loss: 1.1350
Epoch 95 learning rate: 0.05392295478639229
Epoch 95 time: 236.2268476486206 seconds
Epoch 95 accuracy: 68.25%
Batch 100, Loss: 1.0683
Batch 200, Loss: 1.0945
Batch 300, Loss: 1.1106
Epoch 96 learning rate: 0.05313952597646571
Epoch 96 time: 236.11618638038635 seconds
Epoch 96 accuracy: 68.01%
Batch 100, Loss: 1.0535
Batch 200, Loss: 1.1102
Batch 300, Loss: 1.1181
Epoch 97 learning rate: 0.05235532253548216
Epoch 97 time: 236.23420071601868 seconds
Epoch 97 accuracy: 66.96%
Batch 100, Loss: 1.0499
Batch 200, Loss: 1.0877
Batch 300, Loss: 1.1147
Epoch 98 learning rate: 0.051570537953906447
Epoch 98 time: 236.21456789970398 seconds
Epoch 98 accuracy: 67.87%
Batch 100, Loss: 1.0473
Batch 200, Loss: 1.0795
Batch 300, Loss: 1.0920
Epoch 99 learning rate: 0.05078536586559106
Epoch 99 time: 236.14722323417664 seconds
Epoch 99 accuracy: 63.7%
Batch 100, Loss: 1.0487
Batch 200, Loss: 1.0711
Batch 300, Loss: 1.1076
Epoch 100 learning rate: 0.050000000000000024
Epoch 100 time: 236.27439427375793 seconds
Epoch 100 accuracy: 65.91%
Batch 100, Loss: 1.0416
Batch 200, Loss: 1.0746
Batch 300, Loss: 1.0718
Epoch 101 learning rate: 0.049214634134409
Epoch 101 time: 236.1291799545288 seconds
Epoch 101 accuracy: 65.71%
Batch 100, Loss: 1.0283
Batch 200, Loss: 1.0428
Batch 300, Loss: 1.0715
Epoch 102 learning rate: 0.04842946204609361
Epoch 102 time: 236.10505270957947 seconds
Epoch 102 accuracy: 68.29%
Batch 100, Loss: 1.0194
Batch 200, Loss: 1.0554
Batch 300, Loss: 1.0575
Epoch 103 learning rate: 0.04764467746451789
Epoch 103 time: 236.1945402622223 seconds
Epoch 103 accuracy: 67.79%
Batch 100, Loss: 1.0133
Batch 200, Loss: 1.0387
Batch 300, Loss: 1.0482
Epoch 104 learning rate: 0.046860474023534354
Epoch 104 time: 236.27399468421936 seconds
Epoch 104 accuracy: 68.65%
Batch 100, Loss: 1.0097
Batch 200, Loss: 1.0452
Batch 300, Loss: 1.0634
Epoch 105 learning rate: 0.04607704521360778
Epoch 105 time: 236.21840000152588 seconds
Epoch 105 accuracy: 67.86%
Batch 100, Loss: 0.9976
Batch 200, Loss: 1.0076
Batch 300, Loss: 1.0352
Epoch 106 learning rate: 0.04529458433407431
Epoch 106 time: 236.19652843475342 seconds
Epoch 106 accuracy: 68.7%
Batch 100, Loss: 0.9992
Batch 200, Loss: 1.0202
Batch 300, Loss: 1.0250
Epoch 107 learning rate: 0.04451328444544776
Epoch 107 time: 236.28846669197083 seconds
Epoch 107 accuracy: 69.25%
Batch 100, Loss: 0.9785
Batch 200, Loss: 1.0120
Batch 300, Loss: 1.0201
Epoch 108 learning rate: 0.04373333832178482
Epoch 108 time: 236.19945287704468 seconds
Epoch 108 accuracy: 68.97%
Batch 100, Loss: 0.9764
Batch 200, Loss: 1.0011
Batch 300, Loss: 1.0133
Epoch 109 learning rate: 0.0429549384031209
Epoch 109 time: 236.17365050315857 seconds
Epoch 109 accuracy: 69.79%
Batch 100, Loss: 0.9614
Batch 200, Loss: 1.0055
Batch 300, Loss: 1.0031
Epoch 110 learning rate: 0.042178276747988484
Epoch 110 time: 236.28559613227844 seconds
Epoch 110 accuracy: 69.73%
Batch 100, Loss: 0.9588
Batch 200, Loss: 0.9854
Batch 300, Loss: 0.9849
Epoch 111 learning rate: 0.04140354498602954
Epoch 111 time: 236.09131717681885 seconds
Epoch 111 accuracy: 70.55%
Batch 100, Loss: 0.9620
Batch 200, Loss: 0.9723
Batch 300, Loss: 0.9791
Epoch 112 learning rate: 0.0406309342707138
Epoch 112 time: 236.20399260520935 seconds
Epoch 112 accuracy: 70.83%
Batch 100, Loss: 0.9388
Batch 200, Loss: 0.9577
Batch 300, Loss: 0.9697
Epoch 113 learning rate: 0.03986063523217441
Epoch 113 time: 236.19563627243042 seconds
Epoch 113 accuracy: 70.28%
Batch 100, Loss: 0.9351
Batch 200, Loss: 0.9326
Batch 300, Loss: 0.9601
Epoch 114 learning rate: 0.039092837930172916
Epoch 114 time: 236.2141454219818 seconds
Epoch 114 accuracy: 70.15%
Batch 100, Loss: 0.9091
Batch 200, Loss: 0.9419
Batch 300, Loss: 0.9638
Epoch 115 learning rate: 0.03832773180720475
Epoch 115 time: 236.16731905937195 seconds
Epoch 115 accuracy: 71.32%
Batch 100, Loss: 0.8931
Batch 200, Loss: 0.9566
Batch 300, Loss: 0.9394
Epoch 116 learning rate: 0.037565505641757285
Epoch 116 time: 236.193829536438 seconds
Epoch 116 accuracy: 70.37%
Batch 100, Loss: 0.9019
Batch 200, Loss: 0.9107
Batch 300, Loss: 0.9402
Epoch 117 learning rate: 0.03680634750173138
Epoch 117 time: 236.18782472610474 seconds
Epoch 117 accuracy: 69.41%
Batch 100, Loss: 0.8923
Batch 200, Loss: 0.9034
Batch 300, Loss: 0.9388
Epoch 118 learning rate: 0.036050444698038565
Epoch 118 time: 236.1046760082245 seconds
Epoch 118 accuracy: 70.1%
Batch 100, Loss: 0.8710
Batch 200, Loss: 0.8925
Batch 300, Loss: 0.9340
Epoch 119 learning rate: 0.03529798373838483
Epoch 119 time: 236.10087990760803 seconds
Epoch 119 accuracy: 70.59%
Batch 100, Loss: 0.8617
Batch 200, Loss: 0.8939
Batch 300, Loss: 0.9155
Epoch 120 learning rate: 0.03454915028125267
Epoch 120 time: 236.23590469360352 seconds
Epoch 120 accuracy: 70.53%
Batch 100, Loss: 0.8736
Batch 200, Loss: 0.8851
Batch 300, Loss: 0.9067
Epoch 121 learning rate: 0.03380412909009255
Epoch 121 time: 236.0541422367096 seconds
Epoch 121 accuracy: 72.13%
Batch 100, Loss: 0.8516
Batch 200, Loss: 0.8790
Batch 300, Loss: 0.8963
Epoch 122 learning rate: 0.03306310398773545
Epoch 122 time: 236.270991563797 seconds
Epoch 122 accuracy: 71.77%
Batch 100, Loss: 0.8425
Batch 200, Loss: 0.8677
Batch 300, Loss: 0.9016
Epoch 123 learning rate: 0.03232625781103717
Epoch 123 time: 236.21303057670593 seconds
Epoch 123 accuracy: 71.45%
Batch 100, Loss: 0.8251
Batch 200, Loss: 0.8454
Batch 300, Loss: 0.8811
Epoch 124 learning rate: 0.03159377236576613
Epoch 124 time: 236.04932928085327 seconds
Epoch 124 accuracy: 71.22%
Batch 100, Loss: 0.8247
Batch 200, Loss: 0.8474
Batch 300, Loss: 0.8525
Epoch 125 learning rate: 0.030865828381745543
Epoch 125 time: 236.34107303619385 seconds
Epoch 125 accuracy: 70.91%
Batch 100, Loss: 0.8040
Batch 200, Loss: 0.8598
Batch 300, Loss: 0.8477
Epoch 126 learning rate: 0.03014260546826098
Epoch 126 time: 236.17303681373596 seconds
Epoch 126 accuracy: 72.56%
Batch 100, Loss: 0.8170
Batch 200, Loss: 0.8377
Batch 300, Loss: 0.8425
Epoch 127 learning rate: 0.02942428206974458
Epoch 127 time: 236.216126203537 seconds
Epoch 127 accuracy: 70.01%
Batch 100, Loss: 0.7968
Batch 200, Loss: 0.8397
Batch 300, Loss: 0.8308
Epoch 128 learning rate: 0.028711035421746387
Epoch 128 time: 236.23397707939148 seconds
Epoch 128 accuracy: 72.62%
Batch 100, Loss: 0.7986
Batch 200, Loss: 0.7941
Batch 300, Loss: 0.8054
Epoch 129 learning rate: 0.02800304150720426
Epoch 129 time: 236.33324575424194 seconds
Epoch 129 accuracy: 71.58%
Batch 100, Loss: 0.7864
Batch 200, Loss: 0.7951
Batch 300, Loss: 0.8218
Epoch 130 learning rate: 0.02730047501302268
Epoch 130 time: 236.21897745132446 seconds
Epoch 130 accuracy: 72.18%
Batch 100, Loss: 0.7617
Batch 200, Loss: 0.7837
Batch 300, Loss: 0.7926
Epoch 131 learning rate: 0.026603509286971357
Epoch 131 time: 236.2319040298462 seconds
Epoch 131 accuracy: 72.86%
Batch 100, Loss: 0.7363
Batch 200, Loss: 0.7509
Batch 300, Loss: 0.8029
Epoch 132 learning rate: 0.025912316294914244
Epoch 132 time: 236.0547022819519 seconds
Epoch 132 accuracy: 72.55%
Batch 100, Loss: 0.7487
Batch 200, Loss: 0.7592
Batch 300, Loss: 0.7765
Epoch 133 learning rate: 0.025227066578379632
Epoch 133 time: 236.1970317363739 seconds
Epoch 133 accuracy: 73.59%
Batch 100, Loss: 0.7493
Batch 200, Loss: 0.7427
Batch 300, Loss: 0.7465
Epoch 134 learning rate: 0.024547929212481445
Epoch 134 time: 237.37140917778015 seconds
Epoch 134 accuracy: 73.8%
Batch 100, Loss: 0.7414
Batch 200, Loss: 0.7413
Batch 300, Loss: 0.7470
Epoch 135 learning rate: 0.02387507176420257
Epoch 135 time: 236.33837819099426 seconds
Epoch 135 accuracy: 72.19%
Batch 100, Loss: 0.7183
Batch 200, Loss: 0.7300
Batch 300, Loss: 0.7424
Epoch 136 learning rate: 0.023208660251050166
Epoch 136 time: 236.2910442352295 seconds
Epoch 136 accuracy: 73.9%
Batch 100, Loss: 0.6943
Batch 200, Loss: 0.7149
Batch 300, Loss: 0.7401
Epoch 137 learning rate: 0.022548859100093414
Epoch 137 time: 236.11921906471252 seconds
Epoch 137 accuracy: 73.7%
Batch 100, Loss: 0.6913
Batch 200, Loss: 0.6829
Batch 300, Loss: 0.7271
Epoch 138 learning rate: 0.021895831107393474
Epoch 138 time: 236.1100835800171 seconds
Epoch 138 accuracy: 73.82%
Batch 100, Loss: 0.6790
Batch 200, Loss: 0.6822
Batch 300, Loss: 0.7075
Epoch 139 learning rate: 0.02124973739783608
Epoch 139 time: 236.8272259235382 seconds
Epoch 139 accuracy: 73.18%
Batch 100, Loss: 0.6488
Batch 200, Loss: 0.6816
Batch 300, Loss: 0.6913
Epoch 140 learning rate: 0.02061073738537636
Epoch 140 time: 236.19711804389954 seconds
Epoch 140 accuracy: 74.52%
Batch 100, Loss: 0.6587
Batch 200, Loss: 0.6556
Batch 300, Loss: 0.6795
Epoch 141 learning rate: 0.019978988733705814
Epoch 141 time: 236.1467022895813 seconds
Epoch 141 accuracy: 74.55%
Batch 100, Loss: 0.6269
Batch 200, Loss: 0.6760
Batch 300, Loss: 0.6636
Epoch 142 learning rate: 0.01935464731735118
Epoch 142 time: 236.13758182525635 seconds
Epoch 142 accuracy: 74.79%
Batch 100, Loss: 0.6432
Batch 200, Loss: 0.6425
Batch 300, Loss: 0.6777
Epoch 143 learning rate: 0.018737867183214747
Epoch 143 time: 236.16698908805847 seconds
Epoch 143 accuracy: 74.9%
Batch 100, Loss: 0.6206
Batch 200, Loss: 0.6474
Batch 300, Loss: 0.6586
Epoch 144 learning rate: 0.01812880051256552
Epoch 144 time: 236.3908874988556 seconds
Epoch 144 accuracy: 74.55%
Batch 100, Loss: 0.6018
Batch 200, Loss: 0.6209
Batch 300, Loss: 0.6505
Epoch 145 learning rate: 0.017527597583490827
Epoch 145 time: 236.2059109210968 seconds
Epoch 145 accuracy: 75.73%
Batch 100, Loss: 0.5935
Batch 200, Loss: 0.6022
Batch 300, Loss: 0.6254
Epoch 146 learning rate: 0.01693440673381742
Epoch 146 time: 236.26559209823608 seconds
Epoch 146 accuracy: 74.96%
Batch 100, Loss: 0.5758
Batch 200, Loss: 0.6032
Batch 300, Loss: 0.6184
Epoch 147 learning rate: 0.016349374324511334
Epoch 147 time: 236.1466612815857 seconds
Epoch 147 accuracy: 75.39%
Batch 100, Loss: 0.5809
Batch 200, Loss: 0.5827
Batch 300, Loss: 0.5845
Epoch 148 learning rate: 0.01577264470356557
Epoch 148 time: 236.202969789505 seconds
Epoch 148 accuracy: 76.15%
Batch 100, Loss: 0.5663
Batch 200, Loss: 0.5848
Batch 300, Loss: 0.5955
Epoch 149 learning rate: 0.01520436017038429
Epoch 149 time: 236.21681332588196 seconds
Epoch 149 accuracy: 75.96%
Batch 100, Loss: 0.5541
Batch 200, Loss: 0.5666
Batch 300, Loss: 0.5834
Epoch 150 learning rate: 0.014644660940672632
Epoch 150 time: 236.13071870803833 seconds
Epoch 150 accuracy: 75.9%
Batch 100, Loss: 0.5440
Batch 200, Loss: 0.5557
Batch 300, Loss: 0.5641
Epoch 151 learning rate: 0.01409368511184057
Epoch 151 time: 236.2874231338501 seconds
Epoch 151 accuracy: 76.46%
Batch 100, Loss: 0.5202
Batch 200, Loss: 0.5479
Batch 300, Loss: 0.5600
Epoch 152 learning rate: 0.013551568628929438
Epoch 152 time: 236.3564727306366 seconds
Epoch 152 accuracy: 75.89%
Batch 100, Loss: 0.5127
Batch 200, Loss: 0.5286
Batch 300, Loss: 0.5312
Epoch 153 learning rate: 0.013018445251069516
Epoch 153 time: 236.2617666721344 seconds
Epoch 153 accuracy: 76.82%
Batch 100, Loss: 0.5034
Batch 200, Loss: 0.5215
Batch 300, Loss: 0.5352
Epoch 154 learning rate: 0.012494446518477026
Epoch 154 time: 236.2422661781311 seconds
Epoch 154 accuracy: 76.63%
Batch 100, Loss: 0.5016
Batch 200, Loss: 0.4982
Batch 300, Loss: 0.5191
Epoch 155 learning rate: 0.011979701719998459
Epoch 155 time: 236.17945456504822 seconds
Epoch 155 accuracy: 76.55%
Batch 100, Loss: 0.4921
Batch 200, Loss: 0.4942
Batch 300, Loss: 0.5320
Epoch 156 learning rate: 0.011474337861210548
Epoch 156 time: 236.2331566810608 seconds
Epoch 156 accuracy: 77.28%
Batch 100, Loss: 0.4740
Batch 200, Loss: 0.4902
Batch 300, Loss: 0.4972
Epoch 157 learning rate: 0.010978479633083526
Epoch 157 time: 236.11953997612 seconds
Epoch 157 accuracy: 76.86%
Batch 100, Loss: 0.4625
Batch 200, Loss: 0.4843
Batch 300, Loss: 0.4826
Epoch 158 learning rate: 0.010492249381215483
Epoch 158 time: 236.20841789245605 seconds
Epoch 158 accuracy: 76.47%
Batch 100, Loss: 0.4581
Batch 200, Loss: 0.4698
Batch 300, Loss: 0.4669
Epoch 159 learning rate: 0.010015767075645474
Epoch 159 time: 236.30795216560364 seconds
Epoch 159 accuracy: 77.3%
Batch 100, Loss: 0.4407
Batch 200, Loss: 0.4592
Batch 300, Loss: 0.4683
Epoch 160 learning rate: 0.009549150281252637
Epoch 160 time: 236.29313135147095 seconds
Epoch 160 accuracy: 77.39%
Batch 100, Loss: 0.4513
Batch 200, Loss: 0.4385
Batch 300, Loss: 0.4452
Epoch 161 learning rate: 0.00909251412874884
Epoch 161 time: 236.27411079406738 seconds
Epoch 161 accuracy: 77.52%
Batch 100, Loss: 0.4316
Batch 200, Loss: 0.4401
Batch 300, Loss: 0.4323
Epoch 162 learning rate: 0.008645971286271918
Epoch 162 time: 236.1951286792755 seconds
Epoch 162 accuracy: 76.68%
Batch 100, Loss: 0.4180
Batch 200, Loss: 0.4238
Batch 300, Loss: 0.4400
Epoch 163 learning rate: 0.008209631931586501
Epoch 163 time: 236.1609127521515 seconds
Epoch 163 accuracy: 78.15%
Batch 100, Loss: 0.4004
Batch 200, Loss: 0.4331
Batch 300, Loss: 0.4124
Epoch 164 learning rate: 0.0077836037248992605
Epoch 164 time: 236.05157709121704 seconds
Epoch 164 accuracy: 77.65%
Batch 100, Loss: 0.3991
Batch 200, Loss: 0.4024
Batch 300, Loss: 0.4115
Epoch 165 learning rate: 0.0073679917822954055
Epoch 165 time: 236.38907527923584 seconds
Epoch 165 accuracy: 78.0%
Batch 100, Loss: 0.3760
Batch 200, Loss: 0.3901
Batch 300, Loss: 0.4017
Epoch 166 learning rate: 0.006962898649802815
Epoch 166 time: 236.24095249176025 seconds
Epoch 166 accuracy: 77.53%
Batch 100, Loss: 0.3855
Batch 200, Loss: 0.3775
Batch 300, Loss: 0.3845
Epoch 167 learning rate: 0.006568424278090438
Epoch 167 time: 236.229966878891 seconds
Epoch 167 accuracy: 77.9%
Batch 100, Loss: 0.3822
Batch 200, Loss: 0.3708
Batch 300, Loss: 0.3727
Epoch 168 learning rate: 0.006184665997806824
Epoch 168 time: 236.05238509178162 seconds
Epoch 168 accuracy: 78.19%
Batch 100, Loss: 0.3598
Batch 200, Loss: 0.3747
Batch 300, Loss: 0.3706
Epoch 169 learning rate: 0.00581171849556533
Epoch 169 time: 236.07767510414124 seconds
Epoch 169 accuracy: 78.56%
Batch 100, Loss: 0.3444
Batch 200, Loss: 0.3462
Batch 300, Loss: 0.3652
Epoch 170 learning rate: 0.0054496737905816136
Epoch 170 time: 236.18969416618347 seconds
Epoch 170 accuracy: 78.59%
Batch 100, Loss: 0.3397
Batch 200, Loss: 0.3485
Batch 300, Loss: 0.3528
Epoch 171 learning rate: 0.005098621211969226
Epoch 171 time: 236.21076464653015 seconds
Epoch 171 accuracy: 79.13%
Batch 100, Loss: 0.3377
Batch 200, Loss: 0.3360
Batch 300, Loss: 0.3416
Epoch 172 learning rate: 0.004758647376699035
Epoch 172 time: 236.1809663772583 seconds
Epoch 172 accuracy: 79.0%
Batch 100, Loss: 0.3353
Batch 200, Loss: 0.3345
Batch 300, Loss: 0.3483
Epoch 173 learning rate: 0.00442983616822775
Epoch 173 time: 236.16714119911194 seconds
Epoch 173 accuracy: 78.55%
Batch 100, Loss: 0.3208
Batch 200, Loss: 0.3116
Batch 300, Loss: 0.3375
Epoch 174 learning rate: 0.004112268715800957
Epoch 174 time: 236.22684168815613 seconds
Epoch 174 accuracy: 79.23%
Batch 100, Loss: 0.3096
Batch 200, Loss: 0.3272
Batch 300, Loss: 0.3349
Epoch 175 learning rate: 0.003806023374435677
Epoch 175 time: 236.3522322177887 seconds
Epoch 175 accuracy: 79.77%
Batch 100, Loss: 0.3101
Batch 200, Loss: 0.3208
Batch 300, Loss: 0.3147
Epoch 176 learning rate: 0.003511175705587435
Epoch 176 time: 236.16034936904907 seconds
Epoch 176 accuracy: 79.46%
Batch 100, Loss: 0.3045
Batch 200, Loss: 0.3146
Batch 300, Loss: 0.3112
Epoch 177 learning rate: 0.0032277984585066333
Epoch 177 time: 236.08197259902954 seconds
Epoch 177 accuracy: 79.63%
Batch 100, Loss: 0.2915
Batch 200, Loss: 0.3023
Batch 300, Loss: 0.3021
Epoch 178 learning rate: 0.002955961552288729
Epoch 178 time: 236.23654913902283 seconds
Epoch 178 accuracy: 79.84%
Batch 100, Loss: 0.3046
Batch 200, Loss: 0.2892
Batch 300, Loss: 0.2993
Epoch 179 learning rate: 0.0026957320586227366
Epoch 179 time: 236.1074059009552 seconds
Epoch 179 accuracy: 79.83%
Batch 100, Loss: 0.2841
Batch 200, Loss: 0.2793
Batch 300, Loss: 0.2906
Epoch 180 learning rate: 0.002447174185242325
Epoch 180 time: 236.23887014389038 seconds
Epoch 180 accuracy: 79.96%
Batch 100, Loss: 0.2872
Batch 200, Loss: 0.3014
Batch 300, Loss: 0.2784
Epoch 181 learning rate: 0.0022103492600834954
Epoch 181 time: 243.9759328365326 seconds
Epoch 181 accuracy: 79.54%
Batch 100, Loss: 0.2876
Batch 200, Loss: 0.2819
Batch 300, Loss: 0.2789
Epoch 182 learning rate: 0.0019853157161528537
Epoch 182 time: 236.13717794418335 seconds
Epoch 182 accuracy: 80.08%
Batch 100, Loss: 0.2793
Batch 200, Loss: 0.2774
Batch 300, Loss: 0.2714
Epoch 183 learning rate: 0.001772129077110103
Epoch 183 time: 236.15952849388123 seconds
Epoch 183 accuracy: 79.91%
Batch 100, Loss: 0.2704
Batch 200, Loss: 0.2655
Batch 300, Loss: 0.2767
Epoch 184 learning rate: 0.0015708419435684529
Epoch 184 time: 236.19220566749573 seconds
Epoch 184 accuracy: 80.06%
Batch 100, Loss: 0.2524
Batch 200, Loss: 0.2678
Batch 300, Loss: 0.2730
Epoch 185 learning rate: 0.0013815039801161732
Epoch 185 time: 236.2111315727234 seconds
Epoch 185 accuracy: 80.41%
Batch 100, Loss: 0.2664
Batch 200, Loss: 0.2746
Batch 300, Loss: 0.2517
Epoch 186 learning rate: 0.0012041619030626347
Epoch 186 time: 236.2825357913971 seconds
Epoch 186 accuracy: 80.54%
Batch 100, Loss: 0.2637
Batch 200, Loss: 0.2570
Batch 300, Loss: 0.2609
Epoch 187 learning rate: 0.0010388594689117077
Epoch 187 time: 236.20354223251343 seconds
Epoch 187 accuracy: 80.1%
Batch 100, Loss: 0.2552
Batch 200, Loss: 0.2575
Batch 300, Loss: 0.2568
Epoch 188 learning rate: 0.0008856374635655645
Epoch 188 time: 236.14114356040955 seconds
Epoch 188 accuracy: 80.48%
Batch 100, Loss: 0.2523
Batch 200, Loss: 0.2520
Batch 300, Loss: 0.2449
Epoch 189 learning rate: 0.000744533692261307
Epoch 189 time: 236.11982917785645 seconds
Epoch 189 accuracy: 80.55%
Batch 100, Loss: 0.2517
Batch 200, Loss: 0.2426
Batch 300, Loss: 0.2522
Epoch 190 learning rate: 0.0006155829702431174
Epoch 190 time: 236.27115058898926 seconds
Epoch 190 accuracy: 80.59%
Batch 100, Loss: 0.2441
Batch 200, Loss: 0.2520
Batch 300, Loss: 0.2501
Epoch 191 learning rate: 0.0004988171141721235
Epoch 191 time: 236.19476127624512 seconds
Epoch 191 accuracy: 80.97%
Batch 100, Loss: 0.2445
Batch 200, Loss: 0.2530
Batch 300, Loss: 0.2552
Epoch 192 learning rate: 0.00039426493427611206
Epoch 192 time: 236.29566740989685 seconds
Epoch 192 accuracy: 80.78%
Batch 100, Loss: 0.2425
Batch 200, Loss: 0.2429
Batch 300, Loss: 0.2432
Epoch 193 learning rate: 0.00030195222724102046
Epoch 193 time: 236.1470913887024 seconds
Epoch 193 accuracy: 80.9%
Batch 100, Loss: 0.2418
Batch 200, Loss: 0.2490
Batch 300, Loss: 0.2363
Epoch 194 learning rate: 0.00022190176984600036
Epoch 194 time: 236.15983605384827 seconds
Epoch 194 accuracy: 80.85%
Batch 100, Loss: 0.2413
Batch 200, Loss: 0.2381
Batch 300, Loss: 0.2481
Epoch 195 learning rate: 0.00015413331334360192
Epoch 195 time: 236.13848686218262 seconds
Epoch 195 accuracy: 80.75%
Batch 100, Loss: 0.2400
Batch 200, Loss: 0.2389
Batch 300, Loss: 0.2375
Epoch 196 learning rate: 9.866357858642213e-05
Epoch 196 time: 236.2867090702057 seconds
Epoch 196 accuracy: 80.59%
Batch 100, Loss: 0.2402
Batch 200, Loss: 0.2400
Batch 300, Loss: 0.2446
Epoch 197 learning rate: 5.5506251901504864e-05
Epoch 197 time: 236.2990598678589 seconds
Epoch 197 accuracy: 80.63%
Batch 100, Loss: 0.2462
Batch 200, Loss: 0.2414
Batch 300, Loss: 0.2440
Epoch 198 learning rate: 2.4671981713420017e-05
Epoch 198 time: 236.11109566688538 seconds
Epoch 198 accuracy: 80.98%
Batch 100, Loss: 0.2524
Batch 200, Loss: 0.2452
Batch 300, Loss: 0.2403
Epoch 199 learning rate: 6.168375916970619e-06
Epoch 199 time: 236.15749669075012 seconds
Epoch 199 accuracy: 80.84%
Batch 100, Loss: 0.2491
Batch 200, Loss: 0.2321
Batch 300, Loss: 0.2443
Epoch 200 learning rate: 0.0
Epoch 200 time: 236.17694067955017 seconds
Epoch 200 accuracy: 80.83%
Total training time: 47258.31454205513 seconds
