The following modules were not unloaded:
  (Use "module --force purge" to unload all):

  1) CCconfig        6)  ucx/1.14.1         11) flexiblas/3.3.1
  2) gentoo/2023     7)  libfabric/1.18.0   12) imkl/2023.2.0
  3) gcccore/.12.3   8)  pmix/4.2.4         13) StdEnv/2023
  4) gcc/12.3        9)  ucc/1.2.0
  5) hwloc/2.9.1     10) openmpi/4.1.5
/project/6070520/tkleinkn/Vanilla-GAM/main_cifar.py:187: UserWarning: You have chosen a specific GPU. This will completely disable data parallelism.
  warnings.warn('You have chosen a specific GPU. This will completely '
model name space ['resnet101_c', 'resnet152_c', 'resnet18_c', 'resnet34_c', 'resnet50_c']
Use GPU: 0 for training
=> creating model 'resnet18_c'
Files already downloaded and verified
Files already downloaded and verified
tensorboard dir ./results/CIFAR10/GAMNonAccelerated
Using non-accelerated GAM
/home/tkleinkn/GAMtest/lib/python3.11/site-packages/torch/autograd/graph.py:744: UserWarning: Using backward() with create_graph=True will create a reference cycle between the parameter and its gradient which can cause a memory leak. We recommend using autograd.grad when creating the graph to avoid this. If you have to use this function, make sure to reset the .grad fields of your parameters to None after use to break the cycle and avoid the leak. (Triggered internally at /home/coulombc/wheels_builder/tmp.2617/python-3.11/torch/torch/csrc/autograd/engine.cpp:1203.)
  return Variable._execution_engine.run_backward(  # Calls into the C++ engine to run the backward pass
Batch 100, Loss: 2.1648
Batch 200, Loss: 1.5776
Batch 300, Loss: 1.4643
Epoch 1 learning rate: 0.09999383162408304
Epoch 1 time: 245.37925505638123 seconds
Epoch 1 accuracy: 32.16%
Batch 100, Loss: 1.3323
Batch 200, Loss: 1.2835
Batch 300, Loss: 1.2253
Epoch 2 learning rate: 0.09997532801828658
Epoch 2 time: 236.38604307174683 seconds
Epoch 2 accuracy: 46.22%
Batch 100, Loss: 1.1629
Batch 200, Loss: 1.1298
Batch 300, Loss: 1.0911
Epoch 3 learning rate: 0.09994449374809851
Epoch 3 time: 236.25046586990356 seconds
Epoch 3 accuracy: 54.06%
Batch 100, Loss: 1.0187
Batch 200, Loss: 0.9884
Batch 300, Loss: 0.9669
Epoch 4 learning rate: 0.09990133642141359
Epoch 4 time: 236.32550477981567 seconds
Epoch 4 accuracy: 60.05%
Batch 100, Loss: 0.9214
Batch 200, Loss: 0.8837
Batch 300, Loss: 0.8609
Epoch 5 learning rate: 0.09984586668665642
Epoch 5 time: 236.08006882667542 seconds
Epoch 5 accuracy: 63.34%
Batch 100, Loss: 0.8222
Batch 200, Loss: 0.8146
Batch 300, Loss: 0.7928
Epoch 6 learning rate: 0.09977809823015402
Epoch 6 time: 236.12401270866394 seconds
Epoch 6 accuracy: 60.91%
Batch 100, Loss: 0.7636
Batch 200, Loss: 0.7518
Batch 300, Loss: 0.7415
Epoch 7 learning rate: 0.09969804777275901
Epoch 7 time: 236.06413745880127 seconds
Epoch 7 accuracy: 68.68%
Batch 100, Loss: 0.6927
Batch 200, Loss: 0.6734
Batch 300, Loss: 0.6761
Epoch 8 learning rate: 0.09960573506572391
Epoch 8 time: 236.12878322601318 seconds
Epoch 8 accuracy: 73.16%
Batch 100, Loss: 0.6460
Batch 200, Loss: 0.6217
Batch 300, Loss: 0.6264
Epoch 9 learning rate: 0.09950118288582789
Epoch 9 time: 236.0291726589203 seconds
Epoch 9 accuracy: 71.41%
Batch 100, Loss: 0.5949
Batch 200, Loss: 0.5843
Batch 300, Loss: 0.5951
Epoch 10 learning rate: 0.09938441702975691
Epoch 10 time: 235.94842505455017 seconds
Epoch 10 accuracy: 74.26%
Batch 100, Loss: 0.5688
Batch 200, Loss: 0.5890
Batch 300, Loss: 0.5615
Epoch 11 learning rate: 0.09925546630773871
Epoch 11 time: 236.1990044116974 seconds
Epoch 11 accuracy: 77.21%
Batch 100, Loss: 0.5437
Batch 200, Loss: 0.5533
Batch 300, Loss: 0.5548
Epoch 12 learning rate: 0.09911436253643445
Epoch 12 time: 235.92878556251526 seconds
Epoch 12 accuracy: 75.57%
Batch 100, Loss: 0.5351
Batch 200, Loss: 0.5309
Batch 300, Loss: 0.5214
Epoch 13 learning rate: 0.0989611405310883
Epoch 13 time: 235.90580415725708 seconds
Epoch 13 accuracy: 79.65%
Batch 100, Loss: 0.5119
Batch 200, Loss: 0.5201
Batch 300, Loss: 0.5069
Epoch 14 learning rate: 0.09879583809693739
Epoch 14 time: 235.79900360107422 seconds
Epoch 14 accuracy: 77.04%
Batch 100, Loss: 0.5034
Batch 200, Loss: 0.5016
Batch 300, Loss: 0.4958
Epoch 15 learning rate: 0.09861849601988384
Epoch 15 time: 235.91660571098328 seconds
Epoch 15 accuracy: 65.61%
Batch 100, Loss: 0.4985
Batch 200, Loss: 0.4892
Batch 300, Loss: 0.4833
Epoch 16 learning rate: 0.09842915805643157
Epoch 16 time: 236.0439214706421 seconds
Epoch 16 accuracy: 82.92%
Batch 100, Loss: 0.4755
Batch 200, Loss: 0.4725
Batch 300, Loss: 0.4873
Epoch 17 learning rate: 0.09822787092288993
Epoch 17 time: 236.07107615470886 seconds
Epoch 17 accuracy: 77.64%
Batch 100, Loss: 0.4638
Batch 200, Loss: 0.4687
Batch 300, Loss: 0.4720
Epoch 18 learning rate: 0.09801468428384717
Epoch 18 time: 235.8914155960083 seconds
Epoch 18 accuracy: 78.11%
Batch 100, Loss: 0.4655
Batch 200, Loss: 0.4528
Batch 300, Loss: 0.4629
Epoch 19 learning rate: 0.09778965073991652
Epoch 19 time: 235.78973126411438 seconds
Epoch 19 accuracy: 79.56%
Batch 100, Loss: 0.4556
Batch 200, Loss: 0.4560
Batch 300, Loss: 0.4448
Epoch 20 learning rate: 0.0975528258147577
Epoch 20 time: 236.10856938362122 seconds
Epoch 20 accuracy: 84.68%
Batch 100, Loss: 0.4414
Batch 200, Loss: 0.4467
Batch 300, Loss: 0.4454
Epoch 21 learning rate: 0.09730426794137728
Epoch 21 time: 235.7018575668335 seconds
Epoch 21 accuracy: 79.29%
Batch 100, Loss: 0.4533
Batch 200, Loss: 0.4506
Batch 300, Loss: 0.4284
Epoch 22 learning rate: 0.09704403844771128
Epoch 22 time: 235.9743881225586 seconds
Epoch 22 accuracy: 79.3%
Batch 100, Loss: 0.4251
Batch 200, Loss: 0.4318
Batch 300, Loss: 0.4372
Epoch 23 learning rate: 0.09677220154149338
Epoch 23 time: 235.92138838768005 seconds
Epoch 23 accuracy: 82.1%
Batch 100, Loss: 0.4360
Batch 200, Loss: 0.4384
Batch 300, Loss: 0.4226
Epoch 24 learning rate: 0.09648882429441258
Epoch 24 time: 235.66070246696472 seconds
Epoch 24 accuracy: 79.8%
Batch 100, Loss: 0.4271
Batch 200, Loss: 0.4239
Batch 300, Loss: 0.4198
Epoch 25 learning rate: 0.09619397662556435
Epoch 25 time: 235.74661564826965 seconds
Epoch 25 accuracy: 77.04%
Batch 100, Loss: 0.4202
Batch 200, Loss: 0.4058
Batch 300, Loss: 0.4281
Epoch 26 learning rate: 0.09588773128419906
Epoch 26 time: 235.99073791503906 seconds
Epoch 26 accuracy: 84.84%
Batch 100, Loss: 0.4145
Batch 200, Loss: 0.4166
Batch 300, Loss: 0.4028
Epoch 27 learning rate: 0.09557016383177226
Epoch 27 time: 235.8641972541809 seconds
Epoch 27 accuracy: 83.95%
Batch 100, Loss: 0.4046
Batch 200, Loss: 0.4146
Batch 300, Loss: 0.4133
Epoch 28 learning rate: 0.09524135262330098
Epoch 28 time: 235.99547004699707 seconds
Epoch 28 accuracy: 82.59%
Batch 100, Loss: 0.4026
Batch 200, Loss: 0.4106
Batch 300, Loss: 0.4068
Epoch 29 learning rate: 0.09490137878803079
Epoch 29 time: 235.846253156662 seconds
Epoch 29 accuracy: 81.37%
Batch 100, Loss: 0.3956
Batch 200, Loss: 0.4128
Batch 300, Loss: 0.4099
Epoch 30 learning rate: 0.0945503262094184
Epoch 30 time: 236.0723638534546 seconds
Epoch 30 accuracy: 81.76%
Batch 100, Loss: 0.4057
Batch 200, Loss: 0.4054
Batch 300, Loss: 0.3990
Epoch 31 learning rate: 0.0941882815044347
Epoch 31 time: 236.09318804740906 seconds
Epoch 31 accuracy: 83.22%
Batch 100, Loss: 0.3895
Batch 200, Loss: 0.4013
Batch 300, Loss: 0.4001
Epoch 32 learning rate: 0.09381533400219319
Epoch 32 time: 236.14419746398926 seconds
Epoch 32 accuracy: 83.18%
Batch 100, Loss: 0.3985
Batch 200, Loss: 0.3985
Batch 300, Loss: 0.4019
Epoch 33 learning rate: 0.09343157572190958
Epoch 33 time: 236.13237357139587 seconds
Epoch 33 accuracy: 81.61%
Batch 100, Loss: 0.3880
Batch 200, Loss: 0.3911
Batch 300, Loss: 0.3833
Epoch 34 learning rate: 0.0930371013501972
Epoch 34 time: 236.2522051334381 seconds
Epoch 34 accuracy: 83.91%
Batch 100, Loss: 0.3856
Batch 200, Loss: 0.3833
Batch 300, Loss: 0.3929
Epoch 35 learning rate: 0.09263200821770463
Epoch 35 time: 235.8386993408203 seconds
Epoch 35 accuracy: 84.24%
Batch 100, Loss: 0.3862
Batch 200, Loss: 0.3745
Batch 300, Loss: 0.3963
Epoch 36 learning rate: 0.09221639627510078
Epoch 36 time: 235.88733959197998 seconds
Epoch 36 accuracy: 79.85%
Batch 100, Loss: 0.3785
Batch 200, Loss: 0.3920
Batch 300, Loss: 0.3902
Epoch 37 learning rate: 0.09179036806841355
Epoch 37 time: 235.7509195804596 seconds
Epoch 37 accuracy: 85.09%
Batch 100, Loss: 0.3802
Batch 200, Loss: 0.3950
Batch 300, Loss: 0.3761
Epoch 38 learning rate: 0.09135402871372812
Epoch 38 time: 236.1985058784485 seconds
Epoch 38 accuracy: 84.72%
Batch 100, Loss: 0.3664
Batch 200, Loss: 0.3809
Batch 300, Loss: 0.3818
Epoch 39 learning rate: 0.0909074858712512
Epoch 39 time: 236.0341260433197 seconds
Epoch 39 accuracy: 85.79%
Batch 100, Loss: 0.3747
Batch 200, Loss: 0.3880
Batch 300, Loss: 0.3763
Epoch 40 learning rate: 0.09045084971874741
Epoch 40 time: 236.09737014770508 seconds
Epoch 40 accuracy: 86.29%
Batch 100, Loss: 0.3800
Batch 200, Loss: 0.3702
Batch 300, Loss: 0.3814
Epoch 41 learning rate: 0.08998423292435458
Epoch 41 time: 235.97807717323303 seconds
Epoch 41 accuracy: 80.08%
Batch 100, Loss: 0.3756
Batch 200, Loss: 0.3705
Batch 300, Loss: 0.3691
Epoch 42 learning rate: 0.08950775061878455
Epoch 42 time: 236.02931451797485 seconds
Epoch 42 accuracy: 81.67%
Batch 100, Loss: 0.3691
Batch 200, Loss: 0.3578
Batch 300, Loss: 0.3802
Epoch 43 learning rate: 0.08902152036691653
Epoch 43 time: 236.1172320842743 seconds
Epoch 43 accuracy: 82.71%
Batch 100, Loss: 0.3692
Batch 200, Loss: 0.3640
Batch 300, Loss: 0.3704
Epoch 44 learning rate: 0.08852566213878951
Epoch 44 time: 236.0330936908722 seconds
Epoch 44 accuracy: 83.58%
Batch 100, Loss: 0.3670
Batch 200, Loss: 0.3695
Batch 300, Loss: 0.3703
Epoch 45 learning rate: 0.0880202982800016
Epoch 45 time: 235.97107124328613 seconds
Epoch 45 accuracy: 83.5%
Batch 100, Loss: 0.3534
Batch 200, Loss: 0.3628
Batch 300, Loss: 0.3642
Epoch 46 learning rate: 0.08750555348152303
Epoch 46 time: 235.88638496398926 seconds
Epoch 46 accuracy: 83.51%
Batch 100, Loss: 0.3664
Batch 200, Loss: 0.3627
Batch 300, Loss: 0.3639
Epoch 47 learning rate: 0.08698155474893052
Epoch 47 time: 235.9375774860382 seconds
Epoch 47 accuracy: 87.43%
Batch 100, Loss: 0.3688
Batch 200, Loss: 0.3592
Batch 300, Loss: 0.3565
Epoch 48 learning rate: 0.08644843137107061
Epoch 48 time: 235.94303393363953 seconds
Epoch 48 accuracy: 71.18%
Batch 100, Loss: 0.3601
Batch 200, Loss: 0.3466
Batch 300, Loss: 0.3699
Epoch 49 learning rate: 0.08590631488815947
Epoch 49 time: 236.03480863571167 seconds
Epoch 49 accuracy: 83.79%
Batch 100, Loss: 0.3460
Batch 200, Loss: 0.3635
Batch 300, Loss: 0.3559
Epoch 50 learning rate: 0.0853553390593274
Epoch 50 time: 236.09923481941223 seconds
Epoch 50 accuracy: 86.6%
Batch 100, Loss: 0.3535
Batch 200, Loss: 0.3514
Batch 300, Loss: 0.3647
Epoch 51 learning rate: 0.08479563982961574
Epoch 51 time: 236.07587671279907 seconds
Epoch 51 accuracy: 84.96%
Batch 100, Loss: 0.3438
Batch 200, Loss: 0.3591
Batch 300, Loss: 0.3558
Epoch 52 learning rate: 0.08422735529643446
Epoch 52 time: 235.9717311859131 seconds
Epoch 52 accuracy: 83.76%
Batch 100, Loss: 0.3501
Batch 200, Loss: 0.3581
Batch 300, Loss: 0.3435
Epoch 53 learning rate: 0.08365062567548869
Epoch 53 time: 236.11414337158203 seconds
Epoch 53 accuracy: 86.21%
Batch 100, Loss: 0.3479
Batch 200, Loss: 0.3537
Batch 300, Loss: 0.3549
Epoch 54 learning rate: 0.08306559326618261
Epoch 54 time: 235.70131492614746 seconds
Epoch 54 accuracy: 82.75%
Batch 100, Loss: 0.3445
Batch 200, Loss: 0.3554
Batch 300, Loss: 0.3560
Epoch 55 learning rate: 0.0824724024165092
Epoch 55 time: 235.9964382648468 seconds
Epoch 55 accuracy: 85.1%
Batch 100, Loss: 0.3309
Batch 200, Loss: 0.3550
Batch 300, Loss: 0.3539
Epoch 56 learning rate: 0.0818711994874345
Epoch 56 time: 235.952054977417 seconds
Epoch 56 accuracy: 85.27%
Batch 100, Loss: 0.3271
Batch 200, Loss: 0.3476
Batch 300, Loss: 0.3473
Epoch 57 learning rate: 0.08126213281678528
Epoch 57 time: 235.95019268989563 seconds
Epoch 57 accuracy: 86.79%
Batch 100, Loss: 0.3408
Batch 200, Loss: 0.3536
Batch 300, Loss: 0.3419
Epoch 58 learning rate: 0.08064535268264884
Epoch 58 time: 235.96031761169434 seconds
Epoch 58 accuracy: 86.13%
Batch 100, Loss: 0.3420
Batch 200, Loss: 0.3312
Batch 300, Loss: 0.3483
Epoch 59 learning rate: 0.08002101126629421
Epoch 59 time: 236.0182399749756 seconds
Epoch 59 accuracy: 86.79%
Batch 100, Loss: 0.3327
Batch 200, Loss: 0.3415
Batch 300, Loss: 0.3395
Epoch 60 learning rate: 0.07938926261462367
Epoch 60 time: 235.99557638168335 seconds
Epoch 60 accuracy: 84.19%
Batch 100, Loss: 0.3350
Batch 200, Loss: 0.3373
Batch 300, Loss: 0.3329
Epoch 61 learning rate: 0.07875026260216395
Epoch 61 time: 235.8422510623932 seconds
Epoch 61 accuracy: 86.43%
Batch 100, Loss: 0.3335
Batch 200, Loss: 0.3320
Batch 300, Loss: 0.3418
Epoch 62 learning rate: 0.07810416889260656
Epoch 62 time: 236.11672282218933 seconds
Epoch 62 accuracy: 82.81%
Batch 100, Loss: 0.3200
Batch 200, Loss: 0.3463
Batch 300, Loss: 0.3301
Epoch 63 learning rate: 0.07745114089990661
Epoch 63 time: 236.0502347946167 seconds
Epoch 63 accuracy: 87.62%
Batch 100, Loss: 0.3242
Batch 200, Loss: 0.3415
Batch 300, Loss: 0.3375
Epoch 64 learning rate: 0.07679133974894985
Epoch 64 time: 236.13864517211914 seconds
Epoch 64 accuracy: 87.04%
Batch 100, Loss: 0.3254
Batch 200, Loss: 0.3181
Batch 300, Loss: 0.3414
Epoch 65 learning rate: 0.07612492823579746
Epoch 65 time: 236.19003343582153 seconds
Epoch 65 accuracy: 86.74%
Batch 100, Loss: 0.3280
Batch 200, Loss: 0.3205
Batch 300, Loss: 0.3272
Epoch 66 learning rate: 0.07545207078751859
Epoch 66 time: 236.5077610015869 seconds
Epoch 66 accuracy: 86.56%
Batch 100, Loss: 0.3304
Batch 200, Loss: 0.3201
Batch 300, Loss: 0.3316
Epoch 67 learning rate: 0.0747729334216204
Epoch 67 time: 236.040433883667 seconds
Epoch 67 accuracy: 83.54%
Batch 100, Loss: 0.3280
Batch 200, Loss: 0.3299
Batch 300, Loss: 0.3348
Epoch 68 learning rate: 0.07408768370508578
Epoch 68 time: 236.13114094734192 seconds
Epoch 68 accuracy: 86.58%
Batch 100, Loss: 0.3250
Batch 200, Loss: 0.3182
Batch 300, Loss: 0.3229
Epoch 69 learning rate: 0.0733964907130287
Epoch 69 time: 235.89992022514343 seconds
Epoch 69 accuracy: 88.21%
Batch 100, Loss: 0.3194
Batch 200, Loss: 0.3181
Batch 300, Loss: 0.3170
Epoch 70 learning rate: 0.07269952498697736
Epoch 70 time: 236.09949898719788 seconds
Epoch 70 accuracy: 85.64%
Batch 100, Loss: 0.3169
Batch 200, Loss: 0.3275
Batch 300, Loss: 0.3221
Epoch 71 learning rate: 0.07199695849279578
Epoch 71 time: 235.83193492889404 seconds
Epoch 71 accuracy: 89.06%
Batch 100, Loss: 0.3115
Batch 200, Loss: 0.3213
Batch 300, Loss: 0.3176
Epoch 72 learning rate: 0.07128896457825366
Epoch 72 time: 235.95745253562927 seconds
Epoch 72 accuracy: 82.98%
Batch 100, Loss: 0.3091
Batch 200, Loss: 0.3293
Batch 300, Loss: 0.3103
Epoch 73 learning rate: 0.07057571793025548
Epoch 73 time: 236.02976322174072 seconds
Epoch 73 accuracy: 88.98%
Batch 100, Loss: 0.3017
Batch 200, Loss: 0.3113
Batch 300, Loss: 0.3289
Epoch 74 learning rate: 0.06985739453173906
Epoch 74 time: 236.17642903327942 seconds
Epoch 74 accuracy: 87.72%
Batch 100, Loss: 0.3215
Batch 200, Loss: 0.3189
Batch 300, Loss: 0.3017
Epoch 75 learning rate: 0.06913417161825453
Epoch 75 time: 235.9839105606079 seconds
Epoch 75 accuracy: 87.21%
Batch 100, Loss: 0.3045
Batch 200, Loss: 0.3139
Batch 300, Loss: 0.3140
Epoch 76 learning rate: 0.06840622763423394
Epoch 76 time: 235.99154138565063 seconds
Epoch 76 accuracy: 87.41%
Batch 100, Loss: 0.3015
Batch 200, Loss: 0.3161
Batch 300, Loss: 0.3013
Epoch 77 learning rate: 0.0676737421889629
Epoch 77 time: 236.07424974441528 seconds
Epoch 77 accuracy: 87.05%
Batch 100, Loss: 0.3110
Batch 200, Loss: 0.3040
Batch 300, Loss: 0.3068
Epoch 78 learning rate: 0.06693689601226462
Epoch 78 time: 236.11111092567444 seconds
Epoch 78 accuracy: 88.7%
Batch 100, Loss: 0.3057
Batch 200, Loss: 0.3001
Batch 300, Loss: 0.3082
Epoch 79 learning rate: 0.06619587090990751
Epoch 79 time: 236.14908695220947 seconds
Epoch 79 accuracy: 87.45%
Batch 100, Loss: 0.2944
Batch 200, Loss: 0.3074
Batch 300, Loss: 0.3076
Epoch 80 learning rate: 0.06545084971874741
Epoch 80 time: 236.09003472328186 seconds
Epoch 80 accuracy: 87.37%
Batch 100, Loss: 0.2937
Batch 200, Loss: 0.3047
Batch 300, Loss: 0.3140
Epoch 81 learning rate: 0.06470201626161524
Epoch 81 time: 236.10146522521973 seconds
Epoch 81 accuracy: 87.63%
Batch 100, Loss: 0.2930
Batch 200, Loss: 0.3050
Batch 300, Loss: 0.3044
Epoch 82 learning rate: 0.06394955530196152
Epoch 82 time: 235.80774092674255 seconds
Epoch 82 accuracy: 87.32%
Batch 100, Loss: 0.2895
Batch 200, Loss: 0.3024
Batch 300, Loss: 0.3015
Epoch 83 learning rate: 0.06319365249826868
Epoch 83 time: 235.96254348754883 seconds
Epoch 83 accuracy: 88.83%
Batch 100, Loss: 0.2929
Batch 200, Loss: 0.2892
Batch 300, Loss: 0.3002
Epoch 84 learning rate: 0.06243449435824277
Epoch 84 time: 235.88922142982483 seconds
Epoch 84 accuracy: 85.89%
Batch 100, Loss: 0.2930
Batch 200, Loss: 0.2905
Batch 300, Loss: 0.3056
Epoch 85 learning rate: 0.06167226819279532
Epoch 85 time: 235.8040852546692 seconds
Epoch 85 accuracy: 87.69%
Batch 100, Loss: 0.2779
Batch 200, Loss: 0.2800
Batch 300, Loss: 0.3037
Epoch 86 learning rate: 0.06090716206982718
Epoch 86 time: 236.022935628891 seconds
Epoch 86 accuracy: 86.97%
Batch 100, Loss: 0.2937
Batch 200, Loss: 0.2904
Batch 300, Loss: 0.2867
Epoch 87 learning rate: 0.06013936476782568
Epoch 87 time: 236.2031135559082 seconds
Epoch 87 accuracy: 88.63%
Batch 100, Loss: 0.2833
Batch 200, Loss: 0.2900
Batch 300, Loss: 0.2928
Epoch 88 learning rate: 0.05936906572928629
Epoch 88 time: 236.17773866653442 seconds
Epoch 88 accuracy: 89.61%
Batch 100, Loss: 0.2790
Batch 200, Loss: 0.2917
Batch 300, Loss: 0.2954
Epoch 89 learning rate: 0.05859645501397052
Epoch 89 time: 236.0192449092865 seconds
Epoch 89 accuracy: 89.24%
Batch 100, Loss: 0.2783
Batch 200, Loss: 0.2908
Batch 300, Loss: 0.2797
Epoch 90 learning rate: 0.05782172325201159
Epoch 90 time: 235.9980070590973 seconds
Epoch 90 accuracy: 86.55%
Batch 100, Loss: 0.2738
Batch 200, Loss: 0.2736
Batch 300, Loss: 0.2939
Epoch 91 learning rate: 0.057045061596879186
Epoch 91 time: 236.07959294319153 seconds
Epoch 91 accuracy: 86.21%
Batch 100, Loss: 0.2767
Batch 200, Loss: 0.2813
Batch 300, Loss: 0.2735
Epoch 92 learning rate: 0.056266661678215264
Epoch 92 time: 236.16137409210205 seconds
Epoch 92 accuracy: 90.27%
Batch 100, Loss: 0.2754
Batch 200, Loss: 0.2803
Batch 300, Loss: 0.2820
Epoch 93 learning rate: 0.055486715554552306
Epoch 93 time: 235.8984136581421 seconds
Epoch 93 accuracy: 87.43%
Batch 100, Loss: 0.2793
Batch 200, Loss: 0.2713
Batch 300, Loss: 0.2820
Epoch 94 learning rate: 0.05470541566592575
Epoch 94 time: 235.83208227157593 seconds
Epoch 94 accuracy: 89.94%
Batch 100, Loss: 0.2664
Batch 200, Loss: 0.2624
Batch 300, Loss: 0.2774
Epoch 95 learning rate: 0.05392295478639229
Epoch 95 time: 236.13478755950928 seconds
Epoch 95 accuracy: 89.96%
Batch 100, Loss: 0.2620
Batch 200, Loss: 0.2780
Batch 300, Loss: 0.2772
Epoch 96 learning rate: 0.05313952597646571
Epoch 96 time: 236.0131015777588 seconds
Epoch 96 accuracy: 88.79%
Batch 100, Loss: 0.2742
Batch 200, Loss: 0.2676
Batch 300, Loss: 0.2758
Epoch 97 learning rate: 0.05235532253548216
Epoch 97 time: 236.26856207847595 seconds
Epoch 97 accuracy: 88.89%
Batch 100, Loss: 0.2614
Batch 200, Loss: 0.2661
Batch 300, Loss: 0.2768
Epoch 98 learning rate: 0.051570537953906447
Epoch 98 time: 236.1135709285736 seconds
Epoch 98 accuracy: 89.69%
Batch 100, Loss: 0.2571
Batch 200, Loss: 0.2647
Batch 300, Loss: 0.2690
Epoch 99 learning rate: 0.05078536586559106
Epoch 99 time: 236.02188920974731 seconds
Epoch 99 accuracy: 88.38%
Batch 100, Loss: 0.2592
Batch 200, Loss: 0.2651
Batch 300, Loss: 0.2694
Epoch 100 learning rate: 0.050000000000000024
Epoch 100 time: 236.11205458641052 seconds
Epoch 100 accuracy: 90.64%
Batch 100, Loss: 0.2558
Batch 200, Loss: 0.2571
Batch 300, Loss: 0.2664
Epoch 101 learning rate: 0.049214634134409
Epoch 101 time: 236.0852131843567 seconds
Epoch 101 accuracy: 88.58%
Batch 100, Loss: 0.2613
Batch 200, Loss: 0.2572
Batch 300, Loss: 0.2688
Epoch 102 learning rate: 0.04842946204609361
Epoch 102 time: 235.9386351108551 seconds
Epoch 102 accuracy: 85.8%
Batch 100, Loss: 0.2477
Batch 200, Loss: 0.2613
Batch 300, Loss: 0.2656
Epoch 103 learning rate: 0.04764467746451789
Epoch 103 time: 235.84850144386292 seconds
Epoch 103 accuracy: 90.05%
Batch 100, Loss: 0.2458
Batch 200, Loss: 0.2620
Batch 300, Loss: 0.2660
Epoch 104 learning rate: 0.046860474023534354
Epoch 104 time: 236.09229350090027 seconds
Epoch 104 accuracy: 89.97%
Batch 100, Loss: 0.2495
Batch 200, Loss: 0.2673
Batch 300, Loss: 0.2535
Epoch 105 learning rate: 0.04607704521360778
Epoch 105 time: 236.08620643615723 seconds
Epoch 105 accuracy: 90.94%
Batch 100, Loss: 0.2494
Batch 200, Loss: 0.2510
Batch 300, Loss: 0.2616
Epoch 106 learning rate: 0.04529458433407431
Epoch 106 time: 236.10205698013306 seconds
Epoch 106 accuracy: 91.1%
Batch 100, Loss: 0.2464
Batch 200, Loss: 0.2531
Batch 300, Loss: 0.2619
Epoch 107 learning rate: 0.04451328444544776
Epoch 107 time: 235.8508915901184 seconds
Epoch 107 accuracy: 90.71%
Batch 100, Loss: 0.2457
Batch 200, Loss: 0.2452
Batch 300, Loss: 0.2547
Epoch 108 learning rate: 0.04373333832178482
Epoch 108 time: 236.09748554229736 seconds
Epoch 108 accuracy: 89.83%
Batch 100, Loss: 0.2525
Batch 200, Loss: 0.2485
Batch 300, Loss: 0.2511
Epoch 109 learning rate: 0.0429549384031209
Epoch 109 time: 236.01341485977173 seconds
Epoch 109 accuracy: 88.92%
Batch 100, Loss: 0.2464
Batch 200, Loss: 0.2371
Batch 300, Loss: 0.2461
Epoch 110 learning rate: 0.042178276747988484
Epoch 110 time: 235.94575309753418 seconds
Epoch 110 accuracy: 88.7%
Batch 100, Loss: 0.2364
Batch 200, Loss: 0.2430
Batch 300, Loss: 0.2440
Epoch 111 learning rate: 0.04140354498602954
Epoch 111 time: 235.88734984397888 seconds
Epoch 111 accuracy: 90.96%
Batch 100, Loss: 0.2380
Batch 200, Loss: 0.2458
Batch 300, Loss: 0.2478
Epoch 112 learning rate: 0.0406309342707138
Epoch 112 time: 235.91025495529175 seconds
Epoch 112 accuracy: 90.47%
Batch 100, Loss: 0.2308
Batch 200, Loss: 0.2358
Batch 300, Loss: 0.2350
Epoch 113 learning rate: 0.03986063523217441
Epoch 113 time: 235.9322383403778 seconds
Epoch 113 accuracy: 90.51%
Batch 100, Loss: 0.2272
Batch 200, Loss: 0.2409
Batch 300, Loss: 0.2414
Epoch 114 learning rate: 0.039092837930172916
Epoch 114 time: 236.17399835586548 seconds
Epoch 114 accuracy: 91.16%
Batch 100, Loss: 0.2259
Batch 200, Loss: 0.2385
Batch 300, Loss: 0.2352
Epoch 115 learning rate: 0.03832773180720475
Epoch 115 time: 235.94393372535706 seconds
Epoch 115 accuracy: 89.03%
Batch 100, Loss: 0.2236
Batch 200, Loss: 0.2281
Batch 300, Loss: 0.2374
Epoch 116 learning rate: 0.037565505641757285
Epoch 116 time: 236.12223958969116 seconds
Epoch 116 accuracy: 91.06%
Batch 100, Loss: 0.2196
Batch 200, Loss: 0.2356
Batch 300, Loss: 0.2271
Epoch 117 learning rate: 0.03680634750173138
Epoch 117 time: 236.27359914779663 seconds
Epoch 117 accuracy: 90.46%
Batch 100, Loss: 0.2309
Batch 200, Loss: 0.2282
Batch 300, Loss: 0.2234
Epoch 118 learning rate: 0.036050444698038565
Epoch 118 time: 236.00139832496643 seconds
Epoch 118 accuracy: 87.88%
Batch 100, Loss: 0.2179
Batch 200, Loss: 0.2207
Batch 300, Loss: 0.2383
Epoch 119 learning rate: 0.03529798373838483
Epoch 119 time: 236.06839227676392 seconds
Epoch 119 accuracy: 91.39%
Batch 100, Loss: 0.2147
Batch 200, Loss: 0.2230
Batch 300, Loss: 0.2271
Epoch 120 learning rate: 0.03454915028125267
Epoch 120 time: 236.11184668540955 seconds
Epoch 120 accuracy: 90.02%
Batch 100, Loss: 0.2178
Batch 200, Loss: 0.2226
Batch 300, Loss: 0.2329
Epoch 121 learning rate: 0.03380412909009255
Epoch 121 time: 236.1092517375946 seconds
Epoch 121 accuracy: 90.58%
Batch 100, Loss: 0.2183
Batch 200, Loss: 0.2160
Batch 300, Loss: 0.2227
Epoch 122 learning rate: 0.03306310398773545
Epoch 122 time: 236.04074811935425 seconds
Epoch 122 accuracy: 92.25%
Batch 100, Loss: 0.2167
Batch 200, Loss: 0.2172
Batch 300, Loss: 0.2210
Epoch 123 learning rate: 0.03232625781103717
Epoch 123 time: 235.93451952934265 seconds
Epoch 123 accuracy: 91.8%
Batch 100, Loss: 0.2097
Batch 200, Loss: 0.2183
Batch 300, Loss: 0.2245
Epoch 124 learning rate: 0.03159377236576613
Epoch 124 time: 235.84030294418335 seconds
Epoch 124 accuracy: 90.5%
Batch 100, Loss: 0.2117
Batch 200, Loss: 0.2088
Batch 300, Loss: 0.2213
Epoch 125 learning rate: 0.030865828381745543
Epoch 125 time: 236.00417613983154 seconds
Epoch 125 accuracy: 91.32%
Batch 100, Loss: 0.2099
Batch 200, Loss: 0.2084
Batch 300, Loss: 0.2108
Epoch 126 learning rate: 0.03014260546826098
Epoch 126 time: 235.99322605133057 seconds
Epoch 126 accuracy: 92.54%
Batch 100, Loss: 0.2035
Batch 200, Loss: 0.2111
Batch 300, Loss: 0.2092
Epoch 127 learning rate: 0.02942428206974458
Epoch 127 time: 235.843168258667 seconds
Epoch 127 accuracy: 91.51%
Batch 100, Loss: 0.2098
Batch 200, Loss: 0.1952
Batch 300, Loss: 0.2034
Epoch 128 learning rate: 0.028711035421746387
Epoch 128 time: 236.1105420589447 seconds
Epoch 128 accuracy: 91.81%
Batch 100, Loss: 0.2024
Batch 200, Loss: 0.2004
Batch 300, Loss: 0.2117
Epoch 129 learning rate: 0.02800304150720426
Epoch 129 time: 235.80887985229492 seconds
Epoch 129 accuracy: 92.54%
Batch 100, Loss: 0.1951
Batch 200, Loss: 0.1970
Batch 300, Loss: 0.2039
Epoch 130 learning rate: 0.02730047501302268
Epoch 130 time: 236.0619180202484 seconds
Epoch 130 accuracy: 92.67%
Batch 100, Loss: 0.1986
Batch 200, Loss: 0.1983
Batch 300, Loss: 0.2047
Epoch 131 learning rate: 0.026603509286971357
Epoch 131 time: 236.17600011825562 seconds
Epoch 131 accuracy: 92.31%
Batch 100, Loss: 0.1872
Batch 200, Loss: 0.1966
Batch 300, Loss: 0.2018
Epoch 132 learning rate: 0.025912316294914244
Epoch 132 time: 236.06259179115295 seconds
Epoch 132 accuracy: 91.49%
Batch 100, Loss: 0.1927
Batch 200, Loss: 0.1849
Batch 300, Loss: 0.1974
Epoch 133 learning rate: 0.025227066578379632
Epoch 133 time: 235.91760158538818 seconds
Epoch 133 accuracy: 92.04%
Batch 100, Loss: 0.1819
Batch 200, Loss: 0.1903
Batch 300, Loss: 0.1937
Epoch 134 learning rate: 0.024547929212481445
Epoch 134 time: 236.0876805782318 seconds
Epoch 134 accuracy: 92.25%
Batch 100, Loss: 0.1785
Batch 200, Loss: 0.1885
Batch 300, Loss: 0.1896
Epoch 135 learning rate: 0.02387507176420257
Epoch 135 time: 235.82388925552368 seconds
Epoch 135 accuracy: 92.48%
Batch 100, Loss: 0.1818
Batch 200, Loss: 0.1835
Batch 300, Loss: 0.1899
Epoch 136 learning rate: 0.023208660251050166
Epoch 136 time: 235.81933760643005 seconds
Epoch 136 accuracy: 91.49%
Batch 100, Loss: 0.1735
Batch 200, Loss: 0.1915
Batch 300, Loss: 0.1856
Epoch 137 learning rate: 0.022548859100093414
Epoch 137 time: 235.84653043746948 seconds
Epoch 137 accuracy: 92.51%
Batch 100, Loss: 0.1706
Batch 200, Loss: 0.1803
Batch 300, Loss: 0.1833
Epoch 138 learning rate: 0.021895831107393474
Epoch 138 time: 236.38647079467773 seconds
Epoch 138 accuracy: 92.39%
Batch 100, Loss: 0.1779
Batch 200, Loss: 0.1768
Batch 300, Loss: 0.1807
Epoch 139 learning rate: 0.02124973739783608
Epoch 139 time: 236.00836181640625 seconds
Epoch 139 accuracy: 93.34%
Batch 100, Loss: 0.1659
Batch 200, Loss: 0.1667
Batch 300, Loss: 0.1829
Epoch 140 learning rate: 0.02061073738537636
Epoch 140 time: 236.17012238502502 seconds
Epoch 140 accuracy: 92.41%
Batch 100, Loss: 0.1727
Batch 200, Loss: 0.1721
Batch 300, Loss: 0.1712
Epoch 141 learning rate: 0.019978988733705814
Epoch 141 time: 236.195161819458 seconds
Epoch 141 accuracy: 92.25%
Batch 100, Loss: 0.1658
Batch 200, Loss: 0.1659
Batch 300, Loss: 0.1701
Epoch 142 learning rate: 0.01935464731735118
Epoch 142 time: 236.07344555854797 seconds
Epoch 142 accuracy: 92.03%
Batch 100, Loss: 0.1582
Batch 200, Loss: 0.1659
Batch 300, Loss: 0.1731
Epoch 143 learning rate: 0.018737867183214747
Epoch 143 time: 236.1190333366394 seconds
Epoch 143 accuracy: 92.79%
Batch 100, Loss: 0.1651
Batch 200, Loss: 0.1687
Batch 300, Loss: 0.1721
Epoch 144 learning rate: 0.01812880051256552
Epoch 144 time: 235.97946190834045 seconds
Epoch 144 accuracy: 93.44%
Batch 100, Loss: 0.1551
Batch 200, Loss: 0.1676
Batch 300, Loss: 0.1579
Epoch 145 learning rate: 0.017527597583490827
Epoch 145 time: 235.95380663871765 seconds
Epoch 145 accuracy: 93.42%
Batch 100, Loss: 0.1587
Batch 200, Loss: 0.1623
Batch 300, Loss: 0.1607
Epoch 146 learning rate: 0.01693440673381742
Epoch 146 time: 236.16678190231323 seconds
Epoch 146 accuracy: 94.19%
Batch 100, Loss: 0.1565
Batch 200, Loss: 0.1662
Batch 300, Loss: 0.1575
Epoch 147 learning rate: 0.016349374324511334
Epoch 147 time: 235.96287894248962 seconds
Epoch 147 accuracy: 92.91%
Batch 100, Loss: 0.1574
Batch 200, Loss: 0.1526
Batch 300, Loss: 0.1552
Epoch 148 learning rate: 0.01577264470356557
Epoch 148 time: 236.00188660621643 seconds
Epoch 148 accuracy: 93.49%
Batch 100, Loss: 0.1492
Batch 200, Loss: 0.1537
Batch 300, Loss: 0.1516
Epoch 149 learning rate: 0.01520436017038429
Epoch 149 time: 235.94311332702637 seconds
Epoch 149 accuracy: 93.79%
Batch 100, Loss: 0.1489
Batch 200, Loss: 0.1508
Batch 300, Loss: 0.1535
Epoch 150 learning rate: 0.014644660940672632
Epoch 150 time: 236.1394648551941 seconds
Epoch 150 accuracy: 92.53%
Batch 100, Loss: 0.1458
Batch 200, Loss: 0.1466
Batch 300, Loss: 0.1485
Epoch 151 learning rate: 0.01409368511184057
Epoch 151 time: 235.76274824142456 seconds
Epoch 151 accuracy: 94.28%
Batch 100, Loss: 0.1424
Batch 200, Loss: 0.1431
Batch 300, Loss: 0.1502
Epoch 152 learning rate: 0.013551568628929438
Epoch 152 time: 236.013920545578 seconds
Epoch 152 accuracy: 93.79%
Batch 100, Loss: 0.1391
Batch 200, Loss: 0.1372
Batch 300, Loss: 0.1513
Epoch 153 learning rate: 0.013018445251069516
Epoch 153 time: 236.12796664237976 seconds
Epoch 153 accuracy: 93.31%
Batch 100, Loss: 0.1368
Batch 200, Loss: 0.1443
Batch 300, Loss: 0.1387
Epoch 154 learning rate: 0.012494446518477026
Epoch 154 time: 236.0217490196228 seconds
Epoch 154 accuracy: 94.2%
Batch 100, Loss: 0.1351
Batch 200, Loss: 0.1377
Batch 300, Loss: 0.1396
Epoch 155 learning rate: 0.011979701719998459
Epoch 155 time: 236.18460083007812 seconds
Epoch 155 accuracy: 94.58%
Batch 100, Loss: 0.1321
Batch 200, Loss: 0.1352
Batch 300, Loss: 0.1358
Epoch 156 learning rate: 0.011474337861210548
Epoch 156 time: 235.95129203796387 seconds
Epoch 156 accuracy: 94.43%
Batch 100, Loss: 0.1305
Batch 200, Loss: 0.1344
Batch 300, Loss: 0.1323
Epoch 157 learning rate: 0.010978479633083526
Epoch 157 time: 236.25256967544556 seconds
Epoch 157 accuracy: 94.36%
Batch 100, Loss: 0.1268
Batch 200, Loss: 0.1306
Batch 300, Loss: 0.1348
Epoch 158 learning rate: 0.010492249381215483
Epoch 158 time: 236.12011194229126 seconds
Epoch 158 accuracy: 94.38%
Batch 100, Loss: 0.1281
Batch 200, Loss: 0.1347
Batch 300, Loss: 0.1327
Epoch 159 learning rate: 0.010015767075645474
Epoch 159 time: 236.20628833770752 seconds
Epoch 159 accuracy: 94.25%
Batch 100, Loss: 0.1226
Batch 200, Loss: 0.1272
Batch 300, Loss: 0.1247
Epoch 160 learning rate: 0.009549150281252637
Epoch 160 time: 235.94261360168457 seconds
Epoch 160 accuracy: 95.06%
Batch 100, Loss: 0.1138
Batch 200, Loss: 0.1259
Batch 300, Loss: 0.1227
Epoch 161 learning rate: 0.00909251412874884
Epoch 161 time: 236.01152896881104 seconds
Epoch 161 accuracy: 94.55%
Batch 100, Loss: 0.1162
Batch 200, Loss: 0.1154
Batch 300, Loss: 0.1249
Epoch 162 learning rate: 0.008645971286271918
Epoch 162 time: 236.20033359527588 seconds
Epoch 162 accuracy: 94.66%
Batch 100, Loss: 0.1166
Batch 200, Loss: 0.1215
Batch 300, Loss: 0.1208
Epoch 163 learning rate: 0.008209631931586501
Epoch 163 time: 236.1382074356079 seconds
Epoch 163 accuracy: 94.53%
Batch 100, Loss: 0.1124
Batch 200, Loss: 0.1201
Batch 300, Loss: 0.1209
Epoch 164 learning rate: 0.0077836037248992605
Epoch 164 time: 236.1135675907135 seconds
Epoch 164 accuracy: 94.69%
Batch 100, Loss: 0.1060
Batch 200, Loss: 0.1148
Batch 300, Loss: 0.1126
Epoch 165 learning rate: 0.0073679917822954055
Epoch 165 time: 236.12007308006287 seconds
Epoch 165 accuracy: 94.97%
Batch 100, Loss: 0.1118
Batch 200, Loss: 0.1125
Batch 300, Loss: 0.1098
Epoch 166 learning rate: 0.006962898649802815
Epoch 166 time: 236.1269052028656 seconds
Epoch 166 accuracy: 94.81%
Batch 100, Loss: 0.1076
Batch 200, Loss: 0.1127
Batch 300, Loss: 0.1111
Epoch 167 learning rate: 0.006568424278090438
Epoch 167 time: 236.15311217308044 seconds
Epoch 167 accuracy: 95.24%
Batch 100, Loss: 0.1048
Batch 200, Loss: 0.1047
Batch 300, Loss: 0.1070
Epoch 168 learning rate: 0.006184665997806824
Epoch 168 time: 236.0586278438568 seconds
Epoch 168 accuracy: 95.0%
Batch 100, Loss: 0.1023
Batch 200, Loss: 0.1072
Batch 300, Loss: 0.1043
Epoch 169 learning rate: 0.00581171849556533
Epoch 169 time: 235.95838809013367 seconds
Epoch 169 accuracy: 95.24%
Batch 100, Loss: 0.1062
Batch 200, Loss: 0.1049
Batch 300, Loss: 0.0990
Epoch 170 learning rate: 0.0054496737905816136
Epoch 170 time: 235.9941873550415 seconds
Epoch 170 accuracy: 94.92%
Batch 100, Loss: 0.0949
Batch 200, Loss: 0.0992
Batch 300, Loss: 0.0954
Epoch 171 learning rate: 0.005098621211969226
Epoch 171 time: 236.1575858592987 seconds
Epoch 171 accuracy: 95.18%
Batch 100, Loss: 0.0978
Batch 200, Loss: 0.0946
Batch 300, Loss: 0.1021
Epoch 172 learning rate: 0.004758647376699035
Epoch 172 time: 236.0801601409912 seconds
Epoch 172 accuracy: 95.3%
Batch 100, Loss: 0.0960
Batch 200, Loss: 0.0985
Batch 300, Loss: 0.1003
Epoch 173 learning rate: 0.00442983616822775
Epoch 173 time: 236.32279086112976 seconds
Epoch 173 accuracy: 95.41%
Batch 100, Loss: 0.0913
Batch 200, Loss: 0.0919
Batch 300, Loss: 0.0975
Epoch 174 learning rate: 0.004112268715800957
Epoch 174 time: 236.0105926990509 seconds
Epoch 174 accuracy: 95.4%
Batch 100, Loss: 0.0935
Batch 200, Loss: 0.0917
Batch 300, Loss: 0.0942
Epoch 175 learning rate: 0.003806023374435677
Epoch 175 time: 236.1028938293457 seconds
Epoch 175 accuracy: 95.5%
Batch 100, Loss: 0.0897
Batch 200, Loss: 0.0922
Batch 300, Loss: 0.0874
Epoch 176 learning rate: 0.003511175705587435
Epoch 176 time: 235.98617792129517 seconds
Epoch 176 accuracy: 95.46%
Batch 100, Loss: 0.0872
Batch 200, Loss: 0.0868
Batch 300, Loss: 0.0890
Epoch 177 learning rate: 0.0032277984585066333
Epoch 177 time: 236.212082862854 seconds
Epoch 177 accuracy: 95.72%
Batch 100, Loss: 0.0837
Batch 200, Loss: 0.0867
Batch 300, Loss: 0.0859
Epoch 178 learning rate: 0.002955961552288729
Epoch 178 time: 236.11944770812988 seconds
Epoch 178 accuracy: 95.72%
Batch 100, Loss: 0.0877
Batch 200, Loss: 0.0903
Batch 300, Loss: 0.0871
Epoch 179 learning rate: 0.0026957320586227366
Epoch 179 time: 235.93935322761536 seconds
Epoch 179 accuracy: 95.7%
Batch 100, Loss: 0.0851
Batch 200, Loss: 0.0838
Batch 300, Loss: 0.0831
Epoch 180 learning rate: 0.002447174185242325
Epoch 180 time: 235.98129510879517 seconds
Epoch 180 accuracy: 95.99%
Batch 100, Loss: 0.0782
Batch 200, Loss: 0.0865
Batch 300, Loss: 0.0814
Epoch 181 learning rate: 0.0022103492600834954
Epoch 181 time: 236.07122468948364 seconds
Epoch 181 accuracy: 95.87%
Batch 100, Loss: 0.0781
Batch 200, Loss: 0.0773
Batch 300, Loss: 0.0852
Epoch 182 learning rate: 0.0019853157161528537
Epoch 182 time: 235.84880137443542 seconds
Epoch 182 accuracy: 95.85%
Batch 100, Loss: 0.0822
Batch 200, Loss: 0.0819
Batch 300, Loss: 0.0832
Epoch 183 learning rate: 0.001772129077110103
Epoch 183 time: 236.04612827301025 seconds
Epoch 183 accuracy: 95.64%
Batch 100, Loss: 0.0780
Batch 200, Loss: 0.0768
Batch 300, Loss: 0.0780
Epoch 184 learning rate: 0.0015708419435684529
Epoch 184 time: 235.78988933563232 seconds
Epoch 184 accuracy: 95.76%
Batch 100, Loss: 0.0790
Batch 200, Loss: 0.0782
Batch 300, Loss: 0.0795
Epoch 185 learning rate: 0.0013815039801161732
Epoch 185 time: 235.8638391494751 seconds
Epoch 185 accuracy: 95.73%
Batch 100, Loss: 0.0764
Batch 200, Loss: 0.0788
Batch 300, Loss: 0.0829
Epoch 186 learning rate: 0.0012041619030626347
Epoch 186 time: 235.80151772499084 seconds
Epoch 186 accuracy: 96.02%
Batch 100, Loss: 0.0758
Batch 200, Loss: 0.0757
Batch 300, Loss: 0.0762
Epoch 187 learning rate: 0.0010388594689117077
Epoch 187 time: 236.0713336467743 seconds
Epoch 187 accuracy: 95.91%
Batch 100, Loss: 0.0750
Batch 200, Loss: 0.0740
Batch 300, Loss: 0.0779
Epoch 188 learning rate: 0.0008856374635655645
Epoch 188 time: 236.1720676422119 seconds
Epoch 188 accuracy: 96.05%
Batch 100, Loss: 0.0739
Batch 200, Loss: 0.0732
Batch 300, Loss: 0.0755
Epoch 189 learning rate: 0.000744533692261307
Epoch 189 time: 236.07036423683167 seconds
Epoch 189 accuracy: 95.86%
Batch 100, Loss: 0.0758
Batch 200, Loss: 0.0753
Batch 300, Loss: 0.0714
Epoch 190 learning rate: 0.0006155829702431174
Epoch 190 time: 236.16200590133667 seconds
Epoch 190 accuracy: 95.89%
Batch 100, Loss: 0.0750
Batch 200, Loss: 0.0729
Batch 300, Loss: 0.0740
Epoch 191 learning rate: 0.0004988171141721235
Epoch 191 time: 236.06770396232605 seconds
Epoch 191 accuracy: 95.86%
Batch 100, Loss: 0.0736
Batch 200, Loss: 0.0725
Batch 300, Loss: 0.0737
Epoch 192 learning rate: 0.00039426493427611206
Epoch 192 time: 236.14438939094543 seconds
Epoch 192 accuracy: 96.01%
Batch 100, Loss: 0.0773
Batch 200, Loss: 0.0679
Batch 300, Loss: 0.0733
Epoch 193 learning rate: 0.00030195222724102046
Epoch 193 time: 235.839421749115 seconds
Epoch 193 accuracy: 96.08%
Batch 100, Loss: 0.0700
Batch 200, Loss: 0.0708
Batch 300, Loss: 0.0758
Epoch 194 learning rate: 0.00022190176984600036
Epoch 194 time: 236.06836938858032 seconds
Epoch 194 accuracy: 96.06%
Batch 100, Loss: 0.0720
Batch 200, Loss: 0.0655
Batch 300, Loss: 0.0722
Epoch 195 learning rate: 0.00015413331334360192
Epoch 195 time: 236.12267351150513 seconds
Epoch 195 accuracy: 96.25%
Batch 100, Loss: 0.0716
Batch 200, Loss: 0.0720
Batch 300, Loss: 0.0716
Epoch 196 learning rate: 9.866357858642213e-05
Epoch 196 time: 236.02887439727783 seconds
Epoch 196 accuracy: 96.06%
Batch 100, Loss: 0.0719
Batch 200, Loss: 0.0745
Batch 300, Loss: 0.0700
Epoch 197 learning rate: 5.5506251901504864e-05
Epoch 197 time: 236.13160490989685 seconds
Epoch 197 accuracy: 95.97%
Batch 100, Loss: 0.0700
Batch 200, Loss: 0.0714
Batch 300, Loss: 0.0686
Epoch 198 learning rate: 2.4671981713420017e-05
Epoch 198 time: 235.95253014564514 seconds
Epoch 198 accuracy: 96.05%
Batch 100, Loss: 0.0697
Batch 200, Loss: 0.0726
Batch 300, Loss: 0.0704
Epoch 199 learning rate: 6.168375916970619e-06
Epoch 199 time: 235.91036581993103 seconds
Epoch 199 accuracy: 96.1%
Batch 100, Loss: 0.0697
Batch 200, Loss: 0.0694
Batch 300, Loss: 0.0725
Epoch 200 learning rate: 0.0
Epoch 200 time: 235.98819375038147 seconds
Epoch 200 accuracy: 96.02%
Total training time: 47215.104671001434 seconds
