The following modules were not unloaded:
  (Use "module --force purge" to unload all):

  1) CCconfig        6)  ucx/1.14.1         11) flexiblas/3.3.1
  2) gentoo/2023     7)  libfabric/1.18.0   12) imkl/2023.2.0
  3) gcccore/.12.3   8)  pmix/4.2.4         13) StdEnv/2023
  4) gcc/12.3        9)  ucc/1.2.0
  5) hwloc/2.9.1     10) openmpi/4.1.5
/project/6070520/tkleinkn/Vanilla-GAM/main_cifar.py:187: UserWarning: You have chosen a specific GPU. This will completely disable data parallelism.
  warnings.warn('You have chosen a specific GPU. This will completely '
model name space ['resnet101_c', 'resnet152_c', 'resnet18_c', 'resnet34_c', 'resnet50_c']
Use GPU: 0 for training
=> creating model 'resnet18_c'
Files already downloaded and verified
Files already downloaded and verified
tensorboard dir ./results/CIFAR10/GAMNonAccelerated
Using non-accelerated GAM
/home/tkleinkn/GAMtest/lib/python3.11/site-packages/torch/autograd/graph.py:744: UserWarning: Using backward() with create_graph=True will create a reference cycle between the parameter and its gradient which can cause a memory leak. We recommend using autograd.grad when creating the graph to avoid this. If you have to use this function, make sure to reset the .grad fields of your parameters to None after use to break the cycle and avoid the leak. (Triggered internally at /home/coulombc/wheels_builder/tmp.2617/python-3.11/torch/torch/csrc/autograd/engine.cpp:1203.)
  return Variable._execution_engine.run_backward(  # Calls into the C++ engine to run the backward pass
Batch 100, Loss: 1.7350
Batch 200, Loss: 1.4130
Batch 300, Loss: 1.3113
Epoch 1 learning rate: 0.09999383162408304
Epoch 1 time: 245.80156636238098 seconds
Epoch 1 accuracy: 42.3%
Batch 100, Loss: 1.1778
Batch 200, Loss: 1.1406
Batch 300, Loss: 1.1059
Epoch 2 learning rate: 0.09997532801828658
Epoch 2 time: 236.66452264785767 seconds
Epoch 2 accuracy: 55.39%
Batch 100, Loss: 1.0231
Batch 200, Loss: 0.9889
Batch 300, Loss: 0.9336
Epoch 3 learning rate: 0.09994449374809851
Epoch 3 time: 236.34829306602478 seconds
Epoch 3 accuracy: 57.94%
Batch 100, Loss: 0.8919
Batch 200, Loss: 0.8492
Batch 300, Loss: 0.8453
Epoch 4 learning rate: 0.09990133642141359
Epoch 4 time: 236.41672539710999 seconds
Epoch 4 accuracy: 64.44%
Batch 100, Loss: 0.7997
Batch 200, Loss: 0.7806
Batch 300, Loss: 0.7589
Epoch 5 learning rate: 0.09984586668665642
Epoch 5 time: 236.29636073112488 seconds
Epoch 5 accuracy: 67.47%
Batch 100, Loss: 0.7296
Batch 200, Loss: 0.7203
Batch 300, Loss: 0.7043
Epoch 6 learning rate: 0.09977809823015402
Epoch 6 time: 236.13534665107727 seconds
Epoch 6 accuracy: 65.45%
Batch 100, Loss: 0.6649
Batch 200, Loss: 0.6416
Batch 300, Loss: 0.6291
Epoch 7 learning rate: 0.09969804777275901
Epoch 7 time: 236.18847131729126 seconds
Epoch 7 accuracy: 73.09%
Batch 100, Loss: 0.6036
Batch 200, Loss: 0.6051
Batch 300, Loss: 0.5829
Epoch 8 learning rate: 0.09960573506572391
Epoch 8 time: 236.3503999710083 seconds
Epoch 8 accuracy: 79.06%
Batch 100, Loss: 0.5651
Batch 200, Loss: 0.5599
Batch 300, Loss: 0.5531
Epoch 9 learning rate: 0.09950118288582789
Epoch 9 time: 236.3299856185913 seconds
Epoch 9 accuracy: 76.46%
Batch 100, Loss: 0.5434
Batch 200, Loss: 0.5587
Batch 300, Loss: 0.5405
Epoch 10 learning rate: 0.09938441702975691
Epoch 10 time: 236.17042207717896 seconds
Epoch 10 accuracy: 79.57%
Batch 100, Loss: 0.5231
Batch 200, Loss: 0.5330
Batch 300, Loss: 0.5184
Epoch 11 learning rate: 0.09925546630773871
Epoch 11 time: 236.0869402885437 seconds
Epoch 11 accuracy: 75.39%
Batch 100, Loss: 0.5013
Batch 200, Loss: 0.5011
Batch 300, Loss: 0.5162
Epoch 12 learning rate: 0.09911436253643445
Epoch 12 time: 236.06054091453552 seconds
Epoch 12 accuracy: 76.5%
Batch 100, Loss: 0.4988
Batch 200, Loss: 0.4797
Batch 300, Loss: 0.4851
Epoch 13 learning rate: 0.0989611405310883
Epoch 13 time: 236.1025242805481 seconds
Epoch 13 accuracy: 76.71%
Batch 100, Loss: 0.4825
Batch 200, Loss: 0.4784
Batch 300, Loss: 0.4802
Epoch 14 learning rate: 0.09879583809693739
Epoch 14 time: 236.2600269317627 seconds
Epoch 14 accuracy: 78.66%
Batch 100, Loss: 0.4692
Batch 200, Loss: 0.4650
Batch 300, Loss: 0.4699
Epoch 15 learning rate: 0.09861849601988384
Epoch 15 time: 236.46743965148926 seconds
Epoch 15 accuracy: 79.38%
Batch 100, Loss: 0.4531
Batch 200, Loss: 0.4668
Batch 300, Loss: 0.4659
Epoch 16 learning rate: 0.09842915805643157
Epoch 16 time: 236.31117987632751 seconds
Epoch 16 accuracy: 80.59%
Batch 100, Loss: 0.4469
Batch 200, Loss: 0.4495
Batch 300, Loss: 0.4396
Epoch 17 learning rate: 0.09822787092288993
Epoch 17 time: 236.34007239341736 seconds
Epoch 17 accuracy: 81.81%
Batch 100, Loss: 0.4450
Batch 200, Loss: 0.4442
Batch 300, Loss: 0.4361
Epoch 18 learning rate: 0.09801468428384717
Epoch 18 time: 236.23152995109558 seconds
Epoch 18 accuracy: 81.67%
Batch 100, Loss: 0.4255
Batch 200, Loss: 0.4415
Batch 300, Loss: 0.4306
Epoch 19 learning rate: 0.09778965073991652
Epoch 19 time: 236.14328908920288 seconds
Epoch 19 accuracy: 79.35%
Batch 100, Loss: 0.4286
Batch 200, Loss: 0.4402
Batch 300, Loss: 0.4337
Epoch 20 learning rate: 0.0975528258147577
Epoch 20 time: 236.19125866889954 seconds
Epoch 20 accuracy: 81.93%
Batch 100, Loss: 0.4266
Batch 200, Loss: 0.4412
Batch 300, Loss: 0.4245
Epoch 21 learning rate: 0.09730426794137728
Epoch 21 time: 236.0976848602295 seconds
Epoch 21 accuracy: 80.75%
Batch 100, Loss: 0.4216
Batch 200, Loss: 0.4272
Batch 300, Loss: 0.4285
Epoch 22 learning rate: 0.09704403844771128
Epoch 22 time: 236.28188586235046 seconds
Epoch 22 accuracy: 78.2%
Batch 100, Loss: 0.4127
Batch 200, Loss: 0.4193
Batch 300, Loss: 0.4089
Epoch 23 learning rate: 0.09677220154149338
Epoch 23 time: 236.20468044281006 seconds
Epoch 23 accuracy: 84.4%
Batch 100, Loss: 0.4060
Batch 200, Loss: 0.4120
Batch 300, Loss: 0.4066
Epoch 24 learning rate: 0.09648882429441258
Epoch 24 time: 236.31611013412476 seconds
Epoch 24 accuracy: 80.81%
Batch 100, Loss: 0.4082
Batch 200, Loss: 0.3940
Batch 300, Loss: 0.4190
Epoch 25 learning rate: 0.09619397662556435
Epoch 25 time: 236.10714745521545 seconds
Epoch 25 accuracy: 83.21%
Batch 100, Loss: 0.3960
Batch 200, Loss: 0.3872
Batch 300, Loss: 0.4057
Epoch 26 learning rate: 0.09588773128419906
Epoch 26 time: 236.10228967666626 seconds
Epoch 26 accuracy: 85.07%
Batch 100, Loss: 0.3943
Batch 200, Loss: 0.4037
Batch 300, Loss: 0.3923
Epoch 27 learning rate: 0.09557016383177226
Epoch 27 time: 236.22122502326965 seconds
Epoch 27 accuracy: 82.44%
Batch 100, Loss: 0.3953
Batch 200, Loss: 0.3978
Batch 300, Loss: 0.4057
Epoch 28 learning rate: 0.09524135262330098
Epoch 28 time: 236.27510237693787 seconds
Epoch 28 accuracy: 78.17%
Batch 100, Loss: 0.3957
Batch 200, Loss: 0.3847
Batch 300, Loss: 0.3965
Epoch 29 learning rate: 0.09490137878803079
Epoch 29 time: 236.43372559547424 seconds
Epoch 29 accuracy: 78.06%
Batch 100, Loss: 0.3920
Batch 200, Loss: 0.3856
Batch 300, Loss: 0.3926
Epoch 30 learning rate: 0.0945503262094184
Epoch 30 time: 236.19466972351074 seconds
Epoch 30 accuracy: 85.72%
Batch 100, Loss: 0.3808
Batch 200, Loss: 0.3883
Batch 300, Loss: 0.3940
Epoch 31 learning rate: 0.0941882815044347
Epoch 31 time: 236.26764678955078 seconds
Epoch 31 accuracy: 81.37%
Batch 100, Loss: 0.3907
Batch 200, Loss: 0.3793
Batch 300, Loss: 0.3858
Epoch 32 learning rate: 0.09381533400219319
Epoch 32 time: 236.2974820137024 seconds
Epoch 32 accuracy: 79.67%
Batch 100, Loss: 0.3672
Batch 200, Loss: 0.3790
Batch 300, Loss: 0.3800
Epoch 33 learning rate: 0.09343157572190958
Epoch 33 time: 236.20179390907288 seconds
Epoch 33 accuracy: 85.32%
Batch 100, Loss: 0.3667
Batch 200, Loss: 0.3813
Batch 300, Loss: 0.3885
Epoch 34 learning rate: 0.0930371013501972
Epoch 34 time: 236.2760672569275 seconds
Epoch 34 accuracy: 84.11%
Batch 100, Loss: 0.3666
Batch 200, Loss: 0.3802
Batch 300, Loss: 0.3842
Epoch 35 learning rate: 0.09263200821770463
Epoch 35 time: 236.0475263595581 seconds
Epoch 35 accuracy: 85.04%
Batch 100, Loss: 0.3721
Batch 200, Loss: 0.3625
Batch 300, Loss: 0.3725
Epoch 36 learning rate: 0.09221639627510078
Epoch 36 time: 236.18479180335999 seconds
Epoch 36 accuracy: 85.88%
Batch 100, Loss: 0.3835
Batch 200, Loss: 0.3710
Batch 300, Loss: 0.3758
Epoch 37 learning rate: 0.09179036806841355
Epoch 37 time: 236.17081594467163 seconds
Epoch 37 accuracy: 85.71%
Batch 100, Loss: 0.3714
Batch 200, Loss: 0.3655
Batch 300, Loss: 0.3599
Epoch 38 learning rate: 0.09135402871372812
Epoch 38 time: 236.0946443080902 seconds
Epoch 38 accuracy: 86.59%
Batch 100, Loss: 0.3706
Batch 200, Loss: 0.3607
Batch 300, Loss: 0.3734
Epoch 39 learning rate: 0.0909074858712512
Epoch 39 time: 236.31482243537903 seconds
Epoch 39 accuracy: 79.46%
Batch 100, Loss: 0.3699
Batch 200, Loss: 0.3758
Batch 300, Loss: 0.3721
Epoch 40 learning rate: 0.09045084971874741
Epoch 40 time: 236.27230501174927 seconds
Epoch 40 accuracy: 84.16%
Batch 100, Loss: 0.3521
Batch 200, Loss: 0.3647
Batch 300, Loss: 0.3610
Epoch 41 learning rate: 0.08998423292435458
Epoch 41 time: 236.2766661643982 seconds
Epoch 41 accuracy: 81.46%
Batch 100, Loss: 0.3703
Batch 200, Loss: 0.3561
Batch 300, Loss: 0.3603
Epoch 42 learning rate: 0.08950775061878455
Epoch 42 time: 236.34222960472107 seconds
Epoch 42 accuracy: 86.44%
Batch 100, Loss: 0.3592
Batch 200, Loss: 0.3609
Batch 300, Loss: 0.3580
Epoch 43 learning rate: 0.08902152036691653
Epoch 43 time: 236.2260160446167 seconds
Epoch 43 accuracy: 86.05%
Batch 100, Loss: 0.3568
Batch 200, Loss: 0.3702
Batch 300, Loss: 0.3518
Epoch 44 learning rate: 0.08852566213878951
Epoch 44 time: 236.25895953178406 seconds
Epoch 44 accuracy: 84.98%
Batch 100, Loss: 0.3501
Batch 200, Loss: 0.3522
Batch 300, Loss: 0.3607
Epoch 45 learning rate: 0.0880202982800016
Epoch 45 time: 236.08289885520935 seconds
Epoch 45 accuracy: 86.73%
Batch 100, Loss: 0.3245
Batch 200, Loss: 0.3609
Batch 300, Loss: 0.3564
Epoch 46 learning rate: 0.08750555348152303
Epoch 46 time: 236.19834733009338 seconds
Epoch 46 accuracy: 88.03%
Batch 100, Loss: 0.3576
Batch 200, Loss: 0.3514
Batch 300, Loss: 0.3671
Epoch 47 learning rate: 0.08698155474893052
Epoch 47 time: 236.23738288879395 seconds
Epoch 47 accuracy: 87.07%
Batch 100, Loss: 0.3473
Batch 200, Loss: 0.3555
Batch 300, Loss: 0.3699
Epoch 48 learning rate: 0.08644843137107061
Epoch 48 time: 236.259131193161 seconds
Epoch 48 accuracy: 86.75%
Batch 100, Loss: 0.3410
Batch 200, Loss: 0.3506
Batch 300, Loss: 0.3500
Epoch 49 learning rate: 0.08590631488815947
Epoch 49 time: 236.3299479484558 seconds
Epoch 49 accuracy: 85.43%
Batch 100, Loss: 0.3457
Batch 200, Loss: 0.3562
Batch 300, Loss: 0.3534
Epoch 50 learning rate: 0.0853553390593274
Epoch 50 time: 236.25152945518494 seconds
Epoch 50 accuracy: 85.79%
Batch 100, Loss: 0.3489
Batch 200, Loss: 0.3397
Batch 300, Loss: 0.3497
Epoch 51 learning rate: 0.08479563982961574
Epoch 51 time: 236.28154730796814 seconds
Epoch 51 accuracy: 84.81%
Batch 100, Loss: 0.3324
Batch 200, Loss: 0.3543
Batch 300, Loss: 0.3443
Epoch 52 learning rate: 0.08422735529643446
Epoch 52 time: 236.3100242614746 seconds
Epoch 52 accuracy: 85.45%
Batch 100, Loss: 0.3395
Batch 200, Loss: 0.3525
Batch 300, Loss: 0.3431
Epoch 53 learning rate: 0.08365062567548869
Epoch 53 time: 236.36631608009338 seconds
Epoch 53 accuracy: 86.59%
Batch 100, Loss: 0.3291
Batch 200, Loss: 0.3504
Batch 300, Loss: 0.3467
Epoch 54 learning rate: 0.08306559326618261
Epoch 54 time: 236.31725668907166 seconds
Epoch 54 accuracy: 85.23%
Batch 100, Loss: 0.3295
Batch 200, Loss: 0.3420
Batch 300, Loss: 0.3462
Epoch 55 learning rate: 0.0824724024165092
Epoch 55 time: 236.31927633285522 seconds
Epoch 55 accuracy: 84.6%
Batch 100, Loss: 0.3304
Batch 200, Loss: 0.3349
Batch 300, Loss: 0.3309
Epoch 56 learning rate: 0.0818711994874345
Epoch 56 time: 236.05377459526062 seconds
Epoch 56 accuracy: 86.12%
Batch 100, Loss: 0.3383
Batch 200, Loss: 0.3349
Batch 300, Loss: 0.3367
Epoch 57 learning rate: 0.08126213281678528
Epoch 57 time: 236.04623293876648 seconds
Epoch 57 accuracy: 83.19%
Batch 100, Loss: 0.3332
Batch 200, Loss: 0.3302
Batch 300, Loss: 0.3343
Epoch 58 learning rate: 0.08064535268264884
Epoch 58 time: 235.98204970359802 seconds
Epoch 58 accuracy: 87.14%
Batch 100, Loss: 0.3219
Batch 200, Loss: 0.3314
Batch 300, Loss: 0.3286
Epoch 59 learning rate: 0.08002101126629421
Epoch 59 time: 236.20751905441284 seconds
Epoch 59 accuracy: 86.58%
Batch 100, Loss: 0.3297
Batch 200, Loss: 0.3254
Batch 300, Loss: 0.3431
Epoch 60 learning rate: 0.07938926261462367
Epoch 60 time: 236.1222541332245 seconds
Epoch 60 accuracy: 85.96%
Batch 100, Loss: 0.3265
Batch 200, Loss: 0.3386
Batch 300, Loss: 0.3308
Epoch 61 learning rate: 0.07875026260216395
Epoch 61 time: 236.24506664276123 seconds
Epoch 61 accuracy: 88.18%
Batch 100, Loss: 0.3158
Batch 200, Loss: 0.3303
Batch 300, Loss: 0.3320
Epoch 62 learning rate: 0.07810416889260656
Epoch 62 time: 236.2038550376892 seconds
Epoch 62 accuracy: 86.41%
Batch 100, Loss: 0.3239
Batch 200, Loss: 0.3262
Batch 300, Loss: 0.3347
Epoch 63 learning rate: 0.07745114089990661
Epoch 63 time: 236.19015407562256 seconds
Epoch 63 accuracy: 88.08%
Batch 100, Loss: 0.3098
Batch 200, Loss: 0.3276
Batch 300, Loss: 0.3308
Epoch 64 learning rate: 0.07679133974894985
Epoch 64 time: 236.1381595134735 seconds
Epoch 64 accuracy: 87.0%
Batch 100, Loss: 0.3253
Batch 200, Loss: 0.3178
Batch 300, Loss: 0.3195
Epoch 65 learning rate: 0.07612492823579746
Epoch 65 time: 236.45700192451477 seconds
Epoch 65 accuracy: 88.05%
Batch 100, Loss: 0.3231
Batch 200, Loss: 0.3261
Batch 300, Loss: 0.3157
Epoch 66 learning rate: 0.07545207078751859
Epoch 66 time: 236.16326665878296 seconds
Epoch 66 accuracy: 87.57%
Batch 100, Loss: 0.3059
Batch 200, Loss: 0.3212
Batch 300, Loss: 0.3187
Epoch 67 learning rate: 0.0747729334216204
Epoch 67 time: 236.15066504478455 seconds
Epoch 67 accuracy: 88.01%
Batch 100, Loss: 0.3053
Batch 200, Loss: 0.3220
Batch 300, Loss: 0.3379
Epoch 68 learning rate: 0.07408768370508578
Epoch 68 time: 236.2312822341919 seconds
Epoch 68 accuracy: 88.09%
Batch 100, Loss: 0.3095
Batch 200, Loss: 0.3148
Batch 300, Loss: 0.3175
Epoch 69 learning rate: 0.0733964907130287
Epoch 69 time: 236.08747720718384 seconds
Epoch 69 accuracy: 86.99%
Batch 100, Loss: 0.3005
Batch 200, Loss: 0.3115
Batch 300, Loss: 0.3095
Epoch 70 learning rate: 0.07269952498697736
Epoch 70 time: 236.04152274131775 seconds
Epoch 70 accuracy: 89.43%
Batch 100, Loss: 0.3058
Batch 200, Loss: 0.3150
Batch 300, Loss: 0.3146
Epoch 71 learning rate: 0.07199695849279578
Epoch 71 time: 236.06716227531433 seconds
Epoch 71 accuracy: 84.76%
Batch 100, Loss: 0.3058
Batch 200, Loss: 0.3061
Batch 300, Loss: 0.3137
Epoch 72 learning rate: 0.07128896457825366
Epoch 72 time: 236.28063416481018 seconds
Epoch 72 accuracy: 85.48%
Batch 100, Loss: 0.2992
Batch 200, Loss: 0.3116
Batch 300, Loss: 0.3102
Epoch 73 learning rate: 0.07057571793025548
Epoch 73 time: 236.07929182052612 seconds
Epoch 73 accuracy: 86.06%
Batch 100, Loss: 0.3014
Batch 200, Loss: 0.3070
Batch 300, Loss: 0.3052
Epoch 74 learning rate: 0.06985739453173906
Epoch 74 time: 236.22987914085388 seconds
Epoch 74 accuracy: 87.37%
Batch 100, Loss: 0.3071
Batch 200, Loss: 0.2991
Batch 300, Loss: 0.3012
Epoch 75 learning rate: 0.06913417161825453
Epoch 75 time: 236.18819117546082 seconds
Epoch 75 accuracy: 89.18%
Batch 100, Loss: 0.2831
Batch 200, Loss: 0.3039
Batch 300, Loss: 0.3120
Epoch 76 learning rate: 0.06840622763423394
Epoch 76 time: 236.20886754989624 seconds
Epoch 76 accuracy: 86.71%
Batch 100, Loss: 0.2892
Batch 200, Loss: 0.2948
Batch 300, Loss: 0.3095
Epoch 77 learning rate: 0.0676737421889629
Epoch 77 time: 236.14659214019775 seconds
Epoch 77 accuracy: 85.66%
Batch 100, Loss: 0.2865
Batch 200, Loss: 0.3118
Batch 300, Loss: 0.2955
Epoch 78 learning rate: 0.06693689601226462
Epoch 78 time: 236.3573615550995 seconds
Epoch 78 accuracy: 88.71%
Batch 100, Loss: 0.2959
Batch 200, Loss: 0.2978
Batch 300, Loss: 0.2987
Epoch 79 learning rate: 0.06619587090990751
Epoch 79 time: 236.12526059150696 seconds
Epoch 79 accuracy: 83.97%
Batch 100, Loss: 0.2963
Batch 200, Loss: 0.3004
Batch 300, Loss: 0.3063
Epoch 80 learning rate: 0.06545084971874741
Epoch 80 time: 236.3116819858551 seconds
Epoch 80 accuracy: 86.25%
Batch 100, Loss: 0.2845
Batch 200, Loss: 0.2923
Batch 300, Loss: 0.3001
Epoch 81 learning rate: 0.06470201626161524
Epoch 81 time: 236.19102478027344 seconds
Epoch 81 accuracy: 87.63%
Batch 100, Loss: 0.2941
Batch 200, Loss: 0.2956
Batch 300, Loss: 0.2886
Epoch 82 learning rate: 0.06394955530196152
Epoch 82 time: 236.11614990234375 seconds
Epoch 82 accuracy: 89.03%
Batch 100, Loss: 0.2881
Batch 200, Loss: 0.2887
Batch 300, Loss: 0.2963
Epoch 83 learning rate: 0.06319365249826868
Epoch 83 time: 236.35457944869995 seconds
Epoch 83 accuracy: 90.08%
Batch 100, Loss: 0.2696
Batch 200, Loss: 0.2880
Batch 300, Loss: 0.2853
Epoch 84 learning rate: 0.06243449435824277
Epoch 84 time: 236.33901023864746 seconds
Epoch 84 accuracy: 88.67%
Batch 100, Loss: 0.2761
Batch 200, Loss: 0.2811
Batch 300, Loss: 0.2896
Epoch 85 learning rate: 0.06167226819279532
Epoch 85 time: 236.22420406341553 seconds
Epoch 85 accuracy: 88.78%
Batch 100, Loss: 0.2746
Batch 200, Loss: 0.2790
Batch 300, Loss: 0.2977
Epoch 86 learning rate: 0.06090716206982718
Epoch 86 time: 236.30834221839905 seconds
Epoch 86 accuracy: 86.42%
Batch 100, Loss: 0.2772
Batch 200, Loss: 0.2810
Batch 300, Loss: 0.2785
Epoch 87 learning rate: 0.06013936476782568
Epoch 87 time: 236.27392721176147 seconds
Epoch 87 accuracy: 90.06%
Batch 100, Loss: 0.2732
Batch 200, Loss: 0.2804
Batch 300, Loss: 0.2869
Epoch 88 learning rate: 0.05936906572928629
Epoch 88 time: 236.1551034450531 seconds
Epoch 88 accuracy: 88.76%
Batch 100, Loss: 0.2638
Batch 200, Loss: 0.2829
Batch 300, Loss: 0.2826
Epoch 89 learning rate: 0.05859645501397052
Epoch 89 time: 236.1357400417328 seconds
Epoch 89 accuracy: 88.56%
Batch 100, Loss: 0.2714
Batch 200, Loss: 0.2807
Batch 300, Loss: 0.2771
Epoch 90 learning rate: 0.05782172325201159
Epoch 90 time: 236.1422097682953 seconds
Epoch 90 accuracy: 88.57%
Batch 100, Loss: 0.2808
Batch 200, Loss: 0.2717
Batch 300, Loss: 0.2650
Epoch 91 learning rate: 0.057045061596879186
Epoch 91 time: 236.30439519882202 seconds
Epoch 91 accuracy: 88.22%
Batch 100, Loss: 0.2673
Batch 200, Loss: 0.2751
Batch 300, Loss: 0.2728
Epoch 92 learning rate: 0.056266661678215264
Epoch 92 time: 236.13396000862122 seconds
Epoch 92 accuracy: 88.81%
Batch 100, Loss: 0.2632
Batch 200, Loss: 0.2648
Batch 300, Loss: 0.2742
Epoch 93 learning rate: 0.055486715554552306
Epoch 93 time: 236.27998733520508 seconds
Epoch 93 accuracy: 88.14%
Batch 100, Loss: 0.2747
Batch 200, Loss: 0.2621
Batch 300, Loss: 0.2729
Epoch 94 learning rate: 0.05470541566592575
Epoch 94 time: 236.07610034942627 seconds
Epoch 94 accuracy: 90.28%
Batch 100, Loss: 0.2641
Batch 200, Loss: 0.2599
Batch 300, Loss: 0.2736
Epoch 95 learning rate: 0.05392295478639229
Epoch 95 time: 236.25568866729736 seconds
Epoch 95 accuracy: 90.72%
Batch 100, Loss: 0.2581
Batch 200, Loss: 0.2703
Batch 300, Loss: 0.2667
Epoch 96 learning rate: 0.05313952597646571
Epoch 96 time: 236.34903645515442 seconds
Epoch 96 accuracy: 87.45%
Batch 100, Loss: 0.2614
Batch 200, Loss: 0.2542
Batch 300, Loss: 0.2643
Epoch 97 learning rate: 0.05235532253548216
Epoch 97 time: 236.37538957595825 seconds
Epoch 97 accuracy: 90.19%
Batch 100, Loss: 0.2586
Batch 200, Loss: 0.2637
Batch 300, Loss: 0.2733
Epoch 98 learning rate: 0.051570537953906447
Epoch 98 time: 236.07985186576843 seconds
Epoch 98 accuracy: 90.57%
Batch 100, Loss: 0.2605
Batch 200, Loss: 0.2563
Batch 300, Loss: 0.2607
Epoch 99 learning rate: 0.05078536586559106
Epoch 99 time: 236.1052212715149 seconds
Epoch 99 accuracy: 88.69%
Batch 100, Loss: 0.2554
Batch 200, Loss: 0.2526
Batch 300, Loss: 0.2561
Epoch 100 learning rate: 0.050000000000000024
Epoch 100 time: 236.12222576141357 seconds
Epoch 100 accuracy: 88.56%
Batch 100, Loss: 0.2482
Batch 200, Loss: 0.2497
Batch 300, Loss: 0.2560
Epoch 101 learning rate: 0.049214634134409
Epoch 101 time: 236.1424367427826 seconds
Epoch 101 accuracy: 89.08%
Batch 100, Loss: 0.2468
Batch 200, Loss: 0.2539
Batch 300, Loss: 0.2542
Epoch 102 learning rate: 0.04842946204609361
Epoch 102 time: 236.04321432113647 seconds
Epoch 102 accuracy: 86.21%
Batch 100, Loss: 0.2476
Batch 200, Loss: 0.2549
Batch 300, Loss: 0.2570
Epoch 103 learning rate: 0.04764467746451789
Epoch 103 time: 236.17219972610474 seconds
Epoch 103 accuracy: 87.5%
Batch 100, Loss: 0.2345
Batch 200, Loss: 0.2475
Batch 300, Loss: 0.2544
Epoch 104 learning rate: 0.046860474023534354
Epoch 104 time: 236.16120076179504 seconds
Epoch 104 accuracy: 90.57%
Batch 100, Loss: 0.2332
Batch 200, Loss: 0.2442
Batch 300, Loss: 0.2517
Epoch 105 learning rate: 0.04607704521360778
Epoch 105 time: 236.09514451026917 seconds
Epoch 105 accuracy: 91.62%
Batch 100, Loss: 0.2439
Batch 200, Loss: 0.2396
Batch 300, Loss: 0.2468
Epoch 106 learning rate: 0.04529458433407431
Epoch 106 time: 236.27828311920166 seconds
Epoch 106 accuracy: 90.28%
Batch 100, Loss: 0.2316
Batch 200, Loss: 0.2407
Batch 300, Loss: 0.2456
Epoch 107 learning rate: 0.04451328444544776
Epoch 107 time: 236.17251706123352 seconds
Epoch 107 accuracy: 90.79%
Batch 100, Loss: 0.2307
Batch 200, Loss: 0.2406
Batch 300, Loss: 0.2376
Epoch 108 learning rate: 0.04373333832178482
Epoch 108 time: 236.18680620193481 seconds
Epoch 108 accuracy: 90.97%
Batch 100, Loss: 0.2362
Batch 200, Loss: 0.2282
Batch 300, Loss: 0.2376
Epoch 109 learning rate: 0.0429549384031209
Epoch 109 time: 236.0982632637024 seconds
Epoch 109 accuracy: 90.36%
Batch 100, Loss: 0.2302
Batch 200, Loss: 0.2273
Batch 300, Loss: 0.2311
Epoch 110 learning rate: 0.042178276747988484
Epoch 110 time: 236.14256381988525 seconds
Epoch 110 accuracy: 90.87%
Batch 100, Loss: 0.2283
Batch 200, Loss: 0.2419
Batch 300, Loss: 0.2374
Epoch 111 learning rate: 0.04140354498602954
Epoch 111 time: 236.0119273662567 seconds
Epoch 111 accuracy: 91.38%
Batch 100, Loss: 0.2309
Batch 200, Loss: 0.2268
Batch 300, Loss: 0.2339
Epoch 112 learning rate: 0.0406309342707138
Epoch 112 time: 236.31669187545776 seconds
Epoch 112 accuracy: 91.61%
Batch 100, Loss: 0.2207
Batch 200, Loss: 0.2239
Batch 300, Loss: 0.2306
Epoch 113 learning rate: 0.03986063523217441
Epoch 113 time: 236.31783437728882 seconds
Epoch 113 accuracy: 90.11%
Batch 100, Loss: 0.2232
Batch 200, Loss: 0.2140
Batch 300, Loss: 0.2164
Epoch 114 learning rate: 0.039092837930172916
Epoch 114 time: 236.4482946395874 seconds
Epoch 114 accuracy: 91.1%
Batch 100, Loss: 0.2107
Batch 200, Loss: 0.2207
Batch 300, Loss: 0.2256
Epoch 115 learning rate: 0.03832773180720475
Epoch 115 time: 236.35278177261353 seconds
Epoch 115 accuracy: 91.51%
Batch 100, Loss: 0.2159
Batch 200, Loss: 0.2227
Batch 300, Loss: 0.2219
Epoch 116 learning rate: 0.037565505641757285
Epoch 116 time: 236.48565888404846 seconds
Epoch 116 accuracy: 91.5%
Batch 100, Loss: 0.2110
Batch 200, Loss: 0.2240
Batch 300, Loss: 0.2192
Epoch 117 learning rate: 0.03680634750173138
Epoch 117 time: 236.36218237876892 seconds
Epoch 117 accuracy: 91.89%
Batch 100, Loss: 0.2109
Batch 200, Loss: 0.2071
Batch 300, Loss: 0.2181
Epoch 118 learning rate: 0.036050444698038565
Epoch 118 time: 236.40708684921265 seconds
Epoch 118 accuracy: 90.38%
Batch 100, Loss: 0.2099
Batch 200, Loss: 0.2107
Batch 300, Loss: 0.2138
Epoch 119 learning rate: 0.03529798373838483
Epoch 119 time: 236.5361967086792 seconds
Epoch 119 accuracy: 91.69%
Batch 100, Loss: 0.2055
Batch 200, Loss: 0.2077
Batch 300, Loss: 0.2093
Epoch 120 learning rate: 0.03454915028125267
Epoch 120 time: 236.26073813438416 seconds
Epoch 120 accuracy: 91.74%
Batch 100, Loss: 0.2050
Batch 200, Loss: 0.2052
Batch 300, Loss: 0.2179
Epoch 121 learning rate: 0.03380412909009255
Epoch 121 time: 236.18682980537415 seconds
Epoch 121 accuracy: 92.08%
Batch 100, Loss: 0.1965
Batch 200, Loss: 0.2043
Batch 300, Loss: 0.2127
Epoch 122 learning rate: 0.03306310398773545
Epoch 122 time: 236.50865483283997 seconds
Epoch 122 accuracy: 92.22%
Batch 100, Loss: 0.1898
Batch 200, Loss: 0.2036
Batch 300, Loss: 0.2060
Epoch 123 learning rate: 0.03232625781103717
Epoch 123 time: 236.34821605682373 seconds
Epoch 123 accuracy: 92.54%
Batch 100, Loss: 0.1997
Batch 200, Loss: 0.1987
Batch 300, Loss: 0.1912
Epoch 124 learning rate: 0.03159377236576613
Epoch 124 time: 236.35323309898376 seconds
Epoch 124 accuracy: 91.08%
Batch 100, Loss: 0.1975
Batch 200, Loss: 0.1924
Batch 300, Loss: 0.2049
Epoch 125 learning rate: 0.030865828381745543
Epoch 125 time: 236.37026572227478 seconds
Epoch 125 accuracy: 92.24%
Batch 100, Loss: 0.1813
Batch 200, Loss: 0.1867
Batch 300, Loss: 0.2021
Epoch 126 learning rate: 0.03014260546826098
Epoch 126 time: 236.10085558891296 seconds
Epoch 126 accuracy: 91.16%
Batch 100, Loss: 0.1884
Batch 200, Loss: 0.1915
Batch 300, Loss: 0.1867
Epoch 127 learning rate: 0.02942428206974458
Epoch 127 time: 236.36124277114868 seconds
Epoch 127 accuracy: 90.99%
Batch 100, Loss: 0.1771
Batch 200, Loss: 0.1847
Batch 300, Loss: 0.1884
Epoch 128 learning rate: 0.028711035421746387
Epoch 128 time: 236.22871470451355 seconds
Epoch 128 accuracy: 92.4%
Batch 100, Loss: 0.1804
Batch 200, Loss: 0.1782
Batch 300, Loss: 0.1917
Epoch 129 learning rate: 0.02800304150720426
Epoch 129 time: 236.631493806839 seconds
Epoch 129 accuracy: 91.39%
Batch 100, Loss: 0.1835
Batch 200, Loss: 0.1804
Batch 300, Loss: 0.1899
Epoch 130 learning rate: 0.02730047501302268
Epoch 130 time: 236.18314051628113 seconds
Epoch 130 accuracy: 93.1%
Batch 100, Loss: 0.1764
Batch 200, Loss: 0.1855
Batch 300, Loss: 0.1799
Epoch 131 learning rate: 0.026603509286971357
Epoch 131 time: 236.26977634429932 seconds
Epoch 131 accuracy: 92.55%
Batch 100, Loss: 0.1663
Batch 200, Loss: 0.1714
Batch 300, Loss: 0.1839
Epoch 132 learning rate: 0.025912316294914244
Epoch 132 time: 236.5531234741211 seconds
Epoch 132 accuracy: 92.62%
Batch 100, Loss: 0.1641
Batch 200, Loss: 0.1746
Batch 300, Loss: 0.1783
Epoch 133 learning rate: 0.025227066578379632
Epoch 133 time: 236.11402225494385 seconds
Epoch 133 accuracy: 92.19%
Batch 100, Loss: 0.1660
Batch 200, Loss: 0.1671
Batch 300, Loss: 0.1738
Epoch 134 learning rate: 0.024547929212481445
Epoch 134 time: 236.1604459285736 seconds
Epoch 134 accuracy: 91.92%
Batch 100, Loss: 0.1629
Batch 200, Loss: 0.1712
Batch 300, Loss: 0.1706
Epoch 135 learning rate: 0.02387507176420257
Epoch 135 time: 236.33452820777893 seconds
Epoch 135 accuracy: 92.98%
Batch 100, Loss: 0.1607
Batch 200, Loss: 0.1610
Batch 300, Loss: 0.1709
Epoch 136 learning rate: 0.023208660251050166
Epoch 136 time: 236.3994140625 seconds
Epoch 136 accuracy: 92.31%
Batch 100, Loss: 0.1566
Batch 200, Loss: 0.1649
Batch 300, Loss: 0.1633
Epoch 137 learning rate: 0.022548859100093414
Epoch 137 time: 236.19545483589172 seconds
Epoch 137 accuracy: 93.08%
Batch 100, Loss: 0.1562
Batch 200, Loss: 0.1591
Batch 300, Loss: 0.1661
Epoch 138 learning rate: 0.021895831107393474
Epoch 138 time: 236.3907027244568 seconds
Epoch 138 accuracy: 93.24%
Batch 100, Loss: 0.1516
Batch 200, Loss: 0.1642
Batch 300, Loss: 0.1565
Epoch 139 learning rate: 0.02124973739783608
Epoch 139 time: 236.25676608085632 seconds
Epoch 139 accuracy: 92.74%
Batch 100, Loss: 0.1530
Batch 200, Loss: 0.1463
Batch 300, Loss: 0.1577
Epoch 140 learning rate: 0.02061073738537636
Epoch 140 time: 236.17994475364685 seconds
Epoch 140 accuracy: 93.2%
Batch 100, Loss: 0.1388
Batch 200, Loss: 0.1587
Batch 300, Loss: 0.1558
Epoch 141 learning rate: 0.019978988733705814
Epoch 141 time: 236.43485736846924 seconds
Epoch 141 accuracy: 93.79%
Batch 100, Loss: 0.1486
Batch 200, Loss: 0.1502
Batch 300, Loss: 0.1467
Epoch 142 learning rate: 0.01935464731735118
Epoch 142 time: 236.57839679718018 seconds
Epoch 142 accuracy: 93.68%
Batch 100, Loss: 0.1363
Batch 200, Loss: 0.1427
Batch 300, Loss: 0.1496
Epoch 143 learning rate: 0.018737867183214747
Epoch 143 time: 236.4585452079773 seconds
Epoch 143 accuracy: 93.68%
Batch 100, Loss: 0.1371
Batch 200, Loss: 0.1441
Batch 300, Loss: 0.1455
Epoch 144 learning rate: 0.01812880051256552
Epoch 144 time: 236.3810477256775 seconds
Epoch 144 accuracy: 93.59%
Batch 100, Loss: 0.1353
Batch 200, Loss: 0.1373
Batch 300, Loss: 0.1455
Epoch 145 learning rate: 0.017527597583490827
Epoch 145 time: 236.1953158378601 seconds
Epoch 145 accuracy: 94.03%
Batch 100, Loss: 0.1252
Batch 200, Loss: 0.1397
Batch 300, Loss: 0.1422
Epoch 146 learning rate: 0.01693440673381742
Epoch 146 time: 236.28323459625244 seconds
Epoch 146 accuracy: 93.21%
Batch 100, Loss: 0.1294
Batch 200, Loss: 0.1314
Batch 300, Loss: 0.1311
Epoch 147 learning rate: 0.016349374324511334
Epoch 147 time: 236.62667989730835 seconds
Epoch 147 accuracy: 93.79%
Batch 100, Loss: 0.1248
Batch 200, Loss: 0.1307
Batch 300, Loss: 0.1283
Epoch 148 learning rate: 0.01577264470356557
Epoch 148 time: 236.30973482131958 seconds
Epoch 148 accuracy: 94.09%
Batch 100, Loss: 0.1312
Batch 200, Loss: 0.1227
Batch 300, Loss: 0.1365
Epoch 149 learning rate: 0.01520436017038429
Epoch 149 time: 236.35387992858887 seconds
Epoch 149 accuracy: 94.02%
Batch 100, Loss: 0.1162
Batch 200, Loss: 0.1294
Batch 300, Loss: 0.1329
Epoch 150 learning rate: 0.014644660940672632
Epoch 150 time: 236.13482403755188 seconds
Epoch 150 accuracy: 93.22%
Batch 100, Loss: 0.1190
Batch 200, Loss: 0.1170
Batch 300, Loss: 0.1268
Epoch 151 learning rate: 0.01409368511184057
Epoch 151 time: 236.29781794548035 seconds
Epoch 151 accuracy: 92.57%
Batch 100, Loss: 0.1107
Batch 200, Loss: 0.1177
Batch 300, Loss: 0.1270
Epoch 152 learning rate: 0.013551568628929438
Epoch 152 time: 236.3691759109497 seconds
Epoch 152 accuracy: 93.86%
Batch 100, Loss: 0.1147
Batch 200, Loss: 0.1097
Batch 300, Loss: 0.1232
Epoch 153 learning rate: 0.013018445251069516
Epoch 153 time: 236.34759187698364 seconds
Epoch 153 accuracy: 93.92%
Batch 100, Loss: 0.1108
Batch 200, Loss: 0.1090
Batch 300, Loss: 0.1158
Epoch 154 learning rate: 0.012494446518477026
Epoch 154 time: 236.4358570575714 seconds
Epoch 154 accuracy: 94.33%
Batch 100, Loss: 0.1113
Batch 200, Loss: 0.1092
Batch 300, Loss: 0.1101
Epoch 155 learning rate: 0.011979701719998459
Epoch 155 time: 236.16784238815308 seconds
Epoch 155 accuracy: 94.2%
Batch 100, Loss: 0.1031
Batch 200, Loss: 0.1058
Batch 300, Loss: 0.1038
Epoch 156 learning rate: 0.011474337861210548
Epoch 156 time: 236.2000436782837 seconds
Epoch 156 accuracy: 94.08%
Batch 100, Loss: 0.1062
Batch 200, Loss: 0.1061
Batch 300, Loss: 0.1087
Epoch 157 learning rate: 0.010978479633083526
Epoch 157 time: 236.33984446525574 seconds
Epoch 157 accuracy: 94.61%
Batch 100, Loss: 0.0984
Batch 200, Loss: 0.0986
Batch 300, Loss: 0.1015
Epoch 158 learning rate: 0.010492249381215483
Epoch 158 time: 236.34094619750977 seconds
Epoch 158 accuracy: 94.43%
Batch 100, Loss: 0.0947
Batch 200, Loss: 0.0982
Batch 300, Loss: 0.0963
Epoch 159 learning rate: 0.010015767075645474
Epoch 159 time: 236.4262444972992 seconds
Epoch 159 accuracy: 94.59%
Batch 100, Loss: 0.0883
Batch 200, Loss: 0.0953
Batch 300, Loss: 0.0968
Epoch 160 learning rate: 0.009549150281252637
Epoch 160 time: 236.42025756835938 seconds
Epoch 160 accuracy: 94.47%
Batch 100, Loss: 0.0919
Batch 200, Loss: 0.0878
Batch 300, Loss: 0.0949
Epoch 161 learning rate: 0.00909251412874884
Epoch 161 time: 236.44390416145325 seconds
Epoch 161 accuracy: 95.13%
Batch 100, Loss: 0.0917
Batch 200, Loss: 0.0876
Batch 300, Loss: 0.0864
Epoch 162 learning rate: 0.008645971286271918
Epoch 162 time: 236.5174298286438 seconds
Epoch 162 accuracy: 95.27%
Batch 100, Loss: 0.0852
Batch 200, Loss: 0.0890
Batch 300, Loss: 0.0864
Epoch 163 learning rate: 0.008209631931586501
Epoch 163 time: 236.22617554664612 seconds
Epoch 163 accuracy: 94.99%
Batch 100, Loss: 0.0807
Batch 200, Loss: 0.0815
Batch 300, Loss: 0.0827
Epoch 164 learning rate: 0.0077836037248992605
Epoch 164 time: 236.39799690246582 seconds
Epoch 164 accuracy: 94.96%
Batch 100, Loss: 0.0814
Batch 200, Loss: 0.0754
Batch 300, Loss: 0.0793
Epoch 165 learning rate: 0.0073679917822954055
Epoch 165 time: 236.41481614112854 seconds
Epoch 165 accuracy: 94.9%
Batch 100, Loss: 0.0762
Batch 200, Loss: 0.0845
Batch 300, Loss: 0.0769
Epoch 166 learning rate: 0.006962898649802815
Epoch 166 time: 236.20732140541077 seconds
Epoch 166 accuracy: 94.92%
Batch 100, Loss: 0.0739
Batch 200, Loss: 0.0733
Batch 300, Loss: 0.0772
Epoch 167 learning rate: 0.006568424278090438
Epoch 167 time: 236.3781623840332 seconds
Epoch 167 accuracy: 95.1%
Batch 100, Loss: 0.0709
Batch 200, Loss: 0.0732
Batch 300, Loss: 0.0724
Epoch 168 learning rate: 0.006184665997806824
Epoch 168 time: 236.417804479599 seconds
Epoch 168 accuracy: 95.11%
Batch 100, Loss: 0.0644
Batch 200, Loss: 0.0679
Batch 300, Loss: 0.0649
Epoch 169 learning rate: 0.00581171849556533
Epoch 169 time: 236.24435114860535 seconds
Epoch 169 accuracy: 95.75%
Batch 100, Loss: 0.0621
Batch 200, Loss: 0.0709
Batch 300, Loss: 0.0699
Epoch 170 learning rate: 0.0054496737905816136
Epoch 170 time: 236.1912236213684 seconds
Epoch 170 accuracy: 95.61%
Batch 100, Loss: 0.0644
Batch 200, Loss: 0.0610
Batch 300, Loss: 0.0686
Epoch 171 learning rate: 0.005098621211969226
Epoch 171 time: 236.2141182422638 seconds
Epoch 171 accuracy: 95.61%
Batch 100, Loss: 0.0560
Batch 200, Loss: 0.0640
Batch 300, Loss: 0.0623
Epoch 172 learning rate: 0.004758647376699035
Epoch 172 time: 236.25578427314758 seconds
Epoch 172 accuracy: 95.78%
Batch 100, Loss: 0.0564
Batch 200, Loss: 0.0560
Batch 300, Loss: 0.0614
Epoch 173 learning rate: 0.00442983616822775
Epoch 173 time: 236.13230848312378 seconds
Epoch 173 accuracy: 95.95%
Batch 100, Loss: 0.0591
Batch 200, Loss: 0.0598
Batch 300, Loss: 0.0554
Epoch 174 learning rate: 0.004112268715800957
Epoch 174 time: 236.56874227523804 seconds
Epoch 174 accuracy: 95.77%
Batch 100, Loss: 0.0553
Batch 200, Loss: 0.0551
Batch 300, Loss: 0.0553
Epoch 175 learning rate: 0.003806023374435677
Epoch 175 time: 236.30302047729492 seconds
Epoch 175 accuracy: 95.73%
Batch 100, Loss: 0.0558
Batch 200, Loss: 0.0533
Batch 300, Loss: 0.0554
Epoch 176 learning rate: 0.003511175705587435
Epoch 176 time: 236.27675342559814 seconds
Epoch 176 accuracy: 95.7%
Batch 100, Loss: 0.0510
Batch 200, Loss: 0.0521
Batch 300, Loss: 0.0482
Epoch 177 learning rate: 0.0032277984585066333
Epoch 177 time: 236.10009288787842 seconds
Epoch 177 accuracy: 95.91%
Batch 100, Loss: 0.0513
Batch 200, Loss: 0.0503
Batch 300, Loss: 0.0529
Epoch 178 learning rate: 0.002955961552288729
Epoch 178 time: 236.0862956047058 seconds
Epoch 178 accuracy: 95.73%
Batch 100, Loss: 0.0444
Batch 200, Loss: 0.0503
Batch 300, Loss: 0.0494
Epoch 179 learning rate: 0.0026957320586227366
Epoch 179 time: 236.59126448631287 seconds
Epoch 179 accuracy: 96.11%
Batch 100, Loss: 0.0460
Batch 200, Loss: 0.0460
Batch 300, Loss: 0.0513
Epoch 180 learning rate: 0.002447174185242325
Epoch 180 time: 236.48122787475586 seconds
Epoch 180 accuracy: 96.1%
Batch 100, Loss: 0.0409
Batch 200, Loss: 0.0473
Batch 300, Loss: 0.0471
Epoch 181 learning rate: 0.0022103492600834954
Epoch 181 time: 236.34223008155823 seconds
Epoch 181 accuracy: 96.21%
Batch 100, Loss: 0.0487
Batch 200, Loss: 0.0452
Batch 300, Loss: 0.0425
Epoch 182 learning rate: 0.0019853157161528537
Epoch 182 time: 236.44072103500366 seconds
Epoch 182 accuracy: 95.97%
Batch 100, Loss: 0.0427
Batch 200, Loss: 0.0447
Batch 300, Loss: 0.0435
Epoch 183 learning rate: 0.001772129077110103
Epoch 183 time: 236.61482453346252 seconds
Epoch 183 accuracy: 96.03%
Batch 100, Loss: 0.0412
Batch 200, Loss: 0.0427
Batch 300, Loss: 0.0433
Epoch 184 learning rate: 0.0015708419435684529
Epoch 184 time: 236.4043574333191 seconds
Epoch 184 accuracy: 96.02%
Batch 100, Loss: 0.0431
Batch 200, Loss: 0.0427
Batch 300, Loss: 0.0413
Epoch 185 learning rate: 0.0013815039801161732
Epoch 185 time: 236.27858424186707 seconds
Epoch 185 accuracy: 96.01%
Batch 100, Loss: 0.0390
Batch 200, Loss: 0.0395
Batch 300, Loss: 0.0411
Epoch 186 learning rate: 0.0012041619030626347
Epoch 186 time: 236.25284147262573 seconds
Epoch 186 accuracy: 96.07%
Batch 100, Loss: 0.0390
Batch 200, Loss: 0.0391
Batch 300, Loss: 0.0383
Epoch 187 learning rate: 0.0010388594689117077
Epoch 187 time: 236.1365327835083 seconds
Epoch 187 accuracy: 96.23%
Batch 100, Loss: 0.0392
Batch 200, Loss: 0.0382
Batch 300, Loss: 0.0407
Epoch 188 learning rate: 0.0008856374635655645
Epoch 188 time: 236.44256162643433 seconds
Epoch 188 accuracy: 96.22%
Batch 100, Loss: 0.0338
Batch 200, Loss: 0.0376
Batch 300, Loss: 0.0360
Epoch 189 learning rate: 0.000744533692261307
Epoch 189 time: 236.2774829864502 seconds
Epoch 189 accuracy: 96.22%
Batch 100, Loss: 0.0355
Batch 200, Loss: 0.0381
Batch 300, Loss: 0.0391
Epoch 190 learning rate: 0.0006155829702431174
Epoch 190 time: 236.23735213279724 seconds
Epoch 190 accuracy: 96.25%
Batch 100, Loss: 0.0368
Batch 200, Loss: 0.0376
Batch 300, Loss: 0.0365
Epoch 191 learning rate: 0.0004988171141721235
Epoch 191 time: 236.45374751091003 seconds
Epoch 191 accuracy: 96.25%
Batch 100, Loss: 0.0370
Batch 200, Loss: 0.0383
Batch 300, Loss: 0.0352
Epoch 192 learning rate: 0.00039426493427611206
Epoch 192 time: 236.3373613357544 seconds
Epoch 192 accuracy: 96.35%
Batch 100, Loss: 0.0362
Batch 200, Loss: 0.0329
Batch 300, Loss: 0.0337
Epoch 193 learning rate: 0.00030195222724102046
Epoch 193 time: 236.58931231498718 seconds
Epoch 193 accuracy: 96.27%
Batch 100, Loss: 0.0354
Batch 200, Loss: 0.0358
Batch 300, Loss: 0.0326
Epoch 194 learning rate: 0.00022190176984600036
Epoch 194 time: 236.56703901290894 seconds
Epoch 194 accuracy: 96.26%
Batch 100, Loss: 0.0337
Batch 200, Loss: 0.0367
Batch 300, Loss: 0.0339
Epoch 195 learning rate: 0.00015413331334360192
Epoch 195 time: 236.24067735671997 seconds
Epoch 195 accuracy: 96.33%
Batch 100, Loss: 0.0340
Batch 200, Loss: 0.0330
Batch 300, Loss: 0.0353
Epoch 196 learning rate: 9.866357858642213e-05
Epoch 196 time: 236.09165143966675 seconds
Epoch 196 accuracy: 96.3%
Batch 100, Loss: 0.0348
Batch 200, Loss: 0.0348
Batch 300, Loss: 0.0335
Epoch 197 learning rate: 5.5506251901504864e-05
Epoch 197 time: 236.19897961616516 seconds
Epoch 197 accuracy: 96.33%
Batch 100, Loss: 0.0358
Batch 200, Loss: 0.0313
Batch 300, Loss: 0.0340
Epoch 198 learning rate: 2.4671981713420017e-05
Epoch 198 time: 236.35850739479065 seconds
Epoch 198 accuracy: 96.2%
Batch 100, Loss: 0.0350
Batch 200, Loss: 0.0346
Batch 300, Loss: 0.0370
Epoch 199 learning rate: 6.168375916970619e-06
Epoch 199 time: 236.32048177719116 seconds
Epoch 199 accuracy: 96.28%
Batch 100, Loss: 0.0330
Batch 200, Loss: 0.0339
Batch 300, Loss: 0.0347
Epoch 200 learning rate: 0.0
Epoch 200 time: 236.48352599143982 seconds
Epoch 200 accuracy: 96.31%
rho:  0.04 , alpha:  0.3
Total training time: 47263.83256363869 seconds
