The following modules were not unloaded:
  (Use "module --force purge" to unload all):

  1) CCconfig        6)  ucx/1.14.1         11) flexiblas/3.3.1
  2) gentoo/2023     7)  libfabric/1.18.0   12) imkl/2023.2.0
  3) gcccore/.12.3   8)  pmix/4.2.4         13) StdEnv/2023
  4) gcc/12.3        9)  ucc/1.2.0
  5) hwloc/2.9.1     10) openmpi/4.1.5
/project/6070520/tkleinkn/Vanilla-GAM/main_cifar.py:187: UserWarning: You have chosen a specific GPU. This will completely disable data parallelism.
  warnings.warn('You have chosen a specific GPU. This will completely '
model name space ['resnet101_c', 'resnet152_c', 'resnet18_c', 'resnet34_c', 'resnet50_c']
Use GPU: 0 for training
=> creating model 'resnet18_c'
Files already downloaded and verified
Files already downloaded and verified
tensorboard dir ./results/CIFAR100/GAMNonAccelerated
Using non-accelerated GAM
/home/tkleinkn/GAMtest/lib/python3.11/site-packages/torch/autograd/graph.py:744: UserWarning: Using backward() with create_graph=True will create a reference cycle between the parameter and its gradient which can cause a memory leak. We recommend using autograd.grad when creating the graph to avoid this. If you have to use this function, make sure to reset the .grad fields of your parameters to None after use to break the cycle and avoid the leak. (Triggered internally at /home/coulombc/wheels_builder/tmp.2617/python-3.11/torch/torch/csrc/autograd/engine.cpp:1203.)
  return Variable._execution_engine.run_backward(  # Calls into the C++ engine to run the backward pass
Batch 100, Loss: 3.9067
Batch 200, Loss: 3.6229
Batch 300, Loss: 3.5405
Epoch 1 learning rate: 0.09999383162408304
Epoch 1 time: 245.77241373062134 seconds
Epoch 1 accuracy: 8.63%
Batch 100, Loss: 3.4358
Batch 200, Loss: 3.3894
Batch 300, Loss: 3.3422
Epoch 2 learning rate: 0.09997532801828658
Epoch 2 time: 236.9717297554016 seconds
Epoch 2 accuracy: 13.68%
Batch 100, Loss: 3.2180
Batch 200, Loss: 3.1728
Batch 300, Loss: 3.1015
Epoch 3 learning rate: 0.09994449374809851
Epoch 3 time: 236.76174592971802 seconds
Epoch 3 accuracy: 18.03%
Batch 100, Loss: 2.9986
Batch 200, Loss: 2.9200
Batch 300, Loss: 2.8657
Epoch 4 learning rate: 0.09990133642141359
Epoch 4 time: 236.74636721611023 seconds
Epoch 4 accuracy: 26.03%
Batch 100, Loss: 2.7055
Batch 200, Loss: 2.6348
Batch 300, Loss: 2.5800
Epoch 5 learning rate: 0.09984586668665642
Epoch 5 time: 236.68624639511108 seconds
Epoch 5 accuracy: 28.09%
Batch 100, Loss: 2.4495
Batch 200, Loss: 2.3740
Batch 300, Loss: 2.3473
Epoch 6 learning rate: 0.09977809823015402
Epoch 6 time: 236.83168363571167 seconds
Epoch 6 accuracy: 37.8%
Batch 100, Loss: 2.2470
Batch 200, Loss: 2.2029
Batch 300, Loss: 2.1825
Epoch 7 learning rate: 0.09969804777275901
Epoch 7 time: 236.56235647201538 seconds
Epoch 7 accuracy: 40.14%
Batch 100, Loss: 2.1123
Batch 200, Loss: 2.1125
Batch 300, Loss: 2.0607
Epoch 8 learning rate: 0.09960573506572391
Epoch 8 time: 236.4084177017212 seconds
Epoch 8 accuracy: 43.68%
Batch 100, Loss: 2.0132
Batch 200, Loss: 1.9912
Batch 300, Loss: 2.0120
Epoch 9 learning rate: 0.09950118288582789
Epoch 9 time: 236.4858055114746 seconds
Epoch 9 accuracy: 43.56%
Batch 100, Loss: 1.9305
Batch 200, Loss: 1.9319
Batch 300, Loss: 1.9469
Epoch 10 learning rate: 0.09938441702975691
Epoch 10 time: 236.607524394989 seconds
Epoch 10 accuracy: 46.87%
Batch 100, Loss: 1.8664
Batch 200, Loss: 1.8890
Batch 300, Loss: 1.8832
Epoch 11 learning rate: 0.09925546630773871
Epoch 11 time: 236.5327124595642 seconds
Epoch 11 accuracy: 48.53%
Batch 100, Loss: 1.8273
Batch 200, Loss: 1.8294
Batch 300, Loss: 1.8282
Epoch 12 learning rate: 0.09911436253643445
Epoch 12 time: 236.5543556213379 seconds
Epoch 12 accuracy: 49.47%
Batch 100, Loss: 1.7700
Batch 200, Loss: 1.8067
Batch 300, Loss: 1.8026
Epoch 13 learning rate: 0.0989611405310883
Epoch 13 time: 236.52614855766296 seconds
Epoch 13 accuracy: 50.5%
Batch 100, Loss: 1.7528
Batch 200, Loss: 1.7537
Batch 300, Loss: 1.7611
Epoch 14 learning rate: 0.09879583809693739
Epoch 14 time: 236.67168140411377 seconds
Epoch 14 accuracy: 51.17%
Batch 100, Loss: 1.7078
Batch 200, Loss: 1.7058
Batch 300, Loss: 1.7361
Epoch 15 learning rate: 0.09861849601988384
Epoch 15 time: 236.6356077194214 seconds
Epoch 15 accuracy: 51.83%
Batch 100, Loss: 1.6895
Batch 200, Loss: 1.7044
Batch 300, Loss: 1.7007
Epoch 16 learning rate: 0.09842915805643157
Epoch 16 time: 236.59395575523376 seconds
Epoch 16 accuracy: 53.21%
Batch 100, Loss: 1.6481
Batch 200, Loss: 1.6774
Batch 300, Loss: 1.6782
Epoch 17 learning rate: 0.09822787092288993
Epoch 17 time: 236.46977829933167 seconds
Epoch 17 accuracy: 51.9%
Batch 100, Loss: 1.6278
Batch 200, Loss: 1.6574
Batch 300, Loss: 1.6635
Epoch 18 learning rate: 0.09801468428384717
Epoch 18 time: 236.57689881324768 seconds
Epoch 18 accuracy: 53.79%
Batch 100, Loss: 1.6317
Batch 200, Loss: 1.6393
Batch 300, Loss: 1.6588
Epoch 19 learning rate: 0.09778965073991652
Epoch 19 time: 236.4136598110199 seconds
Epoch 19 accuracy: 53.31%
Batch 100, Loss: 1.6123
Batch 200, Loss: 1.6287
Batch 300, Loss: 1.6100
Epoch 20 learning rate: 0.0975528258147577
Epoch 20 time: 236.47678089141846 seconds
Epoch 20 accuracy: 53.84%
Batch 100, Loss: 1.5878
Batch 200, Loss: 1.6241
Batch 300, Loss: 1.6013
Epoch 21 learning rate: 0.09730426794137728
Epoch 21 time: 236.3743495941162 seconds
Epoch 21 accuracy: 56.03%
Batch 100, Loss: 1.5745
Batch 200, Loss: 1.6119
Batch 300, Loss: 1.5830
Epoch 22 learning rate: 0.09704403844771128
Epoch 22 time: 236.4056532382965 seconds
Epoch 22 accuracy: 56.16%
Batch 100, Loss: 1.5449
Batch 200, Loss: 1.5644
Batch 300, Loss: 1.5874
Epoch 23 learning rate: 0.09677220154149338
Epoch 23 time: 236.45870900154114 seconds
Epoch 23 accuracy: 56.06%
Batch 100, Loss: 1.5518
Batch 200, Loss: 1.5626
Batch 300, Loss: 1.5982
Epoch 24 learning rate: 0.09648882429441258
Epoch 24 time: 236.62349891662598 seconds
Epoch 24 accuracy: 55.21%
Batch 100, Loss: 1.5253
Batch 200, Loss: 1.5385
Batch 300, Loss: 1.5923
Epoch 25 learning rate: 0.09619397662556435
Epoch 25 time: 236.56245112419128 seconds
Epoch 25 accuracy: 57.62%
Batch 100, Loss: 1.5313
Batch 200, Loss: 1.5418
Batch 300, Loss: 1.5624
Epoch 26 learning rate: 0.09588773128419906
Epoch 26 time: 236.51774215698242 seconds
Epoch 26 accuracy: 55.76%
Batch 100, Loss: 1.5019
Batch 200, Loss: 1.5257
Batch 300, Loss: 1.5414
Epoch 27 learning rate: 0.09557016383177226
Epoch 27 time: 236.527676820755 seconds
Epoch 27 accuracy: 57.34%
Batch 100, Loss: 1.5089
Batch 200, Loss: 1.5130
Batch 300, Loss: 1.5392
Epoch 28 learning rate: 0.09524135262330098
Epoch 28 time: 236.6354455947876 seconds
Epoch 28 accuracy: 56.93%
Batch 100, Loss: 1.4864
Batch 200, Loss: 1.5152
Batch 300, Loss: 1.5380
Epoch 29 learning rate: 0.09490137878803079
Epoch 29 time: 236.63699007034302 seconds
Epoch 29 accuracy: 58.14%
Batch 100, Loss: 1.5007
Batch 200, Loss: 1.4940
Batch 300, Loss: 1.5098
Epoch 30 learning rate: 0.0945503262094184
Epoch 30 time: 236.5149793624878 seconds
Epoch 30 accuracy: 55.06%
Batch 100, Loss: 1.4925
Batch 200, Loss: 1.4892
Batch 300, Loss: 1.5265
Epoch 31 learning rate: 0.0941882815044347
Epoch 31 time: 236.59902477264404 seconds
Epoch 31 accuracy: 57.87%
Batch 100, Loss: 1.4804
Batch 200, Loss: 1.4917
Batch 300, Loss: 1.4914
Epoch 32 learning rate: 0.09381533400219319
Epoch 32 time: 236.4276442527771 seconds
Epoch 32 accuracy: 57.72%
Batch 100, Loss: 1.4680
Batch 200, Loss: 1.4900
Batch 300, Loss: 1.5264
Epoch 33 learning rate: 0.09343157572190958
Epoch 33 time: 236.54609394073486 seconds
Epoch 33 accuracy: 59.41%
Batch 100, Loss: 1.4483
Batch 200, Loss: 1.4914
Batch 300, Loss: 1.4918
Epoch 34 learning rate: 0.0930371013501972
Epoch 34 time: 236.52738976478577 seconds
Epoch 34 accuracy: 57.42%
Batch 100, Loss: 1.4637
Batch 200, Loss: 1.4780
Batch 300, Loss: 1.4749
Epoch 35 learning rate: 0.09263200821770463
Epoch 35 time: 236.4445939064026 seconds
Epoch 35 accuracy: 57.77%
Batch 100, Loss: 1.4433
Batch 200, Loss: 1.4705
Batch 300, Loss: 1.4818
Epoch 36 learning rate: 0.09221639627510078
Epoch 36 time: 236.33803749084473 seconds
Epoch 36 accuracy: 60.92%
Batch 100, Loss: 1.4164
Batch 200, Loss: 1.4707
Batch 300, Loss: 1.4713
Epoch 37 learning rate: 0.09179036806841355
Epoch 37 time: 236.61949491500854 seconds
Epoch 37 accuracy: 58.71%
Batch 100, Loss: 1.4166
Batch 200, Loss: 1.4419
Batch 300, Loss: 1.4493
Epoch 38 learning rate: 0.09135402871372812
Epoch 38 time: 236.69609665870667 seconds
Epoch 38 accuracy: 57.84%
Batch 100, Loss: 1.4165
Batch 200, Loss: 1.4450
Batch 300, Loss: 1.4520
Epoch 39 learning rate: 0.0909074858712512
Epoch 39 time: 236.56459784507751 seconds
Epoch 39 accuracy: 59.9%
Batch 100, Loss: 1.4036
Batch 200, Loss: 1.4549
Batch 300, Loss: 1.4439
Epoch 40 learning rate: 0.09045084971874741
Epoch 40 time: 236.23543787002563 seconds
Epoch 40 accuracy: 59.61%
Batch 100, Loss: 1.4196
Batch 200, Loss: 1.4193
Batch 300, Loss: 1.4500
Epoch 41 learning rate: 0.08998423292435458
Epoch 41 time: 236.25148105621338 seconds
Epoch 41 accuracy: 60.15%
Batch 100, Loss: 1.4075
Batch 200, Loss: 1.4359
Batch 300, Loss: 1.4337
Epoch 42 learning rate: 0.08950775061878455
Epoch 42 time: 236.3926486968994 seconds
Epoch 42 accuracy: 59.9%
Batch 100, Loss: 1.4213
Batch 200, Loss: 1.3910
Batch 300, Loss: 1.4387
Epoch 43 learning rate: 0.08902152036691653
Epoch 43 time: 236.56480741500854 seconds
Epoch 43 accuracy: 60.79%
Batch 100, Loss: 1.3743
Batch 200, Loss: 1.4134
Batch 300, Loss: 1.4322
Epoch 44 learning rate: 0.08852566213878951
Epoch 44 time: 236.62998008728027 seconds
Epoch 44 accuracy: 61.11%
Batch 100, Loss: 1.3752
Batch 200, Loss: 1.4090
Batch 300, Loss: 1.4244
Epoch 45 learning rate: 0.0880202982800016
Epoch 45 time: 236.56409978866577 seconds
Epoch 45 accuracy: 60.84%
Batch 100, Loss: 1.3700
Batch 200, Loss: 1.4050
Batch 300, Loss: 1.4196
Epoch 46 learning rate: 0.08750555348152303
Epoch 46 time: 236.71504282951355 seconds
Epoch 46 accuracy: 60.97%
Batch 100, Loss: 1.3481
Batch 200, Loss: 1.3682
Batch 300, Loss: 1.4275
Epoch 47 learning rate: 0.08698155474893052
Epoch 47 time: 236.37475538253784 seconds
Epoch 47 accuracy: 61.66%
Batch 100, Loss: 1.3747
Batch 200, Loss: 1.3974
Batch 300, Loss: 1.3764
Epoch 48 learning rate: 0.08644843137107061
Epoch 48 time: 236.67854976654053 seconds
Epoch 48 accuracy: 60.83%
Batch 100, Loss: 1.3588
Batch 200, Loss: 1.3888
Batch 300, Loss: 1.4030
Epoch 49 learning rate: 0.08590631488815947
Epoch 49 time: 236.4450249671936 seconds
Epoch 49 accuracy: 57.59%
Batch 100, Loss: 1.3687
Batch 200, Loss: 1.3587
Batch 300, Loss: 1.3991
Epoch 50 learning rate: 0.0853553390593274
Epoch 50 time: 236.39372992515564 seconds
Epoch 50 accuracy: 61.19%
Batch 100, Loss: 1.3459
Batch 200, Loss: 1.3602
Batch 300, Loss: 1.4097
Epoch 51 learning rate: 0.08479563982961574
Epoch 51 time: 236.5755763053894 seconds
Epoch 51 accuracy: 60.14%
Batch 100, Loss: 1.3511
Batch 200, Loss: 1.3422
Batch 300, Loss: 1.3975
Epoch 52 learning rate: 0.08422735529643446
Epoch 52 time: 236.6409854888916 seconds
Epoch 52 accuracy: 62.15%
Batch 100, Loss: 1.3289
Batch 200, Loss: 1.3563
Batch 300, Loss: 1.3897
Epoch 53 learning rate: 0.08365062567548869
Epoch 53 time: 236.54180932044983 seconds
Epoch 53 accuracy: 61.75%
Batch 100, Loss: 1.3236
Batch 200, Loss: 1.3459
Batch 300, Loss: 1.3812
Epoch 54 learning rate: 0.08306559326618261
Epoch 54 time: 236.62893080711365 seconds
Epoch 54 accuracy: 58.95%
Batch 100, Loss: 1.3227
Batch 200, Loss: 1.3474
Batch 300, Loss: 1.3673
Epoch 55 learning rate: 0.0824724024165092
Epoch 55 time: 236.41892218589783 seconds
Epoch 55 accuracy: 58.79%
Batch 100, Loss: 1.3377
Batch 200, Loss: 1.3632
Batch 300, Loss: 1.3586
Epoch 56 learning rate: 0.0818711994874345
Epoch 56 time: 236.5239658355713 seconds
Epoch 56 accuracy: 62.0%
Batch 100, Loss: 1.2924
Batch 200, Loss: 1.3559
Batch 300, Loss: 1.3465
Epoch 57 learning rate: 0.08126213281678528
Epoch 57 time: 236.5206422805786 seconds
Epoch 57 accuracy: 61.4%
Batch 100, Loss: 1.3395
Batch 200, Loss: 1.3246
Batch 300, Loss: 1.3637
Epoch 58 learning rate: 0.08064535268264884
Epoch 58 time: 236.58063077926636 seconds
Epoch 58 accuracy: 57.74%
Batch 100, Loss: 1.3074
Batch 200, Loss: 1.3325
Batch 300, Loss: 1.3463
Epoch 59 learning rate: 0.08002101126629421
Epoch 59 time: 236.32232189178467 seconds
Epoch 59 accuracy: 62.38%
Batch 100, Loss: 1.2980
Batch 200, Loss: 1.3273
Batch 300, Loss: 1.3309
Epoch 60 learning rate: 0.07938926261462367
Epoch 60 time: 236.67269039154053 seconds
Epoch 60 accuracy: 63.91%
Batch 100, Loss: 1.2983
Batch 200, Loss: 1.3184
Batch 300, Loss: 1.3428
Epoch 61 learning rate: 0.07875026260216395
Epoch 61 time: 236.36757397651672 seconds
Epoch 61 accuracy: 61.05%
Batch 100, Loss: 1.3024
Batch 200, Loss: 1.3127
Batch 300, Loss: 1.3254
Epoch 62 learning rate: 0.07810416889260656
Epoch 62 time: 236.7851595878601 seconds
Epoch 62 accuracy: 62.03%
Batch 100, Loss: 1.2818
Batch 200, Loss: 1.3127
Batch 300, Loss: 1.3267
Epoch 63 learning rate: 0.07745114089990661
Epoch 63 time: 236.64773964881897 seconds
Epoch 63 accuracy: 62.63%
Batch 100, Loss: 1.2773
Batch 200, Loss: 1.3135
Batch 300, Loss: 1.3095
Epoch 64 learning rate: 0.07679133974894985
Epoch 64 time: 236.6608180999756 seconds
Epoch 64 accuracy: 62.5%
Batch 100, Loss: 1.2573
Batch 200, Loss: 1.2942
Batch 300, Loss: 1.3184
Epoch 65 learning rate: 0.07612492823579746
Epoch 65 time: 236.6850664615631 seconds
Epoch 65 accuracy: 63.13%
Batch 100, Loss: 1.2435
Batch 200, Loss: 1.2787
Batch 300, Loss: 1.3134
Epoch 66 learning rate: 0.07545207078751859
Epoch 66 time: 236.53268361091614 seconds
Epoch 66 accuracy: 62.05%
Batch 100, Loss: 1.2562
Batch 200, Loss: 1.2764
Batch 300, Loss: 1.3159
Epoch 67 learning rate: 0.0747729334216204
Epoch 67 time: 236.41190314292908 seconds
Epoch 67 accuracy: 59.64%
Batch 100, Loss: 1.2388
Batch 200, Loss: 1.3002
Batch 300, Loss: 1.2933
Epoch 68 learning rate: 0.07408768370508578
Epoch 68 time: 236.5789921283722 seconds
Epoch 68 accuracy: 63.96%
Batch 100, Loss: 1.2529
Batch 200, Loss: 1.2789
Batch 300, Loss: 1.2919
Epoch 69 learning rate: 0.0733964907130287
Epoch 69 time: 236.3915877342224 seconds
Epoch 69 accuracy: 63.55%
Batch 100, Loss: 1.2325
Batch 200, Loss: 1.2676
Batch 300, Loss: 1.3039
Epoch 70 learning rate: 0.07269952498697736
Epoch 70 time: 236.2768576145172 seconds
Epoch 70 accuracy: 63.84%
Batch 100, Loss: 1.2505
Batch 200, Loss: 1.2793
Batch 300, Loss: 1.2751
Epoch 71 learning rate: 0.07199695849279578
Epoch 71 time: 236.53685569763184 seconds
Epoch 71 accuracy: 65.13%
Batch 100, Loss: 1.2324
Batch 200, Loss: 1.2527
Batch 300, Loss: 1.2621
Epoch 72 learning rate: 0.07128896457825366
Epoch 72 time: 236.4565942287445 seconds
Epoch 72 accuracy: 64.27%
Batch 100, Loss: 1.2113
Batch 200, Loss: 1.2349
Batch 300, Loss: 1.2624
Epoch 73 learning rate: 0.07057571793025548
Epoch 73 time: 236.2606999874115 seconds
Epoch 73 accuracy: 66.56%
Batch 100, Loss: 1.2194
Batch 200, Loss: 1.2508
Batch 300, Loss: 1.2690
Epoch 74 learning rate: 0.06985739453173906
Epoch 74 time: 236.2678577899933 seconds
Epoch 74 accuracy: 63.19%
Batch 100, Loss: 1.2148
Batch 200, Loss: 1.2418
Batch 300, Loss: 1.2413
Epoch 75 learning rate: 0.06913417161825453
Epoch 75 time: 236.40161657333374 seconds
Epoch 75 accuracy: 65.39%
Batch 100, Loss: 1.2199
Batch 200, Loss: 1.2052
Batch 300, Loss: 1.2546
Epoch 76 learning rate: 0.06840622763423394
Epoch 76 time: 236.51055002212524 seconds
Epoch 76 accuracy: 64.48%
Batch 100, Loss: 1.2043
Batch 200, Loss: 1.2221
Batch 300, Loss: 1.2414
Epoch 77 learning rate: 0.0676737421889629
Epoch 77 time: 236.3369128704071 seconds
Epoch 77 accuracy: 62.94%
Batch 100, Loss: 1.1999
Batch 200, Loss: 1.2198
Batch 300, Loss: 1.2437
Epoch 78 learning rate: 0.06693689601226462
Epoch 78 time: 236.34461116790771 seconds
Epoch 78 accuracy: 65.06%
Batch 100, Loss: 1.1977
Batch 200, Loss: 1.2199
Batch 300, Loss: 1.2353
Epoch 79 learning rate: 0.06619587090990751
Epoch 79 time: 236.1837272644043 seconds
Epoch 79 accuracy: 64.0%
Batch 100, Loss: 1.1935
Batch 200, Loss: 1.2152
Batch 300, Loss: 1.2191
Epoch 80 learning rate: 0.06545084971874741
Epoch 80 time: 236.39519500732422 seconds
Epoch 80 accuracy: 65.38%
Batch 100, Loss: 1.1530
Batch 200, Loss: 1.1954
Batch 300, Loss: 1.2226
Epoch 81 learning rate: 0.06470201626161524
Epoch 81 time: 236.33770656585693 seconds
Epoch 81 accuracy: 66.26%
Batch 100, Loss: 1.1749
Batch 200, Loss: 1.1725
Batch 300, Loss: 1.2292
Epoch 82 learning rate: 0.06394955530196152
Epoch 82 time: 236.5453953742981 seconds
Epoch 82 accuracy: 65.71%
Batch 100, Loss: 1.1552
Batch 200, Loss: 1.1657
Batch 300, Loss: 1.2242
Epoch 83 learning rate: 0.06319365249826868
Epoch 83 time: 236.51324224472046 seconds
Epoch 83 accuracy: 64.25%
Batch 100, Loss: 1.1528
Batch 200, Loss: 1.1713
Batch 300, Loss: 1.1939
Epoch 84 learning rate: 0.06243449435824277
Epoch 84 time: 236.28361320495605 seconds
Epoch 84 accuracy: 65.15%
Batch 100, Loss: 1.1536
Batch 200, Loss: 1.1567
Batch 300, Loss: 1.2126
Epoch 85 learning rate: 0.06167226819279532
Epoch 85 time: 236.4074261188507 seconds
Epoch 85 accuracy: 65.97%
Batch 100, Loss: 1.1580
Batch 200, Loss: 1.1687
Batch 300, Loss: 1.1641
Epoch 86 learning rate: 0.06090716206982718
Epoch 86 time: 236.4317901134491 seconds
Epoch 86 accuracy: 67.23%
Batch 100, Loss: 1.1495
Batch 200, Loss: 1.1706
Batch 300, Loss: 1.1728
Epoch 87 learning rate: 0.06013936476782568
Epoch 87 time: 236.45305633544922 seconds
Epoch 87 accuracy: 65.48%
Batch 100, Loss: 1.1383
Batch 200, Loss: 1.1734
Batch 300, Loss: 1.1835
Epoch 88 learning rate: 0.05936906572928629
Epoch 88 time: 236.19678568840027 seconds
Epoch 88 accuracy: 65.39%
Batch 100, Loss: 1.1260
Batch 200, Loss: 1.1556
Batch 300, Loss: 1.1475
Epoch 89 learning rate: 0.05859645501397052
Epoch 89 time: 236.28504967689514 seconds
Epoch 89 accuracy: 66.58%
Batch 100, Loss: 1.1212
Batch 200, Loss: 1.1581
Batch 300, Loss: 1.1413
Epoch 90 learning rate: 0.05782172325201159
Epoch 90 time: 236.25774240493774 seconds
Epoch 90 accuracy: 65.59%
Batch 100, Loss: 1.1008
Batch 200, Loss: 1.1470
Batch 300, Loss: 1.1531
Epoch 91 learning rate: 0.057045061596879186
Epoch 91 time: 236.24365711212158 seconds
Epoch 91 accuracy: 66.23%
Batch 100, Loss: 1.1112
Batch 200, Loss: 1.1306
Batch 300, Loss: 1.1213
Epoch 92 learning rate: 0.056266661678215264
Epoch 92 time: 236.2124526500702 seconds
Epoch 92 accuracy: 67.12%
Batch 100, Loss: 1.0917
Batch 200, Loss: 1.1190
Batch 300, Loss: 1.1284
Epoch 93 learning rate: 0.055486715554552306
Epoch 93 time: 236.1874816417694 seconds
Epoch 93 accuracy: 66.09%
Batch 100, Loss: 1.1073
Batch 200, Loss: 1.1329
Batch 300, Loss: 1.1327
Epoch 94 learning rate: 0.05470541566592575
Epoch 94 time: 236.43405294418335 seconds
Epoch 94 accuracy: 65.69%
Batch 100, Loss: 1.0755
Batch 200, Loss: 1.1015
Batch 300, Loss: 1.1370
Epoch 95 learning rate: 0.05392295478639229
Epoch 95 time: 236.10300874710083 seconds
Epoch 95 accuracy: 66.82%
Batch 100, Loss: 1.0991
Batch 200, Loss: 1.1064
Batch 300, Loss: 1.1003
Epoch 96 learning rate: 0.05313952597646571
Epoch 96 time: 236.35638666152954 seconds
Epoch 96 accuracy: 67.04%
Batch 100, Loss: 1.0707
Batch 200, Loss: 1.1009
Batch 300, Loss: 1.0993
Epoch 97 learning rate: 0.05235532253548216
Epoch 97 time: 236.4477140903473 seconds
Epoch 97 accuracy: 68.36%
Batch 100, Loss: 1.0658
Batch 200, Loss: 1.1027
Batch 300, Loss: 1.1107
Epoch 98 learning rate: 0.051570537953906447
Epoch 98 time: 236.26488256454468 seconds
Epoch 98 accuracy: 68.04%
Batch 100, Loss: 1.0354
Batch 200, Loss: 1.0990
Batch 300, Loss: 1.0914
Epoch 99 learning rate: 0.05078536586559106
Epoch 99 time: 236.14518785476685 seconds
Epoch 99 accuracy: 68.42%
Batch 100, Loss: 1.0443
Batch 200, Loss: 1.0808
Batch 300, Loss: 1.0984
Epoch 100 learning rate: 0.050000000000000024
Epoch 100 time: 236.47412514686584 seconds
Epoch 100 accuracy: 68.74%
Batch 100, Loss: 1.0195
Batch 200, Loss: 1.0693
Batch 300, Loss: 1.0933
Epoch 101 learning rate: 0.049214634134409
Epoch 101 time: 236.30171298980713 seconds
Epoch 101 accuracy: 67.9%
Batch 100, Loss: 1.0279
Batch 200, Loss: 1.0562
Batch 300, Loss: 1.0708
Epoch 102 learning rate: 0.04842946204609361
Epoch 102 time: 236.3606424331665 seconds
Epoch 102 accuracy: 69.12%
Batch 100, Loss: 1.0253
Batch 200, Loss: 1.0301
Batch 300, Loss: 1.0589
Epoch 103 learning rate: 0.04764467746451789
Epoch 103 time: 236.41586017608643 seconds
Epoch 103 accuracy: 68.72%
Batch 100, Loss: 1.0336
Batch 200, Loss: 1.0362
Batch 300, Loss: 1.0516
Epoch 104 learning rate: 0.046860474023534354
Epoch 104 time: 236.20446348190308 seconds
Epoch 104 accuracy: 68.66%
Batch 100, Loss: 1.0098
Batch 200, Loss: 1.0439
Batch 300, Loss: 1.0359
Epoch 105 learning rate: 0.04607704521360778
Epoch 105 time: 236.31639909744263 seconds
Epoch 105 accuracy: 66.44%
Batch 100, Loss: 0.9915
Batch 200, Loss: 1.0063
Batch 300, Loss: 1.0509
Epoch 106 learning rate: 0.04529458433407431
Epoch 106 time: 236.44502758979797 seconds
Epoch 106 accuracy: 69.62%
Batch 100, Loss: 0.9909
Batch 200, Loss: 1.0328
Batch 300, Loss: 1.0271
Epoch 107 learning rate: 0.04451328444544776
Epoch 107 time: 236.42146968841553 seconds
Epoch 107 accuracy: 68.97%
Batch 100, Loss: 0.9969
Batch 200, Loss: 1.0117
Batch 300, Loss: 1.0310
Epoch 108 learning rate: 0.04373333832178482
Epoch 108 time: 236.09153628349304 seconds
Epoch 108 accuracy: 69.28%
Batch 100, Loss: 0.9691
Batch 200, Loss: 0.9959
Batch 300, Loss: 1.0044
Epoch 109 learning rate: 0.0429549384031209
Epoch 109 time: 236.41315722465515 seconds
Epoch 109 accuracy: 69.18%
Batch 100, Loss: 0.9766
Batch 200, Loss: 0.9997
Batch 300, Loss: 0.9965
Epoch 110 learning rate: 0.042178276747988484
Epoch 110 time: 236.4380657672882 seconds
Epoch 110 accuracy: 68.7%
Batch 100, Loss: 0.9589
Batch 200, Loss: 0.9953
Batch 300, Loss: 1.0052
Epoch 111 learning rate: 0.04140354498602954
Epoch 111 time: 236.13031840324402 seconds
Epoch 111 accuracy: 69.01%
Batch 100, Loss: 0.9365
Batch 200, Loss: 0.9842
Batch 300, Loss: 1.0020
Epoch 112 learning rate: 0.0406309342707138
Epoch 112 time: 236.18985295295715 seconds
Epoch 112 accuracy: 69.9%
Batch 100, Loss: 0.9652
Batch 200, Loss: 0.9600
Batch 300, Loss: 0.9861
Epoch 113 learning rate: 0.03986063523217441
Epoch 113 time: 236.34362816810608 seconds
Epoch 113 accuracy: 68.73%
Batch 100, Loss: 0.9236
Batch 200, Loss: 0.9710
Batch 300, Loss: 0.9891
Epoch 114 learning rate: 0.039092837930172916
Epoch 114 time: 236.199373960495 seconds
Epoch 114 accuracy: 71.17%
Batch 100, Loss: 0.9178
Batch 200, Loss: 0.9471
Batch 300, Loss: 0.9640
Epoch 115 learning rate: 0.03832773180720475
Epoch 115 time: 236.22842454910278 seconds
Epoch 115 accuracy: 70.37%
Batch 100, Loss: 0.9199
Batch 200, Loss: 0.9528
Batch 300, Loss: 0.9656
Epoch 116 learning rate: 0.037565505641757285
Epoch 116 time: 236.4709849357605 seconds
Epoch 116 accuracy: 70.08%
Batch 100, Loss: 0.9093
Batch 200, Loss: 0.9282
Batch 300, Loss: 0.9368
Epoch 117 learning rate: 0.03680634750173138
Epoch 117 time: 236.33068227767944 seconds
Epoch 117 accuracy: 70.42%
Batch 100, Loss: 0.8980
Batch 200, Loss: 0.9183
Batch 300, Loss: 0.9393
Epoch 118 learning rate: 0.036050444698038565
Epoch 118 time: 236.421288728714 seconds
Epoch 118 accuracy: 70.68%
Batch 100, Loss: 0.9033
Batch 200, Loss: 0.9264
Batch 300, Loss: 0.9154
Epoch 119 learning rate: 0.03529798373838483
Epoch 119 time: 236.0498170852661 seconds
Epoch 119 accuracy: 70.24%
Batch 100, Loss: 0.8807
Batch 200, Loss: 0.8948
Batch 300, Loss: 0.9142
Epoch 120 learning rate: 0.03454915028125267
Epoch 120 time: 236.22276735305786 seconds
Epoch 120 accuracy: 71.84%
Batch 100, Loss: 0.8627
Batch 200, Loss: 0.8875
Batch 300, Loss: 0.9063
Epoch 121 learning rate: 0.03380412909009255
Epoch 121 time: 236.1053330898285 seconds
Epoch 121 accuracy: 71.02%
Batch 100, Loss: 0.8634
Batch 200, Loss: 0.8947
Batch 300, Loss: 0.8866
Epoch 122 learning rate: 0.03306310398773545
Epoch 122 time: 236.3245542049408 seconds
Epoch 122 accuracy: 71.3%
Batch 100, Loss: 0.8470
Batch 200, Loss: 0.8869
Batch 300, Loss: 0.8952
Epoch 123 learning rate: 0.03232625781103717
Epoch 123 time: 236.2124183177948 seconds
Epoch 123 accuracy: 71.84%
Batch 100, Loss: 0.8503
Batch 200, Loss: 0.8791
Batch 300, Loss: 0.9012
Epoch 124 learning rate: 0.03159377236576613
Epoch 124 time: 236.0613567829132 seconds
Epoch 124 accuracy: 71.44%
Batch 100, Loss: 0.8200
Batch 200, Loss: 0.8558
Batch 300, Loss: 0.8778
Epoch 125 learning rate: 0.030865828381745543
Epoch 125 time: 236.26027417182922 seconds
Epoch 125 accuracy: 71.59%
Batch 100, Loss: 0.8384
Batch 200, Loss: 0.8702
Batch 300, Loss: 0.8678
Epoch 126 learning rate: 0.03014260546826098
Epoch 126 time: 236.266615152359 seconds
Epoch 126 accuracy: 72.88%
Batch 100, Loss: 0.8353
Batch 200, Loss: 0.8333
Batch 300, Loss: 0.8566
Epoch 127 learning rate: 0.02942428206974458
Epoch 127 time: 236.33175492286682 seconds
Epoch 127 accuracy: 72.53%
Batch 100, Loss: 0.8011
Batch 200, Loss: 0.8472
Batch 300, Loss: 0.8623
Epoch 128 learning rate: 0.028711035421746387
Epoch 128 time: 236.27763080596924 seconds
Epoch 128 accuracy: 72.53%
Batch 100, Loss: 0.8118
Batch 200, Loss: 0.8273
Batch 300, Loss: 0.8219
Epoch 129 learning rate: 0.02800304150720426
Epoch 129 time: 236.2755880355835 seconds
Epoch 129 accuracy: 72.67%
Batch 100, Loss: 0.7825
Batch 200, Loss: 0.8188
Batch 300, Loss: 0.8349
Epoch 130 learning rate: 0.02730047501302268
Epoch 130 time: 236.26785159111023 seconds
Epoch 130 accuracy: 73.32%
Batch 100, Loss: 0.7944
Batch 200, Loss: 0.8066
Batch 300, Loss: 0.8112
Epoch 131 learning rate: 0.026603509286971357
Epoch 131 time: 236.1523163318634 seconds
Epoch 131 accuracy: 73.41%
Batch 100, Loss: 0.7753
Batch 200, Loss: 0.7838
Batch 300, Loss: 0.8053
Epoch 132 learning rate: 0.025912316294914244
Epoch 132 time: 236.30329155921936 seconds
Epoch 132 accuracy: 72.12%
Batch 100, Loss: 0.7725
Batch 200, Loss: 0.7835
Batch 300, Loss: 0.8036
Epoch 133 learning rate: 0.025227066578379632
Epoch 133 time: 236.22398400306702 seconds
Epoch 133 accuracy: 74.22%
Batch 100, Loss: 0.7640
Batch 200, Loss: 0.7655
Batch 300, Loss: 0.7991
Epoch 134 learning rate: 0.024547929212481445
Epoch 134 time: 236.1784632205963 seconds
Epoch 134 accuracy: 73.13%
Batch 100, Loss: 0.7455
Batch 200, Loss: 0.7489
Batch 300, Loss: 0.7757
Epoch 135 learning rate: 0.02387507176420257
Epoch 135 time: 236.1460316181183 seconds
Epoch 135 accuracy: 73.32%
Batch 100, Loss: 0.7342
Batch 200, Loss: 0.7517
Batch 300, Loss: 0.7644
Epoch 136 learning rate: 0.023208660251050166
Epoch 136 time: 236.2028455734253 seconds
Epoch 136 accuracy: 73.74%
Batch 100, Loss: 0.7419
Batch 200, Loss: 0.7305
Batch 300, Loss: 0.7553
Epoch 137 learning rate: 0.022548859100093414
Epoch 137 time: 236.23319602012634 seconds
Epoch 137 accuracy: 73.35%
Batch 100, Loss: 0.7105
Batch 200, Loss: 0.7471
Batch 300, Loss: 0.7367
Epoch 138 learning rate: 0.021895831107393474
Epoch 138 time: 236.24112558364868 seconds
Epoch 138 accuracy: 74.7%
Batch 100, Loss: 0.7152
Batch 200, Loss: 0.7161
Batch 300, Loss: 0.7189
Epoch 139 learning rate: 0.02124973739783608
Epoch 139 time: 236.27401995658875 seconds
Epoch 139 accuracy: 74.49%
Batch 100, Loss: 0.6985
Batch 200, Loss: 0.6949
Batch 300, Loss: 0.7173
Epoch 140 learning rate: 0.02061073738537636
Epoch 140 time: 236.25138568878174 seconds
Epoch 140 accuracy: 75.4%
Batch 100, Loss: 0.6646
Batch 200, Loss: 0.7052
Batch 300, Loss: 0.7066
Epoch 141 learning rate: 0.019978988733705814
Epoch 141 time: 236.2946515083313 seconds
Epoch 141 accuracy: 75.71%
Batch 100, Loss: 0.6765
Batch 200, Loss: 0.6774
Batch 300, Loss: 0.7069
Epoch 142 learning rate: 0.01935464731735118
Epoch 142 time: 236.0747480392456 seconds
Epoch 142 accuracy: 75.43%
Batch 100, Loss: 0.6516
Batch 200, Loss: 0.6723
Batch 300, Loss: 0.6926
Epoch 143 learning rate: 0.018737867183214747
Epoch 143 time: 236.2323455810547 seconds
Epoch 143 accuracy: 75.09%
Batch 100, Loss: 0.6422
Batch 200, Loss: 0.6642
Batch 300, Loss: 0.6751
Epoch 144 learning rate: 0.01812880051256552
Epoch 144 time: 236.3697075843811 seconds
Epoch 144 accuracy: 75.61%
Batch 100, Loss: 0.6391
Batch 200, Loss: 0.6348
Batch 300, Loss: 0.6782
Epoch 145 learning rate: 0.017527597583490827
Epoch 145 time: 236.25846481323242 seconds
Epoch 145 accuracy: 75.9%
Batch 100, Loss: 0.6361
Batch 200, Loss: 0.6488
Batch 300, Loss: 0.6703
Epoch 146 learning rate: 0.01693440673381742
Epoch 146 time: 236.4572103023529 seconds
Epoch 146 accuracy: 76.3%
Batch 100, Loss: 0.6453
Batch 200, Loss: 0.6539
Batch 300, Loss: 0.6595
Epoch 147 learning rate: 0.016349374324511334
Epoch 147 time: 236.10254073143005 seconds
Epoch 147 accuracy: 76.23%
Batch 100, Loss: 0.6187
Batch 200, Loss: 0.6172
Batch 300, Loss: 0.6389
Epoch 148 learning rate: 0.01577264470356557
Epoch 148 time: 236.2882468700409 seconds
Epoch 148 accuracy: 76.05%
Batch 100, Loss: 0.6021
Batch 200, Loss: 0.6291
Batch 300, Loss: 0.6281
Epoch 149 learning rate: 0.01520436017038429
Epoch 149 time: 236.25438404083252 seconds
Epoch 149 accuracy: 76.68%
Batch 100, Loss: 0.5944
Batch 200, Loss: 0.6085
Batch 300, Loss: 0.6147
Epoch 150 learning rate: 0.014644660940672632
Epoch 150 time: 236.29254984855652 seconds
Epoch 150 accuracy: 76.0%
Batch 100, Loss: 0.5848
Batch 200, Loss: 0.5876
Batch 300, Loss: 0.6224
Epoch 151 learning rate: 0.01409368511184057
Epoch 151 time: 236.23684430122375 seconds
Epoch 151 accuracy: 76.73%
Batch 100, Loss: 0.5826
Batch 200, Loss: 0.5810
Batch 300, Loss: 0.5949
Epoch 152 learning rate: 0.013551568628929438
Epoch 152 time: 236.30360174179077 seconds
Epoch 152 accuracy: 77.06%
Batch 100, Loss: 0.5613
Batch 200, Loss: 0.5632
Batch 300, Loss: 0.5841
Epoch 153 learning rate: 0.013018445251069516
Epoch 153 time: 236.19657826423645 seconds
Epoch 153 accuracy: 76.62%
Batch 100, Loss: 0.5553
Batch 200, Loss: 0.5632
Batch 300, Loss: 0.5723
Epoch 154 learning rate: 0.012494446518477026
Epoch 154 time: 236.11962413787842 seconds
Epoch 154 accuracy: 77.41%
Batch 100, Loss: 0.5390
Batch 200, Loss: 0.5537
Batch 300, Loss: 0.5694
Epoch 155 learning rate: 0.011979701719998459
Epoch 155 time: 236.31894087791443 seconds
Epoch 155 accuracy: 77.47%
Batch 100, Loss: 0.5233
Batch 200, Loss: 0.5459
Batch 300, Loss: 0.5557
Epoch 156 learning rate: 0.011474337861210548
Epoch 156 time: 236.23565769195557 seconds
Epoch 156 accuracy: 77.38%
Batch 100, Loss: 0.5039
Batch 200, Loss: 0.5338
Batch 300, Loss: 0.5447
Epoch 157 learning rate: 0.010978479633083526
Epoch 157 time: 236.18977880477905 seconds
Epoch 157 accuracy: 77.81%
Batch 100, Loss: 0.5183
Batch 200, Loss: 0.5252
Batch 300, Loss: 0.5322
Epoch 158 learning rate: 0.010492249381215483
Epoch 158 time: 236.2493166923523 seconds
Epoch 158 accuracy: 77.75%
Batch 100, Loss: 0.4985
Batch 200, Loss: 0.5116
Batch 300, Loss: 0.5178
Epoch 159 learning rate: 0.010015767075645474
Epoch 159 time: 236.316392660141 seconds
Epoch 159 accuracy: 78.25%
Batch 100, Loss: 0.4931
Batch 200, Loss: 0.4992
Batch 300, Loss: 0.5105
Epoch 160 learning rate: 0.009549150281252637
Epoch 160 time: 236.2654676437378 seconds
Epoch 160 accuracy: 78.25%
Batch 100, Loss: 0.4714
Batch 200, Loss: 0.5020
Batch 300, Loss: 0.4991
Epoch 161 learning rate: 0.00909251412874884
Epoch 161 time: 236.17906880378723 seconds
Epoch 161 accuracy: 77.97%
Batch 100, Loss: 0.4898
Batch 200, Loss: 0.4861
Batch 300, Loss: 0.5041
Epoch 162 learning rate: 0.008645971286271918
Epoch 162 time: 236.2251877784729 seconds
Epoch 162 accuracy: 78.77%
Batch 100, Loss: 0.4692
Batch 200, Loss: 0.4712
Batch 300, Loss: 0.4731
Epoch 163 learning rate: 0.008209631931586501
Epoch 163 time: 236.1960163116455 seconds
Epoch 163 accuracy: 78.59%
Batch 100, Loss: 0.4610
Batch 200, Loss: 0.4783
Batch 300, Loss: 0.4775
Epoch 164 learning rate: 0.0077836037248992605
Epoch 164 time: 236.23744106292725 seconds
Epoch 164 accuracy: 78.76%
Batch 100, Loss: 0.4497
Batch 200, Loss: 0.4655
Batch 300, Loss: 0.4681
Epoch 165 learning rate: 0.0073679917822954055
Epoch 165 time: 236.3116328716278 seconds
Epoch 165 accuracy: 78.47%
Batch 100, Loss: 0.4361
Batch 200, Loss: 0.4546
Batch 300, Loss: 0.4495
Epoch 166 learning rate: 0.006962898649802815
Epoch 166 time: 236.32234072685242 seconds
Epoch 166 accuracy: 78.58%
Batch 100, Loss: 0.4296
Batch 200, Loss: 0.4414
Batch 300, Loss: 0.4422
Epoch 167 learning rate: 0.006568424278090438
Epoch 167 time: 236.38241124153137 seconds
Epoch 167 accuracy: 78.78%
Batch 100, Loss: 0.4383
Batch 200, Loss: 0.4357
Batch 300, Loss: 0.4426
Epoch 168 learning rate: 0.006184665997806824
Epoch 168 time: 236.39048290252686 seconds
Epoch 168 accuracy: 79.11%
Batch 100, Loss: 0.4086
Batch 200, Loss: 0.4290
Batch 300, Loss: 0.4199
Epoch 169 learning rate: 0.00581171849556533
Epoch 169 time: 236.29483556747437 seconds
Epoch 169 accuracy: 79.19%
Batch 100, Loss: 0.4031
Batch 200, Loss: 0.4092
Batch 300, Loss: 0.4169
Epoch 170 learning rate: 0.0054496737905816136
Epoch 170 time: 236.18135023117065 seconds
Epoch 170 accuracy: 79.46%
Batch 100, Loss: 0.4112
Batch 200, Loss: 0.4066
Batch 300, Loss: 0.4124
Epoch 171 learning rate: 0.005098621211969226
Epoch 171 time: 236.14369106292725 seconds
Epoch 171 accuracy: 79.62%
Batch 100, Loss: 0.3942
Batch 200, Loss: 0.4011
Batch 300, Loss: 0.3961
Epoch 172 learning rate: 0.004758647376699035
Epoch 172 time: 236.26938772201538 seconds
Epoch 172 accuracy: 79.48%
Batch 100, Loss: 0.3809
Batch 200, Loss: 0.3973
Batch 300, Loss: 0.4010
Epoch 173 learning rate: 0.00442983616822775
Epoch 173 time: 236.27127695083618 seconds
Epoch 173 accuracy: 79.7%
Batch 100, Loss: 0.3853
Batch 200, Loss: 0.3712
Batch 300, Loss: 0.3879
Epoch 174 learning rate: 0.004112268715800957
Epoch 174 time: 236.33520650863647 seconds
Epoch 174 accuracy: 79.63%
Batch 100, Loss: 0.3855
Batch 200, Loss: 0.3828
Batch 300, Loss: 0.3930
Epoch 175 learning rate: 0.003806023374435677
Epoch 175 time: 236.19512128829956 seconds
Epoch 175 accuracy: 80.21%
Batch 100, Loss: 0.3608
Batch 200, Loss: 0.3724
Batch 300, Loss: 0.3832
Epoch 176 learning rate: 0.003511175705587435
Epoch 176 time: 236.15774083137512 seconds
Epoch 176 accuracy: 80.07%
Batch 100, Loss: 0.3533
Batch 200, Loss: 0.3514
Batch 300, Loss: 0.3668
Epoch 177 learning rate: 0.0032277984585066333
Epoch 177 time: 236.2864215373993 seconds
Epoch 177 accuracy: 79.96%
Batch 100, Loss: 0.3554
Batch 200, Loss: 0.3530
Batch 300, Loss: 0.3677
Epoch 178 learning rate: 0.002955961552288729
Epoch 178 time: 236.19648480415344 seconds
Epoch 178 accuracy: 80.35%
Batch 100, Loss: 0.3556
Batch 200, Loss: 0.3498
Batch 300, Loss: 0.3545
Epoch 179 learning rate: 0.0026957320586227366
Epoch 179 time: 236.33357667922974 seconds
Epoch 179 accuracy: 80.65%
Batch 100, Loss: 0.3472
Batch 200, Loss: 0.3582
Batch 300, Loss: 0.3449
Epoch 180 learning rate: 0.002447174185242325
Epoch 180 time: 236.19002079963684 seconds
Epoch 180 accuracy: 80.64%
Batch 100, Loss: 0.3381
Batch 200, Loss: 0.3403
Batch 300, Loss: 0.3445
Epoch 181 learning rate: 0.0022103492600834954
Epoch 181 time: 236.26142072677612 seconds
Epoch 181 accuracy: 80.76%
Batch 100, Loss: 0.3401
Batch 200, Loss: 0.3460
Batch 300, Loss: 0.3396
Epoch 182 learning rate: 0.0019853157161528537
Epoch 182 time: 236.25564551353455 seconds
Epoch 182 accuracy: 80.72%
Batch 100, Loss: 0.3302
Batch 200, Loss: 0.3352
Batch 300, Loss: 0.3351
Epoch 183 learning rate: 0.001772129077110103
Epoch 183 time: 236.36616563796997 seconds
Epoch 183 accuracy: 80.96%
Batch 100, Loss: 0.3293
Batch 200, Loss: 0.3206
Batch 300, Loss: 0.3306
Epoch 184 learning rate: 0.0015708419435684529
Epoch 184 time: 236.1507158279419 seconds
Epoch 184 accuracy: 81.02%
Batch 100, Loss: 0.3231
Batch 200, Loss: 0.3205
Batch 300, Loss: 0.3212
Epoch 185 learning rate: 0.0013815039801161732
Epoch 185 time: 236.18203735351562 seconds
Epoch 185 accuracy: 81.02%
Batch 100, Loss: 0.3321
Batch 200, Loss: 0.3285
Batch 300, Loss: 0.3226
Epoch 186 learning rate: 0.0012041619030626347
Epoch 186 time: 236.2105324268341 seconds
Epoch 186 accuracy: 81.37%
Batch 100, Loss: 0.3166
Batch 200, Loss: 0.3165
Batch 300, Loss: 0.3154
Epoch 187 learning rate: 0.0010388594689117077
Epoch 187 time: 236.27303338050842 seconds
Epoch 187 accuracy: 81.27%
Batch 100, Loss: 0.3215
Batch 200, Loss: 0.3167
Batch 300, Loss: 0.3111
Epoch 188 learning rate: 0.0008856374635655645
Epoch 188 time: 236.29910445213318 seconds
Epoch 188 accuracy: 81.01%
Batch 100, Loss: 0.3057
Batch 200, Loss: 0.3082
Batch 300, Loss: 0.3171
Epoch 189 learning rate: 0.000744533692261307
Epoch 189 time: 236.24709820747375 seconds
Epoch 189 accuracy: 81.11%
Batch 100, Loss: 0.3040
Batch 200, Loss: 0.3226
Batch 300, Loss: 0.3077
Epoch 190 learning rate: 0.0006155829702431174
Epoch 190 time: 236.28151297569275 seconds
Epoch 190 accuracy: 81.25%
Batch 100, Loss: 0.3172
Batch 200, Loss: 0.3072
Batch 300, Loss: 0.3137
Epoch 191 learning rate: 0.0004988171141721235
Epoch 191 time: 236.26019096374512 seconds
Epoch 191 accuracy: 81.24%
Batch 100, Loss: 0.3074
Batch 200, Loss: 0.3131
Batch 300, Loss: 0.3127
Epoch 192 learning rate: 0.00039426493427611206
Epoch 192 time: 236.31560635566711 seconds
Epoch 192 accuracy: 81.16%
Batch 100, Loss: 0.3073
Batch 200, Loss: 0.3151
Batch 300, Loss: 0.3048
Epoch 193 learning rate: 0.00030195222724102046
Epoch 193 time: 236.06090760231018 seconds
Epoch 193 accuracy: 81.27%
Batch 100, Loss: 0.2998
Batch 200, Loss: 0.3055
Batch 300, Loss: 0.3052
Epoch 194 learning rate: 0.00022190176984600036
Epoch 194 time: 236.1841266155243 seconds
Epoch 194 accuracy: 81.32%
Batch 100, Loss: 0.3123
Batch 200, Loss: 0.3072
Batch 300, Loss: 0.2956
Epoch 195 learning rate: 0.00015413331334360192
Epoch 195 time: 236.2450020313263 seconds
Epoch 195 accuracy: 81.4%
Batch 100, Loss: 0.2976
Batch 200, Loss: 0.3086
Batch 300, Loss: 0.2982
Epoch 196 learning rate: 9.866357858642213e-05
Epoch 196 time: 236.25202584266663 seconds
Epoch 196 accuracy: 81.29%
Batch 100, Loss: 0.3120
Batch 200, Loss: 0.3080
Batch 300, Loss: 0.3012
Epoch 197 learning rate: 5.5506251901504864e-05
Epoch 197 time: 236.1973569393158 seconds
Epoch 197 accuracy: 81.39%
Batch 100, Loss: 0.3027
Batch 200, Loss: 0.2986
Batch 300, Loss: 0.3078
Epoch 198 learning rate: 2.4671981713420017e-05
Epoch 198 time: 236.34773802757263 seconds
Epoch 198 accuracy: 81.31%
Batch 100, Loss: 0.2992
Batch 200, Loss: 0.3053
Batch 300, Loss: 0.2966
Epoch 199 learning rate: 6.168375916970619e-06
Epoch 199 time: 236.35406613349915 seconds
Epoch 199 accuracy: 81.26%
Batch 100, Loss: 0.3054
Batch 200, Loss: 0.2916
Batch 300, Loss: 0.2949
Epoch 200 learning rate: 0.0
Epoch 200 time: 236.28778314590454 seconds
Epoch 200 accuracy: 81.18%
rho:  0.1 , alpha:  0.3
Total training time: 47283.509748220444 seconds
