The following modules were not unloaded:
  (Use "module --force purge" to unload all):

  1) CCconfig        6)  ucx/1.14.1         11) flexiblas/3.3.1
  2) gentoo/2023     7)  libfabric/1.18.0   12) imkl/2023.2.0
  3) gcccore/.12.3   8)  pmix/4.2.4         13) StdEnv/2023
  4) gcc/12.3        9)  ucc/1.2.0
  5) hwloc/2.9.1     10) openmpi/4.1.5
/project/6070520/tkleinkn/Vanilla-GAM/main_cifar.py:187: UserWarning: You have chosen a specific GPU. This will completely disable data parallelism.
  warnings.warn('You have chosen a specific GPU. This will completely '
model name space ['resnet101_c', 'resnet152_c', 'resnet18_c', 'resnet34_c', 'resnet50_c']
Use GPU: 0 for training
=> creating model 'resnet18_c'
Files already downloaded and verified
Files already downloaded and verified
tensorboard dir ./results/CIFAR100/GAMNonAccelerated
Using non-accelerated GAM
/home/tkleinkn/GAMtest/lib/python3.11/site-packages/torch/autograd/graph.py:744: UserWarning: Using backward() with create_graph=True will create a reference cycle between the parameter and its gradient which can cause a memory leak. We recommend using autograd.grad when creating the graph to avoid this. If you have to use this function, make sure to reset the .grad fields of your parameters to None after use to break the cycle and avoid the leak. (Triggered internally at /home/coulombc/wheels_builder/tmp.2617/python-3.11/torch/torch/csrc/autograd/engine.cpp:1203.)
  return Variable._execution_engine.run_backward(  # Calls into the C++ engine to run the backward pass
Batch 100, Loss: 3.6530
Batch 200, Loss: 3.3175
Batch 300, Loss: 3.2210
Epoch 1 learning rate: 0.09999383162408304
Epoch 1 time: 245.6713309288025 seconds
Epoch 1 accuracy: 12.46%
Batch 100, Loss: 3.0707
Batch 200, Loss: 2.9385
Batch 300, Loss: 2.8587
Epoch 2 learning rate: 0.09997532801828658
Epoch 2 time: 236.32312631607056 seconds
Epoch 2 accuracy: 21.22%
Batch 100, Loss: 2.6669
Batch 200, Loss: 2.6178
Batch 300, Loss: 2.5324
Epoch 3 learning rate: 0.09994449374809851
Epoch 3 time: 236.07580733299255 seconds
Epoch 3 accuracy: 27.29%
Batch 100, Loss: 2.3507
Batch 200, Loss: 2.2965
Batch 300, Loss: 2.2316
Epoch 4 learning rate: 0.09990133642141359
Epoch 4 time: 236.24686431884766 seconds
Epoch 4 accuracy: 35.05%
Batch 100, Loss: 2.0626
Batch 200, Loss: 2.0379
Batch 300, Loss: 1.9972
Epoch 5 learning rate: 0.09984586668665642
Epoch 5 time: 236.17495107650757 seconds
Epoch 5 accuracy: 39.94%
Batch 100, Loss: 1.8453
Batch 200, Loss: 1.8283
Batch 300, Loss: 1.8231
Epoch 6 learning rate: 0.09977809823015402
Epoch 6 time: 236.21371364593506 seconds
Epoch 6 accuracy: 41.92%
Batch 100, Loss: 1.6986
Batch 200, Loss: 1.7072
Batch 300, Loss: 1.6692
Epoch 7 learning rate: 0.09969804777275901
Epoch 7 time: 236.13483905792236 seconds
Epoch 7 accuracy: 48.11%
Batch 100, Loss: 1.5618
Batch 200, Loss: 1.5771
Batch 300, Loss: 1.5707
Epoch 8 learning rate: 0.09960573506572391
Epoch 8 time: 235.98541736602783 seconds
Epoch 8 accuracy: 51.51%
Batch 100, Loss: 1.4857
Batch 200, Loss: 1.5048
Batch 300, Loss: 1.5041
Epoch 9 learning rate: 0.09950118288582789
Epoch 9 time: 236.01296877861023 seconds
Epoch 9 accuracy: 53.81%
Batch 100, Loss: 1.4059
Batch 200, Loss: 1.4340
Batch 300, Loss: 1.4270
Epoch 10 learning rate: 0.09938441702975691
Epoch 10 time: 235.926255941391 seconds
Epoch 10 accuracy: 53.15%
Batch 100, Loss: 1.3661
Batch 200, Loss: 1.3732
Batch 300, Loss: 1.3598
Epoch 11 learning rate: 0.09925546630773871
Epoch 11 time: 235.94253063201904 seconds
Epoch 11 accuracy: 52.14%
Batch 100, Loss: 1.3184
Batch 200, Loss: 1.3265
Batch 300, Loss: 1.3492
Epoch 12 learning rate: 0.09911436253643445
Epoch 12 time: 235.79043865203857 seconds
Epoch 12 accuracy: 53.18%
Batch 100, Loss: 1.2749
Batch 200, Loss: 1.2654
Batch 300, Loss: 1.3095
Epoch 13 learning rate: 0.0989611405310883
Epoch 13 time: 235.97953534126282 seconds
Epoch 13 accuracy: 54.37%
Batch 100, Loss: 1.2260
Batch 200, Loss: 1.2624
Batch 300, Loss: 1.2738
Epoch 14 learning rate: 0.09879583809693739
Epoch 14 time: 236.06847548484802 seconds
Epoch 14 accuracy: 54.96%
Batch 100, Loss: 1.2013
Batch 200, Loss: 1.2210
Batch 300, Loss: 1.2520
Epoch 15 learning rate: 0.09861849601988384
Epoch 15 time: 235.9484281539917 seconds
Epoch 15 accuracy: 56.76%
Batch 100, Loss: 1.1625
Batch 200, Loss: 1.2057
Batch 300, Loss: 1.2071
Epoch 16 learning rate: 0.09842915805643157
Epoch 16 time: 236.0607283115387 seconds
Epoch 16 accuracy: 55.4%
Batch 100, Loss: 1.1517
Batch 200, Loss: 1.1863
Batch 300, Loss: 1.1987
Epoch 17 learning rate: 0.09822787092288993
Epoch 17 time: 236.0530858039856 seconds
Epoch 17 accuracy: 57.45%
Batch 100, Loss: 1.1354
Batch 200, Loss: 1.1544
Batch 300, Loss: 1.1813
Epoch 18 learning rate: 0.09801468428384717
Epoch 18 time: 236.12110018730164 seconds
Epoch 18 accuracy: 58.6%
Batch 100, Loss: 1.1097
Batch 200, Loss: 1.1526
Batch 300, Loss: 1.1601
Epoch 19 learning rate: 0.09778965073991652
Epoch 19 time: 236.0643594264984 seconds
Epoch 19 accuracy: 56.45%
Batch 100, Loss: 1.1036
Batch 200, Loss: 1.1067
Batch 300, Loss: 1.1481
Epoch 20 learning rate: 0.0975528258147577
Epoch 20 time: 236.0219156742096 seconds
Epoch 20 accuracy: 59.23%
Batch 100, Loss: 1.0760
Batch 200, Loss: 1.1041
Batch 300, Loss: 1.1278
Epoch 21 learning rate: 0.09730426794137728
Epoch 21 time: 235.95463299751282 seconds
Epoch 21 accuracy: 58.82%
Batch 100, Loss: 1.0481
Batch 200, Loss: 1.0809
Batch 300, Loss: 1.1103
Epoch 22 learning rate: 0.09704403844771128
Epoch 22 time: 236.06170630455017 seconds
Epoch 22 accuracy: 57.65%
Batch 100, Loss: 1.0523
Batch 200, Loss: 1.0844
Batch 300, Loss: 1.0997
Epoch 23 learning rate: 0.09677220154149338
Epoch 23 time: 236.1193504333496 seconds
Epoch 23 accuracy: 57.52%
Batch 100, Loss: 1.0298
Batch 200, Loss: 1.0624
Batch 300, Loss: 1.0903
Epoch 24 learning rate: 0.09648882429441258
Epoch 24 time: 236.12086534500122 seconds
Epoch 24 accuracy: 60.99%
Batch 100, Loss: 1.0175
Batch 200, Loss: 1.0688
Batch 300, Loss: 1.0585
Epoch 25 learning rate: 0.09619397662556435
Epoch 25 time: 236.1019127368927 seconds
Epoch 25 accuracy: 59.11%
Batch 100, Loss: 1.0130
Batch 200, Loss: 1.0407
Batch 300, Loss: 1.0691
Epoch 26 learning rate: 0.09588773128419906
Epoch 26 time: 236.09246158599854 seconds
Epoch 26 accuracy: 60.89%
Batch 100, Loss: 1.0078
Batch 200, Loss: 1.0224
Batch 300, Loss: 1.0557
Epoch 27 learning rate: 0.09557016383177226
Epoch 27 time: 235.83340334892273 seconds
Epoch 27 accuracy: 61.16%
Batch 100, Loss: 0.9694
Batch 200, Loss: 1.0174
Batch 300, Loss: 1.0421
Epoch 28 learning rate: 0.09524135262330098
Epoch 28 time: 236.03128957748413 seconds
Epoch 28 accuracy: 59.15%
Batch 100, Loss: 0.9931
Batch 200, Loss: 1.0056
Batch 300, Loss: 1.0434
Epoch 29 learning rate: 0.09490137878803079
Epoch 29 time: 235.9835925102234 seconds
Epoch 29 accuracy: 61.47%
Batch 100, Loss: 0.9571
Batch 200, Loss: 1.0028
Batch 300, Loss: 1.0474
Epoch 30 learning rate: 0.0945503262094184
Epoch 30 time: 236.0818109512329 seconds
Epoch 30 accuracy: 59.38%
Batch 100, Loss: 0.9749
Batch 200, Loss: 0.9789
Batch 300, Loss: 1.0126
Epoch 31 learning rate: 0.0941882815044347
Epoch 31 time: 236.0901746749878 seconds
Epoch 31 accuracy: 61.61%
Batch 100, Loss: 0.9401
Batch 200, Loss: 0.9995
Batch 300, Loss: 1.0174
Epoch 32 learning rate: 0.09381533400219319
Epoch 32 time: 236.0221962928772 seconds
Epoch 32 accuracy: 61.17%
Batch 100, Loss: 0.9395
Batch 200, Loss: 0.9858
Batch 300, Loss: 1.0045
Epoch 33 learning rate: 0.09343157572190958
Epoch 33 time: 236.1859896183014 seconds
Epoch 33 accuracy: 59.4%
Batch 100, Loss: 0.9343
Batch 200, Loss: 0.9662
Batch 300, Loss: 0.9967
Epoch 34 learning rate: 0.0930371013501972
Epoch 34 time: 236.068683385849 seconds
Epoch 34 accuracy: 63.04%
Batch 100, Loss: 0.9275
Batch 200, Loss: 0.9652
Batch 300, Loss: 0.9825
Epoch 35 learning rate: 0.09263200821770463
Epoch 35 time: 237.82823133468628 seconds
Epoch 35 accuracy: 61.44%
Batch 100, Loss: 0.9007
Batch 200, Loss: 0.9760
Batch 300, Loss: 0.9767
Epoch 36 learning rate: 0.09221639627510078
Epoch 36 time: 236.08303117752075 seconds
Epoch 36 accuracy: 59.97%
Batch 100, Loss: 0.9338
Batch 200, Loss: 0.9181
Batch 300, Loss: 0.9951
Epoch 37 learning rate: 0.09179036806841355
Epoch 37 time: 235.95172309875488 seconds
Epoch 37 accuracy: 61.61%
Batch 100, Loss: 0.8978
Batch 200, Loss: 0.9512
Batch 300, Loss: 0.9649
Epoch 38 learning rate: 0.09135402871372812
Epoch 38 time: 235.91228604316711 seconds
Epoch 38 accuracy: 61.7%
Batch 100, Loss: 0.9095
Batch 200, Loss: 0.9390
Batch 300, Loss: 0.9595
Epoch 39 learning rate: 0.0909074858712512
Epoch 39 time: 235.95886278152466 seconds
Epoch 39 accuracy: 60.86%
Batch 100, Loss: 0.8762
Batch 200, Loss: 0.9440
Batch 300, Loss: 0.9522
Epoch 40 learning rate: 0.09045084971874741
Epoch 40 time: 236.06715869903564 seconds
Epoch 40 accuracy: 60.87%
Batch 100, Loss: 0.8729
Batch 200, Loss: 0.9161
Batch 300, Loss: 0.9486
Epoch 41 learning rate: 0.08998423292435458
Epoch 41 time: 235.9153869152069 seconds
Epoch 41 accuracy: 60.81%
Batch 100, Loss: 0.8919
Batch 200, Loss: 0.9060
Batch 300, Loss: 0.9488
Epoch 42 learning rate: 0.08950775061878455
Epoch 42 time: 235.98694443702698 seconds
Epoch 42 accuracy: 61.77%
Batch 100, Loss: 0.8818
Batch 200, Loss: 0.9188
Batch 300, Loss: 0.9330
Epoch 43 learning rate: 0.08902152036691653
Epoch 43 time: 235.94053292274475 seconds
Epoch 43 accuracy: 63.78%
Batch 100, Loss: 0.8783
Batch 200, Loss: 0.9066
Batch 300, Loss: 0.9273
Epoch 44 learning rate: 0.08852566213878951
Epoch 44 time: 235.9682319164276 seconds
Epoch 44 accuracy: 60.6%
Batch 100, Loss: 0.8493
Batch 200, Loss: 0.8943
Batch 300, Loss: 0.9438
Epoch 45 learning rate: 0.0880202982800016
Epoch 45 time: 236.11644554138184 seconds
Epoch 45 accuracy: 63.09%
Batch 100, Loss: 0.8549
Batch 200, Loss: 0.9037
Batch 300, Loss: 0.9208
Epoch 46 learning rate: 0.08750555348152303
Epoch 46 time: 236.0386290550232 seconds
Epoch 46 accuracy: 63.97%
Batch 100, Loss: 0.8362
Batch 200, Loss: 0.8911
Batch 300, Loss: 0.9159
Epoch 47 learning rate: 0.08698155474893052
Epoch 47 time: 235.97752404212952 seconds
Epoch 47 accuracy: 64.57%
Batch 100, Loss: 0.8439
Batch 200, Loss: 0.8562
Batch 300, Loss: 0.9093
Epoch 48 learning rate: 0.08644843137107061
Epoch 48 time: 236.02207612991333 seconds
Epoch 48 accuracy: 60.75%
Batch 100, Loss: 0.8272
Batch 200, Loss: 0.8856
Batch 300, Loss: 0.9053
Epoch 49 learning rate: 0.08590631488815947
Epoch 49 time: 235.94046592712402 seconds
Epoch 49 accuracy: 62.91%
Batch 100, Loss: 0.8384
Batch 200, Loss: 0.8787
Batch 300, Loss: 0.8904
Epoch 50 learning rate: 0.0853553390593274
Epoch 50 time: 236.01175379753113 seconds
Epoch 50 accuracy: 59.6%
Batch 100, Loss: 0.8298
Batch 200, Loss: 0.8603
Batch 300, Loss: 0.8875
Epoch 51 learning rate: 0.08479563982961574
Epoch 51 time: 236.0267333984375 seconds
Epoch 51 accuracy: 64.53%
Batch 100, Loss: 0.8253
Batch 200, Loss: 0.8768
Batch 300, Loss: 0.8704
Epoch 52 learning rate: 0.08422735529643446
Epoch 52 time: 235.89603209495544 seconds
Epoch 52 accuracy: 66.35%
Batch 100, Loss: 0.8005
Batch 200, Loss: 0.8727
Batch 300, Loss: 0.8850
Epoch 53 learning rate: 0.08365062567548869
Epoch 53 time: 235.8811559677124 seconds
Epoch 53 accuracy: 63.15%
Batch 100, Loss: 0.7980
Batch 200, Loss: 0.8435
Batch 300, Loss: 0.8604
Epoch 54 learning rate: 0.08306559326618261
Epoch 54 time: 236.0702519416809 seconds
Epoch 54 accuracy: 64.93%
Batch 100, Loss: 0.7913
Batch 200, Loss: 0.8350
Batch 300, Loss: 0.8732
Epoch 55 learning rate: 0.0824724024165092
Epoch 55 time: 235.98737740516663 seconds
Epoch 55 accuracy: 63.84%
Batch 100, Loss: 0.7856
Batch 200, Loss: 0.8141
Batch 300, Loss: 0.8515
Epoch 56 learning rate: 0.0818711994874345
Epoch 56 time: 235.94102787971497 seconds
Epoch 56 accuracy: 63.19%
Batch 100, Loss: 0.7923
Batch 200, Loss: 0.8290
Batch 300, Loss: 0.8553
Epoch 57 learning rate: 0.08126213281678528
Epoch 57 time: 236.03485989570618 seconds
Epoch 57 accuracy: 65.68%
Batch 100, Loss: 0.7728
Batch 200, Loss: 0.8140
Batch 300, Loss: 0.8584
Epoch 58 learning rate: 0.08064535268264884
Epoch 58 time: 236.17140364646912 seconds
Epoch 58 accuracy: 64.49%
Batch 100, Loss: 0.7687
Batch 200, Loss: 0.8194
Batch 300, Loss: 0.8313
Epoch 59 learning rate: 0.08002101126629421
Epoch 59 time: 236.09747529029846 seconds
Epoch 59 accuracy: 64.89%
Batch 100, Loss: 0.7640
Batch 200, Loss: 0.8023
Batch 300, Loss: 0.8212
Epoch 60 learning rate: 0.07938926261462367
Epoch 60 time: 236.02341032028198 seconds
Epoch 60 accuracy: 64.62%
Batch 100, Loss: 0.7561
Batch 200, Loss: 0.8071
Batch 300, Loss: 0.8330
Epoch 61 learning rate: 0.07875026260216395
Epoch 61 time: 236.14921355247498 seconds
Epoch 61 accuracy: 65.4%
Batch 100, Loss: 0.7531
Batch 200, Loss: 0.7964
Batch 300, Loss: 0.8276
Epoch 62 learning rate: 0.07810416889260656
Epoch 62 time: 236.05560779571533 seconds
Epoch 62 accuracy: 66.23%
Batch 100, Loss: 0.7673
Batch 200, Loss: 0.8012
Batch 300, Loss: 0.8047
Epoch 63 learning rate: 0.07745114089990661
Epoch 63 time: 236.00965642929077 seconds
Epoch 63 accuracy: 66.75%
Batch 100, Loss: 0.7427
Batch 200, Loss: 0.7790
Batch 300, Loss: 0.8087
Epoch 64 learning rate: 0.07679133974894985
Epoch 64 time: 236.1077060699463 seconds
Epoch 64 accuracy: 65.75%
Batch 100, Loss: 0.7437
Batch 200, Loss: 0.7612
Batch 300, Loss: 0.8216
Epoch 65 learning rate: 0.07612492823579746
Epoch 65 time: 236.50429034233093 seconds
Epoch 65 accuracy: 66.23%
Batch 100, Loss: 0.7330
Batch 200, Loss: 0.7602
Batch 300, Loss: 0.7835
Epoch 66 learning rate: 0.07545207078751859
Epoch 66 time: 236.02551651000977 seconds
Epoch 66 accuracy: 61.79%
Batch 100, Loss: 0.7283
Batch 200, Loss: 0.7585
Batch 300, Loss: 0.7883
Epoch 67 learning rate: 0.0747729334216204
Epoch 67 time: 235.97863268852234 seconds
Epoch 67 accuracy: 65.5%
Batch 100, Loss: 0.7294
Batch 200, Loss: 0.7573
Batch 300, Loss: 0.7679
Epoch 68 learning rate: 0.07408768370508578
Epoch 68 time: 236.13529014587402 seconds
Epoch 68 accuracy: 66.35%
Batch 100, Loss: 0.7083
Batch 200, Loss: 0.7451
Batch 300, Loss: 0.7830
Epoch 69 learning rate: 0.0733964907130287
Epoch 69 time: 235.84619760513306 seconds
Epoch 69 accuracy: 66.11%
Batch 100, Loss: 0.6866
Batch 200, Loss: 0.7575
Batch 300, Loss: 0.7631
Epoch 70 learning rate: 0.07269952498697736
Epoch 70 time: 236.02555298805237 seconds
Epoch 70 accuracy: 65.25%
Batch 100, Loss: 0.7035
Batch 200, Loss: 0.7112
Batch 300, Loss: 0.7736
Epoch 71 learning rate: 0.07199695849279578
Epoch 71 time: 235.93094205856323 seconds
Epoch 71 accuracy: 65.91%
Batch 100, Loss: 0.6823
Batch 200, Loss: 0.7392
Batch 300, Loss: 0.7592
Epoch 72 learning rate: 0.07128896457825366
Epoch 72 time: 235.98687028884888 seconds
Epoch 72 accuracy: 64.02%
Batch 100, Loss: 0.6963
Batch 200, Loss: 0.7209
Batch 300, Loss: 0.7602
Epoch 73 learning rate: 0.07057571793025548
Epoch 73 time: 236.02003955841064 seconds
Epoch 73 accuracy: 67.73%
Batch 100, Loss: 0.6754
Batch 200, Loss: 0.7062
Batch 300, Loss: 0.7545
Epoch 74 learning rate: 0.06985739453173906
Epoch 74 time: 235.89694786071777 seconds
Epoch 74 accuracy: 66.61%
Batch 100, Loss: 0.6800
Batch 200, Loss: 0.7029
Batch 300, Loss: 0.7492
Epoch 75 learning rate: 0.06913417161825453
Epoch 75 time: 236.0578739643097 seconds
Epoch 75 accuracy: 64.9%
Batch 100, Loss: 0.6599
Batch 200, Loss: 0.7103
Batch 300, Loss: 0.7380
Epoch 76 learning rate: 0.06840622763423394
Epoch 76 time: 236.10234665870667 seconds
Epoch 76 accuracy: 64.05%
Batch 100, Loss: 0.6642
Batch 200, Loss: 0.6940
Batch 300, Loss: 0.7285
Epoch 77 learning rate: 0.0676737421889629
Epoch 77 time: 236.14521551132202 seconds
Epoch 77 accuracy: 65.62%
Batch 100, Loss: 0.6411
Batch 200, Loss: 0.6819
Batch 300, Loss: 0.7053
Epoch 78 learning rate: 0.06693689601226462
Epoch 78 time: 236.0431866645813 seconds
Epoch 78 accuracy: 66.57%
Batch 100, Loss: 0.6474
Batch 200, Loss: 0.6729
Batch 300, Loss: 0.6987
Epoch 79 learning rate: 0.06619587090990751
Epoch 79 time: 236.0356764793396 seconds
Epoch 79 accuracy: 65.54%
Batch 100, Loss: 0.6346
Batch 200, Loss: 0.6784
Batch 300, Loss: 0.7130
Epoch 80 learning rate: 0.06545084971874741
Epoch 80 time: 236.05835127830505 seconds
Epoch 80 accuracy: 67.09%
Batch 100, Loss: 0.6411
Batch 200, Loss: 0.6775
Batch 300, Loss: 0.6798
Epoch 81 learning rate: 0.06470201626161524
Epoch 81 time: 235.9983892440796 seconds
Epoch 81 accuracy: 67.15%
Batch 100, Loss: 0.6175
Batch 200, Loss: 0.6570
Batch 300, Loss: 0.7039
Epoch 82 learning rate: 0.06394955530196152
Epoch 82 time: 235.93312001228333 seconds
Epoch 82 accuracy: 67.52%
Batch 100, Loss: 0.6302
Batch 200, Loss: 0.6405
Batch 300, Loss: 0.6911
Epoch 83 learning rate: 0.06319365249826868
Epoch 83 time: 236.02238249778748 seconds
Epoch 83 accuracy: 66.43%
Batch 100, Loss: 0.6092
Batch 200, Loss: 0.6390
Batch 300, Loss: 0.6726
Epoch 84 learning rate: 0.06243449435824277
Epoch 84 time: 235.97874450683594 seconds
Epoch 84 accuracy: 68.67%
Batch 100, Loss: 0.6014
Batch 200, Loss: 0.6323
Batch 300, Loss: 0.6585
Epoch 85 learning rate: 0.06167226819279532
Epoch 85 time: 235.9498257637024 seconds
Epoch 85 accuracy: 67.44%
Batch 100, Loss: 0.6017
Batch 200, Loss: 0.6412
Batch 300, Loss: 0.6369
Epoch 86 learning rate: 0.06090716206982718
Epoch 86 time: 235.96565914154053 seconds
Epoch 86 accuracy: 65.88%
Batch 100, Loss: 0.5914
Batch 200, Loss: 0.6158
Batch 300, Loss: 0.6533
Epoch 87 learning rate: 0.06013936476782568
Epoch 87 time: 235.9623999595642 seconds
Epoch 87 accuracy: 67.73%
Batch 100, Loss: 0.5651
Batch 200, Loss: 0.6087
Batch 300, Loss: 0.6479
Epoch 88 learning rate: 0.05936906572928629
Epoch 88 time: 235.97362899780273 seconds
Epoch 88 accuracy: 68.92%
Batch 100, Loss: 0.5645
Batch 200, Loss: 0.6162
Batch 300, Loss: 0.6367
Epoch 89 learning rate: 0.05859645501397052
Epoch 89 time: 236.06240916252136 seconds
Epoch 89 accuracy: 68.13%
Batch 100, Loss: 0.5666
Batch 200, Loss: 0.5844
Batch 300, Loss: 0.6085
Epoch 90 learning rate: 0.05782172325201159
Epoch 90 time: 235.89139199256897 seconds
Epoch 90 accuracy: 67.76%
Batch 100, Loss: 0.5589
Batch 200, Loss: 0.5887
Batch 300, Loss: 0.6247
Epoch 91 learning rate: 0.057045061596879186
Epoch 91 time: 236.06842851638794 seconds
Epoch 91 accuracy: 67.79%
Batch 100, Loss: 0.5517
Batch 200, Loss: 0.5726
Batch 300, Loss: 0.6086
Epoch 92 learning rate: 0.056266661678215264
Epoch 92 time: 235.97919964790344 seconds
Epoch 92 accuracy: 68.21%
Batch 100, Loss: 0.5390
Batch 200, Loss: 0.5630
Batch 300, Loss: 0.6114
Epoch 93 learning rate: 0.055486715554552306
Epoch 93 time: 236.01041054725647 seconds
Epoch 93 accuracy: 65.91%
Batch 100, Loss: 0.5283
Batch 200, Loss: 0.5763
Batch 300, Loss: 0.6026
Epoch 94 learning rate: 0.05470541566592575
Epoch 94 time: 236.1321485042572 seconds
Epoch 94 accuracy: 68.87%
Batch 100, Loss: 0.5162
Batch 200, Loss: 0.5514
Batch 300, Loss: 0.5974
Epoch 95 learning rate: 0.05392295478639229
Epoch 95 time: 236.12773275375366 seconds
Epoch 95 accuracy: 68.0%
Batch 100, Loss: 0.5106
Batch 200, Loss: 0.5660
Batch 300, Loss: 0.5797
Epoch 96 learning rate: 0.05313952597646571
Epoch 96 time: 235.91945505142212 seconds
Epoch 96 accuracy: 66.12%
Batch 100, Loss: 0.5237
Batch 200, Loss: 0.5271
Batch 300, Loss: 0.5769
Epoch 97 learning rate: 0.05235532253548216
Epoch 97 time: 236.0304205417633 seconds
Epoch 97 accuracy: 68.34%
Batch 100, Loss: 0.5138
Batch 200, Loss: 0.5322
Batch 300, Loss: 0.5524
Epoch 98 learning rate: 0.051570537953906447
Epoch 98 time: 236.05440545082092 seconds
Epoch 98 accuracy: 68.42%
Batch 100, Loss: 0.4947
Batch 200, Loss: 0.5075
Batch 300, Loss: 0.5651
Epoch 99 learning rate: 0.05078536586559106
Epoch 99 time: 235.91077494621277 seconds
Epoch 99 accuracy: 68.44%
Batch 100, Loss: 0.4968
Batch 200, Loss: 0.5028
Batch 300, Loss: 0.5439
Epoch 100 learning rate: 0.050000000000000024
Epoch 100 time: 235.9030885696411 seconds
Epoch 100 accuracy: 68.05%
Batch 100, Loss: 0.4790
Batch 200, Loss: 0.5094
Batch 300, Loss: 0.5279
Epoch 101 learning rate: 0.049214634134409
Epoch 101 time: 236.2141695022583 seconds
Epoch 101 accuracy: 70.8%
Batch 100, Loss: 0.4774
Batch 200, Loss: 0.5042
Batch 300, Loss: 0.5369
Epoch 102 learning rate: 0.04842946204609361
Epoch 102 time: 236.0165102481842 seconds
Epoch 102 accuracy: 70.81%
Batch 100, Loss: 0.4531
Batch 200, Loss: 0.4865
Batch 300, Loss: 0.5121
Epoch 103 learning rate: 0.04764467746451789
Epoch 103 time: 235.99026703834534 seconds
Epoch 103 accuracy: 71.0%
Batch 100, Loss: 0.4479
Batch 200, Loss: 0.4894
Batch 300, Loss: 0.5057
Epoch 104 learning rate: 0.046860474023534354
Epoch 104 time: 235.94713377952576 seconds
Epoch 104 accuracy: 69.54%
Batch 100, Loss: 0.4423
Batch 200, Loss: 0.4771
Batch 300, Loss: 0.5079
Epoch 105 learning rate: 0.04607704521360778
Epoch 105 time: 235.99927926063538 seconds
Epoch 105 accuracy: 70.19%
Batch 100, Loss: 0.4387
Batch 200, Loss: 0.4645
Batch 300, Loss: 0.4893
Epoch 106 learning rate: 0.04529458433407431
Epoch 106 time: 236.18207550048828 seconds
Epoch 106 accuracy: 68.03%
Batch 100, Loss: 0.4460
Batch 200, Loss: 0.4603
Batch 300, Loss: 0.4865
Epoch 107 learning rate: 0.04451328444544776
Epoch 107 time: 236.09663844108582 seconds
Epoch 107 accuracy: 69.55%
Batch 100, Loss: 0.4169
Batch 200, Loss: 0.4430
Batch 300, Loss: 0.4766
Epoch 108 learning rate: 0.04373333832178482
Epoch 108 time: 235.97458600997925 seconds
Epoch 108 accuracy: 70.15%
Batch 100, Loss: 0.4049
Batch 200, Loss: 0.4390
Batch 300, Loss: 0.4670
Epoch 109 learning rate: 0.0429549384031209
Epoch 109 time: 235.9097604751587 seconds
Epoch 109 accuracy: 69.8%
Batch 100, Loss: 0.3986
Batch 200, Loss: 0.4275
Batch 300, Loss: 0.4546
Epoch 110 learning rate: 0.042178276747988484
Epoch 110 time: 235.9062418937683 seconds
Epoch 110 accuracy: 70.33%
Batch 100, Loss: 0.4025
Batch 200, Loss: 0.4238
Batch 300, Loss: 0.4531
Epoch 111 learning rate: 0.04140354498602954
Epoch 111 time: 235.95356845855713 seconds
Epoch 111 accuracy: 70.76%
Batch 100, Loss: 0.3995
Batch 200, Loss: 0.4067
Batch 300, Loss: 0.4402
Epoch 112 learning rate: 0.0406309342707138
Epoch 112 time: 236.00079894065857 seconds
Epoch 112 accuracy: 70.52%
Batch 100, Loss: 0.3845
Batch 200, Loss: 0.3889
Batch 300, Loss: 0.4224
Epoch 113 learning rate: 0.03986063523217441
Epoch 113 time: 236.02378153800964 seconds
Epoch 113 accuracy: 70.68%
Batch 100, Loss: 0.3684
Batch 200, Loss: 0.3738
Batch 300, Loss: 0.4209
Epoch 114 learning rate: 0.039092837930172916
Epoch 114 time: 235.96631336212158 seconds
Epoch 114 accuracy: 71.83%
Batch 100, Loss: 0.3702
Batch 200, Loss: 0.3812
Batch 300, Loss: 0.4136
Epoch 115 learning rate: 0.03832773180720475
Epoch 115 time: 236.01377868652344 seconds
Epoch 115 accuracy: 71.91%
Batch 100, Loss: 0.3630
Batch 200, Loss: 0.3834
Batch 300, Loss: 0.3993
Epoch 116 learning rate: 0.037565505641757285
Epoch 116 time: 236.09465861320496 seconds
Epoch 116 accuracy: 70.63%
Batch 100, Loss: 0.3565
Batch 200, Loss: 0.3595
Batch 300, Loss: 0.3818
Epoch 117 learning rate: 0.03680634750173138
Epoch 117 time: 236.11336374282837 seconds
Epoch 117 accuracy: 71.13%
Batch 100, Loss: 0.3480
Batch 200, Loss: 0.3518
Batch 300, Loss: 0.3743
Epoch 118 learning rate: 0.036050444698038565
Epoch 118 time: 235.84732055664062 seconds
Epoch 118 accuracy: 72.06%
Batch 100, Loss: 0.3356
Batch 200, Loss: 0.3529
Batch 300, Loss: 0.3670
Epoch 119 learning rate: 0.03529798373838483
Epoch 119 time: 236.03487992286682 seconds
Epoch 119 accuracy: 71.82%
Batch 100, Loss: 0.3252
Batch 200, Loss: 0.3406
Batch 300, Loss: 0.3580
Epoch 120 learning rate: 0.03454915028125267
Epoch 120 time: 235.99325323104858 seconds
Epoch 120 accuracy: 72.55%
Batch 100, Loss: 0.3024
Batch 200, Loss: 0.3212
Batch 300, Loss: 0.3587
Epoch 121 learning rate: 0.03380412909009255
Epoch 121 time: 235.92605113983154 seconds
Epoch 121 accuracy: 72.04%
Batch 100, Loss: 0.3098
Batch 200, Loss: 0.3188
Batch 300, Loss: 0.3457
Epoch 122 learning rate: 0.03306310398773545
Epoch 122 time: 236.0967984199524 seconds
Epoch 122 accuracy: 71.33%
Batch 100, Loss: 0.2937
Batch 200, Loss: 0.3084
Batch 300, Loss: 0.3315
Epoch 123 learning rate: 0.03232625781103717
Epoch 123 time: 236.0072762966156 seconds
Epoch 123 accuracy: 72.23%
Batch 100, Loss: 0.2863
Batch 200, Loss: 0.3001
Batch 300, Loss: 0.3171
Epoch 124 learning rate: 0.03159377236576613
Epoch 124 time: 236.06637597084045 seconds
Epoch 124 accuracy: 72.66%
Batch 100, Loss: 0.2786
Batch 200, Loss: 0.2917
Batch 300, Loss: 0.3130
Epoch 125 learning rate: 0.030865828381745543
Epoch 125 time: 236.0492606163025 seconds
Epoch 125 accuracy: 72.15%
Batch 100, Loss: 0.2794
Batch 200, Loss: 0.2798
Batch 300, Loss: 0.3030
Epoch 126 learning rate: 0.03014260546826098
Epoch 126 time: 235.97423458099365 seconds
Epoch 126 accuracy: 72.7%
Batch 100, Loss: 0.2700
Batch 200, Loss: 0.2829
Batch 300, Loss: 0.2906
Epoch 127 learning rate: 0.02942428206974458
Epoch 127 time: 236.03754949569702 seconds
Epoch 127 accuracy: 73.27%
Batch 100, Loss: 0.2516
Batch 200, Loss: 0.2697
Batch 300, Loss: 0.2847
Epoch 128 learning rate: 0.028711035421746387
Epoch 128 time: 236.04488134384155 seconds
Epoch 128 accuracy: 72.37%
Batch 100, Loss: 0.2479
Batch 200, Loss: 0.2614
Batch 300, Loss: 0.2836
Epoch 129 learning rate: 0.02800304150720426
Epoch 129 time: 235.9776861667633 seconds
Epoch 129 accuracy: 72.86%
Batch 100, Loss: 0.2471
Batch 200, Loss: 0.2601
Batch 300, Loss: 0.2765
Epoch 130 learning rate: 0.02730047501302268
Epoch 130 time: 236.1489589214325 seconds
Epoch 130 accuracy: 73.57%
Batch 100, Loss: 0.2349
Batch 200, Loss: 0.2436
Batch 300, Loss: 0.2585
Epoch 131 learning rate: 0.026603509286971357
Epoch 131 time: 235.98787021636963 seconds
Epoch 131 accuracy: 73.34%
Batch 100, Loss: 0.2276
Batch 200, Loss: 0.2355
Batch 300, Loss: 0.2650
Epoch 132 learning rate: 0.025912316294914244
Epoch 132 time: 236.03354811668396 seconds
Epoch 132 accuracy: 74.07%
Batch 100, Loss: 0.2217
Batch 200, Loss: 0.2298
Batch 300, Loss: 0.2484
Epoch 133 learning rate: 0.025227066578379632
Epoch 133 time: 235.9168176651001 seconds
Epoch 133 accuracy: 74.63%
Batch 100, Loss: 0.2240
Batch 200, Loss: 0.2269
Batch 300, Loss: 0.2380
Epoch 134 learning rate: 0.024547929212481445
Epoch 134 time: 236.01691722869873 seconds
Epoch 134 accuracy: 74.46%
Batch 100, Loss: 0.1991
Batch 200, Loss: 0.2149
Batch 300, Loss: 0.2305
Epoch 135 learning rate: 0.02387507176420257
Epoch 135 time: 235.94824075698853 seconds
Epoch 135 accuracy: 74.46%
Batch 100, Loss: 0.2050
Batch 200, Loss: 0.2116
Batch 300, Loss: 0.2165
Epoch 136 learning rate: 0.023208660251050166
Epoch 136 time: 236.08722925186157 seconds
Epoch 136 accuracy: 74.96%
Batch 100, Loss: 0.1899
Batch 200, Loss: 0.1995
Batch 300, Loss: 0.2084
Epoch 137 learning rate: 0.022548859100093414
Epoch 137 time: 235.9341220855713 seconds
Epoch 137 accuracy: 75.59%
Batch 100, Loss: 0.1887
Batch 200, Loss: 0.1968
Batch 300, Loss: 0.1959
Epoch 138 learning rate: 0.021895831107393474
Epoch 138 time: 235.98244786262512 seconds
Epoch 138 accuracy: 74.59%
Batch 100, Loss: 0.1806
Batch 200, Loss: 0.1861
Batch 300, Loss: 0.2015
Epoch 139 learning rate: 0.02124973739783608
Epoch 139 time: 236.00738787651062 seconds
Epoch 139 accuracy: 74.62%
Batch 100, Loss: 0.1746
Batch 200, Loss: 0.1816
Batch 300, Loss: 0.1912
Epoch 140 learning rate: 0.02061073738537636
Epoch 140 time: 236.03570914268494 seconds
Epoch 140 accuracy: 76.26%
Batch 100, Loss: 0.1700
Batch 200, Loss: 0.1792
Batch 300, Loss: 0.1848
Epoch 141 learning rate: 0.019978988733705814
Epoch 141 time: 235.96039462089539 seconds
Epoch 141 accuracy: 75.54%
Batch 100, Loss: 0.1663
Batch 200, Loss: 0.1720
Batch 300, Loss: 0.1811
Epoch 142 learning rate: 0.01935464731735118
Epoch 142 time: 236.0289762020111 seconds
Epoch 142 accuracy: 76.0%
Batch 100, Loss: 0.1609
Batch 200, Loss: 0.1623
Batch 300, Loss: 0.1754
Epoch 143 learning rate: 0.018737867183214747
Epoch 143 time: 235.94592761993408 seconds
Epoch 143 accuracy: 76.01%
Batch 100, Loss: 0.1469
Batch 200, Loss: 0.1578
Batch 300, Loss: 0.1701
Epoch 144 learning rate: 0.01812880051256552
Epoch 144 time: 235.97405982017517 seconds
Epoch 144 accuracy: 76.46%
Batch 100, Loss: 0.1443
Batch 200, Loss: 0.1526
Batch 300, Loss: 0.1602
Epoch 145 learning rate: 0.017527597583490827
Epoch 145 time: 235.90654253959656 seconds
Epoch 145 accuracy: 76.42%
Batch 100, Loss: 0.1429
Batch 200, Loss: 0.1453
Batch 300, Loss: 0.1527
Epoch 146 learning rate: 0.01693440673381742
Epoch 146 time: 235.89010858535767 seconds
Epoch 146 accuracy: 76.12%
Batch 100, Loss: 0.1344
Batch 200, Loss: 0.1399
Batch 300, Loss: 0.1501
Epoch 147 learning rate: 0.016349374324511334
Epoch 147 time: 235.92840576171875 seconds
Epoch 147 accuracy: 76.28%
Batch 100, Loss: 0.1337
Batch 200, Loss: 0.1375
Batch 300, Loss: 0.1450
Epoch 148 learning rate: 0.01577264470356557
Epoch 148 time: 235.9543743133545 seconds
Epoch 148 accuracy: 76.41%
Batch 100, Loss: 0.1274
Batch 200, Loss: 0.1304
Batch 300, Loss: 0.1408
Epoch 149 learning rate: 0.01520436017038429
Epoch 149 time: 235.90748500823975 seconds
Epoch 149 accuracy: 76.13%
Batch 100, Loss: 0.1248
Batch 200, Loss: 0.1239
Batch 300, Loss: 0.1325
Epoch 150 learning rate: 0.014644660940672632
Epoch 150 time: 236.14094972610474 seconds
Epoch 150 accuracy: 76.8%
Batch 100, Loss: 0.1193
Batch 200, Loss: 0.1180
Batch 300, Loss: 0.1262
Epoch 151 learning rate: 0.01409368511184057
Epoch 151 time: 235.95113897323608 seconds
Epoch 151 accuracy: 76.53%
Batch 100, Loss: 0.1195
Batch 200, Loss: 0.1185
Batch 300, Loss: 0.1255
Epoch 152 learning rate: 0.013551568628929438
Epoch 152 time: 235.9184124469757 seconds
Epoch 152 accuracy: 77.4%
Batch 100, Loss: 0.1169
Batch 200, Loss: 0.1154
Batch 300, Loss: 0.1191
Epoch 153 learning rate: 0.013018445251069516
Epoch 153 time: 236.12140893936157 seconds
Epoch 153 accuracy: 77.51%
Batch 100, Loss: 0.1060
Batch 200, Loss: 0.1108
Batch 300, Loss: 0.1172
Epoch 154 learning rate: 0.012494446518477026
Epoch 154 time: 236.12434148788452 seconds
Epoch 154 accuracy: 77.5%
Batch 100, Loss: 0.1044
Batch 200, Loss: 0.1066
Batch 300, Loss: 0.1102
Epoch 155 learning rate: 0.011979701719998459
Epoch 155 time: 235.85147309303284 seconds
Epoch 155 accuracy: 77.52%
Batch 100, Loss: 0.0977
Batch 200, Loss: 0.1018
Batch 300, Loss: 0.1091
Epoch 156 learning rate: 0.011474337861210548
Epoch 156 time: 235.97648096084595 seconds
Epoch 156 accuracy: 77.55%
Batch 100, Loss: 0.0970
Batch 200, Loss: 0.1008
Batch 300, Loss: 0.1019
Epoch 157 learning rate: 0.010978479633083526
Epoch 157 time: 235.98762345314026 seconds
Epoch 157 accuracy: 77.86%
Batch 100, Loss: 0.0939
Batch 200, Loss: 0.0966
Batch 300, Loss: 0.0983
Epoch 158 learning rate: 0.010492249381215483
Epoch 158 time: 235.89971494674683 seconds
Epoch 158 accuracy: 78.07%
Batch 100, Loss: 0.0901
Batch 200, Loss: 0.0920
Batch 300, Loss: 0.0967
Epoch 159 learning rate: 0.010015767075645474
Epoch 159 time: 235.91011667251587 seconds
Epoch 159 accuracy: 78.01%
Batch 100, Loss: 0.0859
Batch 200, Loss: 0.0886
Batch 300, Loss: 0.0937
Epoch 160 learning rate: 0.009549150281252637
Epoch 160 time: 236.0087926387787 seconds
Epoch 160 accuracy: 77.72%
Batch 100, Loss: 0.0878
Batch 200, Loss: 0.0859
Batch 300, Loss: 0.0893
Epoch 161 learning rate: 0.00909251412874884
Epoch 161 time: 235.92243838310242 seconds
Epoch 161 accuracy: 78.34%
Batch 100, Loss: 0.0813
Batch 200, Loss: 0.0832
Batch 300, Loss: 0.0848
Epoch 162 learning rate: 0.008645971286271918
Epoch 162 time: 236.02783226966858 seconds
Epoch 162 accuracy: 78.57%
Batch 100, Loss: 0.0793
Batch 200, Loss: 0.0804
Batch 300, Loss: 0.0820
Epoch 163 learning rate: 0.008209631931586501
Epoch 163 time: 235.91854858398438 seconds
Epoch 163 accuracy: 78.33%
Batch 100, Loss: 0.0767
Batch 200, Loss: 0.0808
Batch 300, Loss: 0.0817
Epoch 164 learning rate: 0.0077836037248992605
Epoch 164 time: 236.1171956062317 seconds
Epoch 164 accuracy: 78.94%
Batch 100, Loss: 0.0742
Batch 200, Loss: 0.0776
Batch 300, Loss: 0.0782
Epoch 165 learning rate: 0.0073679917822954055
Epoch 165 time: 236.1102488040924 seconds
Epoch 165 accuracy: 78.5%
Batch 100, Loss: 0.0730
Batch 200, Loss: 0.0727
Batch 300, Loss: 0.0765
Epoch 166 learning rate: 0.006962898649802815
Epoch 166 time: 236.02529525756836 seconds
Epoch 166 accuracy: 78.9%
Batch 100, Loss: 0.0704
Batch 200, Loss: 0.0732
Batch 300, Loss: 0.0740
Epoch 167 learning rate: 0.006568424278090438
Epoch 167 time: 236.0901894569397 seconds
Epoch 167 accuracy: 78.72%
Batch 100, Loss: 0.0687
Batch 200, Loss: 0.0703
Batch 300, Loss: 0.0751
Epoch 168 learning rate: 0.006184665997806824
Epoch 168 time: 235.8695888519287 seconds
Epoch 168 accuracy: 79.04%
Batch 100, Loss: 0.0671
Batch 200, Loss: 0.0705
Batch 300, Loss: 0.0700
Epoch 169 learning rate: 0.00581171849556533
Epoch 169 time: 235.8897533416748 seconds
Epoch 169 accuracy: 79.06%
Batch 100, Loss: 0.0656
Batch 200, Loss: 0.0670
Batch 300, Loss: 0.0674
Epoch 170 learning rate: 0.0054496737905816136
Epoch 170 time: 235.99037671089172 seconds
Epoch 170 accuracy: 79.32%
Batch 100, Loss: 0.0653
Batch 200, Loss: 0.0652
Batch 300, Loss: 0.0664
Epoch 171 learning rate: 0.005098621211969226
Epoch 171 time: 236.0997838973999 seconds
Epoch 171 accuracy: 79.29%
Batch 100, Loss: 0.0627
Batch 200, Loss: 0.0639
Batch 300, Loss: 0.0658
Epoch 172 learning rate: 0.004758647376699035
Epoch 172 time: 235.9530529975891 seconds
Epoch 172 accuracy: 79.49%
Batch 100, Loss: 0.0614
Batch 200, Loss: 0.0610
Batch 300, Loss: 0.0658
Epoch 173 learning rate: 0.00442983616822775
Epoch 173 time: 236.0595896244049 seconds
Epoch 173 accuracy: 79.6%
Batch 100, Loss: 0.0584
Batch 200, Loss: 0.0625
Batch 300, Loss: 0.0604
Epoch 174 learning rate: 0.004112268715800957
Epoch 174 time: 236.01630306243896 seconds
Epoch 174 accuracy: 79.53%
Batch 100, Loss: 0.0571
Batch 200, Loss: 0.0592
Batch 300, Loss: 0.0603
Epoch 175 learning rate: 0.003806023374435677
Epoch 175 time: 235.98224782943726 seconds
Epoch 175 accuracy: 79.96%
Batch 100, Loss: 0.0571
Batch 200, Loss: 0.0579
Batch 300, Loss: 0.0570
Epoch 176 learning rate: 0.003511175705587435
Epoch 176 time: 235.9285855293274 seconds
Epoch 176 accuracy: 79.8%
Batch 100, Loss: 0.0561
Batch 200, Loss: 0.0562
Batch 300, Loss: 0.0572
Epoch 177 learning rate: 0.0032277984585066333
Epoch 177 time: 235.96735095977783 seconds
Epoch 177 accuracy: 79.78%
Batch 100, Loss: 0.0551
Batch 200, Loss: 0.0562
Batch 300, Loss: 0.0576
Epoch 178 learning rate: 0.002955961552288729
Epoch 178 time: 236.01160645484924 seconds
Epoch 178 accuracy: 79.67%
Batch 100, Loss: 0.0540
Batch 200, Loss: 0.0540
Batch 300, Loss: 0.0558
Epoch 179 learning rate: 0.0026957320586227366
Epoch 179 time: 235.98179244995117 seconds
Epoch 179 accuracy: 79.91%
Batch 100, Loss: 0.0541
Batch 200, Loss: 0.0525
Batch 300, Loss: 0.0548
Epoch 180 learning rate: 0.002447174185242325
Epoch 180 time: 236.09562945365906 seconds
Epoch 180 accuracy: 79.94%
Batch 100, Loss: 0.0524
Batch 200, Loss: 0.0517
Batch 300, Loss: 0.0537
Epoch 181 learning rate: 0.0022103492600834954
Epoch 181 time: 236.12673115730286 seconds
Epoch 181 accuracy: 79.67%
Batch 100, Loss: 0.0523
Batch 200, Loss: 0.0531
Batch 300, Loss: 0.0526
Epoch 182 learning rate: 0.0019853157161528537
Epoch 182 time: 236.0737783908844 seconds
Epoch 182 accuracy: 80.14%
Batch 100, Loss: 0.0502
Batch 200, Loss: 0.0512
Batch 300, Loss: 0.0507
Epoch 183 learning rate: 0.001772129077110103
Epoch 183 time: 235.92133831977844 seconds
Epoch 183 accuracy: 79.9%
Batch 100, Loss: 0.0522
Batch 200, Loss: 0.0500
Batch 300, Loss: 0.0502
Epoch 184 learning rate: 0.0015708419435684529
Epoch 184 time: 235.99322891235352 seconds
Epoch 184 accuracy: 80.16%
Batch 100, Loss: 0.0490
Batch 200, Loss: 0.0494
Batch 300, Loss: 0.0506
Epoch 185 learning rate: 0.0013815039801161732
Epoch 185 time: 236.03531050682068 seconds
Epoch 185 accuracy: 79.89%
Batch 100, Loss: 0.0493
Batch 200, Loss: 0.0495
Batch 300, Loss: 0.0479
Epoch 186 learning rate: 0.0012041619030626347
Epoch 186 time: 236.11237335205078 seconds
Epoch 186 accuracy: 80.27%
Batch 100, Loss: 0.0480
Batch 200, Loss: 0.0490
Batch 300, Loss: 0.0480
Epoch 187 learning rate: 0.0010388594689117077
Epoch 187 time: 235.96685695648193 seconds
Epoch 187 accuracy: 80.03%
Batch 100, Loss: 0.0485
Batch 200, Loss: 0.0480
Batch 300, Loss: 0.0491
Epoch 188 learning rate: 0.0008856374635655645
Epoch 188 time: 236.20522332191467 seconds
Epoch 188 accuracy: 80.11%
Batch 100, Loss: 0.0468
Batch 200, Loss: 0.0483
Batch 300, Loss: 0.0461
Epoch 189 learning rate: 0.000744533692261307
Epoch 189 time: 236.11234784126282 seconds
Epoch 189 accuracy: 80.1%
Batch 100, Loss: 0.0470
Batch 200, Loss: 0.0480
Batch 300, Loss: 0.0473
Epoch 190 learning rate: 0.0006155829702431174
Epoch 190 time: 235.86227536201477 seconds
Epoch 190 accuracy: 80.23%
Batch 100, Loss: 0.0462
Batch 200, Loss: 0.0474
Batch 300, Loss: 0.0472
Epoch 191 learning rate: 0.0004988171141721235
Epoch 191 time: 236.16962599754333 seconds
Epoch 191 accuracy: 80.21%
Batch 100, Loss: 0.0464
Batch 200, Loss: 0.0465
Batch 300, Loss: 0.0470
Epoch 192 learning rate: 0.00039426493427611206
Epoch 192 time: 235.96046710014343 seconds
Epoch 192 accuracy: 80.33%
Batch 100, Loss: 0.0459
Batch 200, Loss: 0.0456
Batch 300, Loss: 0.0461
Epoch 193 learning rate: 0.00030195222724102046
Epoch 193 time: 236.04407954216003 seconds
Epoch 193 accuracy: 80.2%
Batch 100, Loss: 0.0462
Batch 200, Loss: 0.0451
Batch 300, Loss: 0.0454
Epoch 194 learning rate: 0.00022190176984600036
Epoch 194 time: 236.0662703514099 seconds
Epoch 194 accuracy: 80.16%
Batch 100, Loss: 0.0456
Batch 200, Loss: 0.0453
Batch 300, Loss: 0.0463
Epoch 195 learning rate: 0.00015413331334360192
Epoch 195 time: 236.08625316619873 seconds
Epoch 195 accuracy: 80.25%
Batch 100, Loss: 0.0450
Batch 200, Loss: 0.0450
Batch 300, Loss: 0.0456
Epoch 196 learning rate: 9.866357858642213e-05
Epoch 196 time: 236.1595814228058 seconds
Epoch 196 accuracy: 80.2%
Batch 100, Loss: 0.0463
Batch 200, Loss: 0.0463
Batch 300, Loss: 0.0445
Epoch 197 learning rate: 5.5506251901504864e-05
Epoch 197 time: 236.08981657028198 seconds
Epoch 197 accuracy: 80.19%
Batch 100, Loss: 0.0450
Batch 200, Loss: 0.0460
Batch 300, Loss: 0.0460
Epoch 198 learning rate: 2.4671981713420017e-05
Epoch 198 time: 236.1452043056488 seconds
Epoch 198 accuracy: 80.31%
Batch 100, Loss: 0.0454
Batch 200, Loss: 0.0464
Batch 300, Loss: 0.0458
Epoch 199 learning rate: 6.168375916970619e-06
Epoch 199 time: 236.01908254623413 seconds
Epoch 199 accuracy: 80.2%
Batch 100, Loss: 0.0461
Batch 200, Loss: 0.0441
Batch 300, Loss: 0.0455
Epoch 200 learning rate: 0.0
Epoch 200 time: 236.1472179889679 seconds
Epoch 200 accuracy: 80.2%
rho:  0.1 , alpha:  0.3
Total training time: 47215.83914256096 seconds
