The following modules were not unloaded:
  (Use "module --force purge" to unload all):

  1) CCconfig        6)  ucx/1.14.1         11) flexiblas/3.3.1
  2) gentoo/2023     7)  libfabric/1.18.0   12) imkl/2023.2.0
  3) gcccore/.12.3   8)  pmix/4.2.4         13) StdEnv/2023
  4) gcc/12.3        9)  ucc/1.2.0
  5) hwloc/2.9.1     10) openmpi/4.1.5
/project/6070520/tkleinkn/Vanilla-GAM/main_cifar.py:187: UserWarning: You have chosen a specific GPU. This will completely disable data parallelism.
  warnings.warn('You have chosen a specific GPU. This will completely '
model name space ['resnet101_c', 'resnet152_c', 'resnet18_c', 'resnet34_c', 'resnet50_c']
Use GPU: 0 for training
=> creating model 'resnet18_c'
Files already downloaded and verified
Files already downloaded and verified
tensorboard dir ./results/CIFAR10/GAMNonAccelerated
Using non-accelerated GAM
/home/tkleinkn/GAMtest/lib/python3.11/site-packages/torch/autograd/graph.py:744: UserWarning: Using backward() with create_graph=True will create a reference cycle between the parameter and its gradient which can cause a memory leak. We recommend using autograd.grad when creating the graph to avoid this. If you have to use this function, make sure to reset the .grad fields of your parameters to None after use to break the cycle and avoid the leak. (Triggered internally at /home/coulombc/wheels_builder/tmp.2617/python-3.11/torch/torch/csrc/autograd/engine.cpp:1203.)
  return Variable._execution_engine.run_backward(  # Calls into the C++ engine to run the backward pass
Batch 100, Loss: 1.9472
Batch 200, Loss: 1.4009
Batch 300, Loss: 1.2880
Epoch 1 learning rate: 0.09999383162408304
Epoch 1 time: 245.45981693267822 seconds
Epoch 1 accuracy: 44.66%
Batch 100, Loss: 1.1585
Batch 200, Loss: 1.0900
Batch 300, Loss: 1.0323
Epoch 2 learning rate: 0.09997532801828658
Epoch 2 time: 236.48280787467957 seconds
Epoch 2 accuracy: 58.11%
Batch 100, Loss: 0.9011
Batch 200, Loss: 0.8602
Batch 300, Loss: 0.8249
Epoch 3 learning rate: 0.09994449374809851
Epoch 3 time: 236.45713329315186 seconds
Epoch 3 accuracy: 62.58%
Batch 100, Loss: 0.7488
Batch 200, Loss: 0.7094
Batch 300, Loss: 0.6796
Epoch 4 learning rate: 0.09990133642141359
Epoch 4 time: 236.33623671531677 seconds
Epoch 4 accuracy: 68.21%
Batch 100, Loss: 0.6279
Batch 200, Loss: 0.6046
Batch 300, Loss: 0.5862
Epoch 5 learning rate: 0.09984586668665642
Epoch 5 time: 236.15446949005127 seconds
Epoch 5 accuracy: 74.62%
Batch 100, Loss: 0.5428
Batch 200, Loss: 0.5221
Batch 300, Loss: 0.5133
Epoch 6 learning rate: 0.09977809823015402
Epoch 6 time: 236.33219933509827 seconds
Epoch 6 accuracy: 76.16%
Batch 100, Loss: 0.4709
Batch 200, Loss: 0.4687
Batch 300, Loss: 0.4550
Epoch 7 learning rate: 0.09969804777275901
Epoch 7 time: 236.0375738143921 seconds
Epoch 7 accuracy: 80.15%
Batch 100, Loss: 0.4356
Batch 200, Loss: 0.4330
Batch 300, Loss: 0.4294
Epoch 8 learning rate: 0.09960573506572391
Epoch 8 time: 236.3114366531372 seconds
Epoch 8 accuracy: 78.05%
Batch 100, Loss: 0.3930
Batch 200, Loss: 0.4044
Batch 300, Loss: 0.3982
Epoch 9 learning rate: 0.09950118288582789
Epoch 9 time: 236.08344173431396 seconds
Epoch 9 accuracy: 78.86%
Batch 100, Loss: 0.3765
Batch 200, Loss: 0.3835
Batch 300, Loss: 0.3834
Epoch 10 learning rate: 0.09938441702975691
Epoch 10 time: 236.14943623542786 seconds
Epoch 10 accuracy: 80.0%
Batch 100, Loss: 0.3584
Batch 200, Loss: 0.3677
Batch 300, Loss: 0.3803
Epoch 11 learning rate: 0.09925546630773871
Epoch 11 time: 236.21649861335754 seconds
Epoch 11 accuracy: 82.13%
Batch 100, Loss: 0.3415
Batch 200, Loss: 0.3552
Batch 300, Loss: 0.3459
Epoch 12 learning rate: 0.09911436253643445
Epoch 12 time: 236.2008397579193 seconds
Epoch 12 accuracy: 81.89%
Batch 100, Loss: 0.3397
Batch 200, Loss: 0.3381
Batch 300, Loss: 0.3522
Epoch 13 learning rate: 0.0989611405310883
Epoch 13 time: 236.08468198776245 seconds
Epoch 13 accuracy: 82.92%
Batch 100, Loss: 0.3279
Batch 200, Loss: 0.3128
Batch 300, Loss: 0.3279
Epoch 14 learning rate: 0.09879583809693739
Epoch 14 time: 236.18324494361877 seconds
Epoch 14 accuracy: 83.44%
Batch 100, Loss: 0.3169
Batch 200, Loss: 0.3187
Batch 300, Loss: 0.3218
Epoch 15 learning rate: 0.09861849601988384
Epoch 15 time: 236.37646412849426 seconds
Epoch 15 accuracy: 77.21%
Batch 100, Loss: 0.3136
Batch 200, Loss: 0.3119
Batch 300, Loss: 0.3215
Epoch 16 learning rate: 0.09842915805643157
Epoch 16 time: 236.1733705997467 seconds
Epoch 16 accuracy: 80.45%
Batch 100, Loss: 0.2940
Batch 200, Loss: 0.3074
Batch 300, Loss: 0.3004
Epoch 17 learning rate: 0.09822787092288993
Epoch 17 time: 236.0523738861084 seconds
Epoch 17 accuracy: 82.67%
Batch 100, Loss: 0.2802
Batch 200, Loss: 0.3017
Batch 300, Loss: 0.3023
Epoch 18 learning rate: 0.09801468428384717
Epoch 18 time: 236.20949244499207 seconds
Epoch 18 accuracy: 83.9%
Batch 100, Loss: 0.2893
Batch 200, Loss: 0.2858
Batch 300, Loss: 0.3046
Epoch 19 learning rate: 0.09778965073991652
Epoch 19 time: 236.0553538799286 seconds
Epoch 19 accuracy: 85.29%
Batch 100, Loss: 0.2880
Batch 200, Loss: 0.2778
Batch 300, Loss: 0.2928
Epoch 20 learning rate: 0.0975528258147577
Epoch 20 time: 236.10668444633484 seconds
Epoch 20 accuracy: 84.89%
Batch 100, Loss: 0.2772
Batch 200, Loss: 0.2877
Batch 300, Loss: 0.2886
Epoch 21 learning rate: 0.09730426794137728
Epoch 21 time: 236.20429158210754 seconds
Epoch 21 accuracy: 82.86%
Batch 100, Loss: 0.2660
Batch 200, Loss: 0.2688
Batch 300, Loss: 0.2819
Epoch 22 learning rate: 0.09704403844771128
Epoch 22 time: 236.06973099708557 seconds
Epoch 22 accuracy: 84.48%
Batch 100, Loss: 0.2576
Batch 200, Loss: 0.2835
Batch 300, Loss: 0.2752
Epoch 23 learning rate: 0.09677220154149338
Epoch 23 time: 236.10949659347534 seconds
Epoch 23 accuracy: 83.62%
Batch 100, Loss: 0.2643
Batch 200, Loss: 0.2655
Batch 300, Loss: 0.2777
Epoch 24 learning rate: 0.09648882429441258
Epoch 24 time: 236.22888207435608 seconds
Epoch 24 accuracy: 85.58%
Batch 100, Loss: 0.2582
Batch 200, Loss: 0.2624
Batch 300, Loss: 0.2778
Epoch 25 learning rate: 0.09619397662556435
Epoch 25 time: 236.21619772911072 seconds
Epoch 25 accuracy: 85.82%
Batch 100, Loss: 0.2537
Batch 200, Loss: 0.2628
Batch 300, Loss: 0.2689
Epoch 26 learning rate: 0.09588773128419906
Epoch 26 time: 236.20562028884888 seconds
Epoch 26 accuracy: 85.87%
Batch 100, Loss: 0.2655
Batch 200, Loss: 0.2637
Batch 300, Loss: 0.2617
Epoch 27 learning rate: 0.09557016383177226
Epoch 27 time: 236.16393184661865 seconds
Epoch 27 accuracy: 86.2%
Batch 100, Loss: 0.2577
Batch 200, Loss: 0.2566
Batch 300, Loss: 0.2561
Epoch 28 learning rate: 0.09524135262330098
Epoch 28 time: 236.1244728565216 seconds
Epoch 28 accuracy: 84.18%
Batch 100, Loss: 0.2592
Batch 200, Loss: 0.2591
Batch 300, Loss: 0.2615
Epoch 29 learning rate: 0.09490137878803079
Epoch 29 time: 236.25449681282043 seconds
Epoch 29 accuracy: 85.79%
Batch 100, Loss: 0.2601
Batch 200, Loss: 0.2454
Batch 300, Loss: 0.2519
Epoch 30 learning rate: 0.0945503262094184
Epoch 30 time: 236.1499001979828 seconds
Epoch 30 accuracy: 83.48%
Batch 100, Loss: 0.2355
Batch 200, Loss: 0.2543
Batch 300, Loss: 0.2519
Epoch 31 learning rate: 0.0941882815044347
Epoch 31 time: 236.27216267585754 seconds
Epoch 31 accuracy: 87.5%
Batch 100, Loss: 0.2471
Batch 200, Loss: 0.2522
Batch 300, Loss: 0.2510
Epoch 32 learning rate: 0.09381533400219319
Epoch 32 time: 236.244802236557 seconds
Epoch 32 accuracy: 86.58%
Batch 100, Loss: 0.2439
Batch 200, Loss: 0.2504
Batch 300, Loss: 0.2475
Epoch 33 learning rate: 0.09343157572190958
Epoch 33 time: 236.072523355484 seconds
Epoch 33 accuracy: 87.67%
Batch 100, Loss: 0.2288
Batch 200, Loss: 0.2574
Batch 300, Loss: 0.2559
Epoch 34 learning rate: 0.0930371013501972
Epoch 34 time: 236.0651421546936 seconds
Epoch 34 accuracy: 84.89%
Batch 100, Loss: 0.2421
Batch 200, Loss: 0.2462
Batch 300, Loss: 0.2468
Epoch 35 learning rate: 0.09263200821770463
Epoch 35 time: 236.10520100593567 seconds
Epoch 35 accuracy: 85.6%
Batch 100, Loss: 0.2358
Batch 200, Loss: 0.2489
Batch 300, Loss: 0.2502
Epoch 36 learning rate: 0.09221639627510078
Epoch 36 time: 236.23199725151062 seconds
Epoch 36 accuracy: 87.86%
Batch 100, Loss: 0.2307
Batch 200, Loss: 0.2462
Batch 300, Loss: 0.2394
Epoch 37 learning rate: 0.09179036806841355
Epoch 37 time: 236.19213485717773 seconds
Epoch 37 accuracy: 83.59%
Batch 100, Loss: 0.2362
Batch 200, Loss: 0.2388
Batch 300, Loss: 0.2389
Epoch 38 learning rate: 0.09135402871372812
Epoch 38 time: 236.23494124412537 seconds
Epoch 38 accuracy: 86.88%
Batch 100, Loss: 0.2324
Batch 200, Loss: 0.2320
Batch 300, Loss: 0.2443
Epoch 39 learning rate: 0.0909074858712512
Epoch 39 time: 236.2230670452118 seconds
Epoch 39 accuracy: 83.77%
Batch 100, Loss: 0.2325
Batch 200, Loss: 0.2295
Batch 300, Loss: 0.2337
Epoch 40 learning rate: 0.09045084971874741
Epoch 40 time: 236.32004475593567 seconds
Epoch 40 accuracy: 87.2%
Batch 100, Loss: 0.2287
Batch 200, Loss: 0.2350
Batch 300, Loss: 0.2335
Epoch 41 learning rate: 0.08998423292435458
Epoch 41 time: 236.16011834144592 seconds
Epoch 41 accuracy: 83.66%
Batch 100, Loss: 0.2292
Batch 200, Loss: 0.2313
Batch 300, Loss: 0.2433
Epoch 42 learning rate: 0.08950775061878455
Epoch 42 time: 236.21474242210388 seconds
Epoch 42 accuracy: 83.97%
Batch 100, Loss: 0.2213
Batch 200, Loss: 0.2325
Batch 300, Loss: 0.2311
Epoch 43 learning rate: 0.08902152036691653
Epoch 43 time: 235.93377780914307 seconds
Epoch 43 accuracy: 84.92%
Batch 100, Loss: 0.2137
Batch 200, Loss: 0.2253
Batch 300, Loss: 0.2303
Epoch 44 learning rate: 0.08852566213878951
Epoch 44 time: 236.19063687324524 seconds
Epoch 44 accuracy: 85.79%
Batch 100, Loss: 0.2277
Batch 200, Loss: 0.2282
Batch 300, Loss: 0.2339
Epoch 45 learning rate: 0.0880202982800016
Epoch 45 time: 236.29004073143005 seconds
Epoch 45 accuracy: 84.84%
Batch 100, Loss: 0.2165
Batch 200, Loss: 0.2206
Batch 300, Loss: 0.2375
Epoch 46 learning rate: 0.08750555348152303
Epoch 46 time: 236.22572302818298 seconds
Epoch 46 accuracy: 85.6%
Batch 100, Loss: 0.2097
Batch 200, Loss: 0.2280
Batch 300, Loss: 0.2304
Epoch 47 learning rate: 0.08698155474893052
Epoch 47 time: 236.32064366340637 seconds
Epoch 47 accuracy: 87.6%
Batch 100, Loss: 0.2161
Batch 200, Loss: 0.2236
Batch 300, Loss: 0.2272
Epoch 48 learning rate: 0.08644843137107061
Epoch 48 time: 236.1589639186859 seconds
Epoch 48 accuracy: 86.23%
Batch 100, Loss: 0.2036
Batch 200, Loss: 0.2167
Batch 300, Loss: 0.2343
Epoch 49 learning rate: 0.08590631488815947
Epoch 49 time: 236.26475644111633 seconds
Epoch 49 accuracy: 86.36%
Batch 100, Loss: 0.2108
Batch 200, Loss: 0.2216
Batch 300, Loss: 0.2212
Epoch 50 learning rate: 0.0853553390593274
Epoch 50 time: 236.13661861419678 seconds
Epoch 50 accuracy: 86.6%
Batch 100, Loss: 0.1995
Batch 200, Loss: 0.2282
Batch 300, Loss: 0.2281
Epoch 51 learning rate: 0.08479563982961574
Epoch 51 time: 236.06203651428223 seconds
Epoch 51 accuracy: 86.57%
Batch 100, Loss: 0.2032
Batch 200, Loss: 0.2188
Batch 300, Loss: 0.2142
Epoch 52 learning rate: 0.08422735529643446
Epoch 52 time: 236.2223379611969 seconds
Epoch 52 accuracy: 86.93%
Batch 100, Loss: 0.2197
Batch 200, Loss: 0.2089
Batch 300, Loss: 0.2157
Epoch 53 learning rate: 0.08365062567548869
Epoch 53 time: 236.19391894340515 seconds
Epoch 53 accuracy: 88.3%
Batch 100, Loss: 0.2072
Batch 200, Loss: 0.2123
Batch 300, Loss: 0.2089
Epoch 54 learning rate: 0.08306559326618261
Epoch 54 time: 236.23407244682312 seconds
Epoch 54 accuracy: 87.13%
Batch 100, Loss: 0.2070
Batch 200, Loss: 0.2123
Batch 300, Loss: 0.2226
Epoch 55 learning rate: 0.0824724024165092
Epoch 55 time: 236.24155235290527 seconds
Epoch 55 accuracy: 86.82%
Batch 100, Loss: 0.1990
Batch 200, Loss: 0.2081
Batch 300, Loss: 0.2133
Epoch 56 learning rate: 0.0818711994874345
Epoch 56 time: 236.12928581237793 seconds
Epoch 56 accuracy: 86.01%
Batch 100, Loss: 0.2075
Batch 200, Loss: 0.2066
Batch 300, Loss: 0.2105
Epoch 57 learning rate: 0.08126213281678528
Epoch 57 time: 236.11546564102173 seconds
Epoch 57 accuracy: 88.94%
Batch 100, Loss: 0.1963
Batch 200, Loss: 0.2089
Batch 300, Loss: 0.2096
Epoch 58 learning rate: 0.08064535268264884
Epoch 58 time: 236.17490935325623 seconds
Epoch 58 accuracy: 86.45%
Batch 100, Loss: 0.2092
Batch 200, Loss: 0.2176
Batch 300, Loss: 0.2099
Epoch 59 learning rate: 0.08002101126629421
Epoch 59 time: 236.1551775932312 seconds
Epoch 59 accuracy: 87.56%
Batch 100, Loss: 0.1941
Batch 200, Loss: 0.2007
Batch 300, Loss: 0.2201
Epoch 60 learning rate: 0.07938926261462367
Epoch 60 time: 236.2347240447998 seconds
Epoch 60 accuracy: 88.13%
Batch 100, Loss: 0.1801
Batch 200, Loss: 0.2017
Batch 300, Loss: 0.2089
Epoch 61 learning rate: 0.07875026260216395
Epoch 61 time: 236.2801432609558 seconds
Epoch 61 accuracy: 89.05%
Batch 100, Loss: 0.1929
Batch 200, Loss: 0.1997
Batch 300, Loss: 0.2012
Epoch 62 learning rate: 0.07810416889260656
Epoch 62 time: 236.10313963890076 seconds
Epoch 62 accuracy: 89.14%
Batch 100, Loss: 0.1946
Batch 200, Loss: 0.1889
Batch 300, Loss: 0.2081
Epoch 63 learning rate: 0.07745114089990661
Epoch 63 time: 236.2076120376587 seconds
Epoch 63 accuracy: 88.62%
Batch 100, Loss: 0.1903
Batch 200, Loss: 0.1991
Batch 300, Loss: 0.2088
Epoch 64 learning rate: 0.07679133974894985
Epoch 64 time: 236.25140571594238 seconds
Epoch 64 accuracy: 86.6%
Batch 100, Loss: 0.1848
Batch 200, Loss: 0.1893
Batch 300, Loss: 0.2042
Epoch 65 learning rate: 0.07612492823579746
Epoch 65 time: 236.32621455192566 seconds
Epoch 65 accuracy: 87.12%
Batch 100, Loss: 0.1841
Batch 200, Loss: 0.1956
Batch 300, Loss: 0.1981
Epoch 66 learning rate: 0.07545207078751859
Epoch 66 time: 236.18224430084229 seconds
Epoch 66 accuracy: 85.36%
Batch 100, Loss: 0.1858
Batch 200, Loss: 0.2024
Batch 300, Loss: 0.1958
Epoch 67 learning rate: 0.0747729334216204
Epoch 67 time: 236.147234916687 seconds
Epoch 67 accuracy: 88.95%
Batch 100, Loss: 0.1775
Batch 200, Loss: 0.1879
Batch 300, Loss: 0.2085
Epoch 68 learning rate: 0.07408768370508578
Epoch 68 time: 236.23668384552002 seconds
Epoch 68 accuracy: 85.75%
Batch 100, Loss: 0.1855
Batch 200, Loss: 0.1931
Batch 300, Loss: 0.1988
Epoch 69 learning rate: 0.0733964907130287
Epoch 69 time: 236.25424909591675 seconds
Epoch 69 accuracy: 88.3%
Batch 100, Loss: 0.1802
Batch 200, Loss: 0.1910
Batch 300, Loss: 0.1873
Epoch 70 learning rate: 0.07269952498697736
Epoch 70 time: 236.228262424469 seconds
Epoch 70 accuracy: 88.58%
Batch 100, Loss: 0.1677
Batch 200, Loss: 0.1845
Batch 300, Loss: 0.1925
Epoch 71 learning rate: 0.07199695849279578
Epoch 71 time: 236.33186769485474 seconds
Epoch 71 accuracy: 85.83%
Batch 100, Loss: 0.1778
Batch 200, Loss: 0.1832
Batch 300, Loss: 0.1869
Epoch 72 learning rate: 0.07128896457825366
Epoch 72 time: 236.15749597549438 seconds
Epoch 72 accuracy: 86.52%
Batch 100, Loss: 0.1670
Batch 200, Loss: 0.1826
Batch 300, Loss: 0.1851
Epoch 73 learning rate: 0.07057571793025548
Epoch 73 time: 236.32114791870117 seconds
Epoch 73 accuracy: 82.21%
Batch 100, Loss: 0.1692
Batch 200, Loss: 0.1907
Batch 300, Loss: 0.1788
Epoch 74 learning rate: 0.06985739453173906
Epoch 74 time: 236.29224753379822 seconds
Epoch 74 accuracy: 88.03%
Batch 100, Loss: 0.1641
Batch 200, Loss: 0.1805
Batch 300, Loss: 0.1854
Epoch 75 learning rate: 0.06913417161825453
Epoch 75 time: 236.15089654922485 seconds
Epoch 75 accuracy: 88.75%
Batch 100, Loss: 0.1666
Batch 200, Loss: 0.1892
Batch 300, Loss: 0.1934
Epoch 76 learning rate: 0.06840622763423394
Epoch 76 time: 236.22470140457153 seconds
Epoch 76 accuracy: 89.3%
Batch 100, Loss: 0.1687
Batch 200, Loss: 0.1737
Batch 300, Loss: 0.1896
Epoch 77 learning rate: 0.0676737421889629
Epoch 77 time: 236.2332637310028 seconds
Epoch 77 accuracy: 88.98%
Batch 100, Loss: 0.1668
Batch 200, Loss: 0.1738
Batch 300, Loss: 0.1881
Epoch 78 learning rate: 0.06693689601226462
Epoch 78 time: 236.03653144836426 seconds
Epoch 78 accuracy: 88.54%
Batch 100, Loss: 0.1585
Batch 200, Loss: 0.1765
Batch 300, Loss: 0.1807
Epoch 79 learning rate: 0.06619587090990751
Epoch 79 time: 236.2694046497345 seconds
Epoch 79 accuracy: 88.45%
Batch 100, Loss: 0.1561
Batch 200, Loss: 0.1694
Batch 300, Loss: 0.1746
Epoch 80 learning rate: 0.06545084971874741
Epoch 80 time: 236.1764588356018 seconds
Epoch 80 accuracy: 90.74%
Batch 100, Loss: 0.1540
Batch 200, Loss: 0.1746
Batch 300, Loss: 0.1792
Epoch 81 learning rate: 0.06470201626161524
Epoch 81 time: 236.19868803024292 seconds
Epoch 81 accuracy: 89.18%
Batch 100, Loss: 0.1618
Batch 200, Loss: 0.1665
Batch 300, Loss: 0.1856
Epoch 82 learning rate: 0.06394955530196152
Epoch 82 time: 236.25600028038025 seconds
Epoch 82 accuracy: 90.36%
Batch 100, Loss: 0.1455
Batch 200, Loss: 0.1701
Batch 300, Loss: 0.1698
Epoch 83 learning rate: 0.06319365249826868
Epoch 83 time: 236.06118083000183 seconds
Epoch 83 accuracy: 87.2%
Batch 100, Loss: 0.1666
Batch 200, Loss: 0.1658
Batch 300, Loss: 0.1686
Epoch 84 learning rate: 0.06243449435824277
Epoch 84 time: 236.07942819595337 seconds
Epoch 84 accuracy: 88.96%
Batch 100, Loss: 0.1560
Batch 200, Loss: 0.1664
Batch 300, Loss: 0.1669
Epoch 85 learning rate: 0.06167226819279532
Epoch 85 time: 236.1531925201416 seconds
Epoch 85 accuracy: 87.85%
Batch 100, Loss: 0.1382
Batch 200, Loss: 0.1665
Batch 300, Loss: 0.1622
Epoch 86 learning rate: 0.06090716206982718
Epoch 86 time: 236.19350790977478 seconds
Epoch 86 accuracy: 88.66%
Batch 100, Loss: 0.1386
Batch 200, Loss: 0.1524
Batch 300, Loss: 0.1723
Epoch 87 learning rate: 0.06013936476782568
Epoch 87 time: 236.11974811553955 seconds
Epoch 87 accuracy: 89.2%
Batch 100, Loss: 0.1480
Batch 200, Loss: 0.1594
Batch 300, Loss: 0.1633
Epoch 88 learning rate: 0.05936906572928629
Epoch 88 time: 236.12284684181213 seconds
Epoch 88 accuracy: 88.48%
Batch 100, Loss: 0.1506
Batch 200, Loss: 0.1581
Batch 300, Loss: 0.1659
Epoch 89 learning rate: 0.05859645501397052
Epoch 89 time: 236.1552562713623 seconds
Epoch 89 accuracy: 89.11%
Batch 100, Loss: 0.1537
Batch 200, Loss: 0.1536
Batch 300, Loss: 0.1595
Epoch 90 learning rate: 0.05782172325201159
Epoch 90 time: 236.15061950683594 seconds
Epoch 90 accuracy: 89.4%
Batch 100, Loss: 0.1368
Batch 200, Loss: 0.1484
Batch 300, Loss: 0.1565
Epoch 91 learning rate: 0.057045061596879186
Epoch 91 time: 236.1617431640625 seconds
Epoch 91 accuracy: 89.83%
Batch 100, Loss: 0.1479
Batch 200, Loss: 0.1493
Batch 300, Loss: 0.1498
Epoch 92 learning rate: 0.056266661678215264
Epoch 92 time: 236.1393265724182 seconds
Epoch 92 accuracy: 90.57%
Batch 100, Loss: 0.1428
Batch 200, Loss: 0.1444
Batch 300, Loss: 0.1561
Epoch 93 learning rate: 0.055486715554552306
Epoch 93 time: 236.2715606689453 seconds
Epoch 93 accuracy: 91.19%
Batch 100, Loss: 0.1389
Batch 200, Loss: 0.1479
Batch 300, Loss: 0.1488
Epoch 94 learning rate: 0.05470541566592575
Epoch 94 time: 236.29429268836975 seconds
Epoch 94 accuracy: 88.48%
Batch 100, Loss: 0.1405
Batch 200, Loss: 0.1315
Batch 300, Loss: 0.1530
Epoch 95 learning rate: 0.05392295478639229
Epoch 95 time: 236.21491956710815 seconds
Epoch 95 accuracy: 91.02%
Batch 100, Loss: 0.1336
Batch 200, Loss: 0.1425
Batch 300, Loss: 0.1456
Epoch 96 learning rate: 0.05313952597646571
Epoch 96 time: 236.1567633152008 seconds
Epoch 96 accuracy: 89.97%
Batch 100, Loss: 0.1333
Batch 200, Loss: 0.1288
Batch 300, Loss: 0.1438
Epoch 97 learning rate: 0.05235532253548216
Epoch 97 time: 236.08010601997375 seconds
Epoch 97 accuracy: 89.89%
Batch 100, Loss: 0.1221
Batch 200, Loss: 0.1326
Batch 300, Loss: 0.1439
Epoch 98 learning rate: 0.051570537953906447
Epoch 98 time: 236.18576455116272 seconds
Epoch 98 accuracy: 91.22%
Batch 100, Loss: 0.1299
Batch 200, Loss: 0.1416
Batch 300, Loss: 0.1390
Epoch 99 learning rate: 0.05078536586559106
Epoch 99 time: 236.25975704193115 seconds
Epoch 99 accuracy: 89.44%
Batch 100, Loss: 0.1371
Batch 200, Loss: 0.1254
Batch 300, Loss: 0.1371
Epoch 100 learning rate: 0.050000000000000024
Epoch 100 time: 236.05269575119019 seconds
Epoch 100 accuracy: 91.17%
Batch 100, Loss: 0.1226
Batch 200, Loss: 0.1300
Batch 300, Loss: 0.1366
Epoch 101 learning rate: 0.049214634134409
Epoch 101 time: 236.2304060459137 seconds
Epoch 101 accuracy: 90.63%
Batch 100, Loss: 0.1235
Batch 200, Loss: 0.1274
Batch 300, Loss: 0.1380
Epoch 102 learning rate: 0.04842946204609361
Epoch 102 time: 236.08936381340027 seconds
Epoch 102 accuracy: 91.18%
Batch 100, Loss: 0.1197
Batch 200, Loss: 0.1203
Batch 300, Loss: 0.1328
Epoch 103 learning rate: 0.04764467746451789
Epoch 103 time: 236.18483686447144 seconds
Epoch 103 accuracy: 90.97%
Batch 100, Loss: 0.1201
Batch 200, Loss: 0.1282
Batch 300, Loss: 0.1371
Epoch 104 learning rate: 0.046860474023534354
Epoch 104 time: 236.17711877822876 seconds
Epoch 104 accuracy: 90.6%
Batch 100, Loss: 0.1150
Batch 200, Loss: 0.1242
Batch 300, Loss: 0.1393
Epoch 105 learning rate: 0.04607704521360778
Epoch 105 time: 236.14379835128784 seconds
Epoch 105 accuracy: 90.13%
Batch 100, Loss: 0.1097
Batch 200, Loss: 0.1096
Batch 300, Loss: 0.1330
Epoch 106 learning rate: 0.04529458433407431
Epoch 106 time: 236.21205878257751 seconds
Epoch 106 accuracy: 90.44%
Batch 100, Loss: 0.1088
Batch 200, Loss: 0.1126
Batch 300, Loss: 0.1244
Epoch 107 learning rate: 0.04451328444544776
Epoch 107 time: 236.2992708683014 seconds
Epoch 107 accuracy: 89.36%
Batch 100, Loss: 0.1171
Batch 200, Loss: 0.1129
Batch 300, Loss: 0.1165
Epoch 108 learning rate: 0.04373333832178482
Epoch 108 time: 236.15110230445862 seconds
Epoch 108 accuracy: 89.79%
Batch 100, Loss: 0.1144
Batch 200, Loss: 0.1166
Batch 300, Loss: 0.1215
Epoch 109 learning rate: 0.0429549384031209
Epoch 109 time: 236.26541924476624 seconds
Epoch 109 accuracy: 91.46%
Batch 100, Loss: 0.1045
Batch 200, Loss: 0.1121
Batch 300, Loss: 0.1143
Epoch 110 learning rate: 0.042178276747988484
Epoch 110 time: 236.21742987632751 seconds
Epoch 110 accuracy: 88.58%
Batch 100, Loss: 0.1008
Batch 200, Loss: 0.1147
Batch 300, Loss: 0.1123
Epoch 111 learning rate: 0.04140354498602954
Epoch 111 time: 236.16056418418884 seconds
Epoch 111 accuracy: 91.05%
Batch 100, Loss: 0.0997
Batch 200, Loss: 0.1039
Batch 300, Loss: 0.1082
Epoch 112 learning rate: 0.0406309342707138
Epoch 112 time: 236.1816098690033 seconds
Epoch 112 accuracy: 91.42%
Batch 100, Loss: 0.0939
Batch 200, Loss: 0.1037
Batch 300, Loss: 0.1122
Epoch 113 learning rate: 0.03986063523217441
Epoch 113 time: 236.2007553577423 seconds
Epoch 113 accuracy: 90.7%
Batch 100, Loss: 0.1059
Batch 200, Loss: 0.1083
Batch 300, Loss: 0.1043
Epoch 114 learning rate: 0.039092837930172916
Epoch 114 time: 236.29185676574707 seconds
Epoch 114 accuracy: 91.49%
Batch 100, Loss: 0.0949
Batch 200, Loss: 0.0965
Batch 300, Loss: 0.1040
Epoch 115 learning rate: 0.03832773180720475
Epoch 115 time: 236.21037697792053 seconds
Epoch 115 accuracy: 89.57%
Batch 100, Loss: 0.0981
Batch 200, Loss: 0.0983
Batch 300, Loss: 0.1018
Epoch 116 learning rate: 0.037565505641757285
Epoch 116 time: 236.16426849365234 seconds
Epoch 116 accuracy: 91.07%
Batch 100, Loss: 0.0944
Batch 200, Loss: 0.0974
Batch 300, Loss: 0.1019
Epoch 117 learning rate: 0.03680634750173138
Epoch 117 time: 236.1321415901184 seconds
Epoch 117 accuracy: 92.06%
Batch 100, Loss: 0.0861
Batch 200, Loss: 0.0971
Batch 300, Loss: 0.0953
Epoch 118 learning rate: 0.036050444698038565
Epoch 118 time: 236.25302648544312 seconds
Epoch 118 accuracy: 90.54%
Batch 100, Loss: 0.0881
Batch 200, Loss: 0.0949
Batch 300, Loss: 0.0987
Epoch 119 learning rate: 0.03529798373838483
Epoch 119 time: 236.13355541229248 seconds
Epoch 119 accuracy: 91.66%
Batch 100, Loss: 0.0862
Batch 200, Loss: 0.0898
Batch 300, Loss: 0.0987
Epoch 120 learning rate: 0.03454915028125267
Epoch 120 time: 236.30278491973877 seconds
Epoch 120 accuracy: 91.45%
Batch 100, Loss: 0.0801
Batch 200, Loss: 0.0927
Batch 300, Loss: 0.0937
Epoch 121 learning rate: 0.03380412909009255
Epoch 121 time: 236.29246878623962 seconds
Epoch 121 accuracy: 91.93%
Batch 100, Loss: 0.0814
Batch 200, Loss: 0.0889
Batch 300, Loss: 0.0935
Epoch 122 learning rate: 0.03306310398773545
Epoch 122 time: 236.19122862815857 seconds
Epoch 122 accuracy: 91.57%
Batch 100, Loss: 0.0729
Batch 200, Loss: 0.0745
Batch 300, Loss: 0.0830
Epoch 123 learning rate: 0.03232625781103717
Epoch 123 time: 236.3019347190857 seconds
Epoch 123 accuracy: 91.59%
Batch 100, Loss: 0.0753
Batch 200, Loss: 0.0749
Batch 300, Loss: 0.0866
Epoch 124 learning rate: 0.03159377236576613
Epoch 124 time: 236.24089574813843 seconds
Epoch 124 accuracy: 91.85%
Batch 100, Loss: 0.0687
Batch 200, Loss: 0.0734
Batch 300, Loss: 0.0788
Epoch 125 learning rate: 0.030865828381745543
Epoch 125 time: 236.22672271728516 seconds
Epoch 125 accuracy: 90.48%
Batch 100, Loss: 0.0786
Batch 200, Loss: 0.0761
Batch 300, Loss: 0.0772
Epoch 126 learning rate: 0.03014260546826098
Epoch 126 time: 236.171058177948 seconds
Epoch 126 accuracy: 91.94%
Batch 100, Loss: 0.0752
Batch 200, Loss: 0.0716
Batch 300, Loss: 0.0766
Epoch 127 learning rate: 0.02942428206974458
Epoch 127 time: 236.0623083114624 seconds
Epoch 127 accuracy: 91.69%
Batch 100, Loss: 0.0630
Batch 200, Loss: 0.0641
Batch 300, Loss: 0.0755
Epoch 128 learning rate: 0.028711035421746387
Epoch 128 time: 236.12266945838928 seconds
Epoch 128 accuracy: 92.75%
Batch 100, Loss: 0.0691
Batch 200, Loss: 0.0718
Batch 300, Loss: 0.0674
Epoch 129 learning rate: 0.02800304150720426
Epoch 129 time: 235.95267152786255 seconds
Epoch 129 accuracy: 91.73%
Batch 100, Loss: 0.0656
Batch 200, Loss: 0.0686
Batch 300, Loss: 0.0760
Epoch 130 learning rate: 0.02730047501302268
Epoch 130 time: 236.1018307209015 seconds
Epoch 130 accuracy: 91.67%
Batch 100, Loss: 0.0608
Batch 200, Loss: 0.0621
Batch 300, Loss: 0.0718
Epoch 131 learning rate: 0.026603509286971357
Epoch 131 time: 236.1156222820282 seconds
Epoch 131 accuracy: 92.01%
Batch 100, Loss: 0.0534
Batch 200, Loss: 0.0679
Batch 300, Loss: 0.0633
Epoch 132 learning rate: 0.025912316294914244
Epoch 132 time: 236.1221799850464 seconds
Epoch 132 accuracy: 91.45%
Batch 100, Loss: 0.0523
Batch 200, Loss: 0.0630
Batch 300, Loss: 0.0637
Epoch 133 learning rate: 0.025227066578379632
Epoch 133 time: 236.33704447746277 seconds
Epoch 133 accuracy: 92.5%
Batch 100, Loss: 0.0549
Batch 200, Loss: 0.0589
Batch 300, Loss: 0.0642
Epoch 134 learning rate: 0.024547929212481445
Epoch 134 time: 236.18737125396729 seconds
Epoch 134 accuracy: 92.87%
Batch 100, Loss: 0.0505
Batch 200, Loss: 0.0604
Batch 300, Loss: 0.0572
Epoch 135 learning rate: 0.02387507176420257
Epoch 135 time: 236.31305623054504 seconds
Epoch 135 accuracy: 93.47%
Batch 100, Loss: 0.0511
Batch 200, Loss: 0.0538
Batch 300, Loss: 0.0543
Epoch 136 learning rate: 0.023208660251050166
Epoch 136 time: 236.09840893745422 seconds
Epoch 136 accuracy: 92.32%
Batch 100, Loss: 0.0536
Batch 200, Loss: 0.0467
Batch 300, Loss: 0.0490
Epoch 137 learning rate: 0.022548859100093414
Epoch 137 time: 236.20479798316956 seconds
Epoch 137 accuracy: 91.87%
Batch 100, Loss: 0.0481
Batch 200, Loss: 0.0465
Batch 300, Loss: 0.0493
Epoch 138 learning rate: 0.021895831107393474
Epoch 138 time: 236.23902559280396 seconds
Epoch 138 accuracy: 92.27%
Batch 100, Loss: 0.0417
Batch 200, Loss: 0.0434
Batch 300, Loss: 0.0495
Epoch 139 learning rate: 0.02124973739783608
Epoch 139 time: 236.0929651260376 seconds
Epoch 139 accuracy: 93.34%
Batch 100, Loss: 0.0397
Batch 200, Loss: 0.0408
Batch 300, Loss: 0.0481
Epoch 140 learning rate: 0.02061073738537636
Epoch 140 time: 236.2781720161438 seconds
Epoch 140 accuracy: 92.79%
Batch 100, Loss: 0.0389
Batch 200, Loss: 0.0425
Batch 300, Loss: 0.0442
Epoch 141 learning rate: 0.019978988733705814
Epoch 141 time: 236.2136664390564 seconds
Epoch 141 accuracy: 92.38%
Batch 100, Loss: 0.0424
Batch 200, Loss: 0.0388
Batch 300, Loss: 0.0390
Epoch 142 learning rate: 0.01935464731735118
Epoch 142 time: 236.2489378452301 seconds
Epoch 142 accuracy: 91.61%
Batch 100, Loss: 0.0394
Batch 200, Loss: 0.0386
Batch 300, Loss: 0.0355
Epoch 143 learning rate: 0.018737867183214747
Epoch 143 time: 236.0268909931183 seconds
Epoch 143 accuracy: 93.29%
Batch 100, Loss: 0.0311
Batch 200, Loss: 0.0368
Batch 300, Loss: 0.0367
Epoch 144 learning rate: 0.01812880051256552
Epoch 144 time: 236.24607467651367 seconds
Epoch 144 accuracy: 92.62%
Batch 100, Loss: 0.0301
Batch 200, Loss: 0.0316
Batch 300, Loss: 0.0345
Epoch 145 learning rate: 0.017527597583490827
Epoch 145 time: 236.02118349075317 seconds
Epoch 145 accuracy: 92.8%
Batch 100, Loss: 0.0327
Batch 200, Loss: 0.0319
Batch 300, Loss: 0.0350
Epoch 146 learning rate: 0.01693440673381742
Epoch 146 time: 235.99690961837769 seconds
Epoch 146 accuracy: 93.34%
Batch 100, Loss: 0.0251
Batch 200, Loss: 0.0313
Batch 300, Loss: 0.0308
Epoch 147 learning rate: 0.016349374324511334
Epoch 147 time: 236.17337894439697 seconds
Epoch 147 accuracy: 93.11%
Batch 100, Loss: 0.0246
Batch 200, Loss: 0.0263
Batch 300, Loss: 0.0251
Epoch 148 learning rate: 0.01577264470356557
Epoch 148 time: 236.0684962272644 seconds
Epoch 148 accuracy: 93.49%
Batch 100, Loss: 0.0261
Batch 200, Loss: 0.0243
Batch 300, Loss: 0.0268
Epoch 149 learning rate: 0.01520436017038429
Epoch 149 time: 236.3055877685547 seconds
Epoch 149 accuracy: 93.7%
Batch 100, Loss: 0.0204
Batch 200, Loss: 0.0239
Batch 300, Loss: 0.0264
Epoch 150 learning rate: 0.014644660940672632
Epoch 150 time: 236.05647468566895 seconds
Epoch 150 accuracy: 92.95%
Batch 100, Loss: 0.0217
Batch 200, Loss: 0.0203
Batch 300, Loss: 0.0224
Epoch 151 learning rate: 0.01409368511184057
Epoch 151 time: 236.37171530723572 seconds
Epoch 151 accuracy: 92.79%
Batch 100, Loss: 0.0207
Batch 200, Loss: 0.0192
Batch 300, Loss: 0.0197
Epoch 152 learning rate: 0.013551568628929438
Epoch 152 time: 236.1327154636383 seconds
Epoch 152 accuracy: 93.84%
Batch 100, Loss: 0.0202
Batch 200, Loss: 0.0190
Batch 300, Loss: 0.0200
Epoch 153 learning rate: 0.013018445251069516
Epoch 153 time: 236.09636211395264 seconds
Epoch 153 accuracy: 93.84%
Batch 100, Loss: 0.0173
Batch 200, Loss: 0.0184
Batch 300, Loss: 0.0184
Epoch 154 learning rate: 0.012494446518477026
Epoch 154 time: 236.16045999526978 seconds
Epoch 154 accuracy: 94.42%
Batch 100, Loss: 0.0133
Batch 200, Loss: 0.0141
Batch 300, Loss: 0.0156
Epoch 155 learning rate: 0.011979701719998459
Epoch 155 time: 236.12090754508972 seconds
Epoch 155 accuracy: 94.16%
Batch 100, Loss: 0.0151
Batch 200, Loss: 0.0153
Batch 300, Loss: 0.0158
Epoch 156 learning rate: 0.011474337861210548
Epoch 156 time: 236.15224981307983 seconds
Epoch 156 accuracy: 94.53%
Batch 100, Loss: 0.0124
Batch 200, Loss: 0.0130
Batch 300, Loss: 0.0157
Epoch 157 learning rate: 0.010978479633083526
Epoch 157 time: 236.17066717147827 seconds
Epoch 157 accuracy: 93.75%
Batch 100, Loss: 0.0124
Batch 200, Loss: 0.0112
Batch 300, Loss: 0.0133
Epoch 158 learning rate: 0.010492249381215483
Epoch 158 time: 236.26605367660522 seconds
Epoch 158 accuracy: 94.45%
Batch 100, Loss: 0.0107
Batch 200, Loss: 0.0110
Batch 300, Loss: 0.0106
Epoch 159 learning rate: 0.010015767075645474
Epoch 159 time: 236.07730650901794 seconds
Epoch 159 accuracy: 94.38%
Batch 100, Loss: 0.0097
Batch 200, Loss: 0.0081
Batch 300, Loss: 0.0100
Epoch 160 learning rate: 0.009549150281252637
Epoch 160 time: 235.98057770729065 seconds
Epoch 160 accuracy: 94.41%
Batch 100, Loss: 0.0102
Batch 200, Loss: 0.0092
Batch 300, Loss: 0.0091
Epoch 161 learning rate: 0.00909251412874884
Epoch 161 time: 236.10536074638367 seconds
Epoch 161 accuracy: 94.71%
Batch 100, Loss: 0.0076
Batch 200, Loss: 0.0077
Batch 300, Loss: 0.0079
Epoch 162 learning rate: 0.008645971286271918
Epoch 162 time: 236.0570456981659 seconds
Epoch 162 accuracy: 94.85%
Batch 100, Loss: 0.0084
Batch 200, Loss: 0.0071
Batch 300, Loss: 0.0090
Epoch 163 learning rate: 0.008209631931586501
Epoch 163 time: 236.1055929660797 seconds
Epoch 163 accuracy: 94.56%
Batch 100, Loss: 0.0066
Batch 200, Loss: 0.0061
Batch 300, Loss: 0.0067
Epoch 164 learning rate: 0.0077836037248992605
Epoch 164 time: 236.13985323905945 seconds
Epoch 164 accuracy: 94.94%
Batch 100, Loss: 0.0079
Batch 200, Loss: 0.0077
Batch 300, Loss: 0.0074
Epoch 165 learning rate: 0.0073679917822954055
Epoch 165 time: 236.22779369354248 seconds
Epoch 165 accuracy: 94.93%
Batch 100, Loss: 0.0071
Batch 200, Loss: 0.0063
Batch 300, Loss: 0.0065
Epoch 166 learning rate: 0.006962898649802815
Epoch 166 time: 236.29209566116333 seconds
Epoch 166 accuracy: 95.04%
Batch 100, Loss: 0.0069
Batch 200, Loss: 0.0061
Batch 300, Loss: 0.0063
Epoch 167 learning rate: 0.006568424278090438
Epoch 167 time: 236.20639204978943 seconds
Epoch 167 accuracy: 94.87%
Batch 100, Loss: 0.0059
Batch 200, Loss: 0.0054
Batch 300, Loss: 0.0066
Epoch 168 learning rate: 0.006184665997806824
Epoch 168 time: 236.06020712852478 seconds
Epoch 168 accuracy: 95.19%
Batch 100, Loss: 0.0056
Batch 200, Loss: 0.0056
Batch 300, Loss: 0.0061
Epoch 169 learning rate: 0.00581171849556533
Epoch 169 time: 236.11413431167603 seconds
Epoch 169 accuracy: 94.97%
Batch 100, Loss: 0.0051
Batch 200, Loss: 0.0054
Batch 300, Loss: 0.0055
Epoch 170 learning rate: 0.0054496737905816136
Epoch 170 time: 236.24402737617493 seconds
Epoch 170 accuracy: 95.37%
Batch 100, Loss: 0.0050
Batch 200, Loss: 0.0048
Batch 300, Loss: 0.0060
Epoch 171 learning rate: 0.005098621211969226
Epoch 171 time: 236.10751080513 seconds
Epoch 171 accuracy: 95.32%
Batch 100, Loss: 0.0058
Batch 200, Loss: 0.0051
Batch 300, Loss: 0.0050
Epoch 172 learning rate: 0.004758647376699035
Epoch 172 time: 236.10105323791504 seconds
Epoch 172 accuracy: 95.1%
Batch 100, Loss: 0.0043
Batch 200, Loss: 0.0045
Batch 300, Loss: 0.0054
Epoch 173 learning rate: 0.00442983616822775
Epoch 173 time: 236.18037700653076 seconds
Epoch 173 accuracy: 95.22%
Batch 100, Loss: 0.0042
Batch 200, Loss: 0.0045
Batch 300, Loss: 0.0048
Epoch 174 learning rate: 0.004112268715800957
Epoch 174 time: 236.14779376983643 seconds
Epoch 174 accuracy: 95.33%
Batch 100, Loss: 0.0041
Batch 200, Loss: 0.0038
Batch 300, Loss: 0.0043
Epoch 175 learning rate: 0.003806023374435677
Epoch 175 time: 236.11044478416443 seconds
Epoch 175 accuracy: 95.28%
Batch 100, Loss: 0.0040
Batch 200, Loss: 0.0048
Batch 300, Loss: 0.0044
Epoch 176 learning rate: 0.003511175705587435
Epoch 176 time: 236.18289422988892 seconds
Epoch 176 accuracy: 95.16%
Batch 100, Loss: 0.0041
Batch 200, Loss: 0.0040
Batch 300, Loss: 0.0045
Epoch 177 learning rate: 0.0032277984585066333
Epoch 177 time: 236.1968879699707 seconds
Epoch 177 accuracy: 95.32%
Batch 100, Loss: 0.0040
Batch 200, Loss: 0.0046
Batch 300, Loss: 0.0044
Epoch 178 learning rate: 0.002955961552288729
Epoch 178 time: 236.18651127815247 seconds
Epoch 178 accuracy: 95.26%
Batch 100, Loss: 0.0043
Batch 200, Loss: 0.0042
Batch 300, Loss: 0.0047
Epoch 179 learning rate: 0.0026957320586227366
Epoch 179 time: 236.23119401931763 seconds
Epoch 179 accuracy: 95.3%
Batch 100, Loss: 0.0038
Batch 200, Loss: 0.0041
Batch 300, Loss: 0.0041
Epoch 180 learning rate: 0.002447174185242325
Epoch 180 time: 236.1052384376526 seconds
Epoch 180 accuracy: 95.38%
Batch 100, Loss: 0.0042
Batch 200, Loss: 0.0041
Batch 300, Loss: 0.0036
Epoch 181 learning rate: 0.0022103492600834954
Epoch 181 time: 236.13145232200623 seconds
Epoch 181 accuracy: 95.37%
Batch 100, Loss: 0.0037
Batch 200, Loss: 0.0038
Batch 300, Loss: 0.0037
Epoch 182 learning rate: 0.0019853157161528537
Epoch 182 time: 236.179505109787 seconds
Epoch 182 accuracy: 95.34%
Batch 100, Loss: 0.0038
Batch 200, Loss: 0.0043
Batch 300, Loss: 0.0038
Epoch 183 learning rate: 0.001772129077110103
Epoch 183 time: 236.22342371940613 seconds
Epoch 183 accuracy: 95.47%
Batch 100, Loss: 0.0037
Batch 200, Loss: 0.0039
Batch 300, Loss: 0.0042
Epoch 184 learning rate: 0.0015708419435684529
Epoch 184 time: 236.20428609848022 seconds
Epoch 184 accuracy: 95.39%
Batch 100, Loss: 0.0042
Batch 200, Loss: 0.0035
Batch 300, Loss: 0.0036
Epoch 185 learning rate: 0.0013815039801161732
Epoch 185 time: 236.14072513580322 seconds
Epoch 185 accuracy: 95.41%
Batch 100, Loss: 0.0041
Batch 200, Loss: 0.0034
Batch 300, Loss: 0.0044
Epoch 186 learning rate: 0.0012041619030626347
Epoch 186 time: 236.12665605545044 seconds
Epoch 186 accuracy: 95.42%
Batch 100, Loss: 0.0036
Batch 200, Loss: 0.0036
Batch 300, Loss: 0.0033
Epoch 187 learning rate: 0.0010388594689117077
Epoch 187 time: 236.11975812911987 seconds
Epoch 187 accuracy: 95.45%
Batch 100, Loss: 0.0038
Batch 200, Loss: 0.0035
Batch 300, Loss: 0.0036
Epoch 188 learning rate: 0.0008856374635655645
Epoch 188 time: 236.16819214820862 seconds
Epoch 188 accuracy: 95.49%
Batch 100, Loss: 0.0030
Batch 200, Loss: 0.0035
Batch 300, Loss: 0.0040
Epoch 189 learning rate: 0.000744533692261307
Epoch 189 time: 236.18175673484802 seconds
Epoch 189 accuracy: 95.52%
Batch 100, Loss: 0.0036
Batch 200, Loss: 0.0033
Batch 300, Loss: 0.0036
Epoch 190 learning rate: 0.0006155829702431174
Epoch 190 time: 236.2569136619568 seconds
Epoch 190 accuracy: 95.36%
Batch 100, Loss: 0.0037
Batch 200, Loss: 0.0037
Batch 300, Loss: 0.0038
Epoch 191 learning rate: 0.0004988171141721235
Epoch 191 time: 236.06929111480713 seconds
Epoch 191 accuracy: 95.53%
Batch 100, Loss: 0.0035
Batch 200, Loss: 0.0034
Batch 300, Loss: 0.0034
Epoch 192 learning rate: 0.00039426493427611206
Epoch 192 time: 236.08975195884705 seconds
Epoch 192 accuracy: 95.47%
Batch 100, Loss: 0.0038
Batch 200, Loss: 0.0034
Batch 300, Loss: 0.0036
Epoch 193 learning rate: 0.00030195222724102046
Epoch 193 time: 236.20790243148804 seconds
Epoch 193 accuracy: 95.5%
Batch 100, Loss: 0.0037
Batch 200, Loss: 0.0034
Batch 300, Loss: 0.0035
Epoch 194 learning rate: 0.00022190176984600036
Epoch 194 time: 236.20135879516602 seconds
Epoch 194 accuracy: 95.39%
Batch 100, Loss: 0.0032
Batch 200, Loss: 0.0035
Batch 300, Loss: 0.0035
Epoch 195 learning rate: 0.00015413331334360192
Epoch 195 time: 236.2324812412262 seconds
Epoch 195 accuracy: 95.46%
Batch 100, Loss: 0.0033
Batch 200, Loss: 0.0035
Batch 300, Loss: 0.0035
Epoch 196 learning rate: 9.866357858642213e-05
Epoch 196 time: 236.25251841545105 seconds
Epoch 196 accuracy: 95.51%
Batch 100, Loss: 0.0036
Batch 200, Loss: 0.0033
Batch 300, Loss: 0.0031
Epoch 197 learning rate: 5.5506251901504864e-05
Epoch 197 time: 236.21429705619812 seconds
Epoch 197 accuracy: 95.54%
Batch 100, Loss: 0.0038
Batch 200, Loss: 0.0034
Batch 300, Loss: 0.0033
Epoch 198 learning rate: 2.4671981713420017e-05
Epoch 198 time: 236.15505456924438 seconds
Epoch 198 accuracy: 95.43%
Batch 100, Loss: 0.0031
Batch 200, Loss: 0.0033
Batch 300, Loss: 0.0035
Epoch 199 learning rate: 6.168375916970619e-06
Epoch 199 time: 236.20275211334229 seconds
Epoch 199 accuracy: 95.53%
Batch 100, Loss: 0.0036
Batch 200, Loss: 0.0032
Batch 300, Loss: 0.0034
Epoch 200 learning rate: 0.0
Epoch 200 time: 236.0077395439148 seconds
Epoch 200 accuracy: 95.52%
rho:  0.04 , alpha:  0.3
Total training time: 47245.68771266937 seconds
