The following modules were not unloaded:
  (Use "module --force purge" to unload all):

  1) CCconfig        6)  ucx/1.14.1         11) flexiblas/3.3.1
  2) gentoo/2023     7)  libfabric/1.18.0   12) imkl/2023.2.0
  3) gcccore/.12.3   8)  pmix/4.2.4         13) StdEnv/2023
  4) gcc/12.3        9)  ucc/1.2.0
  5) hwloc/2.9.1     10) openmpi/4.1.5
/project/6070520/tkleinkn/Vanilla-GAM/main_cifar.py:187: UserWarning: You have chosen a specific GPU. This will completely disable data parallelism.
  warnings.warn('You have chosen a specific GPU. This will completely '
model name space ['resnet101_c', 'resnet152_c', 'resnet18_c', 'resnet34_c', 'resnet50_c']
Use GPU: 0 for training
=> creating model 'resnet18_c'
Files already downloaded and verified
Files already downloaded and verified
tensorboard dir ./results/CIFAR10/GAMNonAccelerated
Using non-accelerated GAM
/home/tkleinkn/GAMtest/lib/python3.11/site-packages/torch/autograd/graph.py:744: UserWarning: Using backward() with create_graph=True will create a reference cycle between the parameter and its gradient which can cause a memory leak. We recommend using autograd.grad when creating the graph to avoid this. If you have to use this function, make sure to reset the .grad fields of your parameters to None after use to break the cycle and avoid the leak. (Triggered internally at /home/coulombc/wheels_builder/tmp.2617/python-3.11/torch/torch/csrc/autograd/engine.cpp:1203.)
  return Variable._execution_engine.run_backward(  # Calls into the C++ engine to run the backward pass
Batch 100, Loss: 2.0316
Batch 200, Loss: 1.6693
Batch 300, Loss: 1.5502
Epoch 1 learning rate: 0.09999383162408304
Epoch 1 time: 244.88263535499573 seconds
Epoch 1 accuracy: 33.74%
Batch 100, Loss: 1.4469
Batch 200, Loss: 1.4134
Batch 300, Loss: 1.3538
Epoch 2 learning rate: 0.09997532801828658
Epoch 2 time: 238.5568652153015 seconds
Epoch 2 accuracy: 43.85%
Batch 100, Loss: 1.2785
Batch 200, Loss: 1.2169
Batch 300, Loss: 1.1690
Epoch 3 learning rate: 0.09994449374809851
Epoch 3 time: 235.86511635780334 seconds
Epoch 3 accuracy: 54.9%
Batch 100, Loss: 1.0840
Batch 200, Loss: 1.0538
Batch 300, Loss: 1.0446
Epoch 4 learning rate: 0.09990133642141359
Epoch 4 time: 235.65183281898499 seconds
Epoch 4 accuracy: 64.94%
Batch 100, Loss: 0.9768
Batch 200, Loss: 0.9822
Batch 300, Loss: 0.9521
Epoch 5 learning rate: 0.09984586668665642
Epoch 5 time: 235.7506992816925 seconds
Epoch 5 accuracy: 67.43%
Batch 100, Loss: 0.9142
Batch 200, Loss: 0.8943
Batch 300, Loss: 0.8740
Epoch 6 learning rate: 0.09977809823015402
Epoch 6 time: 235.720965385437 seconds
Epoch 6 accuracy: 70.71%
Batch 100, Loss: 0.8484
Batch 200, Loss: 0.8172
Batch 300, Loss: 0.8214
Epoch 7 learning rate: 0.09969804777275901
Epoch 7 time: 235.6234793663025 seconds
Epoch 7 accuracy: 71.03%
Batch 100, Loss: 0.7992
Batch 200, Loss: 0.7912
Batch 300, Loss: 0.7838
Epoch 8 learning rate: 0.09960573506572391
Epoch 8 time: 235.6349582672119 seconds
Epoch 8 accuracy: 72.64%
Batch 100, Loss: 0.7549
Batch 200, Loss: 0.7538
Batch 300, Loss: 0.7559
Epoch 9 learning rate: 0.09950118288582789
Epoch 9 time: 235.70601773262024 seconds
Epoch 9 accuracy: 68.21%
Batch 100, Loss: 0.7362
Batch 200, Loss: 0.7392
Batch 300, Loss: 0.7432
Epoch 10 learning rate: 0.09938441702975691
Epoch 10 time: 235.62190341949463 seconds
Epoch 10 accuracy: 74.65%
Batch 100, Loss: 0.7172
Batch 200, Loss: 0.7179
Batch 300, Loss: 0.7301
Epoch 11 learning rate: 0.09925546630773871
Epoch 11 time: 235.68690872192383 seconds
Epoch 11 accuracy: 71.93%
Batch 100, Loss: 0.7054
Batch 200, Loss: 0.6943
Batch 300, Loss: 0.6903
Epoch 12 learning rate: 0.09911436253643445
Epoch 12 time: 235.629962682724 seconds
Epoch 12 accuracy: 74.98%
Batch 100, Loss: 0.6918
Batch 200, Loss: 0.6900
Batch 300, Loss: 0.6834
Epoch 13 learning rate: 0.0989611405310883
Epoch 13 time: 235.69138598442078 seconds
Epoch 13 accuracy: 79.46%
Batch 100, Loss: 0.6661
Batch 200, Loss: 0.6719
Batch 300, Loss: 0.6792
Epoch 14 learning rate: 0.09879583809693739
Epoch 14 time: 235.58112335205078 seconds
Epoch 14 accuracy: 74.87%
Batch 100, Loss: 0.6668
Batch 200, Loss: 0.6569
Batch 300, Loss: 0.6558
Epoch 15 learning rate: 0.09861849601988384
Epoch 15 time: 235.60865139961243 seconds
Epoch 15 accuracy: 81.37%
Batch 100, Loss: 0.6477
Batch 200, Loss: 0.6394
Batch 300, Loss: 0.6544
Epoch 16 learning rate: 0.09842915805643157
Epoch 16 time: 235.6426236629486 seconds
Epoch 16 accuracy: 80.67%
Batch 100, Loss: 0.6450
Batch 200, Loss: 0.6514
Batch 300, Loss: 0.6359
Epoch 17 learning rate: 0.09822787092288993
Epoch 17 time: 235.59971451759338 seconds
Epoch 17 accuracy: 81.5%
Batch 100, Loss: 0.6404
Batch 200, Loss: 0.6227
Batch 300, Loss: 0.6393
Epoch 18 learning rate: 0.09801468428384717
Epoch 18 time: 235.52240538597107 seconds
Epoch 18 accuracy: 76.24%
Batch 100, Loss: 0.6285
Batch 200, Loss: 0.6207
Batch 300, Loss: 0.6276
Epoch 19 learning rate: 0.09778965073991652
Epoch 19 time: 235.63769578933716 seconds
Epoch 19 accuracy: 78.08%
Batch 100, Loss: 0.6420
Batch 200, Loss: 0.6114
Batch 300, Loss: 0.6148
Epoch 20 learning rate: 0.0975528258147577
Epoch 20 time: 235.76877808570862 seconds
Epoch 20 accuracy: 78.47%
Batch 100, Loss: 0.6137
Batch 200, Loss: 0.6162
Batch 300, Loss: 0.6170
Epoch 21 learning rate: 0.09730426794137728
Epoch 21 time: 235.71506810188293 seconds
Epoch 21 accuracy: 81.74%
Batch 100, Loss: 0.6154
Batch 200, Loss: 0.5990
Batch 300, Loss: 0.6118
Epoch 22 learning rate: 0.09704403844771128
Epoch 22 time: 235.645987033844 seconds
Epoch 22 accuracy: 81.86%
Batch 100, Loss: 0.6061
Batch 200, Loss: 0.6137
Batch 300, Loss: 0.6134
Epoch 23 learning rate: 0.09677220154149338
Epoch 23 time: 235.61322903633118 seconds
Epoch 23 accuracy: 83.85%
Batch 100, Loss: 0.5827
Batch 200, Loss: 0.6114
Batch 300, Loss: 0.5947
Epoch 24 learning rate: 0.09648882429441258
Epoch 24 time: 235.62331628799438 seconds
Epoch 24 accuracy: 77.38%
Batch 100, Loss: 0.5764
Batch 200, Loss: 0.5884
Batch 300, Loss: 0.6015
Epoch 25 learning rate: 0.09619397662556435
Epoch 25 time: 235.6702675819397 seconds
Epoch 25 accuracy: 83.54%
Batch 100, Loss: 0.5888
Batch 200, Loss: 0.5867
Batch 300, Loss: 0.5837
Epoch 26 learning rate: 0.09588773128419906
Epoch 26 time: 235.66566514968872 seconds
Epoch 26 accuracy: 82.17%
Batch 100, Loss: 0.5737
Batch 200, Loss: 0.5753
Batch 300, Loss: 0.5689
Epoch 27 learning rate: 0.09557016383177226
Epoch 27 time: 235.54943799972534 seconds
Epoch 27 accuracy: 79.79%
Batch 100, Loss: 0.5830
Batch 200, Loss: 0.5947
Batch 300, Loss: 0.5880
Epoch 28 learning rate: 0.09524135262330098
Epoch 28 time: 235.71153569221497 seconds
Epoch 28 accuracy: 83.5%
Batch 100, Loss: 0.5757
Batch 200, Loss: 0.5832
Batch 300, Loss: 0.5962
Epoch 29 learning rate: 0.09490137878803079
Epoch 29 time: 235.76708817481995 seconds
Epoch 29 accuracy: 76.92%
Batch 100, Loss: 0.5734
Batch 200, Loss: 0.5766
Batch 300, Loss: 0.5792
Epoch 30 learning rate: 0.0945503262094184
Epoch 30 time: 235.68235039710999 seconds
Epoch 30 accuracy: 81.58%
Batch 100, Loss: 0.5687
Batch 200, Loss: 0.5676
Batch 300, Loss: 0.5824
Epoch 31 learning rate: 0.0941882815044347
Epoch 31 time: 235.6402564048767 seconds
Epoch 31 accuracy: 83.3%
Batch 100, Loss: 0.5826
Batch 200, Loss: 0.5660
Batch 300, Loss: 0.5600
Epoch 32 learning rate: 0.09381533400219319
Epoch 32 time: 235.66899013519287 seconds
Epoch 32 accuracy: 84.87%
Batch 100, Loss: 0.5630
Batch 200, Loss: 0.5657
Batch 300, Loss: 0.5709
Epoch 33 learning rate: 0.09343157572190958
Epoch 33 time: 235.6981906890869 seconds
Epoch 33 accuracy: 82.53%
Batch 100, Loss: 0.5539
Batch 200, Loss: 0.5731
Batch 300, Loss: 0.5669
Epoch 34 learning rate: 0.0930371013501972
Epoch 34 time: 235.6376051902771 seconds
Epoch 34 accuracy: 81.53%
Batch 100, Loss: 0.5546
Batch 200, Loss: 0.5622
Batch 300, Loss: 0.5703
Epoch 35 learning rate: 0.09263200821770463
Epoch 35 time: 235.66613388061523 seconds
Epoch 35 accuracy: 81.83%
Batch 100, Loss: 0.5520
Batch 200, Loss: 0.5648
Batch 300, Loss: 0.5632
Epoch 36 learning rate: 0.09221639627510078
Epoch 36 time: 235.60706615447998 seconds
Epoch 36 accuracy: 82.92%
Batch 100, Loss: 0.5467
Batch 200, Loss: 0.5604
Batch 300, Loss: 0.5620
Epoch 37 learning rate: 0.09179036806841355
Epoch 37 time: 235.7030427455902 seconds
Epoch 37 accuracy: 84.4%
Batch 100, Loss: 0.5606
Batch 200, Loss: 0.5531
Batch 300, Loss: 0.5506
Epoch 38 learning rate: 0.09135402871372812
Epoch 38 time: 235.63955688476562 seconds
Epoch 38 accuracy: 85.07%
Batch 100, Loss: 0.5460
Batch 200, Loss: 0.5396
Batch 300, Loss: 0.5535
Epoch 39 learning rate: 0.0909074858712512
Epoch 39 time: 235.6037347316742 seconds
Epoch 39 accuracy: 83.24%
Batch 100, Loss: 0.5446
Batch 200, Loss: 0.5407
Batch 300, Loss: 0.5660
Epoch 40 learning rate: 0.09045084971874741
Epoch 40 time: 235.64243173599243 seconds
Epoch 40 accuracy: 85.05%
Batch 100, Loss: 0.5490
Batch 200, Loss: 0.5532
Batch 300, Loss: 0.5385
Epoch 41 learning rate: 0.08998423292435458
Epoch 41 time: 235.66978764533997 seconds
Epoch 41 accuracy: 85.66%
Batch 100, Loss: 0.5327
Batch 200, Loss: 0.5539
Batch 300, Loss: 0.5544
Epoch 42 learning rate: 0.08950775061878455
Epoch 42 time: 235.68743085861206 seconds
Epoch 42 accuracy: 76.78%
Batch 100, Loss: 0.5470
Batch 200, Loss: 0.5411
Batch 300, Loss: 0.5467
Epoch 43 learning rate: 0.08902152036691653
Epoch 43 time: 235.7192759513855 seconds
Epoch 43 accuracy: 82.42%
Batch 100, Loss: 0.5369
Batch 200, Loss: 0.5345
Batch 300, Loss: 0.5529
Epoch 44 learning rate: 0.08852566213878951
Epoch 44 time: 235.6929476261139 seconds
Epoch 44 accuracy: 85.45%
Batch 100, Loss: 0.5456
Batch 200, Loss: 0.5431
Batch 300, Loss: 0.5327
Epoch 45 learning rate: 0.0880202982800016
Epoch 45 time: 235.6333134174347 seconds
Epoch 45 accuracy: 85.26%
Batch 100, Loss: 0.5358
Batch 200, Loss: 0.5304
Batch 300, Loss: 0.5384
Epoch 46 learning rate: 0.08750555348152303
Epoch 46 time: 235.74238514900208 seconds
Epoch 46 accuracy: 83.53%
Batch 100, Loss: 0.5319
Batch 200, Loss: 0.5386
Batch 300, Loss: 0.5489
Epoch 47 learning rate: 0.08698155474893052
Epoch 47 time: 235.67423629760742 seconds
Epoch 47 accuracy: 86.81%
Batch 100, Loss: 0.5253
Batch 200, Loss: 0.5468
Batch 300, Loss: 0.5341
Epoch 48 learning rate: 0.08644843137107061
Epoch 48 time: 235.70884442329407 seconds
Epoch 48 accuracy: 86.96%
Batch 100, Loss: 0.5362
Batch 200, Loss: 0.5278
Batch 300, Loss: 0.5287
Epoch 49 learning rate: 0.08590631488815947
Epoch 49 time: 235.73580265045166 seconds
Epoch 49 accuracy: 84.31%
Batch 100, Loss: 0.5255
Batch 200, Loss: 0.5317
Batch 300, Loss: 0.5368
Epoch 50 learning rate: 0.0853553390593274
Epoch 50 time: 235.68014931678772 seconds
Epoch 50 accuracy: 86.9%
Batch 100, Loss: 0.5338
Batch 200, Loss: 0.5186
Batch 300, Loss: 0.5371
Epoch 51 learning rate: 0.08479563982961574
Epoch 51 time: 235.68041110038757 seconds
Epoch 51 accuracy: 84.84%
Batch 100, Loss: 0.5343
Batch 200, Loss: 0.5217
Batch 300, Loss: 0.5184
Epoch 52 learning rate: 0.08422735529643446
Epoch 52 time: 235.7163679599762 seconds
Epoch 52 accuracy: 87.08%
Batch 100, Loss: 0.5297
Batch 200, Loss: 0.5246
Batch 300, Loss: 0.5121
Epoch 53 learning rate: 0.08365062567548869
Epoch 53 time: 235.65022110939026 seconds
Epoch 53 accuracy: 84.01%
Batch 100, Loss: 0.5141
Batch 200, Loss: 0.5293
Batch 300, Loss: 0.5323
Epoch 54 learning rate: 0.08306559326618261
Epoch 54 time: 235.72511887550354 seconds
Epoch 54 accuracy: 86.29%
Batch 100, Loss: 0.5120
Batch 200, Loss: 0.5465
Batch 300, Loss: 0.5123
Epoch 55 learning rate: 0.0824724024165092
Epoch 55 time: 235.69115710258484 seconds
Epoch 55 accuracy: 85.37%
Batch 100, Loss: 0.5205
Batch 200, Loss: 0.5148
Batch 300, Loss: 0.5188
Epoch 56 learning rate: 0.0818711994874345
Epoch 56 time: 235.624929189682 seconds
Epoch 56 accuracy: 83.49%
Batch 100, Loss: 0.5085
Batch 200, Loss: 0.5035
Batch 300, Loss: 0.5172
Epoch 57 learning rate: 0.08126213281678528
Epoch 57 time: 235.71305584907532 seconds
Epoch 57 accuracy: 85.24%
Batch 100, Loss: 0.5133
Batch 200, Loss: 0.5206
Batch 300, Loss: 0.5211
Epoch 58 learning rate: 0.08064535268264884
Epoch 58 time: 235.54512190818787 seconds
Epoch 58 accuracy: 85.91%
Batch 100, Loss: 0.5096
Batch 200, Loss: 0.5127
Batch 300, Loss: 0.5310
Epoch 59 learning rate: 0.08002101126629421
Epoch 59 time: 235.64191055297852 seconds
Epoch 59 accuracy: 84.83%
Batch 100, Loss: 0.5085
Batch 200, Loss: 0.5200
Batch 300, Loss: 0.5085
Epoch 60 learning rate: 0.07938926261462367
Epoch 60 time: 235.58350229263306 seconds
Epoch 60 accuracy: 84.41%
Batch 100, Loss: 0.5069
Batch 200, Loss: 0.5146
Batch 300, Loss: 0.5076
Epoch 61 learning rate: 0.07875026260216395
Epoch 61 time: 235.6718590259552 seconds
Epoch 61 accuracy: 85.95%
Batch 100, Loss: 0.4923
Batch 200, Loss: 0.5030
Batch 300, Loss: 0.5141
Epoch 62 learning rate: 0.07810416889260656
Epoch 62 time: 235.6641707420349 seconds
Epoch 62 accuracy: 86.12%
Batch 100, Loss: 0.4996
Batch 200, Loss: 0.5069
Batch 300, Loss: 0.5143
Epoch 63 learning rate: 0.07745114089990661
Epoch 63 time: 235.62983417510986 seconds
Epoch 63 accuracy: 85.53%
Batch 100, Loss: 0.5164
Batch 200, Loss: 0.5117
Batch 300, Loss: 0.5097
Epoch 64 learning rate: 0.07679133974894985
Epoch 64 time: 235.83863806724548 seconds
Epoch 64 accuracy: 77.04%
Batch 100, Loss: 0.4994
Batch 200, Loss: 0.5017
Batch 300, Loss: 0.4919
Epoch 65 learning rate: 0.07612492823579746
Epoch 65 time: 235.85533475875854 seconds
Epoch 65 accuracy: 84.18%
Batch 100, Loss: 0.5098
Batch 200, Loss: 0.4918
Batch 300, Loss: 0.4948
Epoch 66 learning rate: 0.07545207078751859
Epoch 66 time: 235.6074275970459 seconds
Epoch 66 accuracy: 83.8%
Batch 100, Loss: 0.4976
Batch 200, Loss: 0.4858
Batch 300, Loss: 0.5092
Epoch 67 learning rate: 0.0747729334216204
Epoch 67 time: 235.6001365184784 seconds
Epoch 67 accuracy: 85.17%
Batch 100, Loss: 0.5065
Batch 200, Loss: 0.4918
Batch 300, Loss: 0.4795
Epoch 68 learning rate: 0.07408768370508578
Epoch 68 time: 235.58342385292053 seconds
Epoch 68 accuracy: 86.25%
Batch 100, Loss: 0.4960
Batch 200, Loss: 0.4918
Batch 300, Loss: 0.4950
Epoch 69 learning rate: 0.0733964907130287
Epoch 69 time: 235.68727564811707 seconds
Epoch 69 accuracy: 87.85%
Batch 100, Loss: 0.4848
Batch 200, Loss: 0.4872
Batch 300, Loss: 0.4914
Epoch 70 learning rate: 0.07269952498697736
Epoch 70 time: 235.72689032554626 seconds
Epoch 70 accuracy: 85.1%
Batch 100, Loss: 0.4888
Batch 200, Loss: 0.4914
Batch 300, Loss: 0.4979
Epoch 71 learning rate: 0.07199695849279578
Epoch 71 time: 235.58193135261536 seconds
Epoch 71 accuracy: 87.4%
Batch 100, Loss: 0.4827
Batch 200, Loss: 0.4917
Batch 300, Loss: 0.4804
Epoch 72 learning rate: 0.07128896457825366
Epoch 72 time: 235.66554069519043 seconds
Epoch 72 accuracy: 85.89%
Batch 100, Loss: 0.4784
Batch 200, Loss: 0.4932
Batch 300, Loss: 0.4674
Epoch 73 learning rate: 0.07057571793025548
Epoch 73 time: 235.6783323287964 seconds
Epoch 73 accuracy: 88.22%
Batch 100, Loss: 0.4784
Batch 200, Loss: 0.4814
Batch 300, Loss: 0.4848
Epoch 74 learning rate: 0.06985739453173906
Epoch 74 time: 235.5851171016693 seconds
Epoch 74 accuracy: 87.11%
Batch 100, Loss: 0.4822
Batch 200, Loss: 0.4799
Batch 300, Loss: 0.4728
Epoch 75 learning rate: 0.06913417161825453
Epoch 75 time: 235.6079602241516 seconds
Epoch 75 accuracy: 85.71%
Batch 100, Loss: 0.4713
Batch 200, Loss: 0.4909
Batch 300, Loss: 0.4778
Epoch 76 learning rate: 0.06840622763423394
Epoch 76 time: 235.7366259098053 seconds
Epoch 76 accuracy: 86.34%
Batch 100, Loss: 0.4725
Batch 200, Loss: 0.4653
Batch 300, Loss: 0.4766
Epoch 77 learning rate: 0.0676737421889629
Epoch 77 time: 235.6648485660553 seconds
Epoch 77 accuracy: 87.51%
Batch 100, Loss: 0.4639
Batch 200, Loss: 0.4822
Batch 300, Loss: 0.4775
Epoch 78 learning rate: 0.06693689601226462
Epoch 78 time: 235.57298636436462 seconds
Epoch 78 accuracy: 89.42%
Batch 100, Loss: 0.4712
Batch 200, Loss: 0.4830
Batch 300, Loss: 0.4682
Epoch 79 learning rate: 0.06619587090990751
Epoch 79 time: 235.5818910598755 seconds
Epoch 79 accuracy: 87.87%
Batch 100, Loss: 0.4696
Batch 200, Loss: 0.4679
Batch 300, Loss: 0.4750
Epoch 80 learning rate: 0.06545084971874741
Epoch 80 time: 235.57140827178955 seconds
Epoch 80 accuracy: 87.29%
Batch 100, Loss: 0.4579
Batch 200, Loss: 0.4611
Batch 300, Loss: 0.4819
Epoch 81 learning rate: 0.06470201626161524
Epoch 81 time: 235.66578817367554 seconds
Epoch 81 accuracy: 86.75%
Batch 100, Loss: 0.4452
Batch 200, Loss: 0.4726
Batch 300, Loss: 0.4666
Epoch 82 learning rate: 0.06394955530196152
Epoch 82 time: 235.65099430084229 seconds
Epoch 82 accuracy: 88.07%
Batch 100, Loss: 0.4568
Batch 200, Loss: 0.4669
Batch 300, Loss: 0.4552
Epoch 83 learning rate: 0.06319365249826868
Epoch 83 time: 235.59813261032104 seconds
Epoch 83 accuracy: 87.74%
Batch 100, Loss: 0.4636
Batch 200, Loss: 0.4638
Batch 300, Loss: 0.4692
Epoch 84 learning rate: 0.06243449435824277
Epoch 84 time: 235.70508408546448 seconds
Epoch 84 accuracy: 88.89%
Batch 100, Loss: 0.4630
Batch 200, Loss: 0.4742
Batch 300, Loss: 0.4600
Epoch 85 learning rate: 0.06167226819279532
Epoch 85 time: 235.6844563484192 seconds
Epoch 85 accuracy: 88.07%
Batch 100, Loss: 0.4495
Batch 200, Loss: 0.4584
Batch 300, Loss: 0.4515
Epoch 86 learning rate: 0.06090716206982718
Epoch 86 time: 235.64215779304504 seconds
Epoch 86 accuracy: 88.27%
Batch 100, Loss: 0.4511
Batch 200, Loss: 0.4459
Batch 300, Loss: 0.4624
Epoch 87 learning rate: 0.06013936476782568
Epoch 87 time: 235.6477870941162 seconds
Epoch 87 accuracy: 87.0%
Batch 100, Loss: 0.4626
Batch 200, Loss: 0.4380
Batch 300, Loss: 0.4584
Epoch 88 learning rate: 0.05936906572928629
Epoch 88 time: 235.70201110839844 seconds
Epoch 88 accuracy: 87.81%
Batch 100, Loss: 0.4440
Batch 200, Loss: 0.4417
Batch 300, Loss: 0.4570
Epoch 89 learning rate: 0.05859645501397052
Epoch 89 time: 235.63032793998718 seconds
Epoch 89 accuracy: 86.5%
Batch 100, Loss: 0.4590
Batch 200, Loss: 0.4440
Batch 300, Loss: 0.4475
Epoch 90 learning rate: 0.05782172325201159
Epoch 90 time: 235.71001291275024 seconds
Epoch 90 accuracy: 89.72%
Batch 100, Loss: 0.4446
Batch 200, Loss: 0.4524
Batch 300, Loss: 0.4393
Epoch 91 learning rate: 0.057045061596879186
Epoch 91 time: 235.66976881027222 seconds
Epoch 91 accuracy: 86.43%
Batch 100, Loss: 0.4398
Batch 200, Loss: 0.4282
Batch 300, Loss: 0.4540
Epoch 92 learning rate: 0.056266661678215264
Epoch 92 time: 235.66735363006592 seconds
Epoch 92 accuracy: 88.9%
Batch 100, Loss: 0.4265
Batch 200, Loss: 0.4349
Batch 300, Loss: 0.4460
Epoch 93 learning rate: 0.055486715554552306
Epoch 93 time: 235.60868310928345 seconds
Epoch 93 accuracy: 89.22%
Batch 100, Loss: 0.4396
Batch 200, Loss: 0.4437
Batch 300, Loss: 0.4400
Epoch 94 learning rate: 0.05470541566592575
Epoch 94 time: 235.70468497276306 seconds
Epoch 94 accuracy: 85.95%
Batch 100, Loss: 0.4354
Batch 200, Loss: 0.4497
Batch 300, Loss: 0.4294
Epoch 95 learning rate: 0.05392295478639229
Epoch 95 time: 235.70974111557007 seconds
Epoch 95 accuracy: 87.85%
Batch 100, Loss: 0.4281
Batch 200, Loss: 0.4466
Batch 300, Loss: 0.4456
Epoch 96 learning rate: 0.05313952597646571
Epoch 96 time: 235.71468091011047 seconds
Epoch 96 accuracy: 87.72%
Batch 100, Loss: 0.4309
Batch 200, Loss: 0.4258
Batch 300, Loss: 0.4294
Epoch 97 learning rate: 0.05235532253548216
Epoch 97 time: 235.71710515022278 seconds
Epoch 97 accuracy: 88.1%
Batch 100, Loss: 0.4286
Batch 200, Loss: 0.4309
Batch 300, Loss: 0.4203
Epoch 98 learning rate: 0.051570537953906447
Epoch 98 time: 235.63617730140686 seconds
Epoch 98 accuracy: 89.63%
Batch 100, Loss: 0.4145
Batch 200, Loss: 0.4319
Batch 300, Loss: 0.4319
Epoch 99 learning rate: 0.05078536586559106
Epoch 99 time: 235.6943907737732 seconds
Epoch 99 accuracy: 88.52%
Batch 100, Loss: 0.4254
Batch 200, Loss: 0.4154
Batch 300, Loss: 0.4359
Epoch 100 learning rate: 0.050000000000000024
Epoch 100 time: 235.72406148910522 seconds
Epoch 100 accuracy: 90.27%
Batch 100, Loss: 0.4189
Batch 200, Loss: 0.4066
Batch 300, Loss: 0.4309
Epoch 101 learning rate: 0.049214634134409
Epoch 101 time: 235.72395491600037 seconds
Epoch 101 accuracy: 88.81%
Batch 100, Loss: 0.4087
Batch 200, Loss: 0.4216
Batch 300, Loss: 0.4238
Epoch 102 learning rate: 0.04842946204609361
Epoch 102 time: 235.65314102172852 seconds
Epoch 102 accuracy: 90.28%
Batch 100, Loss: 0.4071
Batch 200, Loss: 0.4141
Batch 300, Loss: 0.4138
Epoch 103 learning rate: 0.04764467746451789
Epoch 103 time: 235.71142292022705 seconds
Epoch 103 accuracy: 89.36%
Batch 100, Loss: 0.4173
Batch 200, Loss: 0.4161
Batch 300, Loss: 0.4194
Epoch 104 learning rate: 0.046860474023534354
Epoch 104 time: 235.7189998626709 seconds
Epoch 104 accuracy: 89.32%
Batch 100, Loss: 0.4106
Batch 200, Loss: 0.4183
Batch 300, Loss: 0.4222
Epoch 105 learning rate: 0.04607704521360778
Epoch 105 time: 235.67769193649292 seconds
Epoch 105 accuracy: 90.76%
Batch 100, Loss: 0.4014
Batch 200, Loss: 0.4154
Batch 300, Loss: 0.4089
Epoch 106 learning rate: 0.04529458433407431
Epoch 106 time: 235.630788564682 seconds
Epoch 106 accuracy: 89.57%
Batch 100, Loss: 0.4165
Batch 200, Loss: 0.4032
Batch 300, Loss: 0.4064
Epoch 107 learning rate: 0.04451328444544776
Epoch 107 time: 235.88294458389282 seconds
Epoch 107 accuracy: 88.9%
Batch 100, Loss: 0.4035
Batch 200, Loss: 0.4051
Batch 300, Loss: 0.3983
Epoch 108 learning rate: 0.04373333832178482
Epoch 108 time: 235.59033298492432 seconds
Epoch 108 accuracy: 90.59%
Batch 100, Loss: 0.4016
Batch 200, Loss: 0.3956
Batch 300, Loss: 0.4035
Epoch 109 learning rate: 0.0429549384031209
Epoch 109 time: 235.70890069007874 seconds
Epoch 109 accuracy: 90.05%
Batch 100, Loss: 0.3910
Batch 200, Loss: 0.3948
Batch 300, Loss: 0.4003
Epoch 110 learning rate: 0.042178276747988484
Epoch 110 time: 235.60980343818665 seconds
Epoch 110 accuracy: 89.73%
Batch 100, Loss: 0.3920
Batch 200, Loss: 0.4015
Batch 300, Loss: 0.3899
Epoch 111 learning rate: 0.04140354498602954
Epoch 111 time: 235.58605360984802 seconds
Epoch 111 accuracy: 88.16%
Batch 100, Loss: 0.3939
Batch 200, Loss: 0.4013
Batch 300, Loss: 0.4088
Epoch 112 learning rate: 0.0406309342707138
Epoch 112 time: 235.61988615989685 seconds
Epoch 112 accuracy: 90.57%
Batch 100, Loss: 0.3929
Batch 200, Loss: 0.3911
Batch 300, Loss: 0.3998
Epoch 113 learning rate: 0.03986063523217441
Epoch 113 time: 235.6125202178955 seconds
Epoch 113 accuracy: 90.27%
Batch 100, Loss: 0.3747
Batch 200, Loss: 0.3916
Batch 300, Loss: 0.3889
Epoch 114 learning rate: 0.039092837930172916
Epoch 114 time: 235.6392741203308 seconds
Epoch 114 accuracy: 90.89%
Batch 100, Loss: 0.3851
Batch 200, Loss: 0.3794
Batch 300, Loss: 0.3935
Epoch 115 learning rate: 0.03832773180720475
Epoch 115 time: 235.59041166305542 seconds
Epoch 115 accuracy: 90.89%
Batch 100, Loss: 0.3768
Batch 200, Loss: 0.3770
Batch 300, Loss: 0.3858
Epoch 116 learning rate: 0.037565505641757285
Epoch 116 time: 235.6259250640869 seconds
Epoch 116 accuracy: 90.55%
Batch 100, Loss: 0.3840
Batch 200, Loss: 0.3786
Batch 300, Loss: 0.3939
Epoch 117 learning rate: 0.03680634750173138
Epoch 117 time: 235.61621809005737 seconds
Epoch 117 accuracy: 90.8%
Batch 100, Loss: 0.3636
Batch 200, Loss: 0.3652
Batch 300, Loss: 0.3810
Epoch 118 learning rate: 0.036050444698038565
Epoch 118 time: 235.6923484802246 seconds
Epoch 118 accuracy: 90.29%
Batch 100, Loss: 0.3732
Batch 200, Loss: 0.3777
Batch 300, Loss: 0.3823
Epoch 119 learning rate: 0.03529798373838483
Epoch 119 time: 235.72672843933105 seconds
Epoch 119 accuracy: 90.66%
Batch 100, Loss: 0.3705
Batch 200, Loss: 0.3653
Batch 300, Loss: 0.3747
Epoch 120 learning rate: 0.03454915028125267
Epoch 120 time: 235.6052975654602 seconds
Epoch 120 accuracy: 90.77%
Batch 100, Loss: 0.3726
Batch 200, Loss: 0.3622
Batch 300, Loss: 0.3733
Epoch 121 learning rate: 0.03380412909009255
Epoch 121 time: 235.72819638252258 seconds
Epoch 121 accuracy: 91.74%
Batch 100, Loss: 0.3672
Batch 200, Loss: 0.3696
Batch 300, Loss: 0.3647
Epoch 122 learning rate: 0.03306310398773545
Epoch 122 time: 235.78877210617065 seconds
Epoch 122 accuracy: 90.61%
Batch 100, Loss: 0.3580
Batch 200, Loss: 0.3637
Batch 300, Loss: 0.3697
Epoch 123 learning rate: 0.03232625781103717
Epoch 123 time: 235.666113615036 seconds
Epoch 123 accuracy: 90.74%
Batch 100, Loss: 0.3524
Batch 200, Loss: 0.3708
Batch 300, Loss: 0.3539
Epoch 124 learning rate: 0.03159377236576613
Epoch 124 time: 235.69701266288757 seconds
Epoch 124 accuracy: 90.68%
Batch 100, Loss: 0.3537
Batch 200, Loss: 0.3591
Batch 300, Loss: 0.3533
Epoch 125 learning rate: 0.030865828381745543
Epoch 125 time: 235.734610080719 seconds
Epoch 125 accuracy: 91.48%
Batch 100, Loss: 0.3402
Batch 200, Loss: 0.3484
Batch 300, Loss: 0.3501
Epoch 126 learning rate: 0.03014260546826098
Epoch 126 time: 235.66799879074097 seconds
Epoch 126 accuracy: 90.84%
Batch 100, Loss: 0.3418
Batch 200, Loss: 0.3516
Batch 300, Loss: 0.3534
Epoch 127 learning rate: 0.02942428206974458
Epoch 127 time: 235.6267650127411 seconds
Epoch 127 accuracy: 90.95%
Batch 100, Loss: 0.3408
Batch 200, Loss: 0.3541
Batch 300, Loss: 0.3484
Epoch 128 learning rate: 0.028711035421746387
Epoch 128 time: 235.75601506233215 seconds
Epoch 128 accuracy: 91.14%
Batch 100, Loss: 0.3338
Batch 200, Loss: 0.3583
Batch 300, Loss: 0.3467
Epoch 129 learning rate: 0.02800304150720426
Epoch 129 time: 235.59564995765686 seconds
Epoch 129 accuracy: 91.24%
Batch 100, Loss: 0.3403
Batch 200, Loss: 0.3409
Batch 300, Loss: 0.3357
Epoch 130 learning rate: 0.02730047501302268
Epoch 130 time: 235.66014552116394 seconds
Epoch 130 accuracy: 91.9%
Batch 100, Loss: 0.3432
Batch 200, Loss: 0.3385
Batch 300, Loss: 0.3431
Epoch 131 learning rate: 0.026603509286971357
Epoch 131 time: 235.67924213409424 seconds
Epoch 131 accuracy: 92.33%
Batch 100, Loss: 0.3347
Batch 200, Loss: 0.3328
Batch 300, Loss: 0.3373
Epoch 132 learning rate: 0.025912316294914244
Epoch 132 time: 235.69953536987305 seconds
Epoch 132 accuracy: 91.76%
Batch 100, Loss: 0.3321
Batch 200, Loss: 0.3283
Batch 300, Loss: 0.3299
Epoch 133 learning rate: 0.025227066578379632
Epoch 133 time: 235.63941192626953 seconds
Epoch 133 accuracy: 92.05%
Batch 100, Loss: 0.3321
Batch 200, Loss: 0.3300
Batch 300, Loss: 0.3223
Epoch 134 learning rate: 0.024547929212481445
Epoch 134 time: 235.6223864555359 seconds
Epoch 134 accuracy: 92.62%
Batch 100, Loss: 0.3199
Batch 200, Loss: 0.3329
Batch 300, Loss: 0.3332
Epoch 135 learning rate: 0.02387507176420257
Epoch 135 time: 235.6792552471161 seconds
Epoch 135 accuracy: 92.83%
Batch 100, Loss: 0.3127
Batch 200, Loss: 0.3249
Batch 300, Loss: 0.3188
Epoch 136 learning rate: 0.023208660251050166
Epoch 136 time: 235.78618955612183 seconds
Epoch 136 accuracy: 92.45%
Batch 100, Loss: 0.3077
Batch 200, Loss: 0.3227
Batch 300, Loss: 0.3224
Epoch 137 learning rate: 0.022548859100093414
Epoch 137 time: 235.66155767440796 seconds
Epoch 137 accuracy: 92.83%
Batch 100, Loss: 0.3156
Batch 200, Loss: 0.3221
Batch 300, Loss: 0.3233
Epoch 138 learning rate: 0.021895831107393474
Epoch 138 time: 235.7155351638794 seconds
Epoch 138 accuracy: 92.99%
Batch 100, Loss: 0.3184
Batch 200, Loss: 0.3089
Batch 300, Loss: 0.3132
Epoch 139 learning rate: 0.02124973739783608
Epoch 139 time: 235.66962575912476 seconds
Epoch 139 accuracy: 92.89%
Batch 100, Loss: 0.3039
Batch 200, Loss: 0.3141
Batch 300, Loss: 0.3143
Epoch 140 learning rate: 0.02061073738537636
Epoch 140 time: 235.6001570224762 seconds
Epoch 140 accuracy: 93.31%
Batch 100, Loss: 0.2992
Batch 200, Loss: 0.3076
Batch 300, Loss: 0.3141
Epoch 141 learning rate: 0.019978988733705814
Epoch 141 time: 235.76837539672852 seconds
Epoch 141 accuracy: 93.03%
Batch 100, Loss: 0.2930
Batch 200, Loss: 0.3071
Batch 300, Loss: 0.3083
Epoch 142 learning rate: 0.01935464731735118
Epoch 142 time: 235.70787167549133 seconds
Epoch 142 accuracy: 93.36%
Batch 100, Loss: 0.2905
Batch 200, Loss: 0.2999
Batch 300, Loss: 0.3022
Epoch 143 learning rate: 0.018737867183214747
Epoch 143 time: 235.7228708267212 seconds
Epoch 143 accuracy: 93.36%
Batch 100, Loss: 0.2876
Batch 200, Loss: 0.2850
Batch 300, Loss: 0.2998
Epoch 144 learning rate: 0.01812880051256552
Epoch 144 time: 235.629399061203 seconds
Epoch 144 accuracy: 93.33%
Batch 100, Loss: 0.2830
Batch 200, Loss: 0.2903
Batch 300, Loss: 0.3020
Epoch 145 learning rate: 0.017527597583490827
Epoch 145 time: 235.7526867389679 seconds
Epoch 145 accuracy: 93.49%
Batch 100, Loss: 0.2831
Batch 200, Loss: 0.2950
Batch 300, Loss: 0.2879
Epoch 146 learning rate: 0.01693440673381742
Epoch 146 time: 235.677316904068 seconds
Epoch 146 accuracy: 93.27%
Batch 100, Loss: 0.2827
Batch 200, Loss: 0.2919
Batch 300, Loss: 0.2974
Epoch 147 learning rate: 0.016349374324511334
Epoch 147 time: 235.75468564033508 seconds
Epoch 147 accuracy: 94.15%
Batch 100, Loss: 0.2822
Batch 200, Loss: 0.2667
Batch 300, Loss: 0.2948
Epoch 148 learning rate: 0.01577264470356557
Epoch 148 time: 235.6926233768463 seconds
Epoch 148 accuracy: 93.7%
Batch 100, Loss: 0.2749
Batch 200, Loss: 0.2835
Batch 300, Loss: 0.2840
Epoch 149 learning rate: 0.01520436017038429
Epoch 149 time: 235.67897629737854 seconds
Epoch 149 accuracy: 93.48%
Batch 100, Loss: 0.2770
Batch 200, Loss: 0.2755
Batch 300, Loss: 0.2689
Epoch 150 learning rate: 0.014644660940672632
Epoch 150 time: 235.62624192237854 seconds
Epoch 150 accuracy: 92.98%
Batch 100, Loss: 0.2683
Batch 200, Loss: 0.2648
Batch 300, Loss: 0.2753
Epoch 151 learning rate: 0.01409368511184057
Epoch 151 time: 235.68474102020264 seconds
Epoch 151 accuracy: 93.25%
Batch 100, Loss: 0.2697
Batch 200, Loss: 0.2713
Batch 300, Loss: 0.2738
Epoch 152 learning rate: 0.013551568628929438
Epoch 152 time: 235.65192317962646 seconds
Epoch 152 accuracy: 93.7%
Batch 100, Loss: 0.2633
Batch 200, Loss: 0.2558
Batch 300, Loss: 0.2679
Epoch 153 learning rate: 0.013018445251069516
Epoch 153 time: 235.62699913978577 seconds
Epoch 153 accuracy: 93.98%
Batch 100, Loss: 0.2523
Batch 200, Loss: 0.2647
Batch 300, Loss: 0.2562
Epoch 154 learning rate: 0.012494446518477026
Epoch 154 time: 235.76204538345337 seconds
Epoch 154 accuracy: 94.75%
Batch 100, Loss: 0.2541
Batch 200, Loss: 0.2616
Batch 300, Loss: 0.2695
Epoch 155 learning rate: 0.011979701719998459
Epoch 155 time: 235.71442985534668 seconds
Epoch 155 accuracy: 94.27%
Batch 100, Loss: 0.2527
Batch 200, Loss: 0.2595
Batch 300, Loss: 0.2625
Epoch 156 learning rate: 0.011474337861210548
Epoch 156 time: 235.63508439064026 seconds
Epoch 156 accuracy: 93.98%
Batch 100, Loss: 0.2427
Batch 200, Loss: 0.2478
Batch 300, Loss: 0.2542
Epoch 157 learning rate: 0.010978479633083526
Epoch 157 time: 235.65508484840393 seconds
Epoch 157 accuracy: 94.72%
Batch 100, Loss: 0.2455
Batch 200, Loss: 0.2389
Batch 300, Loss: 0.2518
Epoch 158 learning rate: 0.010492249381215483
Epoch 158 time: 235.7029960155487 seconds
Epoch 158 accuracy: 94.74%
Batch 100, Loss: 0.2403
Batch 200, Loss: 0.2398
Batch 300, Loss: 0.2505
Epoch 159 learning rate: 0.010015767075645474
Epoch 159 time: 235.59735822677612 seconds
Epoch 159 accuracy: 94.97%
Batch 100, Loss: 0.2422
Batch 200, Loss: 0.2381
Batch 300, Loss: 0.2406
Epoch 160 learning rate: 0.009549150281252637
Epoch 160 time: 235.65371894836426 seconds
Epoch 160 accuracy: 94.91%
Batch 100, Loss: 0.2291
Batch 200, Loss: 0.2356
Batch 300, Loss: 0.2498
Epoch 161 learning rate: 0.00909251412874884
Epoch 161 time: 235.66538619995117 seconds
Epoch 161 accuracy: 94.83%
Batch 100, Loss: 0.2298
Batch 200, Loss: 0.2395
Batch 300, Loss: 0.2377
Epoch 162 learning rate: 0.008645971286271918
Epoch 162 time: 235.67892980575562 seconds
Epoch 162 accuracy: 94.77%
Batch 100, Loss: 0.2294
Batch 200, Loss: 0.2198
Batch 300, Loss: 0.2297
Epoch 163 learning rate: 0.008209631931586501
Epoch 163 time: 235.6146683692932 seconds
Epoch 163 accuracy: 94.9%
Batch 100, Loss: 0.2295
Batch 200, Loss: 0.2274
Batch 300, Loss: 0.2323
Epoch 164 learning rate: 0.0077836037248992605
Epoch 164 time: 235.6012020111084 seconds
Epoch 164 accuracy: 94.97%
Batch 100, Loss: 0.2176
Batch 200, Loss: 0.2186
Batch 300, Loss: 0.2240
Epoch 165 learning rate: 0.0073679917822954055
Epoch 165 time: 235.67144918441772 seconds
Epoch 165 accuracy: 95.29%
Batch 100, Loss: 0.2136
Batch 200, Loss: 0.2259
Batch 300, Loss: 0.2162
Epoch 166 learning rate: 0.006962898649802815
Epoch 166 time: 235.60025095939636 seconds
Epoch 166 accuracy: 95.29%
Batch 100, Loss: 0.2145
Batch 200, Loss: 0.2138
Batch 300, Loss: 0.2123
Epoch 167 learning rate: 0.006568424278090438
Epoch 167 time: 235.63961505889893 seconds
Epoch 167 accuracy: 95.63%
Batch 100, Loss: 0.2082
Batch 200, Loss: 0.2020
Batch 300, Loss: 0.2163
Epoch 168 learning rate: 0.006184665997806824
Epoch 168 time: 235.71798062324524 seconds
Epoch 168 accuracy: 95.24%
Batch 100, Loss: 0.2073
Batch 200, Loss: 0.2019
Batch 300, Loss: 0.1993
Epoch 169 learning rate: 0.00581171849556533
Epoch 169 time: 235.58568906784058 seconds
Epoch 169 accuracy: 95.79%
Batch 100, Loss: 0.2063
Batch 200, Loss: 0.2036
Batch 300, Loss: 0.1950
Epoch 170 learning rate: 0.0054496737905816136
Epoch 170 time: 235.6057243347168 seconds
Epoch 170 accuracy: 95.49%
Batch 100, Loss: 0.2028
Batch 200, Loss: 0.1977
Batch 300, Loss: 0.2020
Epoch 171 learning rate: 0.005098621211969226
Epoch 171 time: 235.67553091049194 seconds
Epoch 171 accuracy: 95.73%
Batch 100, Loss: 0.1910
Batch 200, Loss: 0.2011
Batch 300, Loss: 0.1912
Epoch 172 learning rate: 0.004758647376699035
Epoch 172 time: 235.5897936820984 seconds
Epoch 172 accuracy: 95.62%
Batch 100, Loss: 0.1927
Batch 200, Loss: 0.1951
Batch 300, Loss: 0.1957
Epoch 173 learning rate: 0.00442983616822775
Epoch 173 time: 235.5931842327118 seconds
Epoch 173 accuracy: 96.02%
Batch 100, Loss: 0.1922
Batch 200, Loss: 0.1911
Batch 300, Loss: 0.1864
Epoch 174 learning rate: 0.004112268715800957
Epoch 174 time: 235.5852997303009 seconds
Epoch 174 accuracy: 95.61%
Batch 100, Loss: 0.1828
Batch 200, Loss: 0.1804
Batch 300, Loss: 0.1863
Epoch 175 learning rate: 0.003806023374435677
Epoch 175 time: 235.72248649597168 seconds
Epoch 175 accuracy: 95.66%
Batch 100, Loss: 0.1827
Batch 200, Loss: 0.1820
Batch 300, Loss: 0.1802
Epoch 176 learning rate: 0.003511175705587435
Epoch 176 time: 235.70131134986877 seconds
Epoch 176 accuracy: 95.94%
Batch 100, Loss: 0.1807
Batch 200, Loss: 0.1817
Batch 300, Loss: 0.1742
Epoch 177 learning rate: 0.0032277984585066333
Epoch 177 time: 235.63421988487244 seconds
Epoch 177 accuracy: 96.3%
Batch 100, Loss: 0.1776
Batch 200, Loss: 0.1739
Batch 300, Loss: 0.1753
Epoch 178 learning rate: 0.002955961552288729
Epoch 178 time: 235.6686990261078 seconds
Epoch 178 accuracy: 95.98%
Batch 100, Loss: 0.1722
Batch 200, Loss: 0.1745
Batch 300, Loss: 0.1766
Epoch 179 learning rate: 0.0026957320586227366
Epoch 179 time: 235.80933547019958 seconds
Epoch 179 accuracy: 96.19%
Batch 100, Loss: 0.1694
Batch 200, Loss: 0.1719
Batch 300, Loss: 0.1723
Epoch 180 learning rate: 0.002447174185242325
Epoch 180 time: 235.66708111763 seconds
Epoch 180 accuracy: 96.12%
Batch 100, Loss: 0.1794
Batch 200, Loss: 0.1791
Batch 300, Loss: 0.1683
Epoch 181 learning rate: 0.0022103492600834954
Epoch 181 time: 235.69457483291626 seconds
Epoch 181 accuracy: 96.16%
Batch 100, Loss: 0.1624
Batch 200, Loss: 0.1748
Batch 300, Loss: 0.1651
Epoch 182 learning rate: 0.0019853157161528537
Epoch 182 time: 235.60341954231262 seconds
Epoch 182 accuracy: 96.31%
Batch 100, Loss: 0.1597
Batch 200, Loss: 0.1640
Batch 300, Loss: 0.1686
Epoch 183 learning rate: 0.001772129077110103
Epoch 183 time: 235.70227599143982 seconds
Epoch 183 accuracy: 96.19%
Batch 100, Loss: 0.1638
Batch 200, Loss: 0.1654
Batch 300, Loss: 0.1623
Epoch 184 learning rate: 0.0015708419435684529
Epoch 184 time: 235.6502890586853 seconds
Epoch 184 accuracy: 96.37%
Batch 100, Loss: 0.1661
Batch 200, Loss: 0.1614
Batch 300, Loss: 0.1635
Epoch 185 learning rate: 0.0013815039801161732
Epoch 185 time: 235.65530562400818 seconds
Epoch 185 accuracy: 96.28%
Batch 100, Loss: 0.1541
Batch 200, Loss: 0.1565
Batch 300, Loss: 0.1560
Epoch 186 learning rate: 0.0012041619030626347
Epoch 186 time: 235.58548712730408 seconds
Epoch 186 accuracy: 96.38%
Batch 100, Loss: 0.1551
Batch 200, Loss: 0.1654
Batch 300, Loss: 0.1485
Epoch 187 learning rate: 0.0010388594689117077
Epoch 187 time: 235.69630217552185 seconds
Epoch 187 accuracy: 96.32%
Batch 100, Loss: 0.1579
Batch 200, Loss: 0.1488
Batch 300, Loss: 0.1484
Epoch 188 learning rate: 0.0008856374635655645
Epoch 188 time: 235.7026662826538 seconds
Epoch 188 accuracy: 96.46%
Batch 100, Loss: 0.1515
Batch 200, Loss: 0.1569
Batch 300, Loss: 0.1511
Epoch 189 learning rate: 0.000744533692261307
Epoch 189 time: 235.59623885154724 seconds
Epoch 189 accuracy: 96.52%
Batch 100, Loss: 0.1471
Batch 200, Loss: 0.1487
Batch 300, Loss: 0.1489
Epoch 190 learning rate: 0.0006155829702431174
Epoch 190 time: 235.75376987457275 seconds
Epoch 190 accuracy: 96.45%
Batch 100, Loss: 0.1520
Batch 200, Loss: 0.1472
Batch 300, Loss: 0.1487
Epoch 191 learning rate: 0.0004988171141721235
Epoch 191 time: 235.74301052093506 seconds
Epoch 191 accuracy: 96.53%
Batch 100, Loss: 0.1561
Batch 200, Loss: 0.1490
Batch 300, Loss: 0.1467
Epoch 192 learning rate: 0.00039426493427611206
Epoch 192 time: 235.70618414878845 seconds
Epoch 192 accuracy: 96.54%
Batch 100, Loss: 0.1464
Batch 200, Loss: 0.1462
Batch 300, Loss: 0.1488
Epoch 193 learning rate: 0.00030195222724102046
Epoch 193 time: 235.61089754104614 seconds
Epoch 193 accuracy: 96.41%
Batch 100, Loss: 0.1493
Batch 200, Loss: 0.1422
Batch 300, Loss: 0.1453
Epoch 194 learning rate: 0.00022190176984600036
Epoch 194 time: 235.56536293029785 seconds
Epoch 194 accuracy: 96.46%
Batch 100, Loss: 0.1411
Batch 200, Loss: 0.1433
Batch 300, Loss: 0.1397
Epoch 195 learning rate: 0.00015413331334360192
Epoch 195 time: 235.66999650001526 seconds
Epoch 195 accuracy: 96.56%
Batch 100, Loss: 0.1466
Batch 200, Loss: 0.1435
Batch 300, Loss: 0.1461
Epoch 196 learning rate: 9.866357858642213e-05
Epoch 196 time: 235.6005470752716 seconds
Epoch 196 accuracy: 96.43%
Batch 100, Loss: 0.1412
Batch 200, Loss: 0.1475
Batch 300, Loss: 0.1454
Epoch 197 learning rate: 5.5506251901504864e-05
Epoch 197 time: 235.68500900268555 seconds
Epoch 197 accuracy: 96.55%
Batch 100, Loss: 0.1453
Batch 200, Loss: 0.1443
Batch 300, Loss: 0.1515
Epoch 198 learning rate: 2.4671981713420017e-05
Epoch 198 time: 235.69832944869995 seconds
Epoch 198 accuracy: 96.52%
Batch 100, Loss: 0.1367
Batch 200, Loss: 0.1397
Batch 300, Loss: 0.1444
Epoch 199 learning rate: 6.168375916970619e-06
Epoch 199 time: 235.65338802337646 seconds
Epoch 199 accuracy: 96.51%
Batch 100, Loss: 0.1407
Batch 200, Loss: 0.1515
Batch 300, Loss: 0.1340
Epoch 200 learning rate: 0.0
Epoch 200 time: 235.73566222190857 seconds
Epoch 200 accuracy: 96.5%
rho:  0.04 , alpha:  0.3
Total training time: 47145.72516465187 seconds
