The following modules were not unloaded:
  (Use "module --force purge" to unload all):

  1) CCconfig        6)  ucx/1.14.1         11) flexiblas/3.3.1
  2) gentoo/2023     7)  libfabric/1.18.0   12) imkl/2023.2.0
  3) gcccore/.12.3   8)  pmix/4.2.4         13) StdEnv/2023
  4) gcc/12.3        9)  ucc/1.2.0
  5) hwloc/2.9.1     10) openmpi/4.1.5
/project/6070520/tkleinkn/Vanilla-GAM/main_cifar.py:187: UserWarning: You have chosen a specific GPU. This will completely disable data parallelism.
  warnings.warn('You have chosen a specific GPU. This will completely '
model name space ['resnet101_c', 'resnet152_c', 'resnet18_c', 'resnet34_c', 'resnet50_c']
Use GPU: 0 for training
=> creating model 'resnet18_c'
Files already downloaded and verified
Files already downloaded and verified
tensorboard dir ./results/CIFAR100/GAMNonAccelerated
Using non-accelerated GAM
/home/tkleinkn/GAMtest/lib/python3.11/site-packages/torch/autograd/graph.py:744: UserWarning: Using backward() with create_graph=True will create a reference cycle between the parameter and its gradient which can cause a memory leak. We recommend using autograd.grad when creating the graph to avoid this. If you have to use this function, make sure to reset the .grad fields of your parameters to None after use to break the cycle and avoid the leak. (Triggered internally at /home/coulombc/wheels_builder/tmp.2617/python-3.11/torch/torch/csrc/autograd/engine.cpp:1203.)
  return Variable._execution_engine.run_backward(  # Calls into the C++ engine to run the backward pass
Batch 100, Loss: 3.8678
Batch 200, Loss: 3.6262
Batch 300, Loss: 3.5321
Epoch 1 learning rate: 0.09999383162408304
Epoch 1 time: 245.60626029968262 seconds
Epoch 1 accuracy: 9.4%
Batch 100, Loss: 3.4369
Batch 200, Loss: 3.3873
Batch 300, Loss: 3.3323
Epoch 2 learning rate: 0.09997532801828658
Epoch 2 time: 236.67507910728455 seconds
Epoch 2 accuracy: 15.01%
Batch 100, Loss: 3.2322
Batch 200, Loss: 3.1628
Batch 300, Loss: 3.1140
Epoch 3 learning rate: 0.09994449374809851
Epoch 3 time: 236.46984601020813 seconds
Epoch 3 accuracy: 18.89%
Batch 100, Loss: 3.0077
Batch 200, Loss: 2.9468
Batch 300, Loss: 2.8794
Epoch 4 learning rate: 0.09990133642141359
Epoch 4 time: 236.35096383094788 seconds
Epoch 4 accuracy: 25.54%
Batch 100, Loss: 2.7637
Batch 200, Loss: 2.6847
Batch 300, Loss: 2.6494
Epoch 5 learning rate: 0.09984586668665642
Epoch 5 time: 236.107097864151 seconds
Epoch 5 accuracy: 27.5%
Batch 100, Loss: 2.5168
Batch 200, Loss: 2.5058
Batch 300, Loss: 2.4148
Epoch 6 learning rate: 0.09977809823015402
Epoch 6 time: 235.8567476272583 seconds
Epoch 6 accuracy: 34.19%
Batch 100, Loss: 2.3365
Batch 200, Loss: 2.2761
Batch 300, Loss: 2.2908
Epoch 7 learning rate: 0.09969804777275901
Epoch 7 time: 236.41034722328186 seconds
Epoch 7 accuracy: 37.87%
Batch 100, Loss: 2.1811
Batch 200, Loss: 2.1768
Batch 300, Loss: 2.1393
Epoch 8 learning rate: 0.09960573506572391
Epoch 8 time: 236.3049955368042 seconds
Epoch 8 accuracy: 42.94%
Batch 100, Loss: 2.0726
Batch 200, Loss: 2.0724
Batch 300, Loss: 2.0435
Epoch 9 learning rate: 0.09950118288582789
Epoch 9 time: 236.03078818321228 seconds
Epoch 9 accuracy: 43.53%
Batch 100, Loss: 1.9897
Batch 200, Loss: 1.9682
Batch 300, Loss: 1.9748
Epoch 10 learning rate: 0.09938441702975691
Epoch 10 time: 236.13385438919067 seconds
Epoch 10 accuracy: 44.15%
Batch 100, Loss: 1.9202
Batch 200, Loss: 1.9375
Batch 300, Loss: 1.9126
Epoch 11 learning rate: 0.09925546630773871
Epoch 11 time: 236.31472492218018 seconds
Epoch 11 accuracy: 47.8%
Batch 100, Loss: 1.8668
Batch 200, Loss: 1.8697
Batch 300, Loss: 1.8551
Epoch 12 learning rate: 0.09911436253643445
Epoch 12 time: 236.29305338859558 seconds
Epoch 12 accuracy: 49.46%
Batch 100, Loss: 1.8354
Batch 200, Loss: 1.8132
Batch 300, Loss: 1.8361
Epoch 13 learning rate: 0.0989611405310883
Epoch 13 time: 236.20605874061584 seconds
Epoch 13 accuracy: 49.16%
Batch 100, Loss: 1.7825
Batch 200, Loss: 1.7869
Batch 300, Loss: 1.7933
Epoch 14 learning rate: 0.09879583809693739
Epoch 14 time: 236.3078374862671 seconds
Epoch 14 accuracy: 51.59%
Batch 100, Loss: 1.7445
Batch 200, Loss: 1.7498
Batch 300, Loss: 1.7525
Epoch 15 learning rate: 0.09861849601988384
Epoch 15 time: 236.15566301345825 seconds
Epoch 15 accuracy: 51.78%
Batch 100, Loss: 1.7086
Batch 200, Loss: 1.7546
Batch 300, Loss: 1.7422
Epoch 16 learning rate: 0.09842915805643157
Epoch 16 time: 236.31129264831543 seconds
Epoch 16 accuracy: 54.64%
Batch 100, Loss: 1.6775
Batch 200, Loss: 1.7008
Batch 300, Loss: 1.7328
Epoch 17 learning rate: 0.09822787092288993
Epoch 17 time: 235.92911100387573 seconds
Epoch 17 accuracy: 52.92%
Batch 100, Loss: 1.6492
Batch 200, Loss: 1.6636
Batch 300, Loss: 1.6932
Epoch 18 learning rate: 0.09801468428384717
Epoch 18 time: 235.89431238174438 seconds
Epoch 18 accuracy: 54.78%
Batch 100, Loss: 1.6591
Batch 200, Loss: 1.6557
Batch 300, Loss: 1.6645
Epoch 19 learning rate: 0.09778965073991652
Epoch 19 time: 236.36603045463562 seconds
Epoch 19 accuracy: 54.39%
Batch 100, Loss: 1.6064
Batch 200, Loss: 1.6310
Batch 300, Loss: 1.6641
Epoch 20 learning rate: 0.0975528258147577
Epoch 20 time: 236.2904770374298 seconds
Epoch 20 accuracy: 54.79%
Batch 100, Loss: 1.6123
Batch 200, Loss: 1.6218
Batch 300, Loss: 1.6324
Epoch 21 learning rate: 0.09730426794137728
Epoch 21 time: 236.0485076904297 seconds
Epoch 21 accuracy: 53.82%
Batch 100, Loss: 1.6060
Batch 200, Loss: 1.5924
Batch 300, Loss: 1.6234
Epoch 22 learning rate: 0.09704403844771128
Epoch 22 time: 236.35076808929443 seconds
Epoch 22 accuracy: 56.85%
Batch 100, Loss: 1.5666
Batch 200, Loss: 1.5847
Batch 300, Loss: 1.6030
Epoch 23 learning rate: 0.09677220154149338
Epoch 23 time: 236.26057529449463 seconds
Epoch 23 accuracy: 56.95%
Batch 100, Loss: 1.5727
Batch 200, Loss: 1.5901
Batch 300, Loss: 1.5848
Epoch 24 learning rate: 0.09648882429441258
Epoch 24 time: 236.0933711528778 seconds
Epoch 24 accuracy: 57.51%
Batch 100, Loss: 1.5370
Batch 200, Loss: 1.5705
Batch 300, Loss: 1.5837
Epoch 25 learning rate: 0.09619397662556435
Epoch 25 time: 235.87064003944397 seconds
Epoch 25 accuracy: 58.69%
Batch 100, Loss: 1.5176
Batch 200, Loss: 1.5340
Batch 300, Loss: 1.5758
Epoch 26 learning rate: 0.09588773128419906
Epoch 26 time: 236.2035756111145 seconds
Epoch 26 accuracy: 57.89%
Batch 100, Loss: 1.5171
Batch 200, Loss: 1.5296
Batch 300, Loss: 1.5684
Epoch 27 learning rate: 0.09557016383177226
Epoch 27 time: 236.3308916091919 seconds
Epoch 27 accuracy: 57.69%
Batch 100, Loss: 1.5508
Batch 200, Loss: 1.5302
Batch 300, Loss: 1.5513
Epoch 28 learning rate: 0.09524135262330098
Epoch 28 time: 236.15679907798767 seconds
Epoch 28 accuracy: 55.36%
Batch 100, Loss: 1.4941
Batch 200, Loss: 1.5273
Batch 300, Loss: 1.5240
Epoch 29 learning rate: 0.09490137878803079
Epoch 29 time: 235.7944529056549 seconds
Epoch 29 accuracy: 57.29%
Batch 100, Loss: 1.4810
Batch 200, Loss: 1.5142
Batch 300, Loss: 1.5315
Epoch 30 learning rate: 0.0945503262094184
Epoch 30 time: 235.82118606567383 seconds
Epoch 30 accuracy: 56.48%
Batch 100, Loss: 1.4854
Batch 200, Loss: 1.5003
Batch 300, Loss: 1.5141
Epoch 31 learning rate: 0.0941882815044347
Epoch 31 time: 236.1502664089203 seconds
Epoch 31 accuracy: 59.1%
Batch 100, Loss: 1.4647
Batch 200, Loss: 1.5102
Batch 300, Loss: 1.4943
Epoch 32 learning rate: 0.09381533400219319
Epoch 32 time: 236.13425874710083 seconds
Epoch 32 accuracy: 56.99%
Batch 100, Loss: 1.4701
Batch 200, Loss: 1.4915
Batch 300, Loss: 1.4985
Epoch 33 learning rate: 0.09343157572190958
Epoch 33 time: 235.82441639900208 seconds
Epoch 33 accuracy: 59.53%
Batch 100, Loss: 1.4648
Batch 200, Loss: 1.4818
Batch 300, Loss: 1.4992
Epoch 34 learning rate: 0.0930371013501972
Epoch 34 time: 235.9436731338501 seconds
Epoch 34 accuracy: 58.54%
Batch 100, Loss: 1.4534
Batch 200, Loss: 1.4650
Batch 300, Loss: 1.4938
Epoch 35 learning rate: 0.09263200821770463
Epoch 35 time: 235.86219930648804 seconds
Epoch 35 accuracy: 58.69%
Batch 100, Loss: 1.4582
Batch 200, Loss: 1.4803
Batch 300, Loss: 1.4655
Epoch 36 learning rate: 0.09221639627510078
Epoch 36 time: 235.90004754066467 seconds
Epoch 36 accuracy: 59.4%
Batch 100, Loss: 1.4406
Batch 200, Loss: 1.4454
Batch 300, Loss: 1.4794
Epoch 37 learning rate: 0.09179036806841355
Epoch 37 time: 236.05970406532288 seconds
Epoch 37 accuracy: 55.0%
Batch 100, Loss: 1.4435
Batch 200, Loss: 1.4613
Batch 300, Loss: 1.4559
Epoch 38 learning rate: 0.09135402871372812
Epoch 38 time: 236.4045534133911 seconds
Epoch 38 accuracy: 58.93%
Batch 100, Loss: 1.4170
Batch 200, Loss: 1.4599
Batch 300, Loss: 1.4511
Epoch 39 learning rate: 0.0909074858712512
Epoch 39 time: 236.29242539405823 seconds
Epoch 39 accuracy: 59.29%
Batch 100, Loss: 1.4041
Batch 200, Loss: 1.4627
Batch 300, Loss: 1.4553
Epoch 40 learning rate: 0.09045084971874741
Epoch 40 time: 236.16757726669312 seconds
Epoch 40 accuracy: 58.43%
Batch 100, Loss: 1.4044
Batch 200, Loss: 1.4400
Batch 300, Loss: 1.4439
Epoch 41 learning rate: 0.08998423292435458
Epoch 41 time: 236.42222023010254 seconds
Epoch 41 accuracy: 61.07%
Batch 100, Loss: 1.3961
Batch 200, Loss: 1.4533
Batch 300, Loss: 1.4354
Epoch 42 learning rate: 0.08950775061878455
Epoch 42 time: 236.38613939285278 seconds
Epoch 42 accuracy: 60.18%
Batch 100, Loss: 1.3894
Batch 200, Loss: 1.4268
Batch 300, Loss: 1.4658
Epoch 43 learning rate: 0.08902152036691653
Epoch 43 time: 236.36586546897888 seconds
Epoch 43 accuracy: 60.07%
Batch 100, Loss: 1.3971
Batch 200, Loss: 1.4334
Batch 300, Loss: 1.4358
Epoch 44 learning rate: 0.08852566213878951
Epoch 44 time: 236.0426721572876 seconds
Epoch 44 accuracy: 56.79%
Batch 100, Loss: 1.3993
Batch 200, Loss: 1.4050
Batch 300, Loss: 1.4398
Epoch 45 learning rate: 0.0880202982800016
Epoch 45 time: 236.21241927146912 seconds
Epoch 45 accuracy: 61.06%
Batch 100, Loss: 1.3609
Batch 200, Loss: 1.3976
Batch 300, Loss: 1.4305
Epoch 46 learning rate: 0.08750555348152303
Epoch 46 time: 236.10274267196655 seconds
Epoch 46 accuracy: 60.24%
Batch 100, Loss: 1.3874
Batch 200, Loss: 1.3917
Batch 300, Loss: 1.4044
Epoch 47 learning rate: 0.08698155474893052
Epoch 47 time: 236.29342246055603 seconds
Epoch 47 accuracy: 60.51%
Batch 100, Loss: 1.3799
Batch 200, Loss: 1.3997
Batch 300, Loss: 1.4064
Epoch 48 learning rate: 0.08644843137107061
Epoch 48 time: 235.76170349121094 seconds
Epoch 48 accuracy: 62.49%
Batch 100, Loss: 1.3617
Batch 200, Loss: 1.3993
Batch 300, Loss: 1.4233
Epoch 49 learning rate: 0.08590631488815947
Epoch 49 time: 236.17223453521729 seconds
Epoch 49 accuracy: 62.05%
Batch 100, Loss: 1.3431
Batch 200, Loss: 1.4108
Batch 300, Loss: 1.3856
Epoch 50 learning rate: 0.0853553390593274
Epoch 50 time: 236.42351007461548 seconds
Epoch 50 accuracy: 61.56%
Batch 100, Loss: 1.3710
Batch 200, Loss: 1.3781
Batch 300, Loss: 1.3882
Epoch 51 learning rate: 0.08479563982961574
Epoch 51 time: 236.05494904518127 seconds
Epoch 51 accuracy: 60.75%
Batch 100, Loss: 1.3660
Batch 200, Loss: 1.3831
Batch 300, Loss: 1.3928
Epoch 52 learning rate: 0.08422735529643446
Epoch 52 time: 236.249263048172 seconds
Epoch 52 accuracy: 63.31%
Batch 100, Loss: 1.3465
Batch 200, Loss: 1.3722
Batch 300, Loss: 1.3839
Epoch 53 learning rate: 0.08365062567548869
Epoch 53 time: 236.25639986991882 seconds
Epoch 53 accuracy: 61.84%
Batch 100, Loss: 1.3284
Batch 200, Loss: 1.3515
Batch 300, Loss: 1.3751
Epoch 54 learning rate: 0.08306559326618261
Epoch 54 time: 236.27365922927856 seconds
Epoch 54 accuracy: 61.81%
Batch 100, Loss: 1.3298
Batch 200, Loss: 1.3850
Batch 300, Loss: 1.3824
Epoch 55 learning rate: 0.0824724024165092
Epoch 55 time: 236.0912368297577 seconds
Epoch 55 accuracy: 61.9%
Batch 100, Loss: 1.3192
Batch 200, Loss: 1.3536
Batch 300, Loss: 1.3446
Epoch 56 learning rate: 0.0818711994874345
Epoch 56 time: 236.18801999092102 seconds
Epoch 56 accuracy: 61.98%
Batch 100, Loss: 1.3002
Batch 200, Loss: 1.3397
Batch 300, Loss: 1.3874
Epoch 57 learning rate: 0.08126213281678528
Epoch 57 time: 236.3753423690796 seconds
Epoch 57 accuracy: 61.2%
Batch 100, Loss: 1.3153
Batch 200, Loss: 1.3421
Batch 300, Loss: 1.3590
Epoch 58 learning rate: 0.08064535268264884
Epoch 58 time: 236.37750053405762 seconds
Epoch 58 accuracy: 63.16%
Batch 100, Loss: 1.3096
Batch 200, Loss: 1.3408
Batch 300, Loss: 1.3400
Epoch 59 learning rate: 0.08002101126629421
Epoch 59 time: 236.29668617248535 seconds
Epoch 59 accuracy: 62.86%
Batch 100, Loss: 1.2977
Batch 200, Loss: 1.3266
Batch 300, Loss: 1.3447
Epoch 60 learning rate: 0.07938926261462367
Epoch 60 time: 236.3261489868164 seconds
Epoch 60 accuracy: 61.85%
Batch 100, Loss: 1.3035
Batch 200, Loss: 1.3164
Batch 300, Loss: 1.3512
Epoch 61 learning rate: 0.07875026260216395
Epoch 61 time: 236.42419266700745 seconds
Epoch 61 accuracy: 60.42%
Batch 100, Loss: 1.2775
Batch 200, Loss: 1.3147
Batch 300, Loss: 1.3303
Epoch 62 learning rate: 0.07810416889260656
Epoch 62 time: 236.42748999595642 seconds
Epoch 62 accuracy: 61.49%
Batch 100, Loss: 1.2832
Batch 200, Loss: 1.3053
Batch 300, Loss: 1.2971
Epoch 63 learning rate: 0.07745114089990661
Epoch 63 time: 236.1855685710907 seconds
Epoch 63 accuracy: 64.09%
Batch 100, Loss: 1.2792
Batch 200, Loss: 1.3223
Batch 300, Loss: 1.3270
Epoch 64 learning rate: 0.07679133974894985
Epoch 64 time: 236.41154551506042 seconds
Epoch 64 accuracy: 62.27%
Batch 100, Loss: 1.2750
Batch 200, Loss: 1.2899
Batch 300, Loss: 1.3295
Epoch 65 learning rate: 0.07612492823579746
Epoch 65 time: 236.27706837654114 seconds
Epoch 65 accuracy: 62.87%
Batch 100, Loss: 1.2668
Batch 200, Loss: 1.2934
Batch 300, Loss: 1.3184
Epoch 66 learning rate: 0.07545207078751859
Epoch 66 time: 236.2129237651825 seconds
Epoch 66 accuracy: 64.4%
Batch 100, Loss: 1.2720
Batch 200, Loss: 1.2951
Batch 300, Loss: 1.2778
Epoch 67 learning rate: 0.0747729334216204
Epoch 67 time: 236.1018271446228 seconds
Epoch 67 accuracy: 62.51%
Batch 100, Loss: 1.2695
Batch 200, Loss: 1.2764
Batch 300, Loss: 1.3044
Epoch 68 learning rate: 0.07408768370508578
Epoch 68 time: 236.29490613937378 seconds
Epoch 68 accuracy: 64.19%
Batch 100, Loss: 1.2558
Batch 200, Loss: 1.2842
Batch 300, Loss: 1.2921
Epoch 69 learning rate: 0.0733964907130287
Epoch 69 time: 236.29292964935303 seconds
Epoch 69 accuracy: 63.94%
Batch 100, Loss: 1.2439
Batch 200, Loss: 1.2821
Batch 300, Loss: 1.3072
Epoch 70 learning rate: 0.07269952498697736
Epoch 70 time: 236.05307531356812 seconds
Epoch 70 accuracy: 63.26%
Batch 100, Loss: 1.2437
Batch 200, Loss: 1.2622
Batch 300, Loss: 1.2852
Epoch 71 learning rate: 0.07199695849279578
Epoch 71 time: 235.89169001579285 seconds
Epoch 71 accuracy: 63.92%
Batch 100, Loss: 1.2333
Batch 200, Loss: 1.2716
Batch 300, Loss: 1.2882
Epoch 72 learning rate: 0.07128896457825366
Epoch 72 time: 235.8219494819641 seconds
Epoch 72 accuracy: 62.83%
Batch 100, Loss: 1.2374
Batch 200, Loss: 1.2412
Batch 300, Loss: 1.2722
Epoch 73 learning rate: 0.07057571793025548
Epoch 73 time: 235.83948135375977 seconds
Epoch 73 accuracy: 63.53%
Batch 100, Loss: 1.2280
Batch 200, Loss: 1.2443
Batch 300, Loss: 1.2508
Epoch 74 learning rate: 0.06985739453173906
Epoch 74 time: 235.86796164512634 seconds
Epoch 74 accuracy: 63.66%
Batch 100, Loss: 1.2289
Batch 200, Loss: 1.2542
Batch 300, Loss: 1.2530
Epoch 75 learning rate: 0.06913417161825453
Epoch 75 time: 235.8712887763977 seconds
Epoch 75 accuracy: 63.83%
Batch 100, Loss: 1.2361
Batch 200, Loss: 1.2332
Batch 300, Loss: 1.2375
Epoch 76 learning rate: 0.06840622763423394
Epoch 76 time: 236.0621485710144 seconds
Epoch 76 accuracy: 64.82%
Batch 100, Loss: 1.2082
Batch 200, Loss: 1.2336
Batch 300, Loss: 1.2521
Epoch 77 learning rate: 0.0676737421889629
Epoch 77 time: 236.20748829841614 seconds
Epoch 77 accuracy: 65.11%
Batch 100, Loss: 1.1992
Batch 200, Loss: 1.2545
Batch 300, Loss: 1.2227
Epoch 78 learning rate: 0.06693689601226462
Epoch 78 time: 236.24613332748413 seconds
Epoch 78 accuracy: 65.7%
Batch 100, Loss: 1.1932
Batch 200, Loss: 1.1901
Batch 300, Loss: 1.2293
Epoch 79 learning rate: 0.06619587090990751
Epoch 79 time: 235.79221415519714 seconds
Epoch 79 accuracy: 64.24%
Batch 100, Loss: 1.1907
Batch 200, Loss: 1.2245
Batch 300, Loss: 1.2224
Epoch 80 learning rate: 0.06545084971874741
Epoch 80 time: 235.76494479179382 seconds
Epoch 80 accuracy: 64.03%
Batch 100, Loss: 1.1839
Batch 200, Loss: 1.2276
Batch 300, Loss: 1.2180
Epoch 81 learning rate: 0.06470201626161524
Epoch 81 time: 236.2028534412384 seconds
Epoch 81 accuracy: 66.07%
Batch 100, Loss: 1.1791
Batch 200, Loss: 1.2110
Batch 300, Loss: 1.1973
Epoch 82 learning rate: 0.06394955530196152
Epoch 82 time: 235.88280415534973 seconds
Epoch 82 accuracy: 65.08%
Batch 100, Loss: 1.1738
Batch 200, Loss: 1.1947
Batch 300, Loss: 1.2083
Epoch 83 learning rate: 0.06319365249826868
Epoch 83 time: 235.83235955238342 seconds
Epoch 83 accuracy: 64.02%
Batch 100, Loss: 1.1512
Batch 200, Loss: 1.1829
Batch 300, Loss: 1.2032
Epoch 84 learning rate: 0.06243449435824277
Epoch 84 time: 236.34794068336487 seconds
Epoch 84 accuracy: 63.82%
Batch 100, Loss: 1.1696
Batch 200, Loss: 1.1702
Batch 300, Loss: 1.1966
Epoch 85 learning rate: 0.06167226819279532
Epoch 85 time: 236.2376308441162 seconds
Epoch 85 accuracy: 66.5%
Batch 100, Loss: 1.1379
Batch 200, Loss: 1.1901
Batch 300, Loss: 1.1866
Epoch 86 learning rate: 0.06090716206982718
Epoch 86 time: 236.23298454284668 seconds
Epoch 86 accuracy: 65.77%
Batch 100, Loss: 1.1552
Batch 200, Loss: 1.1768
Batch 300, Loss: 1.1754
Epoch 87 learning rate: 0.06013936476782568
Epoch 87 time: 236.2959258556366 seconds
Epoch 87 accuracy: 65.95%
Batch 100, Loss: 1.1344
Batch 200, Loss: 1.1696
Batch 300, Loss: 1.1721
Epoch 88 learning rate: 0.05936906572928629
Epoch 88 time: 236.30124402046204 seconds
Epoch 88 accuracy: 67.16%
Batch 100, Loss: 1.1349
Batch 200, Loss: 1.1403
Batch 300, Loss: 1.1615
Epoch 89 learning rate: 0.05859645501397052
Epoch 89 time: 236.37451100349426 seconds
Epoch 89 accuracy: 66.9%
Batch 100, Loss: 1.1173
Batch 200, Loss: 1.1508
Batch 300, Loss: 1.1640
Epoch 90 learning rate: 0.05782172325201159
Epoch 90 time: 236.32593894004822 seconds
Epoch 90 accuracy: 66.19%
Batch 100, Loss: 1.1446
Batch 200, Loss: 1.1357
Batch 300, Loss: 1.1351
Epoch 91 learning rate: 0.057045061596879186
Epoch 91 time: 236.24199867248535 seconds
Epoch 91 accuracy: 66.47%
Batch 100, Loss: 1.1100
Batch 200, Loss: 1.1130
Batch 300, Loss: 1.1659
Epoch 92 learning rate: 0.056266661678215264
Epoch 92 time: 236.1418170928955 seconds
Epoch 92 accuracy: 66.91%
Batch 100, Loss: 1.0925
Batch 200, Loss: 1.1380
Batch 300, Loss: 1.1272
Epoch 93 learning rate: 0.055486715554552306
Epoch 93 time: 236.35639309883118 seconds
Epoch 93 accuracy: 66.39%
Batch 100, Loss: 1.0846
Batch 200, Loss: 1.1135
Batch 300, Loss: 1.1403
Epoch 94 learning rate: 0.05470541566592575
Epoch 94 time: 236.27344489097595 seconds
Epoch 94 accuracy: 65.96%
Batch 100, Loss: 1.0989
Batch 200, Loss: 1.1160
Batch 300, Loss: 1.1149
Epoch 95 learning rate: 0.05392295478639229
Epoch 95 time: 236.33973455429077 seconds
Epoch 95 accuracy: 67.84%
Batch 100, Loss: 1.0903
Batch 200, Loss: 1.1022
Batch 300, Loss: 1.1181
Epoch 96 learning rate: 0.05313952597646571
Epoch 96 time: 236.22500276565552 seconds
Epoch 96 accuracy: 66.84%
Batch 100, Loss: 1.0791
Batch 200, Loss: 1.0722
Batch 300, Loss: 1.1014
Epoch 97 learning rate: 0.05235532253548216
Epoch 97 time: 236.31864476203918 seconds
Epoch 97 accuracy: 67.47%
Batch 100, Loss: 1.0475
Batch 200, Loss: 1.0754
Batch 300, Loss: 1.1169
Epoch 98 learning rate: 0.051570537953906447
Epoch 98 time: 236.31349754333496 seconds
Epoch 98 accuracy: 68.85%
Batch 100, Loss: 1.0626
Batch 200, Loss: 1.1008
Batch 300, Loss: 1.0890
Epoch 99 learning rate: 0.05078536586559106
Epoch 99 time: 236.2913944721222 seconds
Epoch 99 accuracy: 67.29%
Batch 100, Loss: 1.0331
Batch 200, Loss: 1.0672
Batch 300, Loss: 1.1008
Epoch 100 learning rate: 0.050000000000000024
Epoch 100 time: 236.4151132106781 seconds
Epoch 100 accuracy: 68.72%
Batch 100, Loss: 1.0328
Batch 200, Loss: 1.0543
Batch 300, Loss: 1.1055
Epoch 101 learning rate: 0.049214634134409
Epoch 101 time: 236.1989676952362 seconds
Epoch 101 accuracy: 68.31%
Batch 100, Loss: 1.0413
Batch 200, Loss: 1.0609
Batch 300, Loss: 1.0844
Epoch 102 learning rate: 0.04842946204609361
Epoch 102 time: 236.1116316318512 seconds
Epoch 102 accuracy: 67.86%
Batch 100, Loss: 1.0268
Batch 200, Loss: 1.0526
Batch 300, Loss: 1.0693
Epoch 103 learning rate: 0.04764467746451789
Epoch 103 time: 236.35024905204773 seconds
Epoch 103 accuracy: 67.6%
Batch 100, Loss: 1.0230
Batch 200, Loss: 1.0365
Batch 300, Loss: 1.0675
Epoch 104 learning rate: 0.046860474023534354
Epoch 104 time: 236.2270107269287 seconds
Epoch 104 accuracy: 68.37%
Batch 100, Loss: 1.0139
Batch 200, Loss: 1.0325
Batch 300, Loss: 1.0558
Epoch 105 learning rate: 0.04607704521360778
Epoch 105 time: 236.32235527038574 seconds
Epoch 105 accuracy: 67.39%
Batch 100, Loss: 0.9937
Batch 200, Loss: 1.0218
Batch 300, Loss: 1.0411
Epoch 106 learning rate: 0.04529458433407431
Epoch 106 time: 236.27631258964539 seconds
Epoch 106 accuracy: 69.9%
Batch 100, Loss: 1.0070
Batch 200, Loss: 1.0148
Batch 300, Loss: 1.0315
Epoch 107 learning rate: 0.04451328444544776
Epoch 107 time: 236.38340044021606 seconds
Epoch 107 accuracy: 69.67%
Batch 100, Loss: 1.0031
Batch 200, Loss: 1.0106
Batch 300, Loss: 1.0241
Epoch 108 learning rate: 0.04373333832178482
Epoch 108 time: 236.2751443386078 seconds
Epoch 108 accuracy: 71.04%
Batch 100, Loss: 0.9738
Batch 200, Loss: 1.0033
Batch 300, Loss: 1.0193
Epoch 109 learning rate: 0.0429549384031209
Epoch 109 time: 236.20557498931885 seconds
Epoch 109 accuracy: 69.47%
Batch 100, Loss: 0.9649
Batch 200, Loss: 1.0042
Batch 300, Loss: 0.9969
Epoch 110 learning rate: 0.042178276747988484
Epoch 110 time: 236.19757318496704 seconds
Epoch 110 accuracy: 69.74%
Batch 100, Loss: 0.9649
Batch 200, Loss: 0.9875
Batch 300, Loss: 0.9878
Epoch 111 learning rate: 0.04140354498602954
Epoch 111 time: 236.2581286430359 seconds
Epoch 111 accuracy: 70.38%
Batch 100, Loss: 0.9481
Batch 200, Loss: 0.9876
Batch 300, Loss: 0.9933
Epoch 112 learning rate: 0.0406309342707138
Epoch 112 time: 236.1085615158081 seconds
Epoch 112 accuracy: 69.15%
Batch 100, Loss: 0.9461
Batch 200, Loss: 0.9841
Batch 300, Loss: 0.9738
Epoch 113 learning rate: 0.03986063523217441
Epoch 113 time: 236.12315440177917 seconds
Epoch 113 accuracy: 71.27%
Batch 100, Loss: 0.9123
Batch 200, Loss: 0.9519
Batch 300, Loss: 0.9774
Epoch 114 learning rate: 0.039092837930172916
Epoch 114 time: 235.95087313652039 seconds
Epoch 114 accuracy: 70.13%
Batch 100, Loss: 0.9303
Batch 200, Loss: 0.9544
Batch 300, Loss: 0.9587
Epoch 115 learning rate: 0.03832773180720475
Epoch 115 time: 235.9090542793274 seconds
Epoch 115 accuracy: 70.78%
Batch 100, Loss: 0.9269
Batch 200, Loss: 0.9339
Batch 300, Loss: 0.9435
Epoch 116 learning rate: 0.037565505641757285
Epoch 116 time: 235.88900184631348 seconds
Epoch 116 accuracy: 70.78%
Batch 100, Loss: 0.9067
Batch 200, Loss: 0.9295
Batch 300, Loss: 0.9522
Epoch 117 learning rate: 0.03680634750173138
Epoch 117 time: 235.95518374443054 seconds
Epoch 117 accuracy: 69.97%
Batch 100, Loss: 0.9003
Batch 200, Loss: 0.9234
Batch 300, Loss: 0.9658
Epoch 118 learning rate: 0.036050444698038565
Epoch 118 time: 236.1415195465088 seconds
Epoch 118 accuracy: 70.05%
Batch 100, Loss: 0.8862
Batch 200, Loss: 0.9167
Batch 300, Loss: 0.9359
Epoch 119 learning rate: 0.03529798373838483
Epoch 119 time: 236.12958765029907 seconds
Epoch 119 accuracy: 70.6%
Batch 100, Loss: 0.8810
Batch 200, Loss: 0.9184
Batch 300, Loss: 0.9216
Epoch 120 learning rate: 0.03454915028125267
Epoch 120 time: 236.1029396057129 seconds
Epoch 120 accuracy: 71.09%
Batch 100, Loss: 0.8687
Batch 200, Loss: 0.9217
Batch 300, Loss: 0.9147
Epoch 121 learning rate: 0.03380412909009255
Epoch 121 time: 236.05488681793213 seconds
Epoch 121 accuracy: 71.86%
Batch 100, Loss: 0.8794
Batch 200, Loss: 0.8737
Batch 300, Loss: 0.9126
Epoch 122 learning rate: 0.03306310398773545
Epoch 122 time: 236.0389335155487 seconds
Epoch 122 accuracy: 71.87%
Batch 100, Loss: 0.8372
Batch 200, Loss: 0.8732
Batch 300, Loss: 0.9039
Epoch 123 learning rate: 0.03232625781103717
Epoch 123 time: 236.04993987083435 seconds
Epoch 123 accuracy: 71.67%
Batch 100, Loss: 0.8607
Batch 200, Loss: 0.8575
Batch 300, Loss: 0.8905
Epoch 124 learning rate: 0.03159377236576613
Epoch 124 time: 236.13301396369934 seconds
Epoch 124 accuracy: 71.18%
Batch 100, Loss: 0.8343
Batch 200, Loss: 0.8645
Batch 300, Loss: 0.8692
Epoch 125 learning rate: 0.030865828381745543
Epoch 125 time: 236.0232059955597 seconds
Epoch 125 accuracy: 71.84%
Batch 100, Loss: 0.8280
Batch 200, Loss: 0.8558
Batch 300, Loss: 0.8683
Epoch 126 learning rate: 0.03014260546826098
Epoch 126 time: 236.14750742912292 seconds
Epoch 126 accuracy: 72.59%
Batch 100, Loss: 0.8290
Batch 200, Loss: 0.8374
Batch 300, Loss: 0.8691
Epoch 127 learning rate: 0.02942428206974458
Epoch 127 time: 236.12021851539612 seconds
Epoch 127 accuracy: 73.21%
Batch 100, Loss: 0.8058
Batch 200, Loss: 0.8210
Batch 300, Loss: 0.8530
Epoch 128 learning rate: 0.028711035421746387
Epoch 128 time: 236.0401644706726 seconds
Epoch 128 accuracy: 73.25%
Batch 100, Loss: 0.8014
Batch 200, Loss: 0.8200
Batch 300, Loss: 0.8325
Epoch 129 learning rate: 0.02800304150720426
Epoch 129 time: 236.14635753631592 seconds
Epoch 129 accuracy: 71.05%
Batch 100, Loss: 0.7817
Batch 200, Loss: 0.8236
Batch 300, Loss: 0.8390
Epoch 130 learning rate: 0.02730047501302268
Epoch 130 time: 235.94927382469177 seconds
Epoch 130 accuracy: 73.04%
Batch 100, Loss: 0.7653
Batch 200, Loss: 0.8077
Batch 300, Loss: 0.8209
Epoch 131 learning rate: 0.026603509286971357
Epoch 131 time: 236.0023581981659 seconds
Epoch 131 accuracy: 73.4%
Batch 100, Loss: 0.7744
Batch 200, Loss: 0.7841
Batch 300, Loss: 0.8143
Epoch 132 learning rate: 0.025912316294914244
Epoch 132 time: 236.07346606254578 seconds
Epoch 132 accuracy: 73.27%
Batch 100, Loss: 0.7636
Batch 200, Loss: 0.7878
Batch 300, Loss: 0.8122
Epoch 133 learning rate: 0.025227066578379632
Epoch 133 time: 235.97788381576538 seconds
Epoch 133 accuracy: 73.72%
Batch 100, Loss: 0.7582
Batch 200, Loss: 0.7559
Batch 300, Loss: 0.7841
Epoch 134 learning rate: 0.024547929212481445
Epoch 134 time: 236.0216886997223 seconds
Epoch 134 accuracy: 73.64%
Batch 100, Loss: 0.7500
Batch 200, Loss: 0.7568
Batch 300, Loss: 0.7919
Epoch 135 learning rate: 0.02387507176420257
Epoch 135 time: 236.02364492416382 seconds
Epoch 135 accuracy: 74.29%
Batch 100, Loss: 0.7411
Batch 200, Loss: 0.7515
Batch 300, Loss: 0.7580
Epoch 136 learning rate: 0.023208660251050166
Epoch 136 time: 236.01463317871094 seconds
Epoch 136 accuracy: 73.52%
Batch 100, Loss: 0.7171
Batch 200, Loss: 0.7344
Batch 300, Loss: 0.7542
Epoch 137 learning rate: 0.022548859100093414
Epoch 137 time: 235.9430525302887 seconds
Epoch 137 accuracy: 74.75%
Batch 100, Loss: 0.7099
Batch 200, Loss: 0.7301
Batch 300, Loss: 0.7465
Epoch 138 learning rate: 0.021895831107393474
Epoch 138 time: 236.24227166175842 seconds
Epoch 138 accuracy: 74.66%
Batch 100, Loss: 0.6991
Batch 200, Loss: 0.7293
Batch 300, Loss: 0.7346
Epoch 139 learning rate: 0.02124973739783608
Epoch 139 time: 236.08681464195251 seconds
Epoch 139 accuracy: 74.99%
Batch 100, Loss: 0.6953
Batch 200, Loss: 0.7228
Batch 300, Loss: 0.7222
Epoch 140 learning rate: 0.02061073738537636
Epoch 140 time: 236.1407630443573 seconds
Epoch 140 accuracy: 74.29%
Batch 100, Loss: 0.6688
Batch 200, Loss: 0.7023
Batch 300, Loss: 0.7161
Epoch 141 learning rate: 0.019978988733705814
Epoch 141 time: 236.11665058135986 seconds
Epoch 141 accuracy: 74.81%
Batch 100, Loss: 0.6712
Batch 200, Loss: 0.6952
Batch 300, Loss: 0.7019
Epoch 142 learning rate: 0.01935464731735118
Epoch 142 time: 236.0173056125641 seconds
Epoch 142 accuracy: 74.37%
Batch 100, Loss: 0.6581
Batch 200, Loss: 0.6807
Batch 300, Loss: 0.6862
Epoch 143 learning rate: 0.018737867183214747
Epoch 143 time: 236.15083384513855 seconds
Epoch 143 accuracy: 75.56%
Batch 100, Loss: 0.6607
Batch 200, Loss: 0.6781
Batch 300, Loss: 0.6669
Epoch 144 learning rate: 0.01812880051256552
Epoch 144 time: 236.01423597335815 seconds
Epoch 144 accuracy: 74.45%
Batch 100, Loss: 0.6439
Batch 200, Loss: 0.6550
Batch 300, Loss: 0.6711
Epoch 145 learning rate: 0.017527597583490827
Epoch 145 time: 236.15478086471558 seconds
Epoch 145 accuracy: 75.31%
Batch 100, Loss: 0.6397
Batch 200, Loss: 0.6416
Batch 300, Loss: 0.6591
Epoch 146 learning rate: 0.01693440673381742
Epoch 146 time: 236.0826494693756 seconds
Epoch 146 accuracy: 75.47%
Batch 100, Loss: 0.6213
Batch 200, Loss: 0.6410
Batch 300, Loss: 0.6596
Epoch 147 learning rate: 0.016349374324511334
Epoch 147 time: 236.08175587654114 seconds
Epoch 147 accuracy: 76.57%
Batch 100, Loss: 0.6198
Batch 200, Loss: 0.6321
Batch 300, Loss: 0.6370
Epoch 148 learning rate: 0.01577264470356557
Epoch 148 time: 236.13213539123535 seconds
Epoch 148 accuracy: 75.89%
Batch 100, Loss: 0.6076
Batch 200, Loss: 0.5969
Batch 300, Loss: 0.6333
Epoch 149 learning rate: 0.01520436017038429
Epoch 149 time: 236.01775598526 seconds
Epoch 149 accuracy: 76.26%
Batch 100, Loss: 0.6045
Batch 200, Loss: 0.6234
Batch 300, Loss: 0.6038
Epoch 150 learning rate: 0.014644660940672632
Epoch 150 time: 235.95311403274536 seconds
Epoch 150 accuracy: 75.85%
Batch 100, Loss: 0.5780
Batch 200, Loss: 0.5986
Batch 300, Loss: 0.6021
Epoch 151 learning rate: 0.01409368511184057
Epoch 151 time: 235.81988096237183 seconds
Epoch 151 accuracy: 76.66%
Batch 100, Loss: 0.5642
Batch 200, Loss: 0.5823
Batch 300, Loss: 0.5975
Epoch 152 learning rate: 0.013551568628929438
Epoch 152 time: 235.97527265548706 seconds
Epoch 152 accuracy: 76.65%
Batch 100, Loss: 0.5693
Batch 200, Loss: 0.5725
Batch 300, Loss: 0.5771
Epoch 153 learning rate: 0.013018445251069516
Epoch 153 time: 236.17026376724243 seconds
Epoch 153 accuracy: 77.01%
Batch 100, Loss: 0.5549
Batch 200, Loss: 0.5512
Batch 300, Loss: 0.5697
Epoch 154 learning rate: 0.012494446518477026
Epoch 154 time: 236.05789828300476 seconds
Epoch 154 accuracy: 76.75%
Batch 100, Loss: 0.5441
Batch 200, Loss: 0.5431
Batch 300, Loss: 0.5473
Epoch 155 learning rate: 0.011979701719998459
Epoch 155 time: 236.12188267707825 seconds
Epoch 155 accuracy: 76.84%
Batch 100, Loss: 0.5277
Batch 200, Loss: 0.5416
Batch 300, Loss: 0.5512
Epoch 156 learning rate: 0.011474337861210548
Epoch 156 time: 236.08163499832153 seconds
Epoch 156 accuracy: 77.34%
Batch 100, Loss: 0.5210
Batch 200, Loss: 0.5220
Batch 300, Loss: 0.5422
Epoch 157 learning rate: 0.010978479633083526
Epoch 157 time: 235.90518856048584 seconds
Epoch 157 accuracy: 77.58%
Batch 100, Loss: 0.5067
Batch 200, Loss: 0.5224
Batch 300, Loss: 0.5360
Epoch 158 learning rate: 0.010492249381215483
Epoch 158 time: 236.03888750076294 seconds
Epoch 158 accuracy: 77.37%
Batch 100, Loss: 0.4936
Batch 200, Loss: 0.4967
Batch 300, Loss: 0.5147
Epoch 159 learning rate: 0.010015767075645474
Epoch 159 time: 236.11174249649048 seconds
Epoch 159 accuracy: 77.13%
Batch 100, Loss: 0.4863
Batch 200, Loss: 0.4993
Batch 300, Loss: 0.5167
Epoch 160 learning rate: 0.009549150281252637
Epoch 160 time: 235.93161177635193 seconds
Epoch 160 accuracy: 78.12%
Batch 100, Loss: 0.4852
Batch 200, Loss: 0.4827
Batch 300, Loss: 0.4881
Epoch 161 learning rate: 0.00909251412874884
Epoch 161 time: 236.12661814689636 seconds
Epoch 161 accuracy: 78.41%
Batch 100, Loss: 0.4691
Batch 200, Loss: 0.4906
Batch 300, Loss: 0.4950
Epoch 162 learning rate: 0.008645971286271918
Epoch 162 time: 236.12645959854126 seconds
Epoch 162 accuracy: 78.68%
Batch 100, Loss: 0.4533
Batch 200, Loss: 0.4670
Batch 300, Loss: 0.4928
Epoch 163 learning rate: 0.008209631931586501
Epoch 163 time: 236.10763454437256 seconds
Epoch 163 accuracy: 78.13%
Batch 100, Loss: 0.4626
Batch 200, Loss: 0.4600
Batch 300, Loss: 0.4617
Epoch 164 learning rate: 0.0077836037248992605
Epoch 164 time: 236.0458402633667 seconds
Epoch 164 accuracy: 79.17%
Batch 100, Loss: 0.4460
Batch 200, Loss: 0.4385
Batch 300, Loss: 0.4456
Epoch 165 learning rate: 0.0073679917822954055
Epoch 165 time: 235.89092755317688 seconds
Epoch 165 accuracy: 78.71%
Batch 100, Loss: 0.4386
Batch 200, Loss: 0.4410
Batch 300, Loss: 0.4592
Epoch 166 learning rate: 0.006962898649802815
Epoch 166 time: 236.09346294403076 seconds
Epoch 166 accuracy: 79.35%
Batch 100, Loss: 0.4405
Batch 200, Loss: 0.4421
Batch 300, Loss: 0.4410
Epoch 167 learning rate: 0.006568424278090438
Epoch 167 time: 236.11354517936707 seconds
Epoch 167 accuracy: 79.13%
Batch 100, Loss: 0.4269
Batch 200, Loss: 0.4238
Batch 300, Loss: 0.4375
Epoch 168 learning rate: 0.006184665997806824
Epoch 168 time: 236.13777709007263 seconds
Epoch 168 accuracy: 79.01%
Batch 100, Loss: 0.4249
Batch 200, Loss: 0.4168
Batch 300, Loss: 0.4255
Epoch 169 learning rate: 0.00581171849556533
Epoch 169 time: 236.0111801624298 seconds
Epoch 169 accuracy: 79.7%
Batch 100, Loss: 0.4143
Batch 200, Loss: 0.4062
Batch 300, Loss: 0.4177
Epoch 170 learning rate: 0.0054496737905816136
Epoch 170 time: 236.01572012901306 seconds
Epoch 170 accuracy: 79.25%
Batch 100, Loss: 0.4014
Batch 200, Loss: 0.4087
Batch 300, Loss: 0.4100
Epoch 171 learning rate: 0.005098621211969226
Epoch 171 time: 236.00036525726318 seconds
Epoch 171 accuracy: 79.63%
Batch 100, Loss: 0.3931
Batch 200, Loss: 0.3935
Batch 300, Loss: 0.4076
Epoch 172 learning rate: 0.004758647376699035
Epoch 172 time: 235.94908452033997 seconds
Epoch 172 accuracy: 79.44%
Batch 100, Loss: 0.3847
Batch 200, Loss: 0.3922
Batch 300, Loss: 0.3952
Epoch 173 learning rate: 0.00442983616822775
Epoch 173 time: 235.76930141448975 seconds
Epoch 173 accuracy: 79.13%
Batch 100, Loss: 0.3893
Batch 200, Loss: 0.3828
Batch 300, Loss: 0.3821
Epoch 174 learning rate: 0.004112268715800957
Epoch 174 time: 235.85626649856567 seconds
Epoch 174 accuracy: 79.42%
Batch 100, Loss: 0.3779
Batch 200, Loss: 0.3845
Batch 300, Loss: 0.3697
Epoch 175 learning rate: 0.003806023374435677
Epoch 175 time: 235.88296794891357 seconds
Epoch 175 accuracy: 79.9%
Batch 100, Loss: 0.3641
Batch 200, Loss: 0.3738
Batch 300, Loss: 0.3570
Epoch 176 learning rate: 0.003511175705587435
Epoch 176 time: 235.86775970458984 seconds
Epoch 176 accuracy: 79.94%
Batch 100, Loss: 0.3622
Batch 200, Loss: 0.3765
Batch 300, Loss: 0.3606
Epoch 177 learning rate: 0.0032277984585066333
Epoch 177 time: 235.86313247680664 seconds
Epoch 177 accuracy: 80.26%
Batch 100, Loss: 0.3604
Batch 200, Loss: 0.3523
Batch 300, Loss: 0.3589
Epoch 178 learning rate: 0.002955961552288729
Epoch 178 time: 235.9038209915161 seconds
Epoch 178 accuracy: 80.25%
Batch 100, Loss: 0.3526
Batch 200, Loss: 0.3622
Batch 300, Loss: 0.3524
Epoch 179 learning rate: 0.0026957320586227366
Epoch 179 time: 235.8473093509674 seconds
Epoch 179 accuracy: 80.52%
Batch 100, Loss: 0.3538
Batch 200, Loss: 0.3513
Batch 300, Loss: 0.3573
Epoch 180 learning rate: 0.002447174185242325
Epoch 180 time: 235.806871175766 seconds
Epoch 180 accuracy: 80.27%
Batch 100, Loss: 0.3382
Batch 200, Loss: 0.3371
Batch 300, Loss: 0.3526
Epoch 181 learning rate: 0.0022103492600834954
Epoch 181 time: 236.07203578948975 seconds
Epoch 181 accuracy: 80.18%
Batch 100, Loss: 0.3397
Batch 200, Loss: 0.3407
Batch 300, Loss: 0.3487
Epoch 182 learning rate: 0.0019853157161528537
Epoch 182 time: 236.11042666435242 seconds
Epoch 182 accuracy: 80.24%
Batch 100, Loss: 0.3485
Batch 200, Loss: 0.3321
Batch 300, Loss: 0.3374
Epoch 183 learning rate: 0.001772129077110103
Epoch 183 time: 236.10422468185425 seconds
Epoch 183 accuracy: 80.6%
Batch 100, Loss: 0.3332
Batch 200, Loss: 0.3293
Batch 300, Loss: 0.3337
Epoch 184 learning rate: 0.0015708419435684529
Epoch 184 time: 236.15423393249512 seconds
Epoch 184 accuracy: 80.45%
Batch 100, Loss: 0.3195
Batch 200, Loss: 0.3283
Batch 300, Loss: 0.3318
Epoch 185 learning rate: 0.0013815039801161732
Epoch 185 time: 236.0580050945282 seconds
Epoch 185 accuracy: 80.6%
Batch 100, Loss: 0.3308
Batch 200, Loss: 0.3179
Batch 300, Loss: 0.3162
Epoch 186 learning rate: 0.0012041619030626347
Epoch 186 time: 236.1180124282837 seconds
Epoch 186 accuracy: 80.71%
Batch 100, Loss: 0.3149
Batch 200, Loss: 0.3281
Batch 300, Loss: 0.3214
Epoch 187 learning rate: 0.0010388594689117077
Epoch 187 time: 235.94815587997437 seconds
Epoch 187 accuracy: 80.81%
Batch 100, Loss: 0.3105
Batch 200, Loss: 0.3220
Batch 300, Loss: 0.3105
Epoch 188 learning rate: 0.0008856374635655645
Epoch 188 time: 235.8547122478485 seconds
Epoch 188 accuracy: 80.78%
Batch 100, Loss: 0.3127
Batch 200, Loss: 0.3090
Batch 300, Loss: 0.3101
Epoch 189 learning rate: 0.000744533692261307
Epoch 189 time: 236.03421711921692 seconds
Epoch 189 accuracy: 80.88%
Batch 100, Loss: 0.3097
Batch 200, Loss: 0.3066
Batch 300, Loss: 0.3184
Epoch 190 learning rate: 0.0006155829702431174
Epoch 190 time: 236.0395486354828 seconds
Epoch 190 accuracy: 80.89%
Batch 100, Loss: 0.3017
Batch 200, Loss: 0.3069
Batch 300, Loss: 0.3083
Epoch 191 learning rate: 0.0004988171141721235
Epoch 191 time: 236.15647912025452 seconds
Epoch 191 accuracy: 81.03%
Batch 100, Loss: 0.3142
Batch 200, Loss: 0.2951
Batch 300, Loss: 0.3219
Epoch 192 learning rate: 0.00039426493427611206
Epoch 192 time: 236.08795976638794 seconds
Epoch 192 accuracy: 80.83%
Batch 100, Loss: 0.3046
Batch 200, Loss: 0.2969
Batch 300, Loss: 0.3132
Epoch 193 learning rate: 0.00030195222724102046
Epoch 193 time: 235.91801595687866 seconds
Epoch 193 accuracy: 80.95%
Batch 100, Loss: 0.3018
Batch 200, Loss: 0.3165
Batch 300, Loss: 0.3074
Epoch 194 learning rate: 0.00022190176984600036
Epoch 194 time: 236.21951127052307 seconds
Epoch 194 accuracy: 80.98%
Batch 100, Loss: 0.3093
Batch 200, Loss: 0.2978
Batch 300, Loss: 0.3125
Epoch 195 learning rate: 0.00015413331334360192
Epoch 195 time: 236.04719018936157 seconds
Epoch 195 accuracy: 81.09%
Batch 100, Loss: 0.3032
Batch 200, Loss: 0.2973
Batch 300, Loss: 0.2951
Epoch 196 learning rate: 9.866357858642213e-05
Epoch 196 time: 235.99191641807556 seconds
Epoch 196 accuracy: 81.19%
Batch 100, Loss: 0.2987
Batch 200, Loss: 0.3137
Batch 300, Loss: 0.2989
Epoch 197 learning rate: 5.5506251901504864e-05
Epoch 197 time: 235.88442635536194 seconds
Epoch 197 accuracy: 81.15%
Batch 100, Loss: 0.3087
Batch 200, Loss: 0.3013
Batch 300, Loss: 0.3080
Epoch 198 learning rate: 2.4671981713420017e-05
Epoch 198 time: 235.9987404346466 seconds
Epoch 198 accuracy: 81.13%
Batch 100, Loss: 0.3030
Batch 200, Loss: 0.2990
Batch 300, Loss: 0.3036
Epoch 199 learning rate: 6.168375916970619e-06
Epoch 199 time: 236.10856819152832 seconds
Epoch 199 accuracy: 81.12%
Batch 100, Loss: 0.2970
Batch 200, Loss: 0.3033
Batch 300, Loss: 0.2883
Epoch 200 learning rate: 0.0
Epoch 200 time: 236.01354384422302 seconds
Epoch 200 accuracy: 80.9%
rho:  0.1 , alpha:  0.3
Total training time: 47233.116857767105 seconds
